<?xml version="1.0" encoding="UTF-8"?>
<testsuites name="KNIRVWALLET Tests" tests="178" failures="65" errors="0" time="38.553">
  <testsuite name="KnirvWallet Keyring Management" errors="0" failures="10" skipped="0" timestamp="2025-08-12T05:50:36" time="4.903" tests="28">
    <testcase classname="KnirvWallet Keyring Management HD Keyring Management should create HD keyring with correct properties" name="KnirvWallet Keyring Management HD Keyring Management should create HD keyring with correct properties" time="0.081">
      <failure>Error: expect(received).toBe(expected) // Object.is equality

Expected: &quot;abandon abandon abandon abandon abandon abandon abandon abandon abandon abandon abandon about&quot;
Received: undefined
    at Object.toBe (/home/gperry/Documents/GitHub/cloud-equities/KNIRV_NETWORK/KNIRVWALLET/tests/unit/browser-wallet/keyring-management.test.ts:24:32)
    at Promise.then.completed (/home/gperry/Documents/GitHub/cloud-equities/KNIRV_NETWORK/KNIRVWALLET/node_modules/jest-circus/build/utils.js:298:28)
    at new Promise (&lt;anonymous&gt;)
    at callAsyncCircusFn (/home/gperry/Documents/GitHub/cloud-equities/KNIRV_NETWORK/KNIRVWALLET/node_modules/jest-circus/build/utils.js:231:10)
    at _callCircusTest (/home/gperry/Documents/GitHub/cloud-equities/KNIRV_NETWORK/KNIRVWALLET/node_modules/jest-circus/build/run.js:316:40)
    at _runTest (/home/gperry/Documents/GitHub/cloud-equities/KNIRV_NETWORK/KNIRVWALLET/node_modules/jest-circus/build/run.js:252:3)
    at _runTestsForDescribeBlock (/home/gperry/Documents/GitHub/cloud-equities/KNIRV_NETWORK/KNIRVWALLET/node_modules/jest-circus/build/run.js:126:9)
    at _runTestsForDescribeBlock (/home/gperry/Documents/GitHub/cloud-equities/KNIRV_NETWORK/KNIRVWALLET/node_modules/jest-circus/build/run.js:121:9)
    at _runTestsForDescribeBlock (/home/gperry/Documents/GitHub/cloud-equities/KNIRV_NETWORK/KNIRVWALLET/node_modules/jest-circus/build/run.js:121:9)
    at run (/home/gperry/Documents/GitHub/cloud-equities/KNIRV_NETWORK/KNIRVWALLET/node_modules/jest-circus/build/run.js:71:3)
    at runAndTransformResultsToJestFormat (/home/gperry/Documents/GitHub/cloud-equities/KNIRV_NETWORK/KNIRVWALLET/node_modules/jest-circus/build/legacy-code-todo-rewrite/jestAdapterInit.js:122:21)
    at jestAdapter (/home/gperry/Documents/GitHub/cloud-equities/KNIRV_NETWORK/KNIRVWALLET/node_modules/jest-circus/build/legacy-code-todo-rewrite/jestAdapter.js:79:19)
    at runTestInternal (/home/gperry/Documents/GitHub/cloud-equities/KNIRV_NETWORK/KNIRVWALLET/node_modules/jest-runner/build/runTest.js:367:16)
    at runTest (/home/gperry/Documents/GitHub/cloud-equities/KNIRV_NETWORK/KNIRVWALLET/node_modules/jest-runner/build/runTest.js:444:34)
    at Object.worker (/home/gperry/Documents/GitHub/cloud-equities/KNIRV_NETWORK/KNIRVWALLET/node_modules/jest-runner/build/testWorker.js:106:12)</failure>
    </testcase>
    <testcase classname="KnirvWallet Keyring Management HD Keyring Management should derive multiple accounts from HD keyring" name="KnirvWallet Keyring Management HD Keyring Management should derive multiple accounts from HD keyring" time="0.077">
    </testcase>
    <testcase classname="KnirvWallet Keyring Management HD Keyring Management should generate unique addresses for different derivation paths" name="KnirvWallet Keyring Management HD Keyring Management should generate unique addresses for different derivation paths" time="0.034">
      <failure>Error: expect(received).toBe(expected) // Object.is equality

Expected: 3
Received: 1
    at Object.toBe (/home/gperry/Documents/GitHub/cloud-equities/KNIRV_NETWORK/KNIRVWALLET/tests/unit/browser-wallet/keyring-management.test.ts:49:36)</failure>
    </testcase>
    <testcase classname="KnirvWallet Keyring Management HD Keyring Management should maintain consistent addresses for same mnemonic and path" name="KnirvWallet Keyring Management HD Keyring Management should maintain consistent addresses for same mnemonic and path" time="0.037">
    </testcase>
    <testcase classname="KnirvWallet Keyring Management HD Keyring Management should handle mnemonic validation correctly" name="KnirvWallet Keyring Management HD Keyring Management should handle mnemonic validation correctly" time="0.017">
    </testcase>
    <testcase classname="KnirvWallet Keyring Management HD Keyring Management should reject invalid mnemonic in keyring creation" name="KnirvWallet Keyring Management HD Keyring Management should reject invalid mnemonic in keyring creation" time="0.026">
    </testcase>
    <testcase classname="KnirvWallet Keyring Management Private Key Keyring Management should create private key keyring with correct properties" name="KnirvWallet Keyring Management Private Key Keyring Management should create private key keyring with correct properties" time="0.2">
    </testcase>
    <testcase classname="KnirvWallet Keyring Management Private Key Keyring Management should create single account from private key" name="KnirvWallet Keyring Management Private Key Keyring Management should create single account from private key" time="0.004">
    </testcase>
    <testcase classname="KnirvWallet Keyring Management Private Key Keyring Management should handle private key with 0x prefix" name="KnirvWallet Keyring Management Private Key Keyring Management should handle private key with 0x prefix" time="0.006">
      <failure>Error: input data is not a valid secp256k1 private key
    at Function.makeKeypair (/home/gperry/Documents/GitHub/cloud-equities/KNIRV_NETWORK/KNIRVWALLET/browser-wallet/node_modules/@cosmjs/crypto/src/secp256k1.ts:41:13)
    at Function.fromKey (/home/gperry/Documents/GitHub/cloud-equities/KNIRV_NETWORK/KNIRVWALLET/browser-wallet/node_modules/@cosmjs/amino/src/secp256k1wallet.ts:22:43)
    at Function.fromKey [as fromPrivateKey] (/home/gperry/Documents/GitHub/cloud-equities/KNIRV_NETWORK/KNIRVWALLET/browser-wallet/packages/knirvwallet-module/src/wallet/keyring/web3-auth-keyring.ts:148:42)
    at Function.fromPrivateKey [as createByWeb3Auth] (/home/gperry/Documents/GitHub/cloud-equities/KNIRV_NETWORK/KNIRVWALLET/browser-wallet/packages/knirvwallet-module/src/wallet/wallet.ts:483:43)
    at Object.createByWeb3Auth (/home/gperry/Documents/GitHub/cloud-equities/KNIRV_NETWORK/KNIRVWALLET/tests/unit/browser-wallet/keyring-management.test.ts:94:50)
    at Promise.then.completed (/home/gperry/Documents/GitHub/cloud-equities/KNIRV_NETWORK/KNIRVWALLET/node_modules/jest-circus/build/utils.js:298:28)
    at new Promise (&lt;anonymous&gt;)
    at callAsyncCircusFn (/home/gperry/Documents/GitHub/cloud-equities/KNIRV_NETWORK/KNIRVWALLET/node_modules/jest-circus/build/utils.js:231:10)
    at _callCircusTest (/home/gperry/Documents/GitHub/cloud-equities/KNIRV_NETWORK/KNIRVWALLET/node_modules/jest-circus/build/run.js:316:40)
    at _runTest (/home/gperry/Documents/GitHub/cloud-equities/KNIRV_NETWORK/KNIRVWALLET/node_modules/jest-circus/build/run.js:252:3)
    at _runTestsForDescribeBlock (/home/gperry/Documents/GitHub/cloud-equities/KNIRV_NETWORK/KNIRVWALLET/node_modules/jest-circus/build/run.js:126:9)
    at _runTestsForDescribeBlock (/home/gperry/Documents/GitHub/cloud-equities/KNIRV_NETWORK/KNIRVWALLET/node_modules/jest-circus/build/run.js:121:9)
    at _runTestsForDescribeBlock (/home/gperry/Documents/GitHub/cloud-equities/KNIRV_NETWORK/KNIRVWALLET/node_modules/jest-circus/build/run.js:121:9)
    at run (/home/gperry/Documents/GitHub/cloud-equities/KNIRV_NETWORK/KNIRVWALLET/node_modules/jest-circus/build/run.js:71:3)
    at runAndTransformResultsToJestFormat (/home/gperry/Documents/GitHub/cloud-equities/KNIRV_NETWORK/KNIRVWALLET/node_modules/jest-circus/build/legacy-code-todo-rewrite/jestAdapterInit.js:122:21)
    at jestAdapter (/home/gperry/Documents/GitHub/cloud-equities/KNIRV_NETWORK/KNIRVWALLET/node_modules/jest-circus/build/legacy-code-todo-rewrite/jestAdapter.js:79:19)
    at runTestInternal (/home/gperry/Documents/GitHub/cloud-equities/KNIRV_NETWORK/KNIRVWALLET/node_modules/jest-runner/build/runTest.js:367:16)
    at runTest (/home/gperry/Documents/GitHub/cloud-equities/KNIRV_NETWORK/KNIRVWALLET/node_modules/jest-runner/build/runTest.js:444:34)
    at Object.worker (/home/gperry/Documents/GitHub/cloud-equities/KNIRV_NETWORK/KNIRVWALLET/node_modules/jest-runner/build/testWorker.js:106:12)</failure>
    </testcase>
    <testcase classname="KnirvWallet Keyring Management Private Key Keyring Management should generate consistent address for same private key" name="KnirvWallet Keyring Management Private Key Keyring Management should generate consistent address for same private key" time="0.012">
    </testcase>
    <testcase classname="KnirvWallet Keyring Management Private Key Keyring Management should validate private key keyring structure" name="KnirvWallet Keyring Management Private Key Keyring Management should validate private key keyring structure" time="0.008">
    </testcase>
    <testcase classname="KnirvWallet Keyring Management Ledger Keyring Management should create Ledger keyring with correct properties" name="KnirvWallet Keyring Management Ledger Keyring Management should create Ledger keyring with correct properties" time="0.045">
      <failure>Error: Unknown transport error
    at Function.fromReturnCode (/home/gperry/Documents/GitHub/cloud-equities/KNIRV_NETWORK/KNIRVWALLET/browser-wallet/node_modules/@zondax/ledger-js/src/responseError.ts:45:12)
    at processErrorResponse (/home/gperry/Documents/GitHub/cloud-equities/KNIRV_NETWORK/KNIRVWALLET/browser-wallet/node_modules/@zondax/ledger-js/src/common.ts:89:24)
    at CosmosApp.appInfo (/home/gperry/Documents/GitHub/cloud-equities/KNIRV_NETWORK/KNIRVWALLET/browser-wallet/node_modules/@zondax/ledger-js/src/app.ts:266:33)
    at MockLedgerConnector.getOpenAppName (/home/gperry/Documents/GitHub/cloud-equities/KNIRV_NETWORK/KNIRVWALLET/browser-wallet/node_modules/@cosmjs/ledger-amino/src/ledgerconnector.ts:123:22)
    at MockLedgerConnector.verifyCosmosAppIsOpen (/home/gperry/Documents/GitHub/cloud-equities/KNIRV_NETWORK/KNIRVWALLET/browser-wallet/node_modules/@cosmjs/ledger-amino/src/ledgerconnector.ts:137:21)
    at MockLedgerConnector.getCosmosAppVersion (/home/gperry/Documents/GitHub/cloud-equities/KNIRV_NETWORK/KNIRVWALLET/browser-wallet/node_modules/@cosmjs/ledger-amino/src/ledgerconnector.ts:71:5)
    at MockLedgerConnector.verifyAppVersion (/home/gperry/Documents/GitHub/cloud-equities/KNIRV_NETWORK/KNIRVWALLET/browser-wallet/node_modules/@cosmjs/ledger-amino/src/ledgerconnector.ts:128:21)
    at MockLedgerConnector.verifyDeviceIsReady (/home/gperry/Documents/GitHub/cloud-equities/KNIRV_NETWORK/KNIRVWALLET/browser-wallet/node_modules/@cosmjs/ledger-amino/src/ledgerconnector.ts:150:5)
    at MockLedgerConnector.getPubkey (/home/gperry/Documents/GitHub/cloud-equities/KNIRV_NETWORK/KNIRVWALLET/browser-wallet/node_modules/@cosmjs/ledger-amino/src/ledgerconnector.ts:82:5)
    at Function.createBy (/home/gperry/Documents/GitHub/cloud-equities/KNIRV_NETWORK/KNIRVWALLET/browser-wallet/packages/knirvwallet-module/src/wallet/account/ledger-account.ts:68:23)
    at Function.createByLedger (/home/gperry/Documents/GitHub/cloud-equities/KNIRV_NETWORK/KNIRVWALLET/browser-wallet/packages/knirvwallet-module/src/wallet/wallet.ts:472:23)
    at Object.&lt;anonymous&gt; (/home/gperry/Documents/GitHub/cloud-equities/KNIRV_NETWORK/KNIRVWALLET/tests/unit/browser-wallet/keyring-management.test.ts:121:16)</failure>
    </testcase>
    <testcase classname="KnirvWallet Keyring Management Ledger Keyring Management should create multiple Ledger accounts" name="KnirvWallet Keyring Management Ledger Keyring Management should create multiple Ledger accounts" time="0.021">
      <failure>Error: Unknown transport error
    at Function.fromReturnCode (/home/gperry/Documents/GitHub/cloud-equities/KNIRV_NETWORK/KNIRVWALLET/browser-wallet/node_modules/@zondax/ledger-js/src/responseError.ts:45:12)
    at processErrorResponse (/home/gperry/Documents/GitHub/cloud-equities/KNIRV_NETWORK/KNIRVWALLET/browser-wallet/node_modules/@zondax/ledger-js/src/common.ts:89:24)
    at CosmosApp.appInfo (/home/gperry/Documents/GitHub/cloud-equities/KNIRV_NETWORK/KNIRVWALLET/browser-wallet/node_modules/@zondax/ledger-js/src/app.ts:266:33)
    at MockLedgerConnector.getOpenAppName (/home/gperry/Documents/GitHub/cloud-equities/KNIRV_NETWORK/KNIRVWALLET/browser-wallet/node_modules/@cosmjs/ledger-amino/src/ledgerconnector.ts:123:22)
    at MockLedgerConnector.verifyCosmosAppIsOpen (/home/gperry/Documents/GitHub/cloud-equities/KNIRV_NETWORK/KNIRVWALLET/browser-wallet/node_modules/@cosmjs/ledger-amino/src/ledgerconnector.ts:137:21)
    at MockLedgerConnector.getCosmosAppVersion (/home/gperry/Documents/GitHub/cloud-equities/KNIRV_NETWORK/KNIRVWALLET/browser-wallet/node_modules/@cosmjs/ledger-amino/src/ledgerconnector.ts:71:5)
    at MockLedgerConnector.verifyAppVersion (/home/gperry/Documents/GitHub/cloud-equities/KNIRV_NETWORK/KNIRVWALLET/browser-wallet/node_modules/@cosmjs/ledger-amino/src/ledgerconnector.ts:128:21)
    at MockLedgerConnector.verifyDeviceIsReady (/home/gperry/Documents/GitHub/cloud-equities/KNIRV_NETWORK/KNIRVWALLET/browser-wallet/node_modules/@cosmjs/ledger-amino/src/ledgerconnector.ts:150:5)
    at MockLedgerConnector.getPubkey (/home/gperry/Documents/GitHub/cloud-equities/KNIRV_NETWORK/KNIRVWALLET/browser-wallet/node_modules/@cosmjs/ledger-amino/src/ledgerconnector.ts:82:5)
    at Function.createBy (/home/gperry/Documents/GitHub/cloud-equities/KNIRV_NETWORK/KNIRVWALLET/browser-wallet/packages/knirvwallet-module/src/wallet/account/ledger-account.ts:68:23)
    at Function.createByLedger (/home/gperry/Documents/GitHub/cloud-equities/KNIRV_NETWORK/KNIRVWALLET/browser-wallet/packages/knirvwallet-module/src/wallet/wallet.ts:472:23)
    at Object.&lt;anonymous&gt; (/home/gperry/Documents/GitHub/cloud-equities/KNIRV_NETWORK/KNIRVWALLET/tests/unit/browser-wallet/keyring-management.test.ts:121:16)</failure>
    </testcase>
    <testcase classname="KnirvWallet Keyring Management Ledger Keyring Management should validate Ledger keyring structure" name="KnirvWallet Keyring Management Ledger Keyring Management should validate Ledger keyring structure" time="0.004">
      <failure>Error: Unknown transport error
    at Function.fromReturnCode (/home/gperry/Documents/GitHub/cloud-equities/KNIRV_NETWORK/KNIRVWALLET/browser-wallet/node_modules/@zondax/ledger-js/src/responseError.ts:45:12)
    at processErrorResponse (/home/gperry/Documents/GitHub/cloud-equities/KNIRV_NETWORK/KNIRVWALLET/browser-wallet/node_modules/@zondax/ledger-js/src/common.ts:89:24)
    at CosmosApp.appInfo (/home/gperry/Documents/GitHub/cloud-equities/KNIRV_NETWORK/KNIRVWALLET/browser-wallet/node_modules/@zondax/ledger-js/src/app.ts:266:33)
    at MockLedgerConnector.getOpenAppName (/home/gperry/Documents/GitHub/cloud-equities/KNIRV_NETWORK/KNIRVWALLET/browser-wallet/node_modules/@cosmjs/ledger-amino/src/ledgerconnector.ts:123:22)
    at MockLedgerConnector.verifyCosmosAppIsOpen (/home/gperry/Documents/GitHub/cloud-equities/KNIRV_NETWORK/KNIRVWALLET/browser-wallet/node_modules/@cosmjs/ledger-amino/src/ledgerconnector.ts:137:21)
    at MockLedgerConnector.getCosmosAppVersion (/home/gperry/Documents/GitHub/cloud-equities/KNIRV_NETWORK/KNIRVWALLET/browser-wallet/node_modules/@cosmjs/ledger-amino/src/ledgerconnector.ts:71:5)
    at MockLedgerConnector.verifyAppVersion (/home/gperry/Documents/GitHub/cloud-equities/KNIRV_NETWORK/KNIRVWALLET/browser-wallet/node_modules/@cosmjs/ledger-amino/src/ledgerconnector.ts:128:21)
    at MockLedgerConnector.verifyDeviceIsReady (/home/gperry/Documents/GitHub/cloud-equities/KNIRV_NETWORK/KNIRVWALLET/browser-wallet/node_modules/@cosmjs/ledger-amino/src/ledgerconnector.ts:150:5)
    at MockLedgerConnector.getPubkey (/home/gperry/Documents/GitHub/cloud-equities/KNIRV_NETWORK/KNIRVWALLET/browser-wallet/node_modules/@cosmjs/ledger-amino/src/ledgerconnector.ts:82:5)
    at Function.createBy (/home/gperry/Documents/GitHub/cloud-equities/KNIRV_NETWORK/KNIRVWALLET/browser-wallet/packages/knirvwallet-module/src/wallet/account/ledger-account.ts:68:23)
    at Function.createByLedger (/home/gperry/Documents/GitHub/cloud-equities/KNIRV_NETWORK/KNIRVWALLET/browser-wallet/packages/knirvwallet-module/src/wallet/wallet.ts:472:23)
    at Object.&lt;anonymous&gt; (/home/gperry/Documents/GitHub/cloud-equities/KNIRV_NETWORK/KNIRVWALLET/tests/unit/browser-wallet/keyring-management.test.ts:121:16)</failure>
    </testcase>
    <testcase classname="KnirvWallet Keyring Management Ledger Keyring Management should handle Ledger device connection" name="KnirvWallet Keyring Management Ledger Keyring Management should handle Ledger device connection" time="0.005">
      <failure>Error: Unknown transport error
    at Function.fromReturnCode (/home/gperry/Documents/GitHub/cloud-equities/KNIRV_NETWORK/KNIRVWALLET/browser-wallet/node_modules/@zondax/ledger-js/src/responseError.ts:45:12)
    at processErrorResponse (/home/gperry/Documents/GitHub/cloud-equities/KNIRV_NETWORK/KNIRVWALLET/browser-wallet/node_modules/@zondax/ledger-js/src/common.ts:89:24)
    at CosmosApp.appInfo (/home/gperry/Documents/GitHub/cloud-equities/KNIRV_NETWORK/KNIRVWALLET/browser-wallet/node_modules/@zondax/ledger-js/src/app.ts:266:33)
    at MockLedgerConnector.getOpenAppName (/home/gperry/Documents/GitHub/cloud-equities/KNIRV_NETWORK/KNIRVWALLET/browser-wallet/node_modules/@cosmjs/ledger-amino/src/ledgerconnector.ts:123:22)
    at MockLedgerConnector.verifyCosmosAppIsOpen (/home/gperry/Documents/GitHub/cloud-equities/KNIRV_NETWORK/KNIRVWALLET/browser-wallet/node_modules/@cosmjs/ledger-amino/src/ledgerconnector.ts:137:21)
    at MockLedgerConnector.getCosmosAppVersion (/home/gperry/Documents/GitHub/cloud-equities/KNIRV_NETWORK/KNIRVWALLET/browser-wallet/node_modules/@cosmjs/ledger-amino/src/ledgerconnector.ts:71:5)
    at MockLedgerConnector.verifyAppVersion (/home/gperry/Documents/GitHub/cloud-equities/KNIRV_NETWORK/KNIRVWALLET/browser-wallet/node_modules/@cosmjs/ledger-amino/src/ledgerconnector.ts:128:21)
    at MockLedgerConnector.verifyDeviceIsReady (/home/gperry/Documents/GitHub/cloud-equities/KNIRV_NETWORK/KNIRVWALLET/browser-wallet/node_modules/@cosmjs/ledger-amino/src/ledgerconnector.ts:150:5)
    at MockLedgerConnector.getPubkey (/home/gperry/Documents/GitHub/cloud-equities/KNIRV_NETWORK/KNIRVWALLET/browser-wallet/node_modules/@cosmjs/ledger-amino/src/ledgerconnector.ts:82:5)
    at Function.createBy (/home/gperry/Documents/GitHub/cloud-equities/KNIRV_NETWORK/KNIRVWALLET/browser-wallet/packages/knirvwallet-module/src/wallet/account/ledger-account.ts:68:23)
    at Function.createByLedger (/home/gperry/Documents/GitHub/cloud-equities/KNIRV_NETWORK/KNIRVWALLET/browser-wallet/packages/knirvwallet-module/src/wallet/wallet.ts:472:23)
    at Object.&lt;anonymous&gt; (/home/gperry/Documents/GitHub/cloud-equities/KNIRV_NETWORK/KNIRVWALLET/tests/unit/browser-wallet/keyring-management.test.ts:121:16)</failure>
    </testcase>
    <testcase classname="KnirvWallet Keyring Management Address-only Keyring Management should create address-only keyring with correct properties" name="KnirvWallet Keyring Management Address-only Keyring Management should create address-only keyring with correct properties" time="0.007">
      <failure>Error: Address keyring missing address
    at Function.validateKeyringStructure (/home/gperry/Documents/GitHub/cloud-equities/KNIRV_NETWORK/KNIRVWALLET/test-utils/wallet-test-utils.ts:289:17)
    at Object.validateKeyringStructure (/home/gperry/Documents/GitHub/cloud-equities/KNIRV_NETWORK/KNIRVWALLET/tests/unit/browser-wallet/keyring-management.test.ts:173:31)
    at Promise.then.completed (/home/gperry/Documents/GitHub/cloud-equities/KNIRV_NETWORK/KNIRVWALLET/node_modules/jest-circus/build/utils.js:298:28)
    at new Promise (&lt;anonymous&gt;)
    at callAsyncCircusFn (/home/gperry/Documents/GitHub/cloud-equities/KNIRV_NETWORK/KNIRVWALLET/node_modules/jest-circus/build/utils.js:231:10)
    at _callCircusTest (/home/gperry/Documents/GitHub/cloud-equities/KNIRV_NETWORK/KNIRVWALLET/node_modules/jest-circus/build/run.js:316:40)
    at _runTest (/home/gperry/Documents/GitHub/cloud-equities/KNIRV_NETWORK/KNIRVWALLET/node_modules/jest-circus/build/run.js:252:3)
    at _runTestsForDescribeBlock (/home/gperry/Documents/GitHub/cloud-equities/KNIRV_NETWORK/KNIRVWALLET/node_modules/jest-circus/build/run.js:126:9)
    at _runTestsForDescribeBlock (/home/gperry/Documents/GitHub/cloud-equities/KNIRV_NETWORK/KNIRVWALLET/node_modules/jest-circus/build/run.js:121:9)
    at _runTestsForDescribeBlock (/home/gperry/Documents/GitHub/cloud-equities/KNIRV_NETWORK/KNIRVWALLET/node_modules/jest-circus/build/run.js:121:9)
    at run (/home/gperry/Documents/GitHub/cloud-equities/KNIRV_NETWORK/KNIRVWALLET/node_modules/jest-circus/build/run.js:71:3)
    at runAndTransformResultsToJestFormat (/home/gperry/Documents/GitHub/cloud-equities/KNIRV_NETWORK/KNIRVWALLET/node_modules/jest-circus/build/legacy-code-todo-rewrite/jestAdapterInit.js:122:21)
    at jestAdapter (/home/gperry/Documents/GitHub/cloud-equities/KNIRV_NETWORK/KNIRVWALLET/node_modules/jest-circus/build/legacy-code-todo-rewrite/jestAdapter.js:79:19)
    at runTestInternal (/home/gperry/Documents/GitHub/cloud-equities/KNIRV_NETWORK/KNIRVWALLET/node_modules/jest-runner/build/runTest.js:367:16)
    at runTest (/home/gperry/Documents/GitHub/cloud-equities/KNIRV_NETWORK/KNIRVWALLET/node_modules/jest-runner/build/runTest.js:444:34)
    at Object.worker (/home/gperry/Documents/GitHub/cloud-equities/KNIRV_NETWORK/KNIRVWALLET/node_modules/jest-runner/build/testWorker.js:106:12)</failure>
    </testcase>
    <testcase classname="KnirvWallet Keyring Management Address-only Keyring Management should create watch-only account" name="KnirvWallet Keyring Management Address-only Keyring Management should create watch-only account" time="0.004">
      <failure>Error: expect(received).toBe(expected) // Object.is equality

Expected: &quot;g1jg8mtutu9khhfwc4nxmuhcpftf0pajdhfvsqf5&quot;
Received: undefined
    at Object.toBe (/home/gperry/Documents/GitHub/cloud-equities/KNIRV_NETWORK/KNIRVWALLET/tests/unit/browser-wallet/keyring-management.test.ts:178:42)
    at Promise.then.completed (/home/gperry/Documents/GitHub/cloud-equities/KNIRV_NETWORK/KNIRVWALLET/node_modules/jest-circus/build/utils.js:298:28)
    at new Promise (&lt;anonymous&gt;)
    at callAsyncCircusFn (/home/gperry/Documents/GitHub/cloud-equities/KNIRV_NETWORK/KNIRVWALLET/node_modules/jest-circus/build/utils.js:231:10)
    at _callCircusTest (/home/gperry/Documents/GitHub/cloud-equities/KNIRV_NETWORK/KNIRVWALLET/node_modules/jest-circus/build/run.js:316:40)
    at _runTest (/home/gperry/Documents/GitHub/cloud-equities/KNIRV_NETWORK/KNIRVWALLET/node_modules/jest-circus/build/run.js:252:3)
    at _runTestsForDescribeBlock (/home/gperry/Documents/GitHub/cloud-equities/KNIRV_NETWORK/KNIRVWALLET/node_modules/jest-circus/build/run.js:126:9)
    at _runTestsForDescribeBlock (/home/gperry/Documents/GitHub/cloud-equities/KNIRV_NETWORK/KNIRVWALLET/node_modules/jest-circus/build/run.js:121:9)
    at _runTestsForDescribeBlock (/home/gperry/Documents/GitHub/cloud-equities/KNIRV_NETWORK/KNIRVWALLET/node_modules/jest-circus/build/run.js:121:9)
    at run (/home/gperry/Documents/GitHub/cloud-equities/KNIRV_NETWORK/KNIRVWALLET/node_modules/jest-circus/build/run.js:71:3)
    at runAndTransformResultsToJestFormat (/home/gperry/Documents/GitHub/cloud-equities/KNIRV_NETWORK/KNIRVWALLET/node_modules/jest-circus/build/legacy-code-todo-rewrite/jestAdapterInit.js:122:21)
    at jestAdapter (/home/gperry/Documents/GitHub/cloud-equities/KNIRV_NETWORK/KNIRVWALLET/node_modules/jest-circus/build/legacy-code-todo-rewrite/jestAdapter.js:79:19)
    at runTestInternal (/home/gperry/Documents/GitHub/cloud-equities/KNIRV_NETWORK/KNIRVWALLET/node_modules/jest-runner/build/runTest.js:367:16)
    at runTest (/home/gperry/Documents/GitHub/cloud-equities/KNIRV_NETWORK/KNIRVWALLET/node_modules/jest-runner/build/runTest.js:444:34)
    at Object.worker (/home/gperry/Documents/GitHub/cloud-equities/KNIRV_NETWORK/KNIRVWALLET/node_modules/jest-runner/build/testWorker.js:106:12)</failure>
    </testcase>
    <testcase classname="KnirvWallet Keyring Management Address-only Keyring Management should validate address keyring structure" name="KnirvWallet Keyring Management Address-only Keyring Management should validate address keyring structure" time="0.003">
    </testcase>
    <testcase classname="KnirvWallet Keyring Management Address-only Keyring Management should handle different address formats" name="KnirvWallet Keyring Management Address-only Keyring Management should handle different address formats" time="0.003">
      <failure>Error: Mixed-case string 0x742d35Cc6634C0532925a3b8D4C9db96C4b4d8b6
    at Object.decode (/home/gperry/Documents/GitHub/cloud-equities/KNIRV_NETWORK/KNIRVWALLET/browser-wallet/node_modules/bech32/dist/index.js:158:15)
    at decode (/home/gperry/Documents/GitHub/cloud-equities/KNIRV_NETWORK/KNIRVWALLET/browser-wallet/packages/knirvwallet-module/src/encoding/bech32.ts:12:33)
    at Function.fromAddress (/home/gperry/Documents/GitHub/cloud-equities/KNIRV_NETWORK/KNIRVWALLET/browser-wallet/packages/knirvwallet-module/src/wallet/keyring/address-keyring.ts:71:46)
    at Function.fromAddress [as createByAddress] (/home/gperry/Documents/GitHub/cloud-equities/KNIRV_NETWORK/KNIRVWALLET/browser-wallet/packages/knirvwallet-module/src/wallet/wallet.ts:493:42)
    at Object.createByAddress (/home/gperry/Documents/GitHub/cloud-equities/KNIRV_NETWORK/KNIRVWALLET/tests/unit/browser-wallet/keyring-management.test.ts:191:48)
    at Promise.then.completed (/home/gperry/Documents/GitHub/cloud-equities/KNIRV_NETWORK/KNIRVWALLET/node_modules/jest-circus/build/utils.js:298:28)
    at new Promise (&lt;anonymous&gt;)
    at callAsyncCircusFn (/home/gperry/Documents/GitHub/cloud-equities/KNIRV_NETWORK/KNIRVWALLET/node_modules/jest-circus/build/utils.js:231:10)
    at _callCircusTest (/home/gperry/Documents/GitHub/cloud-equities/KNIRV_NETWORK/KNIRVWALLET/node_modules/jest-circus/build/run.js:316:40)
    at _runTest (/home/gperry/Documents/GitHub/cloud-equities/KNIRV_NETWORK/KNIRVWALLET/node_modules/jest-circus/build/run.js:252:3)
    at _runTestsForDescribeBlock (/home/gperry/Documents/GitHub/cloud-equities/KNIRV_NETWORK/KNIRVWALLET/node_modules/jest-circus/build/run.js:126:9)
    at _runTestsForDescribeBlock (/home/gperry/Documents/GitHub/cloud-equities/KNIRV_NETWORK/KNIRVWALLET/node_modules/jest-circus/build/run.js:121:9)
    at _runTestsForDescribeBlock (/home/gperry/Documents/GitHub/cloud-equities/KNIRV_NETWORK/KNIRVWALLET/node_modules/jest-circus/build/run.js:121:9)
    at run (/home/gperry/Documents/GitHub/cloud-equities/KNIRV_NETWORK/KNIRVWALLET/node_modules/jest-circus/build/run.js:71:3)
    at runAndTransformResultsToJestFormat (/home/gperry/Documents/GitHub/cloud-equities/KNIRV_NETWORK/KNIRVWALLET/node_modules/jest-circus/build/legacy-code-todo-rewrite/jestAdapterInit.js:122:21)
    at jestAdapter (/home/gperry/Documents/GitHub/cloud-equities/KNIRV_NETWORK/KNIRVWALLET/node_modules/jest-circus/build/legacy-code-todo-rewrite/jestAdapter.js:79:19)
    at runTestInternal (/home/gperry/Documents/GitHub/cloud-equities/KNIRV_NETWORK/KNIRVWALLET/node_modules/jest-runner/build/runTest.js:367:16)
    at runTest (/home/gperry/Documents/GitHub/cloud-equities/KNIRV_NETWORK/KNIRVWALLET/node_modules/jest-runner/build/runTest.js:444:34)
    at Object.worker (/home/gperry/Documents/GitHub/cloud-equities/KNIRV_NETWORK/KNIRVWALLET/node_modules/jest-runner/build/testWorker.js:106:12)</failure>
    </testcase>
    <testcase classname="KnirvWallet Keyring Management Mixed Keyring Management should handle multiple keyring types in same wallet" name="KnirvWallet Keyring Management Mixed Keyring Management should handle multiple keyring types in same wallet" time="0.023">
    </testcase>
    <testcase classname="KnirvWallet Keyring Management Mixed Keyring Management should maintain keyring-account relationships" name="KnirvWallet Keyring Management Mixed Keyring Management should maintain keyring-account relationships" time="0.015">
    </testcase>
    <testcase classname="KnirvWallet Keyring Management Keyring Validation and Error Handling should validate keyring structure requirements" name="KnirvWallet Keyring Management Keyring Validation and Error Handling should validate keyring structure requirements" time="0.009">
    </testcase>
    <testcase classname="KnirvWallet Keyring Management Keyring Validation and Error Handling should reject invalid keyring types" name="KnirvWallet Keyring Management Keyring Validation and Error Handling should reject invalid keyring types" time="0.011">
    </testcase>
    <testcase classname="KnirvWallet Keyring Management Keyring Validation and Error Handling should require keyring ID and type" name="KnirvWallet Keyring Management Keyring Validation and Error Handling should require keyring ID and type" time="0.006">
    </testcase>
    <testcase classname="KnirvWallet Keyring Management Account Creation from Keyrings should create seed accounts from HD keyring" name="KnirvWallet Keyring Management Account Creation from Keyrings should create seed accounts from HD keyring" time="0.005">
    </testcase>
    <testcase classname="KnirvWallet Keyring Management Account Creation from Keyrings should create ledger accounts from Ledger keyring" name="KnirvWallet Keyring Management Account Creation from Keyrings should create ledger accounts from Ledger keyring" time="0.004">
    </testcase>
    <testcase classname="KnirvWallet Keyring Management Account Creation from Keyrings should create single accounts from private key keyring" name="KnirvWallet Keyring Management Account Creation from Keyrings should create single accounts from private key keyring" time="0.003">
    </testcase>
    <testcase classname="KnirvWallet Keyring Management Account Creation from Keyrings should create airgap accounts from address keyring" name="KnirvWallet Keyring Management Account Creation from Keyrings should create airgap accounts from address keyring" time="0.004">
    </testcase>
  </testsuite>
  <testsuite name="KnirvWallet Transaction Signing" errors="0" failures="18" skipped="0" timestamp="2025-08-12T05:50:41" time="2" tests="24">
    <testcase classname="KnirvWallet Transaction Signing Transaction Structure Validation should validate basic transaction structure" name="KnirvWallet Transaction Signing Transaction Structure Validation should validate basic transaction structure" time="0.031">
    </testcase>
    <testcase classname="KnirvWallet Transaction Signing Transaction Structure Validation should reject transaction with missing required fields" name="KnirvWallet Transaction Signing Transaction Structure Validation should reject transaction with missing required fields" time="0.133">
    </testcase>
    <testcase classname="KnirvWallet Transaction Signing Transaction Structure Validation should reject transaction with invalid amount format" name="KnirvWallet Transaction Signing Transaction Structure Validation should reject transaction with invalid amount format" time="0.019">
    </testcase>
    <testcase classname="KnirvWallet Transaction Signing Transaction Structure Validation should validate NRN burn transaction structure" name="KnirvWallet Transaction Signing Transaction Structure Validation should validate NRN burn transaction structure" time="0.034">
    </testcase>
    <testcase classname="KnirvWallet Transaction Signing HD Wallet Transaction Signing should sign basic transfer transaction" name="KnirvWallet Transaction Signing HD Wallet Transaction Signing should sign basic transfer transaction" time="0.019">
      <failure>TypeError: wallet.signTransaction is not a function
    at Object.signTransaction (/home/gperry/Documents/GitHub/cloud-equities/KNIRV_NETWORK/KNIRVWALLET/tests/unit/browser-wallet/transaction-signing.test.ts:88:37)
    at Promise.then.completed (/home/gperry/Documents/GitHub/cloud-equities/KNIRV_NETWORK/KNIRVWALLET/node_modules/jest-circus/build/utils.js:298:28)
    at new Promise (&lt;anonymous&gt;)
    at callAsyncCircusFn (/home/gperry/Documents/GitHub/cloud-equities/KNIRV_NETWORK/KNIRVWALLET/node_modules/jest-circus/build/utils.js:231:10)
    at _callCircusTest (/home/gperry/Documents/GitHub/cloud-equities/KNIRV_NETWORK/KNIRVWALLET/node_modules/jest-circus/build/run.js:316:40)
    at _runTest (/home/gperry/Documents/GitHub/cloud-equities/KNIRV_NETWORK/KNIRVWALLET/node_modules/jest-circus/build/run.js:252:3)
    at _runTestsForDescribeBlock (/home/gperry/Documents/GitHub/cloud-equities/KNIRV_NETWORK/KNIRVWALLET/node_modules/jest-circus/build/run.js:126:9)
    at _runTestsForDescribeBlock (/home/gperry/Documents/GitHub/cloud-equities/KNIRV_NETWORK/KNIRVWALLET/node_modules/jest-circus/build/run.js:121:9)
    at _runTestsForDescribeBlock (/home/gperry/Documents/GitHub/cloud-equities/KNIRV_NETWORK/KNIRVWALLET/node_modules/jest-circus/build/run.js:121:9)
    at run (/home/gperry/Documents/GitHub/cloud-equities/KNIRV_NETWORK/KNIRVWALLET/node_modules/jest-circus/build/run.js:71:3)
    at runAndTransformResultsToJestFormat (/home/gperry/Documents/GitHub/cloud-equities/KNIRV_NETWORK/KNIRVWALLET/node_modules/jest-circus/build/legacy-code-todo-rewrite/jestAdapterInit.js:122:21)
    at jestAdapter (/home/gperry/Documents/GitHub/cloud-equities/KNIRV_NETWORK/KNIRVWALLET/node_modules/jest-circus/build/legacy-code-todo-rewrite/jestAdapter.js:79:19)
    at runTestInternal (/home/gperry/Documents/GitHub/cloud-equities/KNIRV_NETWORK/KNIRVWALLET/node_modules/jest-runner/build/runTest.js:367:16)
    at runTest (/home/gperry/Documents/GitHub/cloud-equities/KNIRV_NETWORK/KNIRVWALLET/node_modules/jest-runner/build/runTest.js:444:34)
    at Object.worker (/home/gperry/Documents/GitHub/cloud-equities/KNIRV_NETWORK/KNIRVWALLET/node_modules/jest-runner/build/testWorker.js:106:12)</failure>
    </testcase>
    <testcase classname="KnirvWallet Transaction Signing HD Wallet Transaction Signing should sign transaction with memo" name="KnirvWallet Transaction Signing HD Wallet Transaction Signing should sign transaction with memo" time="0.012">
      <failure>TypeError: wallet.signTransaction is not a function
    at Object.signTransaction (/home/gperry/Documents/GitHub/cloud-equities/KNIRV_NETWORK/KNIRVWALLET/tests/unit/browser-wallet/transaction-signing.test.ts:101:37)
    at Promise.then.completed (/home/gperry/Documents/GitHub/cloud-equities/KNIRV_NETWORK/KNIRVWALLET/node_modules/jest-circus/build/utils.js:298:28)
    at new Promise (&lt;anonymous&gt;)
    at callAsyncCircusFn (/home/gperry/Documents/GitHub/cloud-equities/KNIRV_NETWORK/KNIRVWALLET/node_modules/jest-circus/build/utils.js:231:10)
    at _callCircusTest (/home/gperry/Documents/GitHub/cloud-equities/KNIRV_NETWORK/KNIRVWALLET/node_modules/jest-circus/build/run.js:316:40)
    at _runTest (/home/gperry/Documents/GitHub/cloud-equities/KNIRV_NETWORK/KNIRVWALLET/node_modules/jest-circus/build/run.js:252:3)
    at _runTestsForDescribeBlock (/home/gperry/Documents/GitHub/cloud-equities/KNIRV_NETWORK/KNIRVWALLET/node_modules/jest-circus/build/run.js:126:9)
    at _runTestsForDescribeBlock (/home/gperry/Documents/GitHub/cloud-equities/KNIRV_NETWORK/KNIRVWALLET/node_modules/jest-circus/build/run.js:121:9)
    at _runTestsForDescribeBlock (/home/gperry/Documents/GitHub/cloud-equities/KNIRV_NETWORK/KNIRVWALLET/node_modules/jest-circus/build/run.js:121:9)
    at run (/home/gperry/Documents/GitHub/cloud-equities/KNIRV_NETWORK/KNIRVWALLET/node_modules/jest-circus/build/run.js:71:3)
    at runAndTransformResultsToJestFormat (/home/gperry/Documents/GitHub/cloud-equities/KNIRV_NETWORK/KNIRVWALLET/node_modules/jest-circus/build/legacy-code-todo-rewrite/jestAdapterInit.js:122:21)
    at jestAdapter (/home/gperry/Documents/GitHub/cloud-equities/KNIRV_NETWORK/KNIRVWALLET/node_modules/jest-circus/build/legacy-code-todo-rewrite/jestAdapter.js:79:19)
    at runTestInternal (/home/gperry/Documents/GitHub/cloud-equities/KNIRV_NETWORK/KNIRVWALLET/node_modules/jest-runner/build/runTest.js:367:16)
    at runTest (/home/gperry/Documents/GitHub/cloud-equities/KNIRV_NETWORK/KNIRVWALLET/node_modules/jest-runner/build/runTest.js:444:34)
    at Object.worker (/home/gperry/Documents/GitHub/cloud-equities/KNIRV_NETWORK/KNIRVWALLET/node_modules/jest-runner/build/testWorker.js:106:12)</failure>
    </testcase>
    <testcase classname="KnirvWallet Transaction Signing HD Wallet Transaction Signing should sign NRN burn transaction for skill invocation" name="KnirvWallet Transaction Signing HD Wallet Transaction Signing should sign NRN burn transaction for skill invocation" time="0.03">
      <failure>TypeError: wallet.signTransaction is not a function
    at Object.signTransaction (/home/gperry/Documents/GitHub/cloud-equities/KNIRV_NETWORK/KNIRVWALLET/tests/unit/browser-wallet/transaction-signing.test.ts:111:37)
    at Promise.then.completed (/home/gperry/Documents/GitHub/cloud-equities/KNIRV_NETWORK/KNIRVWALLET/node_modules/jest-circus/build/utils.js:298:28)
    at new Promise (&lt;anonymous&gt;)
    at callAsyncCircusFn (/home/gperry/Documents/GitHub/cloud-equities/KNIRV_NETWORK/KNIRVWALLET/node_modules/jest-circus/build/utils.js:231:10)
    at _callCircusTest (/home/gperry/Documents/GitHub/cloud-equities/KNIRV_NETWORK/KNIRVWALLET/node_modules/jest-circus/build/run.js:316:40)
    at _runTest (/home/gperry/Documents/GitHub/cloud-equities/KNIRV_NETWORK/KNIRVWALLET/node_modules/jest-circus/build/run.js:252:3)
    at _runTestsForDescribeBlock (/home/gperry/Documents/GitHub/cloud-equities/KNIRV_NETWORK/KNIRVWALLET/node_modules/jest-circus/build/run.js:126:9)
    at _runTestsForDescribeBlock (/home/gperry/Documents/GitHub/cloud-equities/KNIRV_NETWORK/KNIRVWALLET/node_modules/jest-circus/build/run.js:121:9)
    at _runTestsForDescribeBlock (/home/gperry/Documents/GitHub/cloud-equities/KNIRV_NETWORK/KNIRVWALLET/node_modules/jest-circus/build/run.js:121:9)
    at run (/home/gperry/Documents/GitHub/cloud-equities/KNIRV_NETWORK/KNIRVWALLET/node_modules/jest-circus/build/run.js:71:3)
    at runAndTransformResultsToJestFormat (/home/gperry/Documents/GitHub/cloud-equities/KNIRV_NETWORK/KNIRVWALLET/node_modules/jest-circus/build/legacy-code-todo-rewrite/jestAdapterInit.js:122:21)
    at jestAdapter (/home/gperry/Documents/GitHub/cloud-equities/KNIRV_NETWORK/KNIRVWALLET/node_modules/jest-circus/build/legacy-code-todo-rewrite/jestAdapter.js:79:19)
    at runTestInternal (/home/gperry/Documents/GitHub/cloud-equities/KNIRV_NETWORK/KNIRVWALLET/node_modules/jest-runner/build/runTest.js:367:16)
    at runTest (/home/gperry/Documents/GitHub/cloud-equities/KNIRV_NETWORK/KNIRVWALLET/node_modules/jest-runner/build/runTest.js:444:34)
    at Object.worker (/home/gperry/Documents/GitHub/cloud-equities/KNIRV_NETWORK/KNIRVWALLET/node_modules/jest-runner/build/testWorker.js:106:12)</failure>
    </testcase>
    <testcase classname="KnirvWallet Transaction Signing HD Wallet Transaction Signing should handle transaction signing with custom gas parameters" name="KnirvWallet Transaction Signing HD Wallet Transaction Signing should handle transaction signing with custom gas parameters" time="0.012">
      <failure>TypeError: wallet.signTransaction is not a function
    at Object.signTransaction (/home/gperry/Documents/GitHub/cloud-equities/KNIRV_NETWORK/KNIRVWALLET/tests/unit/browser-wallet/transaction-signing.test.ts:124:37)
    at Promise.then.completed (/home/gperry/Documents/GitHub/cloud-equities/KNIRV_NETWORK/KNIRVWALLET/node_modules/jest-circus/build/utils.js:298:28)
    at new Promise (&lt;anonymous&gt;)
    at callAsyncCircusFn (/home/gperry/Documents/GitHub/cloud-equities/KNIRV_NETWORK/KNIRVWALLET/node_modules/jest-circus/build/utils.js:231:10)
    at _callCircusTest (/home/gperry/Documents/GitHub/cloud-equities/KNIRV_NETWORK/KNIRVWALLET/node_modules/jest-circus/build/run.js:316:40)
    at _runTest (/home/gperry/Documents/GitHub/cloud-equities/KNIRV_NETWORK/KNIRVWALLET/node_modules/jest-circus/build/run.js:252:3)
    at _runTestsForDescribeBlock (/home/gperry/Documents/GitHub/cloud-equities/KNIRV_NETWORK/KNIRVWALLET/node_modules/jest-circus/build/run.js:126:9)
    at _runTestsForDescribeBlock (/home/gperry/Documents/GitHub/cloud-equities/KNIRV_NETWORK/KNIRVWALLET/node_modules/jest-circus/build/run.js:121:9)
    at _runTestsForDescribeBlock (/home/gperry/Documents/GitHub/cloud-equities/KNIRV_NETWORK/KNIRVWALLET/node_modules/jest-circus/build/run.js:121:9)
    at run (/home/gperry/Documents/GitHub/cloud-equities/KNIRV_NETWORK/KNIRVWALLET/node_modules/jest-circus/build/run.js:71:3)
    at runAndTransformResultsToJestFormat (/home/gperry/Documents/GitHub/cloud-equities/KNIRV_NETWORK/KNIRVWALLET/node_modules/jest-circus/build/legacy-code-todo-rewrite/jestAdapterInit.js:122:21)
    at jestAdapter (/home/gperry/Documents/GitHub/cloud-equities/KNIRV_NETWORK/KNIRVWALLET/node_modules/jest-circus/build/legacy-code-todo-rewrite/jestAdapter.js:79:19)
    at runTestInternal (/home/gperry/Documents/GitHub/cloud-equities/KNIRV_NETWORK/KNIRVWALLET/node_modules/jest-runner/build/runTest.js:367:16)
    at runTest (/home/gperry/Documents/GitHub/cloud-equities/KNIRV_NETWORK/KNIRVWALLET/node_modules/jest-runner/build/runTest.js:444:34)
    at Object.worker (/home/gperry/Documents/GitHub/cloud-equities/KNIRV_NETWORK/KNIRVWALLET/node_modules/jest-runner/build/testWorker.js:106:12)</failure>
    </testcase>
    <testcase classname="KnirvWallet Transaction Signing HD Wallet Transaction Signing should reject signing transaction from different address" name="KnirvWallet Transaction Signing HD Wallet Transaction Signing should reject signing transaction from different address" time="0.012">
      <failure>TypeError: wallet.signTransaction is not a function
    at Object.signTransaction (/home/gperry/Documents/GitHub/cloud-equities/KNIRV_NETWORK/KNIRVWALLET/tests/unit/browser-wallet/transaction-signing.test.ts:135:27)
    at Promise.then.completed (/home/gperry/Documents/GitHub/cloud-equities/KNIRV_NETWORK/KNIRVWALLET/node_modules/jest-circus/build/utils.js:298:28)
    at new Promise (&lt;anonymous&gt;)
    at callAsyncCircusFn (/home/gperry/Documents/GitHub/cloud-equities/KNIRV_NETWORK/KNIRVWALLET/node_modules/jest-circus/build/utils.js:231:10)
    at _callCircusTest (/home/gperry/Documents/GitHub/cloud-equities/KNIRV_NETWORK/KNIRVWALLET/node_modules/jest-circus/build/run.js:316:40)
    at _runTest (/home/gperry/Documents/GitHub/cloud-equities/KNIRV_NETWORK/KNIRVWALLET/node_modules/jest-circus/build/run.js:252:3)
    at _runTestsForDescribeBlock (/home/gperry/Documents/GitHub/cloud-equities/KNIRV_NETWORK/KNIRVWALLET/node_modules/jest-circus/build/run.js:126:9)
    at _runTestsForDescribeBlock (/home/gperry/Documents/GitHub/cloud-equities/KNIRV_NETWORK/KNIRVWALLET/node_modules/jest-circus/build/run.js:121:9)
    at _runTestsForDescribeBlock (/home/gperry/Documents/GitHub/cloud-equities/KNIRV_NETWORK/KNIRVWALLET/node_modules/jest-circus/build/run.js:121:9)
    at run (/home/gperry/Documents/GitHub/cloud-equities/KNIRV_NETWORK/KNIRVWALLET/node_modules/jest-circus/build/run.js:71:3)
    at runAndTransformResultsToJestFormat (/home/gperry/Documents/GitHub/cloud-equities/KNIRV_NETWORK/KNIRVWALLET/node_modules/jest-circus/build/legacy-code-todo-rewrite/jestAdapterInit.js:122:21)
    at jestAdapter (/home/gperry/Documents/GitHub/cloud-equities/KNIRV_NETWORK/KNIRVWALLET/node_modules/jest-circus/build/legacy-code-todo-rewrite/jestAdapter.js:79:19)
    at runTestInternal (/home/gperry/Documents/GitHub/cloud-equities/KNIRV_NETWORK/KNIRVWALLET/node_modules/jest-runner/build/runTest.js:367:16)
    at runTest (/home/gperry/Documents/GitHub/cloud-equities/KNIRV_NETWORK/KNIRVWALLET/node_modules/jest-runner/build/runTest.js:444:34)
    at Object.worker (/home/gperry/Documents/GitHub/cloud-equities/KNIRV_NETWORK/KNIRVWALLET/node_modules/jest-runner/build/testWorker.js:106:12)</failure>
    </testcase>
    <testcase classname="KnirvWallet Transaction Signing Private Key Wallet Transaction Signing should sign transaction with private key wallet" name="KnirvWallet Transaction Signing Private Key Wallet Transaction Signing should sign transaction with private key wallet" time="0.322">
      <failure>TypeError: privateKeyWallet.signTransaction is not a function
    at Object.signTransaction (/home/gperry/Documents/GitHub/cloud-equities/KNIRV_NETWORK/KNIRVWALLET/tests/unit/browser-wallet/transaction-signing.test.ts:152:47)
    at Promise.then.completed (/home/gperry/Documents/GitHub/cloud-equities/KNIRV_NETWORK/KNIRVWALLET/node_modules/jest-circus/build/utils.js:298:28)
    at new Promise (&lt;anonymous&gt;)
    at callAsyncCircusFn (/home/gperry/Documents/GitHub/cloud-equities/KNIRV_NETWORK/KNIRVWALLET/node_modules/jest-circus/build/utils.js:231:10)
    at _callCircusTest (/home/gperry/Documents/GitHub/cloud-equities/KNIRV_NETWORK/KNIRVWALLET/node_modules/jest-circus/build/run.js:316:40)
    at _runTest (/home/gperry/Documents/GitHub/cloud-equities/KNIRV_NETWORK/KNIRVWALLET/node_modules/jest-circus/build/run.js:252:3)
    at _runTestsForDescribeBlock (/home/gperry/Documents/GitHub/cloud-equities/KNIRV_NETWORK/KNIRVWALLET/node_modules/jest-circus/build/run.js:126:9)
    at _runTestsForDescribeBlock (/home/gperry/Documents/GitHub/cloud-equities/KNIRV_NETWORK/KNIRVWALLET/node_modules/jest-circus/build/run.js:121:9)
    at _runTestsForDescribeBlock (/home/gperry/Documents/GitHub/cloud-equities/KNIRV_NETWORK/KNIRVWALLET/node_modules/jest-circus/build/run.js:121:9)
    at run (/home/gperry/Documents/GitHub/cloud-equities/KNIRV_NETWORK/KNIRVWALLET/node_modules/jest-circus/build/run.js:71:3)
    at runAndTransformResultsToJestFormat (/home/gperry/Documents/GitHub/cloud-equities/KNIRV_NETWORK/KNIRVWALLET/node_modules/jest-circus/build/legacy-code-todo-rewrite/jestAdapterInit.js:122:21)
    at jestAdapter (/home/gperry/Documents/GitHub/cloud-equities/KNIRV_NETWORK/KNIRVWALLET/node_modules/jest-circus/build/legacy-code-todo-rewrite/jestAdapter.js:79:19)
    at runTestInternal (/home/gperry/Documents/GitHub/cloud-equities/KNIRV_NETWORK/KNIRVWALLET/node_modules/jest-runner/build/runTest.js:367:16)
    at runTest (/home/gperry/Documents/GitHub/cloud-equities/KNIRV_NETWORK/KNIRVWALLET/node_modules/jest-runner/build/runTest.js:444:34)
    at Object.worker (/home/gperry/Documents/GitHub/cloud-equities/KNIRV_NETWORK/KNIRVWALLET/node_modules/jest-runner/build/testWorker.js:106:12)</failure>
    </testcase>
    <testcase classname="KnirvWallet Transaction Signing Private Key Wallet Transaction Signing should produce consistent signatures for same transaction" name="KnirvWallet Transaction Signing Private Key Wallet Transaction Signing should produce consistent signatures for same transaction" time="0.042">
      <failure>TypeError: privateKeyWallet.signTransaction is not a function
    at Object.signTransaction (/home/gperry/Documents/GitHub/cloud-equities/KNIRV_NETWORK/KNIRVWALLET/tests/unit/browser-wallet/transaction-signing.test.ts:163:48)
    at Promise.then.completed (/home/gperry/Documents/GitHub/cloud-equities/KNIRV_NETWORK/KNIRVWALLET/node_modules/jest-circus/build/utils.js:298:28)
    at new Promise (&lt;anonymous&gt;)
    at callAsyncCircusFn (/home/gperry/Documents/GitHub/cloud-equities/KNIRV_NETWORK/KNIRVWALLET/node_modules/jest-circus/build/utils.js:231:10)
    at _callCircusTest (/home/gperry/Documents/GitHub/cloud-equities/KNIRV_NETWORK/KNIRVWALLET/node_modules/jest-circus/build/run.js:316:40)
    at _runTest (/home/gperry/Documents/GitHub/cloud-equities/KNIRV_NETWORK/KNIRVWALLET/node_modules/jest-circus/build/run.js:252:3)
    at _runTestsForDescribeBlock (/home/gperry/Documents/GitHub/cloud-equities/KNIRV_NETWORK/KNIRVWALLET/node_modules/jest-circus/build/run.js:126:9)
    at _runTestsForDescribeBlock (/home/gperry/Documents/GitHub/cloud-equities/KNIRV_NETWORK/KNIRVWALLET/node_modules/jest-circus/build/run.js:121:9)
    at _runTestsForDescribeBlock (/home/gperry/Documents/GitHub/cloud-equities/KNIRV_NETWORK/KNIRVWALLET/node_modules/jest-circus/build/run.js:121:9)
    at run (/home/gperry/Documents/GitHub/cloud-equities/KNIRV_NETWORK/KNIRVWALLET/node_modules/jest-circus/build/run.js:71:3)
    at runAndTransformResultsToJestFormat (/home/gperry/Documents/GitHub/cloud-equities/KNIRV_NETWORK/KNIRVWALLET/node_modules/jest-circus/build/legacy-code-todo-rewrite/jestAdapterInit.js:122:21)
    at jestAdapter (/home/gperry/Documents/GitHub/cloud-equities/KNIRV_NETWORK/KNIRVWALLET/node_modules/jest-circus/build/legacy-code-todo-rewrite/jestAdapter.js:79:19)
    at runTestInternal (/home/gperry/Documents/GitHub/cloud-equities/KNIRV_NETWORK/KNIRVWALLET/node_modules/jest-runner/build/runTest.js:367:16)
    at runTest (/home/gperry/Documents/GitHub/cloud-equities/KNIRV_NETWORK/KNIRVWALLET/node_modules/jest-runner/build/runTest.js:444:34)
    at Object.worker (/home/gperry/Documents/GitHub/cloud-equities/KNIRV_NETWORK/KNIRVWALLET/node_modules/jest-runner/build/testWorker.js:106:12)</failure>
    </testcase>
    <testcase classname="KnirvWallet Transaction Signing Address-only Wallet Transaction Signing should reject signing transaction with address-only wallet" name="KnirvWallet Transaction Signing Address-only Wallet Transaction Signing should reject signing transaction with address-only wallet" time="0.051">
      <failure>TypeError: addressOnlyWallet.signTransaction is not a function
    at Object.signTransaction (/home/gperry/Documents/GitHub/cloud-equities/KNIRV_NETWORK/KNIRVWALLET/tests/unit/browser-wallet/transaction-signing.test.ts:185:38)
    at Promise.then.completed (/home/gperry/Documents/GitHub/cloud-equities/KNIRV_NETWORK/KNIRVWALLET/node_modules/jest-circus/build/utils.js:298:28)
    at new Promise (&lt;anonymous&gt;)
    at callAsyncCircusFn (/home/gperry/Documents/GitHub/cloud-equities/KNIRV_NETWORK/KNIRVWALLET/node_modules/jest-circus/build/utils.js:231:10)
    at _callCircusTest (/home/gperry/Documents/GitHub/cloud-equities/KNIRV_NETWORK/KNIRVWALLET/node_modules/jest-circus/build/run.js:316:40)
    at _runTest (/home/gperry/Documents/GitHub/cloud-equities/KNIRV_NETWORK/KNIRVWALLET/node_modules/jest-circus/build/run.js:252:3)
    at _runTestsForDescribeBlock (/home/gperry/Documents/GitHub/cloud-equities/KNIRV_NETWORK/KNIRVWALLET/node_modules/jest-circus/build/run.js:126:9)
    at _runTestsForDescribeBlock (/home/gperry/Documents/GitHub/cloud-equities/KNIRV_NETWORK/KNIRVWALLET/node_modules/jest-circus/build/run.js:121:9)
    at _runTestsForDescribeBlock (/home/gperry/Documents/GitHub/cloud-equities/KNIRV_NETWORK/KNIRVWALLET/node_modules/jest-circus/build/run.js:121:9)
    at run (/home/gperry/Documents/GitHub/cloud-equities/KNIRV_NETWORK/KNIRVWALLET/node_modules/jest-circus/build/run.js:71:3)
    at runAndTransformResultsToJestFormat (/home/gperry/Documents/GitHub/cloud-equities/KNIRV_NETWORK/KNIRVWALLET/node_modules/jest-circus/build/legacy-code-todo-rewrite/jestAdapterInit.js:122:21)
    at jestAdapter (/home/gperry/Documents/GitHub/cloud-equities/KNIRV_NETWORK/KNIRVWALLET/node_modules/jest-circus/build/legacy-code-todo-rewrite/jestAdapter.js:79:19)
    at runTestInternal (/home/gperry/Documents/GitHub/cloud-equities/KNIRV_NETWORK/KNIRVWALLET/node_modules/jest-runner/build/runTest.js:367:16)
    at runTest (/home/gperry/Documents/GitHub/cloud-equities/KNIRV_NETWORK/KNIRVWALLET/node_modules/jest-runner/build/runTest.js:444:34)
    at Object.worker (/home/gperry/Documents/GitHub/cloud-equities/KNIRV_NETWORK/KNIRVWALLET/node_modules/jest-runner/build/testWorker.js:106:12)</failure>
    </testcase>
    <testcase classname="KnirvWallet Transaction Signing Address-only Wallet Transaction Signing should allow viewing transaction details without signing" name="KnirvWallet Transaction Signing Address-only Wallet Transaction Signing should allow viewing transaction details without signing" time="0.013">
      <failure>Error: Transaction missing required fields: from
    at Function.validateTransactionStructure (/home/gperry/Documents/GitHub/cloud-equities/KNIRV_NETWORK/KNIRVWALLET/test-utils/wallet-test-utils.ts:192:13)
    at Object.validateTransactionStructure (/home/gperry/Documents/GitHub/cloud-equities/KNIRV_NETWORK/KNIRVWALLET/tests/unit/browser-wallet/transaction-signing.test.ts:196:35)
    at Promise.then.completed (/home/gperry/Documents/GitHub/cloud-equities/KNIRV_NETWORK/KNIRVWALLET/node_modules/jest-circus/build/utils.js:298:28)
    at new Promise (&lt;anonymous&gt;)
    at callAsyncCircusFn (/home/gperry/Documents/GitHub/cloud-equities/KNIRV_NETWORK/KNIRVWALLET/node_modules/jest-circus/build/utils.js:231:10)
    at _callCircusTest (/home/gperry/Documents/GitHub/cloud-equities/KNIRV_NETWORK/KNIRVWALLET/node_modules/jest-circus/build/run.js:316:40)
    at _runTest (/home/gperry/Documents/GitHub/cloud-equities/KNIRV_NETWORK/KNIRVWALLET/node_modules/jest-circus/build/run.js:252:3)
    at _runTestsForDescribeBlock (/home/gperry/Documents/GitHub/cloud-equities/KNIRV_NETWORK/KNIRVWALLET/node_modules/jest-circus/build/run.js:126:9)
    at _runTestsForDescribeBlock (/home/gperry/Documents/GitHub/cloud-equities/KNIRV_NETWORK/KNIRVWALLET/node_modules/jest-circus/build/run.js:121:9)
    at _runTestsForDescribeBlock (/home/gperry/Documents/GitHub/cloud-equities/KNIRV_NETWORK/KNIRVWALLET/node_modules/jest-circus/build/run.js:121:9)
    at run (/home/gperry/Documents/GitHub/cloud-equities/KNIRV_NETWORK/KNIRVWALLET/node_modules/jest-circus/build/run.js:71:3)
    at runAndTransformResultsToJestFormat (/home/gperry/Documents/GitHub/cloud-equities/KNIRV_NETWORK/KNIRVWALLET/node_modules/jest-circus/build/legacy-code-todo-rewrite/jestAdapterInit.js:122:21)
    at jestAdapter (/home/gperry/Documents/GitHub/cloud-equities/KNIRV_NETWORK/KNIRVWALLET/node_modules/jest-circus/build/legacy-code-todo-rewrite/jestAdapter.js:79:19)
    at runTestInternal (/home/gperry/Documents/GitHub/cloud-equities/KNIRV_NETWORK/KNIRVWALLET/node_modules/jest-runner/build/runTest.js:367:16)
    at runTest (/home/gperry/Documents/GitHub/cloud-equities/KNIRV_NETWORK/KNIRVWALLET/node_modules/jest-runner/build/runTest.js:444:34)
    at Object.worker (/home/gperry/Documents/GitHub/cloud-equities/KNIRV_NETWORK/KNIRVWALLET/node_modules/jest-runner/build/testWorker.js:106:12)</failure>
    </testcase>
    <testcase classname="KnirvWallet Transaction Signing Multi-Account Transaction Signing should sign transaction from first account" name="KnirvWallet Transaction Signing Multi-Account Transaction Signing should sign transaction from first account" time="0.029">
      <failure>TypeError: multiAccountWallet.signTransaction is not a function
    at Object.signTransaction (/home/gperry/Documents/GitHub/cloud-equities/KNIRV_NETWORK/KNIRVWALLET/tests/unit/browser-wallet/transaction-signing.test.ts:214:49)
    at Promise.then.completed (/home/gperry/Documents/GitHub/cloud-equities/KNIRV_NETWORK/KNIRVWALLET/node_modules/jest-circus/build/utils.js:298:28)
    at new Promise (&lt;anonymous&gt;)
    at callAsyncCircusFn (/home/gperry/Documents/GitHub/cloud-equities/KNIRV_NETWORK/KNIRVWALLET/node_modules/jest-circus/build/utils.js:231:10)
    at _callCircusTest (/home/gperry/Documents/GitHub/cloud-equities/KNIRV_NETWORK/KNIRVWALLET/node_modules/jest-circus/build/run.js:316:40)
    at _runTest (/home/gperry/Documents/GitHub/cloud-equities/KNIRV_NETWORK/KNIRVWALLET/node_modules/jest-circus/build/run.js:252:3)
    at _runTestsForDescribeBlock (/home/gperry/Documents/GitHub/cloud-equities/KNIRV_NETWORK/KNIRVWALLET/node_modules/jest-circus/build/run.js:126:9)
    at _runTestsForDescribeBlock (/home/gperry/Documents/GitHub/cloud-equities/KNIRV_NETWORK/KNIRVWALLET/node_modules/jest-circus/build/run.js:121:9)
    at _runTestsForDescribeBlock (/home/gperry/Documents/GitHub/cloud-equities/KNIRV_NETWORK/KNIRVWALLET/node_modules/jest-circus/build/run.js:121:9)
    at run (/home/gperry/Documents/GitHub/cloud-equities/KNIRV_NETWORK/KNIRVWALLET/node_modules/jest-circus/build/run.js:71:3)
    at runAndTransformResultsToJestFormat (/home/gperry/Documents/GitHub/cloud-equities/KNIRV_NETWORK/KNIRVWALLET/node_modules/jest-circus/build/legacy-code-todo-rewrite/jestAdapterInit.js:122:21)
    at jestAdapter (/home/gperry/Documents/GitHub/cloud-equities/KNIRV_NETWORK/KNIRVWALLET/node_modules/jest-circus/build/legacy-code-todo-rewrite/jestAdapter.js:79:19)
    at runTestInternal (/home/gperry/Documents/GitHub/cloud-equities/KNIRV_NETWORK/KNIRVWALLET/node_modules/jest-runner/build/runTest.js:367:16)
    at runTest (/home/gperry/Documents/GitHub/cloud-equities/KNIRV_NETWORK/KNIRVWALLET/node_modules/jest-runner/build/runTest.js:444:34)
    at Object.worker (/home/gperry/Documents/GitHub/cloud-equities/KNIRV_NETWORK/KNIRVWALLET/node_modules/jest-runner/build/testWorker.js:106:12)</failure>
    </testcase>
    <testcase classname="KnirvWallet Transaction Signing Multi-Account Transaction Signing should sign transaction from second account" name="KnirvWallet Transaction Signing Multi-Account Transaction Signing should sign transaction from second account" time="0.024">
      <failure>TypeError: multiAccountWallet.signTransaction is not a function
    at Object.signTransaction (/home/gperry/Documents/GitHub/cloud-equities/KNIRV_NETWORK/KNIRVWALLET/tests/unit/browser-wallet/transaction-signing.test.ts:225:49)
    at Promise.then.completed (/home/gperry/Documents/GitHub/cloud-equities/KNIRV_NETWORK/KNIRVWALLET/node_modules/jest-circus/build/utils.js:298:28)
    at new Promise (&lt;anonymous&gt;)
    at callAsyncCircusFn (/home/gperry/Documents/GitHub/cloud-equities/KNIRV_NETWORK/KNIRVWALLET/node_modules/jest-circus/build/utils.js:231:10)
    at _callCircusTest (/home/gperry/Documents/GitHub/cloud-equities/KNIRV_NETWORK/KNIRVWALLET/node_modules/jest-circus/build/run.js:316:40)
    at _runTest (/home/gperry/Documents/GitHub/cloud-equities/KNIRV_NETWORK/KNIRVWALLET/node_modules/jest-circus/build/run.js:252:3)
    at _runTestsForDescribeBlock (/home/gperry/Documents/GitHub/cloud-equities/KNIRV_NETWORK/KNIRVWALLET/node_modules/jest-circus/build/run.js:126:9)
    at _runTestsForDescribeBlock (/home/gperry/Documents/GitHub/cloud-equities/KNIRV_NETWORK/KNIRVWALLET/node_modules/jest-circus/build/run.js:121:9)
    at _runTestsForDescribeBlock (/home/gperry/Documents/GitHub/cloud-equities/KNIRV_NETWORK/KNIRVWALLET/node_modules/jest-circus/build/run.js:121:9)
    at run (/home/gperry/Documents/GitHub/cloud-equities/KNIRV_NETWORK/KNIRVWALLET/node_modules/jest-circus/build/run.js:71:3)
    at runAndTransformResultsToJestFormat (/home/gperry/Documents/GitHub/cloud-equities/KNIRV_NETWORK/KNIRVWALLET/node_modules/jest-circus/build/legacy-code-todo-rewrite/jestAdapterInit.js:122:21)
    at jestAdapter (/home/gperry/Documents/GitHub/cloud-equities/KNIRV_NETWORK/KNIRVWALLET/node_modules/jest-circus/build/legacy-code-todo-rewrite/jestAdapter.js:79:19)
    at runTestInternal (/home/gperry/Documents/GitHub/cloud-equities/KNIRV_NETWORK/KNIRVWALLET/node_modules/jest-runner/build/runTest.js:367:16)
    at runTest (/home/gperry/Documents/GitHub/cloud-equities/KNIRV_NETWORK/KNIRVWALLET/node_modules/jest-runner/build/runTest.js:444:34)
    at Object.worker (/home/gperry/Documents/GitHub/cloud-equities/KNIRV_NETWORK/KNIRVWALLET/node_modules/jest-runner/build/testWorker.js:106:12)</failure>
    </testcase>
    <testcase classname="KnirvWallet Transaction Signing Multi-Account Transaction Signing should reject signing transaction when current account does not match from address" name="KnirvWallet Transaction Signing Multi-Account Transaction Signing should reject signing transaction when current account does not match from address" time="0.03">
      <failure>TypeError: multiAccountWallet.signTransaction is not a function
    at Object.signTransaction (/home/gperry/Documents/GitHub/cloud-equities/KNIRV_NETWORK/KNIRVWALLET/tests/unit/browser-wallet/transaction-signing.test.ts:238:39)
    at Promise.then.completed (/home/gperry/Documents/GitHub/cloud-equities/KNIRV_NETWORK/KNIRVWALLET/node_modules/jest-circus/build/utils.js:298:28)
    at new Promise (&lt;anonymous&gt;)
    at callAsyncCircusFn (/home/gperry/Documents/GitHub/cloud-equities/KNIRV_NETWORK/KNIRVWALLET/node_modules/jest-circus/build/utils.js:231:10)
    at _callCircusTest (/home/gperry/Documents/GitHub/cloud-equities/KNIRV_NETWORK/KNIRVWALLET/node_modules/jest-circus/build/run.js:316:40)
    at _runTest (/home/gperry/Documents/GitHub/cloud-equities/KNIRV_NETWORK/KNIRVWALLET/node_modules/jest-circus/build/run.js:252:3)
    at _runTestsForDescribeBlock (/home/gperry/Documents/GitHub/cloud-equities/KNIRV_NETWORK/KNIRVWALLET/node_modules/jest-circus/build/run.js:126:9)
    at _runTestsForDescribeBlock (/home/gperry/Documents/GitHub/cloud-equities/KNIRV_NETWORK/KNIRVWALLET/node_modules/jest-circus/build/run.js:121:9)
    at _runTestsForDescribeBlock (/home/gperry/Documents/GitHub/cloud-equities/KNIRV_NETWORK/KNIRVWALLET/node_modules/jest-circus/build/run.js:121:9)
    at run (/home/gperry/Documents/GitHub/cloud-equities/KNIRV_NETWORK/KNIRVWALLET/node_modules/jest-circus/build/run.js:71:3)
    at runAndTransformResultsToJestFormat (/home/gperry/Documents/GitHub/cloud-equities/KNIRV_NETWORK/KNIRVWALLET/node_modules/jest-circus/build/legacy-code-todo-rewrite/jestAdapterInit.js:122:21)
    at jestAdapter (/home/gperry/Documents/GitHub/cloud-equities/KNIRV_NETWORK/KNIRVWALLET/node_modules/jest-circus/build/legacy-code-todo-rewrite/jestAdapter.js:79:19)
    at runTestInternal (/home/gperry/Documents/GitHub/cloud-equities/KNIRV_NETWORK/KNIRVWALLET/node_modules/jest-runner/build/runTest.js:367:16)
    at runTest (/home/gperry/Documents/GitHub/cloud-equities/KNIRV_NETWORK/KNIRVWALLET/node_modules/jest-runner/build/runTest.js:444:34)
    at Object.worker (/home/gperry/Documents/GitHub/cloud-equities/KNIRV_NETWORK/KNIRVWALLET/node_modules/jest-runner/build/testWorker.js:106:12)</failure>
    </testcase>
    <testcase classname="KnirvWallet Transaction Signing Transaction Signing Error Handling should handle malformed transaction gracefully" name="KnirvWallet Transaction Signing Transaction Signing Error Handling should handle malformed transaction gracefully" time="0.011">
      <failure>TypeError: wallet.signTransaction is not a function
    at Object.signTransaction (/home/gperry/Documents/GitHub/cloud-equities/KNIRV_NETWORK/KNIRVWALLET/tests/unit/browser-wallet/transaction-signing.test.ts:250:27)
    at Promise.then.completed (/home/gperry/Documents/GitHub/cloud-equities/KNIRV_NETWORK/KNIRVWALLET/node_modules/jest-circus/build/utils.js:298:28)
    at new Promise (&lt;anonymous&gt;)
    at callAsyncCircusFn (/home/gperry/Documents/GitHub/cloud-equities/KNIRV_NETWORK/KNIRVWALLET/node_modules/jest-circus/build/utils.js:231:10)
    at _callCircusTest (/home/gperry/Documents/GitHub/cloud-equities/KNIRV_NETWORK/KNIRVWALLET/node_modules/jest-circus/build/run.js:316:40)
    at _runTest (/home/gperry/Documents/GitHub/cloud-equities/KNIRV_NETWORK/KNIRVWALLET/node_modules/jest-circus/build/run.js:252:3)
    at _runTestsForDescribeBlock (/home/gperry/Documents/GitHub/cloud-equities/KNIRV_NETWORK/KNIRVWALLET/node_modules/jest-circus/build/run.js:126:9)
    at _runTestsForDescribeBlock (/home/gperry/Documents/GitHub/cloud-equities/KNIRV_NETWORK/KNIRVWALLET/node_modules/jest-circus/build/run.js:121:9)
    at _runTestsForDescribeBlock (/home/gperry/Documents/GitHub/cloud-equities/KNIRV_NETWORK/KNIRVWALLET/node_modules/jest-circus/build/run.js:121:9)
    at run (/home/gperry/Documents/GitHub/cloud-equities/KNIRV_NETWORK/KNIRVWALLET/node_modules/jest-circus/build/run.js:71:3)
    at runAndTransformResultsToJestFormat (/home/gperry/Documents/GitHub/cloud-equities/KNIRV_NETWORK/KNIRVWALLET/node_modules/jest-circus/build/legacy-code-todo-rewrite/jestAdapterInit.js:122:21)
    at jestAdapter (/home/gperry/Documents/GitHub/cloud-equities/KNIRV_NETWORK/KNIRVWALLET/node_modules/jest-circus/build/legacy-code-todo-rewrite/jestAdapter.js:79:19)
    at runTestInternal (/home/gperry/Documents/GitHub/cloud-equities/KNIRV_NETWORK/KNIRVWALLET/node_modules/jest-runner/build/runTest.js:367:16)
    at runTest (/home/gperry/Documents/GitHub/cloud-equities/KNIRV_NETWORK/KNIRVWALLET/node_modules/jest-runner/build/runTest.js:444:34)
    at Object.worker (/home/gperry/Documents/GitHub/cloud-equities/KNIRV_NETWORK/KNIRVWALLET/node_modules/jest-runner/build/testWorker.js:106:12)</failure>
    </testcase>
    <testcase classname="KnirvWallet Transaction Signing Transaction Signing Error Handling should handle transaction with invalid address format" name="KnirvWallet Transaction Signing Transaction Signing Error Handling should handle transaction with invalid address format" time="0.011">
      <failure>TypeError: wallet.signTransaction is not a function
    at Object.signTransaction (/home/gperry/Documents/GitHub/cloud-equities/KNIRV_NETWORK/KNIRVWALLET/tests/unit/browser-wallet/transaction-signing.test.ts:261:27)
    at Promise.then.completed (/home/gperry/Documents/GitHub/cloud-equities/KNIRV_NETWORK/KNIRVWALLET/node_modules/jest-circus/build/utils.js:298:28)
    at new Promise (&lt;anonymous&gt;)
    at callAsyncCircusFn (/home/gperry/Documents/GitHub/cloud-equities/KNIRV_NETWORK/KNIRVWALLET/node_modules/jest-circus/build/utils.js:231:10)
    at _callCircusTest (/home/gperry/Documents/GitHub/cloud-equities/KNIRV_NETWORK/KNIRVWALLET/node_modules/jest-circus/build/run.js:316:40)
    at _runTest (/home/gperry/Documents/GitHub/cloud-equities/KNIRV_NETWORK/KNIRVWALLET/node_modules/jest-circus/build/run.js:252:3)
    at _runTestsForDescribeBlock (/home/gperry/Documents/GitHub/cloud-equities/KNIRV_NETWORK/KNIRVWALLET/node_modules/jest-circus/build/run.js:126:9)
    at _runTestsForDescribeBlock (/home/gperry/Documents/GitHub/cloud-equities/KNIRV_NETWORK/KNIRVWALLET/node_modules/jest-circus/build/run.js:121:9)
    at _runTestsForDescribeBlock (/home/gperry/Documents/GitHub/cloud-equities/KNIRV_NETWORK/KNIRVWALLET/node_modules/jest-circus/build/run.js:121:9)
    at run (/home/gperry/Documents/GitHub/cloud-equities/KNIRV_NETWORK/KNIRVWALLET/node_modules/jest-circus/build/run.js:71:3)
    at runAndTransformResultsToJestFormat (/home/gperry/Documents/GitHub/cloud-equities/KNIRV_NETWORK/KNIRVWALLET/node_modules/jest-circus/build/legacy-code-todo-rewrite/jestAdapterInit.js:122:21)
    at jestAdapter (/home/gperry/Documents/GitHub/cloud-equities/KNIRV_NETWORK/KNIRVWALLET/node_modules/jest-circus/build/legacy-code-todo-rewrite/jestAdapter.js:79:19)
    at runTestInternal (/home/gperry/Documents/GitHub/cloud-equities/KNIRV_NETWORK/KNIRVWALLET/node_modules/jest-runner/build/runTest.js:367:16)
    at runTest (/home/gperry/Documents/GitHub/cloud-equities/KNIRV_NETWORK/KNIRVWALLET/node_modules/jest-runner/build/runTest.js:444:34)
    at Object.worker (/home/gperry/Documents/GitHub/cloud-equities/KNIRV_NETWORK/KNIRVWALLET/node_modules/jest-runner/build/testWorker.js:106:12)</failure>
    </testcase>
    <testcase classname="KnirvWallet Transaction Signing Transaction Signing Error Handling should handle transaction with negative amount" name="KnirvWallet Transaction Signing Transaction Signing Error Handling should handle transaction with negative amount" time="0.012">
      <failure>TypeError: wallet.signTransaction is not a function
    at Object.signTransaction (/home/gperry/Documents/GitHub/cloud-equities/KNIRV_NETWORK/KNIRVWALLET/tests/unit/browser-wallet/transaction-signing.test.ts:271:27)
    at Promise.then.completed (/home/gperry/Documents/GitHub/cloud-equities/KNIRV_NETWORK/KNIRVWALLET/node_modules/jest-circus/build/utils.js:298:28)
    at new Promise (&lt;anonymous&gt;)
    at callAsyncCircusFn (/home/gperry/Documents/GitHub/cloud-equities/KNIRV_NETWORK/KNIRVWALLET/node_modules/jest-circus/build/utils.js:231:10)
    at _callCircusTest (/home/gperry/Documents/GitHub/cloud-equities/KNIRV_NETWORK/KNIRVWALLET/node_modules/jest-circus/build/run.js:316:40)
    at _runTest (/home/gperry/Documents/GitHub/cloud-equities/KNIRV_NETWORK/KNIRVWALLET/node_modules/jest-circus/build/run.js:252:3)
    at _runTestsForDescribeBlock (/home/gperry/Documents/GitHub/cloud-equities/KNIRV_NETWORK/KNIRVWALLET/node_modules/jest-circus/build/run.js:126:9)
    at _runTestsForDescribeBlock (/home/gperry/Documents/GitHub/cloud-equities/KNIRV_NETWORK/KNIRVWALLET/node_modules/jest-circus/build/run.js:121:9)
    at _runTestsForDescribeBlock (/home/gperry/Documents/GitHub/cloud-equities/KNIRV_NETWORK/KNIRVWALLET/node_modules/jest-circus/build/run.js:121:9)
    at run (/home/gperry/Documents/GitHub/cloud-equities/KNIRV_NETWORK/KNIRVWALLET/node_modules/jest-circus/build/run.js:71:3)
    at runAndTransformResultsToJestFormat (/home/gperry/Documents/GitHub/cloud-equities/KNIRV_NETWORK/KNIRVWALLET/node_modules/jest-circus/build/legacy-code-todo-rewrite/jestAdapterInit.js:122:21)
    at jestAdapter (/home/gperry/Documents/GitHub/cloud-equities/KNIRV_NETWORK/KNIRVWALLET/node_modules/jest-circus/build/legacy-code-todo-rewrite/jestAdapter.js:79:19)
    at runTestInternal (/home/gperry/Documents/GitHub/cloud-equities/KNIRV_NETWORK/KNIRVWALLET/node_modules/jest-runner/build/runTest.js:367:16)
    at runTest (/home/gperry/Documents/GitHub/cloud-equities/KNIRV_NETWORK/KNIRVWALLET/node_modules/jest-runner/build/runTest.js:444:34)
    at Object.worker (/home/gperry/Documents/GitHub/cloud-equities/KNIRV_NETWORK/KNIRVWALLET/node_modules/jest-runner/build/testWorker.js:106:12)</failure>
    </testcase>
    <testcase classname="KnirvWallet Transaction Signing Transaction Signing Error Handling should handle transaction with zero amount" name="KnirvWallet Transaction Signing Transaction Signing Error Handling should handle transaction with zero amount" time="0.011">
    </testcase>
    <testcase classname="KnirvWallet Transaction Signing Transaction Signing Error Handling should handle transaction with extremely large amount" name="KnirvWallet Transaction Signing Transaction Signing Error Handling should handle transaction with extremely large amount" time="0.013">
    </testcase>
    <testcase classname="KnirvWallet Transaction Signing Signature Verification should produce valid signature format" name="KnirvWallet Transaction Signing Signature Verification should produce valid signature format" time="0.027">
      <failure>TypeError: wallet.signTransaction is not a function
    at Object.signTransaction (/home/gperry/Documents/GitHub/cloud-equities/KNIRV_NETWORK/KNIRVWALLET/tests/unit/browser-wallet/transaction-signing.test.ts:315:37)
    at Promise.then.completed (/home/gperry/Documents/GitHub/cloud-equities/KNIRV_NETWORK/KNIRVWALLET/node_modules/jest-circus/build/utils.js:298:28)
    at new Promise (&lt;anonymous&gt;)
    at callAsyncCircusFn (/home/gperry/Documents/GitHub/cloud-equities/KNIRV_NETWORK/KNIRVWALLET/node_modules/jest-circus/build/utils.js:231:10)
    at _callCircusTest (/home/gperry/Documents/GitHub/cloud-equities/KNIRV_NETWORK/KNIRVWALLET/node_modules/jest-circus/build/run.js:316:40)
    at _runTest (/home/gperry/Documents/GitHub/cloud-equities/KNIRV_NETWORK/KNIRVWALLET/node_modules/jest-circus/build/run.js:252:3)
    at _runTestsForDescribeBlock (/home/gperry/Documents/GitHub/cloud-equities/KNIRV_NETWORK/KNIRVWALLET/node_modules/jest-circus/build/run.js:126:9)
    at _runTestsForDescribeBlock (/home/gperry/Documents/GitHub/cloud-equities/KNIRV_NETWORK/KNIRVWALLET/node_modules/jest-circus/build/run.js:121:9)
    at _runTestsForDescribeBlock (/home/gperry/Documents/GitHub/cloud-equities/KNIRV_NETWORK/KNIRVWALLET/node_modules/jest-circus/build/run.js:121:9)
    at run (/home/gperry/Documents/GitHub/cloud-equities/KNIRV_NETWORK/KNIRVWALLET/node_modules/jest-circus/build/run.js:71:3)
    at runAndTransformResultsToJestFormat (/home/gperry/Documents/GitHub/cloud-equities/KNIRV_NETWORK/KNIRVWALLET/node_modules/jest-circus/build/legacy-code-todo-rewrite/jestAdapterInit.js:122:21)
    at jestAdapter (/home/gperry/Documents/GitHub/cloud-equities/KNIRV_NETWORK/KNIRVWALLET/node_modules/jest-circus/build/legacy-code-todo-rewrite/jestAdapter.js:79:19)
    at runTestInternal (/home/gperry/Documents/GitHub/cloud-equities/KNIRV_NETWORK/KNIRVWALLET/node_modules/jest-runner/build/runTest.js:367:16)
    at runTest (/home/gperry/Documents/GitHub/cloud-equities/KNIRV_NETWORK/KNIRVWALLET/node_modules/jest-runner/build/runTest.js:444:34)
    at Object.worker (/home/gperry/Documents/GitHub/cloud-equities/KNIRV_NETWORK/KNIRVWALLET/node_modules/jest-runner/build/testWorker.js:106:12)</failure>
    </testcase>
    <testcase classname="KnirvWallet Transaction Signing Signature Verification should include correct public key in signature" name="KnirvWallet Transaction Signing Signature Verification should include correct public key in signature" time="0.013">
      <failure>TypeError: wallet.signTransaction is not a function
    at Object.signTransaction (/home/gperry/Documents/GitHub/cloud-equities/KNIRV_NETWORK/KNIRVWALLET/tests/unit/browser-wallet/transaction-signing.test.ts:332:37)
    at Promise.then.completed (/home/gperry/Documents/GitHub/cloud-equities/KNIRV_NETWORK/KNIRVWALLET/node_modules/jest-circus/build/utils.js:298:28)
    at new Promise (&lt;anonymous&gt;)
    at callAsyncCircusFn (/home/gperry/Documents/GitHub/cloud-equities/KNIRV_NETWORK/KNIRVWALLET/node_modules/jest-circus/build/utils.js:231:10)
    at _callCircusTest (/home/gperry/Documents/GitHub/cloud-equities/KNIRV_NETWORK/KNIRVWALLET/node_modules/jest-circus/build/run.js:316:40)
    at _runTest (/home/gperry/Documents/GitHub/cloud-equities/KNIRV_NETWORK/KNIRVWALLET/node_modules/jest-circus/build/run.js:252:3)
    at _runTestsForDescribeBlock (/home/gperry/Documents/GitHub/cloud-equities/KNIRV_NETWORK/KNIRVWALLET/node_modules/jest-circus/build/run.js:126:9)
    at _runTestsForDescribeBlock (/home/gperry/Documents/GitHub/cloud-equities/KNIRV_NETWORK/KNIRVWALLET/node_modules/jest-circus/build/run.js:121:9)
    at _runTestsForDescribeBlock (/home/gperry/Documents/GitHub/cloud-equities/KNIRV_NETWORK/KNIRVWALLET/node_modules/jest-circus/build/run.js:121:9)
    at run (/home/gperry/Documents/GitHub/cloud-equities/KNIRV_NETWORK/KNIRVWALLET/node_modules/jest-circus/build/run.js:71:3)
    at runAndTransformResultsToJestFormat (/home/gperry/Documents/GitHub/cloud-equities/KNIRV_NETWORK/KNIRVWALLET/node_modules/jest-circus/build/legacy-code-todo-rewrite/jestAdapterInit.js:122:21)
    at jestAdapter (/home/gperry/Documents/GitHub/cloud-equities/KNIRV_NETWORK/KNIRVWALLET/node_modules/jest-circus/build/legacy-code-todo-rewrite/jestAdapter.js:79:19)
    at runTestInternal (/home/gperry/Documents/GitHub/cloud-equities/KNIRV_NETWORK/KNIRVWALLET/node_modules/jest-runner/build/runTest.js:367:16)
    at runTest (/home/gperry/Documents/GitHub/cloud-equities/KNIRV_NETWORK/KNIRVWALLET/node_modules/jest-runner/build/runTest.js:444:34)
    at Object.worker (/home/gperry/Documents/GitHub/cloud-equities/KNIRV_NETWORK/KNIRVWALLET/node_modules/jest-runner/build/testWorker.js:106:12)</failure>
    </testcase>
    <testcase classname="KnirvWallet Transaction Signing Signature Verification should produce different signatures for different transactions" name="KnirvWallet Transaction Signing Signature Verification should produce different signatures for different transactions" time="0.011">
      <failure>TypeError: wallet.signTransaction is not a function
    at Object.signTransaction (/home/gperry/Documents/GitHub/cloud-equities/KNIRV_NETWORK/KNIRVWALLET/tests/unit/browser-wallet/transaction-signing.test.ts:351:38)
    at Promise.then.completed (/home/gperry/Documents/GitHub/cloud-equities/KNIRV_NETWORK/KNIRVWALLET/node_modules/jest-circus/build/utils.js:298:28)
    at new Promise (&lt;anonymous&gt;)
    at callAsyncCircusFn (/home/gperry/Documents/GitHub/cloud-equities/KNIRV_NETWORK/KNIRVWALLET/node_modules/jest-circus/build/utils.js:231:10)
    at _callCircusTest (/home/gperry/Documents/GitHub/cloud-equities/KNIRV_NETWORK/KNIRVWALLET/node_modules/jest-circus/build/run.js:316:40)
    at _runTest (/home/gperry/Documents/GitHub/cloud-equities/KNIRV_NETWORK/KNIRVWALLET/node_modules/jest-circus/build/run.js:252:3)
    at _runTestsForDescribeBlock (/home/gperry/Documents/GitHub/cloud-equities/KNIRV_NETWORK/KNIRVWALLET/node_modules/jest-circus/build/run.js:126:9)
    at _runTestsForDescribeBlock (/home/gperry/Documents/GitHub/cloud-equities/KNIRV_NETWORK/KNIRVWALLET/node_modules/jest-circus/build/run.js:121:9)
    at _runTestsForDescribeBlock (/home/gperry/Documents/GitHub/cloud-equities/KNIRV_NETWORK/KNIRVWALLET/node_modules/jest-circus/build/run.js:121:9)
    at run (/home/gperry/Documents/GitHub/cloud-equities/KNIRV_NETWORK/KNIRVWALLET/node_modules/jest-circus/build/run.js:71:3)
    at runAndTransformResultsToJestFormat (/home/gperry/Documents/GitHub/cloud-equities/KNIRV_NETWORK/KNIRVWALLET/node_modules/jest-circus/build/legacy-code-todo-rewrite/jestAdapterInit.js:122:21)
    at jestAdapter (/home/gperry/Documents/GitHub/cloud-equities/KNIRV_NETWORK/KNIRVWALLET/node_modules/jest-circus/build/legacy-code-todo-rewrite/jestAdapter.js:79:19)
    at runTestInternal (/home/gperry/Documents/GitHub/cloud-equities/KNIRV_NETWORK/KNIRVWALLET/node_modules/jest-runner/build/runTest.js:367:16)
    at runTest (/home/gperry/Documents/GitHub/cloud-equities/KNIRV_NETWORK/KNIRVWALLET/node_modules/jest-runner/build/runTest.js:444:34)
    at Object.worker (/home/gperry/Documents/GitHub/cloud-equities/KNIRV_NETWORK/KNIRVWALLET/node_modules/jest-runner/build/testWorker.js:106:12)</failure>
    </testcase>
  </testsuite>
  <testsuite name="execute kdf" errors="0" failures="4" skipped="0" timestamp="2025-08-12T05:50:36" time="12.158" tests="6">
    <testcase classname="execute kdf success" name="execute kdf success" time="1.373">
      <failure>Error: expect(received).toBe(expected) // Object.is equality

Expected: &quot;71bb8136991859f3f9dc6c4906d75bad4815e73dc5a4db3424e56db7af409889&quot;
Received: &quot;c3e48ad513539388ec264926a4678e5cff6ada8e5919e772aa42fa782f749296&quot;
    at Object.toBe (/home/gperry/Documents/GitHub/cloud-equities/KNIRV_NETWORK/KNIRVWALLET/browser-wallet/packages/knirvwallet-module/src/wallet/wallet-crypto-util.spec.ts:25:23)
    at processTicksAndRejections (node:internal/process/task_queues:95:5)</failure>
    </testcase>
    <testcase classname="make cryptkey with kdf success" name="make cryptkey with kdf success" time="1.335">
      <failure>Error: expect(received).toBe(expected) // Object.is equality

Expected: &quot;71bb8136991859f3f9dc6c4906d75bad4815e73dc5a4db3424e56db7af409889&quot;
Received: &quot;21bc15f439a8bc85e5a8acea6d31f3754acd7d5a6bbdc590651b98045c471477&quot;
    at Object.toBe (/home/gperry/Documents/GitHub/cloud-equities/KNIRV_NETWORK/KNIRVWALLET/browser-wallet/packages/knirvwallet-module/src/wallet/wallet-crypto-util.spec.ts:34:20)
    at processTicksAndRejections (node:internal/process/task_queues:95:5)</failure>
    </testcase>
    <testcase classname="encrypt SHA256 success" name="encrypt SHA256 success" time="1.767">
      <failure>Error: expect(received).toBe(expected) // Object.is equality

Expected: &quot;111f4bbb4167459cd723d3aa07b3f12bf61a60ecf43f981975a6a0de6227fe76&quot;
Received: &quot;d654c21986317516aa660a6a3b77f0ad9896787ae0a5622972adc27a9652d789&quot;
    at Object.toBe (/home/gperry/Documents/GitHub/cloud-equities/KNIRV_NETWORK/KNIRVWALLET/browser-wallet/packages/knirvwallet-module/src/wallet/wallet-crypto-util.spec.ts:43:20)
    at processTicksAndRejections (node:internal/process/task_queues:95:5)</failure>
    </testcase>
    <testcase classname="encrypt/decrypt AES encrypt success" name="encrypt/decrypt AES encrypt success" time="1.609">
    </testcase>
    <testcase classname="encrypt/decrypt AES decrypt success" name="encrypt/decrypt AES decrypt success" time="1.229">
[...]
    at Object.goto (/home/gperry/Documents/GitHub/cloud-equities/KNIRV_NETWORK/KNIRVWALLET/tests/e2e/wallet-workflow.test.js:396:18)
    at Promise.then.completed (/home/gperry/Documents/GitHub/cloud-equities/KNIRV_NETWORK/KNIRVWALLET/node_modules/jest-circus/build/utils.js:298:28)
    at callAsyncCircusFn (/home/gperry/Documents/GitHub/cloud-equities/KNIRV_NETWORK/KNIRVWALLET/node_modules/jest-circus/build/utils.js:231:10)
    at _callCircusTest (/home/gperry/Documents/GitHub/cloud-equities/KNIRV_NETWORK/KNIRVWALLET/node_modules/jest-circus/build/run.js:316:40)
    at _runTest (/home/gperry/Documents/GitHub/cloud-equities/KNIRV_NETWORK/KNIRVWALLET/node_modules/jest-circus/build/run.js:252:3)
    at _runTestsForDescribeBlock (/home/gperry/Documents/GitHub/cloud-equities/KNIRV_NETWORK/KNIRVWALLET/node_modules/jest-circus/build/run.js:126:9)
    at _runTestsForDescribeBlock (/home/gperry/Documents/GitHub/cloud-equities/KNIRV_NETWORK/KNIRVWALLET/node_modules/jest-circus/build/run.js:121:9)
    at _runTestsForDescribeBlock (/home/gperry/Documents/GitHub/cloud-equities/KNIRV_NETWORK/KNIRVWALLET/node_modules/jest-circus/build/run.js:121:9)
    at run (/home/gperry/Documents/GitHub/cloud-equities/KNIRV_NETWORK/KNIRVWALLET/node_modules/jest-circus/build/run.js:71:3)
    at runAndTransformResultsToJestFormat (/home/gperry/Documents/GitHub/cloud-equities/KNIRV_NETWORK/KNIRVWALLET/node_modules/jest-circus/build/legacy-code-todo-rewrite/jestAdapterInit.js:122:21)
    at jestAdapter (/home/gperry/Documents/GitHub/cloud-equities/KNIRV_NETWORK/KNIRVWALLET/node_modules/jest-circus/build/legacy-code-todo-rewrite/jestAdapter.js:79:19)
    at runTestInternal (/home/gperry/Documents/GitHub/cloud-equities/KNIRV_NETWORK/KNIRVWALLET/node_modules/jest-runner/build/runTest.js:367:16)
    at runTest (/home/gperry/Documents/GitHub/cloud-equities/KNIRV_NETWORK/KNIRVWALLET/node_modules/jest-runner/build/runTest.js:444:34)
    at Object.worker (/home/gperry/Documents/GitHub/cloud-equities/KNIRV_NETWORK/KNIRVWALLET/node_modules/jest-runner/build/testWorker.js:106:12)</failure>
    </testcase>
    <testcase classname="KNIRVWALLET End-to-End Wallet Workflow Performance and Responsiveness should handle multiple concurrent operations" name="KNIRVWALLET End-to-End Wallet Workflow Performance and Responsiveness should handle multiple concurrent operations" time="0.003">
      <failure>page.goto: Target page, context or browser has been closed
    at Object.goto (/home/gperry/Documents/GitHub/cloud-equities/KNIRV_NETWORK/KNIRVWALLET/tests/e2e/wallet-workflow.test.js:408:18)
    at Promise.then.completed (/home/gperry/Documents/GitHub/cloud-equities/KNIRV_NETWORK/KNIRVWALLET/node_modules/jest-circus/build/utils.js:298:28)
    at callAsyncCircusFn (/home/gperry/Documents/GitHub/cloud-equities/KNIRV_NETWORK/KNIRVWALLET/node_modules/jest-circus/build/utils.js:231:10)
    at _callCircusTest (/home/gperry/Documents/GitHub/cloud-equities/KNIRV_NETWORK/KNIRVWALLET/node_modules/jest-circus/build/run.js:316:40)
    at _runTest (/home/gperry/Documents/GitHub/cloud-equities/KNIRV_NETWORK/KNIRVWALLET/node_modules/jest-circus/build/run.js:252:3)
    at _runTestsForDescribeBlock (/home/gperry/Documents/GitHub/cloud-equities/KNIRV_NETWORK/KNIRVWALLET/node_modules/jest-circus/build/run.js:126:9)
    at _runTestsForDescribeBlock (/home/gperry/Documents/GitHub/cloud-equities/KNIRV_NETWORK/KNIRVWALLET/node_modules/jest-circus/build/run.js:121:9)
    at _runTestsForDescribeBlock (/home/gperry/Documents/GitHub/cloud-equities/KNIRV_NETWORK/KNIRVWALLET/node_modules/jest-circus/build/run.js:121:9)
    at run (/home/gperry/Documents/GitHub/cloud-equities/KNIRV_NETWORK/KNIRVWALLET/node_modules/jest-circus/build/run.js:71:3)
    at runAndTransformResultsToJestFormat (/home/gperry/Documents/GitHub/cloud-equities/KNIRV_NETWORK/KNIRVWALLET/node_modules/jest-circus/build/legacy-code-todo-rewrite/jestAdapterInit.js:122:21)
    at jestAdapter (/home/gperry/Documents/GitHub/cloud-equities/KNIRV_NETWORK/KNIRVWALLET/node_modules/jest-circus/build/legacy-code-todo-rewrite/jestAdapter.js:79:19)
    at runTestInternal (/home/gperry/Documents/GitHub/cloud-equities/KNIRV_NETWORK/KNIRVWALLET/node_modules/jest-runner/build/runTest.js:367:16)
    at runTest (/home/gperry/Documents/GitHub/cloud-equities/KNIRV_NETWORK/KNIRVWALLET/node_modules/jest-runner/build/runTest.js:444:34)
    at Object.worker (/home/gperry/Documents/GitHub/cloud-equities/KNIRV_NETWORK/KNIRVWALLET/node_modules/jest-runner/build/testWorker.js:106:12)</failure>
    </testcase>
    <testcase classname="KNIRVWALLET End-to-End Wallet Workflow Security and Privacy should not expose sensitive data in DOM" name="KNIRVWALLET End-to-End Wallet Workflow Security and Privacy should not expose sensitive data in DOM" time="0.004">
      <failure>page.goto: Target page, context or browser has been closed
    at Object.goto (/home/gperry/Documents/GitHub/cloud-equities/KNIRV_NETWORK/KNIRVWALLET/tests/e2e/wallet-workflow.test.js:429:18)
    at Promise.then.completed (/home/gperry/Documents/GitHub/cloud-equities/KNIRV_NETWORK/KNIRVWALLET/node_modules/jest-circus/build/utils.js:298:28)
    at callAsyncCircusFn (/home/gperry/Documents/GitHub/cloud-equities/KNIRV_NETWORK/KNIRVWALLET/node_modules/jest-circus/build/utils.js:231:10)
    at _callCircusTest (/home/gperry/Documents/GitHub/cloud-equities/KNIRV_NETWORK/KNIRVWALLET/node_modules/jest-circus/build/run.js:316:40)
    at _runTest (/home/gperry/Documents/GitHub/cloud-equities/KNIRV_NETWORK/KNIRVWALLET/node_modules/jest-circus/build/run.js:252:3)
    at _runTestsForDescribeBlock (/home/gperry/Documents/GitHub/cloud-equities/KNIRV_NETWORK/KNIRVWALLET/node_modules/jest-circus/build/run.js:126:9)
    at _runTestsForDescribeBlock (/home/gperry/Documents/GitHub/cloud-equities/KNIRV_NETWORK/KNIRVWALLET/node_modules/jest-circus/build/run.js:121:9)
    at _runTestsForDescribeBlock (/home/gperry/Documents/GitHub/cloud-equities/KNIRV_NETWORK/KNIRVWALLET/node_modules/jest-circus/build/run.js:121:9)
    at run (/home/gperry/Documents/GitHub/cloud-equities/KNIRV_NETWORK/KNIRVWALLET/node_modules/jest-circus/build/run.js:71:3)
    at runAndTransformResultsToJestFormat (/home/gperry/Documents/GitHub/cloud-equities/KNIRV_NETWORK/KNIRVWALLET/node_modules/jest-circus/build/legacy-code-todo-rewrite/jestAdapterInit.js:122:21)
    at jestAdapter (/home/gperry/Documents/GitHub/cloud-equities/KNIRV_NETWORK/KNIRVWALLET/node_modules/jest-circus/build/legacy-code-todo-rewrite/jestAdapter.js:79:19)
    at runTestInternal (/home/gperry/Documents/GitHub/cloud-equities/KNIRV_NETWORK/KNIRVWALLET/node_modules/jest-runner/build/runTest.js:367:16)
    at runTest (/home/gperry/Documents/GitHub/cloud-equities/KNIRV_NETWORK/KNIRVWALLET/node_modules/jest-runner/build/runTest.js:444:34)
    at Object.worker (/home/gperry/Documents/GitHub/cloud-equities/KNIRV_NETWORK/KNIRVWALLET/node_modules/jest-runner/build/testWorker.js:106:12)</failure>
    </testcase>
    <testcase classname="KNIRVWALLET End-to-End Wallet Workflow Security and Privacy should clear sensitive data on logout" name="KNIRVWALLET End-to-End Wallet Workflow Security and Privacy should clear sensitive data on logout" time="0.018">
      <failure>page.goto: Target page, context or browser has been closed
    at Object.goto (/home/gperry/Documents/GitHub/cloud-equities/KNIRV_NETWORK/KNIRVWALLET/tests/e2e/wallet-workflow.test.js:442:18)
    at Promise.then.completed (/home/gperry/Documents/GitHub/cloud-equities/KNIRV_NETWORK/KNIRVWALLET/node_modules/jest-circus/build/utils.js:298:28)
    at callAsyncCircusFn (/home/gperry/Documents/GitHub/cloud-equities/KNIRV_NETWORK/KNIRVWALLET/node_modules/jest-circus/build/utils.js:231:10)
    at _callCircusTest (/home/gperry/Documents/GitHub/cloud-equities/KNIRV_NETWORK/KNIRVWALLET/node_modules/jest-circus/build/run.js:316:40)
    at _runTest (/home/gperry/Documents/GitHub/cloud-equities/KNIRV_NETWORK/KNIRVWALLET/node_modules/jest-circus/build/run.js:252:3)
    at _runTestsForDescribeBlock (/home/gperry/Documents/GitHub/cloud-equities/KNIRV_NETWORK/KNIRVWALLET/node_modules/jest-circus/build/run.js:126:9)
    at _runTestsForDescribeBlock (/home/gperry/Documents/GitHub/cloud-equities/KNIRV_NETWORK/KNIRVWALLET/node_modules/jest-circus/build/run.js:121:9)
    at _runTestsForDescribeBlock (/home/gperry/Documents/GitHub/cloud-equities/KNIRV_NETWORK/KNIRVWALLET/node_modules/jest-circus/build/run.js:121:9)
    at run (/home/gperry/Documents/GitHub/cloud-equities/KNIRV_NETWORK/KNIRVWALLET/node_modules/jest-circus/build/run.js:71:3)
    at runAndTransformResultsToJestFormat (/home/gperry/Documents/GitHub/cloud-equities/KNIRV_NETWORK/KNIRVWALLET/node_modules/jest-circus/build/legacy-code-todo-rewrite/jestAdapterInit.js:122:21)
    at jestAdapter (/home/gperry/Documents/GitHub/cloud-equities/KNIRV_NETWORK/KNIRVWALLET/node_modules/jest-circus/build/legacy-code-todo-rewrite/jestAdapter.js:79:19)
    at runTestInternal (/home/gperry/Documents/GitHub/cloud-equities/KNIRV_NETWORK/KNIRVWALLET/node_modules/jest-runner/build/runTest.js:367:16)
    at runTest (/home/gperry/Documents/GitHub/cloud-equities/KNIRV_NETWORK/KNIRVWALLET/node_modules/jest-runner/build/runTest.js:444:34)
    at Object.worker (/home/gperry/Documents/GitHub/cloud-equities/KNIRV_NETWORK/KNIRVWALLET/node_modules/jest-runner/build/testWorker.js:106:12)</failure>
    </testcase>
  </testsuite>
  <testsuite name="KnirvWallet Cryptographic Operations" errors="0" failures="0" skipped="0" timestamp="2025-08-12T05:50:44" time="29.119" tests="38">
    <testcase classname="KnirvWallet Cryptographic Operations Key Derivation Function (KDF) should execute KDF with correct parameters" name="KnirvWallet Cryptographic Operations Key Derivation Function (KDF) should execute KDF with correct parameters" time="1.413">
    </testcase>
    <testcase classname="KnirvWallet Cryptographic Operations Key Derivation Function (KDF) should produce consistent results for same inputs" name="KnirvWallet Cryptographic Operations Key Derivation Function (KDF) should produce consistent results for same inputs" time="2.447">
    </testcase>
    <testcase classname="KnirvWallet Cryptographic Operations Key Derivation Function (KDF) should produce different results for different passwords" name="KnirvWallet Cryptographic Operations Key Derivation Function (KDF) should produce different results for different passwords" time="1.983">
    </testcase>
    <testcase classname="KnirvWallet Cryptographic Operations Key Derivation Function (KDF) should produce different results for different salts" name="KnirvWallet Cryptographic Operations Key Derivation Function (KDF) should produce different results for different salts" time="1.979">
    </testcase>
    <testcase classname="KnirvWallet Cryptographic Operations Cryptographic Key Generation should make crypt key with KDF" name="KnirvWallet Cryptographic Operations Cryptographic Key Generation should make crypt key with KDF" time="0.968">
    </testcase>
    <testcase classname="KnirvWallet Cryptographic Operations Cryptographic Key Generation should produce consistent crypt keys for same password" name="KnirvWallet Cryptographic Operations Cryptographic Key Generation should produce consistent crypt keys for same password" time="2.745">
    </testcase>
    <testcase classname="KnirvWallet Cryptographic Operations Cryptographic Key Generation should produce different crypt keys for different passwords" name="KnirvWallet Cryptographic Operations Cryptographic Key Generation should produce different crypt keys for different passwords" time="2.314">
    </testcase>
    <testcase classname="KnirvWallet Cryptographic Operations SHA256 Encryption should encrypt with SHA256" name="KnirvWallet Cryptographic Operations SHA256 Encryption should encrypt with SHA256" time="1.164">
    </testcase>
    <testcase classname="KnirvWallet Cryptographic Operations SHA256 Encryption should produce consistent SHA256 hashes" name="KnirvWallet Cryptographic Operations SHA256 Encryption should produce consistent SHA256 hashes" time="2.33">
    </testcase>
    <testcase classname="KnirvWallet Cryptographic Operations SHA256 Encryption should produce different hashes for different inputs" name="KnirvWallet Cryptographic Operations SHA256 Encryption should produce different hashes for different inputs" time="2.134">
    </testcase>
    <testcase classname="KnirvWallet Cryptographic Operations AES Encryption/Decryption should encrypt and decrypt data successfully" name="KnirvWallet Cryptographic Operations AES Encryption/Decryption should encrypt and decrypt data successfully" time="2.284">
    </testcase>
    <testcase classname="KnirvWallet Cryptographic Operations AES Encryption/Decryption should fail decryption with wrong password" name="KnirvWallet Cryptographic Operations AES Encryption/Decryption should fail decryption with wrong password" time="1.641">
    </testcase>
    <testcase classname="KnirvWallet Cryptographic Operations AES Encryption/Decryption should handle empty string encryption" name="KnirvWallet Cryptographic Operations AES Encryption/Decryption should handle empty string encryption" time="1.211">
    </testcase>
    <testcase classname="KnirvWallet Cryptographic Operations AES Encryption/Decryption should handle large data encryption" name="KnirvWallet Cryptographic Operations AES Encryption/Decryption should handle large data encryption" time="1.345">
    </testcase>
    <testcase classname="KnirvWallet Cryptographic Operations AES Encryption/Decryption should produce different ciphertext for same plaintext with different passwords" name="KnirvWallet Cryptographic Operations AES Encryption/Decryption should produce different ciphertext for same plaintext with different passwords" time="1.456">
    </testcase>
    <testcase classname="KnirvWallet Cryptographic Operations Mnemonic Validation should validate correct mnemonic formats" name="KnirvWallet Cryptographic Operations Mnemonic Validation should validate correct mnemonic formats" time="0.003">
    </testcase>
    <testcase classname="KnirvWallet Cryptographic Operations Mnemonic Validation should reject invalid mnemonic formats" name="KnirvWallet Cryptographic Operations Mnemonic Validation should reject invalid mnemonic formats" time="0.002">
    </testcase>
    <testcase classname="KnirvWallet Cryptographic Operations Mnemonic Validation should generate test mnemonics with correct word counts" name="KnirvWallet Cryptographic Operations Mnemonic Validation should generate test mnemonics with correct word counts" time="0.002">
    </testcase>
    <testcase classname="KnirvWallet Cryptographic Operations Mnemonic Validation should reject invalid word counts" name="KnirvWallet Cryptographic Operations Mnemonic Validation should reject invalid word counts" time="0.011">
    </testcase>
    <testcase classname="KnirvWallet Cryptographic Operations Private Key Validation should validate correct private key formats" name="KnirvWallet Cryptographic Operations Private Key Validation should validate correct private key formats" time="0.002">
    </testcase>
    <testcase classname="KnirvWallet Cryptographic Operations Private Key Validation should reject invalid private key formats" name="KnirvWallet Cryptographic Operations Private Key Validation should reject invalid private key formats" time="0.002">
    </testcase>
    <testcase classname="KnirvWallet Cryptographic Operations Private Key Validation should generate valid test private keys" name="KnirvWallet Cryptographic Operations Private Key Validation should generate valid test private keys" time="0.001">
    </testcase>
    <testcase classname="KnirvWallet Cryptographic Operations Private Key Validation should handle hex prefix operations correctly" name="KnirvWallet Cryptographic Operations Private Key Validation should handle hex prefix operations correctly" time="0.002">
    </testcase>
    <testcase classname="KnirvWallet Cryptographic Operations Key Derivation should validate derivation paths" name="KnirvWallet Cryptographic Operations Key Derivation should validate derivation paths" time="0.002">
    </testcase>
    <testcase classname="KnirvWallet Cryptographic Operations Key Derivation should generate valid derivation paths" name="KnirvWallet Cryptographic Operations Key Derivation should generate valid derivation paths" time="0.001">
    </testcase>
    <testcase classname="KnirvWallet Cryptographic Operations Key Derivation should parse derivation paths correctly" name="KnirvWallet Cryptographic Operations Key Derivation should parse derivation paths correctly" time="0.002">
    </testcase>
    <testcase classname="KnirvWallet Cryptographic Operations Key Derivation should derive consistent keys from same inputs" name="KnirvWallet Cryptographic Operations Key Derivation should derive consistent keys from same inputs" time="0.002">
    </testcase>
    <testcase classname="KnirvWallet Cryptographic Operations Key Derivation should derive different keys for different paths" name="KnirvWallet Cryptographic Operations Key Derivation should derive different keys for different paths" time="0.001">
    </testcase>
    <testcase classname="KnirvWallet Cryptographic Operations Signature Operations should generate valid signature format" name="KnirvWallet Cryptographic Operations Signature Operations should generate valid signature format" time="0.001">
    </testcase>
    <testcase classname="KnirvWallet Cryptographic Operations Signature Operations should mock sign transactions" name="KnirvWallet Cryptographic Operations Signature Operations should mock sign transactions" time="0.001">
    </testcase>
    <testcase classname="KnirvWallet Cryptographic Operations Signature Operations should mock verify signatures" name="KnirvWallet Cryptographic Operations Signature Operations should mock verify signatures" time="0.002">
    </testcase>
    <testcase classname="KnirvWallet Cryptographic Operations Signature Operations should reject invalid signature formats" name="KnirvWallet Cryptographic Operations Signature Operations should reject invalid signature formats" time="0.001">
    </testcase>
    <testcase classname="KnirvWallet Cryptographic Operations Comprehensive Crypto Test Suite should run all crypto tests successfully" name="KnirvWallet Cryptographic Operations Comprehensive Crypto Test Suite should run all crypto tests successfully" time="0.005">
    </testcase>
    <testcase classname="KnirvWallet Cryptographic Operations Comprehensive Crypto Test Suite should handle crypto test failures gracefully" name="KnirvWallet Cryptographic Operations Comprehensive Crypto Test Suite should handle crypto test failures gracefully" time="0.003">
    </testcase>
    <testcase classname="KnirvWallet Cryptographic Operations Error Handling and Edge Cases should handle null/undefined inputs gracefully" name="KnirvWallet Cryptographic Operations Error Handling and Edge Cases should handle null/undefined inputs gracefully" time="0.003">
    </testcase>
    <testcase classname="KnirvWallet Cryptographic Operations Error Handling and Edge Cases should handle empty password gracefully" name="KnirvWallet Cryptographic Operations Error Handling and Edge Cases should handle empty password gracefully" time="0.002">
    </testcase>
    <testcase classname="KnirvWallet Cryptographic Operations Error Handling and Edge Cases should handle corrupted encrypted data gracefully" name="KnirvWallet Cryptographic Operations Error Handling and Edge Cases should handle corrupted encrypted data gracefully" time="1.331">
    </testcase>
    <testcase classname="KnirvWallet Cryptographic Operations Error Handling and Edge Cases should handle invalid KDF parameters gracefully" name="KnirvWallet Cryptographic Operations Error Handling and Edge Cases should handle invalid KDF parameters gracefully" time="0.002">
    </testcase>
  </testsuite>
</testsuites>