<?xml version="1.0" encoding="UTF-8"?>
<testsuites name="KNIRVWALLET Tests" tests="28" failures="10" errors="0" time="8.867">
  <testsuite name="KnirvWallet Keyring Management" errors="0" failures="10" skipped="0" timestamp="2025-08-12T03:53:48" time="7.28" tests="28">
    <testcase classname="KnirvWallet Keyring Management HD Keyring Management should create HD keyring with correct properties" name="KnirvWallet Keyring Management HD Keyring Management should create HD keyring with correct properties" time="0.035">
      <failure>Error: expect(received).toBe(expected) // Object.is equality

Expected: &quot;abandon abandon abandon abandon abandon abandon abandon abandon abandon abandon abandon about&quot;
Received: undefined
    at Object.toBe (/home/gperry/Documents/GitHub/cloud-equities/KNIRV_NETWORK/KNIRVWALLET/tests/unit/browser-wallet/keyring-management.test.ts:24:32)
    at Promise.then.completed (/home/gperry/Documents/GitHub/cloud-equities/KNIRV_NETWORK/KNIRVWALLET/node_modules/jest-circus/build/utils.js:298:28)
    at new Promise (&lt;anonymous&gt;)
    at callAsyncCircusFn (/home/gperry/Documents/GitHub/cloud-equities/KNIRV_NETWORK/KNIRVWALLET/node_modules/jest-circus/build/utils.js:231:10)
    at _callCircusTest (/home/gperry/Documents/GitHub/cloud-equities/KNIRV_NETWORK/KNIRVWALLET/node_modules/jest-circus/build/run.js:316:40)
    at _runTest (/home/gperry/Documents/GitHub/cloud-equities/KNIRV_NETWORK/KNIRVWALLET/node_modules/jest-circus/build/run.js:252:3)
    at _runTestsForDescribeBlock (/home/gperry/Documents/GitHub/cloud-equities/KNIRV_NETWORK/KNIRVWALLET/node_modules/jest-circus/build/run.js:126:9)
    at _runTestsForDescribeBlock (/home/gperry/Documents/GitHub/cloud-equities/KNIRV_NETWORK/KNIRVWALLET/node_modules/jest-circus/build/run.js:121:9)
    at _runTestsForDescribeBlock (/home/gperry/Documents/GitHub/cloud-equities/KNIRV_NETWORK/KNIRVWALLET/node_modules/jest-circus/build/run.js:121:9)
    at run (/home/gperry/Documents/GitHub/cloud-equities/KNIRV_NETWORK/KNIRVWALLET/node_modules/jest-circus/build/run.js:71:3)
    at runAndTransformResultsToJestFormat (/home/gperry/Documents/GitHub/cloud-equities/KNIRV_NETWORK/KNIRVWALLET/node_modules/jest-circus/build/legacy-code-todo-rewrite/jestAdapterInit.js:122:21)
    at jestAdapter (/home/gperry/Documents/GitHub/cloud-equities/KNIRV_NETWORK/KNIRVWALLET/node_modules/jest-circus/build/legacy-code-todo-rewrite/jestAdapter.js:79:19)
    at runTestInternal (/home/gperry/Documents/GitHub/cloud-equities/KNIRV_NETWORK/KNIRVWALLET/node_modules/jest-runner/build/runTest.js:367:16)
    at runTest (/home/gperry/Documents/GitHub/cloud-equities/KNIRV_NETWORK/KNIRVWALLET/node_modules/jest-runner/build/runTest.js:444:34)</failure>
    </testcase>
    <testcase classname="KnirvWallet Keyring Management HD Keyring Management should derive multiple accounts from HD keyring" name="KnirvWallet Keyring Management HD Keyring Management should derive multiple accounts from HD keyring" time="0.045">
    </testcase>
    <testcase classname="KnirvWallet Keyring Management HD Keyring Management should generate unique addresses for different derivation paths" name="KnirvWallet Keyring Management HD Keyring Management should generate unique addresses for different derivation paths" time="0.027">
      <failure>Error: expect(received).toBe(expected) // Object.is equality

Expected: 3
Received: 1
    at Object.toBe (/home/gperry/Documents/GitHub/cloud-equities/KNIRV_NETWORK/KNIRVWALLET/tests/unit/browser-wallet/keyring-management.test.ts:49:36)</failure>
    </testcase>
    <testcase classname="KnirvWallet Keyring Management HD Keyring Management should maintain consistent addresses for same mnemonic and path" name="KnirvWallet Keyring Management HD Keyring Management should maintain consistent addresses for same mnemonic and path" time="0.023">
    </testcase>
    <testcase classname="KnirvWallet Keyring Management HD Keyring Management should handle mnemonic validation correctly" name="KnirvWallet Keyring Management HD Keyring Management should handle mnemonic validation correctly" time="0.009">
    </testcase>
    <testcase classname="KnirvWallet Keyring Management HD Keyring Management should reject invalid mnemonic in keyring creation" name="KnirvWallet Keyring Management HD Keyring Management should reject invalid mnemonic in keyring creation" time="0.006">
    </testcase>
    <testcase classname="KnirvWallet Keyring Management Private Key Keyring Management should create private key keyring with correct properties" name="KnirvWallet Keyring Management Private Key Keyring Management should create private key keyring with correct properties" time="0.116">
    </testcase>
    <testcase classname="KnirvWallet Keyring Management Private Key Keyring Management should create single account from private key" name="KnirvWallet Keyring Management Private Key Keyring Management should create single account from private key" time="0.004">
    </testcase>
    <testcase classname="KnirvWallet Keyring Management Private Key Keyring Management should handle private key with 0x prefix" name="KnirvWallet Keyring Management Private Key Keyring Management should handle private key with 0x prefix" time="0.004">
      <failure>Error: input data is not a valid secp256k1 private key
    at Function.makeKeypair (/home/gperry/Documents/GitHub/cloud-equities/KNIRV_NETWORK/KNIRVWALLET/browser-wallet/node_modules/@cosmjs/crypto/src/secp256k1.ts:41:13)
    at Function.fromKey (/home/gperry/Documents/GitHub/cloud-equities/KNIRV_NETWORK/KNIRVWALLET/browser-wallet/node_modules/@cosmjs/amino/src/secp256k1wallet.ts:22:43)
    at Function.fromKey [as fromPrivateKey] (/home/gperry/Documents/GitHub/cloud-equities/KNIRV_NETWORK/KNIRVWALLET/browser-wallet/packages/knirvwallet-module/src/wallet/keyring/web3-auth-keyring.ts:148:42)
    at Function.fromPrivateKey [as createByWeb3Auth] (/home/gperry/Documents/GitHub/cloud-equities/KNIRV_NETWORK/KNIRVWALLET/browser-wallet/packages/knirvwallet-module/src/wallet/wallet.ts:483:43)
    at Object.createByWeb3Auth (/home/gperry/Documents/GitHub/cloud-equities/KNIRV_NETWORK/KNIRVWALLET/tests/unit/browser-wallet/keyring-management.test.ts:94:50)
    at Promise.then.completed (/home/gperry/Documents/GitHub/cloud-equities/KNIRV_NETWORK/KNIRVWALLET/node_modules/jest-circus/build/utils.js:298:28)
    at new Promise (&lt;anonymous&gt;)
    at callAsyncCircusFn (/home/gperry/Documents/GitHub/cloud-equities/KNIRV_NETWORK/KNIRVWALLET/node_modules/jest-circus/build/utils.js:231:10)
    at _callCircusTest (/home/gperry/Documents/GitHub/cloud-equities/KNIRV_NETWORK/KNIRVWALLET/node_modules/jest-circus/build/run.js:316:40)
    at _runTest (/home/gperry/Documents/GitHub/cloud-equities/KNIRV_NETWORK/KNIRVWALLET/node_modules/jest-circus/build/run.js:252:3)
    at _runTestsForDescribeBlock (/home/gperry/Documents/GitHub/cloud-equities/KNIRV_NETWORK/KNIRVWALLET/node_modules/jest-circus/build/run.js:126:9)
    at _runTestsForDescribeBlock (/home/gperry/Documents/GitHub/cloud-equities/KNIRV_NETWORK/KNIRVWALLET/node_modules/jest-circus/build/run.js:121:9)
    at _runTestsForDescribeBlock (/home/gperry/Documents/GitHub/cloud-equities/KNIRV_NETWORK/KNIRVWALLET/node_modules/jest-circus/build/run.js:121:9)
    at run (/home/gperry/Documents/GitHub/cloud-equities/KNIRV_NETWORK/KNIRVWALLET/node_modules/jest-circus/build/run.js:71:3)
    at runAndTransformResultsToJestFormat (/home/gperry/Documents/GitHub/cloud-equities/KNIRV_NETWORK/KNIRVWALLET/node_modules/jest-circus/build/legacy-code-todo-rewrite/jestAdapterInit.js:122:21)
    at jestAdapter (/home/gperry/Documents/GitHub/cloud-equities/KNIRV_NETWORK/KNIRVWALLET/node_modules/jest-circus/build/legacy-code-todo-rewrite/jestAdapter.js:79:19)
    at runTestInternal (/home/gperry/Documents/GitHub/cloud-equities/KNIRV_NETWORK/KNIRVWALLET/node_modules/jest-runner/build/runTest.js:367:16)
    at runTest (/home/gperry/Documents/GitHub/cloud-equities/KNIRV_NETWORK/KNIRVWALLET/node_modules/jest-runner/build/runTest.js:444:34)</failure>
    </testcase>
    <testcase classname="KnirvWallet Keyring Management Private Key Keyring Management should generate consistent address for same private key" name="KnirvWallet Keyring Management Private Key Keyring Management should generate consistent address for same private key" time="0.009">
    </testcase>
    <testcase classname="KnirvWallet Keyring Management Private Key Keyring Management should validate private key keyring structure" name="KnirvWallet Keyring Management Private Key Keyring Management should validate private key keyring structure" time="0.004">
    </testcase>
    <testcase classname="KnirvWallet Keyring Management Ledger Keyring Management should create Ledger keyring with correct properties" name="KnirvWallet Keyring Management Ledger Keyring Management should create Ledger keyring with correct properties" time="0.035">
      <failure>Error: Unknown transport error
    at Function.fromReturnCode (/home/gperry/Documents/GitHub/cloud-equities/KNIRV_NETWORK/KNIRVWALLET/browser-wallet/node_modules/@zondax/ledger-js/src/responseError.ts:45:12)
    at processErrorResponse (/home/gperry/Documents/GitHub/cloud-equities/KNIRV_NETWORK/KNIRVWALLET/browser-wallet/node_modules/@zondax/ledger-js/src/common.ts:89:24)
    at CosmosApp.appInfo (/home/gperry/Documents/GitHub/cloud-equities/KNIRV_NETWORK/KNIRVWALLET/browser-wallet/node_modules/@zondax/ledger-js/src/app.ts:266:33)
    at MockLedgerConnector.getOpenAppName (/home/gperry/Documents/GitHub/cloud-equities/KNIRV_NETWORK/KNIRVWALLET/browser-wallet/node_modules/@cosmjs/ledger-amino/src/ledgerconnector.ts:123:22)
    at MockLedgerConnector.verifyCosmosAppIsOpen (/home/gperry/Documents/GitHub/cloud-equities/KNIRV_NETWORK/KNIRVWALLET/browser-wallet/node_modules/@cosmjs/ledger-amino/src/ledgerconnector.ts:137:21)
    at MockLedgerConnector.getCosmosAppVersion (/home/gperry/Documents/GitHub/cloud-equities/KNIRV_NETWORK/KNIRVWALLET/browser-wallet/node_modules/@cosmjs/ledger-amino/src/ledgerconnector.ts:71:5)
    at MockLedgerConnector.verifyAppVersion (/home/gperry/Documents/GitHub/cloud-equities/KNIRV_NETWORK/KNIRVWALLET/browser-wallet/node_modules/@cosmjs/ledger-amino/src/ledgerconnector.ts:128:21)
    at MockLedgerConnector.verifyDeviceIsReady (/home/gperry/Documents/GitHub/cloud-equities/KNIRV_NETWORK/KNIRVWALLET/browser-wallet/node_modules/@cosmjs/ledger-amino/src/ledgerconnector.ts:150:5)
    at MockLedgerConnector.getPubkey (/home/gperry/Documents/GitHub/cloud-equities/KNIRV_NETWORK/KNIRVWALLET/browser-wallet/node_modules/@cosmjs/ledger-amino/src/ledgerconnector.ts:82:5)
    at Function.createBy (/home/gperry/Documents/GitHub/cloud-equities/KNIRV_NETWORK/KNIRVWALLET/browser-wallet/packages/knirvwallet-module/src/wallet/account/ledger-account.ts:68:23)
    at Function.createByLedger (/home/gperry/Documents/GitHub/cloud-equities/KNIRV_NETWORK/KNIRVWALLET/browser-wallet/packages/knirvwallet-module/src/wallet/wallet.ts:472:23)
    at Object.&lt;anonymous&gt; (/home/gperry/Documents/GitHub/cloud-equities/KNIRV_NETWORK/KNIRVWALLET/tests/unit/browser-wallet/keyring-management.test.ts:121:16)</failure>
    </testcase>
    <testcase classname="KnirvWallet Keyring Management Ledger Keyring Management should create multiple Ledger accounts" name="KnirvWallet Keyring Management Ledger Keyring Management should create multiple Ledger accounts" time="0.004">
      <failure>Error: Unknown transport error
    at Function.fromReturnCode (/home/gperry/Documents/GitHub/cloud-equities/KNIRV_NETWORK/KNIRVWALLET/browser-wallet/node_modules/@zondax/ledger-js/src/responseError.ts:45:12)
    at processErrorResponse (/home/gperry/Documents/GitHub/cloud-equities/KNIRV_NETWORK/KNIRVWALLET/browser-wallet/node_modules/@zondax/ledger-js/src/common.ts:89:24)
    at CosmosApp.appInfo (/home/gperry/Documents/GitHub/cloud-equities/KNIRV_NETWORK/KNIRVWALLET/browser-wallet/node_modules/@zondax/ledger-js/src/app.ts:266:33)
    at MockLedgerConnector.getOpenAppName (/home/gperry/Documents/GitHub/cloud-equities/KNIRV_NETWORK/KNIRVWALLET/browser-wallet/node_modules/@cosmjs/ledger-amino/src/ledgerconnector.ts:123:22)
    at MockLedgerConnector.verifyCosmosAppIsOpen (/home/gperry/Documents/GitHub/cloud-equities/KNIRV_NETWORK/KNIRVWALLET/browser-wallet/node_modules/@cosmjs/ledger-amino/src/ledgerconnector.ts:137:21)
    at MockLedgerConnector.getCosmosAppVersion (/home/gperry/Documents/GitHub/cloud-equities/KNIRV_NETWORK/KNIRVWALLET/browser-wallet/node_modules/@cosmjs/ledger-amino/src/ledgerconnector.ts:71:5)
    at MockLedgerConnector.verifyAppVersion (/home/gperry/Documents/GitHub/cloud-equities/KNIRV_NETWORK/KNIRVWALLET/browser-wallet/node_modules/@cosmjs/ledger-amino/src/ledgerconnector.ts:128:21)
    at MockLedgerConnector.verifyDeviceIsReady (/home/gperry/Documents/GitHub/cloud-equities/KNIRV_NETWORK/KNIRVWALLET/browser-wallet/node_modules/@cosmjs/ledger-amino/src/ledgerconnector.ts:150:5)
    at MockLedgerConnector.getPubkey (/home/gperry/Documents/GitHub/cloud-equities/KNIRV_NETWORK/KNIRVWALLET/browser-wallet/node_modules/@cosmjs/ledger-amino/src/ledgerconnector.ts:82:5)
    at Function.createBy (/home/gperry/Documents/GitHub/cloud-equities/KNIRV_NETWORK/KNIRVWALLET/browser-wallet/packages/knirvwallet-module/src/wallet/account/ledger-account.ts:68:23)
    at Function.createByLedger (/home/gperry/Documents/GitHub/cloud-equities/KNIRV_NETWORK/KNIRVWALLET/browser-wallet/packages/knirvwallet-module/src/wallet/wallet.ts:472:23)
    at Object.&lt;anonymous&gt; (/home/gperry/Documents/GitHub/cloud-equities/KNIRV_NETWORK/KNIRVWALLET/tests/unit/browser-wallet/keyring-management.test.ts:121:16)</failure>
    </testcase>
    <testcase classname="KnirvWallet Keyring Management Ledger Keyring Management should validate Ledger keyring structure" name="KnirvWallet Keyring Management Ledger Keyring Management should validate Ledger keyring structure" time="0.003">
      <failure>Error: Unknown transport error
    at Function.fromReturnCode (/home/gperry/Documents/GitHub/cloud-equities/KNIRV_NETWORK/KNIRVWALLET/browser-wallet/node_modules/@zondax/ledger-js/src/responseError.ts:45:12)
    at processErrorResponse (/home/gperry/Documents/GitHub/cloud-equities/KNIRV_NETWORK/KNIRVWALLET/browser-wallet/node_modules/@zondax/ledger-js/src/common.ts:89:24)
    at CosmosApp.appInfo (/home/gperry/Documents/GitHub/cloud-equities/KNIRV_NETWORK/KNIRVWALLET/browser-wallet/node_modules/@zondax/ledger-js/src/app.ts:266:33)
    at MockLedgerConnector.getOpenAppName (/home/gperry/Documents/GitHub/cloud-equities/KNIRV_NETWORK/KNIRVWALLET/browser-wallet/node_modules/@cosmjs/ledger-amino/src/ledgerconnector.ts:123:22)
    at MockLedgerConnector.verifyCosmosAppIsOpen (/home/gperry/Documents/GitHub/cloud-equities/KNIRV_NETWORK/KNIRVWALLET/browser-wallet/node_modules/@cosmjs/ledger-amino/src/ledgerconnector.ts:137:21)
    at MockLedgerConnector.getCosmosAppVersion (/home/gperry/Documents/GitHub/cloud-equities/KNIRV_NETWORK/KNIRVWALLET/browser-wallet/node_modules/@cosmjs/ledger-amino/src/ledgerconnector.ts:71:5)
    at MockLedgerConnector.verifyAppVersion (/home/gperry/Documents/GitHub/cloud-equities/KNIRV_NETWORK/KNIRVWALLET/browser-wallet/node_modules/@cosmjs/ledger-amino/src/ledgerconnector.ts:128:21)
    at MockLedgerConnector.verifyDeviceIsReady (/home/gperry/Documents/GitHub/cloud-equities/KNIRV_NETWORK/KNIRVWALLET/browser-wallet/node_modules/@cosmjs/ledger-amino/src/ledgerconnector.ts:150:5)
    at MockLedgerConnector.getPubkey (/home/gperry/Documents/GitHub/cloud-equities/KNIRV_NETWORK/KNIRVWALLET/browser-wallet/node_modules/@cosmjs/ledger-amino/src/ledgerconnector.ts:82:5)
    at Function.createBy (/home/gperry/Documents/GitHub/cloud-equities/KNIRV_NETWORK/KNIRVWALLET/browser-wallet/packages/knirvwallet-module/src/wallet/account/ledger-account.ts:68:23)
    at Function.createByLedger (/home/gperry/Documents/GitHub/cloud-equities/KNIRV_NETWORK/KNIRVWALLET/browser-wallet/packages/knirvwallet-module/src/wallet/wallet.ts:472:23)
    at Object.&lt;anonymous&gt; (/home/gperry/Documents/GitHub/cloud-equities/KNIRV_NETWORK/KNIRVWALLET/tests/unit/browser-wallet/keyring-management.test.ts:121:16)</failure>
    </testcase>
    <testcase classname="KnirvWallet Keyring Management Ledger Keyring Management should handle Ledger device connection" name="KnirvWallet Keyring Management Ledger Keyring Management should handle Ledger device connection" time="0.003">
      <failure>Error: Unknown transport error
    at Function.fromReturnCode (/home/gperry/Documents/GitHub/cloud-equities/KNIRV_NETWORK/KNIRVWALLET/browser-wallet/node_modules/@zondax/ledger-js/src/responseError.ts:45:12)
    at processErrorResponse (/home/gperry/Documents/GitHub/cloud-equities/KNIRV_NETWORK/KNIRVWALLET/browser-wallet/node_modules/@zondax/ledger-js/src/common.ts:89:24)
    at CosmosApp.appInfo (/home/gperry/Documents/GitHub/cloud-equities/KNIRV_NETWORK/KNIRVWALLET/browser-wallet/node_modules/@zondax/ledger-js/src/app.ts:266:33)
    at MockLedgerConnector.getOpenAppName (/home/gperry/Documents/GitHub/cloud-equities/KNIRV_NETWORK/KNIRVWALLET/browser-wallet/node_modules/@cosmjs/ledger-amino/src/ledgerconnector.ts:123:22)
    at MockLedgerConnector.verifyCosmosAppIsOpen (/home/gperry/Documents/GitHub/cloud-equities/KNIRV_NETWORK/KNIRVWALLET/browser-wallet/node_modules/@cosmjs/ledger-amino/src/ledgerconnector.ts:137:21)
    at MockLedgerConnector.getCosmosAppVersion (/home/gperry/Documents/GitHub/cloud-equities/KNIRV_NETWORK/KNIRVWALLET/browser-wallet/node_modules/@cosmjs/ledger-amino/src/ledgerconnector.ts:71:5)
    at MockLedgerConnector.verifyAppVersion (/home/gperry/Documents/GitHub/cloud-equities/KNIRV_NETWORK/KNIRVWALLET/browser-wallet/node_modules/@cosmjs/ledger-amino/src/ledgerconnector.ts:128:21)
    at MockLedgerConnector.verifyDeviceIsReady (/home/gperry/Documents/GitHub/cloud-equities/KNIRV_NETWORK/KNIRVWALLET/browser-wallet/node_modules/@cosmjs/ledger-amino/src/ledgerconnector.ts:150:5)
    at MockLedgerConnector.getPubkey (/home/gperry/Documents/GitHub/cloud-equities/KNIRV_NETWORK/KNIRVWALLET/browser-wallet/node_modules/@cosmjs/ledger-amino/src/ledgerconnector.ts:82:5)
    at Function.createBy (/home/gperry/Documents/GitHub/cloud-equities/KNIRV_NETWORK/KNIRVWALLET/browser-wallet/packages/knirvwallet-module/src/wallet/account/ledger-account.ts:68:23)
    at Function.createByLedger (/home/gperry/Documents/GitHub/cloud-equities/KNIRV_NETWORK/KNIRVWALLET/browser-wallet/packages/knirvwallet-module/src/wallet/wallet.ts:472:23)
    at Object.&lt;anonymous&gt; (/home/gperry/Documents/GitHub/cloud-equities/KNIRV_NETWORK/KNIRVWALLET/tests/unit/browser-wallet/keyring-management.test.ts:121:16)</failure>
    </testcase>
    <testcase classname="KnirvWallet Keyring Management Address-only Keyring Management should create address-only keyring with correct properties" name="KnirvWallet Keyring Management Address-only Keyring Management should create address-only keyring with correct properties" time="0.005">
      <failure>Error: Address keyring missing address
    at Function.validateKeyringStructure (/home/gperry/Documents/GitHub/cloud-equities/KNIRV_NETWORK/KNIRVWALLET/test-utils/wallet-test-utils.ts:289:17)
    at Object.validateKeyringStructure (/home/gperry/Documents/GitHub/cloud-equities/KNIRV_NETWORK/KNIRVWALLET/tests/unit/browser-wallet/keyring-management.test.ts:173:31)
    at Promise.then.completed (/home/gperry/Documents/GitHub/cloud-equities/KNIRV_NETWORK/KNIRVWALLET/node_modules/jest-circus/build/utils.js:298:28)
    at new Promise (&lt;anonymous&gt;)
    at callAsyncCircusFn (/home/gperry/Documents/GitHub/cloud-equities/KNIRV_NETWORK/KNIRVWALLET/node_modules/jest-circus/build/utils.js:231:10)
    at _callCircusTest (/home/gperry/Documents/GitHub/cloud-equities/KNIRV_NETWORK/KNIRVWALLET/node_modules/jest-circus/build/run.js:316:40)
    at _runTest (/home/gperry/Documents/GitHub/cloud-equities/KNIRV_NETWORK/KNIRVWALLET/node_modules/jest-circus/build/run.js:252:3)
    at _runTestsForDescribeBlock (/home/gperry/Documents/GitHub/cloud-equities/KNIRV_NETWORK/KNIRVWALLET/node_modules/jest-circus/build/run.js:126:9)
    at _runTestsForDescribeBlock (/home/gperry/Documents/GitHub/cloud-equities/KNIRV_NETWORK/KNIRVWALLET/node_modules/jest-circus/build/run.js:121:9)
    at _runTestsForDescribeBlock (/home/gperry/Documents/GitHub/cloud-equities/KNIRV_NETWORK/KNIRVWALLET/node_modules/jest-circus/build/run.js:121:9)
    at run (/home/gperry/Documents/GitHub/cloud-equities/KNIRV_NETWORK/KNIRVWALLET/node_modules/jest-circus/build/run.js:71:3)
    at runAndTransformResultsToJestFormat (/home/gperry/Documents/GitHub/cloud-equities/KNIRV_NETWORK/KNIRVWALLET/node_modules/jest-circus/build/legacy-code-todo-rewrite/jestAdapterInit.js:122:21)
    at jestAdapter (/home/gperry/Documents/GitHub/cloud-equities/KNIRV_NETWORK/KNIRVWALLET/node_modules/jest-circus/build/legacy-code-todo-rewrite/jestAdapter.js:79:19)
    at runTestInternal (/home/gperry/Documents/GitHub/cloud-equities/KNIRV_NETWORK/KNIRVWALLET/node_modules/jest-runner/build/runTest.js:367:16)
    at runTest (/home/gperry/Documents/GitHub/cloud-equities/KNIRV_NETWORK/KNIRVWALLET/node_modules/jest-runner/build/runTest.js:444:34)</failure>
    </testcase>
    <testcase classname="KnirvWallet Keyring Management Address-only Keyring Management should create watch-only account" name="KnirvWallet Keyring Management Address-only Keyring Management should create watch-only account" time="0.003">
      <failure>Error: expect(received).toBe(expected) // Object.is equality

Expected: &quot;g1jg8mtutu9khhfwc4nxmuhcpftf0pajdhfvsqf5&quot;
Received: undefined
    at Object.toBe (/home/gperry/Documents/GitHub/cloud-equities/KNIRV_NETWORK/KNIRVWALLET/tests/unit/browser-wallet/keyring-management.test.ts:178:42)
    at Promise.then.completed (/home/gperry/Documents/GitHub/cloud-equities/KNIRV_NETWORK/KNIRVWALLET/node_modules/jest-circus/build/utils.js:298:28)
    at new Promise (&lt;anonymous&gt;)
    at callAsyncCircusFn (/home/gperry/Documents/GitHub/cloud-equities/KNIRV_NETWORK/KNIRVWALLET/node_modules/jest-circus/build/utils.js:231:10)
    at _callCircusTest (/home/gperry/Documents/GitHub/cloud-equities/KNIRV_NETWORK/KNIRVWALLET/node_modules/jest-circus/build/run.js:316:40)
    at _runTest (/home/gperry/Documents/GitHub/cloud-equities/KNIRV_NETWORK/KNIRVWALLET/node_modules/jest-circus/build/run.js:252:3)
    at _runTestsForDescribeBlock (/home/gperry/Documents/GitHub/cloud-equities/KNIRV_NETWORK/KNIRVWALLET/node_modules/jest-circus/build/run.js:126:9)
    at _runTestsForDescribeBlock (/home/gperry/Documents/GitHub/cloud-equities/KNIRV_NETWORK/KNIRVWALLET/node_modules/jest-circus/build/run.js:121:9)
    at _runTestsForDescribeBlock (/home/gperry/Documents/GitHub/cloud-equities/KNIRV_NETWORK/KNIRVWALLET/node_modules/jest-circus/build/run.js:121:9)
    at run (/home/gperry/Documents/GitHub/cloud-equities/KNIRV_NETWORK/KNIRVWALLET/node_modules/jest-circus/build/run.js:71:3)
    at runAndTransformResultsToJestFormat (/home/gperry/Documents/GitHub/cloud-equities/KNIRV_NETWORK/KNIRVWALLET/node_modules/jest-circus/build/legacy-code-todo-rewrite/jestAdapterInit.js:122:21)
    at jestAdapter (/home/gperry/Documents/GitHub/cloud-equities/KNIRV_NETWORK/KNIRVWALLET/node_modules/jest-circus/build/legacy-code-todo-rewrite/jestAdapter.js:79:19)
    at runTestInternal (/home/gperry/Documents/GitHub/cloud-equities/KNIRV_NETWORK/KNIRVWALLET/node_modules/jest-runner/build/runTest.js:367:16)
    at runTest (/home/gperry/Documents/GitHub/cloud-equities/KNIRV_NETWORK/KNIRVWALLET/node_modules/jest-runner/build/runTest.js:444:34)</failure>
    </testcase>
    <testcase classname="KnirvWallet Keyring Management Address-only Keyring Management should validate address keyring structure" name="KnirvWallet Keyring Management Address-only Keyring Management should validate address keyring structure" time="0.003">
    </testcase>
    <testcase classname="KnirvWallet Keyring Management Address-only Keyring Management should handle different address formats" name="KnirvWallet Keyring Management Address-only Keyring Management should handle different address formats" time="0.002">
      <failure>Error: Mixed-case string 0x742d35Cc6634C0532925a3b8D4C9db96C4b4d8b6
    at Object.decode (/home/gperry/Documents/GitHub/cloud-equities/KNIRV_NETWORK/KNIRVWALLET/browser-wallet/node_modules/bech32/dist/index.js:158:15)
    at decode (/home/gperry/Documents/GitHub/cloud-equities/KNIRV_NETWORK/KNIRVWALLET/browser-wallet/packages/knirvwallet-module/src/encoding/bech32.ts:12:33)
    at Function.fromAddress (/home/gperry/Documents/GitHub/cloud-equities/KNIRV_NETWORK/KNIRVWALLET/browser-wallet/packages/knirvwallet-module/src/wallet/keyring/address-keyring.ts:71:46)
    at Function.fromAddress [as createByAddress] (/home/gperry/Documents/GitHub/cloud-equities/KNIRV_NETWORK/KNIRVWALLET/browser-wallet/packages/knirvwallet-module/src/wallet/wallet.ts:493:42)
    at Object.createByAddress (/home/gperry/Documents/GitHub/cloud-equities/KNIRV_NETWORK/KNIRVWALLET/tests/unit/browser-wallet/keyring-management.test.ts:191:48)
    at Promise.then.completed (/home/gperry/Documents/GitHub/cloud-equities/KNIRV_NETWORK/KNIRVWALLET/node_modules/jest-circus/build/utils.js:298:28)
    at new Promise (&lt;anonymous&gt;)
    at callAsyncCircusFn (/home/gperry/Documents/GitHub/cloud-equities/KNIRV_NETWORK/KNIRVWALLET/node_modules/jest-circus/build/utils.js:231:10)
    at _callCircusTest (/home/gperry/Documents/GitHub/cloud-equities/KNIRV_NETWORK/KNIRVWALLET/node_modules/jest-circus/build/run.js:316:40)
    at _runTest (/home/gperry/Documents/GitHub/cloud-equities/KNIRV_NETWORK/KNIRVWALLET/node_modules/jest-circus/build/run.js:252:3)
    at _runTestsForDescribeBlock (/home/gperry/Documents/GitHub/cloud-equities/KNIRV_NETWORK/KNIRVWALLET/node_modules/jest-circus/build/run.js:126:9)
    at _runTestsForDescribeBlock (/home/gperry/Documents/GitHub/cloud-equities/KNIRV_NETWORK/KNIRVWALLET/node_modules/jest-circus/build/run.js:121:9)
    at _runTestsForDescribeBlock (/home/gperry/Documents/GitHub/cloud-equities/KNIRV_NETWORK/KNIRVWALLET/node_modules/jest-circus/build/run.js:121:9)
    at run (/home/gperry/Documents/GitHub/cloud-equities/KNIRV_NETWORK/KNIRVWALLET/node_modules/jest-circus/build/run.js:71:3)
    at runAndTransformResultsToJestFormat (/home/gperry/Documents/GitHub/cloud-equities/KNIRV_NETWORK/KNIRVWALLET/node_modules/jest-circus/build/legacy-code-todo-rewrite/jestAdapterInit.js:122:21)
    at jestAdapter (/home/gperry/Documents/GitHub/cloud-equities/KNIRV_NETWORK/KNIRVWALLET/node_modules/jest-circus/build/legacy-code-todo-rewrite/jestAdapter.js:79:19)
    at runTestInternal (/home/gperry/Documents/GitHub/cloud-equities/KNIRV_NETWORK/KNIRVWALLET/node_modules/jest-runner/build/runTest.js:367:16)
    at runTest (/home/gperry/Documents/GitHub/cloud-equities/KNIRV_NETWORK/KNIRVWALLET/node_modules/jest-runner/build/runTest.js:444:34)</failure>
    </testcase>
    <testcase classname="KnirvWallet Keyring Management Mixed Keyring Management should handle multiple keyring types in same wallet" name="KnirvWallet Keyring Management Mixed Keyring Management should handle multiple keyring types in same wallet" time="0.01">
    </testcase>
    <testcase classname="KnirvWallet Keyring Management Mixed Keyring Management should maintain keyring-account relationships" name="KnirvWallet Keyring Management Mixed Keyring Management should maintain keyring-account relationships" time="0.006">
    </testcase>
    <testcase classname="KnirvWallet Keyring Management Keyring Validation and Error Handling should validate keyring structure requirements" name="KnirvWallet Keyring Management Keyring Validation and Error Handling should validate keyring structure requirements" time="0.004">
    </testcase>
    <testcase classname="KnirvWallet Keyring Management Keyring Validation and Error Handling should reject invalid keyring types" name="KnirvWallet Keyring Management Keyring Validation and Error Handling should reject invalid keyring types" time="0.002">
    </testcase>
    <testcase classname="KnirvWallet Keyring Management Keyring Validation and Error Handling should require keyring ID and type" name="KnirvWallet Keyring Management Keyring Validation and Error Handling should require keyring ID and type" time="0.005">
    </testcase>
    <testcase classname="KnirvWallet Keyring Management Account Creation from Keyrings should create seed accounts from HD keyring" name="KnirvWallet Keyring Management Account Creation from Keyrings should create seed accounts from HD keyring" time="0.003">
    </testcase>
    <testcase classname="KnirvWallet Keyring Management Account Creation from Keyrings should create ledger accounts from Ledger keyring" name="KnirvWallet Keyring Management Account Creation from Keyrings should create ledger accounts from Ledger keyring" time="0.002">
    </testcase>
    <testcase classname="KnirvWallet Keyring Management Account Creation from Keyrings should create single accounts from private key keyring" name="KnirvWallet Keyring Management Account Creation from Keyrings should create single accounts from private key keyring" time="0.002">
    </testcase>
    <testcase classname="KnirvWallet Keyring Management Account Creation from Keyrings should create airgap accounts from address keyring" name="KnirvWallet Keyring Management Account Creation from Keyrings should create airgap accounts from address keyring" time="0.007">
    </testcase>
  </testsuite>
</testsuites>