TN:
SF:src/App.tsx
FN:30,(anonymous_0)
FN:49,(anonymous_1)
FN:57,App
FN:65,(anonymous_3)
FN:66,(anonymous_4)
FN:106,(anonymous_5)
FN:153,(anonymous_6)
FN:159,(anonymous_7)
FN:165,(anonymous_8)
FN:180,(anonymous_9)
FN:189,(anonymous_10)
FN:193,(anonymous_11)
FN:212,(anonymous_12)
FN:218,(anonymous_13)
FN:233,(anonymous_14)
FN:243,(anonymous_15)
FN:253,(anonymous_16)
FN:271,(anonymous_17)
FN:277,(anonymous_18)
FN:317,(anonymous_19)
FN:352,(anonymous_20)
FN:382,(anonymous_21)
FN:411,(anonymous_22)
FN:440,(anonymous_23)
FN:471,(anonymous_24)
FN:499,(anonymous_25)
FN:527,(anonymous_26)
FN:556,(anonymous_27)
FNF:28
FNH:9
FNDA:17,(anonymous_0)
FNDA:12,(anonymous_1)
FNDA:12,App
FNDA:5,(anonymous_3)
FNDA:5,(anonymous_4)
FNDA:5,(anonymous_5)
FNDA:0,(anonymous_6)
FNDA:0,(anonymous_7)
FNDA:0,(anonymous_8)
FNDA:0,(anonymous_9)
FNDA:5,(anonymous_10)
FNDA:0,(anonymous_11)
FNDA:0,(anonymous_12)
FNDA:0,(anonymous_13)
FNDA:0,(anonymous_14)
FNDA:0,(anonymous_15)
FNDA:0,(anonymous_16)
FNDA:0,(anonymous_17)
FNDA:5,(anonymous_18)
FNDA:1,(anonymous_19)
FNDA:0,(anonymous_20)
FNDA:0,(anonymous_21)
FNDA:0,(anonymous_22)
FNDA:0,(anonymous_23)
FNDA:0,(anonymous_24)
FNDA:0,(anonymous_25)
FNDA:0,(anonymous_26)
FNDA:0,(anonymous_27)
DA:30,2
DA:32,17
DA:35,17
DA:36,17
DA:37,17
DA:43,17
DA:45,17
DA:49,2
DA:50,12
DA:51,0
DA:53,12
DA:58,12
DA:59,12
DA:60,12
DA:61,12
DA:62,12
DA:65,12
DA:66,5
DA:67,5
DA:68,5
DA:69,5
DA:72,5
DA:74,5
DA:75,5
DA:78,5
DA:80,5
DA:81,5
DA:84,5
DA:85,5
DA:86,5
DA:87,5
DA:89,5
DA:90,5
DA:91,5
DA:92,5
DA:95,0
DA:96,0
DA:97,0
DA:98,0
DA:100,0
DA:103,5
DA:104,5
DA:106,5
DA:108,0
DA:109,0
DA:121,0
DA:122,0
DA:124,0
DA:127,0
DA:128,0
DA:131,0
DA:132,0
DA:133,0
DA:134,0
DA:136,0
DA:137,0
DA:143,0
DA:146,0
DA:149,0
DA:150,0
DA:153,0
DA:155,0
DA:156,0
DA:159,0
DA:161,0
DA:162,0
DA:165,0
DA:166,0
DA:170,0
DA:171,0
DA:179,0
DA:180,0
DA:181,0
DA:186,5
DA:189,12
DA:193,5
DA:194,0
DA:196,0
DA:208,0
DA:211,0
DA:212,0
DA:213,0
DA:218,5
DA:219,0
DA:221,0
DA:230,0
DA:232,0
DA:233,0
DA:234,0
DA:239,5
DA:240,5
DA:243,5
DA:244,0
DA:245,0
DA:253,5
DA:255,0
DA:260,0
DA:262,0
DA:263,0
DA:266,0
DA:267,0
DA:271,0
DA:275,5
DA:277,5
DA:278,5
DA:279,5
DA:280,5
DA:281,5
DA:285,12
DA:317,1
DA:352,0
DA:382,0
DA:411,0
DA:440,0
DA:471,0
DA:499,0
DA:527,0
DA:556,0
LF:118
LH:53
BRDA:32,0,0,0
BRDA:32,0,1,17
BRDA:37,1,0,0
BRDA:37,1,1,17
BRDA:37,2,0,17
BRDA:37,2,1,17
BRDA:43,3,0,0
BRDA:43,3,1,17
BRDA:43,4,0,17
BRDA:43,4,1,17
BRDA:50,5,0,0
BRDA:50,5,1,12
BRDA:84,6,0,0
BRDA:84,6,1,5
BRDA:95,7,0,0
BRDA:95,7,1,0
BRDA:104,8,0,5
BRDA:104,8,1,0
BRDA:121,9,0,0
BRDA:121,9,1,0
BRDA:131,10,0,0
BRDA:131,10,1,0
BRDA:196,11,0,0
BRDA:196,11,1,0
BRDA:208,12,0,0
BRDA:208,12,1,0
BRDA:208,13,0,0
BRDA:208,13,1,0
BRDA:208,13,2,0
BRDA:230,14,0,0
BRDA:230,14,1,0
BRDA:230,15,0,0
BRDA:230,15,1,0
BRDA:260,16,0,0
BRDA:260,16,1,0
BRF:35
BRH:10
end_of_record
TN:
SF:src/components/APITokens.jsx
FN:18,(anonymous_0)
FN:26,(anonymous_1)
FN:45,(anonymous_2)
FN:46,(anonymous_3)
FN:75,(anonymous_4)
FN:81,(anonymous_5)
FN:134,(anonymous_6)
FN:145,(anonymous_7)
FN:166,(anonymous_8)
FN:173,(anonymous_9)
FN:175,(anonymous_10)
FN:179,(anonymous_11)
FN:187,(anonymous_12)
FN:198,(anonymous_13)
FN:253,(anonymous_14)
FN:255,(anonymous_15)
FN:258,(anonymous_16)
FN:264,(anonymous_17)
FN:265,(anonymous_18)
FN:271,(anonymous_19)
FN:276,(anonymous_20)
FN:297,(anonymous_21)
FN:319,(anonymous_22)
FN:388,(anonymous_23)
FN:397,(anonymous_24)
FN:404,(anonymous_25)
FN:425,(anonymous_26)
FN:452,(anonymous_27)
FN:464,(anonymous_28)
FN:502,(anonymous_29)
FN:525,(anonymous_30)
FN:608,(anonymous_31)
FNF:32
FNH:0
FNDA:0,(anonymous_0)
FNDA:0,(anonymous_1)
FNDA:0,(anonymous_2)
FNDA:0,(anonymous_3)
FNDA:0,(anonymous_4)
FNDA:0,(anonymous_5)
FNDA:0,(anonymous_6)
FNDA:0,(anonymous_7)
FNDA:0,(anonymous_8)
FNDA:0,(anonymous_9)
FNDA:0,(anonymous_10)
FNDA:0,(anonymous_11)
FNDA:0,(anonymous_12)
FNDA:0,(anonymous_13)
FNDA:0,(anonymous_14)
FNDA:0,(anonymous_15)
FNDA:0,(anonymous_16)
FNDA:0,(anonymous_17)
FNDA:0,(anonymous_18)
FNDA:0,(anonymous_19)
FNDA:0,(anonymous_20)
FNDA:0,(anonymous_21)
FNDA:0,(anonymous_22)
FNDA:0,(anonymous_23)
FNDA:0,(anonymous_24)
FNDA:0,(anonymous_25)
FNDA:0,(anonymous_26)
FNDA:0,(anonymous_27)
FNDA:0,(anonymous_28)
FNDA:0,(anonymous_29)
FNDA:0,(anonymous_30)
FNDA:0,(anonymous_31)
DA:18,1
DA:20,0
DA:21,0
DA:23,0
DA:26,1
DA:27,0
DA:28,0
DA:29,0
DA:30,0
DA:31,0
DA:35,0
DA:36,0
DA:37,0
DA:38,0
DA:39,0
DA:40,0
DA:41,0
DA:42,0
DA:45,0
DA:46,0
DA:47,0
DA:48,0
DA:49,0
DA:51,0
DA:52,0
DA:57,0
DA:58,0
DA:61,0
DA:62,0
DA:65,0
DA:66,0
DA:71,0
DA:75,0
DA:76,0
DA:77,0
DA:81,0
DA:82,0
DA:83,0
DA:84,0
DA:85,0
DA:88,0
DA:89,0
DA:91,0
DA:92,0
DA:93,0
DA:95,0
DA:96,0
DA:99,0
DA:100,0
DA:107,0
DA:109,0
DA:110,0
DA:111,0
DA:113,0
DA:114,0
DA:115,0
DA:118,0
DA:119,0
DA:120,0
DA:122,0
DA:123,0
DA:126,0
DA:127,0
DA:130,0
DA:134,0
DA:135,0
DA:139,0
DA:140,0
DA:141,0
DA:142,0
DA:145,0
DA:146,0
DA:147,0
DA:150,0
DA:151,0
DA:152,0
DA:153,0
DA:161,0
DA:162,0
DA:166,0
DA:168,0
DA:169,0
DA:173,0
DA:174,0
DA:175,0
DA:178,0
DA:179,0
DA:180,0
DA:181,0
DA:182,0
DA:187,0
DA:188,0
DA:190,0
DA:191,0
DA:194,0
DA:195,0
DA:198,0
DA:199,0
DA:201,0
DA:202,0
DA:205,0
DA:206,0
DA:208,0
DA:209,0
DA:212,0
DA:217,0
DA:218,0
DA:221,0
DA:222,0
DA:231,0
DA:232,0
DA:233,0
DA:236,0
DA:239,0
DA:242,0
DA:244,0
DA:246,0
DA:247,0
DA:249,0
DA:253,0
DA:254,0
DA:256,0
DA:259,0
DA:260,0
DA:264,0
DA:265,0
DA:271,0
DA:272,0
DA:273,0
DA:276,0
DA:277,0
DA:278,0
DA:282,0
DA:283,0
DA:298,0
DA:299,0
DA:304,0
DA:305,0
DA:307,0
DA:310,0
DA:319,0
DA:336,0
DA:389,0
DA:397,0
DA:404,0
DA:425,0
DA:452,0
DA:464,0
DA:502,0
DA:526,0
DA:527,0
DA:608,0
LF:152
LH:2
BRDA:20,0,0,0
BRDA:20,0,1,0
BRDA:47,1,0,0
BRDA:47,1,1,0
BRDA:47,2,0,0
BRDA:47,2,1,0
BRDA:57,3,0,0
BRDA:57,3,1,0
BRDA:76,4,0,0
BRDA:76,4,1,0
BRDA:82,5,0,0
BRDA:82,5,1,0
BRDA:93,6,0,0
BRDA:93,6,1,0
BRDA:95,7,0,0
BRDA:95,7,1,0
BRDA:109,8,0,0
BRDA:109,8,1,0
BRDA:110,9,0,0
BRDA:110,9,1,0
BRDA:120,10,0,0
BRDA:120,10,1,0
BRDA:126,11,0,0
BRDA:126,11,1,0
BRDA:126,12,0,0
BRDA:126,12,1,0
BRDA:146,13,0,0
BRDA:146,13,1,0
BRDA:161,14,0,0
BRDA:161,14,1,0
BRDA:178,15,0,0
BRDA:178,15,1,0
BRDA:190,16,0,0
BRDA:190,16,1,0
BRDA:201,17,0,0
BRDA:201,17,1,0
BRDA:217,18,0,0
BRDA:217,18,1,0
BRDA:231,19,0,0
BRDA:231,19,1,0
BRDA:233,20,0,0
BRDA:233,20,1,0
BRDA:272,21,0,0
BRDA:272,21,1,0
BRDA:277,22,0,0
BRDA:277,22,1,0
BRDA:282,23,0,0
BRDA:282,23,1,0
BRDA:282,24,0,0
BRDA:282,24,1,0
BRDA:304,25,0,0
BRDA:304,25,1,0
BRDA:307,26,0,0
BRDA:307,26,1,0
BRDA:326,27,0,0
BRDA:326,27,1,0
BRDA:351,28,0,0
BRDA:351,28,1,0
BRDA:356,29,0,0
BRDA:356,29,1,0
BRDA:387,30,0,0
BRDA:387,30,1,0
BRDA:394,31,0,0
BRDA:394,31,1,0
BRDA:399,32,0,0
BRDA:399,32,1,0
BRDA:401,33,0,0
BRDA:401,33,1,0
BRDA:414,34,0,0
BRDA:414,34,1,0
BRDA:415,35,0,0
BRDA:415,35,1,0
BRDA:417,36,0,0
BRDA:417,36,1,0
BRDA:448,37,0,0
BRDA:448,37,1,0
BRDA:452,38,0,0
BRDA:452,38,1,0
BRDA:452,38,2,0
BRDA:464,39,0,0
BRDA:464,39,1,0
BRDA:464,39,2,0
BRDA:467,40,0,0
BRDA:467,40,1,0
BRDA:476,41,0,0
BRDA:476,41,1,0
BRDA:537,42,0,0
BRDA:537,42,1,0
BRDA:556,43,0,0
BRDA:556,43,1,0
BRDA:559,44,0,0
BRDA:559,44,1,0
BRDA:604,45,0,0
BRDA:604,45,1,0
BRDA:608,46,0,0
BRDA:608,46,1,0
BRDA:620,47,0,0
BRDA:620,47,1,0
BRF:98
BRH:0
end_of_record
TN:
SF:src/components/AgentManager.jsx
FN:41,(anonymous_0)
FN:76,(anonymous_1)
FN:83,(anonymous_2)
FN:175,(anonymous_3)
FN:179,(anonymous_4)
FN:184,(anonymous_5)
FN:185,(anonymous_6)
FN:186,(anonymous_7)
FN:203,(anonymous_8)
FN:208,(anonymous_9)
FN:225,(anonymous_10)
FN:268,(anonymous_11)
FN:273,(anonymous_12)
FN:276,(anonymous_13)
FN:312,(anonymous_14)
FN:325,(anonymous_15)
FN:337,(anonymous_16)
FN:359,(anonymous_17)
FN:371,(anonymous_18)
FN:376,(anonymous_19)
FN:381,(anonymous_20)
FN:419,(anonymous_21)
FN:420,(anonymous_22)
FN:433,(anonymous_23)
FN:438,(anonymous_24)
FN:471,(anonymous_25)
FN:472,(anonymous_26)
FN:485,(anonymous_27)
FN:560,(anonymous_28)
FN:565,(anonymous_29)
FN:570,(anonymous_30)
FN:576,(anonymous_31)
FN:579,(anonymous_32)
FN:579,(anonymous_33)
FN:585,(anonymous_34)
FN:596,(anonymous_35)
FN:609,(anonymous_36)
FN:651,(anonymous_37)
FN:652,(anonymous_38)
FN:663,(anonymous_39)
FN:670,(anonymous_40)
FN:681,(anonymous_41)
FN:688,(anonymous_42)
FN:694,(anonymous_43)
FN:752,(anonymous_44)
FN:753,(anonymous_45)
FN:767,(anonymous_46)
FN:768,(anonymous_47)
FN:774,(anonymous_48)
FN:775,(anonymous_49)
FN:782,(anonymous_50)
FN:788,(anonymous_51)
FN:795,(anonymous_52)
FN:796,(anonymous_53)
FN:802,(anonymous_54)
FN:810,(anonymous_55)
FN:817,(anonymous_56)
FN:818,(anonymous_57)
FN:819,(anonymous_58)
FN:831,(anonymous_59)
FN:842,(anonymous_60)
FN:883,(anonymous_61)
FN:888,(anonymous_62)
FN:890,(anonymous_63)
FN:919,(anonymous_64)
FN:940,(anonymous_65)
FN:948,(anonymous_66)
FN:967,(anonymous_67)
FN:972,(anonymous_68)
FN:982,(anonymous_69)
FN:993,(anonymous_70)
FN:1011,(anonymous_71)
FN:1014,(anonymous_72)
FN:1044,(anonymous_73)
FN:1053,(anonymous_74)
FN:1063,(anonymous_75)
FN:1065,(anonymous_76)
FN:1101,(anonymous_77)
FN:1107,(anonymous_78)
FN:1147,(anonymous_79)
FN:1183,(anonymous_80)
FN:1194,(anonymous_81)
FN:1208,(anonymous_82)
FN:1232,(anonymous_83)
FN:1233,(anonymous_84)
FN:1234,(anonymous_85)
FN:1239,(anonymous_86)
FN:1268,(anonymous_87)
FN:1302,(anonymous_88)
FN:1310,(anonymous_89)
FN:1317,(anonymous_90)
FN:1324,(anonymous_91)
FN:1344,(anonymous_92)
FN:1350,(anonymous_93)
FN:1360,(anonymous_94)
FN:1370,(anonymous_95)
FN:1379,(anonymous_96)
FN:1392,(anonymous_97)
FNF:98
FNH:0
FNDA:0,(anonymous_0)
FNDA:0,(anonymous_1)
FNDA:0,(anonymous_2)
FNDA:0,(anonymous_3)
FNDA:0,(anonymous_4)
FNDA:0,(anonymous_5)
FNDA:0,(anonymous_6)
FNDA:0,(anonymous_7)
FNDA:0,(anonymous_8)
FNDA:0,(anonymous_9)
FNDA:0,(anonymous_10)
FNDA:0,(anonymous_11)
FNDA:0,(anonymous_12)
FNDA:0,(anonymous_13)
FNDA:0,(anonymous_14)
FNDA:0,(anonymous_15)
FNDA:0,(anonymous_16)
FNDA:0,(anonymous_17)
FNDA:0,(anonymous_18)
FNDA:0,(anonymous_19)
FNDA:0,(anonymous_20)
FNDA:0,(anonymous_21)
FNDA:0,(anonymous_22)
FNDA:0,(anonymous_23)
FNDA:0,(anonymous_24)
FNDA:0,(anonymous_25)
FNDA:0,(anonymous_26)
FNDA:0,(anonymous_27)
FNDA:0,(anonymous_28)
FNDA:0,(anonymous_29)
FNDA:0,(anonymous_30)
FNDA:0,(anonymous_31)
FNDA:0,(anonymous_32)
FNDA:0,(anonymous_33)
FNDA:0,(anonymous_34)
FNDA:0,(anonymous_35)
FNDA:0,(anonymous_36)
FNDA:0,(anonymous_37)
FNDA:0,(anonymous_38)
FNDA:0,(anonymous_39)
FNDA:0,(anonymous_40)
FNDA:0,(anonymous_41)
FNDA:0,(anonymous_42)
FNDA:0,(anonymous_43)
FNDA:0,(anonymous_44)
FNDA:0,(anonymous_45)
FNDA:0,(anonymous_46)
FNDA:0,(anonymous_47)
FNDA:0,(anonymous_48)
FNDA:0,(anonymous_49)
FNDA:0,(anonymous_50)
FNDA:0,(anonymous_51)
FNDA:0,(anonymous_52)
FNDA:0,(anonymous_53)
FNDA:0,(anonymous_54)
FNDA:0,(anonymous_55)
FNDA:0,(anonymous_56)
FNDA:0,(anonymous_57)
FNDA:0,(anonymous_58)
FNDA:0,(anonymous_59)
FNDA:0,(anonymous_60)
FNDA:0,(anonymous_61)
FNDA:0,(anonymous_62)
FNDA:0,(anonymous_63)
FNDA:0,(anonymous_64)
FNDA:0,(anonymous_65)
FNDA:0,(anonymous_66)
FNDA:0,(anonymous_67)
FNDA:0,(anonymous_68)
FNDA:0,(anonymous_69)
FNDA:0,(anonymous_70)
FNDA:0,(anonymous_71)
FNDA:0,(anonymous_72)
FNDA:0,(anonymous_73)
FNDA:0,(anonymous_74)
FNDA:0,(anonymous_75)
FNDA:0,(anonymous_76)
FNDA:0,(anonymous_77)
FNDA:0,(anonymous_78)
FNDA:0,(anonymous_79)
FNDA:0,(anonymous_80)
FNDA:0,(anonymous_81)
FNDA:0,(anonymous_82)
FNDA:0,(anonymous_83)
FNDA:0,(anonymous_84)
FNDA:0,(anonymous_85)
FNDA:0,(anonymous_86)
FNDA:0,(anonymous_87)
FNDA:0,(anonymous_88)
FNDA:0,(anonymous_89)
FNDA:0,(anonymous_90)
FNDA:0,(anonymous_91)
FNDA:0,(anonymous_92)
FNDA:0,(anonymous_93)
FNDA:0,(anonymous_94)
FNDA:0,(anonymous_95)
FNDA:0,(anonymous_96)
FNDA:0,(anonymous_97)
DA:41,0
DA:42,0
DA:43,0
DA:44,0
DA:45,0
DA:46,0
DA:47,0
DA:48,0
DA:49,0
DA:50,0
DA:51,0
DA:52,0
DA:53,0
DA:54,0
DA:55,0
DA:56,0
DA:57,0
DA:58,0
DA:59,0
DA:60,0
DA:62,0
DA:63,0
DA:65,0
DA:73,0
DA:76,0
DA:77,0
DA:78,0
DA:80,0
DA:83,0
DA:85,0
DA:87,0
DA:89,0
DA:90,0
DA:91,0
DA:94,0
DA:97,0
DA:119,0
DA:144,0
DA:145,0
DA:147,0
DA:148,0
DA:151,0
DA:171,0
DA:175,0
DA:176,0
DA:179,0
DA:180,0
DA:184,0
DA:185,0
DA:186,0
DA:187,0
DA:200,0
DA:203,0
DA:204,0
DA:208,0
DA:209,0
DA:211,0
DA:213,0
DA:215,0
DA:217,0
DA:219,0
DA:221,0
DA:225,0
DA:226,0
DA:228,0
DA:230,0
DA:232,0
DA:234,0
DA:236,0
DA:238,0
DA:243,0
DA:268,0
DA:269,0
DA:273,0
DA:274,0
DA:276,0
DA:277,0
DA:278,0
DA:281,0
DA:282,0
DA:286,0
DA:287,0
DA:289,0
DA:291,0
DA:293,0
DA:295,0
DA:297,0
DA:299,0
DA:301,0
DA:303,0
DA:305,0
DA:307,0
DA:312,0
DA:314,0
DA:315,0
DA:318,0
DA:320,0
DA:321,0
DA:322,0
DA:325,0
DA:327,0
DA:328,0
DA:329,0
DA:330,0
DA:333,0
DA:337,0
DA:356,0
DA:359,0
DA:361,0
DA:362,0
DA:365,0
DA:371,0
DA:372,0
DA:376,0
DA:377,0
DA:379,0
DA:380,0
DA:381,0
DA:382,0
DA:383,0
DA:386,0
DA:390,0
DA:403,0
DA:409,0
DA:412,0
DA:419,0
DA:420,0
DA:421,0
DA:425,0
DA:429,0
DA:430,0
DA:433,0
DA:434,0
DA:436,0
DA:437,0
DA:438,0
DA:439,0
DA:440,0
DA:443,0
DA:447,0
DA:457,0
DA:463,0
DA:466,0
DA:471,0
DA:472,0
DA:473,0
DA:477,0
DA:480,0
DA:481,0
DA:483,0
DA:484,0
DA:485,0
DA:487,0
DA:489,0
DA:491,0
DA:492,0
DA:493,0
DA:496,0
DA:499,0
DA:521,0
DA:545,0
DA:546,0
DA:548,0
DA:549,0
DA:552,0
DA:556,0
DA:557,0
DA:560,0
DA:561,0
DA:562,0
DA:565,0
DA:566,0
DA:567,0
DA:570,0
DA:571,0
DA:572,0
DA:573,0
DA:576,0
DA:577,0
DA:579,0
DA:582,0
DA:585,0
DA:586,0
DA:590,0
DA:591,0
DA:594,0
DA:595,0
DA:596,0
DA:602,0
DA:604,0
DA:609,0
DA:610,0
DA:612,0
DA:615,0
DA:616,0
DA:617,0
DA:618,0
DA:621,0
DA:625,0
DA:634,0
DA:638,0
DA:641,0
DA:651,0
DA:652,0
DA:653,0
DA:657,0
DA:663,0
DA:664,0
DA:666,0
DA:668,0
DA:670,0
DA:676,0
DA:677,0
DA:681,0
DA:688,0
DA:689,0
DA:691,0
DA:694,0
DA:700,0
DA:707,0
DA:708,0
DA:711,0
DA:712,0
DA:716,0
DA:719,0
DA:721,0
DA:724,0
DA:738,0
DA:739,0
DA:742,0
DA:743,0
DA:746,0
DA:752,0
DA:753,0
DA:754,0
DA:758,0
DA:760,0
DA:767,0
DA:768,0
DA:774,0
DA:775,0
DA:782,0
DA:783,0
DA:784,0
DA:788,0
DA:789,0
DA:790,0
DA:795,0
DA:796,0
DA:797,0
DA:798,0
DA:799,0
DA:802,0
DA:803,0
DA:804,0
DA:805,0
DA:810,0
DA:811,0
DA:813,0
DA:818,0
DA:819,0
DA:821,0
DA:831,0
DA:842,0
DA:843,0
DA:845,0
DA:846,0
DA:848,0
DA:850,0
DA:857,0
DA:858,0
DA:861,0
DA:862,0
DA:863,0
DA:867,0
DA:868,0
DA:869,0
DA:874,0
DA:875,0
DA:876,0
DA:877,0
DA:878,0
DA:883,0
DA:884,0
DA:885,0
DA:888,0
DA:890,0
DA:891,0
DA:892,0
DA:893,0
DA:894,0
DA:899,0
DA:919,0
DA:940,0
DA:948,0
DA:967,0
DA:972,0
DA:982,0
DA:993,0
DA:1012,0
DA:1014,0
DA:1044,0
DA:1054,0
DA:1063,0
DA:1067,0
DA:1070,0
DA:1071,0
DA:1072,0
DA:1073,0
DA:1076,0
DA:1078,0
DA:1079,0
DA:1101,0
DA:1107,0
DA:1148,0
DA:1184,0
DA:1185,0
DA:1195,0
DA:1196,0
DA:1209,0
DA:1210,0
DA:1232,0
DA:1233,0
DA:1234,0
DA:1239,0
DA:1269,0
DA:1302,0
DA:1310,0
DA:1317,0
DA:1324,0
DA:1344,0
DA:1351,0
DA:1352,0
DA:1361,0
DA:1362,0
DA:1370,0
DA:1380,0
DA:1381,0
DA:1392,0
LF:339
LH:0
BRDA:87,0,0,0
BRDA:87,0,1,0
BRDA:90,1,0,0
BRDA:90,1,1,0
BRDA:100,2,0,0
BRDA:100,2,1,0
BRDA:100,2,2,0
BRDA:101,3,0,0
BRDA:101,3,1,0
BRDA:101,3,2,0
BRDA:102,4,0,0
BRDA:102,4,1,0
BRDA:102,4,2,0
BRDA:108,5,0,0
BRDA:108,5,1,0
BRDA:109,6,0,0
BRDA:109,6,1,0
BRDA:109,6,2,0
BRDA:110,7,0,0
BRDA:110,7,1,0
BRDA:110,7,2,0
BRDA:111,8,0,0
BRDA:111,8,1,0
BRDA:113,9,0,0
BRDA:113,9,1,0
BRDA:114,10,0,0
BRDA:114,10,1,0
BRDA:122,11,0,0
BRDA:122,11,1,0
BRDA:123,12,0,0
BRDA:123,12,1,0
BRDA:124,13,0,0
BRDA:124,13,1,0
BRDA:131,14,0,0
BRDA:131,14,1,0
BRDA:132,15,0,0
BRDA:132,15,1,0
BRDA:133,16,0,0
BRDA:133,16,1,0
BRDA:135,17,0,0
BRDA:135,17,1,0
BRDA:187,18,0,0
BRDA:187,18,1,0
BRDA:191,19,0,0
BRDA:191,19,1,0
BRDA:192,20,0,0
BRDA:192,20,1,0
BRDA:209,21,0,0
BRDA:209,21,1,0
BRDA:209,21,2,0
BRDA:209,21,3,0
BRDA:209,21,4,0
BRDA:209,21,5,0
BRDA:226,22,0,0
BRDA:226,22,1,0
BRDA:226,22,2,0
BRDA:226,22,3,0
BRDA:226,22,4,0
BRDA:226,22,5,0
BRDA:274,23,0,0
BRDA:274,23,1,0
BRDA:281,24,0,0
BRDA:281,24,1,0
BRDA:281,25,0,0
BRDA:281,25,1,0
BRDA:282,26,0,0
BRDA:282,26,1,0
BRDA:289,27,0,0
BRDA:289,27,1,0
BRDA:289,27,2,0
BRDA:289,27,3,0
BRDA:289,27,4,0
BRDA:289,27,5,0
BRDA:289,27,6,0
BRDA:289,27,7,0
BRDA:289,27,8,0
BRDA:314,28,0,0
BRDA:314,28,1,0
BRDA:314,29,0,0
BRDA:314,29,1,0
BRDA:318,30,0,0
BRDA:318,30,1,0
BRDA:319,31,0,0
BRDA:319,31,1,0
BRDA:320,32,0,0
BRDA:320,32,1,0
BRDA:322,33,0,0
BRDA:322,33,1,0
BRDA:322,33,2,0
BRDA:329,34,0,0
BRDA:329,34,1,0
BRDA:340,35,0,0
BRDA:340,35,1,0
BRDA:341,36,0,0
BRDA:341,36,1,0
BRDA:342,37,0,0
BRDA:342,37,1,0
BRDA:349,38,0,0
BRDA:349,38,1,0
BRDA:350,39,0,0
BRDA:350,39,1,0
BRDA:351,40,0,0
BRDA:351,40,1,0
BRDA:353,41,0,0
BRDA:353,41,1,0
BRDA:354,42,0,0
BRDA:354,42,1,0
BRDA:382,43,0,0
BRDA:382,43,1,0
BRDA:382,44,0,0
BRDA:382,44,1,0
BRDA:405,45,0,0
BRDA:405,45,1,0
BRDA:421,46,0,0
BRDA:421,46,1,0
BRDA:439,47,0,0
BRDA:439,47,1,0
BRDA:439,48,0,0
BRDA:439,48,1,0
BRDA:453,49,0,0
BRDA:453,49,1,0
BRDA:459,50,0,0
BRDA:459,50,1,0
BRDA:473,51,0,0
BRDA:473,51,1,0
BRDA:480,52,0,0
BRDA:480,52,1,0
BRDA:480,53,0,0
BRDA:480,53,1,0
BRDA:489,54,0,0
BRDA:489,54,1,0
BRDA:492,55,0,0
BRDA:492,55,1,0
BRDA:502,56,0,0
BRDA:502,56,1,0
BRDA:502,56,2,0
BRDA:503,57,0,0
BRDA:503,57,1,0
BRDA:503,57,2,0
BRDA:504,58,0,0
BRDA:504,58,1,0
BRDA:504,58,2,0
BRDA:510,59,0,0
BRDA:510,59,1,0
BRDA:511,60,0,0
BRDA:511,60,1,0
BRDA:511,60,2,0
BRDA:512,61,0,0
BRDA:512,61,1,0
BRDA:512,61,2,0
BRDA:513,62,0,0
BRDA:513,62,1,0
BRDA:515,63,0,0
BRDA:515,63,1,0
BRDA:516,64,0,0
BRDA:516,64,1,0
BRDA:524,65,0,0
BRDA:524,65,1,0
BRDA:525,66,0,0
BRDA:525,66,1,0
BRDA:526,67,0,0
BRDA:526,67,1,0
BRDA:533,68,0,0
BRDA:533,68,1,0
BRDA:534,69,0,0
BRDA:534,69,1,0
BRDA:535,70,0,0
BRDA:535,70,1,0
BRDA:537,71,0,0
BRDA:537,71,1,0
BRDA:598,72,0,0
BRDA:598,72,1,0
BRDA:599,73,0,0
BRDA:599,73,1,0
BRDA:600,74,0,0
BRDA:600,74,1,0
BRDA:617,75,0,0
BRDA:617,75,1,0
BRDA:653,76,0,0
BRDA:653,76,1,0
BRDA:668,77,0,0
BRDA:668,77,1,0
BRDA:676,78,0,0
BRDA:676,78,1,0
BRDA:707,79,0,0
BRDA:707,79,1,0
BRDA:716,80,0,0
BRDA:716,80,1,0
BRDA:738,81,0,0
BRDA:738,81,1,0
BRDA:754,82,0,0
BRDA:754,82,1,0
BRDA:811,83,0,0
BRDA:811,83,1,0
BRDA:818,84,0,0
BRDA:818,84,1,0
BRDA:819,85,0,0
BRDA:819,85,1,0
BRDA:843,86,0,0
BRDA:843,86,1,0
BRDA:845,87,0,0
BRDA:845,87,1,0
BRDA:848,88,0,0
BRDA:848,88,1,0
BRDA:857,89,0,0
BRDA:857,89,1,0
BRDA:862,90,0,0
BRDA:862,90,1,0
BRDA:868,91,0,0
BRDA:868,91,1,0
BRDA:874,92,0,0
BRDA:874,92,1,0
BRDA:874,93,0,0
BRDA:874,93,1,0
BRDA:874,93,2,0
BRDA:877,94,0,0
BRDA:877,94,1,0
BRDA:892,95,0,0
BRDA:892,95,1,0
BRDA:892,96,0,0
BRDA:892,96,1,0
BRDA:906,97,0,0
BRDA:906,97,1,0
BRDA:908,98,0,0
BRDA:908,98,1,0
BRDA:912,99,0,0
BRDA:912,99,1,0
BRDA:932,100,0,0
BRDA:932,100,1,0
BRDA:984,101,0,0
BRDA:984,101,1,0
BRDA:995,102,0,0
BRDA:995,102,1,0
BRDA:1016,103,0,0
BRDA:1016,103,1,0
BRDA:1027,104,0,0
BRDA:1027,104,1,0
BRDA:1034,105,0,0
BRDA:1034,105,1,0
BRDA:1039,106,0,0
BRDA:1039,106,1,0
BRDA:1039,107,0,0
BRDA:1039,107,1,0
BRDA:1039,107,2,0
BRDA:1051,108,0,0
BRDA:1051,108,1,0
BRDA:1057,109,0,0
BRDA:1057,109,1,0
BRDA:1071,110,0,0
BRDA:1071,110,1,0
BRDA:1072,111,0,0
BRDA:1072,111,1,0
BRDA:1072,111,2,0
BRDA:1076,112,0,0
BRDA:1076,112,1,0
BRDA:1076,113,0,0
BRDA:1076,113,1,0
BRDA:1076,113,2,0
BRDA:1078,114,0,0
BRDA:1078,114,1,0
BRDA:1122,115,0,0
BRDA:1122,115,1,0
BRDA:1152,116,0,0
BRDA:1152,116,1,0
BRDA:1164,117,0,0
BRDA:1164,117,1,0
BRDA:1164,118,0,0
BRDA:1164,118,1,0
BRDA:1164,118,2,0
BRDA:1164,118,3,0
BRDA:1164,118,4,0
BRDA:1164,118,5,0
BRDA:1181,119,0,0
BRDA:1181,119,1,0
BRDA:1181,120,0,0
BRDA:1181,120,1,0
BRDA:1213,121,0,0
BRDA:1213,121,1,0
BRDA:1225,122,0,0
BRDA:1225,122,1,0
BRDA:1286,123,0,0
BRDA:1286,123,1,0
BRDA:1300,124,0,0
BRDA:1300,124,1,0
BRDA:1300,125,0,0
BRDA:1300,125,1,0
BRF:286
BRH:0
end_of_record
TN:
SF:src/components/AgentTerminal.jsx
FN:38,(anonymous_0)
FN:60,(anonymous_1)
FN:65,(anonymous_2)
FN:67,(anonymous_3)
FN:69,(anonymous_4)
FN:79,(anonymous_5)
FN:81,(anonymous_6)
FN:83,(anonymous_7)
FN:89,(anonymous_8)
FN:114,(anonymous_9)
FN:173,(anonymous_10)
FN:182,(anonymous_11)
FN:183,(anonymous_12)
FN:201,(anonymous_13)
FN:214,(anonymous_14)
FN:277,(anonymous_15)
FN:284,(anonymous_16)
FN:292,(anonymous_17)
FN:295,(anonymous_18)
FN:303,(anonymous_19)
FN:310,(anonymous_20)
FN:322,(anonymous_21)
FN:329,(anonymous_22)
FN:334,(anonymous_23)
FN:351,(anonymous_24)
FN:366,(anonymous_25)
FN:368,(anonymous_26)
FN:374,(anonymous_27)
FN:478,(anonymous_28)
FN:489,(anonymous_29)
FNF:30
FNH:0
FNDA:0,(anonymous_0)
FNDA:0,(anonymous_1)
FNDA:0,(anonymous_2)
FNDA:0,(anonymous_3)
FNDA:0,(anonymous_4)
FNDA:0,(anonymous_5)
FNDA:0,(anonymous_6)
FNDA:0,(anonymous_7)
FNDA:0,(anonymous_8)
FNDA:0,(anonymous_9)
FNDA:0,(anonymous_10)
FNDA:0,(anonymous_11)
FNDA:0,(anonymous_12)
FNDA:0,(anonymous_13)
FNDA:0,(anonymous_14)
FNDA:0,(anonymous_15)
FNDA:0,(anonymous_16)
FNDA:0,(anonymous_17)
FNDA:0,(anonymous_18)
FNDA:0,(anonymous_19)
FNDA:0,(anonymous_20)
FNDA:0,(anonymous_21)
FNDA:0,(anonymous_22)
FNDA:0,(anonymous_23)
FNDA:0,(anonymous_24)
FNDA:0,(anonymous_25)
FNDA:0,(anonymous_26)
FNDA:0,(anonymous_27)
FNDA:0,(anonymous_28)
FNDA:0,(anonymous_29)
DA:11,0
DA:38,0
DA:46,0
DA:47,0
DA:48,0
DA:49,0
DA:50,0
DA:51,0
DA:52,0
DA:53,0
DA:54,0
DA:55,0
DA:56,0
DA:57,0
DA:60,0
DA:61,0
DA:62,0
DA:63,0
DA:64,0
DA:66,0
DA:67,0
DA:69,0
DA:72,0
DA:73,0
DA:74,0
DA:75,0
DA:77,0
DA:78,0
DA:80,0
DA:81,0
DA:83,0
DA:89,0
DA:90,0
DA:92,0
DA:93,0
DA:94,0
DA:96,0
DA:101,0
DA:102,0
DA:103,0
DA:105,0
DA:108,0
DA:110,0
DA:114,0
DA:115,0
DA:118,0
DA:158,0
DA:159,0
DA:161,0
DA:162,0
DA:164,0
DA:167,0
DA:168,0
DA:169,0
DA:170,0
DA:173,0
DA:175,0
DA:176,0
DA:177,0
DA:178,0
DA:179,0
DA:182,0
DA:183,0
DA:184,0
DA:185,0
DA:186,0
DA:187,0
DA:194,0
DA:197,0
DA:201,0
DA:202,0
DA:203,0
DA:205,0
DA:206,0
DA:208,0
DA:209,0
DA:214,0
DA:215,0
DA:216,0
DA:217,0
DA:220,0
DA:223,0
DA:225,0
DA:228,0
DA:239,0
DA:242,0
DA:243,0
DA:250,0
DA:251,0
DA:254,0
DA:257,0
DA:258,0
DA:261,0
DA:262,0
DA:263,0
DA:264,0
DA:265,0
DA:266,0
DA:267,0
DA:269,0
DA:272,0
DA:273,0
DA:277,0
DA:278,0
DA:280,0
DA:285,0
DA:286,0
DA:287,0
DA:288,0
DA:289,0
DA:290,0
DA:293,0
DA:296,0
DA:297,0
DA:298,0
DA:300,0
DA:301,0
DA:303,0
DA:304,0
DA:305,0
DA:311,0
DA:312,0
DA:313,0
DA:314,0
DA:319,0
DA:322,0
DA:323,0
DA:324,0
DA:329,0
DA:330,0
DA:334,0
DA:335,0
DA:337,0
DA:338,0
DA:340,0
DA:347,0
DA:351,0
DA:352,0
DA:354,0
DA:355,0
DA:357,0
DA:362,0
DA:366,0
DA:367,0
DA:368,0
DA:369,0
DA:374,0
DA:375,0
DA:378,0
DA:379,0
DA:399,0
DA:478,0
DA:490,0
LF:153
LH:0
BRDA:41,0,0,0
BRDA:61,1,0,0
BRDA:61,1,1,0
BRDA:63,2,0,0
BRDA:63,2,1,0
BRDA:90,3,0,0
BRDA:90,3,1,0
BRDA:90,4,0,0
BRDA:90,4,1,0
BRDA:90,4,2,0
BRDA:101,5,0,0
BRDA:101,5,1,0
BRDA:102,6,0,0
BRDA:102,6,1,0
BRDA:115,7,0,0
BRDA:115,7,1,0
BRDA:115,8,0,0
BRDA:115,8,1,0
BRDA:115,8,2,0
BRDA:167,9,0,0
BRDA:167,9,1,0
BRDA:176,10,0,0
BRDA:176,10,1,0
BRDA:202,11,0,0
BRDA:202,11,1,0
BRDA:205,12,0,0
BRDA:205,12,1,0
BRDA:208,13,0,0
BRDA:208,13,1,0
BRDA:220,14,0,0
BRDA:220,14,1,0
BRDA:220,14,2,0
BRDA:233,15,0,0
BRDA:233,15,1,0
BRDA:234,16,0,0
BRDA:234,16,1,0
BRDA:235,17,0,0
BRDA:235,17,1,0
BRDA:263,18,0,0
BRDA:263,18,1,0
BRDA:264,19,0,0
BRDA:264,19,1,0
BRDA:265,20,0,0
BRDA:265,20,1,0
BRDA:266,21,0,0
BRDA:266,21,1,0
BRDA:266,22,0,0
BRDA:266,22,1,0
BRDA:288,23,0,0
BRDA:288,23,1,0
BRDA:297,24,0,0
BRDA:297,24,1,0
BRDA:304,25,0,0
BRDA:304,25,1,0
BRDA:323,26,0,0
BRDA:323,26,1,0
BRDA:335,27,0,0
BRDA:335,27,1,0
BRDA:335,28,0,0
BRDA:335,28,1,0
BRDA:352,29,0,0
BRDA:352,29,1,0
BRDA:352,30,0,0
BRDA:352,30,1,0
BRDA:367,31,0,0
BRDA:367,31,1,0
BRDA:367,32,0,0
BRDA:367,32,1,0
BRDA:378,33,0,0
BRDA:378,33,1,0
BRDA:408,34,0,0
BRDA:408,34,1,0
BRDA:416,35,0,0
BRDA:416,35,1,0
BRDA:425,36,0,0
BRDA:425,36,1,0
BRDA:434,37,0,0
BRDA:434,37,1,0
BRDA:472,38,0,0
BRDA:472,38,1,0
BRDA:486,39,0,0
BRDA:486,39,1,0
BRDA:494,40,0,0
BRDA:494,40,1,0
BRDA:495,41,0,0
BRDA:495,41,1,0
BRDA:501,42,0,0
BRDA:501,42,1,0
BRF:88
BRH:0
end_of_record
TN:
SF:src/components/Analytics.jsx
FN:15,(anonymous_0)
FN:26,(anonymous_1)
FN:68,(anonymous_2)
FN:73,(anonymous_3)
FNF:4
FNH:0
FNDA:0,(anonymous_0)
FNDA:0,(anonymous_1)
FNDA:0,(anonymous_2)
FNDA:0,(anonymous_3)
DA:15,1
DA:16,0
DA:18,0
DA:26,0
DA:27,0
DA:29,0
DA:31,0
DA:38,0
DA:45,0
DA:52,0
DA:59,0
DA:63,0
DA:69,0
DA:70,0
DA:73,0
LF:15
LH:1
BRDA:27,0,0,0
BRDA:27,0,1,0
BRDA:27,0,2,0
BRDA:27,0,3,0
BRDA:27,0,4,0
BRDA:27,0,5,0
BRDA:75,1,0,0
BRDA:75,1,1,0
BRF:8
BRH:0
end_of_record
TN:
SF:src/components/AuthContext.tsx
FN:52,(anonymous_0)
FN:64,(anonymous_1)
FN:69,(anonymous_2)
FN:70,(anonymous_3)
FN:113,(anonymous_4)
FN:144,(anonymous_5)
FN:168,(anonymous_6)
FN:176,(anonymous_7)
FN:184,(anonymous_8)
FN:215,(anonymous_9)
FN:265,(anonymous_10)
FNF:11
FNH:0
FNDA:0,(anonymous_0)
FNDA:0,(anonymous_1)
FNDA:0,(anonymous_2)
FNDA:0,(anonymous_3)
FNDA:0,(anonymous_4)
FNDA:0,(anonymous_5)
FNDA:0,(anonymous_6)
FNDA:0,(anonymous_7)
FNDA:0,(anonymous_8)
FNDA:0,(anonymous_9)
FNDA:0,(anonymous_10)
DA:52,1
DA:54,0
DA:55,0
DA:57,0
DA:61,1
DA:64,1
DA:65,0
DA:66,0
DA:69,0
DA:70,0
DA:71,0
DA:72,0
DA:74,0
DA:75,0
DA:76,0
DA:79,0
DA:87,0
DA:88,0
DA:91,0
DA:92,0
DA:93,0
DA:96,0
DA:98,0
DA:99,0
DA:100,0
DA:103,0
DA:106,0
DA:109,0
DA:113,0
DA:114,0
DA:115,0
DA:123,0
DA:124,0
DA:125,0
DA:128,0
DA:131,0
DA:132,0
DA:133,0
DA:135,0
DA:137,0
DA:138,0
DA:139,0
DA:144,0
DA:145,0
DA:147,0
DA:148,0
DA:149,0
DA:158,0
DA:161,0
DA:162,0
DA:163,0
DA:168,0
DA:169,0
DA:170,0
DA:171,0
DA:172,0
DA:176,0
DA:177,0
DA:179,0
DA:180,0
DA:184,0
DA:185,0
DA:186,0
DA:194,0
DA:195,0
DA:196,0
DA:199,0
DA:202,0
DA:203,0
DA:204,0
DA:206,0
DA:208,0
DA:209,0
DA:210,0
DA:215,0
DA:216,0
DA:217,0
DA:219,0
DA:220,0
DA:228,0
DA:229,0
DA:232,0
DA:233,0
DA:234,0
DA:235,0
DA:236,0
DA:239,0
DA:241,0
DA:243,0
DA:244,0
DA:249,0
DA:261,0
DA:265,1
DA:266,0
DA:267,0
DA:268,0
DA:270,0
LF:97
LH:4
BRDA:54,0,0,0
BRDA:54,0,1,0
BRDA:74,1,0,0
BRDA:74,1,1,0
BRDA:74,2,0,0
BRDA:74,2,1,0
BRDA:87,3,0,0
BRDA:87,3,1,0
BRDA:123,4,0,0
BRDA:123,4,1,0
BRDA:125,5,0,0
BRDA:125,5,1,0
BRDA:138,6,0,0
BRDA:138,6,1,0
BRDA:148,7,0,0
BRDA:148,7,1,0
BRDA:169,8,0,0
BRDA:169,8,1,0
BRDA:177,9,0,0
BRDA:177,9,1,0
BRDA:177,10,0,0
BRDA:177,10,1,0
BRDA:179,11,0,0
BRDA:179,11,1,0
BRDA:194,12,0,0
BRDA:194,12,1,0
BRDA:196,13,0,0
BRDA:196,13,1,0
BRDA:209,14,0,0
BRDA:209,14,1,0
BRDA:217,15,0,0
BRDA:217,15,1,0
BRDA:228,16,0,0
BRDA:228,16,1,0
BRDA:234,17,0,0
BRDA:234,17,1,0
BRDA:267,18,0,0
BRDA:267,18,1,0
BRF:38
BRH:0
end_of_record
TN:
SF:src/components/BuildProgressMonitor.jsx
FN:5,(anonymous_0)
FN:14,(anonymous_1)
FN:18,(anonymous_2)
FN:20,(anonymous_3)
FN:35,(anonymous_4)
FN:48,(anonymous_5)
FN:61,(anonymous_6)
FN:74,(anonymous_7)
FN:153,(anonymous_8)
FN:176,(anonymous_9)
FN:197,(anonymous_10)
FNF:11
FNH:0
FNDA:0,(anonymous_0)
FNDA:0,(anonymous_1)
FNDA:0,(anonymous_2)
FNDA:0,(anonymous_3)
FNDA:0,(anonymous_4)
FNDA:0,(anonymous_5)
FNDA:0,(anonymous_6)
FNDA:0,(anonymous_7)
FNDA:0,(anonymous_8)
FNDA:0,(anonymous_9)
FNDA:0,(anonymous_10)
DA:5,0
DA:6,0
DA:14,0
DA:15,0
DA:18,0
DA:19,0
DA:20,0
DA:34,0
DA:35,0
DA:36,0
DA:42,0
DA:48,0
DA:49,0
DA:51,0
DA:53,0
DA:55,0
DA:57,0
DA:61,0
DA:62,0
DA:64,0
DA:66,0
DA:68,0
DA:70,0
DA:74,0
DA:75,0
DA:78,0
DA:80,0
DA:154,0
DA:178,0
DA:199,0
LF:30
LH:0
BRDA:15,0,0,0
BRDA:15,0,1,0
BRDA:15,1,0,0
BRDA:15,1,1,0
BRDA:19,2,0,0
BRDA:19,2,1,0
BRDA:29,3,0,0
BRDA:29,3,1,0
BRDA:34,4,0,0
BRDA:34,4,1,0
BRDA:34,5,0,0
BRDA:34,5,1,0
BRDA:49,6,0,0
BRDA:49,6,1,0
BRDA:49,6,2,0
BRDA:49,6,3,0
BRDA:62,7,0,0
BRDA:62,7,1,0
BRDA:62,7,2,0
BRDA:62,7,3,0
BRDA:78,8,0,0
BRDA:78,8,1,0
BRDA:130,9,0,0
BRDA:130,9,1,0
BRDA:131,10,0,0
BRDA:131,10,1,0
BRDA:151,11,0,0
BRDA:151,11,1,0
BRDA:159,12,0,0
BRDA:159,12,1,0
BRDA:173,13,0,0
BRDA:173,13,1,0
BRDA:194,14,0,0
BRDA:194,14,1,0
BRF:34
BRH:0
end_of_record
TN:
SF:src/components/CapabilityStore.jsx
FN:24,(anonymous_0)
FN:172,(anonymous_1)
FN:173,(anonymous_2)
FN:178,(anonymous_3)
FN:180,(anonymous_4)
FN:184,(anonymous_5)
FN:189,(anonymous_6)
FN:192,(anonymous_7)
FN:207,(anonymous_8)
FN:219,(anonymous_9)
FN:230,(anonymous_10)
FN:258,(anonymous_11)
FN:270,(anonymous_12)
FN:275,(anonymous_13)
FN:291,(anonymous_14)
FN:337,(anonymous_15)
FN:348,(anonymous_16)
FNF:17
FNH:0
FNDA:0,(anonymous_0)
FNDA:0,(anonymous_1)
FNDA:0,(anonymous_2)
FNDA:0,(anonymous_3)
FNDA:0,(anonymous_4)
FNDA:0,(anonymous_5)
FNDA:0,(anonymous_6)
FNDA:0,(anonymous_7)
FNDA:0,(anonymous_8)
FNDA:0,(anonymous_9)
FNDA:0,(anonymous_10)
FNDA:0,(anonymous_11)
FNDA:0,(anonymous_12)
FNDA:0,(anonymous_13)
FNDA:0,(anonymous_14)
FNDA:0,(anonymous_15)
FNDA:0,(anonymous_16)
DA:24,1
DA:25,0
DA:26,0
DA:27,0
DA:28,0
DA:30,0
DA:41,0
DA:172,0
DA:173,0
DA:174,0
DA:178,0
DA:179,0
DA:180,0
DA:184,0
DA:185,0
DA:186,0
DA:189,0
DA:190,0
DA:192,0
DA:193,0
DA:194,0
DA:197,0
DA:207,0
DA:219,0
DA:230,0
DA:258,0
DA:271,0
DA:272,0
DA:275,0
DA:292,0
DA:293,0
DA:338,0
DA:349,0
LF:33
LH:1
BRDA:174,0,0,0
BRDA:174,0,1,0
BRDA:190,1,0,0
BRDA:190,1,1,0
BRDA:190,1,2,0
BRDA:193,2,0,0
BRDA:193,2,1,0
BRDA:194,3,0,0
BRDA:194,3,1,0
BRDA:221,4,0,0
BRDA:221,4,1,0
BRDA:232,5,0,0
BRDA:232,5,1,0
BRDA:243,6,0,0
BRDA:243,6,1,0
BRDA:277,7,0,0
BRDA:277,7,1,0
BRDA:353,8,0,0
BRDA:353,8,1,0
BRDA:363,9,0,0
BRDA:363,9,1,0
BRF:21
BRH:0
end_of_record
TN:
SF:src/components/Dashboard.tsx
FN:22,(anonymous_0)
FN:87,(anonymous_1)
FN:100,(anonymous_2)
FN:115,(anonymous_3)
FN:122,(anonymous_4)
FN:126,(anonymous_5)
FN:130,(anonymous_6)
FN:134,(anonymous_7)
FN:158,(anonymous_8)
FN:165,(anonymous_9)
FN:172,(anonymous_10)
FN:183,(anonymous_11)
FN:209,(anonymous_12)
FN:240,(anonymous_13)
FN:282,(anonymous_14)
FN:313,(anonymous_15)
FN:350,(anonymous_16)
FNF:17
FNH:6
FNDA:17,(anonymous_0)
FNDA:64,(anonymous_1)
FNDA:80,(anonymous_2)
FNDA:0,(anonymous_3)
FNDA:0,(anonymous_4)
FNDA:0,(anonymous_5)
FNDA:0,(anonymous_6)
FNDA:0,(anonymous_7)
FNDA:0,(anonymous_8)
FNDA:0,(anonymous_9)
FNDA:0,(anonymous_10)
FNDA:64,(anonymous_11)
FNDA:0,(anonymous_12)
FNDA:64,(anonymous_13)
FNDA:80,(anonymous_14)
FNDA:0,(anonymous_15)
FNDA:0,(anonymous_16)
DA:22,2
DA:23,17
DA:24,16
DA:25,16
DA:26,16
DA:27,16
DA:29,16
DA:36,16
DA:79,16
DA:87,16
DA:88,64
DA:90,32
DA:92,16
DA:94,16
DA:96,0
DA:100,16
DA:101,80
DA:103,48
DA:105,16
DA:107,16
DA:109,0
DA:111,0
DA:115,16
DA:116,0
DA:119,0
DA:122,16
DA:123,0
DA:126,16
DA:127,0
DA:130,16
DA:131,0
DA:134,16
DA:135,0
DA:140,16
DA:147,16
DA:158,0
DA:165,0
DA:172,0
DA:184,64
DA:185,64
DA:209,0
DA:241,64
DA:283,80
DA:313,0
DA:350,0
LF:45
LH:30
BRDA:88,0,0,32
BRDA:88,0,1,16
BRDA:88,0,2,16
BRDA:88,0,3,0
BRDA:101,1,0,48
BRDA:101,1,1,16
BRDA:101,1,2,16
BRDA:101,1,3,0
BRDA:101,1,4,0
BRDA:162,2,0,16
BRDA:162,2,1,0
BRDA:169,3,0,0
BRDA:169,3,1,16
BRDA:206,4,0,16
BRDA:206,4,1,16
BRDA:214,5,0,16
BRDA:214,5,1,0
BRDA:252,6,0,64
BRDA:252,6,1,48
BRDA:257,7,0,32
BRDA:257,7,1,32
BRDA:258,8,0,16
BRDA:258,8,1,16
BRDA:259,9,0,16
BRDA:259,9,1,0
BRDA:286,10,0,48
BRDA:286,10,1,32
BRDA:287,11,0,16
BRDA:287,11,1,16
BRDA:288,12,0,16
BRDA:288,12,1,0
BRF:31
BRH:23
end_of_record
TN:
SF:src/components/DataEngineeringInterface.jsx
FN:39,(anonymous_0)
FN:237,(anonymous_1)
FN:242,(anonymous_2)
FN:245,(anonymous_3)
FN:289,(anonymous_4)
FN:298,(anonymous_5)
FN:301,(anonymous_6)
FN:307,(anonymous_7)
FN:312,(anonymous_8)
FN:328,(anonymous_9)
FN:329,(anonymous_10)
FN:330,(anonymous_11)
FN:375,(anonymous_12)
FN:441,(anonymous_13)
FN:446,(anonymous_14)
FN:451,(anonymous_15)
FN:454,(anonymous_16)
FN:455,(anonymous_17)
FN:461,(anonymous_18)
FN:467,(anonymous_19)
FN:472,(anonymous_20)
FN:477,(anonymous_21)
FN:480,(anonymous_22)
FN:481,(anonymous_23)
FN:487,(anonymous_24)
FN:493,(anonymous_25)
FN:494,(anonymous_26)
FN:495,(anonymous_27)
FN:508,(anonymous_28)
FN:512,(anonymous_29)
FN:522,(anonymous_30)
FN:531,(anonymous_31)
FN:535,(anonymous_32)
FN:543,(anonymous_33)
FN:548,(anonymous_34)
FN:553,(anonymous_35)
FN:560,(anonymous_36)
FN:561,(anonymous_37)
FN:562,(anonymous_38)
FN:574,(anonymous_39)
FN:584,(anonymous_40)
FN:599,(anonymous_41)
FN:614,(anonymous_42)
FN:661,(anonymous_43)
FN:666,(anonymous_44)
FN:679,(anonymous_45)
FN:682,(anonymous_46)
FN:718,(anonymous_47)
FN:724,(anonymous_48)
FN:759,(anonymous_49)
FN:770,(anonymous_50)
FN:787,(anonymous_51)
FN:796,(anonymous_52)
FN:799,(anonymous_53)
FN:799,(anonymous_54)
FN:853,(anonymous_55)
FN:858,(anonymous_56)
FN:868,(anonymous_57)
FN:872,(anonymous_58)
FN:876,(anonymous_59)
FN:880,(anonymous_60)
FN:886,(anonymous_61)
FN:893,(anonymous_62)
FN:893,(anonymous_63)
FN:896,(anonymous_64)
FN:934,(anonymous_65)
FN:938,(anonymous_66)
FN:995,(anonymous_67)
FN:1016,(anonymous_68)
FN:1037,(anonymous_69)
FN:1052,(anonymous_70)
FN:1059,(anonymous_71)
FN:1063,(anonymous_72)
FN:1067,(anonymous_73)
FN:1071,(anonymous_74)
FN:1078,(anonymous_75)
FN:1085,(anonymous_76)
FN:1085,(anonymous_77)
FN:1104,(anonymous_78)
FN:1108,(anonymous_79)
FN:1116,(anonymous_80)
FN:1127,(anonymous_81)
FNF:82
FNH:59
FNDA:48,(anonymous_0)
FNDA:2,(anonymous_1)
FNDA:193,(anonymous_2)
FNDA:8,(anonymous_3)
FNDA:193,(anonymous_4)
FNDA:14,(anonymous_5)
FNDA:14,(anonymous_6)
FNDA:18,(anonymous_7)
FNDA:2,(anonymous_8)
FNDA:6,(anonymous_9)
FNDA:12,(anonymous_10)
FNDA:18,(anonymous_11)
FNDA:8,(anonymous_12)
FNDA:2,(anonymous_13)
FNDA:1,(anonymous_14)
FNDA:1,(anonymous_15)
FNDA:0,(anonymous_16)
FNDA:0,(anonymous_17)
FNDA:1,(anonymous_18)
FNDA:2,(anonymous_19)
FNDA:0,(anonymous_20)
FNDA:1,(anonymous_21)
FNDA:0,(anonymous_22)
FNDA:0,(anonymous_23)
FNDA:1,(anonymous_24)
FNDA:0,(anonymous_25)
FNDA:0,(anonymous_26)
FNDA:0,(anonymous_27)
FNDA:1,(anonymous_28)
FNDA:0,(anonymous_29)
FNDA:0,(anonymous_30)
FNDA:0,(anonymous_31)
FNDA:0,(anonymous_32)
FNDA:0,(anonymous_33)
FNDA:0,(anonymous_34)
FNDA:48,(anonymous_35)
FNDA:2,(anonymous_36)
FNDA:6,(anonymous_37)
FNDA:2,(anonymous_38)
FNDA:1,(anonymous_39)
FNDA:125,(anonymous_40)
FNDA:125,(anonymous_41)
FNDA:817,(anonymous_42)
FNDA:1,(anonymous_43)
FNDA:3,(anonymous_44)
FNDA:240,(anonymous_45)
FNDA:1,(anonymous_46)
FNDA:125,(anonymous_47)
FNDA:1,(anonymous_48)
FNDA:0,(anonymous_49)
FNDA:0,(anonymous_50)
FNDA:1,(anonymous_51)
FNDA:0,(anonymous_52)
FNDA:0,(anonymous_53)
FNDA:0,(anonymous_54)
FNDA:2,(anonymous_55)
FNDA:2,(anonymous_56)
FNDA:2,(anonymous_57)
FNDA:2,(anonymous_58)
FNDA:2,(anonymous_59)
FNDA:2,(anonymous_60)
FNDA:2,(anonymous_61)
FNDA:0,(anonymous_62)
FNDA:0,(anonymous_63)
FNDA:0,(anonymous_64)
FNDA:817,(anonymous_65)
FNDA:0,(anonymous_66)
FNDA:480,(anonymous_67)
FNDA:480,(anonymous_68)
FNDA:480,(anonymous_69)
FNDA:193,(anonymous_70)
FNDA:193,(anonymous_71)
FNDA:193,(anonymous_72)
FNDA:193,(anonymous_73)
FNDA:193,(anonymous_74)
FNDA:144,(anonymous_75)
FNDA:193,(anonymous_76)
FNDA:48,(anonymous_77)
FNDA:2,(anonymous_78)
FNDA:2,(anonymous_79)
FNDA:1,(anonymous_80)
FNDA:1,(anonymous_81)
DA:39,1
DA:40,48
DA:41,48
DA:42,48
DA:43,48
DA:44,48
DA:45,48
DA:46,48
DA:47,48
DA:48,48
DA:49,48
DA:50,48
DA:51,48
DA:52,48
DA:53,48
DA:54,48
DA:56,48
DA:64,48
DA:188,48
DA:214,48
DA:237,48
DA:238,2
DA:242,48
DA:243,193
DA:245,8
DA:246,8
DA:250,8
DA:251,0
DA:252,0
DA:254,8
DA:258,8
DA:259,0
DA:263,8
DA:264,8
DA:266,8
DA:268,8
DA:270,0
DA:272,0
DA:274,0
DA:276,0
DA:278,0
DA:280,0
DA:282,0
DA:284,0
DA:289,48
DA:290,193
DA:292,193
DA:293,193
DA:294,193
DA:298,48
DA:299,14
DA:301,14
DA:302,14
DA:307,48
DA:308,18
DA:310,2
DA:311,2
DA:312,2
DA:314,2
DA:317,2
DA:320,2
DA:321,2
DA:322,2
DA:325,2
DA:326,2
DA:328,2
DA:329,12
DA:330,18
DA:332,6
DA:334,6
DA:335,6
DA:336,6
DA:337,6
DA:340,6
DA:341,6
DA:344,6
DA:346,6
DA:352,6
DA:355,6
DA:356,6
DA:358,6
DA:359,6
DA:360,6
DA:364,6
DA:368,6
DA:369,6
DA:370,6
DA:375,2
DA:380,8
DA:382,2
DA:383,2
DA:384,2
DA:386,4
DA:387,4
DA:388,4
DA:390,2
DA:391,2
DA:392,2
DA:394,0
DA:395,0
DA:399,8
DA:400,8
DA:401,8
DA:404,8
DA:405,8
DA:406,8
DA:407,8
DA:408,8
DA:410,8
DA:411,8
DA:412,8
DA:413,8
DA:414,8
DA:415,8
DA:416,8
DA:417,8
DA:418,8
DA:419,8
DA:420,8
DA:422,8
DA:423,8
DA:426,8
DA:427,8
DA:428,8
DA:429,8
DA:432,8
DA:433,8
DA:434,8
DA:438,2
DA:441,48
DA:442,2
DA:443,2
DA:446,48
DA:447,1
DA:448,1
DA:451,48
DA:452,1
DA:454,0
DA:455,0
DA:456,0
DA:461,1
DA:463,1
DA:464,1
DA:467,48
DA:468,2
DA:469,2
DA:472,48
DA:473,0
DA:474,0
DA:477,48
DA:478,1
DA:480,0
DA:481,0
DA:482,0
DA:487,1
DA:489,1
DA:490,1
DA:493,48
DA:494,0
DA:495,0
DA:496,0
DA:508,48
DA:509,1
DA:512,48
DA:513,0
DA:514,0
DA:515,0
DA:522,48
DA:523,0
DA:524,0
DA:531,48
DA:532,0
DA:535,48
DA:536,0
DA:537,0
DA:538,0
DA:539,0
DA:540,0
DA:543,48
DA:544,0
DA:545,0
DA:548,48
DA:549,0
DA:553,48
DA:554,48
DA:556,2
DA:561,6
DA:562,2
DA:564,2
DA:574,1
DA:584,48
DA:585,125
DA:587,33
DA:589,31
DA:591,30
DA:593,31
DA:595,0
DA:599,48
DA:600,125
DA:602,33
DA:604,31
DA:606,30
DA:608,31
DA:610,0
DA:614,48
DA:615,817
DA:617,240
DA:619,337
DA:621,240
DA:623,0
DA:627,48
DA:661,1
DA:666,3
DA:680,240
DA:682,1
DA:719,125
DA:724,1
DA:760,0
DA:761,0
DA:771,0
DA:772,0
DA:788,1
DA:789,1
DA:797,0
DA:799,0
DA:800,0
DA:801,0
DA:853,2
DA:858,2
DA:868,2
DA:872,2
DA:876,2
DA:880,2
DA:886,2
DA:893,0
DA:896,0
DA:935,817
DA:938,0
DA:996,480
DA:1017,480
DA:1038,480
DA:1052,193
DA:1059,193
DA:1063,193
DA:1067,193
DA:1071,193
DA:1078,144
DA:1085,193
DA:1086,48
DA:1105,2
DA:1106,2
DA:1108,2
DA:1117,1
DA:1118,1
DA:1127,1
LF:255
LH:203
BRDA:243,0,0,185
BRDA:243,0,1,8
BRDA:250,1,0,0
BRDA:250,1,1,8
BRDA:252,2,0,0
BRDA:252,2,1,0
BRDA:258,3,0,0
BRDA:258,3,1,8
BRDA:258,4,0,8
BRDA:258,4,1,8
BRDA:259,5,0,0
BRDA:259,5,1,0
BRDA:266,6,0,8
BRDA:266,6,1,0
BRDA:266,6,2,0
BRDA:266,6,3,0
BRDA:266,6,4,0
BRDA:266,6,5,0
BRDA:266,6,6,0
BRDA:266,6,7,0
BRDA:266,6,8,0
BRDA:290,7,0,193
BRDA:290,7,1,3
BRDA:292,8,0,193
BRDA:292,8,1,4
BRDA:294,9,0,193
BRDA:294,9,1,190
BRDA:294,9,2,187
BRDA:308,10,0,16
BRDA:308,10,1,2
BRDA:308,11,0,18
BRDA:308,11,1,2
BRDA:314,12,0,0
BRDA:314,12,1,2
BRDA:332,13,0,6
BRDA:332,13,1,0
BRDA:332,14,0,6
BRDA:332,14,1,6
BRDA:380,15,0,2
BRDA:380,15,1,4
BRDA:380,15,2,2
BRDA:380,15,3,0
BRDA:452,16,0,0
BRDA:452,16,1,1
BRDA:456,17,0,0
BRDA:456,17,1,0
BRDA:478,18,0,0
BRDA:478,18,1,1
BRDA:482,19,0,0
BRDA:482,19,1,0
BRDA:496,20,0,0
BRDA:496,20,1,0
BRDA:499,21,0,0
BRDA:499,21,1,0
BRDA:499,22,0,0
BRDA:499,22,1,0
BRDA:500,23,0,0
BRDA:500,23,1,0
BRDA:501,24,0,0
BRDA:501,24,1,0
BRDA:513,25,0,0
BRDA:513,25,1,0
BRDA:523,26,0,0
BRDA:523,26,1,0
BRDA:538,27,0,0
BRDA:538,27,1,0
BRDA:554,28,0,46
BRDA:554,28,1,2
BRDA:561,29,0,2
BRDA:561,29,1,0
BRDA:562,30,0,2
BRDA:562,30,1,0
BRDA:585,31,0,33
BRDA:585,31,1,31
BRDA:585,31,2,30
BRDA:585,31,3,31
BRDA:585,31,4,0
BRDA:600,32,0,33
BRDA:600,32,1,31
BRDA:600,32,2,30
BRDA:600,32,3,31
BRDA:600,32,4,0
BRDA:615,33,0,240
BRDA:615,33,1,337
BRDA:615,33,2,240
BRDA:615,33,3,0
BRDA:628,34,0,0
BRDA:628,34,1,48
BRDA:684,35,0,48
BRDA:684,35,1,192
BRDA:700,36,0,14
BRDA:700,36,1,34
BRDA:705,37,0,0
BRDA:705,37,1,34
BRDA:722,38,0,2
BRDA:722,38,1,123
BRDA:757,39,0,33
BRDA:757,39,1,92
BRDA:768,40,0,31
BRDA:768,40,1,61
BRDA:781,41,0,30
BRDA:781,41,1,31
BRDA:800,42,0,0
BRDA:800,42,1,0
BRDA:829,43,0,0
BRDA:829,43,1,48
BRDA:831,44,0,0
BRDA:831,44,1,48
BRDA:835,45,0,2
BRDA:835,45,1,46
BRDA:886,46,0,2
BRDA:886,46,1,0
BRDA:942,47,0,240
BRDA:942,47,1,577
BRDA:943,48,0,337
BRDA:943,48,1,240
BRDA:1078,49,0,48
BRDA:1078,49,1,48
BRDA:1108,50,0,2
BRDA:1108,50,1,46
BRF:120
BRH:69
end_of_record
TN:
SF:src/components/DragDropDeployment.jsx
FN:18,(anonymous_0)
FN:28,(anonymous_1)
FN:38,(anonymous_2)
FN:48,(anonymous_3)
FN:50,(anonymous_4)
FN:59,(anonymous_5)
FN:69,(anonymous_6)
FN:72,(anonymous_7)
FN:76,(anonymous_8)
FN:84,(anonymous_9)
FN:86,(anonymous_10)
FN:86,(anonymous_11)
FN:92,(anonymous_12)
FN:93,(anonymous_13)
FN:93,(anonymous_14)
FN:101,(anonymous_15)
FN:101,(anonymous_16)
FN:111,(anonymous_17)
FN:111,(anonymous_18)
FN:117,(anonymous_19)
FN:131,(anonymous_20)
FN:134,(anonymous_21)
FN:142,(anonymous_22)
FN:142,(anonymous_23)
FN:148,(anonymous_24)
FN:154,(anonymous_25)
FN:154,(anonymous_26)
FN:165,(anonymous_27)
FN:165,(anonymous_28)
FN:185,(anonymous_29)
FN:186,(anonymous_30)
FN:186,(anonymous_31)
FN:187,(anonymous_32)
FN:187,(anonymous_33)
FN:190,(anonymous_34)
FN:191,(anonymous_35)
FN:191,(anonymous_36)
FN:194,(anonymous_37)
FN:198,(anonymous_38)
FN:225,(anonymous_39)
FN:252,(anonymous_40)
FN:259,(anonymous_41)
FN:260,(anonymous_42)
FN:262,(anonymous_43)
FN:264,(anonymous_44)
FN:264,(anonymous_45)
FN:287,(anonymous_46)
FN:324,(anonymous_47)
FN:332,(anonymous_48)
FN:362,(anonymous_49)
FN:379,(anonymous_50)
FNF:51
FNH:0
FNDA:0,(anonymous_0)
FNDA:0,(anonymous_1)
FNDA:0,(anonymous_2)
FNDA:0,(anonymous_3)
FNDA:0,(anonymous_4)
FNDA:0,(anonymous_5)
FNDA:0,(anonymous_6)
FNDA:0,(anonymous_7)
FNDA:0,(anonymous_8)
FNDA:0,(anonymous_9)
FNDA:0,(anonymous_10)
FNDA:0,(anonymous_11)
FNDA:0,(anonymous_12)
FNDA:0,(anonymous_13)
FNDA:0,(anonymous_14)
FNDA:0,(anonymous_15)
FNDA:0,(anonymous_16)
FNDA:0,(anonymous_17)
FNDA:0,(anonymous_18)
FNDA:0,(anonymous_19)
FNDA:0,(anonymous_20)
FNDA:0,(anonymous_21)
FNDA:0,(anonymous_22)
FNDA:0,(anonymous_23)
FNDA:0,(anonymous_24)
FNDA:0,(anonymous_25)
FNDA:0,(anonymous_26)
FNDA:0,(anonymous_27)
FNDA:0,(anonymous_28)
FNDA:0,(anonymous_29)
FNDA:0,(anonymous_30)
FNDA:0,(anonymous_31)
FNDA:0,(anonymous_32)
FNDA:0,(anonymous_33)
FNDA:0,(anonymous_34)
FNDA:0,(anonymous_35)
FNDA:0,(anonymous_36)
FNDA:0,(anonymous_37)
FNDA:0,(anonymous_38)
FNDA:0,(anonymous_39)
FNDA:0,(anonymous_40)
FNDA:0,(anonymous_41)
FNDA:0,(anonymous_42)
FNDA:0,(anonymous_43)
FNDA:0,(anonymous_44)
FNDA:0,(anonymous_45)
FNDA:0,(anonymous_46)
FNDA:0,(anonymous_47)
FNDA:0,(anonymous_48)
FNDA:0,(anonymous_49)
FNDA:0,(anonymous_50)
DA:18,2
DA:19,0
DA:20,0
DA:21,0
DA:22,0
DA:23,0
DA:24,0
DA:25,0
DA:28,0
DA:29,0
DA:30,0
DA:31,0
DA:32,0
DA:33,0
DA:34,0
DA:38,0
DA:39,0
DA:40,0
DA:41,0
DA:43,0
DA:44,0
DA:48,0
DA:49,0
DA:50,0
DA:51,0
DA:58,0
DA:59,0
DA:69,0
DA:72,0
DA:76,0
DA:77,0
DA:78,0
DA:79,0
DA:80,0
DA:81,0
DA:84,0
DA:85,0
DA:86,0
DA:87,0
DA:91,0
DA:92,0
DA:93,0
DA:94,0
DA:101,0
DA:102,0
DA:111,0
DA:112,0
DA:117,0
DA:118,0
DA:119,0
DA:120,0
DA:123,0
DA:131,0
DA:134,0
DA:135,0
DA:137,0
DA:138,0
DA:140,0
DA:141,0
DA:142,0
DA:143,0
DA:147,0
DA:148,0
DA:154,0
DA:155,0
DA:158,0
DA:165,0
DA:166,0
DA:169,0
DA:177,0
DA:178,0
DA:180,0
DA:181,0
DA:185,0
DA:186,0
DA:187,0
DA:190,0
DA:191,0
DA:194,0
DA:195,0
DA:198,0
DA:199,0
DA:200,0
DA:201,0
DA:202,0
DA:203,0
DA:206,0
DA:225,0
DA:253,0
DA:259,0
DA:261,0
DA:262,0
DA:264,0
DA:288,0
DA:324,0
DA:332,0
DA:363,0
DA:379,0
LF:98
LH:1
BRDA:18,0,0,0
BRDA:31,1,0,0
BRDA:31,1,1,0
BRDA:31,2,0,0
BRDA:31,2,1,0
BRDA:33,3,0,0
BRDA:33,3,1,0
BRDA:43,4,0,0
BRDA:43,4,1,0
BRDA:43,5,0,0
BRDA:43,5,1,0
BRDA:51,6,0,0
BRDA:51,6,1,0
BRDA:51,6,2,0
BRDA:51,6,3,0
BRDA:51,6,4,0
BRDA:58,7,0,0
BRDA:58,7,1,0
BRDA:77,8,0,0
BRDA:77,8,1,0
BRDA:78,9,0,0
BRDA:78,9,1,0
BRDA:79,10,0,0
BRDA:79,10,1,0
BRDA:80,11,0,0
BRDA:80,11,1,0
BRDA:80,12,0,0
BRDA:80,12,1,0
BRDA:87,13,0,0
BRDA:87,13,1,0
BRDA:94,14,0,0
BRDA:94,14,1,0
BRDA:102,15,0,0
BRDA:102,15,1,0
BRDA:112,16,0,0
BRDA:112,16,1,0
BRDA:118,17,0,0
BRDA:118,17,1,0
BRDA:135,18,0,0
BRDA:135,18,1,0
BRDA:143,19,0,0
BRDA:143,19,1,0
BRDA:155,20,0,0
BRDA:155,20,1,0
BRDA:166,21,0,0
BRDA:166,21,1,0
BRDA:180,22,0,0
BRDA:180,22,1,0
BRDA:199,23,0,0
BRDA:199,23,1,0
BRDA:211,24,0,0
BRDA:211,24,1,0
BRDA:228,25,0,0
BRDA:228,25,1,0
BRDA:229,26,0,0
BRDA:229,26,1,0
BRDA:230,27,0,0
BRDA:230,27,1,0
BRDA:245,28,0,0
BRDA:245,28,1,0
BRDA:261,29,0,0
BRDA:261,29,1,0
BRDA:280,30,0,0
BRDA:280,30,1,0
BRDA:291,31,0,0
BRDA:291,31,1,0
BRDA:292,32,0,0
BRDA:292,32,1,0
BRDA:293,33,0,0
BRDA:293,33,1,0
BRDA:296,34,0,0
BRDA:296,34,1,0
BRDA:298,35,0,0
BRDA:298,35,1,0
BRDA:300,36,0,0
BRDA:300,36,1,0
BRDA:311,37,0,0
BRDA:311,37,1,0
BRDA:322,38,0,0
BRDA:322,38,1,0
BRDA:345,39,0,0
BRDA:345,39,1,0
BRDA:357,40,0,0
BRDA:357,40,1,0
BRDA:358,41,0,0
BRDA:358,41,1,0
BRDA:366,42,0,0
BRDA:366,42,1,0
BRDA:367,43,0,0
BRDA:367,43,1,0
BRDA:368,44,0,0
BRDA:368,44,1,0
BRF:92
BRH:0
end_of_record
TN:
SF:src/components/ErrorBoundary.jsx
FN:6,(anonymous_0)
FN:21,(anonymous_1)
FN:26,(anonymous_2)
FN:51,(anonymous_3)
FN:60,(anonymous_4)
FN:65,(anonymous_5)
FN:79,(anonymous_6)
FN:86,(anonymous_7)
FN:91,(anonymous_8)
FN:98,(anonymous_9)
FN:105,(anonymous_10)
FN:115,(anonymous_11)
FN:181,(anonymous_12)
FNF:13
FNH:0
FNDA:0,(anonymous_0)
FNDA:0,(anonymous_1)
FNDA:0,(anonymous_2)
FNDA:0,(anonymous_3)
FNDA:0,(anonymous_4)
FNDA:0,(anonymous_5)
FNDA:0,(anonymous_6)
FNDA:0,(anonymous_7)
FNDA:0,(anonymous_8)
FNDA:0,(anonymous_9)
FNDA:0,(anonymous_10)
FNDA:0,(anonymous_11)
FNDA:0,(anonymous_12)
DA:7,0
DA:8,0
DA:17,0
DA:18,0
DA:23,0
DA:27,0
DA:30,0
DA:41,0
DA:48,0
DA:51,0
DA:52,0
DA:55,0
DA:56,0
DA:60,0
DA:61,0
DA:65,0
DA:67,0
DA:76,0
DA:79,0
DA:81,0
DA:82,0
DA:86,0
DA:87,0
DA:91,0
DA:92,0
DA:93,0
DA:95,0
DA:98,0
DA:99,0
DA:100,0
DA:101,0
DA:107,0
DA:108,0
DA:110,0
DA:111,0
DA:117,0
DA:118,0
DA:121,0
DA:123,0
DA:164,0
DA:176,0
DA:181,2
DA:182,0
LF:43
LH:1
BRDA:32,0,0,0
BRDA:32,0,1,0
BRDA:55,1,0,0
BRDA:55,1,1,0
BRDA:81,2,0,0
BRDA:81,2,1,0
BRDA:92,3,0,0
BRDA:92,3,1,0
BRDA:100,4,0,0
BRDA:100,4,1,0
BRDA:107,5,0,0
BRDA:107,5,1,0
BRDA:110,6,0,0
BRDA:110,6,1,0
BRDA:117,7,0,0
BRDA:117,7,1,0
BRDA:121,8,0,0
BRDA:121,8,1,0
BRDA:134,9,0,0
BRDA:134,9,1,0
BRDA:146,10,0,0
BRDA:146,10,1,0
BRDA:146,10,2,0
BRDA:166,11,0,0
BRDA:166,11,1,0
BRDA:198,12,0,0
BRDA:198,12,1,0
BRF:27
BRH:0
end_of_record
TN:
SF:src/components/ErrorBoundaryTestButton.jsx
FN:4,(anonymous_0)
FN:7,(anonymous_1)
FN:16,(anonymous_2)
FNF:3
FNH:0
FNDA:0,(anonymous_0)
FNDA:0,(anonymous_1)
FNDA:0,(anonymous_2)
DA:4,1
DA:5,0
DA:7,0
DA:8,0
DA:9,0
DA:13,0
DA:15,0
DA:16,0
DA:19,0
LF:9
LH:1
BRDA:13,0,0,0
BRDA:13,0,1,0
BRF:2
BRH:0
end_of_record
TN:
SF:src/components/ErrorInferenceExample.jsx
FN:10,(anonymous_0)
FN:14,(anonymous_1)
FN:64,(anonymous_2)
FN:65,(anonymous_3)
FN:75,(anonymous_4)
FN:85,(anonymous_5)
FN:94,(anonymous_6)
FN:140,(anonymous_7)
FN:144,(anonymous_8)
FN:191,(anonymous_9)
FNF:10
FNH:0
FNDA:0,(anonymous_0)
FNDA:0,(anonymous_1)
FNDA:0,(anonymous_2)
FNDA:0,(anonymous_3)
FNDA:0,(anonymous_4)
FNDA:0,(anonymous_5)
FNDA:0,(anonymous_6)
FNDA:0,(anonymous_7)
FNDA:0,(anonymous_8)
FNDA:0,(anonymous_9)
DA:10,0
DA:11,0
DA:12,0
DA:14,0
DA:16,0
DA:19,0
DA:64,0
DA:65,0
DA:66,0
DA:67,0
DA:68,0
DA:75,0
DA:76,0
DA:77,0
DA:78,0
DA:85,0
DA:86,0
DA:87,0
DA:88,0
DA:94,0
DA:95,0
DA:96,0
DA:97,0
DA:104,0
DA:140,0
DA:141,0
DA:142,0
DA:144,0
DA:145,0
DA:146,0
DA:147,0
DA:149,0
DA:150,0
DA:153,0
DA:154,0
DA:157,0
DA:164,0
DA:167,0
DA:171,0
DA:191,0
DA:192,0
LF:41
LH:0
BRDA:33,0,0,0
BRDA:33,0,1,0
BRDA:35,1,0,0
BRDA:35,1,1,0
BRDA:40,2,0,0
BRDA:40,2,1,0
BRDA:40,2,2,0
BRDA:41,3,0,0
BRDA:41,3,1,0
BRDA:149,4,0,0
BRDA:149,4,1,0
BRDA:179,5,0,0
BRDA:179,5,1,0
BRDA:181,6,0,0
BRDA:181,6,1,0
BRF:15
BRH:0
end_of_record
TN:
SF:src/components/ErrorInferenceNotification.jsx
FN:9,(anonymous_0)
FN:14,(anonymous_1)
FN:16,(anonymous_2)
FN:17,(anonymous_3)
FN:22,(anonymous_4)
FN:23,(anonymous_5)
FN:23,(anonymous_6)
FN:27,(anonymous_7)
FN:37,(anonymous_8)
FN:44,(anonymous_9)
FN:45,(anonymous_10)
FN:47,(anonymous_11)
FN:90,(anonymous_12)
FN:91,(anonymous_13)
FN:100,(anonymous_14)
FN:107,(anonymous_15)
FN:118,(anonymous_16)
FN:121,(anonymous_17)
FN:126,(anonymous_18)
FN:149,(anonymous_19)
FN:152,(anonymous_20)
FN:177,(anonymous_21)
FN:183,(anonymous_22)
FN:187,(anonymous_23)
FN:196,(anonymous_24)
FN:206,(anonymous_25)
FN:215,(anonymous_26)
FN:219,(anonymous_27)
FN:248,(anonymous_28)
FN:263,(anonymous_29)
FN:263,(anonymous_30)
FN:268,(anonymous_31)
FN:277,(anonymous_32)
FN:277,(anonymous_33)
FN:282,(anonymous_34)
FN:290,(anonymous_35)
FN:336,(anonymous_36)
FN:346,(anonymous_37)
FN:370,(anonymous_38)
FN:412,(anonymous_39)
FN:431,(anonymous_40)
FN:461,(anonymous_41)
FN:462,(anonymous_42)
FNF:43
FNH:0
FNDA:0,(anonymous_0)
FNDA:0,(anonymous_1)
FNDA:0,(anonymous_2)
FNDA:0,(anonymous_3)
FNDA:0,(anonymous_4)
FNDA:0,(anonymous_5)
FNDA:0,(anonymous_6)
FNDA:0,(anonymous_7)
FNDA:0,(anonymous_8)
FNDA:0,(anonymous_9)
FNDA:0,(anonymous_10)
FNDA:0,(anonymous_11)
FNDA:0,(anonymous_12)
FNDA:0,(anonymous_13)
FNDA:0,(anonymous_14)
FNDA:0,(anonymous_15)
FNDA:0,(anonymous_16)
FNDA:0,(anonymous_17)
FNDA:0,(anonymous_18)
FNDA:0,(anonymous_19)
FNDA:0,(anonymous_20)
FNDA:0,(anonymous_21)
FNDA:0,(anonymous_22)
FNDA:0,(anonymous_23)
FNDA:0,(anonymous_24)
FNDA:0,(anonymous_25)
FNDA:0,(anonymous_26)
FNDA:0,(anonymous_27)
FNDA:0,(anonymous_28)
FNDA:0,(anonymous_29)
FNDA:0,(anonymous_30)
FNDA:0,(anonymous_31)
FNDA:0,(anonymous_32)
FNDA:0,(anonymous_33)
FNDA:0,(anonymous_34)
FNDA:0,(anonymous_35)
FNDA:0,(anonymous_36)
FNDA:0,(anonymous_37)
FNDA:0,(anonymous_38)
FNDA:0,(anonymous_39)
FNDA:0,(anonymous_40)
FNDA:0,(anonymous_41)
FNDA:0,(anonymous_42)
DA:9,0
DA:10,0
DA:11,0
DA:12,0
DA:14,0
DA:16,0
DA:17,0
DA:18,0
DA:22,0
DA:23,0
DA:27,0
DA:28,0
DA:32,0
DA:35,0
DA:37,0
DA:38,0
DA:39,0
DA:40,0
DA:44,0
DA:45,0
DA:47,0
DA:48,0
DA:49,0
DA:52,0
DA:90,0
DA:91,0
DA:100,0
DA:101,0
DA:102,0
DA:103,0
DA:104,0
DA:105,0
DA:107,0
DA:109,0
DA:112,0
DA:113,0
DA:114,0
DA:118,0
DA:119,0
DA:121,0
DA:122,0
DA:126,0
DA:127,0
DA:129,0
DA:144,0
DA:149,0
DA:150,0
DA:152,0
DA:154,0
DA:156,0
DA:173,0
DA:177,0
DA:178,0
DA:179,0
DA:183,0
DA:184,0
DA:186,0
DA:187,0
DA:193,0
DA:194,0
DA:196,0
DA:202,0
DA:206,0
DA:207,0
DA:209,0
DA:215,0
DA:216,0
DA:219,0
DA:225,0
DA:227,0
DA:232,0
DA:248,0
DA:256,0
DA:257,0
DA:260,0
DA:263,0
DA:264,0
DA:268,0
DA:274,0
DA:277,0
DA:278,0
DA:282,0
DA:290,0
DA:291,0
DA:292,0
DA:293,0
DA:294,0
DA:295,0
DA:296,0
DA:300,0
DA:337,0
DA:346,0
DA:371,0
DA:372,0
DA:413,0
DA:432,0
DA:461,0
DA:462,0
LF:98
LH:0
BRDA:9,0,0,0
BRDA:23,1,0,0
BRDA:23,1,1,0
BRDA:44,2,0,0
BRDA:44,2,1,0
BRDA:45,3,0,0
BRDA:45,3,1,0
BRDA:45,3,2,0
BRDA:58,4,0,0
BRDA:58,4,1,0
BRDA:60,5,0,0
BRDA:60,5,1,0
BRDA:71,6,0,0
BRDA:71,6,1,0
BRDA:73,7,0,0
BRDA:73,7,1,0
BRDA:75,8,0,0
BRDA:75,8,1,0
BRDA:80,9,0,0
BRDA:80,9,1,0
BRDA:87,10,0,0
BRDA:87,10,1,0
BRDA:112,11,0,0
BRDA:112,11,1,0
BRDA:119,12,0,0
BRDA:119,12,1,0
BRDA:119,13,0,0
BRDA:119,13,1,0
BRDA:121,14,0,0
BRDA:121,14,1,0
BRDA:122,15,0,0
BRDA:122,15,1,0
BRDA:127,16,0,0
BRDA:127,16,1,0
BRDA:150,17,0,0
BRDA:150,17,1,0
BRDA:154,18,0,0
BRDA:154,18,1,0
BRDA:154,19,0,0
BRDA:154,19,1,0
BRDA:178,20,0,0
BRDA:178,20,1,0
BRDA:184,21,0,0
BRDA:184,21,1,0
BRDA:184,22,0,0
BRDA:184,22,1,0
BRDA:207,23,0,0
BRDA:207,23,1,0
BRDA:207,24,0,0
BRDA:207,24,1,0
BRDA:227,25,0,0
BRDA:227,25,1,0
BRDA:227,26,0,0
BRDA:227,26,1,0
BRDA:256,27,0,0
BRDA:256,27,1,0
BRDA:264,28,0,0
BRDA:264,28,1,0
BRDA:278,29,0,0
BRDA:278,29,1,0
BRDA:291,30,0,0
BRDA:291,30,1,0
BRDA:291,30,2,0
BRDA:291,30,3,0
BRDA:291,30,4,0
BRDA:340,31,0,0
BRDA:340,31,1,0
BRDA:361,32,0,0
BRDA:361,32,1,0
BRDA:363,33,0,0
BRDA:363,33,1,0
BRDA:389,34,0,0
BRDA:389,34,1,0
BRDA:398,35,0,0
BRDA:398,35,1,0
BRDA:398,35,2,0
BRDA:404,36,0,0
BRDA:404,36,1,0
BRDA:415,37,0,0
BRDA:415,37,1,0
BRDA:419,38,0,0
BRDA:419,38,1,0
BRDA:421,39,0,0
BRDA:421,39,1,0
BRDA:427,40,0,0
BRDA:427,40,1,0
BRDA:438,41,0,0
BRDA:438,41,1,0
BRDA:462,42,0,0
BRDA:462,42,1,0
BRF:90
BRH:0
end_of_record
TN:
SF:src/components/ErrorTestButton.jsx
FN:4,(anonymous_0)
FN:5,(anonymous_1)
FN:23,(anonymous_2)
FNF:3
FNH:0
FNDA:0,(anonymous_0)
FNDA:0,(anonymous_1)
FNDA:0,(anonymous_2)
DA:4,1
DA:5,0
DA:6,0
DA:9,0
DA:12,0
DA:19,0
DA:20,0
DA:23,0
DA:24,0
DA:27,0
DA:28,0
DA:30,0
DA:38,0
DA:41,0
LF:14
LH:1
BRF:0
BRH:0
end_of_record
TN:
SF:src/components/LoadingScreen.jsx
FN:4,(anonymous_0)
FN:15,(anonymous_1)
FN:16,(anonymous_2)
FN:17,(anonymous_3)
FN:23,(anonymous_4)
FN:27,(anonymous_5)
FN:32,(anonymous_6)
FN:34,(anonymous_7)
FN:38,(anonymous_8)
FN:63,(anonymous_9)
FNF:10
FNH:5
FNDA:17,(anonymous_0)
FNDA:5,(anonymous_1)
FNDA:0,(anonymous_2)
FNDA:0,(anonymous_3)
FNDA:5,(anonymous_4)
FNDA:10,(anonymous_5)
FNDA:5,(anonymous_6)
FNDA:0,(anonymous_7)
FNDA:0,(anonymous_8)
FNDA:0,(anonymous_9)
DA:4,2
DA:10,17
DA:11,17
DA:12,17
DA:15,17
DA:16,5
DA:17,0
DA:18,0
DA:19,0
DA:23,5
DA:27,17
DA:28,10
DA:32,17
DA:33,5
DA:34,0
DA:35,0
DA:38,0
DA:42,17
DA:43,0
DA:46,17
DA:65,0
DA:66,0
LF:22
LH:13
BRDA:5,0,0,0
BRDA:6,1,0,0
BRDA:7,2,0,0
BRDA:8,3,0,17
BRDA:18,4,0,0
BRDA:18,4,1,0
BRDA:33,5,0,0
BRDA:33,5,1,5
BRDA:33,6,0,5
BRDA:33,6,1,0
BRDA:42,7,0,0
BRDA:42,7,1,17
BRDA:97,8,0,17
BRDA:97,8,1,17
BRF:14
BRH:6
end_of_record
TN:
SF:src/components/LoginPage.jsx
FN:7,(anonymous_0)
FN:21,(anonymous_1)
FN:23,(anonymous_2)
FN:27,(anonymous_3)
FN:40,(anonymous_4)
FN:63,(anonymous_5)
FN:102,(anonymous_6)
FNF:7
FNH:5
FNDA:16,(anonymous_0)
FNDA:6,(anonymous_1)
FNDA:6,(anonymous_2)
FNDA:0,(anonymous_3)
FNDA:3,(anonymous_4)
FNDA:3,(anonymous_5)
FNDA:0,(anonymous_6)
DA:7,2
DA:8,16
DA:9,16
DA:10,16
DA:15,16
DA:16,16
DA:17,16
DA:18,16
DA:19,16
DA:21,16
DA:22,6
DA:23,6
DA:26,6
DA:27,0
DA:28,0
DA:29,0
DA:30,0
DA:35,6
DA:36,0
DA:40,16
DA:41,3
DA:43,3
DA:44,0
DA:47,3
DA:48,0
DA:49,3
DA:50,0
DA:53,3
DA:54,0
DA:55,3
DA:56,0
DA:59,3
DA:60,3
DA:63,16
DA:64,3
DA:66,3
DA:67,0
DA:70,3
DA:71,3
DA:73,3
DA:74,3
DA:79,3
DA:80,0
DA:83,3
DA:87,3
DA:89,2
DA:91,1
DA:95,0
DA:96,0
DA:98,3
DA:102,16
DA:103,0
DA:104,0
DA:105,0
DA:108,16
LF:55
LH:38
BRDA:26,0,0,0
BRDA:26,0,1,6
BRDA:35,1,0,0
BRDA:35,1,1,6
BRDA:43,2,0,0
BRDA:43,2,1,3
BRDA:47,3,0,0
BRDA:47,3,1,3
BRDA:47,4,0,3
BRDA:47,4,1,0
BRDA:49,5,0,0
BRDA:49,5,1,3
BRDA:49,6,0,3
BRDA:49,6,1,0
BRDA:53,7,0,0
BRDA:53,7,1,3
BRDA:55,8,0,0
BRDA:55,8,1,3
BRDA:55,9,0,3
BRDA:55,9,1,0
BRDA:66,10,0,0
BRDA:66,10,1,3
BRDA:79,11,0,0
BRDA:79,11,1,3
BRDA:83,12,0,3
BRDA:83,12,1,0
BRDA:87,13,0,2
BRDA:87,13,1,1
BRDA:91,14,0,1
BRDA:91,14,1,0
BRDA:96,15,0,0
BRDA:96,15,1,0
BRDA:132,16,0,16
BRDA:132,16,1,0
BRDA:135,17,0,16
BRDA:135,17,1,1
BRDA:157,18,0,0
BRDA:157,18,1,16
BRDA:161,19,0,16
BRDA:161,19,1,0
BRDA:166,20,0,16
BRDA:166,20,1,0
BRDA:181,21,0,0
BRDA:181,21,1,0
BRDA:185,22,0,0
BRDA:185,22,1,0
BRDA:205,23,0,0
BRDA:205,23,1,16
BRDA:206,24,0,16
BRDA:206,24,1,0
BRDA:209,25,0,16
BRDA:209,25,1,0
BRDA:214,26,0,16
BRDA:214,26,1,16
BRDA:227,27,0,3
BRDA:227,27,1,13
BRDA:230,28,0,3
BRDA:230,28,1,0
BRDA:233,29,0,13
BRDA:233,29,1,0
BRDA:242,30,0,16
BRDA:242,30,1,0
BRDA:247,31,0,16
BRDA:247,31,1,0
BRF:64
BRH:33
end_of_record
TN:
SF:src/components/MCPCapabilityManager.jsx
FN:28,(anonymous_0)
FN:57,(anonymous_1)
FN:58,(anonymous_2)
FN:65,(anonymous_3)
FN:66,(anonymous_4)
FN:105,(anonymous_5)
FN:107,(anonymous_6)
FN:111,(anonymous_7)
FN:127,(anonymous_8)
FN:130,(anonymous_9)
FN:133,(anonymous_10)
FN:140,(anonymous_11)
FN:141,(anonymous_12)
FN:141,(anonymous_13)
FN:146,(anonymous_14)
FN:179,(anonymous_15)
FN:184,(anonymous_16)
FN:187,(anonymous_17)
FN:232,(anonymous_18)
FN:233,(anonymous_19)
FN:234,(anonymous_20)
FN:245,(anonymous_21)
FN:258,(anonymous_22)
FN:271,(anonymous_23)
FN:284,(anonymous_24)
FN:285,(anonymous_25)
FN:289,(anonymous_26)
FN:297,(anonymous_27)
FN:302,(anonymous_28)
FN:307,(anonymous_29)
FN:310,(anonymous_30)
FN:311,(anonymous_31)
FN:317,(anonymous_32)
FN:323,(anonymous_33)
FN:324,(anonymous_34)
FN:330,(anonymous_35)
FN:331,(anonymous_36)
FN:337,(anonymous_37)
FN:341,(anonymous_38)
FN:342,(anonymous_39)
FN:346,(anonymous_40)
FN:355,(anonymous_41)
FN:356,(anonymous_42)
FN:372,(anonymous_43)
FN:398,(anonymous_44)
FN:399,(anonymous_45)
FN:410,(anonymous_46)
FN:427,(anonymous_47)
FN:447,(anonymous_48)
FN:448,(anonymous_49)
FN:465,(anonymous_50)
FN:466,(anonymous_51)
FN:485,(anonymous_52)
FN:492,(anonymous_53)
FN:493,(anonymous_54)
FN:494,(anonymous_55)
FN:506,(anonymous_56)
FN:567,(anonymous_57)
FN:591,(anonymous_58)
FN:596,(anonymous_59)
FN:609,(anonymous_60)
FN:614,(anonymous_61)
FN:630,(anonymous_62)
FN:670,(anonymous_63)
FN:678,(anonymous_64)
FN:731,(anonymous_65)
FN:741,(anonymous_66)
FN:745,(anonymous_67)
FN:770,(anonymous_68)
FN:788,(anonymous_69)
FN:806,(anonymous_70)
FN:823,(anonymous_71)
FN:834,(anonymous_72)
FN:835,(anonymous_73)
FN:842,(anonymous_74)
FN:886,(anonymous_75)
FN:897,(anonymous_76)
FN:910,(anonymous_77)
FNF:78
FNH:48
FNDA:77,(anonymous_0)
FNDA:13,(anonymous_1)
FNDA:13,(anonymous_2)
FNDA:39,(anonymous_3)
FNDA:26,(anonymous_4)
FNDA:0,(anonymous_5)
FNDA:0,(anonymous_6)
FNDA:0,(anonymous_7)
FNDA:0,(anonymous_8)
FNDA:0,(anonymous_9)
FNDA:0,(anonymous_10)
FNDA:0,(anonymous_11)
FNDA:0,(anonymous_12)
FNDA:0,(anonymous_13)
FNDA:0,(anonymous_14)
FNDA:0,(anonymous_15)
FNDA:104,(anonymous_16)
FNDA:0,(anonymous_17)
FNDA:30,(anonymous_18)
FNDA:35,(anonymous_19)
FNDA:34,(anonymous_20)
FNDA:103,(anonymous_21)
FNDA:177,(anonymous_22)
FNDA:103,(anonymous_23)
FNDA:26,(anonymous_24)
FNDA:52,(anonymous_25)
FNDA:104,(anonymous_26)
FNDA:2,(anonymous_27)
FNDA:3,(anonymous_28)
FNDA:2,(anonymous_29)
FNDA:1,(anonymous_30)
FNDA:2,(anonymous_31)
FNDA:1,(anonymous_32)
FNDA:1,(anonymous_33)
FNDA:1,(anonymous_34)
FNDA:2,(anonymous_35)
FNDA:2,(anonymous_36)
FNDA:1,(anonymous_37)
FNDA:1,(anonymous_38)
FNDA:2,(anonymous_39)
FNDA:1,(anonymous_40)
FNDA:0,(anonymous_41)
FNDA:0,(anonymous_42)
FNDA:2,(anonymous_43)
FNDA:1,(anonymous_44)
FNDA:2,(anonymous_45)
FNDA:1,(anonymous_46)
FNDA:0,(anonymous_47)
FNDA:0,(anonymous_48)
FNDA:0,(anonymous_49)
FNDA:0,(anonymous_50)
FNDA:0,(anonymous_51)
FNDA:77,(anonymous_52)
FNDA:0,(anonymous_53)
FNDA:0,(anonymous_54)
FNDA:0,(anonymous_55)
FNDA:0,(anonymous_56)
FNDA:0,(anonymous_57)
FNDA:1,(anonymous_58)
FNDA:0,(anonymous_59)
FNDA:539,(anonymous_60)
FNDA:1,(anonymous_61)
FNDA:103,(anonymous_62)
FNDA:0,(anonymous_63)
FNDA:1,(anonymous_64)
FNDA:1,(anonymous_65)
FNDA:101,(anonymous_66)
FNDA:0,(anonymous_67)
FNDA:2,(anonymous_68)
FNDA:0,(anonymous_69)
FNDA:2,(anonymous_70)
FNDA:0,(anonymous_71)
FNDA:76,(anonymous_72)
FNDA:114,(anonymous_73)
FNDA:2,(anonymous_74)
FNDA:2,(anonymous_75)
FNDA:2,(anonymous_76)
FNDA:0,(anonymous_77)
DA:28,1
DA:29,77
DA:30,77
DA:31,77
DA:32,77
DA:33,77
DA:34,77
DA:35,77
DA:36,77
DA:37,77
DA:39,77
DA:49,77
DA:50,77
DA:52,77
DA:53,77
DA:54,77
DA:57,77
DA:58,13
DA:59,13
DA:60,13
DA:61,13
DA:64,13
DA:65,39
DA:66,26
DA:93,13
DA:95,0
DA:97,13
DA:101,13
DA:105,77
DA:107,0
DA:109,0
DA:111,0
DA:114,0
DA:127,0
DA:130,0
DA:133,0
DA:134,0
DA:135,0
DA:136,0
DA:140,0
DA:141,0
DA:145,0
DA:146,0
DA:147,0
DA:148,0
DA:149,0
DA:155,77
DA:179,77
DA:180,0
DA:184,77
DA:185,104
DA:187,0
DA:188,0
DA:192,0
DA:193,0
DA:194,0
DA:196,0
DA:200,0
DA:201,0
DA:205,0
DA:206,0
DA:208,0
DA:210,0
DA:212,0
DA:214,0
DA:216,0
DA:218,0
DA:220,0
DA:222,0
DA:224,0
DA:226,0
DA:232,77
DA:233,30
DA:234,35
DA:242,30
DA:245,77
DA:246,103
DA:248,8
DA:250,0
DA:252,95
DA:254,0
DA:258,77
DA:259,177
DA:261,10
DA:263,0
DA:265,167
DA:267,0
DA:271,77
DA:272,103
DA:274,8
DA:276,0
DA:278,95
DA:280,0
DA:284,77
DA:285,52
DA:286,26
DA:289,77
DA:290,104
DA:292,104
DA:293,104
DA:294,104
DA:297,77
DA:298,2
DA:299,2
DA:302,77
DA:303,3
DA:304,3
DA:307,77
DA:308,2
DA:310,1
DA:311,1
DA:312,2
DA:317,1
DA:319,2
DA:320,2
DA:323,77
DA:324,1
DA:325,1
DA:326,1
DA:327,1
DA:330,77
DA:331,2
DA:332,2
DA:333,2
DA:334,2
DA:337,77
DA:338,1
DA:339,1
DA:341,1
DA:342,1
DA:343,2
DA:347,1
DA:355,0
DA:356,0
DA:357,0
DA:367,1
DA:368,1
DA:369,1
DA:372,77
DA:373,2
DA:377,2
DA:379,2
DA:381,2
DA:385,2
DA:393,1
DA:394,0
DA:398,1
DA:399,1
DA:400,2
DA:410,1
DA:419,1
DA:421,1
DA:423,2
DA:427,77
DA:428,0
DA:430,0
DA:432,0
DA:439,0
DA:440,0
DA:443,0
DA:444,0
DA:447,0
DA:448,0
DA:449,0
DA:463,0
DA:465,0
DA:466,0
DA:467,0
DA:480,0
DA:485,77
DA:486,77
DA:488,0
DA:493,0
DA:494,0
DA:496,0
DA:506,0
DA:516,77
DA:567,0
DA:591,1
DA:596,0
DA:610,539
DA:611,539
DA:614,1
DA:631,103
DA:632,103
DA:633,103
DA:670,0
DA:678,1
DA:731,1
DA:742,101
DA:745,0
DA:770,2
DA:788,0
DA:806,2
DA:823,0
DA:835,114
DA:836,76
DA:838,76
DA:842,2
DA:887,2
DA:888,2
DA:898,2
DA:899,2
DA:900,2
DA:910,0
LF:205
LH:129
BRDA:69,0,0,26
BRDA:69,0,1,0
BRDA:71,1,0,26
BRDA:71,1,1,0
BRDA:80,2,0,0
BRDA:80,2,1,26
BRDA:90,3,0,26
BRDA:90,3,1,0
BRDA:185,4,0,104
BRDA:185,4,1,0
BRDA:192,5,0,0
BRDA:192,5,1,0
BRDA:194,6,0,0
BRDA:194,6,1,0
BRDA:200,7,0,0
BRDA:200,7,1,0
BRDA:200,8,0,0
BRDA:200,8,1,0
BRDA:201,9,0,0
BRDA:201,9,1,0
BRDA:208,10,0,0
BRDA:208,10,1,0
BRDA:208,10,2,0
BRDA:208,10,3,0
BRDA:208,10,4,0
BRDA:208,10,5,0
BRDA:208,10,6,0
BRDA:208,10,7,0
BRDA:208,10,8,0
BRDA:246,11,0,8
BRDA:246,11,1,0
BRDA:246,11,2,95
BRDA:246,11,3,0
BRDA:259,12,0,10
BRDA:259,12,1,0
BRDA:259,12,2,167
BRDA:259,12,3,0
BRDA:272,13,0,8
BRDA:272,13,1,0
BRDA:272,13,2,95
BRDA:272,13,3,0
BRDA:286,14,0,26
BRDA:286,14,1,0
BRDA:290,15,0,104
BRDA:290,15,1,1
BRDA:292,16,0,104
BRDA:292,16,1,2
BRDA:294,17,0,104
BRDA:294,17,1,103
BRDA:294,17,2,103
BRDA:308,18,0,1
BRDA:308,18,1,1
BRDA:312,19,0,1
BRDA:312,19,1,1
BRDA:338,20,0,1
BRDA:338,20,1,0
BRDA:339,21,0,1
BRDA:339,21,1,0
BRDA:343,22,0,1
BRDA:343,22,1,1
BRDA:347,23,0,1
BRDA:347,23,1,0
BRDA:357,24,0,0
BRDA:357,24,1,0
BRDA:373,25,0,0
BRDA:373,25,1,2
BRDA:373,26,0,2
BRDA:373,26,1,2
BRDA:381,27,0,2
BRDA:381,27,1,0
BRDA:393,28,0,0
BRDA:393,28,1,1
BRDA:394,29,0,0
BRDA:394,29,1,0
BRDA:400,30,0,1
BRDA:400,30,1,1
BRDA:407,31,0,1
BRDA:407,31,1,0
BRDA:412,32,0,1
BRDA:412,32,1,0
BRDA:421,33,0,1
BRDA:421,33,1,0
BRDA:439,34,0,0
BRDA:439,34,1,0
BRDA:449,35,0,0
BRDA:449,35,1,0
BRDA:467,36,0,0
BRDA:467,36,1,0
BRDA:486,37,0,77
BRDA:486,37,1,0
BRDA:493,38,0,0
BRDA:493,38,1,0
BRDA:494,39,0,0
BRDA:494,39,1,0
BRDA:519,40,0,77
BRDA:519,40,1,0
BRDA:616,41,0,77
BRDA:616,41,1,462
BRDA:635,42,0,0
BRDA:635,42,1,103
BRDA:648,43,0,8
BRDA:648,43,1,95
BRDA:650,44,0,0
BRDA:650,44,1,95
BRDA:658,45,0,103
BRDA:658,45,1,0
BRDA:668,46,0,103
BRDA:668,46,1,8
BRDA:674,47,0,0
BRDA:674,47,1,8
BRDA:705,48,0,8
BRDA:705,48,1,95
BRDA:706,49,0,0
BRDA:706,49,1,95
BRDA:716,50,0,0
BRDA:716,50,1,103
BRDA:717,51,0,95
BRDA:717,51,1,8
BRDA:729,52,0,103
BRDA:729,52,1,8
BRDA:740,53,0,101
BRDA:740,53,1,2
BRDA:768,54,0,95
BRDA:768,54,1,8
BRDA:774,55,0,4
BRDA:774,55,1,91
BRDA:792,56,0,0
BRDA:792,56,1,8
BRDA:827,57,0,2
BRDA:827,57,1,75
BRDA:836,58,0,76
BRDA:836,58,1,0
BRDA:856,59,0,76
BRDA:856,59,1,0
BRDA:868,60,0,76
BRDA:868,60,1,72
BRF:136
BRH:71
end_of_record
TN:
SF:src/components/MCPServerBrowser.jsx
FN:32,(anonymous_0)
FN:74,(anonymous_1)
FN:79,(anonymous_2)
FN:84,(anonymous_3)
FN:87,(anonymous_4)
FN:91,(anonymous_5)
FN:97,(anonymous_6)
FN:99,(anonymous_7)
FN:120,(anonymous_8)
FN:134,(anonymous_9)
FN:136,(anonymous_10)
FN:137,(anonymous_11)
FN:150,(anonymous_12)
FN:159,(anonymous_13)
FN:164,(anonymous_14)
FN:167,(anonymous_15)
FN:172,(anonymous_16)
FN:176,(anonymous_17)
FN:180,(anonymous_18)
FN:191,(anonymous_19)
FN:199,(anonymous_20)
FN:207,(anonymous_21)
FN:207,(anonymous_22)
FN:220,(anonymous_23)
FN:245,(anonymous_24)
FN:258,(anonymous_25)
FN:263,(anonymous_26)
FN:288,(anonymous_27)
FN:311,(anonymous_28)
FN:311,(anonymous_29)
FN:345,(anonymous_30)
FN:349,(anonymous_31)
FN:357,(anonymous_32)
FN:357,(anonymous_33)
FN:364,(anonymous_34)
FN:377,(anonymous_35)
FN:386,(anonymous_36)
FN:411,(anonymous_37)
FN:413,(anonymous_38)
FN:423,(anonymous_39)
FN:440,(anonymous_40)
FN:450,(anonymous_41)
FN:460,(anonymous_42)
FN:472,(anonymous_43)
FN:494,(anonymous_44)
FN:516,(anonymous_45)
FN:517,(anonymous_46)
FN:536,(anonymous_47)
FN:571,(anonymous_48)
FN:579,(anonymous_49)
FN:582,(anonymous_50)
FN:590,(anonymous_51)
FN:593,(anonymous_52)
FN:601,(anonymous_53)
FN:604,(anonymous_54)
FN:618,(anonymous_55)
FN:658,(anonymous_56)
FN:703,(anonymous_57)
FN:706,(anonymous_58)
FN:717,(anonymous_59)
FN:720,(anonymous_60)
FN:739,(anonymous_61)
FN:749,(anonymous_62)
FNF:63
FNH:0
FNDA:0,(anonymous_0)
FNDA:0,(anonymous_1)
FNDA:0,(anonymous_2)
FNDA:0,(anonymous_3)
FNDA:0,(anonymous_4)
FNDA:0,(anonymous_5)
FNDA:0,(anonymous_6)
FNDA:0,(anonymous_7)
FNDA:0,(anonymous_8)
FNDA:0,(anonymous_9)
FNDA:0,(anonymous_10)
FNDA:0,(anonymous_11)
FNDA:0,(anonymous_12)
FNDA:0,(anonymous_13)
FNDA:0,(anonymous_14)
FNDA:0,(anonymous_15)
FNDA:0,(anonymous_16)
FNDA:0,(anonymous_17)
FNDA:0,(anonymous_18)
FNDA:0,(anonymous_19)
FNDA:0,(anonymous_20)
FNDA:0,(anonymous_21)
FNDA:0,(anonymous_22)
FNDA:0,(anonymous_23)
FNDA:0,(anonymous_24)
FNDA:0,(anonymous_25)
FNDA:0,(anonymous_26)
FNDA:0,(anonymous_27)
FNDA:0,(anonymous_28)
FNDA:0,(anonymous_29)
FNDA:0,(anonymous_30)
FNDA:0,(anonymous_31)
FNDA:0,(anonymous_32)
FNDA:0,(anonymous_33)
FNDA:0,(anonymous_34)
FNDA:0,(anonymous_35)
FNDA:0,(anonymous_36)
FNDA:0,(anonymous_37)
FNDA:0,(anonymous_38)
FNDA:0,(anonymous_39)
FNDA:0,(anonymous_40)
FNDA:0,(anonymous_41)
FNDA:0,(anonymous_42)
FNDA:0,(anonymous_43)
FNDA:0,(anonymous_44)
FNDA:0,(anonymous_45)
FNDA:0,(anonymous_46)
FNDA:0,(anonymous_47)
FNDA:0,(anonymous_48)
FNDA:0,(anonymous_49)
FNDA:0,(anonymous_50)
FNDA:0,(anonymous_51)
FNDA:0,(anonymous_52)
FNDA:0,(anonymous_53)
FNDA:0,(anonymous_54)
FNDA:0,(anonymous_55)
FNDA:0,(anonymous_56)
FNDA:0,(anonymous_57)
FNDA:0,(anonymous_58)
FNDA:0,(anonymous_59)
FNDA:0,(anonymous_60)
FNDA:0,(anonymous_61)
FNDA:0,(anonymous_62)
DA:32,1
DA:33,0
DA:34,0
DA:35,0
DA:36,0
DA:37,0
DA:38,0
DA:39,0
DA:40,0
DA:41,0
DA:42,0
DA:43,0
DA:44,0
DA:45,0
DA:46,0
DA:48,0
DA:61,0
DA:67,0
DA:74,0
DA:75,0
DA:76,0
DA:79,0
DA:80,0
DA:81,0
DA:84,0
DA:87,0
DA:88,0
DA:91,0
DA:92,0
DA:93,0
DA:94,0
DA:97,0
DA:99,0
DA:101,0
DA:103,0
DA:109,0
DA:112,0
DA:114,0
DA:116,0
DA:120,0
DA:121,0
DA:130,0
DA:134,0
DA:135,0
DA:136,0
DA:138,0
DA:139,0
DA:140,0
DA:142,0
DA:144,0
DA:147,0
DA:148,0
DA:150,0
DA:151,0
DA:152,0
DA:156,0
DA:159,0
DA:160,0
DA:162,0
DA:163,0
DA:164,0
DA:165,0
DA:167,0
DA:171,0
DA:172,0
DA:175,0
DA:176,0
DA:179,0
DA:180,0
DA:181,0
DA:182,0
DA:184,0
DA:188,0
DA:191,0
DA:192,0
DA:194,0
DA:195,0
DA:196,0
DA:199,0
DA:200,0
DA:201,0
DA:202,0
DA:207,0
DA:208,0
DA:214,0
DA:217,0
DA:220,0
DA:230,0
DA:233,0
DA:234,0
DA:237,0
DA:239,0
DA:242,0
DA:245,0
DA:254,0
DA:258,0
DA:260,0
DA:261,0
DA:263,0
DA:264,0
DA:265,0
DA:266,0
DA:269,0
DA:270,0
DA:273,0
DA:274,0
DA:275,0
DA:276,0
DA:277,0
DA:278,0
DA:280,0
DA:288,0
DA:294,0
DA:296,0
DA:297,0
DA:299,0
DA:301,0
DA:303,0
DA:304,0
DA:305,0
DA:307,0
DA:308,0
DA:311,0
DA:312,0
DA:318,0
DA:321,0
DA:322,0
DA:325,0
DA:329,0
DA:332,0
DA:333,0
DA:334,0
DA:336,0
DA:339,0
DA:345,0
DA:346,0
DA:349,0
DA:350,0
DA:351,0
DA:352,0
DA:353,0
DA:357,0
DA:358,0
DA:364,0
DA:374,0
DA:377,0
DA:380,0
DA:381,0
DA:383,0
DA:386,0
DA:387,0
DA:389,0
DA:401,0
DA:404,0
DA:408,0
DA:411,0
DA:413,0
DA:414,0
DA:415,0
DA:416,0
DA:420,0
DA:423,0
DA:424,0
DA:425,0
DA:426,0
DA:433,0
DA:437,0
DA:440,0
DA:441,0
DA:442,0
DA:444,0
DA:446,0
DA:450,0
DA:451,0
DA:452,0
DA:454,0
DA:456,0
DA:460,0
DA:461,0
DA:462,0
DA:463,0
DA:464,0
DA:466,0
DA:468,0
DA:472,0
DA:473,0
DA:475,0
DA:476,0
DA:479,0
DA:480,0
DA:483,0
DA:484,0
DA:487,0
DA:488,0
DA:491,0
DA:494,0
DA:495,0
DA:497,0
DA:498,0
DA:501,0
DA:502,0
DA:505,0
DA:506,0
DA:509,0
DA:510,0
DA:513,0
DA:516,0
DA:517,0
DA:518,0
DA:521,0
DA:522,0
DA:530,0
DA:536,0
DA:571,0
DA:579,0
DA:583,0
DA:590,0
DA:594,0
DA:601,0
DA:605,0
DA:619,0
DA:620,0
DA:621,0
DA:622,0
DA:623,0
DA:625,0
DA:659,0
DA:704,0
DA:705,0
DA:706,0
DA:718,0
DA:719,0
DA:720,0
DA:739,0
DA:749,0
LF:235
LH:1
BRDA:97,0,0,0
BRDA:97,0,1,0
BRDA:101,1,0,0
BRDA:101,1,1,0
BRDA:105,2,0,0
BRDA:105,2,1,0
BRDA:151,3,0,0
BRDA:151,3,1,0
BRDA:162,4,0,0
BRDA:162,4,1,0
BRDA:165,5,0,0
BRDA:165,5,1,0
BRDA:165,5,2,0
BRDA:171,6,0,0
BRDA:171,6,1,0
BRDA:175,7,0,0
BRDA:175,7,1,0
BRDA:179,8,0,0
BRDA:179,8,1,0
BRDA:181,9,0,0
BRDA:181,9,1,0
BRDA:194,10,0,0
BRDA:194,10,1,0
BRDA:200,11,0,0
BRDA:200,11,1,0
BRDA:208,12,0,0
BRDA:208,12,1,0
BRDA:214,13,0,0
BRDA:214,13,1,0
BRDA:249,14,0,0
BRDA:249,14,1,0
BRDA:254,15,0,0
BRDA:254,15,1,0
BRDA:274,16,0,0
BRDA:274,16,1,0
BRDA:274,17,0,0
BRDA:274,17,1,0
BRDA:275,18,0,0
BRDA:275,18,1,0
BRDA:294,19,0,0
BRDA:294,19,1,0
BRDA:296,20,0,0
BRDA:296,20,1,0
BRDA:303,21,0,0
BRDA:303,21,1,0
BRDA:305,22,0,0
BRDA:305,22,1,0
BRDA:312,23,0,0
BRDA:312,23,1,0
BRDA:321,24,0,0
BRDA:321,24,1,0
BRDA:332,25,0,0
BRDA:332,25,1,0
BRDA:334,26,0,0
BRDA:334,26,1,0
BRDA:350,27,0,0
BRDA:350,27,1,0
BRDA:358,28,0,0
BRDA:358,28,1,0
BRDA:380,29,0,0
BRDA:380,29,1,0
BRDA:387,30,0,0
BRDA:387,30,1,0
BRDA:387,31,0,0
BRDA:387,31,1,0
BRDA:408,32,0,0
BRDA:408,32,1,0
BRDA:424,33,0,0
BRDA:424,33,1,0
BRDA:475,34,0,0
BRDA:475,34,1,0
BRDA:479,35,0,0
BRDA:479,35,1,0
BRDA:483,36,0,0
BRDA:483,36,1,0
BRDA:487,37,0,0
BRDA:487,37,1,0
BRDA:497,38,0,0
BRDA:497,38,1,0
BRDA:501,39,0,0
BRDA:501,39,1,0
BRDA:502,40,0,0
BRDA:502,40,1,0
BRDA:505,41,0,0
BRDA:505,41,1,0
BRDA:509,42,0,0
BRDA:509,42,1,0
BRDA:518,43,0,0
BRDA:518,43,1,0
BRDA:521,44,0,0
BRDA:521,44,1,0
BRDA:533,45,0,0
BRDA:533,45,1,0
BRDA:536,46,0,0
BRDA:536,46,1,0
BRDA:542,47,0,0
BRDA:542,47,1,0
BRDA:611,48,0,0
BRDA:611,48,1,0
BRDA:616,49,0,0
BRDA:616,49,1,0
BRDA:622,50,0,0
BRDA:622,50,1,0
BRDA:627,51,0,0
BRDA:627,51,1,0
BRDA:656,52,0,0
BRDA:656,52,1,0
BRDA:656,52,2,0
BRDA:663,53,0,0
BRDA:663,53,1,0
BRDA:675,54,0,0
BRDA:675,54,1,0
BRDA:679,55,0,0
BRDA:679,55,1,0
BRDA:694,56,0,0
BRDA:694,56,1,0
BRDA:701,57,0,0
BRDA:701,57,1,0
BRDA:701,57,2,0
BRDA:701,57,3,0
BRDA:701,57,4,0
BRDA:715,58,0,0
BRDA:715,58,1,0
BRDA:715,58,2,0
BRDA:723,59,0,0
BRDA:723,59,1,0
BRDA:730,60,0,0
BRDA:730,60,1,0
BRDA:730,60,2,0
BRDA:737,61,0,0
BRDA:737,61,1,0
BRDA:737,61,2,0
BRDA:747,62,0,0
BRDA:747,62,1,0
BRDA:764,63,0,0
BRDA:764,63,1,0
BRDA:764,63,2,0
BRF:137
BRH:0
end_of_record
TN:
SF:src/components/MiniLoadingScreen.jsx
FN:4,(anonymous_0)
FN:48,(anonymous_1)
FN:112,(anonymous_2)
FN:122,(anonymous_3)
FN:132,(anonymous_4)
FN:187,(anonymous_5)
FNF:6
FNH:0
FNDA:0,(anonymous_0)
FNDA:0,(anonymous_1)
FNDA:0,(anonymous_2)
FNDA:0,(anonymous_3)
FNDA:0,(anonymous_4)
FNDA:0,(anonymous_5)
DA:4,2
DA:14,0
DA:38,0
DA:45,0
DA:46,0
DA:48,0
DA:49,0
DA:96,0
DA:97,0
DA:104,0
DA:112,2
DA:113,0
DA:122,2
DA:123,0
DA:132,2
DA:134,0
DA:136,0
DA:187,2
DA:188,0
LF:19
LH:5
BRDA:5,0,0,0
BRDA:6,1,0,0
BRDA:7,2,0,0
BRDA:8,3,0,0
BRDA:9,4,0,0
BRDA:10,5,0,0
BRDA:11,6,0,0
BRDA:12,7,0,0
BRDA:45,8,0,0
BRDA:45,8,1,0
BRDA:52,9,0,0
BRDA:52,9,1,0
BRDA:56,10,0,0
BRDA:56,10,1,0
BRDA:58,11,0,0
BRDA:58,11,1,0
BRDA:70,12,0,0
BRDA:70,12,1,0
BRDA:70,12,2,0
BRDA:85,13,0,0
BRDA:85,13,1,0
BRDA:85,13,2,0
BRDA:85,13,3,0
BRDA:96,14,0,0
BRDA:96,14,1,0
BRDA:112,15,0,0
BRDA:112,16,0,0
BRDA:122,17,0,0
BRDA:122,18,0,0
BRDA:132,19,0,0
BRDA:132,20,0,0
BRDA:134,21,0,0
BRDA:134,21,1,0
BRDA:143,22,0,0
BRDA:143,22,1,0
BRDA:149,23,0,0
BRDA:149,23,1,0
BRDA:156,24,0,0
BRDA:156,24,1,0
BRDA:157,25,0,0
BRDA:157,25,1,0
BRDA:169,26,0,0
BRDA:169,26,1,0
BRDA:187,27,0,0
BRDA:187,28,0,0
BRF:45
BRH:0
end_of_record
TN:
SF:src/components/NFTManager.jsx
FN:14,(anonymous_0)
FN:87,(anonymous_1)
FN:102,(anonymous_2)
FN:132,(anonymous_3)
FN:144,(anonymous_4)
FN:154,(anonymous_5)
FN:169,(anonymous_6)
FN:212,(anonymous_7)
FN:248,(anonymous_8)
FNF:9
FNH:0
FNDA:0,(anonymous_0)
FNDA:0,(anonymous_1)
FNDA:0,(anonymous_2)
FNDA:0,(anonymous_3)
FNDA:0,(anonymous_4)
FNDA:0,(anonymous_5)
FNDA:0,(anonymous_6)
FNDA:0,(anonymous_7)
FNDA:0,(anonymous_8)
DA:14,0
DA:15,0
DA:16,0
DA:18,0
DA:87,0
DA:88,0
DA:90,0
DA:92,0
DA:94,0
DA:96,0
DA:98,0
DA:102,0
DA:103,0
DA:107,0
DA:132,0
DA:144,0
DA:154,0
DA:170,0
DA:213,0
DA:249,0
LF:20
LH:0
BRDA:88,0,0,0
BRDA:88,0,1,0
BRDA:88,0,2,0
BRDA:88,0,3,0
BRDA:88,0,4,0
BRDA:103,1,0,0
BRDA:103,1,1,0
BRDA:146,2,0,0
BRDA:146,2,1,0
BRDA:156,3,0,0
BRDA:156,3,1,0
BRDA:167,4,0,0
BRDA:167,4,1,0
BRDA:217,5,0,0
BRDA:217,5,1,0
BRF:15
BRH:0
end_of_record
TN:
SF:src/components/ProgressIndicator.jsx
FN:6,(anonymous_0)
FN:13,(anonymous_1)
FN:41,(anonymous_2)
FN:49,(anonymous_3)
FN:161,(anonymous_4)
FN:171,(anonymous_5)
FN:188,(anonymous_6)
FN:224,(anonymous_7)
FNF:8
FNH:0
FNDA:0,(anonymous_0)
FNDA:0,(anonymous_1)
FNDA:0,(anonymous_2)
FNDA:0,(anonymous_3)
FNDA:0,(anonymous_4)
FNDA:0,(anonymous_5)
FNDA:0,(anonymous_6)
FNDA:0,(anonymous_7)
DA:6,0
DA:13,0
DA:14,0
DA:15,0
DA:16,0
DA:17,0
DA:18,0
DA:19,0
DA:23,0
DA:41,0
DA:42,0
DA:43,0
DA:45,0
DA:46,0
DA:49,0
DA:50,0
DA:51,0
DA:55,0
DA:56,0
DA:85,0
DA:161,0
DA:162,0
DA:163,0
DA:165,0
DA:166,0
DA:169,0
DA:172,0
DA:188,0
DA:189,0
DA:191,0
DA:192,0
DA:199,0
DA:224,0
DA:225,0
DA:226,0
DA:233,0
LF:36
LH:0
BRDA:9,0,0,0
BRDA:10,1,0,0
BRDA:11,2,0,0
BRDA:14,3,0,0
BRDA:14,3,1,0
BRDA:14,3,2,0
BRDA:14,3,3,0
BRDA:14,3,4,0
BRDA:31,4,0,0
BRDA:31,4,1,0
BRDA:41,5,0,0
BRDA:45,6,0,0
BRDA:45,6,1,0
BRDA:50,7,0,0
BRDA:50,7,1,0
BRDA:50,8,0,0
BRDA:50,8,1,0
BRDA:55,9,0,0
BRDA:55,9,1,0
BRDA:73,10,0,0
BRDA:73,10,1,0
BRDA:96,11,0,0
BRDA:96,11,1,0
BRDA:96,11,2,0
BRDA:104,12,0,0
BRDA:104,12,1,0
BRDA:130,13,0,0
BRDA:130,13,1,0
BRDA:142,14,0,0
BRDA:142,14,1,0
BRDA:149,15,0,0
BRDA:149,15,1,0
BRDA:161,16,0,0
BRDA:165,17,0,0
BRDA:165,17,1,0
BRDA:178,18,0,0
BRDA:178,18,1,0
BRDA:191,19,0,0
BRDA:191,19,1,0
BRDA:191,20,0,0
BRDA:191,20,1,0
BRDA:191,20,2,0
BRDA:201,21,0,0
BRDA:201,21,1,0
BRDA:207,22,0,0
BRDA:207,22,1,0
BRDA:213,23,0,0
BRDA:213,23,1,0
BRDA:225,24,0,0
BRDA:225,24,1,0
BRDA:238,25,0,0
BRDA:238,25,1,0
BRDA:242,26,0,0
BRDA:242,26,1,0
BRF:54
BRH:0
end_of_record
TN:
SF:src/components/ProtectedRoute.tsx
FN:10,(anonymous_0)
FNF:1
FNH:0
FNDA:0,(anonymous_0)
DA:10,1
DA:11,0
DA:12,0
DA:15,0
DA:16,0
DA:27,0
DA:28,0
DA:32,0
DA:33,0
DA:37,0
LF:10
LH:1
BRDA:15,0,0,0
BRDA:15,0,1,0
BRDA:27,1,0,0
BRDA:27,1,1,0
BRDA:32,2,0,0
BRDA:32,2,1,0
BRDA:32,3,0,0
BRDA:32,3,1,0
BRF:8
BRH:0
end_of_record
TN:
SF:src/components/RealTimeNotifications.jsx
FN:18,(anonymous_0)
FN:23,(anonymous_1)
FN:25,(anonymous_2)
FN:37,(anonymous_3)
FN:61,(anonymous_4)
FN:88,(anonymous_5)
FN:109,(anonymous_6)
FN:121,(anonymous_7)
FN:132,(anonymous_8)
FN:133,(anonymous_9)
FN:134,(anonymous_10)
FN:137,(anonymous_11)
FN:138,(anonymous_12)
FN:139,(anonymous_13)
FN:143,(anonymous_14)
FN:146,(anonymous_15)
FN:147,(anonymous_16)
FN:147,(anonymous_17)
FN:151,(anonymous_18)
FN:152,(anonymous_19)
FN:152,(anonymous_20)
FN:153,(anonymous_21)
FN:155,(anonymous_22)
FN:159,(anonymous_23)
FN:164,(anonymous_24)
FN:174,(anonymous_25)
FN:184,(anonymous_26)
FN:198,(anonymous_27)
FN:209,(anonymous_28)
FN:242,(anonymous_29)
FN:258,(anonymous_30)
FN:265,(anonymous_31)
FN:273,(anonymous_32)
FN:285,(anonymous_33)
FNF:34
FNH:3
FNDA:12,(anonymous_0)
FNDA:5,(anonymous_1)
FNDA:0,(anonymous_2)
FNDA:0,(anonymous_3)
FNDA:0,(anonymous_4)
FNDA:0,(anonymous_5)
FNDA:0,(anonymous_6)
FNDA:5,(anonymous_7)
FNDA:0,(anonymous_8)
FNDA:0,(anonymous_9)
FNDA:0,(anonymous_10)
FNDA:0,(anonymous_11)
FNDA:0,(anonymous_12)
FNDA:0,(anonymous_13)
FNDA:0,(anonymous_14)
FNDA:0,(anonymous_15)
FNDA:0,(anonymous_16)
FNDA:0,(anonymous_17)
FNDA:0,(anonymous_18)
FNDA:0,(anonymous_19)
FNDA:0,(anonymous_20)
FNDA:0,(anonymous_21)
FNDA:0,(anonymous_22)
FNDA:0,(anonymous_23)
FNDA:0,(anonymous_24)
FNDA:0,(anonymous_25)
FNDA:0,(anonymous_26)
FNDA:0,(anonymous_27)
FNDA:0,(anonymous_28)
FNDA:0,(anonymous_29)
FNDA:0,(anonymous_30)
FNDA:0,(anonymous_31)
FNDA:0,(anonymous_32)
FNDA:0,(anonymous_33)
DA:18,2
DA:19,12
DA:20,12
DA:21,12
DA:23,12
DA:25,5
DA:26,0
DA:37,5
DA:38,0
DA:39,0
DA:48,0
DA:49,0
DA:61,5
DA:63,0
DA:64,0
DA:75,0
DA:76,0
DA:88,5
DA:89,0
DA:101,5
DA:102,0
DA:103,0
DA:104,0
DA:105,0
DA:109,5
DA:110,0
DA:121,5
DA:123,5
DA:124,0
DA:125,0
DA:126,0
DA:127,0
DA:132,12
DA:133,0
DA:134,0
DA:137,12
DA:138,0
DA:139,0
DA:140,0
DA:143,0
DA:146,12
DA:147,0
DA:148,0
DA:151,12
DA:152,0
DA:153,0
DA:154,0
DA:155,0
DA:159,12
DA:160,0
DA:161,0
DA:164,12
DA:165,0
DA:166,0
DA:167,0
DA:168,0
DA:170,0
DA:174,12
DA:175,0
DA:176,0
DA:177,0
DA:178,0
DA:180,0
DA:184,12
DA:185,0
DA:186,0
DA:187,0
DA:188,0
DA:189,0
DA:190,0
DA:192,0
DA:193,0
DA:194,0
DA:195,0
DA:198,12
DA:199,0
DA:200,0
DA:201,0
DA:202,0
DA:205,12
DA:209,0
DA:242,0
DA:259,0
DA:266,0
DA:267,0
DA:273,0
DA:286,0
DA:287,0
LF:88
LH:23
BRDA:28,0,0,0
BRDA:28,0,1,0
BRDA:38,1,0,0
BRDA:38,1,1,0
BRDA:48,2,0,0
BRDA:48,2,1,0
BRDA:63,3,0,0
BRDA:63,3,1,0
BRDA:75,4,0,0
BRDA:75,4,1,0
BRDA:101,5,0,0
BRDA:101,5,1,5
BRDA:101,6,0,5
BRDA:101,6,1,0
BRDA:123,7,0,0
BRDA:123,7,1,5
BRDA:123,8,0,5
BRDA:123,8,1,0
BRDA:140,9,0,0
BRDA:140,9,1,0
BRDA:154,10,0,0
BRDA:154,10,1,0
BRDA:154,11,0,0
BRDA:154,11,1,0
BRDA:165,12,0,0
BRDA:165,12,1,0
BRDA:165,12,2,0
BRDA:165,12,3,0
BRDA:165,12,4,0
BRDA:175,13,0,0
BRDA:175,13,1,0
BRDA:175,13,2,0
BRDA:175,13,3,0
BRDA:175,13,4,0
BRDA:192,14,0,0
BRDA:192,14,1,0
BRDA:193,15,0,0
BRDA:193,15,1,0
BRDA:194,16,0,0
BRDA:194,16,1,0
BRDA:199,17,0,0
BRDA:199,17,1,0
BRDA:200,18,0,0
BRDA:200,18,1,0
BRDA:213,19,0,12
BRDA:213,19,1,0
BRDA:215,20,0,0
BRDA:215,20,1,0
BRDA:221,21,0,12
BRDA:221,21,1,0
BRDA:227,22,0,0
BRDA:227,22,1,0
BRDA:252,23,0,0
BRDA:252,23,1,0
BRDA:271,24,0,0
BRDA:271,24,1,0
BRDA:277,25,0,0
BRDA:277,25,1,0
BRDA:301,26,0,0
BRDA:301,26,1,0
BRF:60
BRH:6
end_of_record
TN:
SF:src/components/RealTimePerformanceMonitor.jsx
FN:25,(anonymous_0)
FN:50,(anonymous_1)
FN:52,(anonymous_2)
FN:53,(anonymous_3)
FN:77,(anonymous_4)
FN:78,(anonymous_5)
FN:79,(anonymous_6)
FN:81,(anonymous_7)
FN:92,(anonymous_8)
FN:107,(anonymous_9)
FN:112,(anonymous_10)
FN:142,(anonymous_11)
FN:143,(anonymous_12)
FN:144,(anonymous_13)
FN:150,(anonymous_14)
FN:163,(anonymous_15)
FN:164,(anonymous_16)
FN:171,(anonymous_17)
FN:185,(anonymous_18)
FN:191,(anonymous_19)
FN:195,(anonymous_20)
FN:263,(anonymous_21)
FN:290,(anonymous_22)
FN:311,(anonymous_23)
FN:324,(anonymous_24)
FNF:25
FNH:3
FNDA:16,(anonymous_0)
FNDA:0,(anonymous_1)
FNDA:0,(anonymous_2)
FNDA:0,(anonymous_3)
FNDA:0,(anonymous_4)
FNDA:0,(anonymous_5)
FNDA:0,(anonymous_6)
FNDA:0,(anonymous_7)
FNDA:0,(anonymous_8)
FNDA:0,(anonymous_9)
FNDA:0,(anonymous_10)
FNDA:0,(anonymous_11)
FNDA:0,(anonymous_12)
FNDA:0,(anonymous_13)
FNDA:0,(anonymous_14)
FNDA:0,(anonymous_15)
FNDA:0,(anonymous_16)
FNDA:0,(anonymous_17)
FNDA:32,(anonymous_18)
FNDA:0,(anonymous_19)
FNDA:32,(anonymous_20)
FNDA:0,(anonymous_21)
FNDA:0,(anonymous_22)
FNDA:0,(anonymous_23)
FNDA:0,(anonymous_24)
DA:25,2
DA:26,16
DA:46,16
DA:47,16
DA:48,16
DA:50,16
DA:52,0
DA:53,0
DA:54,0
DA:63,0
DA:74,0
DA:77,0
DA:78,0
DA:79,0
DA:80,0
DA:81,0
DA:83,0
DA:88,0
DA:89,0
DA:92,0
DA:93,0
DA:104,0
DA:107,0
DA:108,0
DA:112,16
DA:113,0
DA:115,0
DA:116,0
DA:124,0
DA:125,0
DA:133,0
DA:134,0
DA:142,0
DA:143,0
DA:144,0
DA:146,0
DA:150,16
DA:151,0
DA:153,0
DA:154,0
DA:155,0
DA:156,0
DA:158,0
DA:159,0
DA:161,0
DA:163,0
DA:164,0
DA:165,0
DA:167,0
DA:168,0
DA:169,0
DA:171,0
DA:172,0
DA:173,0
DA:175,0
DA:176,0
DA:178,0
DA:182,0
DA:185,16
DA:186,32
DA:187,32
DA:188,32
DA:191,16
DA:192,0
DA:195,16
DA:196,32
DA:197,32
DA:200,16
DA:202,16
DA:243,0
DA:264,0
DA:291,0
DA:292,0
DA:311,0
DA:325,0
LF:75
LH:18
BRDA:25,0,0,0
BRDA:57,1,0,0
BRDA:57,1,1,0
BRDA:58,2,0,0
BRDA:58,2,1,0
BRDA:59,3,0,0
BRDA:59,3,1,0
BRDA:60,4,0,0
BRDA:60,4,1,0
BRDA:65,5,0,0
BRDA:65,5,1,0
BRDA:66,6,0,0
BRDA:66,6,1,0
BRDA:67,7,0,0
BRDA:67,7,1,0
BRDA:68,8,0,0
BRDA:68,8,1,0
BRDA:80,9,0,0
BRDA:80,9,1,0
BRDA:81,10,0,0
BRDA:81,10,1,0
BRDA:115,11,0,0
BRDA:115,11,1,0
BRDA:115,12,0,0
BRDA:115,12,1,0
BRDA:119,13,0,0
BRDA:119,13,1,0
BRDA:124,14,0,0
BRDA:124,14,1,0
BRDA:124,15,0,0
BRDA:124,15,1,0
BRDA:128,16,0,0
BRDA:128,16,1,0
BRDA:133,17,0,0
BRDA:133,17,1,0
BRDA:133,18,0,0
BRDA:133,18,1,0
BRDA:137,19,0,0
BRDA:137,19,1,0
BRDA:151,20,0,0
BRDA:151,20,1,0
BRDA:151,21,0,0
BRDA:151,21,1,0
BRDA:165,22,0,0
BRDA:165,22,1,0
BRDA:175,23,0,0
BRDA:175,23,1,0
BRDA:185,24,0,32
BRDA:186,25,0,0
BRDA:186,25,1,32
BRDA:187,26,0,0
BRDA:187,26,1,32
BRDA:195,27,0,0
BRDA:196,28,0,0
BRDA:196,28,1,32
BRDA:200,29,0,16
BRDA:200,29,1,0
BRDA:232,30,0,16
BRDA:232,30,1,0
BRDA:259,31,0,0
BRDA:259,31,1,0
BRDA:267,32,0,0
BRDA:267,32,1,0
BRDA:328,33,0,0
BRDA:328,33,1,0
BRDA:330,34,0,0
BRDA:330,34,1,0
BRDA:333,35,0,0
BRDA:333,35,1,0
BRDA:334,36,0,0
BRDA:334,36,1,0
BRDA:335,37,0,0
BRDA:335,37,1,0
BRF:73
BRH:6
end_of_record
TN:
SF:src/components/Settings.jsx
FN:37,(anonymous_0)
FN:46,(anonymous_1)
FN:54,(anonymous_2)
FN:122,(anonymous_3)
FN:128,(anonymous_4)
FN:129,(anonymous_5)
FN:151,(anonymous_6)
FN:176,(anonymous_7)
FN:242,(anonymous_8)
FN:258,(anonymous_9)
FN:259,(anonymous_10)
FN:260,(anonymous_11)
FN:281,(anonymous_12)
FN:290,(anonymous_13)
FN:308,(anonymous_14)
FN:411,(anonymous_15)
FN:447,(anonymous_16)
FN:447,(anonymous_17)
FN:452,(anonymous_18)
FN:452,(anonymous_19)
FN:459,(anonymous_20)
FN:484,(anonymous_21)
FN:484,(anonymous_22)
FN:489,(anonymous_23)
FN:489,(anonymous_24)
FN:496,(anonymous_25)
FN:521,(anonymous_26)
FN:521,(anonymous_27)
FN:526,(anonymous_28)
FN:526,(anonymous_29)
FN:533,(anonymous_30)
FN:577,(anonymous_31)
FN:577,(anonymous_32)
FN:581,(anonymous_33)
FN:586,(anonymous_34)
FN:597,(anonymous_35)
FN:597,(anonymous_36)
FN:601,(anonymous_37)
FN:606,(anonymous_38)
FN:626,(anonymous_39)
FN:643,(anonymous_40)
FN:643,(anonymous_41)
FN:665,(anonymous_42)
FN:712,(anonymous_43)
FN:866,(anonymous_44)
FN:877,(anonymous_45)
FN:986,(anonymous_46)
FN:991,(anonymous_47)
FNF:48
FNH:0
FNDA:0,(anonymous_0)
FNDA:0,(anonymous_1)
FNDA:0,(anonymous_2)
FNDA:0,(anonymous_3)
FNDA:0,(anonymous_4)
FNDA:0,(anonymous_5)
FNDA:0,(anonymous_6)
FNDA:0,(anonymous_7)
FNDA:0,(anonymous_8)
FNDA:0,(anonymous_9)
FNDA:0,(anonymous_10)
FNDA:0,(anonymous_11)
FNDA:0,(anonymous_12)
FNDA:0,(anonymous_13)
FNDA:0,(anonymous_14)
FNDA:0,(anonymous_15)
FNDA:0,(anonymous_16)
FNDA:0,(anonymous_17)
FNDA:0,(anonymous_18)
FNDA:0,(anonymous_19)
FNDA:0,(anonymous_20)
FNDA:0,(anonymous_21)
FNDA:0,(anonymous_22)
FNDA:0,(anonymous_23)
FNDA:0,(anonymous_24)
FNDA:0,(anonymous_25)
FNDA:0,(anonymous_26)
FNDA:0,(anonymous_27)
FNDA:0,(anonymous_28)
FNDA:0,(anonymous_29)
FNDA:0,(anonymous_30)
FNDA:0,(anonymous_31)
FNDA:0,(anonymous_32)
FNDA:0,(anonymous_33)
FNDA:0,(anonymous_34)
FNDA:0,(anonymous_35)
FNDA:0,(anonymous_36)
FNDA:0,(anonymous_37)
FNDA:0,(anonymous_38)
FNDA:0,(anonymous_39)
FNDA:0,(anonymous_40)
FNDA:0,(anonymous_41)
FNDA:0,(anonymous_42)
FNDA:0,(anonymous_43)
FNDA:0,(anonymous_44)
FNDA:0,(anonymous_45)
FNDA:0,(anonymous_46)
[...]
BRDA:281,31,0,0
BRDA:281,31,1,0
BRDA:281,32,0,0
BRDA:281,32,1,0
BRDA:282,33,0,0
BRDA:282,33,1,0
BRDA:282,34,0,0
BRDA:282,34,1,0
BRDA:283,35,0,0
BRDA:283,35,1,0
BRDA:283,36,0,0
BRDA:283,36,1,0
BRDA:284,37,0,0
BRDA:284,37,1,0
BRDA:284,38,0,0
BRDA:284,38,1,0
BRDA:285,39,0,0
BRDA:285,39,1,0
BRDA:285,40,0,0
BRDA:285,40,1,0
BRDA:297,41,0,0
BRDA:297,41,1,0
BRDA:298,42,0,0
BRDA:298,42,1,0
BRDA:299,43,0,0
BRDA:299,43,1,0
BRDA:300,44,0,0
BRDA:300,44,1,0
BRDA:301,45,0,0
BRDA:301,45,1,0
BRDA:308,46,0,0
BRDA:308,46,1,0
BRDA:309,47,0,0
BRDA:309,47,1,0
BRDA:320,48,0,0
BRDA:320,48,1,0
BRDA:330,49,0,0
BRDA:330,49,1,0
BRDA:330,50,0,0
BRDA:330,50,1,0
BRDA:331,51,0,0
BRDA:331,51,1,0
BRDA:331,52,0,0
BRDA:331,52,1,0
BRDA:332,53,0,0
BRDA:332,53,1,0
BRDA:332,54,0,0
BRDA:332,54,1,0
BRDA:333,55,0,0
BRDA:333,55,1,0
BRDA:333,56,0,0
BRDA:333,56,1,0
BRDA:334,57,0,0
BRDA:334,57,1,0
BRDA:334,58,0,0
BRDA:334,58,1,0
BRDA:335,59,0,0
BRDA:335,59,1,0
BRDA:335,60,0,0
BRDA:335,60,1,0
BRDA:372,61,0,0
BRDA:372,61,1,0
BRDA:373,62,0,0
BRDA:373,62,1,0
BRDA:374,63,0,0
BRDA:374,63,1,0
BRDA:375,64,0,0
BRDA:375,64,1,0
BRDA:376,65,0,0
BRDA:376,65,1,0
BRDA:377,66,0,0
BRDA:377,66,1,0
BRDA:381,67,0,0
BRDA:381,67,1,0
BRDA:382,68,0,0
BRDA:382,68,1,0
BRDA:394,69,0,0
BRDA:394,69,1,0
BRDA:403,70,0,0
BRDA:403,70,1,0
BRDA:413,71,0,0
BRDA:413,71,1,0
BRDA:413,72,0,0
BRDA:413,72,1,0
BRDA:414,73,0,0
BRDA:414,73,1,0
BRDA:414,74,0,0
BRDA:414,74,1,0
BRDA:415,75,0,0
BRDA:415,75,1,0
BRDA:415,76,0,0
BRDA:415,76,1,0
BRDA:416,77,0,0
BRDA:416,77,1,0
BRDA:416,78,0,0
BRDA:416,78,1,0
BRDA:417,79,0,0
BRDA:417,79,1,0
BRDA:417,80,0,0
BRDA:417,80,1,0
BRDA:418,81,0,0
BRDA:418,81,1,0
BRDA:418,82,0,0
BRDA:418,82,1,0
BRDA:432,83,0,0
BRDA:432,83,1,0
BRDA:451,84,0,0
BRDA:451,84,1,0
BRDA:471,85,0,0
BRDA:471,85,1,0
BRDA:476,86,0,0
BRDA:476,86,1,0
BRDA:496,87,0,0
BRDA:496,87,1,0
BRDA:534,88,0,0
BRDA:534,88,1,0
BRDA:557,89,0,0
BRDA:557,89,1,0
BRDA:573,90,0,0
BRDA:573,90,1,0
BRDA:589,91,0,0
BRDA:589,91,1,0
BRDA:607,92,0,0
BRDA:607,92,1,0
BRDA:652,93,0,0
BRDA:652,93,1,0
BRDA:667,94,0,0
BRDA:681,95,0,0
BRDA:681,95,1,0
BRDA:697,96,0,0
BRDA:697,96,1,0
BRDA:713,97,0,0
BRDA:713,97,1,0
BRDA:731,98,0,0
BRDA:731,98,1,0
BRDA:764,99,0,0
BRDA:764,99,1,0
BRDA:786,100,0,0
BRDA:786,100,1,0
BRDA:834,101,0,0
BRDA:834,101,1,0
BRDA:854,102,0,0
BRDA:854,102,1,0
BRDA:859,103,0,0
BRDA:859,103,1,0
BRDA:874,104,0,0
BRDA:874,104,1,0
BRDA:879,105,0,0
BRDA:879,105,1,0
BRDA:904,106,0,0
BRDA:904,106,1,0
BRDA:920,107,0,0
BRDA:920,107,1,0
BRDA:948,108,0,0
BRDA:948,108,1,0
BRDA:1086,109,0,0
BRDA:1086,109,1,9
BRDA:1091,110,0,9
BRDA:1091,110,1,0
BRDA:1103,111,0,0
BRDA:1103,111,1,2
BRDA:1108,112,0,2
BRDA:1108,112,1,2
BRDA:1159,113,0,0
BRDA:1159,113,1,0
BRDA:1160,114,0,0
BRDA:1160,114,1,0
BRDA:1161,115,0,0
BRDA:1161,115,1,0
BRDA:1162,116,0,0
BRDA:1162,116,1,0
BRDA:1163,117,0,0
BRDA:1163,117,1,0
BRDA:1164,118,0,0
BRDA:1164,118,1,0
BRDA:1166,119,0,0
BRDA:1166,119,1,0
BRDA:1169,120,0,0
BRDA:1169,120,1,0
BRDA:1184,121,0,0
BRDA:1184,121,1,0
BRDA:1202,122,0,0
BRDA:1202,122,1,0
BRDA:1219,123,0,0
BRDA:1219,123,1,0
BRDA:1234,124,0,0
BRDA:1234,124,1,0
BRDA:1251,125,0,0
BRDA:1251,125,1,0
BRDA:1268,126,0,0
BRDA:1268,126,1,0
BRDA:1285,127,0,0
BRDA:1285,127,1,0
BRDA:1300,128,0,0
BRDA:1300,128,1,0
BRDA:1321,129,0,0
BRDA:1321,129,1,0
BRDA:1338,130,0,0
BRDA:1338,130,1,0
BRDA:1351,131,0,0
BRDA:1351,131,1,0
BRDA:1354,132,0,0
BRDA:1354,132,1,0
BRDA:1372,133,0,0
BRDA:1372,133,1,0
BRDA:1373,134,0,0
BRDA:1373,134,1,0
BRDA:1374,135,0,0
BRDA:1374,135,1,0
BRDA:1376,136,0,0
BRDA:1376,136,1,0
BRDA:1379,137,0,0
BRDA:1379,137,1,0
BRDA:1396,138,0,0
BRDA:1396,138,1,0
BRDA:1397,139,0,0
BRDA:1397,139,1,0
BRDA:1399,140,0,0
BRDA:1399,140,1,0
BRDA:1402,141,0,0
BRDA:1402,141,1,0
BRDA:1419,142,0,0
BRDA:1419,142,1,0
BRDA:1450,143,0,0
BRDA:1450,143,1,0
BRDA:1468,144,0,0
BRDA:1468,144,1,0
BRDA:1489,145,0,0
BRDA:1489,145,1,0
BRDA:1507,146,0,0
BRDA:1507,146,1,0
BRDA:1526,147,0,0
BRDA:1526,147,1,0
BRDA:1547,148,0,0
BRDA:1547,148,1,0
BRDA:1578,149,0,0
BRDA:1578,149,1,0
BRDA:1597,150,0,0
BRDA:1597,150,1,0
BRDA:1618,151,0,0
BRDA:1618,151,1,0
BRDA:1636,152,0,0
BRDA:1636,152,1,0
BRDA:1662,153,0,0
BRDA:1662,153,1,0
BRDA:1678,154,0,0
BRDA:1678,154,1,0
BRDA:1681,155,0,0
BRDA:1681,155,1,0
BRDA:1702,156,0,0
BRDA:1702,156,1,0
BRDA:1723,157,0,0
BRDA:1723,157,1,0
BRF:314
BRH:6
end_of_record
TN:
SF:src/utils/errorHandler.ts
FN:13,getApiBaseUrl
FN:66,isErrorWithResponse
FN:70,isErrorWithStatus
FN:74,isErrorWithName
FN:98,(anonymous_4)
FN:127,(anonymous_5)
FN:271,(anonymous_6)
FN:288,(anonymous_7)
FN:308,(anonymous_8)
FN:328,(anonymous_9)
FN:334,(anonymous_10)
FN:353,(anonymous_11)
FN:370,(anonymous_12)
FN:372,(anonymous_13)
FN:378,(anonymous_14)
FN:380,(anonymous_15)
FN:385,(anonymous_16)
FN:386,(anonymous_17)
FN:390,(anonymous_18)
FN:391,(anonymous_19)
FN:395,(anonymous_20)
FN:401,(anonymous_21)
FN:407,(anonymous_22)
FN:417,(anonymous_23)
FN:424,(anonymous_24)
FN:451,(anonymous_25)
FN:519,(anonymous_26)
FN:572,(anonymous_27)
FN:642,(anonymous_28)
FN:654,(anonymous_29)
FN:656,(anonymous_30)
FN:662,(anonymous_31)
FN:663,(anonymous_32)
FN:667,(anonymous_33)
FN:669,(anonymous_34)
FN:675,(anonymous_35)
FN:680,(anonymous_36)
FN:684,(anonymous_37)
FN:685,(anonymous_38)
FN:694,(anonymous_39)
FN:695,(anonymous_40)
FN:704,(anonymous_41)
FN:723,(anonymous_42)
FN:727,(anonymous_43)
FN:731,(anonymous_44)
FN:735,(anonymous_45)
FN:739,(anonymous_46)
FN:743,(anonymous_47)
FN:747,(anonymous_48)
FN:751,(anonymous_49)
FN:755,(anonymous_50)
FN:760,(anonymous_51)
FNF:52
FNH:15
FNDA:5,getApiBaseUrl
FNDA:5,isErrorWithResponse
FNDA:0,isErrorWithStatus
FNDA:0,isErrorWithName
FNDA:5,(anonymous_4)
FNDA:5,(anonymous_5)
FNDA:0,(anonymous_6)
FNDA:0,(anonymous_7)
FNDA:0,(anonymous_8)
FNDA:0,(anonymous_9)
FNDA:0,(anonymous_10)
FNDA:0,(anonymous_11)
FNDA:0,(anonymous_12)
FNDA:0,(anonymous_13)
FNDA:0,(anonymous_14)
FNDA:0,(anonymous_15)
FNDA:0,(anonymous_16)
FNDA:0,(anonymous_17)
FNDA:0,(anonymous_18)
FNDA:0,(anonymous_19)
FNDA:0,(anonymous_20)
FNDA:0,(anonymous_21)
FNDA:0,(anonymous_22)
FNDA:0,(anonymous_23)
FNDA:5,(anonymous_24)
FNDA:5,(anonymous_25)
FNDA:5,(anonymous_26)
FNDA:5,(anonymous_27)
FNDA:5,(anonymous_28)
FNDA:0,(anonymous_29)
FNDA:0,(anonymous_30)
FNDA:0,(anonymous_31)
FNDA:0,(anonymous_32)
FNDA:0,(anonymous_33)
FNDA:0,(anonymous_34)
FNDA:5,(anonymous_35)
FNDA:0,(anonymous_36)
FNDA:5,(anonymous_37)
FNDA:0,(anonymous_38)
FNDA:5,(anonymous_39)
FNDA:0,(anonymous_40)
FNDA:5,(anonymous_41)
FNDA:5,(anonymous_42)
FNDA:0,(anonymous_43)
FNDA:0,(anonymous_44)
FNDA:0,(anonymous_45)
FNDA:0,(anonymous_46)
FNDA:0,(anonymous_47)
FNDA:0,(anonymous_48)
FNDA:5,(anonymous_49)
FNDA:0,(anonymous_50)
FNDA:0,(anonymous_51)
DA:15,5
DA:16,0
DA:19,5
DA:67,5
DA:71,0
DA:75,0
DA:89,5
DA:90,5
DA:91,5
DA:92,5
DA:93,5
DA:94,5
DA:95,5
DA:99,5
DA:102,5
DA:105,5
DA:106,5
DA:110,5
DA:113,5
DA:116,5
DA:119,5
DA:120,5
DA:123,5
DA:128,5
DA:129,5
DA:131,5
DA:132,5
DA:133,5
DA:134,5
DA:136,5
DA:137,5
DA:138,5
DA:139,5
DA:142,5
DA:143,5
DA:144,0
DA:145,0
DA:146,0
DA:147,0
DA:151,0
DA:155,5
DA:156,5
DA:157,5
DA:158,5
DA:159,5
DA:160,5
DA:161,5
DA:164,0
DA:165,0
DA:168,0
DA:169,0
DA:171,0
DA:173,0
DA:174,0
DA:176,0
DA:178,0
DA:179,0
DA:180,0
DA:182,0
DA:183,0
DA:184,0
DA:185,0
DA:186,0
DA:188,0
DA:189,0
DA:190,0
DA:191,0
DA:193,0
DA:194,0
DA:195,0
DA:197,0
DA:198,0
DA:199,0
DA:200,0
DA:201,0
DA:203,0
DA:204,0
DA:205,0
DA:206,0
DA:207,0
DA:209,0
DA:210,0
DA:212,0
DA:214,0
DA:215,0
DA:216,0
DA:217,0
DA:218,0
DA:219,0
DA:224,0
DA:225,0
DA:226,0
DA:227,0
DA:228,0
DA:229,0
DA:232,0
DA:233,0
DA:234,0
DA:235,0
DA:236,0
DA:238,0
DA:239,0
DA:240,0
DA:241,0
DA:242,0
DA:247,5
DA:248,0
DA:249,0
DA:250,0
DA:251,0
DA:254,5
DA:272,0
DA:273,0
DA:276,0
DA:278,0
DA:285,0
DA:290,0
DA:295,0
DA:296,0
DA:297,0
DA:298,0
DA:305,0
DA:308,0
DA:312,0
DA:318,0
DA:319,0
DA:325,0
DA:328,0
DA:335,0
DA:336,0
DA:337,0
DA:340,0
DA:341,0
DA:342,0
DA:345,0
DA:346,0
DA:348,0
DA:349,0
DA:352,0
DA:353,0
DA:358,0
DA:359,0
DA:362,0
DA:364,0
DA:365,0
DA:371,0
DA:372,0
DA:373,0
DA:379,0
DA:380,0
DA:386,0
DA:391,0
DA:396,0
DA:397,0
DA:402,0
DA:403,0
DA:408,0
DA:409,0
DA:411,0
DA:412,0
DA:413,0
DA:417,0
DA:418,0
DA:419,0
DA:425,5
DA:426,5
DA:427,0
DA:431,5
DA:432,5
DA:434,5
DA:435,5
DA:436,5
DA:437,5
DA:438,5
DA:441,5
DA:442,5
DA:444,0
DA:445,0
DA:446,0
DA:452,5
DA:454,5
DA:455,5
DA:458,5
DA:465,5
DA:466,5
DA:494,0
DA:495,0
DA:498,0
DA:499,0
DA:501,0
DA:511,5
DA:514,5
DA:520,5
DA:573,5
DA:574,5
DA:575,5
DA:576,5
DA:577,5
DA:578,5
DA:580,5
DA:582,5
DA:583,5
DA:584,5
DA:585,5
DA:586,5
DA:587,5
DA:588,5
DA:589,5
DA:592,0
DA:593,0
DA:594,0
DA:595,0
DA:596,0
DA:597,0
DA:598,0
DA:599,0
DA:602,0
DA:603,0
DA:604,0
DA:605,0
DA:606,0
DA:607,0
DA:608,0
DA:609,0
DA:612,0
DA:613,0
DA:614,0
DA:615,0
DA:616,0
DA:617,0
DA:618,0
DA:619,0
DA:622,0
DA:623,0
DA:624,0
DA:625,0
DA:626,0
DA:627,0
DA:630,5
DA:643,5
DA:655,0
DA:656,0
DA:657,0
DA:663,0
DA:668,0
DA:669,0
DA:676,5
DA:681,0
DA:685,5
DA:686,0
DA:687,0
DA:689,0
DA:695,5
DA:696,0
DA:697,0
DA:699,0
DA:705,5
DA:706,5
DA:720,5
DA:723,5
DA:724,5
DA:727,5
DA:728,0
DA:731,5
DA:732,0
DA:735,5
DA:736,0
DA:739,5
DA:740,0
DA:743,5
DA:744,0
DA:747,5
DA:748,0
DA:751,5
DA:752,5
DA:755,5
DA:756,0
DA:760,5
DA:761,0
LF:279
LH:96
BRDA:15,0,0,0
BRDA:15,0,1,5
BRDA:15,1,0,5
BRDA:15,1,1,5
BRDA:67,2,0,5
BRDA:67,2,1,5
BRDA:67,2,2,5
BRDA:71,3,0,0
BRDA:71,3,1,0
BRDA:71,3,2,0
BRDA:75,4,0,0
BRDA:75,4,1,0
BRDA:75,4,2,0
BRDA:75,4,3,0
BRDA:105,5,0,5
BRDA:105,5,1,0
BRDA:105,6,0,5
BRDA:105,6,1,5
BRDA:119,7,0,5
BRDA:119,7,1,0
BRDA:119,8,0,5
BRDA:119,8,1,5
BRDA:142,9,0,5
BRDA:142,9,1,0
BRDA:144,10,0,0
BRDA:144,10,1,0
BRDA:146,11,0,0
BRDA:146,11,1,0
BRDA:146,12,0,0
BRDA:146,12,1,0
BRDA:147,13,0,0
BRDA:147,13,1,0
BRDA:147,14,0,0
BRDA:147,14,1,0
BRDA:155,15,0,5
BRDA:155,15,1,0
BRDA:155,16,0,5
BRDA:155,16,1,5
BRDA:164,17,0,0
BRDA:164,17,1,0
BRDA:164,18,0,0
BRDA:164,18,1,0
BRDA:164,18,2,0
BRDA:165,19,0,0
BRDA:165,19,1,0
BRDA:166,20,0,0
BRDA:166,20,1,0
BRDA:166,21,0,0
BRDA:166,21,1,0
BRDA:168,22,0,0
BRDA:168,22,1,0
BRDA:171,23,0,0
BRDA:171,23,1,0
BRDA:171,24,0,0
BRDA:171,24,1,0
BRDA:174,25,0,0
BRDA:174,25,1,0
BRDA:174,26,0,0
BRDA:174,26,1,0
BRDA:176,27,0,0
BRDA:176,27,1,0
BRDA:176,27,2,0
BRDA:176,27,3,0
BRDA:176,27,4,0
BRDA:176,27,5,0
BRDA:176,27,6,0
BRDA:212,28,0,0
BRDA:212,28,1,0
BRDA:224,29,0,0
BRDA:224,29,1,0
BRDA:224,30,0,0
BRDA:224,30,1,0
BRDA:224,30,2,0
BRDA:232,31,0,0
BRDA:232,31,1,0
BRDA:236,32,0,0
BRDA:236,32,1,0
BRDA:238,33,0,0
BRDA:238,33,1,0
BRDA:240,34,0,0
BRDA:240,34,1,0
BRDA:247,35,0,0
BRDA:247,35,1,5
BRDA:247,36,0,5
BRDA:247,36,1,0
BRDA:249,37,0,0
BRDA:249,37,1,0
BRDA:249,38,0,0
BRDA:249,38,1,0
BRDA:250,39,0,0
BRDA:250,39,1,0
BRDA:250,40,0,0
BRDA:250,40,1,0
BRDA:251,41,0,0
BRDA:251,41,1,0
BRDA:251,42,0,0
BRDA:251,42,1,0
BRDA:272,43,0,0
BRDA:272,43,1,0
BRDA:276,44,0,0
BRDA:276,44,1,0
BRDA:276,44,2,0
BRDA:276,44,3,0
BRDA:276,44,4,0
BRDA:295,45,0,0
BRDA:295,45,1,0
BRDA:296,46,0,0
BRDA:296,46,1,0
BRDA:297,47,0,0
BRDA:297,47,1,0
BRDA:318,48,0,0
BRDA:318,48,1,0
BRDA:336,49,0,0
BRDA:336,49,1,0
BRDA:340,50,0,0
BRDA:340,50,1,0
BRDA:341,51,0,0
BRDA:341,51,1,0
BRDA:346,52,0,0
BRDA:346,52,1,0
BRDA:348,53,0,0
BRDA:348,53,1,0
BRDA:352,54,0,0
BRDA:352,54,1,0
BRDA:358,55,0,0
BRDA:358,55,1,0
BRDA:407,56,0,0
BRDA:412,57,0,0
BRDA:412,57,1,0
BRDA:426,58,0,0
BRDA:426,58,1,5
BRDA:426,59,0,5
BRDA:426,59,1,5
BRDA:486,60,0,0
BRDA:486,60,1,0
BRDA:494,61,0,0
BRDA:494,61,1,0
BRDA:502,62,0,0
BRDA:502,62,1,0
BRDA:503,63,0,0
BRDA:503,63,1,0
BRDA:504,64,0,0
BRDA:504,64,1,0
BRDA:505,65,0,0
BRDA:505,65,1,0
BRDA:507,66,0,0
BRDA:507,66,1,0
BRDA:508,67,0,0
BRDA:508,67,1,0
BRDA:527,68,0,5
BRDA:527,68,1,5
BRDA:528,69,0,5
BRDA:528,69,1,5
BRDA:532,70,0,5
BRDA:532,70,1,0
BRDA:533,71,0,5
BRDA:533,71,1,0
BRDA:534,72,0,5
BRDA:534,72,1,0
BRDA:538,73,0,5
BRDA:538,73,1,0
BRDA:541,74,0,5
BRDA:541,74,1,0
BRDA:580,75,0,5
BRDA:580,75,1,0
BRDA:580,75,2,0
BRDA:580,75,3,0
BRDA:580,75,4,0
BRDA:647,76,0,5
BRDA:647,76,1,5
BRDA:648,77,0,5
BRDA:648,77,1,5
BRDA:649,78,0,5
BRDA:649,78,1,5
BRDA:669,79,0,0
BRDA:669,79,1,0
BRDA:669,79,2,0
BRDA:705,80,0,5
BRDA:705,80,1,0
BRDA:705,81,0,5
BRDA:705,81,1,5
BRDA:751,82,0,0
BRF:182
BRH:40
end_of_record
TN:
SF:src/utils/imageUrls.js
FN:5,(anonymous_0)
FN:22,(anonymous_1)
FN:41,(anonymous_2)
FN:50,(anonymous_3)
FN:58,(anonymous_4)
FN:67,(anonymous_5)
FNF:6
FNH:2
FNDA:2,(anonymous_0)
FNDA:2,(anonymous_1)
FNDA:0,(anonymous_2)
FNDA:0,(anonymous_3)
FNDA:0,(anonymous_4)
FNDA:0,(anonymous_5)
DA:5,2
DA:7,2
DA:9,0
DA:12,2
DA:21,2
DA:23,2
DA:24,0
DA:26,2
DA:41,2
DA:42,0
DA:43,0
DA:50,2
DA:51,0
DA:58,2
DA:59,0
DA:67,2
DA:68,0
DA:69,0
DA:70,0
DA:71,0
DA:73,0
DA:74,0
DA:77,0
LF:23
LH:10
BRDA:7,0,0,0
BRDA:7,0,1,2
BRDA:7,1,0,2
BRDA:7,1,1,2
BRDA:23,2,0,0
BRDA:23,2,1,2
BRDA:23,3,0,2
BRDA:23,3,1,2
BRDA:68,4,0,0
BRDA:68,4,1,0
BRDA:68,5,0,0
BRDA:68,5,1,0
BRDA:68,5,2,0
BRF:13
BRH:6
end_of_record
TN:
SF:src/utils/progressManager.ts
FN:34,(anonymous_0)
FN:56,(anonymous_1)
FN:83,(anonymous_2)
FN:93,(anonymous_3)
FN:103,(anonymous_4)
FN:112,(anonymous_5)
FN:117,(anonymous_6)
FN:122,(anonymous_7)
FN:123,(anonymous_8)
FN:127,(anonymous_9)
FN:129,(anonymous_10)
FN:134,(anonymous_11)
FN:141,(anonymous_12)
FN:153,(anonymous_13)
FN:155,(anonymous_14)
FN:161,(anonymous_15)
FN:171,(anonymous_16)
FN:178,(anonymous_17)
FN:196,(anonymous_18)
FN:204,(anonymous_19)
FN:208,(anonymous_20)
FN:218,(anonymous_21)
FN:232,(anonymous_22)
FN:236,(anonymous_23)
FN:240,(anonymous_24)
FN:244,(anonymous_25)
FN:249,(anonymous_26)
FNF:27
FNH:0
FNDA:0,(anonymous_0)
FNDA:0,(anonymous_1)
FNDA:0,(anonymous_2)
FNDA:0,(anonymous_3)
FNDA:0,(anonymous_4)
FNDA:0,(anonymous_5)
FNDA:0,(anonymous_6)
FNDA:0,(anonymous_7)
FNDA:0,(anonymous_8)
FNDA:0,(anonymous_9)
FNDA:0,(anonymous_10)
FNDA:0,(anonymous_11)
FNDA:0,(anonymous_12)
FNDA:0,(anonymous_13)
FNDA:0,(anonymous_14)
FNDA:0,(anonymous_15)
FNDA:0,(anonymous_16)
FNDA:0,(anonymous_17)
FNDA:0,(anonymous_18)
FNDA:0,(anonymous_19)
FNDA:0,(anonymous_20)
FNDA:0,(anonymous_21)
FNDA:0,(anonymous_22)
FNDA:0,(anonymous_23)
FNDA:0,(anonymous_24)
FNDA:0,(anonymous_25)
FNDA:0,(anonymous_26)
DA:29,0
DA:30,0
DA:31,0
DA:40,0
DA:50,0
DA:51,0
DA:52,0
DA:57,0
DA:58,0
DA:59,0
DA:60,0
DA:64,0
DA:65,0
DA:66,0
DA:67,0
DA:68,0
DA:69,0
DA:70,0
DA:73,0
DA:74,0
DA:77,0
DA:78,0
DA:79,0
DA:84,0
DA:94,0
DA:104,0
DA:113,0
DA:118,0
DA:123,0
DA:128,0
DA:129,0
DA:135,0
DA:136,0
DA:138,0
DA:141,0
DA:142,0
DA:143,0
DA:144,0
DA:145,0
DA:146,0
DA:154,0
DA:155,0
DA:156,0
DA:162,0
DA:163,0
DA:165,0
DA:166,0
DA:167,0
DA:171,0
DA:172,0
DA:173,0
DA:179,0
DA:180,0
DA:181,0
DA:184,0
DA:185,0
DA:187,0
DA:188,0
DA:191,0
DA:192,0
DA:197,0
DA:198,0
DA:200,0
DA:201,0
DA:206,0
DA:207,0
DA:208,0
DA:209,0
DA:210,0
DA:212,0
DA:218,0
DA:219,0
DA:220,0
DA:222,0
DA:229,0
DA:232,0
DA:233,0
DA:236,0
DA:237,0
DA:240,0
DA:241,0
DA:244,0
DA:245,0
DA:249,0
DA:250,0
LF:85
LH:0
BRDA:58,0,0,0
BRDA:58,0,1,0
BRDA:64,1,0,0
BRDA:64,1,1,0
BRDA:65,2,0,0
BRDA:65,2,1,0
BRDA:66,3,0,0
BRDA:66,3,1,0
BRDA:67,4,0,0
BRDA:67,4,1,0
BRDA:69,5,0,0
BRDA:69,5,1,0
BRDA:69,6,0,0
BRDA:69,6,1,0
BRDA:69,6,2,0
BRDA:73,7,0,0
BRDA:73,7,1,0
BRDA:88,8,0,0
BRDA:88,8,1,0
BRDA:97,9,0,0
BRDA:97,9,1,0
BRDA:107,10,0,0
BRDA:107,10,1,0
BRDA:113,11,0,0
BRDA:113,11,1,0
BRDA:129,12,0,0
BRDA:129,12,1,0
BRDA:135,13,0,0
BRDA:135,13,1,0
BRDA:143,14,0,0
BRDA:143,14,1,0
BRDA:145,15,0,0
BRDA:145,15,1,0
BRDA:161,16,0,0
BRDA:166,17,0,0
BRDA:166,17,1,0
BRDA:166,18,0,0
BRDA:166,18,1,0
BRDA:180,19,0,0
BRDA:180,19,1,0
BRDA:180,20,0,0
BRDA:180,20,1,0
BRDA:180,20,2,0
BRDA:187,21,0,0
BRDA:187,21,1,0
BRDA:198,22,0,0
BRDA:198,22,1,0
BRDA:200,23,0,0
BRDA:200,23,1,0
BRDA:207,24,0,0
BRDA:207,24,1,0
BRDA:232,25,0,0
BRDA:236,26,0,0
BRDA:240,27,0,0
BRDA:244,28,0,0
BRF:55
BRH:0
end_of_record
TN:
SF:src/utils/testAPI.ts
FN:19,testADKIntegration
FN:51,testAgentCreation
FN:88,testAgentInference
FN:125,testAgentPluginBuild
FN:162,runADKTestSuite
FNF:5
FNH:1
FNDA:1,testADKIntegration
FNDA:0,testAgentCreation
FNDA:0,testAgentInference
FNDA:0,testAgentPluginBuild
FNDA:0,runADKTestSuite
DA:20,1
DA:22,1
DA:24,1
DA:25,0
DA:32,1
DA:34,1
DA:40,0
DA:52,0
DA:53,0
DA:61,0
DA:62,0
DA:69,0
DA:71,0
DA:77,0
DA:89,0
DA:90,0
DA:98,0
DA:99,0
DA:106,0
DA:108,0
DA:114,0
DA:126,0
DA:127,0
DA:135,0
DA:136,0
DA:143,0
DA:145,0
DA:151,0
DA:163,0
DA:166,0
DA:169,0
DA:177,0
DA:180,0
DA:182,0
LF:34
LH:5
BRDA:24,0,0,0
BRDA:24,0,1,1
BRDA:43,1,0,0
BRDA:43,1,1,0
BRDA:61,2,0,0
BRDA:61,2,1,0
BRDA:80,3,0,0
BRDA:80,3,1,0
BRDA:98,4,0,0
BRDA:98,4,1,0
BRDA:117,5,0,0
BRDA:117,5,1,0
BRDA:135,6,0,0
BRDA:135,6,1,0
BRDA:154,7,0,0
BRDA:154,7,1,0
BRF:16
BRH:1
end_of_record
TN:
SF:src/utils/theme.js
FN:291,(anonymous_0)
FN:303,(anonymous_1)
FN:309,(anonymous_2)
FN:330,(anonymous_3)
FNF:4
FNH:0
FNDA:0,(anonymous_0)
FNDA:0,(anonymous_1)
FNDA:0,(anonymous_2)
FNDA:0,(anonymous_3)
DA:6,0
DA:95,0
DA:142,0
DA:176,0
DA:195,0
DA:209,0
DA:222,0
DA:240,0
DA:289,0
DA:292,0
DA:293,0
DA:294,0
DA:295,0
DA:296,0
DA:297,0
DA:299,0
DA:304,0
DA:305,0
DA:310,0
DA:314,0
DA:317,0
DA:320,0
DA:323,0
DA:325,0
DA:331,0
DA:338,0
LF:26
LH:0
BRDA:292,0,0,0
BRDA:292,0,1,0
BRDA:303,1,0,0
BRDA:304,2,0,0
BRDA:304,2,1,0
BRDA:310,3,0,0
BRDA:310,3,1,0
BRDA:310,3,2,0
BRDA:310,3,3,0
BRDA:310,3,4,0
BRDA:310,3,5,0
BRDA:310,3,6,0
BRDA:310,3,7,0
BRDA:310,3,8,0
BRDA:310,3,9,0
BRF:15
BRH:0
end_of_record
TN:
SF:src/utils/websocket.ts
FN:57,(anonymous_0)
FN:78,(anonymous_1)
FN:79,(anonymous_2)
FN:101,(anonymous_3)
FN:120,(anonymous_4)
FN:129,(anonymous_5)
FN:138,(anonymous_6)
FN:146,(anonymous_7)
FN:160,(anonymous_8)
FN:169,(anonymous_9)
FN:177,(anonymous_10)
FN:188,(anonymous_11)
FN:197,(anonymous_12)
FN:202,(anonymous_13)
FN:205,(anonymous_14)
FN:216,(anonymous_15)
FN:227,(anonymous_16)
FN:229,(anonymous_17)
FN:241,(anonymous_18)
FN:245,(anonymous_19)
FN:249,(anonymous_20)
FN:253,(anonymous_21)
FN:258,(anonymous_22)
FN:272,(anonymous_23)
FN:282,(anonymous_24)
FNF:25
FNH:1
FNDA:2,(anonymous_0)
FNDA:0,(anonymous_1)
FNDA:0,(anonymous_2)
FNDA:0,(anonymous_3)
FNDA:0,(anonymous_4)
FNDA:0,(anonymous_5)
FNDA:0,(anonymous_6)
FNDA:0,(anonymous_7)
FNDA:0,(anonymous_8)
FNDA:0,(anonymous_9)
FNDA:0,(anonymous_10)
FNDA:0,(anonymous_11)
FNDA:0,(anonymous_12)
FNDA:0,(anonymous_13)
FNDA:0,(anonymous_14)
FNDA:0,(anonymous_15)
FNDA:0,(anonymous_16)
FNDA:0,(anonymous_17)
FNDA:0,(anonymous_18)
FNDA:0,(anonymous_19)
FNDA:0,(anonymous_20)
FNDA:0,(anonymous_21)
FNDA:0,(anonymous_22)
FNDA:0,(anonymous_23)
FNDA:0,(anonymous_24)
DA:46,2
DA:47,2
DA:48,2
DA:49,2
DA:50,2
DA:51,2
DA:52,2
DA:53,2
DA:59,2
DA:62,2
DA:63,0
DA:64,2
DA:66,0
DA:69,2
DA:70,2
DA:71,2
DA:74,2
DA:79,0
DA:80,0
DA:81,0
DA:82,0
DA:85,0
DA:86,0
DA:87,0
DA:90,0
DA:92,0
DA:94,0
DA:98,0
DA:99,0
DA:101,0
DA:102,0
DA:103,0
DA:104,0
DA:105,0
DA:108,0
DA:109,0
DA:114,0
DA:117,0
DA:120,0
DA:121,0
DA:122,0
DA:123,0
DA:125,0
DA:129,0
DA:130,0
DA:131,0
DA:132,0
DA:136,0
DA:138,0
DA:139,0
DA:140,0
DA:146,0
DA:147,0
DA:148,0
DA:149,0
DA:153,0
DA:154,0
DA:161,0
DA:162,0
DA:163,0
DA:164,0
DA:170,0
DA:171,0
DA:173,0
DA:178,0
DA:179,0
DA:180,0
DA:181,0
DA:182,0
DA:189,0
DA:190,0
DA:192,0
DA:198,0
DA:203,0
DA:204,0
DA:205,0
DA:206,0
DA:207,0
DA:209,0
DA:217,0
DA:218,0
DA:219,0
DA:222,0
DA:223,0
DA:225,0
DA:227,0
DA:228,0
DA:229,0
DA:230,0
DA:238,2
DA:241,2
DA:242,0
DA:245,2
DA:246,0
DA:249,2
DA:250,0
DA:253,2
DA:254,0
DA:258,2
DA:259,0
DA:260,0
DA:262,0
DA:263,0
DA:264,0
DA:265,0
DA:266,0
DA:268,0
DA:270,0
DA:271,0
DA:272,0
DA:274,0
DA:275,0
DA:282,2
DA:283,0
LF:114
LH:22
BRDA:62,0,0,0
BRDA:62,0,1,2
BRDA:64,1,0,0
BRDA:64,1,1,2
BRDA:69,2,0,0
BRDA:69,2,1,2
BRDA:80,3,0,0
BRDA:80,3,1,0
BRDA:80,4,0,0
BRDA:80,4,1,0
BRDA:85,5,0,0
BRDA:85,5,1,0
BRDA:94,6,0,0
BRDA:94,6,1,0
BRDA:102,7,0,0
BRDA:102,7,1,0
BRDA:108,8,0,0
BRDA:108,8,1,0
BRDA:111,9,0,0
BRDA:111,9,1,0
BRDA:136,10,0,0
BRDA:136,10,1,0
BRDA:139,11,0,0
BRDA:139,11,1,0
BRDA:142,12,0,0
BRDA:142,12,1,0
BRDA:162,13,0,0
BRDA:162,13,1,0
BRDA:170,14,0,0
BRDA:170,14,1,0
BRDA:179,15,0,0
BRDA:179,15,1,0
BRDA:181,16,0,0
BRDA:181,16,1,0
BRDA:189,17,0,0
BRDA:189,17,1,0
BRDA:189,18,0,0
BRDA:189,18,1,0
BRDA:198,19,0,0
BRDA:198,19,1,0
BRDA:204,20,0,0
BRDA:204,20,1,0
BRDA:217,21,0,0
BRDA:217,21,1,0
BRDA:228,22,0,0
BRDA:228,22,1,0
BRDA:270,23,0,0
BRDA:270,23,1,0
BRF:48
BRH:3
end_of_record
