<?xml version="1.0" encoding="UTF-8"?>
<testsuites name="jest tests" tests="1223" failures="216" errors="0" time="1691.875">
  <testsuite name="Phase 3.3: KNIRVGRAPH LoRA Adapter Creation Integration" errors="0" failures="0" skipped="0" timestamp="2025-09-08T22:42:00" time="2.127" tests="16">
    <testcase classname="Phase 3.3: KNIRVGRAPH LoRA Adapter Creation Integration ErrorNode Clustering Algorithm should cluster similar error nodes correctly" name="Phase 3.3: KNIRVGRAPH LoRA Adapter Creation Integration ErrorNode Clustering Algorithm should cluster similar error nodes correctly" time="0.022">
    </testcase>
    <testcase classname="Phase 3.3: KNIRVGRAPH LoRA Adapter Creation Integration ErrorNode Clustering Algorithm should calculate similarity between error nodes accurately" name="Phase 3.3: KNIRVGRAPH LoRA Adapter Creation Integration ErrorNode Clustering Algorithm should calculate similarity between error nodes accurately" time="0.004">
    </testcase>
    <testcase classname="Phase 3.3: KNIRVGRAPH LoRA Adapter Creation Integration ErrorNode Clustering Algorithm should respect minimum and maximum cluster sizes" name="Phase 3.3: KNIRVGRAPH LoRA Adapter Creation Integration ErrorNode Clustering Algorithm should respect minimum and maximum cluster sizes" time="0.004">
    </testcase>
    <testcase classname="Phase 3.3: KNIRVGRAPH LoRA Adapter Creation Integration ErrorNode Clustering Algorithm should calculate total bounty for clusters" name="Phase 3.3: KNIRVGRAPH LoRA Adapter Creation Integration ErrorNode Clustering Algorithm should calculate total bounty for clusters" time="0.003">
    </testcase>
    <testcase classname="Phase 3.3: KNIRVGRAPH LoRA Adapter Creation Integration Agent Assignment System should assign suitable agents to error clusters" name="Phase 3.3: KNIRVGRAPH LoRA Adapter Creation Integration Agent Assignment System should assign suitable agents to error clusters" time="0.005">
    </testcase>
    <testcase classname="Phase 3.3: KNIRVGRAPH LoRA Adapter Creation Integration Agent Assignment System should handle competitive solution submission" name="Phase 3.3: KNIRVGRAPH LoRA Adapter Creation Integration Agent Assignment System should handle competitive solution submission" time="0.019">
    </testcase>
    <testcase classname="Phase 3.3: KNIRVGRAPH LoRA Adapter Creation Integration Agent Assignment System should validate solutions and award bounties" name="Phase 3.3: KNIRVGRAPH LoRA Adapter Creation Integration Agent Assignment System should validate solutions and award bounties" time="0.004">
    </testcase>
    <testcase classname="Phase 3.3: KNIRVGRAPH LoRA Adapter Creation Integration Agent Assignment System should track cluster ownership based on solution contributions" name="Phase 3.3: KNIRVGRAPH LoRA Adapter Creation Integration Agent Assignment System should track cluster ownership based on solution contributions" time="0.003">
    </testcase>
    <testcase classname="Phase 3.3: KNIRVGRAPH LoRA Adapter Creation Integration LoRA Adapter Training Pipeline should create training dataset from error cluster and solutions" name="Phase 3.3: KNIRVGRAPH LoRA Adapter Creation Integration LoRA Adapter Training Pipeline should create training dataset from error cluster and solutions" time="0.006">
    </testcase>
    <testcase classname="Phase 3.3: KNIRVGRAPH LoRA Adapter Creation Integration LoRA Adapter Training Pipeline should create semantic embeddings for error messages" name="Phase 3.3: KNIRVGRAPH LoRA Adapter Creation Integration LoRA Adapter Training Pipeline should create semantic embeddings for error messages" time="0.003">
    </testcase>
    <testcase classname="Phase 3.3: KNIRVGRAPH LoRA Adapter Creation Integration LoRA Adapter Training Pipeline should create code embeddings for solutions" name="Phase 3.3: KNIRVGRAPH LoRA Adapter Creation Integration LoRA Adapter Training Pipeline should create code embeddings for solutions" time="0.003">
    </testcase>
    <testcase classname="Phase 3.3: KNIRVGRAPH LoRA Adapter Creation Integration LoRA Adapter Training Pipeline should train LoRA adapter from dataset" name="Phase 3.3: KNIRVGRAPH LoRA Adapter Creation Integration LoRA Adapter Training Pipeline should train LoRA adapter from dataset" time="0.007">
    </testcase>
    <testcase classname="Phase 3.3: KNIRVGRAPH LoRA Adapter Creation Integration LoRA Adapter Training Pipeline should calculate dataset quality metrics" name="Phase 3.3: KNIRVGRAPH LoRA Adapter Creation Integration LoRA Adapter Training Pipeline should calculate dataset quality metrics" time="0.005">
    </testcase>
    <testcase classname="Phase 3.3: KNIRVGRAPH LoRA Adapter Creation Integration LoRA Adapter Training Pipeline should weight training pairs based on validation scores" name="Phase 3.3: KNIRVGRAPH LoRA Adapter Creation Integration LoRA Adapter Training Pipeline should weight training pairs based on validation scores" time="0.003">
    </testcase>
    <testcase classname="Phase 3.3: KNIRVGRAPH LoRA Adapter Creation Integration LoRA Adapter Training Pipeline should generate appropriate skill names" name="Phase 3.3: KNIRVGRAPH LoRA Adapter Creation Integration LoRA Adapter Training Pipeline should generate appropriate skill names" time="0.004">
    </testcase>
    <testcase classname="Phase 3.3: KNIRVGRAPH LoRA Adapter Creation Integration End-to-End Integration should complete full ErrorNode-to-LoRA-adapter workflow" name="Phase 3.3: KNIRVGRAPH LoRA Adapter Creation Integration End-to-End Integration should complete full ErrorNode-to-LoRA-adapter workflow" time="0.007">
    </testcase>
  </testsuite>
  <testsuite name="Phase 3.4: /prepare Endpoint Integration" errors="0" failures="0" skipped="0" timestamp="2025-09-08T22:42:00" time="2.271" tests="18">
    <testcase classname="Phase 3.4: /prepare Endpoint Integration NEXUS TEE Connectivity should prepare LoRA adapter for TEE execution" name="Phase 3.4: /prepare Endpoint Integration NEXUS TEE Connectivity should prepare LoRA adapter for TEE execution" time="0.025">
    </testcase>
    <testcase classname="Phase 3.4: /prepare Endpoint Integration NEXUS TEE Connectivity should handle missing skillId in prepare request" name="Phase 3.4: /prepare Endpoint Integration NEXUS TEE Connectivity should handle missing skillId in prepare request" time="0.008">
    </testcase>
    <testcase classname="Phase 3.4: /prepare Endpoint Integration NEXUS TEE Connectivity should handle non-existent skill in prepare request" name="Phase 3.4: /prepare Endpoint Integration NEXUS TEE Connectivity should handle non-existent skill in prepare request" time="0.003">
    </testcase>
    <testcase classname="Phase 3.4: /prepare Endpoint Integration NEXUS TEE Connectivity should handle NEXUS TEE connectivity failure" name="Phase 3.4: /prepare Endpoint Integration NEXUS TEE Connectivity should handle NEXUS TEE connectivity failure" time="0.003">
    </testcase>
    <testcase classname="Phase 3.4: /prepare Endpoint Integration TEE Status Monitoring should return TEE connectivity status" name="Phase 3.4: /prepare Endpoint Integration TEE Status Monitoring should return TEE connectivity status" time="0.019">
    </testcase>
    <testcase classname="Phase 3.4: /prepare Endpoint Integration TEE Status Monitoring should handle TEE unreachable status" name="Phase 3.4: /prepare Endpoint Integration TEE Status Monitoring should handle TEE unreachable status" time="0.01">
    </testcase>
    <testcase classname="Phase 3.4: /prepare Endpoint Integration Pre-training with LoRA Adapter Insights should perform pre-training using LoRA adapter insights" name="Phase 3.4: /prepare Endpoint Integration Pre-training with LoRA Adapter Insights should perform pre-training using LoRA adapter insights" time="0.007">
    </testcase>
    <testcase classname="Phase 3.4: /prepare Endpoint Integration Pre-training with LoRA Adapter Insights should handle missing parameters in pre-training request" name="Phase 3.4: /prepare Endpoint Integration Pre-training with LoRA Adapter Insights should handle missing parameters in pre-training request" time="0.003">
    </testcase>
    <testcase classname="Phase 3.4: /prepare Endpoint Integration Pre-training with LoRA Adapter Insights should aggregate insights from multiple LoRA adapters" name="Phase 3.4: /prepare Endpoint Integration Pre-training with LoRA Adapter Insights should aggregate insights from multiple LoRA adapters" time="0.004">
    </testcase>
    <testcase classname="Phase 3.4: /prepare Endpoint Integration WASM Format Compatibility should create WASM format for LoRA adapters" name="Phase 3.4: /prepare Endpoint Integration WASM Format Compatibility should create WASM format for LoRA adapters" time="0.003">
    </testcase>
    <testcase classname="Phase 3.4: /prepare Endpoint Integration WASM Format Compatibility should load LoRA adapter from WASM format" name="Phase 3.4: /prepare Endpoint Integration WASM Format Compatibility should load LoRA adapter from WASM format" time="0.014">
    </testcase>
    <testcase classname="Phase 3.4: /prepare Endpoint Integration TEE Package Preparation should create proper TEE compatibility metadata" name="Phase 3.4: /prepare Endpoint Integration TEE Package Preparation should create proper TEE compatibility metadata" time="0.003">
    </testcase>
    <testcase classname="Phase 3.4: /prepare Endpoint Integration TEE Package Preparation should calculate package hash correctly" name="Phase 3.4: /prepare Endpoint Integration TEE Package Preparation should calculate package hash correctly" time="0.007">
    </testcase>
    <testcase classname="Phase 3.4: /prepare Endpoint Integration Error Handling and Edge Cases should handle NEXUS TEE authentication failure" name="Phase 3.4: /prepare Endpoint Integration Error Handling and Edge Cases should handle NEXUS TEE authentication failure" time="0.002">
    </testcase>
    <testcase classname="Phase 3.4: /prepare Endpoint Integration Error Handling and Edge Cases should handle malformed TEE info" name="Phase 3.4: /prepare Endpoint Integration Error Handling and Edge Cases should handle malformed TEE info" time="0.004">
    </testcase>
    <testcase classname="Phase 3.4: /prepare Endpoint Integration Error Handling and Edge Cases should handle empty LoRA adapter insights in pre-training" name="Phase 3.4: /prepare Endpoint Integration Error Handling and Edge Cases should handle empty LoRA adapter insights in pre-training" time="0.003">
    </testcase>
    <testcase classname="Phase 3.4: /prepare Endpoint Integration Performance and Scalability should handle multiple concurrent prepare requests" name="Phase 3.4: /prepare Endpoint Integration Performance and Scalability should handle multiple concurrent prepare requests" time="0.016">
    </testcase>
    <testcase classname="Phase 3.4: /prepare Endpoint Integration Performance and Scalability should handle large LoRA adapter preparation" name="Phase 3.4: /prepare Endpoint Integration Performance and Scalability should handle large LoRA adapter preparation" time="0.006">
    </testcase>
  </testsuite>
  <testsuite name="Phase 2.4: WASM Orchestrator and Model Integration" errors="0" failures="16" skipped="0" timestamp="2025-09-08T22:42:00" time="3.163" tests="18">
    <testcase classname="Phase 2.4: WASM Orchestrator and Model Integration Dual-WASM Orchestration should initialize both cognitive shell and model WASM" name="Phase 2.4: WASM Orchestrator and Model Integration Dual-WASM Orchestration should initialize both cognitive shell and model WASM" time="0.096">
      <failure>Error: expect(received).toHaveLength(expected)

Expected length: 2
Received length: 1
Received array:  [{&quot;capabilities&quot;: [&quot;sensory-processing&quot;, &quot;cognitive-reasoning&quot;], &quot;initialized&quot;: false, &quot;loaded&quot;: true, &quot;name&quot;: &quot;cognitive-shell&quot;, &quot;size&quot;: 0, &quot;type&quot;: &quot;cognitive-shell&quot;, &quot;version&quot;: &quot;1.0.0&quot;}]
    at Object.toHaveLength (/home/gperry/Documents/GitHub/cloud-equities/KNIRV_NETWORK/KNIRVCONTROLLER/tests/unit/phase2-wasm-orchestrator.test.ts:61:26)</failure>
    </testcase>
    <testcase classname="Phase 2.4: WASM Orchestrator and Model Integration Dual-WASM Orchestration should handle cognitive shell loading failure" name="Phase 2.4: WASM Orchestrator and Model Integration Dual-WASM Orchestration should handle cognitive shell loading failure" time="0.067">
      <failure>Error: expect(received).toBe(expected) // Object.is equality

Expected: false
Received: true
    at Object.toBe (/home/gperry/Documents/GitHub/cloud-equities/KNIRV_NETWORK/KNIRVCONTROLLER/tests/unit/phase2-wasm-orchestrator.test.ts:70:23)</failure>
    </testcase>
    <testcase classname="Phase 2.4: WASM Orchestrator and Model Integration Dual-WASM Orchestration should handle model WASM loading failure with fallback" name="Phase 2.4: WASM Orchestrator and Model Integration Dual-WASM Orchestration should handle model WASM loading failure with fallback" time="0.022">
      <failure>Error: expect(jest.fn()).toHaveBeenCalledWith(...expected)

Expected: StringContaining &quot;Failed to load HRM cognitive WASM, using fallback:&quot;, Any&lt;Error&gt;
Received
       1: &quot;[Agent-Core] WASM initialization function failed:&quot;, [TypeError: Cannot read properties of undefined (reading &apos;_start&apos;)]
       2: &quot;AgentCoreInterface failed to initialize, using fallback&quot;

Number of calls: 2
    at Object.toHaveBeenCalledWith (/home/gperry/Documents/GitHub/cloud-equities/KNIRV_NETWORK/KNIRVCONTROLLER/tests/unit/phase2-wasm-orchestrator.test.ts:79:26)</failure>
    </testcase>
    <testcase classname="Phase 2.4: WASM Orchestrator and Model Integration Dual-WASM Orchestration should manage WASM module lifecycle" name="Phase 2.4: WASM Orchestrator and Model Integration Dual-WASM Orchestration should manage WASM module lifecycle" time="0.003">
    </testcase>
    <testcase classname="Phase 2.4: WASM Orchestrator and Model Integration Model Switching Performance should switch between different models efficiently" name="Phase 2.4: WASM Orchestrator and Model Integration Model Switching Performance should switch between different models efficiently" time="0.005">
      <failure>Error: expect(received).toBe(expected) // Object.is equality

Expected: true
Received: false
    at Object.toBe (/home/gperry/Documents/GitHub/cloud-equities/KNIRV_NETWORK/KNIRVCONTROLLER/tests/unit/phase2-wasm-orchestrator.test.ts:114:23)</failure>
    </testcase>
    <testcase classname="Phase 2.4: WASM Orchestrator and Model Integration Model Switching Performance should maintain performance during model switching" name="Phase 2.4: WASM Orchestrator and Model Integration Model Switching Performance should maintain performance during model switching" time="0.003">
      <failure>Error: expect(received).toBe(expected) // Object.is equality

Expected: true
Received: false
    at Object.toBe (/home/gperry/Documents/GitHub/cloud-equities/KNIRV_NETWORK/KNIRVCONTROLLER/tests/unit/phase2-wasm-orchestrator.test.ts:130:25)</failure>
    </testcase>
    <testcase classname="Phase 2.4: WASM Orchestrator and Model Integration Model Switching Performance should handle invalid model types" name="Phase 2.4: WASM Orchestrator and Model Integration Model Switching Performance should handle invalid model types" time="0.003">
    </testcase>
    <testcase classname="Phase 2.4: WASM Orchestrator and Model Integration Cross-WASM Communication should enable communication between cognitive shell and model" name="Phase 2.4: WASM Orchestrator and Model Integration Cross-WASM Communication should enable communication between cognitive shell and model" time="0.003">
      <failure>Error: Agent-core not initialized
    at AgentCoreInterface.processSensoryInput (/home/gperry/Documents/GitHub/cloud-equities/KNIRV_NETWORK/KNIRVCONTROLLER/src/sensory-shell/AgentCoreInterface.ts:202:13)
    at WASMOrchestrator.processSensoryInput (/home/gperry/Documents/GitHub/cloud-equities/KNIRV_NETWORK/KNIRVCONTROLLER/src/sensory-shell/WASMOrchestrator.ts:397:36)
    at Object.processSensoryInput (/home/gperry/Documents/GitHub/cloud-equities/KNIRV_NETWORK/KNIRVCONTROLLER/tests/unit/phase2-wasm-orchestrator.test.ts:166:43)
    at Promise.then.completed (/home/gperry/Documents/GitHub/cloud-equities/KNIRV_NETWORK/KNIRVCONTROLLER/node_modules/jest-circus/build/utils.js:298:28)
    at new Promise (&lt;anonymous&gt;)
    at callAsyncCircusFn (/home/gperry/Documents/GitHub/cloud-equities/KNIRV_NETWORK/KNIRVCONTROLLER/node_modules/jest-circus/build/utils.js:231:10)
    at _callCircusTest (/home/gperry/Documents/GitHub/cloud-equities/KNIRV_NETWORK/KNIRVCONTROLLER/node_modules/jest-circus/build/run.js:316:40)
    at _runTest (/home/gperry/Documents/GitHub/cloud-equities/KNIRV_NETWORK/KNIRVCONTROLLER/node_modules/jest-circus/build/run.js:252:3)
    at _runTestsForDescribeBlock (/home/gperry/Documents/GitHub/cloud-equities/KNIRV_NETWORK/KNIRVCONTROLLER/node_modules/jest-circus/build/run.js:126:9)
    at _runTestsForDescribeBlock (/home/gperry/Documents/GitHub/cloud-equities/KNIRV_NETWORK/KNIRVCONTROLLER/node_modules/jest-circus/build/run.js:121:9)
    at _runTestsForDescribeBlock (/home/gperry/Documents/GitHub/cloud-equities/KNIRV_NETWORK/KNIRVCONTROLLER/node_modules/jest-circus/build/run.js:121:9)
    at run (/home/gperry/Documents/GitHub/cloud-equities/KNIRV_NETWORK/KNIRVCONTROLLER/node_modules/jest-circus/build/run.js:71:3)
    at runAndTransformResultsToJestFormat (/home/gperry/Documents/GitHub/cloud-equities/KNIRV_NETWORK/KNIRVCONTROLLER/node_modules/jest-circus/build/legacy-code-todo-rewrite/jestAdapterInit.js:122:21)
    at jestAdapter (/home/gperry/Documents/GitHub/cloud-equities/KNIRV_NETWORK/KNIRVCONTROLLER/node_modules/jest-circus/build/legacy-code-todo-rewrite/jestAdapter.js:79:19)
    at runTestInternal (/home/gperry/Documents/GitHub/cloud-equities/KNIRV_NETWORK/KNIRVCONTROLLER/node_modules/jest-runner/build/runTest.js:367:16)
    at runTest (/home/gperry/Documents/GitHub/cloud-equities/KNIRV_NETWORK/KNIRVCONTROLLER/node_modules/jest-runner/build/runTest.js:444:34)
    at Object.worker (/home/gperry/Documents/GitHub/cloud-equities/KNIRV_NETWORK/KNIRVCONTROLLER/node_modules/jest-runner/build/testWorker.js:106:12)</failure>
    </testcase>
    <testcase classname="Phase 2.4: WASM Orchestrator and Model Integration Cross-WASM Communication should handle cross-WASM communication failures" name="Phase 2.4: WASM Orchestrator and Model Integration Cross-WASM Communication should handle cross-WASM communication failures" time="0.111">
      <failure>Error: expect(received).rejects.toThrow(expected)

Expected substring: &quot;Model inference failed&quot;
Received message:   &quot;Agent-core not initialized&quot;

      200 |   async processSensoryInput(input: SensoryInput): Promise&lt;CognitiveResponse&gt; {
      201 |     if (!this.isInitialized || !this.agentCore) {
    &gt; 202 |       throw new Error(&apos;Agent-core not initialized&apos;);
          |             ^
      203 |     }
      204 |
      205 |     const startTime = Date.now();

      at AgentCoreInterface.processSensoryInput (src/sensory-shell/AgentCoreInterface.ts:202:13)
      at WASMOrchestrator.processSensoryInput (src/sensory-shell/WASMOrchestrator.ts:397:36)
      at Object.processSensoryInput (tests/unit/phase2-wasm-orchestrator.test.ts:188:33)
    at Object.toThrow (/home/gperry/Documents/GitHub/cloud-equities/KNIRV_NETWORK/KNIRVCONTROLLER/node_modules/expect/build/index.js:218:22)
    at Object.toThrow (/home/gperry/Documents/GitHub/cloud-equities/KNIRV_NETWORK/KNIRVCONTROLLER/tests/unit/phase2-wasm-orchestrator.test.ts:188:69)
    at Promise.then.completed (/home/gperry/Documents/GitHub/cloud-equities/KNIRV_NETWORK/KNIRVCONTROLLER/node_modules/jest-circus/build/utils.js:298:28)
    at new Promise (&lt;anonymous&gt;)
    at callAsyncCircusFn (/home/gperry/Documents/GitHub/cloud-equities/KNIRV_NETWORK/KNIRVCONTROLLER/node_modules/jest-circus/build/utils.js:231:10)
    at _callCircusTest (/home/gperry/Documents/GitHub/cloud-equities/KNIRV_NETWORK/KNIRVCONTROLLER/node_modules/jest-circus/build/run.js:316:40)
    at _runTest (/home/gperry/Documents/GitHub/cloud-equities/KNIRV_NETWORK/KNIRVCONTROLLER/node_modules/jest-circus/build/run.js:252:3)
    at _runTestsForDescribeBlock (/home/gperry/Documents/GitHub/cloud-equities/KNIRV_NETWORK/KNIRVCONTROLLER/node_modules/jest-circus/build/run.js:126:9)
    at _runTestsForDescribeBlock (/home/gperry/Documents/GitHub/cloud-equities/KNIRV_NETWORK/KNIRVCONTROLLER/node_modules/jest-circus/build/run.js:121:9)
    at _runTestsForDescribeBlock (/home/gperry/Documents/GitHub/cloud-equities/KNIRV_NETWORK/KNIRVCONTROLLER/node_modules/jest-circus/build/run.js:121:9)
    at run (/home/gperry/Documents/GitHub/cloud-equities/KNIRV_NETWORK/KNIRVCONTROLLER/node_modules/jest-circus/build/run.js:71:3)
    at runAndTransformResultsToJestFormat (/home/gperry/Documents/GitHub/cloud-equities/KNIRV_NETWORK/KNIRVCONTROLLER/node_modules/jest-circus/build/legacy-code-todo-rewrite/jestAdapterInit.js:122:21)
    at jestAdapter (/home/gperry/Documents/GitHub/cloud-equities/KNIRV_NETWORK/KNIRVCONTROLLER/node_modules/jest-circus/build/legacy-code-todo-rewrite/jestAdapter.js:79:19)
    at runTestInternal (/home/gperry/Documents/GitHub/cloud-equities/KNIRV_NETWORK/KNIRVCONTROLLER/node_modules/jest-runner/build/runTest.js:367:16)
    at runTest (/home/gperry/Documents/GitHub/cloud-equities/KNIRV_NETWORK/KNIRVCONTROLLER/node_modules/jest-runner/build/runTest.js:444:34)
    at Object.worker (/home/gperry/Documents/GitHub/cloud-equities/KNIRV_NETWORK/KNIRVCONTROLLER/node_modules/jest-runner/build/testWorker.js:106:12)</failure>
    </testcase>
    <testcase classname="Phase 2.4: WASM Orchestrator and Model Integration Cross-WASM Communication should route communication correctly" name="Phase 2.4: WASM Orchestrator and Model Integration Cross-WASM Communication should route communication correctly" time="0.003">
      <failure>Error: Agent-core not initialized
    at AgentCoreInterface.processSensoryInput (/home/gperry/Documents/GitHub/cloud-equities/KNIRV_NETWORK/KNIRVCONTROLLER/src/sensory-shell/AgentCoreInterface.ts:202:13)
    at WASMOrchestrator.processSensoryInput (/home/gperry/Documents/GitHub/cloud-equities/KNIRV_NETWORK/KNIRVCONTROLLER/src/sensory-shell/WASMOrchestrator.ts:397:36)
    at Object.processSensoryInput (/home/gperry/Documents/GitHub/cloud-equities/KNIRV_NETWORK/KNIRVCONTROLLER/tests/unit/phase2-wasm-orchestrator.test.ts:199:43)
    at Promise.then.completed (/home/gperry/Documents/GitHub/cloud-equities/KNIRV_NETWORK/KNIRVCONTROLLER/node_modules/jest-circus/build/utils.js:298:28)
    at new Promise (&lt;anonymous&gt;)
    at callAsyncCircusFn (/home/gperry/Documents/GitHub/cloud-equities/KNIRV_NETWORK/KNIRVCONTROLLER/node_modules/jest-circus/build/utils.js:231:10)
    at _callCircusTest (/home/gperry/Documents/GitHub/cloud-equities/KNIRV_NETWORK/KNIRVCONTROLLER/node_modules/jest-circus/build/run.js:316:40)
    at _runTest (/home/gperry/Documents/GitHub/cloud-equities/KNIRV_NETWORK/KNIRVCONTROLLER/node_modules/jest-circus/build/run.js:252:3)
    at _runTestsForDescribeBlock (/home/gperry/Documents/GitHub/cloud-equities/KNIRV_NETWORK/KNIRVCONTROLLER/node_modules/jest-circus/build/run.js:126:9)
    at _runTestsForDescribeBlock (/home/gperry/Documents/GitHub/cloud-equities/KNIRV_NETWORK/KNIRVCONTROLLER/node_modules/jest-circus/build/run.js:121:9)
    at _runTestsForDescribeBlock (/home/gperry/Documents/GitHub/cloud-equities/KNIRV_NETWORK/KNIRVCONTROLLER/node_modules/jest-circus/build/run.js:121:9)
    at run (/home/gperry/Documents/GitHub/cloud-equities/KNIRV_NETWORK/KNIRVCONTROLLER/node_modules/jest-circus/build/run.js:71:3)
    at runAndTransformResultsToJestFormat (/home/gperry/Documents/GitHub/cloud-equities/KNIRV_NETWORK/KNIRVCONTROLLER/node_modules/jest-circus/build/legacy-code-todo-rewrite/jestAdapterInit.js:122:21)
    at jestAdapter (/home/gperry/Documents/GitHub/cloud-equities/KNIRV_NETWORK/KNIRVCONTROLLER/node_modules/jest-circus/build/legacy-code-todo-rewrite/jestAdapter.js:79:19)
    at runTestInternal (/home/gperry/Documents/GitHub/cloud-equities/KNIRV_NETWORK/KNIRVCONTROLLER/node_modules/jest-runner/build/runTest.js:367:16)
    at runTest (/home/gperry/Documents/GitHub/cloud-equities/KNIRV_NETWORK/KNIRVCONTROLLER/node_modules/jest-runner/build/runTest.js:444:34)
    at Object.worker (/home/gperry/Documents/GitHub/cloud-equities/KNIRV_NETWORK/KNIRVCONTROLLER/node_modules/jest-runner/build/testWorker.js:106:12)</failure>
    </testcase>
    <testcase classname="Phase 2.4: WASM Orchestrator and Model Integration Memory Management and Optimization should manage memory efficiently with multiple inferences" name="Phase 2.4: WASM Orchestrator and Model Integration Memory Management and Optimization should manage memory efficiently with multiple inferences" time="0.006">
      <failure>Error: Agent-core not initialized
    at AgentCoreInterface.processSensoryInput (/home/gperry/Documents/GitHub/cloud-equities/KNIRV_NETWORK/KNIRVCONTROLLER/src/sensory-shell/AgentCoreInterface.ts:202:13)
    at WASMOrchestrator.processSensoryInput (/home/gperry/Documents/GitHub/cloud-equities/KNIRV_NETWORK/KNIRVCONTROLLER/src/sensory-shell/WASMOrchestrator.ts:397:36)
    at processSensoryInput (/home/gperry/Documents/GitHub/cloud-equities/KNIRV_NETWORK/KNIRVCONTROLLER/tests/unit/phase2-wasm-orchestrator.test.ts:220:42)
    at Array.map (&lt;anonymous&gt;)
    at Object.map (/home/gperry/Documents/GitHub/cloud-equities/KNIRV_NETWORK/KNIRVCONTROLLER/tests/unit/phase2-wasm-orchestrator.test.ts:220:16)
    at Promise.then.completed (/home/gperry/Documents/GitHub/cloud-equities/KNIRV_NETWORK/KNIRVCONTROLLER/node_modules/jest-circus/build/utils.js:298:28)
    at new Promise (&lt;anonymous&gt;)
    at callAsyncCircusFn (/home/gperry/Documents/GitHub/cloud-equities/KNIRV_NETWORK/KNIRVCONTROLLER/node_modules/jest-circus/build/utils.js:231:10)
    at _callCircusTest (/home/gperry/Documents/GitHub/cloud-equities/KNIRV_NETWORK/KNIRVCONTROLLER/node_modules/jest-circus/build/run.js:316:40)
    at _runTest (/home/gperry/Documents/GitHub/cloud-equities/KNIRV_NETWORK/KNIRVCONTROLLER/node_modules/jest-circus/build/run.js:252:3)
    at _runTestsForDescribeBlock (/home/gperry/Documents/GitHub/cloud-equities/KNIRV_NETWORK/KNIRVCONTROLLER/node_modules/jest-circus/build/run.js:126:9)
    at _runTestsForDescribeBlock (/home/gperry/Documents/GitHub/cloud-equities/KNIRV_NETWORK/KNIRVCONTROLLER/node_modules/jest-circus/build/run.js:121:9)
    at _runTestsForDescribeBlock (/home/gperry/Documents/GitHub/cloud-equities/KNIRV_NETWORK/KNIRVCONTROLLER/node_modules/jest-circus/build/run.js:121:9)
    at run (/home/gperry/Documents/GitHub/cloud-equities/KNIRV_NETWORK/KNIRVCONTROLLER/node_modules/jest-circus/build/run.js:71:3)
    at runAndTransformResultsToJestFormat (/home/gperry/Documents/GitHub/cloud-equities/KNIRV_NETWORK/KNIRVCONTROLLER/node_modules/jest-circus/build/legacy-code-todo-rewrite/jestAdapterInit.js:122:21)
    at jestAdapter (/home/gperry/Documents/GitHub/cloud-equities/KNIRV_NETWORK/KNIRVCONTROLLER/node_modules/jest-circus/build/legacy-code-todo-rewrite/jestAdapter.js:79:19)
    at runTestInternal (/home/gperry/Documents/GitHub/cloud-equities/KNIRV_NETWORK/KNIRVCONTROLLER/node_modules/jest-runner/build/runTest.js:367:16)
    at runTest (/home/gperry/Documents/GitHub/cloud-equities/KNIRV_NETWORK/KNIRVCONTROLLER/node_modules/jest-runner/build/runTest.js:444:34)
    at Object.worker (/home/gperry/Documents/GitHub/cloud-equities/KNIRV_NETWORK/KNIRVCONTROLLER/node_modules/jest-runner/build/testWorker.js:106:12)</failure>
    </testcase>
    <testcase classname="Phase 2.4: WASM Orchestrator and Model Integration Memory Management and Optimization should optimize WASM memory allocation" name="Phase 2.4: WASM Orchestrator and Model Integration Memory Management and Optimization should optimize WASM memory allocation" time="0.003">
      <failure>Error: expect(received).toBe(expected) // Object.is equality

Expected: true
Received: false
    at Object.toBe (/home/gperry/Documents/GitHub/cloud-equities/KNIRV_NETWORK/KNIRVCONTROLLER/tests/unit/phase2-wasm-orchestrator.test.ts:238:49)
    at Promise.then.completed (/home/gperry/Documents/GitHub/cloud-equities/KNIRV_NETWORK/KNIRVCONTROLLER/node_modules/jest-circus/build/utils.js:298:28)
    at new Promise (&lt;anonymous&gt;)
    at callAsyncCircusFn (/home/gperry/Documents/GitHub/cloud-equities/KNIRV_NETWORK/KNIRVCONTROLLER/node_modules/jest-circus/build/utils.js:231:10)
    at _callCircusTest (/home/gperry/Documents/GitHub/cloud-equities/KNIRV_NETWORK/KNIRVCONTROLLER/node_modules/jest-circus/build/run.js:316:40)
    at _runTest (/home/gperry/Documents/GitHub/cloud-equities/KNIRV_NETWORK/KNIRVCONTROLLER/node_modules/jest-circus/build/run.js:252:3)
    at _runTestsForDescribeBlock (/home/gperry/Documents/GitHub/cloud-equities/KNIRV_NETWORK/KNIRVCONTROLLER/node_modules/jest-circus/build/run.js:126:9)
    at _runTestsForDescribeBlock (/home/gperry/Documents/GitHub/cloud-equities/KNIRV_NETWORK/KNIRVCONTROLLER/node_modules/jest-circus/build/run.js:121:9)
    at _runTestsForDescribeBlock (/home/gperry/Documents/GitHub/cloud-equities/KNIRV_NETWORK/KNIRVCONTROLLER/node_modules/jest-circus/build/run.js:121:9)
    at run (/home/gperry/Documents/GitHub/cloud-equities/KNIRV_NETWORK/KNIRVCONTROLLER/node_modules/jest-circus/build/run.js:71:3)
    at runAndTransformResultsToJestFormat (/home/gperry/Documents/GitHub/cloud-equities/KNIRV_NETWORK/KNIRVCONTROLLER/node_modules/jest-circus/build/legacy-code-todo-rewrite/jestAdapterInit.js:122:21)
    at jestAdapter (/home/gperry/Documents/GitHub/cloud-equities/KNIRV_NETWORK/KNIRVCONTROLLER/node_modules/jest-circus/build/legacy-code-todo-rewrite/jestAdapter.js:79:19)
    at runTestInternal (/home/gperry/Documents/GitHub/cloud-equities/KNIRV_NETWORK/KNIRVCONTROLLER/node_modules/jest-runner/build/runTest.js:367:16)
    at runTest (/home/gperry/Documents/GitHub/cloud-equities/KNIRV_NETWORK/KNIRVCONTROLLER/node_modules/jest-runner/build/runTest.js:444:34)
    at Object.worker (/home/gperry/Documents/GitHub/cloud-equities/KNIRV_NETWORK/KNIRVCONTROLLER/node_modules/jest-runner/build/testWorker.js:106:12)</failure>
    </testcase>
    <testcase classname="Phase 2.4: WASM Orchestrator and Model Integration Memory Management and Optimization should handle memory pressure gracefully" name="Phase 2.4: WASM Orchestrator and Model Integration Memory Management and Optimization should handle memory pressure gracefully" time="0.004">
      <failure>Error: Agent-core not initialized
    at AgentCoreInterface.processSensoryInput (/home/gperry/Documents/GitHub/cloud-equities/KNIRV_NETWORK/KNIRVCONTROLLER/src/sensory-shell/AgentCoreInterface.ts:202:13)
    at WASMOrchestrator.processSensoryInput (/home/gperry/Documents/GitHub/cloud-equities/KNIRV_NETWORK/KNIRVCONTROLLER/src/sensory-shell/WASMOrchestrator.ts:397:36)
    at processSensoryInput (/home/gperry/Documents/GitHub/cloud-equities/KNIRV_NETWORK/KNIRVCONTROLLER/tests/unit/phase2-wasm-orchestrator.test.ts:254:43)
    at Array.map (&lt;anonymous&gt;)
    at Object.map (/home/gperry/Documents/GitHub/cloud-equities/KNIRV_NETWORK/KNIRVCONTROLLER/tests/unit/phase2-wasm-orchestrator.test.ts:254:17)
    at Promise.then.completed (/home/gperry/Documents/GitHub/cloud-equities/KNIRV_NETWORK/KNIRVCONTROLLER/node_modules/jest-circus/build/utils.js:298:28)
    at new Promise (&lt;anonymous&gt;)
    at callAsyncCircusFn (/home/gperry/Documents/GitHub/cloud-equities/KNIRV_NETWORK/KNIRVCONTROLLER/node_modules/jest-circus/build/utils.js:231:10)
    at _callCircusTest (/home/gperry/Documents/GitHub/cloud-equities/KNIRV_NETWORK/KNIRVCONTROLLER/node_modules/jest-circus/build/run.js:316:40)
    at _runTest (/home/gperry/Documents/GitHub/cloud-equities/KNIRV_NETWORK/KNIRVCONTROLLER/node_modules/jest-circus/build/run.js:252:3)
    at _runTestsForDescribeBlock (/home/gperry/Documents/GitHub/cloud-equities/KNIRV_NETWORK/KNIRVCONTROLLER/node_modules/jest-circus/build/run.js:126:9)
    at _runTestsForDescribeBlock (/home/gperry/Documents/GitHub/cloud-equities/KNIRV_NETWORK/KNIRVCONTROLLER/node_modules/jest-circus/build/run.js:121:9)
    at _runTestsForDescribeBlock (/home/gperry/Documents/GitHub/cloud-equities/KNIRV_NETWORK/KNIRVCONTROLLER/node_modules/jest-circus/build/run.js:121:9)
    at run (/home/gperry/Documents/GitHub/cloud-equities/KNIRV_NETWORK/KNIRVCONTROLLER/node_modules/jest-circus/build/run.js:71:3)
    at runAndTransformResultsToJestFormat (/home/gperry/Documents/GitHub/cloud-equities/KNIRV_NETWORK/KNIRVCONTROLLER/node_modules/jest-circus/build/legacy-code-todo-rewrite/jestAdapterInit.js:122:21)
    at jestAdapter (/home/gperry/Documents/GitHub/cloud-equities/KNIRV_NETWORK/KNIRVCONTROLLER/node_modules/jest-circus/build/legacy-code-todo-rewrite/jestAdapter.js:79:19)
    at runTestInternal (/home/gperry/Documents/GitHub/cloud-equities/KNIRV_NETWORK/KNIRVCONTROLLER/node_modules/jest-runner/build/runTest.js:367:16)
    at runTest (/home/gperry/Documents/GitHub/cloud-equities/KNIRV_NETWORK/KNIRVCONTROLLER/node_modules/jest-runner/build/runTest.js:444:34)
    at Object.worker (/home/gperry/Documents/GitHub/cloud-equities/KNIRV_NETWORK/KNIRVCONTROLLER/node_modules/jest-runner/build/testWorker.js:106:12)</failure>
    </testcase>
    <testcase classname="Phase 2.4: WASM Orchestrator and Model Integration Model Accuracy and Inference Quality should maintain inference quality across models" name="Phase 2.4: WASM Orchestrator and Model Integration Model Accuracy and Inference Quality should maintain inference quality across models" time="0.002">
      <failure>Error: Agent-core not initialized
    at AgentCoreInterface.processSensoryInput (/home/gperry/Documents/GitHub/cloud-equities/KNIRV_NETWORK/KNIRVCONTROLLER/src/sensory-shell/AgentCoreInterface.ts:202:13)
    at WASMOrchestrator.processSensoryInput (/home/gperry/Documents/GitHub/cloud-equities/KNIRV_NETWORK/KNIRVCONTROLLER/src/sensory-shell/WASMOrchestrator.ts:397:36)
    at Object.processSensoryInput (/home/gperry/Documents/GitHub/cloud-equities/KNIRV_NETWORK/KNIRVCONTROLLER/tests/unit/phase2-wasm-orchestrator.test.ts:281:45)</failure>
    </testcase>
    <testcase classname="Phase 2.4: WASM Orchestrator and Model Integration Model Accuracy and Inference Quality should provide consistent inference results" name="Phase 2.4: WASM Orchestrator and Model Integration Model Accuracy and Inference Quality should provide consistent inference results" time="0.003">
      <failure>Error: Agent-core not initialized
    at AgentCoreInterface.processSensoryInput (/home/gperry/Documents/GitHub/cloud-equities/KNIRV_NETWORK/KNIRVCONTROLLER/src/sensory-shell/AgentCoreInterface.ts:202:13)
    at WASMOrchestrator.processSensoryInput (/home/gperry/Documents/GitHub/cloud-equities/KNIRV_NETWORK/KNIRVCONTROLLER/src/sensory-shell/WASMOrchestrator.ts:397:36)
    at Object.processSensoryInput (/home/gperry/Documents/GitHub/cloud-equities/KNIRV_NETWORK/KNIRVCONTROLLER/tests/unit/phase2-wasm-orchestrator.test.ts:298:22)
    at Promise.then.completed (/home/gperry/Documents/GitHub/cloud-equities/KNIRV_NETWORK/KNIRVCONTROLLER/node_modules/jest-circus/build/utils.js:298:28)
    at new Promise (&lt;anonymous&gt;)
    at callAsyncCircusFn (/home/gperry/Documents/GitHub/cloud-equities/KNIRV_NETWORK/KNIRVCONTROLLER/node_modules/jest-circus/build/utils.js:231:10)
    at _callCircusTest (/home/gperry/Documents/GitHub/cloud-equities/KNIRV_NETWORK/KNIRVCONTROLLER/node_modules/jest-circus/build/run.js:316:40)
    at _runTest (/home/gperry/Documents/GitHub/cloud-equities/KNIRV_NETWORK/KNIRVCONTROLLER/node_modules/jest-circus/build/run.js:252:3)
    at _runTestsForDescribeBlock (/home/gperry/Documents/GitHub/cloud-equities/KNIRV_NETWORK/KNIRVCONTROLLER/node_modules/jest-circus/build/run.js:126:9)
    at _runTestsForDescribeBlock (/home/gperry/Documents/GitHub/cloud-equities/KNIRV_NETWORK/KNIRVCONTROLLER/node_modules/jest-circus/build/run.js:121:9)
    at _runTestsForDescribeBlock (/home/gperry/Documents/GitHub/cloud-equities/KNIRV_NETWORK/KNIRVCONTROLLER/node_modules/jest-circus/build/run.js:121:9)
    at run (/home/gperry/Documents/GitHub/cloud-equities/KNIRV_NETWORK/KNIRVCONTROLLER/node_modules/jest-circus/build/run.js:71:3)
    at runAndTransformResultsToJestFormat (/home/gperry/Documents/GitHub/cloud-equities/KNIRV_NETWORK/KNIRVCONTROLLER/node_modules/jest-circus/build/legacy-code-todo-rewrite/jestAdapterInit.js:122:21)
    at jestAdapter (/home/gperry/Documents/GitHub/cloud-equities/KNIRV_NETWORK/KNIRVCONTROLLER/node_modules/jest-circus/build/legacy-code-todo-rewrite/jestAdapter.js:79:19)
    at runTestInternal (/home/gperry/Documents/GitHub/cloud-equities/KNIRV_NETWORK/KNIRVCONTROLLER/node_modules/jest-runner/build/runTest.js:367:16)
    at runTest (/home/gperry/Documents/GitHub/cloud-equities/KNIRV_NETWORK/KNIRVCONTROLLER/node_modules/jest-runner/build/runTest.js:444:34)
    at Object.worker (/home/gperry/Documents/GitHub/cloud-equities/KNIRV_NETWORK/KNIRVCONTROLLER/node_modules/jest-runner/build/testWorker.js:106:12)</failure>
    </testcase>
    <testcase classname="Phase 2.4: WASM Orchestrator and Model Integration Model Accuracy and Inference Quality should handle different input types correctly" name="Phase 2.4: WASM Orchestrator and Model Integration Model Accuracy and Inference Quality should handle different input types correctly" time="0.002">
      <failure>Error: Agent-core not initialized
    at AgentCoreInterface.processSensoryInput (/home/gperry/Documents/GitHub/cloud-equities/KNIRV_NETWORK/KNIRVCONTROLLER/src/sensory-shell/AgentCoreInterface.ts:202:13)
    at WASMOrchestrator.processSensoryInput (/home/gperry/Documents/GitHub/cloud-equities/KNIRV_NETWORK/KNIRVCONTROLLER/src/sensory-shell/WASMOrchestrator.ts:397:36)
    at Object.processSensoryInput (/home/gperry/Documents/GitHub/cloud-equities/KNIRV_NETWORK/KNIRVCONTROLLER/tests/unit/phase2-wasm-orchestrator.test.ts:320:45)
    at Promise.then.completed (/home/gperry/Documents/GitHub/cloud-equities/KNIRV_NETWORK/KNIRVCONTROLLER/node_modules/jest-circus/build/utils.js:298:28)
    at new Promise (&lt;anonymous&gt;)
    at callAsyncCircusFn (/home/gperry/Documents/GitHub/cloud-equities/KNIRV_NETWORK/KNIRVCONTROLLER/node_modules/jest-circus/build/utils.js:231:10)
    at _callCircusTest (/home/gperry/Documents/GitHub/cloud-equities/KNIRV_NETWORK/KNIRVCONTROLLER/node_modules/jest-circus/build/run.js:316:40)
    at _runTest (/home/gperry/Documents/GitHub/cloud-equities/KNIRV_NETWORK/KNIRVCONTROLLER/node_modules/jest-circus/build/run.js:252:3)
    at _runTestsForDescribeBlock (/home/gperry/Documents/GitHub/cloud-equities/KNIRV_NETWORK/KNIRVCONTROLLER/node_modules/jest-circus/build/run.js:126:9)
    at _runTestsForDescribeBlock (/home/gperry/Documents/GitHub/cloud-equities/KNIRV_NETWORK/KNIRVCONTROLLER/node_modules/jest-circus/build/run.js:121:9)
    at _runTestsForDescribeBlock (/home/gperry/Documents/GitHub/cloud-equities/KNIRV_NETWORK/KNIRVCONTROLLER/node_modules/jest-circus/build/run.js:121:9)
    at run (/home/gperry/Documents/GitHub/cloud-equities/KNIRV_NETWORK/KNIRVCONTROLLER/node_modules/jest-circus/build/run.js:71:3)
    at runAndTransformResultsToJestFormat (/home/gperry/Documents/GitHub/cloud-equities/KNIRV_NETWORK/KNIRVCONTROLLER/node_modules/jest-circus/build/legacy-code-todo-rewrite/jestAdapterInit.js:122:21)
    at jestAdapter (/home/gperry/Documents/GitHub/cloud-equities/KNIRV_NETWORK/KNIRVCONTROLLER/node_modules/jest-circus/build/legacy-code-todo-rewrite/jestAdapter.js:79:19)
    at runTestInternal (/home/gperry/Documents/GitHub/cloud-equities/KNIRV_NETWORK/KNIRVCONTROLLER/node_modules/jest-runner/build/runTest.js:367:16)
    at runTest (/home/gperry/Documents/GitHub/cloud-equities/KNIRV_NETWORK/KNIRVCONTROLLER/node_modules/jest-runner/build/runTest.js:444:34)
    at Object.worker (/home/gperry/Documents/GitHub/cloud-equities/KNIRV_NETWORK/KNIRVCONTROLLER/node_modules/jest-runner/build/testWorker.js:106:12)</failure>
    </testcase>
    <testcase classname="Phase 2.4: WASM Orchestrator and Model Integration Performance Benchmarks should meet performance benchmarks for inference speed" name="Phase 2.4: WASM Orchestrator and Model Integration Performance Benchmarks should meet performance benchmarks for inference speed" time="0.003">
      <failure>Error: Agent-core not initialized
    at AgentCoreInterface.processSensoryInput (/home/gperry/Documents/GitHub/cloud-equities/KNIRV_NETWORK/KNIRVCONTROLLER/src/sensory-shell/AgentCoreInterface.ts:202:13)
    at WASMOrchestrator.processSensoryInput (/home/gperry/Documents/GitHub/cloud-equities/KNIRV_NETWORK/KNIRVCONTROLLER/src/sensory-shell/WASMOrchestrator.ts:397:36)
    at Object.processSensoryInput (/home/gperry/Documents/GitHub/cloud-equities/KNIRV_NETWORK/KNIRVCONTROLLER/tests/unit/phase2-wasm-orchestrator.test.ts:341:43)
    at Promise.then.completed (/home/gperry/Documents/GitHub/cloud-equities/KNIRV_NETWORK/KNIRVCONTROLLER/node_modules/jest-circus/build/utils.js:298:28)
    at new Promise (&lt;anonymous&gt;)
    at callAsyncCircusFn (/home/gperry/Documents/GitHub/cloud-equities/KNIRV_NETWORK/KNIRVCONTROLLER/node_modules/jest-circus/build/utils.js:231:10)
    at _callCircusTest (/home/gperry/Documents/GitHub/cloud-equities/KNIRV_NETWORK/KNIRVCONTROLLER/node_modules/jest-circus/build/run.js:316:40)
    at _runTest (/home/gperry/Documents/GitHub/cloud-equities/KNIRV_NETWORK/KNIRVCONTROLLER/node_modules/jest-circus/build/run.js:252:3)
    at _runTestsForDescribeBlock (/home/gperry/Documents/GitHub/cloud-equities/KNIRV_NETWORK/KNIRVCONTROLLER/node_modules/jest-circus/build/run.js:126:9)
    at _runTestsForDescribeBlock (/home/gperry/Documents/GitHub/cloud-equities/KNIRV_NETWORK/KNIRVCONTROLLER/node_modules/jest-circus/build/run.js:121:9)
    at _runTestsForDescribeBlock (/home/gperry/Documents/GitHub/cloud-equities/KNIRV_NETWORK/KNIRVCONTROLLER/node_modules/jest-circus/build/run.js:121:9)
    at run (/home/gperry/Documents/GitHub/cloud-equities/KNIRV_NETWORK/KNIRVCONTROLLER/node_modules/jest-circus/build/run.js:71:3)
    at runAndTransformResultsToJestFormat (/home/gperry/Documents/GitHub/cloud-equities/KNIRV_NETWORK/KNIRVCONTROLLER/node_modules/jest-circus/build/legacy-code-todo-rewrite/jestAdapterInit.js:122:21)
    at jestAdapter (/home/gperry/Documents/GitHub/cloud-equities/KNIRV_NETWORK/KNIRVCONTROLLER/node_modules/jest-circus/build/legacy-code-todo-rewrite/jestAdapter.js:79:19)
    at runTestInternal (/home/gperry/Documents/GitHub/cloud-equities/KNIRV_NETWORK/KNIRVCONTROLLER/node_modules/jest-runner/build/runTest.js:367:16)
    at runTest (/home/gperry/Documents/GitHub/cloud-equities/KNIRV_NETWORK/KNIRVCONTROLLER/node_modules/jest-runner/build/runTest.js:444:34)
    at Object.worker (/home/gperry/Documents/GitHub/cloud-equities/KNIRV_NETWORK/KNIRVCONTROLLER/node_modules/jest-runner/build/testWorker.js:106:12)</failure>
    </testcase>
    <testcase classname="Phase 2.4: WASM Orchestrator and Model Integration Performance Benchmarks should handle concurrent inferences efficiently" name="Phase 2.4: WASM Orchestrator and Model Integration Performance Benchmarks should handle concurrent inferences efficiently" time="0.003">
      <failure>Error: Agent-core not initialized
    at AgentCoreInterface.processSensoryInput (/home/gperry/Documents/GitHub/cloud-equities/KNIRV_NETWORK/KNIRVCONTROLLER/src/sensory-shell/AgentCoreInterface.ts:202:13)
    at WASMOrchestrator.processSensoryInput (/home/gperry/Documents/GitHub/cloud-equities/KNIRV_NETWORK/KNIRVCONTROLLER/src/sensory-shell/WASMOrchestrator.ts:397:36)
    at processSensoryInput (/home/gperry/Documents/GitHub/cloud-equities/KNIRV_NETWORK/KNIRVCONTROLLER/tests/unit/phase2-wasm-orchestrator.test.ts:359:52)
    at Array.map (&lt;anonymous&gt;)
    at Object.map (/home/gperry/Documents/GitHub/cloud-equities/KNIRV_NETWORK/KNIRVCONTROLLER/tests/unit/phase2-wasm-orchestrator.test.ts:359:26)
    at Promise.then.completed (/home/gperry/Documents/GitHub/cloud-equities/KNIRV_NETWORK/KNIRVCONTROLLER/node_modules/jest-circus/build/utils.js:298:28)
    at new Promise (&lt;anonymous&gt;)
    at callAsyncCircusFn (/home/gperry/Documents/GitHub/cloud-equities/KNIRV_NETWORK/KNIRVCONTROLLER/node_modules/jest-circus/build/utils.js:231:10)
    at _callCircusTest (/home/gperry/Documents/GitHub/cloud-equities/KNIRV_NETWORK/KNIRVCONTROLLER/node_modules/jest-circus/build/run.js:316:40)
    at _runTest (/home/gperry/Documents/GitHub/cloud-equities/KNIRV_NETWORK/KNIRVCONTROLLER/node_modules/jest-circus/build/run.js:252:3)
    at _runTestsForDescribeBlock (/home/gperry/Documents/GitHub/cloud-equities/KNIRV_NETWORK/KNIRVCONTROLLER/node_modules/jest-circus/build/run.js:126:9)
    at _runTestsForDescribeBlock (/home/gperry/Documents/GitHub/cloud-equities/KNIRV_NETWORK/KNIRVCONTROLLER/node_modules/jest-circus/build/run.js:121:9)
    at _runTestsForDescribeBlock (/home/gperry/Documents/GitHub/cloud-equities/KNIRV_NETWORK/KNIRVCONTROLLER/node_modules/jest-circus/build/run.js:121:9)
    at run (/home/gperry/Documents/GitHub/cloud-equities/KNIRV_NETWORK/KNIRVCONTROLLER/node_modules/jest-circus/build/run.js:71:3)
    at runAndTransformResultsToJestFormat (/home/gperry/Documents/GitHub/cloud-equities/KNIRV_NETWORK/KNIRVCONTROLLER/node_modules/jest-circus/build/legacy-code-todo-rewrite/jestAdapterInit.js:122:21)
    at jestAdapter (/home/gperry/Documents/GitHub/cloud-equities/KNIRV_NETWORK/KNIRVCONTROLLER/node_modules/jest-circus/build/legacy-code-todo-rewrite/jestAdapter.js:79:19)
    at runTestInternal (/home/gperry/Documents/GitHub/cloud-equities/KNIRV_NETWORK/KNIRVCONTROLLER/node_modules/jest-runner/build/runTest.js:367:16)
    at runTest (/home/gperry/Documents/GitHub/cloud-equities/KNIRV_NETWORK/KNIRVCONTROLLER/node_modules/jest-runner/build/runTest.js:444:34)
    at Object.worker (/home/gperry/Documents/GitHub/cloud-equities/KNIRV_NETWORK/KNIRVCONTROLLER/node_modules/jest-runner/build/testWorker.js:106:12)</failure>
    </testcase>
  </testsuite>
  <testsuite name="Phase 3.3 - Performance Metrics" errors="0" failures="0" skipped="0" timestamp="2025-09-08T22:42:03" time="1.231" tests="28">
    <testcase classname="Phase 3.3 - Performance Metrics Initialization should initialize successfully" name="Phase 3.3 - Performance Metrics Initialization should initialize successfully" time="0.047">
    </testcase>
    <testcase classname="Phase 3.3 - Performance Metrics Initialization should initialize with custom configuration" name="Phase 3.3 - Performance Metrics Initialization should initialize with custom configuration" time="0.002">
    </testcase>
    <testcase classname="Phase 3.3 - Performance Metrics Cluster Performance Tracking should track cluster performance correctly" name="Phase 3.3 - Performance Metrics Cluster Performance Tracking should track cluster performance correctly" time="0.029">
    </testcase>
    <testcase classname="Phase 3.3 - Performance Metrics Cluster Performance Tracking should handle empty solutions" name="Phase 3.3 - Performance Metrics Cluster Performance Tracking should handle empty solutions" time="0.005">
    </testcase>
    <testcase classname="Phase 3.3 - Performance Metrics Cluster Performance Tracking should get all cluster metrics" name="Phase 3.3 - Performance Metrics Cluster Performance Tracking should get all cluster metrics" time="0.016">
    </testcase>
    <testcase classname="Phase 3.3 - Performance Metrics Agent Performance Tracking should track agent performance correctly" name="Phase 3.3 - Performance Metrics Agent Performance Tracking should track agent performance correctly" time="0.005">
    </testcase>
    <testcase classname="Phase 3.3 - Performance Metrics Agent Performance Tracking should calculate agent reputation correctly" name="Phase 3.3 - Performance Metrics Agent Performance Tracking should calculate agent reputation correctly" time="0.003">
    </testcase>
    <testcase classname="Phase 3.3 - Performance Metrics Agent Performance Tracking should handle agent with no solutions" name="Phase 3.3 - Performance Metrics Agent Performance Tracking should handle agent with no solutions" time="0.004">
    </testcase>
    <testcase classname="Phase 3.3 - Performance Metrics Agent Performance Tracking should get all agent metrics" name="Phase 3.3 - Performance Metrics Agent Performance Tracking should get all agent metrics" time="0.003">
    </testcase>
    <testcase classname="Phase 3.3 - Performance Metrics Skill Performance Tracking should track skill performance correctly" name="Phase 3.3 - Performance Metrics Skill Performance Tracking should track skill performance correctly" time="0.005">
    </testcase>
    <testcase classname="Phase 3.3 - Performance Metrics Skill Performance Tracking should get all skill metrics" name="Phase 3.3 - Performance Metrics Skill Performance Tracking should get all skill metrics" time="0.003">
    </testcase>
    <testcase classname="Phase 3.3 - Performance Metrics Competition Metrics Tracking should track competition metrics when enabled" name="Phase 3.3 - Performance Metrics Competition Metrics Tracking should track competition metrics when enabled" time="0.005">
    </testcase>
    <testcase classname="Phase 3.3 - Performance Metrics Competition Metrics Tracking should generate leaderboard correctly" name="Phase 3.3 - Performance Metrics Competition Metrics Tracking should generate leaderboard correctly" time="0.008">
    </testcase>
    <testcase classname="Phase 3.3 - Performance Metrics Competition Metrics Tracking should calculate competition intensity correctly" name="Phase 3.3 - Performance Metrics Competition Metrics Tracking should calculate competition intensity correctly" time="0.004">
    </testcase>
    <testcase classname="Phase 3.3 - Performance Metrics Competition Metrics Tracking should not track competition metrics when disabled" name="Phase 3.3 - Performance Metrics Competition Metrics Tracking should not track competition metrics when disabled" time="0.004">
    </testcase>
    <testcase classname="Phase 3.3 - Performance Metrics System Metrics should calculate system metrics correctly" name="Phase 3.3 - Performance Metrics System Metrics should calculate system metrics correctly" time="0.006">
    </testcase>
    <testcase classname="Phase 3.3 - Performance Metrics System Metrics should handle empty system state" name="Phase 3.3 - Performance Metrics System Metrics should handle empty system state" time="0.009">
    </testcase>
    <testcase classname="Phase 3.3 - Performance Metrics Event Handling should emit cluster metrics updated event" name="Phase 3.3 - Performance Metrics Event Handling should emit cluster metrics updated event" time="0.002">
    </testcase>
    <testcase classname="Phase 3.3 - Performance Metrics Event Handling should emit agent metrics updated event" name="Phase 3.3 - Performance Metrics Event Handling should emit agent metrics updated event" time="0.003">
    </testcase>
    <testcase classname="Phase 3.3 - Performance Metrics Event Handling should emit skill metrics updated event" name="Phase 3.3 - Performance Metrics Event Handling should emit skill metrics updated event" time="0.002">
    </testcase>
    <testcase classname="Phase 3.3 - Performance Metrics Event Handling should emit competition metrics updated event" name="Phase 3.3 - Performance Metrics Event Handling should emit competition metrics updated event" time="0.028">
    </testcase>
    <testcase classname="Phase 3.3 - Performance Metrics Data Retrieval should return undefined for non-existent cluster metrics" name="Phase 3.3 - Performance Metrics Data Retrieval should return undefined for non-existent cluster metrics" time="0.005">
    </testcase>
    <testcase classname="Phase 3.3 - Performance Metrics Data Retrieval should return undefined for non-existent agent metrics" name="Phase 3.3 - Performance Metrics Data Retrieval should return undefined for non-existent agent metrics" time="0.002">
    </testcase>
    <testcase classname="Phase 3.3 - Performance Metrics Data Retrieval should return undefined for non-existent skill metrics" name="Phase 3.3 - Performance Metrics Data Retrieval should return undefined for non-existent skill metrics" time="0.002">
    </testcase>
    <testcase classname="Phase 3.3 - Performance Metrics Data Retrieval should return empty array for non-existent competition metrics" name="Phase 3.3 - Performance Metrics Data Retrieval should return empty array for non-existent competition metrics" time="0.002">
    </testcase>
    <testcase classname="Phase 3.3 - Performance Metrics Performance and Scalability should handle large datasets efficiently" name="Phase 3.3 - Performance Metrics Performance and Scalability should handle large datasets efficiently" time="0.017">
    </testcase>
    <testcase classname="Phase 3.3 - Performance Metrics Performance and Scalability should handle concurrent metric updates" name="Phase 3.3 - Performance Metrics Performance and Scalability should handle concurrent metric updates" time="0.1">
    </testcase>
    <testcase classname="Phase 3.3 - Performance Metrics Type Usage Validation should validate imported types are properly used" name="Phase 3.3 - Performance Metrics Type Usage Validation should validate imported types are properly used" time="0.004">
    </testcase>
  </testsuite>
  <testsuite name="KNIRVRouterIntegration Unit Tests" errors="0" failures="0" skipped="0" timestamp="2025-09-08T22:42:04" time="0.928" tests="32">
    <testcase classname="KNIRVRouterIntegration Unit Tests Configuration should initialize with default configuration" name="KNIRVRouterIntegration Unit Tests Configuration should initialize with default configuration" time="0.01">
    </testcase>
    <testcase classname="KNIRVRouterIntegration Unit Tests Configuration should merge custom configuration with defaults" name="KNIRVRouterIntegration Unit Tests Configuration should merge custom configuration with defaults" time="0.004">
    </testcase>
    <testcase classname="KNIRVRouterIntegration Unit Tests Configuration should handle empty configuration" name="KNIRVRouterIntegration Unit Tests Configuration should handle empty configuration" time="0.003">
    </testcase>
    <testcase classname="KNIRVRouterIntegration Unit Tests Connection Management should report initial connection status" name="KNIRVRouterIntegration Unit Tests Connection Management should report initial connection status" time="0.003">
    </testcase>
    <testcase classname="KNIRVRouterIntegration Unit Tests Connection Management should handle successful health check" name="KNIRVRouterIntegration Unit Tests Connection Management should handle successful health check" time="0.004">
    </testcase>
    <testcase classname="KNIRVRouterIntegration Unit Tests Connection Management should handle failed health check" name="KNIRVRouterIntegration Unit Tests Connection Management should handle failed health check" time="0.004">
    </testcase>
    <testcase classname="KNIRVRouterIntegration Unit Tests Connection Management should handle network errors during health check" name="KNIRVRouterIntegration Unit Tests Connection Management should handle network errors during health check" time="0.006">
    </testcase>
    <testcase classname="KNIRVRouterIntegration Unit Tests Connection Management should track connection retries" name="KNIRVRouterIntegration Unit Tests Connection Management should track connection retries" time="0.004">
    </testcase>
    <testcase classname="KNIRVRouterIntegration Unit Tests Connection Management should handle connection failure with retries" name="KNIRVRouterIntegration Unit Tests Connection Management should handle connection failure with retries" time="0.005">
    </testcase>
    <testcase classname="KNIRVRouterIntegration Unit Tests Connection Management should stop retrying after max attempts" name="KNIRVRouterIntegration Unit Tests Connection Management should stop retrying after max attempts" time="0.006">
    </testcase>
    <testcase classname="KNIRVRouterIntegration Unit Tests Connection Management should not retry when shutting down" name="KNIRVRouterIntegration Unit Tests Connection Management should not retry when shutting down" time="0.004">
    </testcase>
    <testcase classname="KNIRVRouterIntegration Unit Tests Skill Resolution should resolve skill via ErrorContext" name="KNIRVRouterIntegration Unit Tests Skill Resolution should resolve skill via ErrorContext" time="0.009">
    </testcase>
    <testcase classname="KNIRVRouterIntegration Unit Tests Skill Resolution should handle KNIRVGRAPH failure gracefully" name="KNIRVRouterIntegration Unit Tests Skill Resolution should handle KNIRVGRAPH failure gracefully" time="0.017">
    </testcase>
    <testcase classname="KNIRVRouterIntegration Unit Tests Skill Resolution should handle KNIRVROUTER failure" name="KNIRVRouterIntegration Unit Tests Skill Resolution should handle KNIRVROUTER failure" time="0.037">
    </testcase>
    <testcase classname="KNIRVRouterIntegration Unit Tests Skill Resolution should handle network errors" name="KNIRVRouterIntegration Unit Tests Skill Resolution should handle network errors" time="0.017">
    </testcase>
    <testcase classname="KNIRVRouterIntegration Unit Tests LoRA Adapter Management should get LoRA adapters" name="KNIRVRouterIntegration Unit Tests LoRA Adapter Management should get LoRA adapters" time="0.015">
    </testcase>
    <testcase classname="KNIRVRouterIntegration Unit Tests LoRA Adapter Management should get LoRA adapters with filter" name="KNIRVRouterIntegration Unit Tests LoRA Adapter Management should get LoRA adapters with filter" time="0.031">
    </testcase>
    <testcase classname="KNIRVRouterIntegration Unit Tests LoRA Adapter Management should register LoRA adapter" name="KNIRVRouterIntegration Unit Tests LoRA Adapter Management should register LoRA adapter" time="0.004">
    </testcase>
    <testcase classname="KNIRVRouterIntegration Unit Tests LoRA Adapter Management should handle LoRA adapter registration failure" name="KNIRVRouterIntegration Unit Tests LoRA Adapter Management should handle LoRA adapter registration failure" time="0.198">
    </testcase>
    <testcase classname="KNIRVRouterIntegration Unit Tests LoRA Adapter Management should handle disconnected state for LoRA operations" name="KNIRVRouterIntegration Unit Tests LoRA Adapter Management should handle disconnected state for LoRA operations" time="0.008">
    </testcase>
    <testcase classname="KNIRVRouterIntegration Unit Tests Utility Methods should return active requests count" name="KNIRVRouterIntegration Unit Tests Utility Methods should return active requests count" time="0.003">
    </testcase>
    <testcase classname="KNIRVRouterIntegration Unit Tests Utility Methods should return P2P connections count" name="KNIRVRouterIntegration Unit Tests Utility Methods should return P2P connections count" time="0.003">
    </testcase>
    <testcase classname="KNIRVRouterIntegration Unit Tests Utility Methods should return routing cache size" name="KNIRVRouterIntegration Unit Tests Utility Methods should return routing cache size" time="0.003">
    </testcase>
    <testcase classname="KNIRVRouterIntegration Unit Tests Utility Methods should clear routing cache" name="KNIRVRouterIntegration Unit Tests Utility Methods should clear routing cache" time="0.002">
    </testcase>
    <testcase classname="KNIRVRouterIntegration Unit Tests Utility Methods should track active requests" name="KNIRVRouterIntegration Unit Tests Utility Methods should track active requests" time="0.002">
    </testcase>
    <testcase classname="KNIRVRouterIntegration Unit Tests Utility Methods should track routing cache entries" name="KNIRVRouterIntegration Unit Tests Utility Methods should track routing cache entries" time="0.002">
    </testcase>
    <testcase classname="KNIRVRouterIntegration Unit Tests Event Handling should emit connection events" name="KNIRVRouterIntegration Unit Tests Event Handling should emit connection events" time="0.002">
    </testcase>
    <testcase classname="KNIRVRouterIntegration Unit Tests Event Handling should emit disconnection events" name="KNIRVRouterIntegration Unit Tests Event Handling should emit disconnection events" time="0.004">
    </testcase>
    <testcase classname="KNIRVRouterIntegration Unit Tests Event Handling should emit skill resolution events" name="KNIRVRouterIntegration Unit Tests Event Handling should emit skill resolution events" time="0.003">
    </testcase>
    <testcase classname="KNIRVRouterIntegration Unit Tests Event Handling should handle skill node discovery events" name="KNIRVRouterIntegration Unit Tests Event Handling should handle skill node discovery events" time="0.024">
    </testcase>
    <testcase classname="KNIRVRouterIntegration Unit Tests Error Handling should handle malformed responses gracefully" name="KNIRVRouterIntegration Unit Tests Error Handling should handle malformed responses gracefully" time="0.003">
    </testcase>
    <testcase classname="KNIRVRouterIntegration Unit Tests Error Handling should handle timeout errors" name="KNIRVRouterIntegration Unit Tests Error Handling should handle timeout errors" time="0.016">
    </testcase>
  </testsuite>
  <testsuite name="SettingsPanel" errors="0" failures="34" skipped="0" timestamp="2025-09-08T22:42:02" time="3.077" tests="34">
    <testcase classname="SettingsPanel Rendering should not render when isOpen is false" name="SettingsPanel Rendering should not render when isOpen is false" time="0.007">
      <failure>Error: Target container is not a DOM element.
    at Object.&lt;anonymous&gt;.process.env.NODE_ENV.exports.createRoot (/home/gperry/Documents/GitHub/cloud-equities/KNIRV_NETWORK/KNIRVCONTROLLER/node_modules/react-dom/cjs/react-dom-client.development.js:24881:15)
    at createConcurrentRoot (/home/gperry/Documents/GitHub/cloud-equities/KNIRV_NETWORK/KNIRVCONTROLLER/node_modules/@testing-library/react/dist/pure.js:147:27)
    at render (/home/gperry/Documents/GitHub/cloud-equities/KNIRV_NETWORK/KNIRVCONTROLLER/node_modules/@testing-library/react/dist/pure.js:266:12)
    at Object.&lt;anonymous&gt; (/home/gperry/Documents/GitHub/cloud-equities/KNIRV_NETWORK/KNIRVCONTROLLER/tests/unit/components/SettingsPanel.test.tsx:198:13)
    at Promise.then.completed (/home/gperry/Documents/GitHub/cloud-equities/KNIRV_NETWORK/KNIRVCONTROLLER/node_modules/jest-circus/build/utils.js:298:28)
    at new Promise (&lt;anonymous&gt;)
    at callAsyncCircusFn (/home/gperry/Documents/GitHub/cloud-equities/KNIRV_NETWORK/KNIRVCONTROLLER/node_modules/jest-circus/build/utils.js:231:10)
    at _callCircusTest (/home/gperry/Documents/GitHub/cloud-equities/KNIRV_NETWORK/KNIRVCONTROLLER/node_modules/jest-circus/build/run.js:316:40)
    at processTicksAndRejections (node:internal/process/task_queues:95:5)
    at _runTest (/home/gperry/Documents/GitHub/cloud-equities/KNIRV_NETWORK/KNIRVCONTROLLER/node_modules/jest-circus/build/run.js:252:3)
    at _runTestsForDescribeBlock (/home/gperry/Documents/GitHub/cloud-equities/KNIRV_NETWORK/KNIRVCONTROLLER/node_modules/jest-circus/build/run.js:126:9)
    at _runTestsForDescribeBlock (/home/gperry/Documents/GitHub/cloud-equities/KNIRV_NETWORK/KNIRVCONTROLLER/node_modules/jest-circus/build/run.js:121:9)
    at _runTestsForDescribeBlock (/home/gperry/Documents/GitHub/cloud-equities/KNIRV_NETWORK/KNIRVCONTROLLER/node_modules/jest-circus/build/run.js:121:9)
    at run (/home/gperry/Documents/GitHub/cloud-equities/KNIRV_NETWORK/KNIRVCONTROLLER/node_modules/jest-circus/build/run.js:71:3)
    at runAndTransformResultsToJestFormat (/home/gperry/Documents/GitHub/cloud-equities/KNIRV_NETWORK/KNIRVCONTROLLER/node_modules/jest-circus/build/legacy-code-todo-rewrite/jestAdapterInit.js:122:21)
    at jestAdapter (/home/gperry/Documents/GitHub/cloud-equities/KNIRV_NETWORK/KNIRVCONTROLLER/node_modules/jest-circus/build/legacy-code-todo-rewrite/jestAdapter.js:79:19)
    at runTestInternal (/home/gperry/Documents/GitHub/cloud-equities/KNIRV_NETWORK/KNIRVCONTROLLER/node_modules/jest-runner/build/runTest.js:367:16)
    at runTest (/home/gperry/Documents/GitHub/cloud-equities/KNIRV_NETWORK/KNIRVCONTROLLER/node_modules/jest-runner/build/runTest.js:444:34)
    at Object.worker (/home/gperry/Documents/GitHub/cloud-equities/KNIRV_NETWORK/KNIRVCONTROLLER/node_modules/jest-runner/build/testWorker.js:106:12)</failure>
    </testcase>
    <testcase classname="SettingsPanel Rendering should render when isOpen is true" name="SettingsPanel Rendering should render when isOpen is true" time="0.004">
      <failure>Error: Target container is not a DOM element.
    at Object.&lt;anonymous&gt;.process.env.NODE_ENV.exports.createRoot (/home/gperry/Documents/GitHub/cloud-equities/KNIRV_NETWORK/KNIRVCONTROLLER/node_modules/react-dom/cjs/react-dom-client.development.js:24881:15)
    at createConcurrentRoot (/home/gperry/Documents/GitHub/cloud-equities/KNIRV_NETWORK/KNIRVCONTROLLER/node_modules/@testing-library/react/dist/pure.js:147:27)
    at render (/home/gperry/Documents/GitHub/cloud-equities/KNIRV_NETWORK/KNIRVCONTROLLER/node_modules/@testing-library/react/dist/pure.js:266:12)
    at Object.&lt;anonymous&gt; (/home/gperry/Documents/GitHub/cloud-equities/KNIRV_NETWORK/KNIRVCONTROLLER/tests/unit/components/SettingsPanel.test.tsx:204:13)
    at Promise.then.completed (/home/gperry/Documents/GitHub/cloud-equities/KNIRV_NETWORK/KNIRVCONTROLLER/node_modules/jest-circus/build/utils.js:298:28)
    at new Promise (&lt;anonymous&gt;)
    at callAsyncCircusFn (/home/gperry/Documents/GitHub/cloud-equities/KNIRV_NETWORK/KNIRVCONTROLLER/node_modules/jest-circus/build/utils.js:231:10)
    at _callCircusTest (/home/gperry/Documents/GitHub/cloud-equities/KNIRV_NETWORK/KNIRVCONTROLLER/node_modules/jest-circus/build/run.js:316:40)
    at processTicksAndRejections (node:internal/process/task_queues:95:5)
    at _runTest (/home/gperry/Documents/GitHub/cloud-equities/KNIRV_NETWORK/KNIRVCONTROLLER/node_modules/jest-circus/build/run.js:252:3)
    at _runTestsForDescribeBlock (/home/gperry/Documents/GitHub/cloud-equities/KNIRV_NETWORK/KNIRVCONTROLLER/node_modules/jest-circus/build/run.js:126:9)
    at _runTestsForDescribeBlock (/home/gperry/Documents/GitHub/cloud-equities/KNIRV_NETWORK/KNIRVCONTROLLER/node_modules/jest-circus/build/run.js:121:9)
    at _runTestsForDescribeBlock (/home/gperry/Documents/GitHub/cloud-equities/KNIRV_NETWORK/KNIRVCONTROLLER/node_modules/jest-circus/build/run.js:121:9)
    at run (/home/gperry/Documents/GitHub/cloud-equities/KNIRV_NETWORK/KNIRVCONTROLLER/node_modules/jest-circus/build/run.js:71:3)
    at runAndTransformResultsToJestFormat (/home/gperry/Documents/GitHub/cloud-equities/KNIRV_NETWORK/KNIRVCONTROLLER/node_modules/jest-circus/build/legacy-code-todo-rewrite/jestAdapterInit.js:122:21)
    at jestAdapter (/home/gperry/Documents/GitHub/cloud-equities/KNIRV_NETWORK/KNIRVCONTROLLER/node_modules/jest-circus/build/legacy-code-todo-rewrite/jestAdapter.js:79:19)
    at runTestInternal (/home/gperry/Documents/GitHub/cloud-equities/KNIRV_NETWORK/KNIRVCONTROLLER/node_modules/jest-runner/build/runTest.js:367:16)
    at runTest (/home/gperry/Documents/GitHub/cloud-equities/KNIRV_NETWORK/KNIRVCONTROLLER/node_modules/jest-runner/build/runTest.js:444:34)
    at Object.worker (/home/gperry/Documents/GitHub/cloud-equities/KNIRV_NETWORK/KNIRVCONTROLLER/node_modules/jest-runner/build/testWorker.js:106:12)</failure>
    </testcase>
    <testcase classname="SettingsPanel Rendering should render all sidebar tabs" name="SettingsPanel Rendering should render all sidebar tabs" time="0.002">
      <failure>Error: Target container is not a DOM element.
    at Object.&lt;anonymous&gt;.process.env.NODE_ENV.exports.createRoot (/home/gperry/Documents/GitHub/cloud-equities/KNIRV_NETWORK/KNIRVCONTROLLER/node_modules/react-dom/cjs/react-dom-client.development.js:24881:15)
    at createConcurrentRoot (/home/gperry/Documents/GitHub/cloud-equities/KNIRV_NETWORK/KNIRVCONTROLLER/node_modules/@testing-library/react/dist/pure.js:147:27)
    at render (/home/gperry/Documents/GitHub/cloud-equities/KNIRV_NETWORK/KNIRVCONTROLLER/node_modules/@testing-library/react/dist/pure.js:266:12)
    at Object.&lt;anonymous&gt; (/home/gperry/Documents/GitHub/cloud-equities/KNIRV_NETWORK/KNIRVCONTROLLER/tests/unit/components/SettingsPanel.test.tsx:213:13)
    at Promise.then.completed (/home/gperry/Documents/GitHub/cloud-equities/KNIRV_NETWORK/KNIRVCONTROLLER/node_modules/jest-circus/build/utils.js:298:28)
    at new Promise (&lt;anonymous&gt;)
    at callAsyncCircusFn (/home/gperry/Documents/GitHub/cloud-equities/KNIRV_NETWORK/KNIRVCONTROLLER/node_modules/jest-circus/build/utils.js:231:10)
    at _callCircusTest (/home/gperry/Documents/GitHub/cloud-equities/KNIRV_NETWORK/KNIRVCONTROLLER/node_modules/jest-circus/build/run.js:316:40)
    at processTicksAndRejections (node:internal/process/task_queues:95:5)
    at _runTest (/home/gperry/Documents/GitHub/cloud-equities/KNIRV_NETWORK/KNIRVCONTROLLER/node_modules/jest-circus/build/run.js:252:3)
    at _runTestsForDescribeBlock (/home/gperry/Documents/GitHub/cloud-equities/KNIRV_NETWORK/KNIRVCONTROLLER/node_modules/jest-circus/build/run.js:126:9)
    at _runTestsForDescribeBlock (/home/gperry/Documents/GitHub/cloud-equities/KNIRV_NETWORK/KNIRVCONTROLLER/node_modules/jest-circus/build/run.js:121:9)
    at _runTestsForDescribeBlock (/home/gperry/Documents/GitHub/cloud-equities/KNIRV_NETWORK/KNIRVCONTROLLER/node_modules/jest-circus/build/run.js:121:9)
    at run (/home/gperry/Documents/GitHub/cloud-equities/KNIRV_NETWORK/KNIRVCONTROLLER/node_modules/jest-circus/build/run.js:71:3)
    at runAndTransformResultsToJestFormat (/home/gperry/Documents/GitHub/cloud-equities/KNIRV_NETWORK/KNIRVCONTROLLER/node_modules/jest-circus/build/legacy-code-todo-rewrite/jestAdapterInit.js:122:21)
    at jestAdapter (/home/gperry/Documents/GitHub/cloud-equities/KNIRV_NETWORK/KNIRVCONTROLLER/node_modules/jest-circus/build/legacy-code-todo-rewrite/jestAdapter.js:79:19)
    at runTestInternal (/home/gperry/Documents/GitHub/cloud-equities/KNIRV_NETWORK/KNIRVCONTROLLER/node_modules/jest-runner/build/runTest.js:367:16)
    at runTest (/home/gperry/Documents/GitHub/cloud-equities/KNIRV_NETWORK/KNIRVCONTROLLER/node_modules/jest-runner/build/runTest.js:444:34)
    at Object.worker (/home/gperry/Documents/GitHub/cloud-equities/KNIRV_NETWORK/KNIRVCONTROLLER/node_modules/jest-runner/build/testWorker.js:106:12)</failure>
    </testcase>
    <testcase classname="SettingsPanel Rendering should render sidebar action buttons" name="SettingsPanel Rendering should render sidebar action buttons" time="0.003">
      <failure>Error: Target container is not a DOM element.
    at Object.&lt;anonymous&gt;.process.env.NODE_ENV.exports.createRoot (/home/gperry/Documents/GitHub/cloud-equities/KNIRV_NETWORK/KNIRVCONTROLLER/node_modules/react-dom/cjs/react-dom-client.development.js:24881:15)
    at createConcurrentRoot (/home/gperry/Documents/GitHub/cloud-equities/KNIRV_NETWORK/KNIRVCONTROLLER/node_modules/@testing-library/react/dist/pure.js:147:27)
    at render (/home/gperry/Documents/GitHub/cloud-equities/KNIRV_NETWORK/KNIRVCONTROLLER/node_modules/@testing-library/react/dist/pure.js:266:12)
    at Object.&lt;anonymous&gt; (/home/gperry/Documents/GitHub/cloud-equities/KNIRV_NETWORK/KNIRVCONTROLLER/tests/unit/components/SettingsPanel.test.tsx:228:13)
    at Promise.then.completed (/home/gperry/Documents/GitHub/cloud-equities/KNIRV_NETWORK/KNIRVCONTROLLER/node_modules/jest-circus/build/utils.js:298:28)
    at new Promise (&lt;anonymous&gt;)
    at callAsyncCircusFn (/home/gperry/Documents/GitHub/cloud-equities/KNIRV_NETWORK/KNIRVCONTROLLER/node_modules/jest-circus/build/utils.js:231:10)
    at _callCircusTest (/home/gperry/Documents/GitHub/cloud-equities/KNIRV_NETWORK/KNIRVCONTROLLER/node_modules/jest-circus/build/run.js:316:40)
    at processTicksAndRejections (node:internal/process/task_queues:95:5)
    at _runTest (/home/gperry/Documents/GitHub/cloud-equities/KNIRV_NETWORK/KNIRVCONTROLLER/node_modules/jest-circus/build/run.js:252:3)
    at _runTestsForDescribeBlock (/home/gperry/Documents/GitHub/cloud-equities/KNIRV_NETWORK/KNIRVCONTROLLER/node_modules/jest-circus/build/run.js:126:9)
    at _runTestsForDescribeBlock (/home/gperry/Documents/GitHub/cloud-equities/KNIRV_NETWORK/KNIRVCONTROLLER/node_modules/jest-circus/build/run.js:121:9)
    at _runTestsForDescribeBlock (/home/gperry/Documents/GitHub/cloud-equities/KNIRV_NETWORK/KNIRVCONTROLLER/node_modules/jest-circus/build/run.js:121:9)
    at run (/home/gperry/Documents/GitHub/cloud-equities/KNIRV_NETWORK/KNIRVCONTROLLER/node_modules/jest-circus/build/run.js:71:3)
    at runAndTransformResultsToJestFormat (/home/gperry/Documents/GitHub/cloud-equities/KNIRV_NETWORK/KNIRVCONTROLLER/node_modules/jest-circus/build/legacy-code-todo-rewrite/jestAdapterInit.js:122:21)
    at jestAdapter (/home/gperry/Documents/GitHub/cloud-equities/KNIRV_NETWORK/KNIRVCONTROLLER/node_modules/jest-circus/build/legacy-code-todo-rewrite/jestAdapter.js:79:19)
    at runTestInternal (/home/gperry/Documents/GitHub/cloud-equities/KNIRV_NETWORK/KNIRVCONTROLLER/node_modules/jest-runner/build/runTest.js:367:16)
    at runTest (/home/gperry/Documents/GitHub/cloud-equities/KNIRV_NETWORK/KNIRVCONTROLLER/node_modules/jest-runner/build/runTest.js:444:34)
    at Object.worker (/home/gperry/Documents/GitHub/cloud-equities/KNIRV_NETWORK/KNIRVCONTROLLER/node_modules/jest-runner/build/testWorker.js:106:12)</failure>
    </testcase>
    <testcase classname="SettingsPanel Data Loading should load settings data on mount" name="SettingsPanel Data Loading should load settings data on mount" time="0.002">
      <failure>Error: Target container is not a DOM element.
    at Object.&lt;anonymous&gt;.process.env.NODE_ENV.exports.createRoot (/home/gperry/Documents/GitHub/cloud-equities/KNIRV_NETWORK/KNIRVCONTROLLER/node_modules/react-dom/cjs/react-dom-client.development.js:24881:15)
    at createConcurrentRoot (/home/gperry/Documents/GitHub/cloud-equities/KNIRV_NETWORK/KNIRVCONTROLLER/node_modules/@testing-library/react/dist/pure.js:147:27)
    at render (/home/gperry/Documents/GitHub/cloud-equities/KNIRV_NETWORK/KNIRVCONTROLLER/node_modules/@testing-library/react/dist/pure.js:266:12)
    at Object.&lt;anonymous&gt; (/home/gperry/Documents/GitHub/cloud-equities/KNIRV_NETWORK/KNIRVCONTROLLER/tests/unit/components/SettingsPanel.test.tsx:240:13)
    at Promise.then.completed (/home/gperry/Documents/GitHub/cloud-equities/KNIRV_NETWORK/KNIRVCONTROLLER/node_modules/jest-circus/build/utils.js:298:28)
    at new Promise (&lt;anonymous&gt;)
    at callAsyncCircusFn (/home/gperry/Documents/GitHub/cloud-equities/KNIRV_NETWORK/KNIRVCONTROLLER/node_modules/jest-circus/build/utils.js:231:10)
    at _callCircusTest (/home/gperry/Documents/GitHub/cloud-equities/KNIRV_NETWORK/KNIRVCONTROLLER/node_modules/jest-circus/build/run.js:316:40)
    at processTicksAndRejections (node:internal/process/task_queues:95:5)
    at _runTest (/home/gperry/Documents/GitHub/cloud-equities/KNIRV_NETWORK/KNIRVCONTROLLER/node_modules/jest-circus/build/run.js:252:3)
    at _runTestsForDescribeBlock (/home/gperry/Documents/GitHub/cloud-equities/KNIRV_NETWORK/KNIRVCONTROLLER/node_modules/jest-circus/build/run.js:126:9)
    at _runTestsForDescribeBlock (/home/gperry/Documents/GitHub/cloud-equities/KNIRV_NETWORK/KNIRVCONTROLLER/node_modules/jest-circus/build/run.js:121:9)
    at _runTestsForDescribeBlock (/home/gperry/Documents/GitHub/cloud-equities/KNIRV_NETWORK/KNIRVCONTROLLER/node_modules/jest-circus/build/run.js:121:9)
    at run (/home/gperry/Documents/GitHub/cloud-equities/KNIRV_NETWORK/KNIRVCONTROLLER/node_modules/jest-circus/build/run.js:71:3)
    at runAndTransformResultsToJestFormat (/home/gperry/Documents/GitHub/cloud-equities/KNIRV_NETWORK/KNIRVCONTROLLER/node_modules/jest-circus/build/legacy-code-todo-rewrite/jestAdapterInit.js:122:21)
    at jestAdapter (/home/gperry/Documents/GitHub/cloud-equities/KNIRV_NETWORK/KNIRVCONTROLLER/node_modules/jest-circus/build/legacy-code-todo-rewrite/jestAdapter.js:79:19)
    at runTestInternal (/home/gperry/Documents/GitHub/cloud-equities/KNIRV_NETWORK/KNIRVCONTROLLER/node_modules/jest-runner/build/runTest.js:367:16)
    at runTest (/home/gperry/Documents/GitHub/cloud-equities/KNIRV_NETWORK/KNIRVCONTROLLER/node_modules/jest-runner/build/runTest.js:444:34)
    at Object.worker (/home/gperry/Documents/GitHub/cloud-equities/KNIRV_NETWORK/KNIRVCONTROLLER/node_modules/jest-runner/build/testWorker.js:106:12)</failure>
    </testcase>
    <testcase classname="SettingsPanel Data Loading should handle loading errors gracefully" name="SettingsPanel Data Loading should handle loading errors gracefully" time="0.002">
      <failure>Error: Target container is not a DOM element.
    at Object.&lt;anonymous&gt;.process.env.NODE_ENV.exports.createRoot (/home/gperry/Documents/GitHub/cloud-equities/KNIRV_NETWORK/KNIRVCONTROLLER/node_modules/react-dom/cjs/react-dom-client.development.js:24881:15)
    at createConcurrentRoot (/home/gperry/Documents/GitHub/cloud-equities/KNIRV_NETWORK/KNIRVCONTROLLER/node_modules/@testing-library/react/dist/pure.js:147:27)
    at render (/home/gperry/Documents/GitHub/cloud-equities/KNIRV_NETWORK/KNIRVCONTROLLER/node_modules/@testing-library/react/dist/pure.js:266:12)
    at Object.&lt;anonymous&gt; (/home/gperry/Documents/GitHub/cloud-equities/KNIRV_NETWORK/KNIRVCONTROLLER/tests/unit/components/SettingsPanel.test.tsx:254:13)
    at Promise.then.completed (/home/gperry/Documents/GitHub/cloud-equities/KNIRV_NETWORK/KNIRVCONTROLLER/node_modules/jest-circus/build/utils.js:298:28)
    at new Promise (&lt;anonymous&gt;)
    at callAsyncCircusFn (/home/gperry/Documents/GitHub/cloud-equities/KNIRV_NETWORK/KNIRVCONTROLLER/node_modules/jest-circus/build/utils.js:231:10)
    at _callCircusTest (/home/gperry/Documents/GitHub/cloud-equities/KNIRV_NETWORK/KNIRVCONTROLLER/node_modules/jest-circus/build/run.js:316:40)
    at processTicksAndRejections (node:internal/process/task_queues:95:5)
    at _runTest (/home/gperry/Documents/GitHub/cloud-equities/KNIRV_NETWORK/KNIRVCONTROLLER/node_modules/jest-circus/build/run.js:252:3)
    at _runTestsForDescribeBlock (/home/gperry/Documents/GitHub/cloud-equities/KNIRV_NETWORK/KNIRVCONTROLLER/node_modules/jest-circus/build/run.js:126:9)
    at _runTestsForDescribeBlock (/home/gperry/Documents/GitHub/cloud-equities/KNIRV_NETWORK/KNIRVCONTROLLER/node_modules/jest-circus/build/run.js:121:9)
    at _runTestsForDescribeBlock (/home/gperry/Documents/GitHub/cloud-equities/KNIRV_NETWORK/KNIRVCONTROLLER/node_modules/jest-circus/build/run.js:121:9)
    at run (/home/gperry/Documents/GitHub/cloud-equities/KNIRV_NETWORK/KNIRVCONTROLLER/node_modules/jest-circus/build/run.js:71:3)
    at runAndTransformResultsToJestFormat (/home/gperry/Documents/GitHub/cloud-equities/KNIRV_NETWORK/KNIRVCONTROLLER/node_modules/jest-circus/build/legacy-code-todo-rewrite/jestAdapterInit.js:122:21)
    at jestAdapter (/home/gperry/Documents/GitHub/cloud-equities/KNIRV_NETWORK/KNIRVCONTROLLER/node_modules/jest-circus/build/legacy-code-todo-rewrite/jestAdapter.js:79:19)
    at runTestInternal (/home/gperry/Documents/GitHub/cloud-equities/KNIRV_NETWORK/KNIRVCONTROLLER/node_modules/jest-runner/build/runTest.js:367:16)
    at runTest (/home/gperry/Documents/GitHub/cloud-equities/KNIRV_NETWORK/KNIRVCONTROLLER/node_modules/jest-runner/build/runTest.js:444:34)
    at Object.worker (/home/gperry/Documents/GitHub/cloud-equities/KNIRV_NETWORK/KNIRVCONTROLLER/node_modules/jest-runner/build/testWorker.js:106:12)</failure>
    </testcase>
[...]
            &gt;
              ×
            &lt;/button&gt;
          &lt;/div&gt;
        &lt;/div&gt;
        &lt;div
          class=&quot;flex border-b border-gray-700/50&quot;
        &gt;
          &lt;button
            class=&quot;flex items-center space-x-2 px-6 py-3 text-sm font-medium transition-all text-purple-400 border-b-2 border-purple-400 bg-purple-500/10&quot;
          &gt;
            &lt;svg
              aria-hidden=&quot;true&quot;
              class=&quot;lucide lucide-calendar w-4 h-4&quot;
              fill=&quot;none&quot;
              height=&quot;24&quot;
              stroke=&quot;currentColor&quot;
              stroke-linecap=&quot;round&quot;
              stroke-linejoin=&quot;round&quot;
              stroke-width=&quot;2&quot;
              viewBox=&quot;0 0 24 24&quot;
              width=&quot;24&quot;
              xmlns=&quot;http://www.w3.org/2000/svg&quot;
            &gt;
              &lt;path
                d=&quot;M8 2v4&quot;
              /&gt;
              &lt;path
                d=&quot;M16 2v4&quot;
              /&gt;
              &lt;rect
                height=&quot;18&quot;
                rx=&quot;2&quot;
                width=&quot;18&quot;
                x=&quot;3&quot;
                y=&quot;4&quot;
              /&gt;
              &lt;path
                d=&quot;M3 10h18&quot;
              /&gt;
            &lt;/svg&gt;
            &lt;span&gt;
              Tasks
            &lt;/span&gt;
          &lt;/button&gt;
          &lt;button
            class=&quot;flex items-center space-x-2 px-6 py-3 text-sm font-medium transition-all text-gray-400 hover:text-white hover:bg-gray-700/30&quot;
          &gt;
            &lt;svg
              aria-hidden=&quot;true&quot;
              class=&quot;lucide lucide-plus w-4 h-4&quot;
              fill=&quot;none&quot;
              height=&quot;24&quot;
              stroke=&quot;currentColor&quot;
              stroke-linecap=&quot;round&quot;
              stroke-linejoin=&quot;round&quot;
              stroke-width=&quot;2&quot;
              ...
    at Object.getElementError (/home/gperry/Documents/GitHub/cloud-equities/KNIRV_NETWORK/KNIRVCONTROLLER/node_modules/@testing-library/dom/dist/config.js:37:19)
    at /home/gperry/Documents/GitHub/cloud-equities/KNIRV_NETWORK/KNIRVCONTROLLER/node_modules/@testing-library/dom/dist/query-helpers.js:76:38
    at /home/gperry/Documents/GitHub/cloud-equities/KNIRV_NETWORK/KNIRVCONTROLLER/node_modules/@testing-library/dom/dist/query-helpers.js:52:17
    at /home/gperry/Documents/GitHub/cloud-equities/KNIRV_NETWORK/KNIRVCONTROLLER/node_modules/@testing-library/dom/dist/query-helpers.js:95:19
    at Object.getByRole (/home/gperry/Documents/GitHub/cloud-equities/KNIRV_NETWORK/KNIRVCONTROLLER/tests/unit/components/TaskScheduler.test.tsx:435:36)</failure>
    </testcase>
    <testcase classname="TaskScheduler Close Functionality should call onClose when close button is clicked" name="TaskScheduler Close Functionality should call onClose when close button is clicked" time="0.063">
    </testcase>
    <testcase classname="TaskScheduler Error Handling should handle task loading errors gracefully" name="TaskScheduler Error Handling should handle task loading errors gracefully" time="0.022">
    </testcase>
    <testcase classname="TaskScheduler Error Handling should handle task execution errors gracefully" name="TaskScheduler Error Handling should handle task execution errors gracefully" time="30.006">
      <failure>TypeError: Cannot read properties of undefined (reading &apos;body&apos;)
    at prettyDOM (/home/gperry/Documents/GitHub/cloud-equities/KNIRV_NETWORK/KNIRVCONTROLLER/node_modules/@testing-library/dom/dist/pretty-dom.js:55:38)
    at Object.getElementError (/home/gperry/Documents/GitHub/cloud-equities/KNIRV_NETWORK/KNIRVCONTROLLER/node_modules/@testing-library/dom/dist/config.js:36:52)
    at onTimeout (/home/gperry/Documents/GitHub/cloud-equities/KNIRV_NETWORK/KNIRVCONTROLLER/node_modules/@testing-library/dom/dist/wait-for.js:22:39)
    at handleTimeout (/home/gperry/Documents/GitHub/cloud-equities/KNIRV_NETWORK/KNIRVCONTROLLER/node_modules/@testing-library/dom/dist/wait-for.js:156:14)
    at callTimer (/home/gperry/Documents/GitHub/cloud-equities/KNIRV_NETWORK/KNIRVCONTROLLER/node_modules/@sinonjs/fake-timers/src/fake-timers-src.js:744:24)
    at doTickInner (/home/gperry/Documents/GitHub/cloud-equities/KNIRV_NETWORK/KNIRVCONTROLLER/node_modules/@sinonjs/fake-timers/src/fake-timers-src.js:1312:29)
    at doTick (/home/gperry/Documents/GitHub/cloud-equities/KNIRV_NETWORK/KNIRVCONTROLLER/node_modules/@sinonjs/fake-timers/src/fake-timers-src.js:1393:20)
    at Object.tick (/home/gperry/Documents/GitHub/cloud-equities/KNIRV_NETWORK/KNIRVCONTROLLER/node_modules/@sinonjs/fake-timers/src/fake-timers-src.js:1401:20)
    at FakeTimers.advanceTimersByTime (/home/gperry/Documents/GitHub/cloud-equities/KNIRV_NETWORK/KNIRVCONTROLLER/node_modules/@jest/fake-timers/build/modernFakeTimers.js:94:19)
    at Object.advanceTimersByTime (/home/gperry/Documents/GitHub/cloud-equities/KNIRV_NETWORK/KNIRVCONTROLLER/node_modules/jest-runtime/build/index.js:2027:26)
    at /home/gperry/Documents/GitHub/cloud-equities/KNIRV_NETWORK/KNIRVCONTROLLER/node_modules/@testing-library/dom/dist/wait-for.js:71:16
    at /home/gperry/Documents/GitHub/cloud-equities/KNIRV_NETWORK/KNIRVCONTROLLER/node_modules/@testing-library/react/dist/act-compat.js:48:24
    at Object.&lt;anonymous&gt;.process.env.NODE_ENV.exports.act (/home/gperry/Documents/GitHub/cloud-equities/KNIRV_NETWORK/KNIRVCONTROLLER/node_modules/react/cjs/react.development.js:790:22)
    at /home/gperry/Documents/GitHub/cloud-equities/KNIRV_NETWORK/KNIRVCONTROLLER/node_modules/@testing-library/react/dist/act-compat.js:47:25
    at unstable_advanceTimersWrapper (/home/gperry/Documents/GitHub/cloud-equities/KNIRV_NETWORK/KNIRVCONTROLLER/node_modules/@testing-library/react/dist/pure.js:79:35)
    at /home/gperry/Documents/GitHub/cloud-equities/KNIRV_NETWORK/KNIRVCONTROLLER/node_modules/@testing-library/dom/dist/wait-for.js:65:15</failure>
      <failure>Error: thrown: &quot;Exceeded timeout of 30000 ms for a test.
Add a timeout value to this test to increase the timeout, if this is a long-running test. See https://jestjs.io/docs/api#testname-fn-timeout.&quot;
    at it (/home/gperry/Documents/GitHub/cloud-equities/KNIRV_NETWORK/KNIRVCONTROLLER/tests/unit/components/TaskScheduler.test.tsx:468:5)
    at _dispatchDescribe (/home/gperry/Documents/GitHub/cloud-equities/KNIRV_NETWORK/KNIRVCONTROLLER/node_modules/jest-circus/build/index.js:91:26)
    at describe (/home/gperry/Documents/GitHub/cloud-equities/KNIRV_NETWORK/KNIRVCONTROLLER/node_modules/jest-circus/build/index.js:55:5)
    at describe (/home/gperry/Documents/GitHub/cloud-equities/KNIRV_NETWORK/KNIRVCONTROLLER/tests/unit/components/TaskScheduler.test.tsx:456:3)
    at _dispatchDescribe (/home/gperry/Documents/GitHub/cloud-equities/KNIRV_NETWORK/KNIRVCONTROLLER/node_modules/jest-circus/build/index.js:91:26)
    at describe (/home/gperry/Documents/GitHub/cloud-equities/KNIRV_NETWORK/KNIRVCONTROLLER/node_modules/jest-circus/build/index.js:55:5)
    at Object.describe (/home/gperry/Documents/GitHub/cloud-equities/KNIRV_NETWORK/KNIRVCONTROLLER/tests/unit/components/TaskScheduler.test.tsx:25:1)
    at Runtime._execModule (/home/gperry/Documents/GitHub/cloud-equities/KNIRV_NETWORK/KNIRVCONTROLLER/node_modules/jest-runtime/build/index.js:1439:24)
    at Runtime._loadModule (/home/gperry/Documents/GitHub/cloud-equities/KNIRV_NETWORK/KNIRVCONTROLLER/node_modules/jest-runtime/build/index.js:1022:12)
    at Runtime.requireModule (/home/gperry/Documents/GitHub/cloud-equities/KNIRV_NETWORK/KNIRVCONTROLLER/node_modules/jest-runtime/build/index.js:882:12)
    at jestAdapter (/home/gperry/Documents/GitHub/cloud-equities/KNIRV_NETWORK/KNIRVCONTROLLER/node_modules/jest-circus/build/legacy-code-todo-rewrite/jestAdapter.js:77:13)
    at processTicksAndRejections (node:internal/process/task_queues:95:5)
    at runTestInternal (/home/gperry/Documents/GitHub/cloud-equities/KNIRV_NETWORK/KNIRVCONTROLLER/node_modules/jest-runner/build/runTest.js:367:16)
    at runTest (/home/gperry/Documents/GitHub/cloud-equities/KNIRV_NETWORK/KNIRVCONTROLLER/node_modules/jest-runner/build/runTest.js:444:34)
    at Object.worker (/home/gperry/Documents/GitHub/cloud-equities/KNIRV_NETWORK/KNIRVCONTROLLER/node_modules/jest-runner/build/testWorker.js:106:12)</failure>
    </testcase>
    <testcase classname="TaskScheduler Accessibility should have proper ARIA labels" name="TaskScheduler Accessibility should have proper ARIA labels" time="1.658">
      <failure>TestingLibraryElementError: Unable to find an accessible element with the role &quot;button&quot; and name `/refresh/i`

Here are the accessible roles:

  heading:

  Name &quot;Task Scheduler&quot;:
  &lt;h2
    class=&quot;text-xl font-bold text-white&quot;
  /&gt;

  Name &quot;Daily Backup&quot;:
  &lt;h3
    class=&quot;font-semibold text-white&quot;
  /&gt;

  Name &quot;Agent Health Check&quot;:
  &lt;h3
    class=&quot;font-semibold text-white&quot;
  /&gt;

  --------------------------------------------------
  paragraph:

  Name &quot;&quot;:
  &lt;p
    class=&quot;text-sm text-gray-400&quot;
  /&gt;

  Name &quot;&quot;:
  &lt;p
    class=&quot;text-sm text-gray-400&quot;
  /&gt;

  Name &quot;&quot;:
  &lt;p
    class=&quot;text-sm text-gray-400&quot;
  /&gt;

  --------------------------------------------------
  button:

  Name &quot;&quot;:
  &lt;button
    class=&quot;p-2 hover:bg-gray-700/50 rounded-lg text-gray-400 hover:text-white transition-all disabled:opacity-50&quot;
  /&gt;

  Name &quot;×&quot;:
  &lt;button
    class=&quot;p-2 hover:bg-gray-700/50 rounded-lg text-gray-400 hover:text-white transition-all&quot;
  /&gt;

  Name &quot;Tasks&quot;:
  &lt;button
    class=&quot;flex items-center space-x-2 px-6 py-3 text-sm font-medium transition-all text-purple-400 border-b-2 border-purple-400 bg-purple-500/10&quot;
  /&gt;

  Name &quot;Create Task&quot;:
  &lt;button
    class=&quot;flex items-center space-x-2 px-6 py-3 text-sm font-medium transition-all text-gray-400 hover:text-white hover:bg-gray-700/30&quot;
  /&gt;

  Name &quot;Executions&quot;:
  &lt;button
    class=&quot;flex items-center space-x-2 px-6 py-3 text-sm font-medium transition-all text-gray-400 hover:text-white hover:bg-gray-700/30&quot;
  /&gt;

  Name &quot;&quot;:
  &lt;button
    class=&quot;p-1 hover:bg-gray-700/50 rounded text-gray-400 hover:text-white transition-all&quot;
  /&gt;

  Name &quot;&quot;:
  &lt;button
    class=&quot;p-1 hover:bg-gray-700/50 rounded text-gray-400 hover:text-red-400 transition-all&quot;
  /&gt;

  Name &quot;&quot;:
  &lt;button
    class=&quot;p-1 hover:bg-gray-700/50 rounded text-gray-400 hover:text-white transition-all&quot;
  /&gt;

  Name &quot;&quot;:
  &lt;button
    class=&quot;p-1 hover:bg-gray-700/50 rounded text-gray-400 hover:text-red-400 transition-all&quot;
  /&gt;

  --------------------------------------------------

Ignored nodes: comments, script, style
&lt;body&gt;
  &lt;div&gt;
    &lt;div
      class=&quot;fixed inset-0 bg-black/50 backdrop-blur-sm z-50 flex items-center justify-center p-4&quot;
    &gt;
      &lt;div
        class=&quot;bg-gray-900/95 border border-gray-700/50 rounded-xl w-full max-w-6xl h-[90vh] overflow-hidden&quot;
      &gt;
        &lt;div
          class=&quot;flex items-center justify-between p-6 border-b border-gray-700/50&quot;
        &gt;
          &lt;div
            class=&quot;flex items-center space-x-3&quot;
          &gt;
            &lt;div
              class=&quot;w-10 h-10 bg-purple-500/20 rounded-lg flex items-center justify-center border border-purple-500/20&quot;
            &gt;
              &lt;svg
                aria-hidden=&quot;true&quot;
                class=&quot;lucide lucide-calendar w-5 h-5 text-purple-400&quot;
                fill=&quot;none&quot;
                height=&quot;24&quot;
                stroke=&quot;currentColor&quot;
                stroke-linecap=&quot;round&quot;
                stroke-linejoin=&quot;round&quot;
                stroke-width=&quot;2&quot;
                viewBox=&quot;0 0 24 24&quot;
                width=&quot;24&quot;
                xmlns=&quot;http://www.w3.org/2000/svg&quot;
              &gt;
                &lt;path
                  d=&quot;M8 2v4&quot;
                /&gt;
                &lt;path
                  d=&quot;M16 2v4&quot;
                /&gt;
                &lt;rect
                  height=&quot;18&quot;
                  rx=&quot;2&quot;
                  width=&quot;18&quot;
                  x=&quot;3&quot;
                  y=&quot;4&quot;
                /&gt;
                &lt;path
                  d=&quot;M3 10h18&quot;
                /&gt;
              &lt;/svg&gt;
            &lt;/div&gt;
            &lt;div&gt;
              &lt;h2
                class=&quot;text-xl font-bold text-white&quot;
              &gt;
                Task Scheduler
              &lt;/h2&gt;
              &lt;p
                class=&quot;text-sm text-gray-400&quot;
              &gt;
                Automated workflow management
              &lt;/p&gt;
            &lt;/div&gt;
          &lt;/div&gt;
          &lt;div
            class=&quot;flex items-center space-x-2&quot;
          &gt;
            &lt;button
              class=&quot;p-2 hover:bg-gray-700/50 rounded-lg text-gray-400 hover:text-white transition-all disabled:opacity-50&quot;
            &gt;
              &lt;svg
                aria-hidden=&quot;true&quot;
                class=&quot;lucide lucide-refresh-cw w-4 h-4&quot;
                fill=&quot;none&quot;
                height=&quot;24&quot;
                stroke=&quot;currentColor&quot;
                stroke-linecap=&quot;round&quot;
                stroke-linejoin=&quot;round&quot;
                stroke-width=&quot;2&quot;
                viewBox=&quot;0 0 24 24&quot;
                width=&quot;24&quot;
                xmlns=&quot;http://www.w3.org/2000/svg&quot;
              &gt;
                &lt;path
                  d=&quot;M3 12a9 9 0 0 1 9-9 9.75 9.75 0 0 1 6.74 2.74L21 8&quot;
                /&gt;
                &lt;path
                  d=&quot;M21 3v5h-5&quot;
                /&gt;
                &lt;path
                  d=&quot;M21 12a9 9 0 0 1-9 9 9.75 9.75 0 0 1-6.74-2.74L3 16&quot;
                /&gt;
                &lt;path
                  d=&quot;M8 16H3v5&quot;
                /&gt;
              &lt;/svg&gt;
            &lt;/button&gt;
            &lt;button
              class=&quot;p-2 hover:bg-gray-700/50 rounded-lg text-gray-400 hover:text-white transition-all&quot;
            &gt;
              ×
            &lt;/button&gt;
          &lt;/div&gt;
        &lt;/div&gt;
        &lt;div
          class=&quot;flex border-b border-gray-700/50&quot;
        &gt;
          &lt;button
            class=&quot;flex items-center space-x-2 px-6 py-3 text-sm font-medium transition-all text-purple-400 border-b-2 border-purple-400 bg-purple-500/10&quot;
          &gt;
            &lt;svg
              aria-hidden=&quot;true&quot;
              class=&quot;lucide lucide-calendar w-4 h-4&quot;
              fill=&quot;none&quot;
              height=&quot;24&quot;
              stroke=&quot;currentColor&quot;
              stroke-linecap=&quot;round&quot;
              stroke-linejoin=&quot;round&quot;
              stroke-width=&quot;2&quot;
              viewBox=&quot;0 0 24 24&quot;
              width=&quot;24&quot;
              xmlns=&quot;http://www.w3.org/2000/svg&quot;
            &gt;
              &lt;path
                d=&quot;M8 2v4&quot;
              /&gt;
              &lt;path
                d=&quot;M16 2v4&quot;
              /&gt;
              &lt;rect
                height=&quot;18&quot;
                rx=&quot;2&quot;
                width=&quot;18&quot;
                x=&quot;3&quot;
                y=&quot;4&quot;
              /&gt;
              &lt;path
                d=&quot;M3 10h18&quot;
              /&gt;
            &lt;/svg&gt;
            &lt;span&gt;
              Tasks
            &lt;/span&gt;
          &lt;/button&gt;
          &lt;button
            class=&quot;flex items-center space-x-2 px-6 py-3 text-sm font-medium transition-all text-gray-400 hover:text-white hover:bg-gray-700/30&quot;
          &gt;
            &lt;svg
              aria-hidden=&quot;true&quot;
              class=&quot;lucide lucide-plus w-4 h-4&quot;
              fill=&quot;none&quot;
              height=&quot;24&quot;
              stroke=&quot;currentColor&quot;
              stroke-linecap=&quot;round&quot;
              stroke-linejoin=&quot;round&quot;
              stroke-width=&quot;2&quot;
              ...
    at Object.getElementError (/home/gperry/Documents/GitHub/cloud-equities/KNIRV_NETWORK/KNIRVCONTROLLER/node_modules/@testing-library/dom/dist/config.js:37:19)
    at /home/gperry/Documents/GitHub/cloud-equities/KNIRV_NETWORK/KNIRVCONTROLLER/node_modules/@testing-library/dom/dist/query-helpers.js:76:38
    at /home/gperry/Documents/GitHub/cloud-equities/KNIRV_NETWORK/KNIRVCONTROLLER/node_modules/@testing-library/dom/dist/query-helpers.js:52:17
    at /home/gperry/Documents/GitHub/cloud-equities/KNIRV_NETWORK/KNIRVCONTROLLER/node_modules/@testing-library/dom/dist/query-helpers.js:95:19
    at Object.getByRole (/home/gperry/Documents/GitHub/cloud-equities/KNIRV_NETWORK/KNIRVCONTROLLER/tests/unit/components/TaskScheduler.test.tsx:487:21)
    at Promise.then.completed (/home/gperry/Documents/GitHub/cloud-equities/KNIRV_NETWORK/KNIRVCONTROLLER/node_modules/jest-circus/build/utils.js:298:28)
    at new Promise (&lt;anonymous&gt;)
    at callAsyncCircusFn (/home/gperry/Documents/GitHub/cloud-equities/KNIRV_NETWORK/KNIRVCONTROLLER/node_modules/jest-circus/build/utils.js:231:10)
    at _callCircusTest (/home/gperry/Documents/GitHub/cloud-equities/KNIRV_NETWORK/KNIRVCONTROLLER/node_modules/jest-circus/build/run.js:316:40)
    at _runTest (/home/gperry/Documents/GitHub/cloud-equities/KNIRV_NETWORK/KNIRVCONTROLLER/node_modules/jest-circus/build/run.js:252:3)
    at _runTestsForDescribeBlock (/home/gperry/Documents/GitHub/cloud-equities/KNIRV_NETWORK/KNIRVCONTROLLER/node_modules/jest-circus/build/run.js:126:9)
    at _runTestsForDescribeBlock (/home/gperry/Documents/GitHub/cloud-equities/KNIRV_NETWORK/KNIRVCONTROLLER/node_modules/jest-circus/build/run.js:121:9)
    at _runTestsForDescribeBlock (/home/gperry/Documents/GitHub/cloud-equities/KNIRV_NETWORK/KNIRVCONTROLLER/node_modules/jest-circus/build/run.js:121:9)
    at run (/home/gperry/Documents/GitHub/cloud-equities/KNIRV_NETWORK/KNIRVCONTROLLER/node_modules/jest-circus/build/run.js:71:3)
    at runAndTransformResultsToJestFormat (/home/gperry/Documents/GitHub/cloud-equities/KNIRV_NETWORK/KNIRVCONTROLLER/node_modules/jest-circus/build/legacy-code-todo-rewrite/jestAdapterInit.js:122:21)
    at jestAdapter (/home/gperry/Documents/GitHub/cloud-equities/KNIRV_NETWORK/KNIRVCONTROLLER/node_modules/jest-circus/build/legacy-code-todo-rewrite/jestAdapter.js:79:19)
    at runTestInternal (/home/gperry/Documents/GitHub/cloud-equities/KNIRV_NETWORK/KNIRVCONTROLLER/node_modules/jest-runner/build/runTest.js:367:16)
    at runTest (/home/gperry/Documents/GitHub/cloud-equities/KNIRV_NETWORK/KNIRVCONTROLLER/node_modules/jest-runner/build/runTest.js:444:34)
    at Object.worker (/home/gperry/Documents/GitHub/cloud-equities/KNIRV_NETWORK/KNIRVCONTROLLER/node_modules/jest-runner/build/testWorker.js:106:12)</failure>
    </testcase>
    <testcase classname="TaskScheduler Accessibility should support keyboard navigation" name="TaskScheduler Accessibility should support keyboard navigation" time="0.061">
    </testcase>
  </testsuite>
</testsuites>