mode: set
KNIRVENGINE/desktop-client/api/agent_service.go:45.60,49.2 1 0
KNIRVENGINE/desktop-client/api/agent_service.go:51.106,53.33 2 0
KNIRVENGINE/desktop-client/api/agent_service.go:53.33,54.31 1 0
KNIRVENGINE/desktop-client/api/agent_service.go:54.31,56.4 1 0
KNIRVENGINE/desktop-client/api/agent_service.go:58.2,58.20 1 0
KNIRVENGINE/desktop-client/api/agent_service.go:61.96,62.43 1 0
KNIRVENGINE/desktop-client/api/agent_service.go:62.43,64.3 1 0
KNIRVENGINE/desktop-client/api/agent_service.go:65.2,65.43 1 0
KNIRVENGINE/desktop-client/api/agent_service.go:68.88,71.2 2 0
KNIRVENGINE/desktop-client/api/agent_service.go:73.88,74.46 1 0
KNIRVENGINE/desktop-client/api/agent_service.go:74.46,76.3 1 0
KNIRVENGINE/desktop-client/api/agent_service.go:77.2,78.12 2 0
KNIRVENGINE/desktop-client/api/agent_service.go:81.85,82.40 1 0
KNIRVENGINE/desktop-client/api/agent_service.go:82.40,84.3 1 0
KNIRVENGINE/desktop-client/api/agent_service.go:85.2,86.12 2 0
KNIRVENGINE/desktop-client/api/agent_service.go:90.58,94.2 1 0
KNIRVENGINE/desktop-client/api/agent_service.go:97.61,109.2 9 0
KNIRVENGINE/desktop-client/api/agent_service.go:112.81,114.27 1 0
KNIRVENGINE/desktop-client/api/agent_service.go:114.27,120.3 5 0
KNIRVENGINE/desktop-client/api/agent_service.go:123.2,128.9 4 0
KNIRVENGINE/desktop-client/api/agent_service.go:128.9,131.3 2 0
KNIRVENGINE/desktop-client/api/agent_service.go:134.2,135.16 2 0
KNIRVENGINE/desktop-client/api/agent_service.go:135.16,138.3 2 0
KNIRVENGINE/desktop-client/api/agent_service.go:140.2,142.4 1 0
KNIRVENGINE/desktop-client/api/agent_service.go:146.79,148.27 1 0
KNIRVENGINE/desktop-client/api/agent_service.go:148.27,154.3 5 0
KNIRVENGINE/desktop-client/api/agent_service.go:157.2,162.9 4 0
KNIRVENGINE/desktop-client/api/agent_service.go:162.9,165.3 2 0
KNIRVENGINE/desktop-client/api/agent_service.go:168.2,173.16 4 0
KNIRVENGINE/desktop-client/api/agent_service.go:173.16,176.3 2 0
KNIRVENGINE/desktop-client/api/agent_service.go:179.2,179.29 1 0
KNIRVENGINE/desktop-client/api/agent_service.go:179.29,182.3 2 0
KNIRVENGINE/desktop-client/api/agent_service.go:184.2,186.4 1 0
KNIRVENGINE/desktop-client/api/agent_service.go:190.82,192.27 1 0
KNIRVENGINE/desktop-client/api/agent_service.go:192.27,198.3 5 0
KNIRVENGINE/desktop-client/api/agent_service.go:201.2,206.9 4 0
KNIRVENGINE/desktop-client/api/agent_service.go:206.9,209.3 2 0
KNIRVENGINE/desktop-client/api/agent_service.go:212.2,213.49 2 0
KNIRVENGINE/desktop-client/api/agent_service.go:213.49,216.3 2 0
KNIRVENGINE/desktop-client/api/agent_service.go:219.2,224.70 4 0
KNIRVENGINE/desktop-client/api/agent_service.go:224.70,227.3 2 0
KNIRVENGINE/desktop-client/api/agent_service.go:229.2,231.4 1 0
KNIRVENGINE/desktop-client/api/agent_service.go:235.82,237.27 1 0
KNIRVENGINE/desktop-client/api/agent_service.go:237.27,243.3 5 0
KNIRVENGINE/desktop-client/api/agent_service.go:246.2,251.9 4 0
KNIRVENGINE/desktop-client/api/agent_service.go:251.9,254.3 2 0
KNIRVENGINE/desktop-client/api/agent_service.go:257.2,262.16 4 0
KNIRVENGINE/desktop-client/api/agent_service.go:262.16,265.3 2 0
KNIRVENGINE/desktop-client/api/agent_service.go:268.2,268.37 1 0
KNIRVENGINE/desktop-client/api/agent_service.go:268.37,271.3 2 0
KNIRVENGINE/desktop-client/api/agent_service.go:274.2,275.49 2 0
KNIRVENGINE/desktop-client/api/agent_service.go:275.49,278.3 2 0
KNIRVENGINE/desktop-client/api/agent_service.go:281.2,286.70 4 0
KNIRVENGINE/desktop-client/api/agent_service.go:286.70,289.3 2 0
KNIRVENGINE/desktop-client/api/agent_service.go:291.2,293.4 1 0
KNIRVENGINE/desktop-client/api/agent_service.go:297.82,299.27 1 0
KNIRVENGINE/desktop-client/api/agent_service.go:299.27,305.3 5 0
KNIRVENGINE/desktop-client/api/agent_service.go:308.2,313.9 4 0
KNIRVENGINE/desktop-client/api/agent_service.go:313.9,316.3 2 0
KNIRVENGINE/desktop-client/api/agent_service.go:319.2,324.16 4 0
KNIRVENGINE/desktop-client/api/agent_service.go:324.16,327.3 2 0
KNIRVENGINE/desktop-client/api/agent_service.go:330.2,330.37 1 0
KNIRVENGINE/desktop-client/api/agent_service.go:330.37,333.3 2 0
KNIRVENGINE/desktop-client/api/agent_service.go:336.2,336.71 1 0
KNIRVENGINE/desktop-client/api/agent_service.go:336.71,339.3 2 0
KNIRVENGINE/desktop-client/api/agent_service.go:341.2,343.4 1 0
KNIRVENGINE/desktop-client/api/agent_service.go:347.85,349.27 1 0
KNIRVENGINE/desktop-client/api/agent_service.go:349.27,355.3 5 0
KNIRVENGINE/desktop-client/api/agent_service.go:358.2,363.9 4 0
KNIRVENGINE/desktop-client/api/agent_service.go:363.9,366.3 2 0
KNIRVENGINE/desktop-client/api/agent_service.go:369.2,370.16 2 0
KNIRVENGINE/desktop-client/api/agent_service.go:370.16,373.3 2 0
KNIRVENGINE/desktop-client/api/agent_service.go:376.2,392.31 2 0
KNIRVENGINE/desktop-client/api/agent_service.go:392.31,396.71 3 0
KNIRVENGINE/desktop-client/api/agent_service.go:396.71,397.62 1 0
KNIRVENGINE/desktop-client/api/agent_service.go:397.62,398.30 1 0
KNIRVENGINE/desktop-client/api/agent_service.go:398.30,400.6 1 0
KNIRVENGINE/desktop-client/api/agent_service.go:404.3,414.4 1 0
KNIRVENGINE/desktop-client/api/agent_service.go:417.2,417.54 1 0
KNIRVENGINE/desktop-client/api/agent_service.go:421.83,423.27 1 0
KNIRVENGINE/desktop-client/api/agent_service.go:423.27,429.3 5 0
KNIRVENGINE/desktop-client/api/agent_service.go:432.2,437.9 4 0
KNIRVENGINE/desktop-client/api/agent_service.go:437.9,440.3 2 0
KNIRVENGINE/desktop-client/api/agent_service.go:443.2,450.65 2 0
KNIRVENGINE/desktop-client/api/agent_service.go:450.65,453.3 2 0
KNIRVENGINE/desktop-client/api/agent_service.go:456.2,457.44 2 0
KNIRVENGINE/desktop-client/api/agent_service.go:457.44,460.3 2 0
KNIRVENGINE/desktop-client/api/agent_service.go:462.2,463.46 2 0
KNIRVENGINE/desktop-client/api/agent_service.go:463.46,466.3 2 0
KNIRVENGINE/desktop-client/api/agent_service.go:470.2,474.4 1 0
KNIRVENGINE/desktop-client/api/agent_service.go:478.78,480.27 1 0
KNIRVENGINE/desktop-client/api/agent_service.go:480.27,486.3 5 0
KNIRVENGINE/desktop-client/api/agent_service.go:489.2,494.9 4 0
KNIRVENGINE/desktop-client/api/agent_service.go:494.9,497.3 2 0
KNIRVENGINE/desktop-client/api/agent_service.go:500.2,512.4 3 0
KNIRVENGINE/desktop-client/api/agent_service.go:516.88,518.27 1 0
KNIRVENGINE/desktop-client/api/agent_service.go:518.27,524.3 5 0
KNIRVENGINE/desktop-client/api/agent_service.go:527.2,532.9 4 0
KNIRVENGINE/desktop-client/api/agent_service.go:532.9,535.3 2 0
KNIRVENGINE/desktop-client/api/agent_service.go:538.2,543.75 2 0
KNIRVENGINE/desktop-client/api/agent_service.go:543.75,546.3 2 0
KNIRVENGINE/desktop-client/api/agent_service.go:549.2,550.43 2 0
KNIRVENGINE/desktop-client/api/agent_service.go:550.43,553.3 2 0
KNIRVENGINE/desktop-client/api/agent_service.go:556.2,557.70 2 0
KNIRVENGINE/desktop-client/api/agent_service.go:557.70,560.3 2 0
KNIRVENGINE/desktop-client/api/agent_service.go:562.2,564.16 3 0
KNIRVENGINE/desktop-client/api/agent_service.go:564.16,567.3 2 0
KNIRVENGINE/desktop-client/api/agent_service.go:569.2,570.69 2 0
KNIRVENGINE/desktop-client/api/agent_service.go:570.69,573.3 2 0
KNIRVENGINE/desktop-client/api/agent_service.go:575.2,579.4 1 0
KNIRVENGINE/desktop-client/api/agent_terminal_handler.go:20.86,25.2 1 1
KNIRVENGINE/desktop-client/api/agent_terminal_handler.go:28.80,30.2 1 0
KNIRVENGINE/desktop-client/api/agent_terminal_handler.go:33.82,36.2 2 0
KNIRVENGINE/desktop-client/api/agent_terminal_handler.go:77.67,84.2 5 1
KNIRVENGINE/desktop-client/api/agent_terminal_handler.go:87.55,88.24 1 0
KNIRVENGINE/desktop-client/api/agent_terminal_handler.go:88.24,89.35 1 0
KNIRVENGINE/desktop-client/api/agent_terminal_handler.go:89.35,91.4 1 0
KNIRVENGINE/desktop-client/api/agent_terminal_handler.go:93.2,93.14 1 0
KNIRVENGINE/desktop-client/api/agent_terminal_handler.go:97.93,99.61 2 0
KNIRVENGINE/desktop-client/api/agent_terminal_handler.go:99.61,102.3 2 0
KNIRVENGINE/desktop-client/api/agent_terminal_handler.go:105.2,105.25 1 0
KNIRVENGINE/desktop-client/api/agent_terminal_handler.go:105.25,108.3 2 0
KNIRVENGINE/desktop-client/api/agent_terminal_handler.go:111.2,112.23 2 0
KNIRVENGINE/desktop-client/api/agent_terminal_handler.go:112.23,114.9 2 0
KNIRVENGINE/desktop-client/api/agent_terminal_handler.go:114.9,119.4 3 0
KNIRVENGINE/desktop-client/api/agent_terminal_handler.go:123.2,123.41 1 0
KNIRVENGINE/desktop-client/api/agent_terminal_handler.go:123.41,125.3 1 0
KNIRVENGINE/desktop-client/api/agent_terminal_handler.go:128.2,129.16 2 0
KNIRVENGINE/desktop-client/api/agent_terminal_handler.go:129.16,132.3 2 0
KNIRVENGINE/desktop-client/api/agent_terminal_handler.go:135.2,135.40 1 0
KNIRVENGINE/desktop-client/api/agent_terminal_handler.go:135.40,138.3 2 0
KNIRVENGINE/desktop-client/api/agent_terminal_handler.go:141.2,141.34 1 0
KNIRVENGINE/desktop-client/api/agent_terminal_handler.go:141.35,143.3 0 0
KNIRVENGINE/desktop-client/api/agent_terminal_handler.go:146.2,152.37 3 0
KNIRVENGINE/desktop-client/api/agent_terminal_handler.go:156.93,158.61 2 0
KNIRVENGINE/desktop-client/api/agent_terminal_handler.go:158.61,161.3 2 0
KNIRVENGINE/desktop-client/api/agent_terminal_handler.go:164.2,164.49 1 0
KNIRVENGINE/desktop-client/api/agent_terminal_handler.go:164.49,167.3 2 0
KNIRVENGINE/desktop-client/api/agent_terminal_handler.go:170.2,171.16 2 0
KNIRVENGINE/desktop-client/api/agent_terminal_handler.go:171.16,174.3 2 0
KNIRVENGINE/desktop-client/api/agent_terminal_handler.go:178.2,181.61 3 0
KNIRVENGINE/desktop-client/api/agent_terminal_handler.go:185.92,187.61 2 0
KNIRVENGINE/desktop-client/api/agent_terminal_handler.go:187.61,190.3 2 0
KNIRVENGINE/desktop-client/api/agent_terminal_handler.go:193.2,193.49 1 0
KNIRVENGINE/desktop-client/api/agent_terminal_handler.go:193.49,196.3 2 0
KNIRVENGINE/desktop-client/api/agent_terminal_handler.go:199.2,199.71 1 0
KNIRVENGINE/desktop-client/api/agent_terminal_handler.go:199.71,202.3 2 0
KNIRVENGINE/desktop-client/api/agent_terminal_handler.go:204.2,205.61 2 0
KNIRVENGINE/desktop-client/api/agent_terminal_handler.go:209.86,214.41 3 0
KNIRVENGINE/desktop-client/api/agent_terminal_handler.go:214.41,217.3 2 0
KNIRVENGINE/desktop-client/api/agent_terminal_handler.go:220.2,221.16 2 0
KNIRVENGINE/desktop-client/api/agent_terminal_handler.go:221.16,224.3 2 0
KNIRVENGINE/desktop-client/api/agent_terminal_handler.go:227.2,231.32 3 0
KNIRVENGINE/desktop-client/api/agent_terminal_handler.go:231.32,238.3 1 0
KNIRVENGINE/desktop-client/api/agent_terminal_handler.go:240.2,244.4 2 0
KNIRVENGINE/desktop-client/api/agent_terminal_handler.go:248.88,253.41 3 0
KNIRVENGINE/desktop-client/api/agent_terminal_handler.go:253.41,256.3 2 0
KNIRVENGINE/desktop-client/api/agent_terminal_handler.go:259.2,260.16 2 0
KNIRVENGINE/desktop-client/api/agent_terminal_handler.go:260.16,263.3 2 0
KNIRVENGINE/desktop-client/api/agent_terminal_handler.go:266.2,266.61 1 0
KNIRVENGINE/desktop-client/api/analytics_service.go:86.88,92.2 1 0
KNIRVENGINE/desktop-client/api/analytics_service.go:95.110,98.40 2 0
KNIRVENGINE/desktop-client/api/analytics_service.go:98.40,99.54 1 0
KNIRVENGINE/desktop-client/api/analytics_service.go:99.54,102.4 2 0
KNIRVENGINE/desktop-client/api/analytics_service.go:104.2,113.16 4 0
KNIRVENGINE/desktop-client/api/analytics_service.go:113.16,115.3 1 0
KNIRVENGINE/desktop-client/api/analytics_service.go:118.2,128.37 5 0
KNIRVENGINE/desktop-client/api/analytics_service.go:128.37,130.73 1 0
KNIRVENGINE/desktop-client/api/analytics_service.go:130.73,132.4 1 0
KNIRVENGINE/desktop-client/api/analytics_service.go:135.3,139.26 3 0
KNIRVENGINE/desktop-client/api/analytics_service.go:140.32,144.31 2 0
KNIRVENGINE/desktop-client/api/analytics_service.go:144.31,147.5 2 0
KNIRVENGINE/desktop-client/api/analytics_service.go:148.29,149.29 1 0
KNIRVENGINE/desktop-client/api/analytics_service.go:154.2,154.32 1 0
KNIRVENGINE/desktop-client/api/analytics_service.go:154.32,156.3 1 0
KNIRVENGINE/desktop-client/api/analytics_service.go:159.2,159.36 1 0
KNIRVENGINE/desktop-client/api/analytics_service.go:159.36,161.3 1 0
KNIRVENGINE/desktop-client/api/analytics_service.go:164.2,170.37 4 0
KNIRVENGINE/desktop-client/api/analytics_service.go:170.37,172.3 1 0
KNIRVENGINE/desktop-client/api/analytics_service.go:175.2,175.42 1 0
KNIRVENGINE/desktop-client/api/analytics_service.go:175.42,181.3 1 0
KNIRVENGINE/desktop-client/api/analytics_service.go:184.2,184.52 1 0
KNIRVENGINE/desktop-client/api/analytics_service.go:184.52,185.57 1 0
KNIRVENGINE/desktop-client/api/analytics_service.go:185.57,186.75 1 0
KNIRVENGINE/desktop-client/api/analytics_service.go:186.75,188.5 1 0
KNIRVENGINE/desktop-client/api/analytics_service.go:193.2,193.38 1 0
KNIRVENGINE/desktop-client/api/analytics_service.go:193.38,195.3 1 0
KNIRVENGINE/desktop-client/api/analytics_service.go:198.2,202.21 4 0
KNIRVENGINE/desktop-client/api/analytics_service.go:206.65,216.2 7 0
KNIRVENGINE/desktop-client/api/analytics_service.go:219.94,224.16 3 0
KNIRVENGINE/desktop-client/api/analytics_service.go:224.16,227.3 2 0
KNIRVENGINE/desktop-client/api/analytics_service.go:229.2,232.4 2 0
KNIRVENGINE/desktop-client/api/analytics_service.go:236.93,243.20 4 0
KNIRVENGINE/desktop-client/api/analytics_service.go:243.20,244.80 1 0
KNIRVENGINE/desktop-client/api/analytics_service.go:244.80,246.4 1 0
KNIRVENGINE/desktop-client/api/analytics_service.go:250.2,251.16 2 0
KNIRVENGINE/desktop-client/api/analytics_service.go:251.16,254.3 2 0
KNIRVENGINE/desktop-client/api/analytics_service.go:257.2,258.34 2 0
KNIRVENGINE/desktop-client/api/analytics_service.go:258.34,260.3 1 0
KNIRVENGINE/desktop-client/api/analytics_service.go:262.2,265.4 2 0
KNIRVENGINE/desktop-client/api/analytics_service.go:269.91,273.19 3 0
KNIRVENGINE/desktop-client/api/analytics_service.go:273.19,276.3 2 0
KNIRVENGINE/desktop-client/api/analytics_service.go:279.2,301.4 3 0
KNIRVENGINE/desktop-client/api/analytics_service.go:305.94,309.19 3 0
KNIRVENGINE/desktop-client/api/analytics_service.go:309.19,312.3 2 0
KNIRVENGINE/desktop-client/api/analytics_service.go:315.2,336.4 3 0
KNIRVENGINE/desktop-client/api/analytics_service.go:340.92,342.16 2 0
KNIRVENGINE/desktop-client/api/analytics_service.go:342.16,345.3 2 0
KNIRVENGINE/desktop-client/api/analytics_service.go:347.2,351.4 2 0
KNIRVENGINE/desktop-client/api/analytics_service.go:355.92,359.20 3 0
KNIRVENGINE/desktop-client/api/analytics_service.go:359.20,360.72 1 0
KNIRVENGINE/desktop-client/api/analytics_service.go:360.72,362.4 1 0
KNIRVENGINE/desktop-client/api/analytics_service.go:365.2,366.16 2 0
KNIRVENGINE/desktop-client/api/analytics_service.go:366.16,369.3 2 0
KNIRVENGINE/desktop-client/api/analytics_service.go:371.2,376.4 2 0
KNIRVENGINE/desktop-client/api/analytics_service.go:380.90,382.16 2 0
KNIRVENGINE/desktop-client/api/analytics_service.go:382.16,385.3 2 0
KNIRVENGINE/desktop-client/api/analytics_service.go:387.2,391.4 2 0
KNIRVENGINE/desktop-client/api/analytics_service.go:395.98,433.2 12 0
KNIRVENGINE/desktop-client/api/analytics_service.go:436.104,449.39 8 0
KNIRVENGINE/desktop-client/api/analytics_service.go:449.39,464.37 3 0
KNIRVENGINE/desktop-client/api/analytics_service.go:464.37,466.4 1 0
KNIRVENGINE/desktop-client/api/analytics_service.go:466.9,466.41 1 0
KNIRVENGINE/desktop-client/api/analytics_service.go:466.41,468.4 1 0
KNIRVENGINE/desktop-client/api/analytics_service.go:470.3,470.44 1 0
KNIRVENGINE/desktop-client/api/analytics_service.go:473.2,473.24 1 0
KNIRVENGINE/desktop-client/api/analytics_service.go:477.97,524.2 2 0
KNIRVENGINE/desktop-client/api/analytics_service.go:527.40,530.28 2 0
KNIRVENGINE/desktop-client/api/analytics_service.go:530.28,532.3 1 0
KNIRVENGINE/desktop-client/api/analytics_service.go:532.8,532.33 1 0
KNIRVENGINE/desktop-client/api/analytics_service.go:532.33,534.19 2 0
KNIRVENGINE/desktop-client/api/analytics_service.go:534.19,536.4 1 0
KNIRVENGINE/desktop-client/api/analytics_service.go:537.3,537.48 1 0
KNIRVENGINE/desktop-client/api/analytics_service.go:538.8,538.36 1 0
KNIRVENGINE/desktop-client/api/analytics_service.go:538.36,540.17 2 0
KNIRVENGINE/desktop-client/api/analytics_service.go:540.17,542.4 1 0
KNIRVENGINE/desktop-client/api/analytics_service.go:543.3,543.44 1 0
KNIRVENGINE/desktop-client/api/analytics_service.go:544.8,546.16 2 0
KNIRVENGINE/desktop-client/api/analytics_service.go:546.16,548.4 1 0
KNIRVENGINE/desktop-client/api/analytics_service.go:549.3,549.42 1 0
KNIRVENGINE/desktop-client/api/application_connection.go:20.85,24.2 1 0
KNIRVENGINE/desktop-client/api/application_connection.go:27.68,32.17 4 0
KNIRVENGINE/desktop-client/api/application_connection.go:32.17,34.3 1 0
KNIRVENGINE/desktop-client/api/application_connection.go:37.2,38.19 2 0
KNIRVENGINE/desktop-client/api/application_connection.go:38.19,39.51 1 0
KNIRVENGINE/desktop-client/api/application_connection.go:39.51,41.4 1 0
KNIRVENGINE/desktop-client/api/application_connection.go:44.2,46.12 3 0
KNIRVENGINE/desktop-client/api/application_connection.go:50.71,56.2 5 0
KNIRVENGINE/desktop-client/api/application_connection.go:59.52,63.2 3 0
KNIRVENGINE/desktop-client/api/application_connection.go:66.60,74.2 1 0
KNIRVENGINE/desktop-client/api/application_connection.go:77.132,78.22 1 0
KNIRVENGINE/desktop-client/api/application_connection.go:78.22,80.3 1 0
KNIRVENGINE/desktop-client/api/application_connection.go:82.2,82.19 1 0
KNIRVENGINE/desktop-client/api/application_connection.go:83.20,84.34 1 0
KNIRVENGINE/desktop-client/api/application_connection.go:85.22,86.36 1 0
KNIRVENGINE/desktop-client/api/application_connection.go:87.22,88.35 1 0
KNIRVENGINE/desktop-client/api/application_connection.go:89.10,90.65 1 0
KNIRVENGINE/desktop-client/api/application_connection.go:95.68,104.2 3 0
KNIRVENGINE/desktop-client/api/application_connection.go:107.60,109.2 1 0
KNIRVENGINE/desktop-client/api/application_connection.go:113.116,115.19 2 0
KNIRVENGINE/desktop-client/api/application_connection.go:115.19,117.3 1 0
KNIRVENGINE/desktop-client/api/application_connection.go:119.2,120.36 2 0
KNIRVENGINE/desktop-client/api/application_connection.go:120.36,122.3 1 0
KNIRVENGINE/desktop-client/api/application_connection.go:124.2,128.8 1 0
KNIRVENGINE/desktop-client/api/application_connection.go:131.118,133.19 2 0
KNIRVENGINE/desktop-client/api/application_connection.go:133.19,135.3 1 0
KNIRVENGINE/desktop-client/api/application_connection.go:137.2,139.16 3 0
KNIRVENGINE/desktop-client/api/application_connection.go:139.16,141.3 1 0
KNIRVENGINE/desktop-client/api/application_connection.go:143.2,147.8 1 0
KNIRVENGINE/desktop-client/api/application_connection.go:150.117,153.19 3 0
KNIRVENGINE/desktop-client/api/application_connection.go:153.19,155.3 1 0
KNIRVENGINE/desktop-client/api/application_connection.go:157.2,158.16 2 0
KNIRVENGINE/desktop-client/api/application_connection.go:158.16,160.3 1 0
KNIRVENGINE/desktop-client/api/application_connection.go:162.2,166.8 1 0
KNIRVENGINE/desktop-client/api/auth_service.go:43.16,44.24 1 0
KNIRVENGINE/desktop-client/api/auth_service.go:44.24,46.3 1 0
KNIRVENGINE/desktop-client/api/auth_service.go:48.2,54.3 1 0
KNIRVENGINE/desktop-client/api/auth_service.go:58.60,70.2 8 0
KNIRVENGINE/desktop-client/api/auth_service.go:73.75,75.27 1 0
KNIRVENGINE/desktop-client/api/auth_service.go:75.27,81.3 5 0
KNIRVENGINE/desktop-client/api/auth_service.go:84.2,93.47 4 0
KNIRVENGINE/desktop-client/api/auth_service.go:93.47,96.3 2 0
KNIRVENGINE/desktop-client/api/auth_service.go:99.2,99.46 1 0
KNIRVENGINE/desktop-client/api/auth_service.go:99.46,102.3 2 0
KNIRVENGINE/desktop-client/api/auth_service.go:105.2,106.16 2 0
KNIRVENGINE/desktop-client/api/auth_service.go:106.16,109.3 2 0
KNIRVENGINE/desktop-client/api/auth_service.go:111.2,111.12 1 0
KNIRVENGINE/desktop-client/api/auth_service.go:111.12,114.3 2 0
KNIRVENGINE/desktop-client/api/auth_service.go:117.2,118.16 2 0
KNIRVENGINE/desktop-client/api/auth_service.go:118.16,121.3 2 0
KNIRVENGINE/desktop-client/api/auth_service.go:124.2,125.16 2 0
KNIRVENGINE/desktop-client/api/auth_service.go:125.16,128.3 2 0
KNIRVENGINE/desktop-client/api/auth_service.go:131.2,139.4 1 0
KNIRVENGINE/desktop-client/api/auth_service.go:143.82,145.27 1 0
KNIRVENGINE/desktop-client/api/auth_service.go:145.27,151.3 5 0
KNIRVENGINE/desktop-client/api/auth_service.go:154.2,162.22 5 0
KNIRVENGINE/desktop-client/api/auth_service.go:162.22,164.56 2 0
KNIRVENGINE/desktop-client/api/auth_service.go:164.56,165.72 1 0
KNIRVENGINE/desktop-client/api/auth_service.go:165.72,167.5 1 0
KNIRVENGINE/desktop-client/api/auth_service.go:172.2,177.4 2 0
KNIRVENGINE/desktop-client/api/auth_service.go:181.78,183.27 1 0
KNIRVENGINE/desktop-client/api/auth_service.go:183.27,189.3 5 0
KNIRVENGINE/desktop-client/api/auth_service.go:192.2,202.47 4 0
KNIRVENGINE/desktop-client/api/auth_service.go:202.47,205.3 2 0
KNIRVENGINE/desktop-client/api/auth_service.go:208.2,208.65 1 0
KNIRVENGINE/desktop-client/api/auth_service.go:208.65,211.3 2 0
KNIRVENGINE/desktop-client/api/auth_service.go:214.2,220.66 2 0
KNIRVENGINE/desktop-client/api/auth_service.go:220.66,221.64 1 0
KNIRVENGINE/desktop-client/api/auth_service.go:221.64,224.4 2 0
KNIRVENGINE/desktop-client/api/auth_service.go:225.3,226.9 2 0
KNIRVENGINE/desktop-client/api/auth_service.go:230.2,231.16 2 0
KNIRVENGINE/desktop-client/api/auth_service.go:231.16,234.3 2 0
KNIRVENGINE/desktop-client/api/auth_service.go:237.2,245.4 1 0
KNIRVENGINE/desktop-client/api/auth_service.go:249.82,251.27 1 0
KNIRVENGINE/desktop-client/api/auth_service.go:251.27,257.3 5 0
KNIRVENGINE/desktop-client/api/auth_service.go:260.2,265.22 4 0
KNIRVENGINE/desktop-client/api/auth_service.go:265.22,268.3 2 0
KNIRVENGINE/desktop-client/api/auth_service.go:271.2,272.55 2 0
KNIRVENGINE/desktop-client/api/auth_service.go:272.55,275.3 2 0
KNIRVENGINE/desktop-client/api/auth_service.go:277.2,281.16 3 0
KNIRVENGINE/desktop-client/api/auth_service.go:281.16,284.3 2 0
KNIRVENGINE/desktop-client/api/auth_service.go:287.2,288.16 2 0
KNIRVENGINE/desktop-client/api/auth_service.go:288.16,291.3 2 0
KNIRVENGINE/desktop-client/api/auth_service.go:294.2,295.16 2 0
KNIRVENGINE/desktop-client/api/auth_service.go:295.16,298.3 2 0
KNIRVENGINE/desktop-client/api/auth_service.go:301.2,309.4 1 0
KNIRVENGINE/desktop-client/api/auth_service.go:313.76,315.27 1 0
KNIRVENGINE/desktop-client/api/auth_service.go:315.27,321.3 5 0
KNIRVENGINE/desktop-client/api/auth_service.go:324.2,332.4 3 0
KNIRVENGINE/desktop-client/api/auth_service.go:336.80,338.27 1 0
KNIRVENGINE/desktop-client/api/auth_service.go:338.27,344.3 5 0
KNIRVENGINE/desktop-client/api/auth_service.go:347.2,352.9 4 0
KNIRVENGINE/desktop-client/api/auth_service.go:352.9,355.3 2 0
KNIRVENGINE/desktop-client/api/auth_service.go:358.2,359.16 2 0
KNIRVENGINE/desktop-client/api/auth_service.go:359.16,362.3 2 0
KNIRVENGINE/desktop-client/api/auth_service.go:365.2,365.31 1 0
KNIRVENGINE/desktop-client/api/auth_service.go:365.31,366.27 1 0
KNIRVENGINE/desktop-client/api/auth_service.go:366.27,368.4 1 0
KNIRVENGINE/desktop-client/api/auth_service.go:371.2,373.4 1 0
KNIRVENGINE/desktop-client/api/auth_service.go:377.81,379.27 1 0
KNIRVENGINE/desktop-client/api/auth_service.go:379.27,385.3 5 0
KNIRVENGINE/desktop-client/api/auth_service.go:388.2,393.9 4 0
KNIRVENGINE/desktop-client/api/auth_service.go:393.9,396.3 2 0
KNIRVENGINE/desktop-client/api/auth_service.go:399.2,404.47 2 0
KNIRVENGINE/desktop-client/api/auth_service.go:404.47,407.3 2 0
KNIRVENGINE/desktop-client/api/auth_service.go:410.2,411.49 2 0
KNIRVENGINE/desktop-client/api/auth_service.go:411.49,414.3 2 0
KNIRVENGINE/desktop-client/api/auth_service.go:416.2,426.68 3 0
KNIRVENGINE/desktop-client/api/auth_service.go:426.68,429.3 2 0
KNIRVENGINE/desktop-client/api/auth_service.go:432.2,434.4 1 0
KNIRVENGINE/desktop-client/api/auth_service.go:438.81,440.27 1 0
KNIRVENGINE/desktop-client/api/auth_service.go:440.27,446.3 5 0
KNIRVENGINE/desktop-client/api/auth_service.go:449.2,454.9 4 0
KNIRVENGINE/desktop-client/api/auth_service.go:454.9,457.3 2 0
KNIRVENGINE/desktop-client/api/auth_service.go:460.2,462.16 3 0
KNIRVENGINE/desktop-client/api/auth_service.go:462.16,465.3 2 0
KNIRVENGINE/desktop-client/api/auth_service.go:468.2,469.16 2 0
KNIRVENGINE/desktop-client/api/auth_service.go:469.16,472.3 2 0
KNIRVENGINE/desktop-client/api/auth_service.go:475.2,475.28 1 0
KNIRVENGINE/desktop-client/api/auth_service.go:475.28,478.3 2 0
KNIRVENGINE/desktop-client/api/auth_service.go:481.2,481.70 1 0
KNIRVENGINE/desktop-client/api/auth_service.go:481.70,484.3 2 0
KNIRVENGINE/desktop-client/api/auth_service.go:486.2,488.4 1 0
KNIRVENGINE/desktop-client/api/auth_service.go:492.72,503.2 2 0
KNIRVENGINE/desktop-client/api/auth_service.go:506.70,508.83 1 0
KNIRVENGINE/desktop-client/api/auth_service.go:508.83,510.58 1 0
KNIRVENGINE/desktop-client/api/auth_service.go:510.58,512.4 1 0
KNIRVENGINE/desktop-client/api/auth_service.go:514.3,514.26 1 0
KNIRVENGINE/desktop-client/api/auth_service.go:517.2,517.16 1 0
KNIRVENGINE/desktop-client/api/auth_service.go:517.16,519.3 1 0
KNIRVENGINE/desktop-client/api/auth_service.go:522.2,522.67 1 0
KNIRVENGINE/desktop-client/api/auth_service.go:522.67,524.45 1 0
KNIRVENGINE/desktop-client/api/auth_service.go:524.45,525.38 1 0
KNIRVENGINE/desktop-client/api/auth_service.go:525.38,527.5 1 0
KNIRVENGINE/desktop-client/api/auth_service.go:528.9,530.4 1 0
KNIRVENGINE/desktop-client/api/auth_service.go:533.3,533.45 1 0
KNIRVENGINE/desktop-client/api/auth_service.go:533.45,535.4 1 0
KNIRVENGINE/desktop-client/api/auth_service.go:537.3,537.44 1 0
KNIRVENGINE/desktop-client/api/auth_service.go:540.2,540.39 1 0
KNIRVENGINE/desktop-client/api/auth_service.go:544.70,545.71 1 0
KNIRVENGINE/desktop-client/api/auth_service.go:545.71,547.28 1 0
KNIRVENGINE/desktop-client/api/auth_service.go:547.28,553.4 5 0
KNIRVENGINE/desktop-client/api/auth_service.go:556.3,560.23 3 0
KNIRVENGINE/desktop-client/api/auth_service.go:560.23,563.4 2 0
KNIRVENGINE/desktop-client/api/auth_service.go:566.3,567.56 2 0
KNIRVENGINE/desktop-client/api/auth_service.go:567.56,570.4 2 0
KNIRVENGINE/desktop-client/api/auth_service.go:573.3,574.17 2 0
KNIRVENGINE/desktop-client/api/auth_service.go:574.17,577.4 2 0
KNIRVENGINE/desktop-client/api/auth_service.go:580.3,583.40 2 0
KNIRVENGINE/desktop-client/api/auth_service.go:588.92,589.46 1 0
KNIRVENGINE/desktop-client/api/auth_service.go:589.46,590.72 1 0
KNIRVENGINE/desktop-client/api/auth_service.go:590.72,593.11 2 0
KNIRVENGINE/desktop-client/api/auth_service.go:593.11,596.5 2 0
KNIRVENGINE/desktop-client/api/auth_service.go:599.4,600.18 2 0
KNIRVENGINE/desktop-client/api/auth_service.go:600.18,603.5 2 0
KNIRVENGINE/desktop-client/api/auth_service.go:605.4,605.22 1 0
KNIRVENGINE/desktop-client/api/auth_service.go:605.22,608.5 2 0
KNIRVENGINE/desktop-client/api/auth_service.go:611.4,611.24 1 0
KNIRVENGINE/desktop-client/api/auth_service.go:619.58,622.2 2 0
KNIRVENGINE/desktop-client/api/browser_connection.go:28.81,33.2 1 0
KNIRVENGINE/desktop-client/api/browser_connection.go:36.64,41.17 4 0
KNIRVENGINE/desktop-client/api/browser_connection.go:41.17,43.3 1 0
KNIRVENGINE/desktop-client/api/browser_connection.go:46.2,47.59 2 0
KNIRVENGINE/desktop-client/api/browser_connection.go:47.59,49.3 1 0
KNIRVENGINE/desktop-client/api/browser_connection.go:52.2,53.53 2 0
KNIRVENGINE/desktop-client/api/browser_connection.go:53.53,55.3 1 0
KNIRVENGINE/desktop-client/api/browser_connection.go:58.2,61.38 2 0
KNIRVENGINE/desktop-client/api/browser_connection.go:62.28,63.50 1 0
KNIRVENGINE/desktop-client/api/browser_connection.go:64.17,65.59 1 0
KNIRVENGINE/desktop-client/api/browser_connection.go:66.14,67.48 1 0
KNIRVENGINE/desktop-client/api/browser_connection.go:68.10,69.65 1 0
KNIRVENGINE/desktop-client/api/browser_connection.go:73.2,73.14 1 0
KNIRVENGINE/desktop-client/api/browser_connection.go:73.14,75.3 1 0
KNIRVENGINE/desktop-client/api/browser_connection.go:75.8,77.3 1 0
KNIRVENGINE/desktop-client/api/browser_connection.go:80.2,88.16 3 0
KNIRVENGINE/desktop-client/api/browser_connection.go:88.16,90.3 1 0
KNIRVENGINE/desktop-client/api/browser_connection.go:93.2,94.44 2 0
KNIRVENGINE/desktop-client/api/browser_connection.go:94.44,96.3 1 0
KNIRVENGINE/desktop-client/api/browser_connection.go:98.2,101.12 3 0
KNIRVENGINE/desktop-client/api/browser_connection.go:105.67,110.18 4 0
KNIRVENGINE/desktop-client/api/browser_connection.go:110.18,112.3 1 0
KNIRVENGINE/desktop-client/api/browser_connection.go:115.2,115.31 1 0
KNIRVENGINE/desktop-client/api/browser_connection.go:115.31,117.3 1 0
KNIRVENGINE/desktop-client/api/browser_connection.go:118.2,121.22 2 0
KNIRVENGINE/desktop-client/api/browser_connection.go:121.22,123.3 1 0
KNIRVENGINE/desktop-client/api/browser_connection.go:126.2,126.23 1 0
KNIRVENGINE/desktop-client/api/browser_connection.go:126.23,128.3 1 0
KNIRVENGINE/desktop-client/api/browser_connection.go:130.2,131.12 2 0
KNIRVENGINE/desktop-client/api/browser_connection.go:135.48,139.2 3 0
KNIRVENGINE/desktop-client/api/browser_connection.go:142.56,161.2 1 0
KNIRVENGINE/desktop-client/api/browser_connection.go:164.128,165.22 1 0
KNIRVENGINE/desktop-client/api/browser_connection.go:165.22,167.3 1 0
KNIRVENGINE/desktop-client/api/browser_connection.go:169.2,169.19 1 0
KNIRVENGINE/desktop-client/api/browser_connection.go:170.18,171.33 1 0
KNIRVENGINE/desktop-client/api/browser_connection.go:172.15,173.30 1 0
KNIRVENGINE/desktop-client/api/browser_connection.go:174.14,175.33 1 0
KNIRVENGINE/desktop-client/api/browser_connection.go:176.20,177.35 1 0
KNIRVENGINE/desktop-client/api/browser_connection.go:178.18,179.32 1 0
KNIRVENGINE/desktop-client/api/browser_connection.go:180.18,181.32 1 0
KNIRVENGINE/desktop-client/api/browser_connection.go:182.24,183.38 1 0
KNIRVENGINE/desktop-client/api/browser_connection.go:184.26,185.39 1 0
KNIRVENGINE/desktop-client/api/browser_connection.go:186.21,187.35 1 0
KNIRVENGINE/desktop-client/api/browser_connection.go:188.21,189.35 1 0
KNIRVENGINE/desktop-client/api/browser_connection.go:190.25,191.38 1 0
KNIRVENGINE/desktop-client/api/browser_connection.go:192.16,193.31 1 0
KNIRVENGINE/desktop-client/api/browser_connection.go:194.15,195.30 1 0
KNIRVENGINE/desktop-client/api/browser_connection.go:196.18,197.32 1 0
KNIRVENGINE/desktop-client/api/browser_connection.go:198.20,199.34 1 0
KNIRVENGINE/desktop-client/api/browser_connection.go:200.20,201.34 1 0
KNIRVENGINE/desktop-client/api/browser_connection.go:202.10,203.65 1 0
KNIRVENGINE/desktop-client/api/browser_connection.go:208.64,219.37 4 0
KNIRVENGINE/desktop-client/api/browser_connection.go:219.37,221.54 1 0
KNIRVENGINE/desktop-client/api/browser_connection.go:221.54,224.4 2 0
KNIRVENGINE/desktop-client/api/browser_connection.go:227.3,228.32 2 0
KNIRVENGINE/desktop-client/api/browser_connection.go:228.32,229.44 1 0
KNIRVENGINE/desktop-client/api/browser_connection.go:229.44,231.5 1 0
KNIRVENGINE/desktop-client/api/browser_connection.go:233.3,233.36 1 0
KNIRVENGINE/desktop-client/api/browser_connection.go:236.2,236.15 1 0
KNIRVENGINE/desktop-client/api/browser_connection.go:240.56,242.2 1 0
KNIRVENGINE/desktop-client/api/browser_connection.go:247.32,261.29 2 0
KNIRVENGINE/desktop-client/api/browser_connection.go:261.29,262.48 1 0
KNIRVENGINE/desktop-client/api/browser_connection.go:262.48,264.4 1 0
KNIRVENGINE/desktop-client/api/browser_connection.go:268.2,268.61 1 0
KNIRVENGINE/desktop-client/api/browser_connection.go:268.61,270.3 1 0
KNIRVENGINE/desktop-client/api/browser_connection.go:271.2,271.56 1 0
KNIRVENGINE/desktop-client/api/browser_connection.go:271.56,273.3 1 0
KNIRVENGINE/desktop-client/api/browser_connection.go:274.2,274.64 1 0
KNIRVENGINE/desktop-client/api/browser_connection.go:274.64,276.3 1 0
KNIRVENGINE/desktop-client/api/browser_connection.go:278.2,278.24 1 0
KNIRVENGINE/desktop-client/api/browser_connection.go:282.30,291.29 2 0
KNIRVENGINE/desktop-client/api/browser_connection.go:291.29,292.48 1 0
KNIRVENGINE/desktop-client/api/browser_connection.go:292.48,294.4 1 0
KNIRVENGINE/desktop-client/api/browser_connection.go:297.2,297.62 1 0
KNIRVENGINE/desktop-client/api/browser_connection.go:297.62,299.3 1 0
KNIRVENGINE/desktop-client/api/browser_connection.go:301.2,301.25 1 0
KNIRVENGINE/desktop-client/api/browser_connection.go:305.79,309.37 3 0
KNIRVENGINE/desktop-client/api/browser_connection.go:309.37,311.3 1 0
KNIRVENGINE/desktop-client/api/browser_connection.go:314.2,315.16 2 0
KNIRVENGINE/desktop-client/api/browser_connection.go:315.16,317.3 1 0
KNIRVENGINE/desktop-client/api/browser_connection.go:319.2,320.18 2 0
KNIRVENGINE/desktop-client/api/browser_connection.go:326.111,329.15 3 0
KNIRVENGINE/desktop-client/api/browser_connection.go:329.15,331.3 1 0
KNIRVENGINE/desktop-client/api/browser_connection.go:333.2,335.16 3 0
KNIRVENGINE/desktop-client/api/browser_connection.go:335.16,337.3 1 0
KNIRVENGINE/desktop-client/api/browser_connection.go:339.2,339.43 1 0
KNIRVENGINE/desktop-client/api/browser_connection.go:339.43,341.3 1 0
KNIRVENGINE/desktop-client/api/browser_connection.go:343.2,343.40 1 0
KNIRVENGINE/desktop-client/api/browser_connection.go:343.40,345.3 1 0
KNIRVENGINE/desktop-client/api/browser_connection.go:347.2,351.8 1 0
KNIRVENGINE/desktop-client/api/browser_connection.go:355.108,358.20 3 0
KNIRVENGINE/desktop-client/api/browser_connection.go:358.20,360.3 1 0
KNIRVENGINE/desktop-client/api/browser_connection.go:362.2,364.16 3 0
KNIRVENGINE/desktop-client/api/browser_connection.go:364.16,366.3 1 0
KNIRVENGINE/desktop-client/api/browser_connection.go:368.2,369.16 2 0
KNIRVENGINE/desktop-client/api/browser_connection.go:369.16,371.3 1 0
KNIRVENGINE/desktop-client/api/browser_connection.go:373.2,373.69 1 0
KNIRVENGINE/desktop-client/api/browser_connection.go:373.69,375.3 1 0
KNIRVENGINE/desktop-client/api/browser_connection.go:377.2,379.8 1 0
KNIRVENGINE/desktop-client/api/browser_connection.go:383.111,387.20 4 0
KNIRVENGINE/desktop-client/api/browser_connection.go:387.20,389.3 1 0
KNIRVENGINE/desktop-client/api/browser_connection.go:391.2,393.16 3 0
KNIRVENGINE/desktop-client/api/browser_connection.go:393.16,395.3 1 0
KNIRVENGINE/desktop-client/api/browser_connection.go:397.2,398.16 2 0
KNIRVENGINE/desktop-client/api/browser_connection.go:398.16,400.3 1 0
KNIRVENGINE/desktop-client/api/browser_connection.go:403.2,403.42 1 0
KNIRVENGINE/desktop-client/api/browser_connection.go:403.42,404.49 1 0
KNIRVENGINE/desktop-client/api/browser_connection.go:404.49,406.4 1 0
KNIRVENGINE/desktop-client/api/browser_connection.go:409.2,409.44 1 0
KNIRVENGINE/desktop-client/api/browser_connection.go:409.44,411.3 1 0
KNIRVENGINE/desktop-client/api/browser_connection.go:413.2,415.8 1 0
KNIRVENGINE/desktop-client/api/browser_connection.go:419.113,423.16 4 0
KNIRVENGINE/desktop-client/api/browser_connection.go:423.16,425.3 1 0
KNIRVENGINE/desktop-client/api/browser_connection.go:428.2,429.16 2 0
KNIRVENGINE/desktop-client/api/browser_connection.go:429.16,431.3 1 0
KNIRVENGINE/desktop-client/api/browser_connection.go:433.2,437.8 1 0
KNIRVENGINE/desktop-client/api/browser_connection.go:441.110,444.20 3 0
KNIRVENGINE/desktop-client/api/browser_connection.go:444.20,446.3 1 0
KNIRVENGINE/desktop-client/api/browser_connection.go:448.2,450.16 3 0
KNIRVENGINE/desktop-client/api/browser_connection.go:450.16,452.3 1 0
KNIRVENGINE/desktop-client/api/browser_connection.go:454.2,455.16 2 0
KNIRVENGINE/desktop-client/api/browser_connection.go:455.16,457.3 1 0
KNIRVENGINE/desktop-client/api/browser_connection.go:459.2,460.16 2 0
KNIRVENGINE/desktop-client/api/browser_connection.go:460.16,462.3 1 0
KNIRVENGINE/desktop-client/api/browser_connection.go:464.2,467.8 1 0
KNIRVENGINE/desktop-client/api/browser_connection.go:471.110,477.16 5 0
KNIRVENGINE/desktop-client/api/browser_connection.go:477.16,479.3 1 0
KNIRVENGINE/desktop-client/api/browser_connection.go:481.2,482.20 2 0
KNIRVENGINE/desktop-client/api/browser_connection.go:482.20,486.21 3 0
KNIRVENGINE/desktop-client/api/browser_connection.go:486.21,488.4 1 0
KNIRVENGINE/desktop-client/api/browser_connection.go:489.8,492.24 2 0
KNIRVENGINE/desktop-client/api/browser_connection.go:492.24,494.4 1 0
KNIRVENGINE/desktop-client/api/browser_connection.go:495.3,497.21 3 0
KNIRVENGINE/desktop-client/api/browser_connection.go:497.21,499.4 1 0
KNIRVENGINE/desktop-client/api/browser_connection.go:502.2,505.8 1 0
KNIRVENGINE/desktop-client/api/browser_connection.go:509.116,512.18 3 0
KNIRVENGINE/desktop-client/api/browser_connection.go:512.18,514.3 1 0
KNIRVENGINE/desktop-client/api/browser_connection.go:516.2,518.16 3 0
KNIRVENGINE/desktop-client/api/browser_connection.go:518.16,520.3 1 0
KNIRVENGINE/desktop-client/api/browser_connection.go:522.2,523.16 2 0
KNIRVENGINE/desktop-client/api/browser_connection.go:523.16,525.3 1 0
KNIRVENGINE/desktop-client/api/browser_connection.go:527.2,530.8 1 0
KNIRVENGINE/desktop-client/api/browser_connection.go:534.117,537.20 3 0
KNIRVENGINE/desktop-client/api/browser_connection.go:537.20,539.3 1 0
KNIRVENGINE/desktop-client/api/browser_connection.go:541.2,545.16 4 0
KNIRVENGINE/desktop-client/api/browser_connection.go:545.16,547.3 1 0
KNIRVENGINE/desktop-client/api/browser_connection.go:550.2,551.16 2 0
KNIRVENGINE/desktop-client/api/browser_connection.go:551.16,553.3 1 0
KNIRVENGINE/desktop-client/api/browser_connection.go:555.2,558.8 1 0
KNIRVENGINE/desktop-client/api/browser_connection.go:562.113,566.16 4 0
KNIRVENGINE/desktop-client/api/browser_connection.go:566.16,568.3 1 0
KNIRVENGINE/desktop-client/api/browser_connection.go:570.2,571.16 2 0
KNIRVENGINE/desktop-client/api/browser_connection.go:571.16,573.3 1 0
KNIRVENGINE/desktop-client/api/browser_connection.go:575.2,578.8 1 0
KNIRVENGINE/desktop-client/api/browser_connection.go:582.113,586.16 4 0
KNIRVENGINE/desktop-client/api/browser_connection.go:586.16,588.3 1 0
KNIRVENGINE/desktop-client/api/browser_connection.go:591.2,592.9 2 0
KNIRVENGINE/desktop-client/api/browser_connection.go:592.9,594.3 1 0
KNIRVENGINE/desktop-client/api/browser_connection.go:597.2,598.56 2 0
KNIRVENGINE/desktop-client/api/browser_connection.go:598.56,599.41 1 0
KNIRVENGINE/desktop-client/api/browser_connection.go:599.41,600.64 1 0
KNIRVENGINE/desktop-client/api/browser_connection.go:600.64,605.72 2 0
KNIRVENGINE/desktop-client/api/browser_connection.go:605.72,607.6 1 0
KNIRVENGINE/desktop-client/api/browser_connection.go:608.5,608.66 1 0
KNIRVENGINE/desktop-client/api/browser_connection.go:608.66,610.6 1 0
KNIRVENGINE/desktop-client/api/browser_connection.go:611.5,611.38 1 0
KNIRVENGINE/desktop-client/api/browser_connection.go:616.2,616.49 1 0
KNIRVENGINE/desktop-client/api/browser_connection.go:616.49,618.3 1 0
KNIRVENGINE/desktop-client/api/browser_connection.go:620.2,622.8 1 0
KNIRVENGINE/desktop-client/api/browser_connection.go:626.116,630.16 4 0
KNIRVENGINE/desktop-client/api/browser_connection.go:630.16,632.3 1 0
KNIRVENGINE/desktop-client/api/browser_connection.go:634.2,635.16 2 0
KNIRVENGINE/desktop-client/api/browser_connection.go:635.16,637.3 1 0
KNIRVENGINE/desktop-client/api/browser_connection.go:639.2,642.8 1 0
KNIRVENGINE/desktop-client/api/browser_connection.go:646.109,650.16 4 0
KNIRVENGINE/desktop-client/api/browser_connection.go:650.16,652.3 1 0
KNIRVENGINE/desktop-client/api/browser_connection.go:654.2,658.20 4 0
KNIRVENGINE/desktop-client/api/browser_connection.go:658.20,661.17 2 0
KNIRVENGINE/desktop-client/api/browser_connection.go:661.17,663.4 1 0
KNIRVENGINE/desktop-client/api/browser_connection.go:664.3,664.50 1 0
KNIRVENGINE/desktop-client/api/browser_connection.go:664.50,666.4 1 0
KNIRVENGINE/desktop-client/api/browser_connection.go:667.8,669.70 1 0
KNIRVENGINE/desktop-client/api/browser_connection.go:669.70,671.4 1 0
KNIRVENGINE/desktop-client/api/browser_connection.go:674.2,676.8 1 0
KNIRVENGINE/desktop-client/api/browser_connection.go:680.108,683.20 3 0
KNIRVENGINE/desktop-client/api/browser_connection.go:683.20,685.3 1 0
KNIRVENGINE/desktop-client/api/browser_connection.go:687.2,689.16 3 0
KNIRVENGINE/desktop-client/api/browser_connection.go:689.16,691.3 1 0
KNIRVENGINE/desktop-client/api/browser_connection.go:693.2,694.16 2 0
KNIRVENGINE/desktop-client/api/browser_connection.go:694.16,696.3 1 0
KNIRVENGINE/desktop-client/api/browser_connection.go:698.2,698.40 1 0
KNIRVENGINE/desktop-client/api/browser_connection.go:698.40,700.3 1 0
KNIRVENGINE/desktop-client/api/browser_connection.go:702.2,704.8 1 0
KNIRVENGINE/desktop-client/api/browser_connection.go:708.110,713.16 4 0
KNIRVENGINE/desktop-client/api/browser_connection.go:713.16,715.3 1 0
KNIRVENGINE/desktop-client/api/browser_connection.go:717.2,724.8 4 0
KNIRVENGINE/desktop-client/api/browser_connection.go:728.112,734.8 5 0
KNIRVENGINE/desktop-client/api/browser_connection.go:734.8,736.3 1 0
KNIRVENGINE/desktop-client/api/browser_connection.go:737.2,739.9 2 0
KNIRVENGINE/desktop-client/api/browser_connection.go:739.9,741.3 1 0
KNIRVENGINE/desktop-client/api/browser_connection.go:743.2,743.37 1 0
KNIRVENGINE/desktop-client/api/browser_connection.go:743.37,745.3 1 0
KNIRVENGINE/desktop-client/api/browser_connection.go:747.2,749.8 1 0
KNIRVENGINE/desktop-client/api/browser_connection.go:753.112,760.36 6 0
KNIRVENGINE/desktop-client/api/browser_connection.go:760.36,767.3 2 0
KNIRVENGINE/desktop-client/api/browser_connection.go:769.2,772.8 1 0
KNIRVENGINE/desktop-client/api/connection_security.go:52.64,56.2 1 1
KNIRVENGINE/desktop-client/api/connection_security.go:59.161,65.16 4 1
KNIRVENGINE/desktop-client/api/connection_security.go:65.16,67.3 1 0
KNIRVENGINE/desktop-client/api/connection_security.go:70.2,82.17 3 1
KNIRVENGINE/desktop-client/api/connection_security.go:86.105,91.9 4 1
KNIRVENGINE/desktop-client/api/connection_security.go:91.9,93.3 1 1
KNIRVENGINE/desktop-client/api/connection_security.go:96.2,96.37 1 1
KNIRVENGINE/desktop-client/api/connection_security.go:96.37,98.3 1 0
KNIRVENGINE/desktop-client/api/connection_security.go:100.2,100.17 1 1
KNIRVENGINE/desktop-client/api/connection_security.go:104.100,106.16 2 1
KNIRVENGINE/desktop-client/api/connection_security.go:106.16,108.3 1 0
KNIRVENGINE/desktop-client/api/connection_security.go:111.2,111.36 1 1
KNIRVENGINE/desktop-client/api/connection_security.go:111.36,112.46 1 1
KNIRVENGINE/desktop-client/api/connection_security.go:112.46,114.4 1 1
KNIRVENGINE/desktop-client/api/connection_security.go:117.2,117.56 1 1
KNIRVENGINE/desktop-client/api/connection_security.go:121.75,127.2 4 1
KNIRVENGINE/desktop-client/api/connection_security.go:130.62,135.41 4 0
KNIRVENGINE/desktop-client/api/connection_security.go:135.41,136.31 1 0
KNIRVENGINE/desktop-client/api/connection_security.go:136.31,138.4 1 0
KNIRVENGINE/desktop-client/api/connection_security.go:157.33,165.2 1 1
KNIRVENGINE/desktop-client/api/connection_security.go:168.75,170.90 1 1
KNIRVENGINE/desktop-client/api/connection_security.go:170.90,172.3 1 0
KNIRVENGINE/desktop-client/api/connection_security.go:174.2,174.34 1 1
KNIRVENGINE/desktop-client/api/connection_security.go:178.78,180.2 1 1
KNIRVENGINE/desktop-client/api/connection_security.go:183.59,185.2 1 0
KNIRVENGINE/desktop-client/api/connection_security.go:188.67,192.45 3 1
KNIRVENGINE/desktop-client/api/connection_security.go:192.45,193.39 1 1
KNIRVENGINE/desktop-client/api/connection_security.go:193.39,195.4 1 1
KNIRVENGINE/desktop-client/api/connection_security.go:198.2,198.28 1 1
KNIRVENGINE/desktop-client/api/connection_security.go:202.139,204.38 1 1
KNIRVENGINE/desktop-client/api/connection_security.go:204.38,206.3 1 1
KNIRVENGINE/desktop-client/api/connection_security.go:209.2,210.8 2 1
KNIRVENGINE/desktop-client/api/connection_security.go:210.8,211.38 1 1
KNIRVENGINE/desktop-client/api/connection_security.go:211.38,212.79 1 1
KNIRVENGINE/desktop-client/api/connection_security.go:212.79,214.5 1 0
KNIRVENGINE/desktop-client/api/connection_security.go:219.2,219.70 1 1
KNIRVENGINE/desktop-client/api/connection_security.go:219.70,221.3 1 0
KNIRVENGINE/desktop-client/api/connection_security.go:223.2,223.53 1 1
KNIRVENGINE/desktop-client/api/connection_security.go:227.75,235.88 4 0
KNIRVENGINE/desktop-client/api/connection_security.go:235.88,236.85 1 0
KNIRVENGINE/desktop-client/api/connection_security.go:236.85,242.4 1 0
KNIRVENGINE/desktop-client/api/connection_security.go:245.2,245.15 1 0
KNIRVENGINE/desktop-client/api/connection_security.go:249.67,251.2 1 0
KNIRVENGINE/desktop-client/api/connection_security.go:256.82,258.9 2 1
KNIRVENGINE/desktop-client/api/connection_security.go:258.9,261.3 1 1
KNIRVENGINE/desktop-client/api/connection_security.go:264.2,264.37 1 1
KNIRVENGINE/desktop-client/api/connection_security.go:264.37,265.66 1 1
KNIRVENGINE/desktop-client/api/connection_security.go:265.66,267.4 1 1
KNIRVENGINE/desktop-client/api/connection_security.go:270.2,270.14 1 1
KNIRVENGINE/desktop-client/api/connection_security.go:274.120,275.25 1 1
KNIRVENGINE/desktop-client/api/connection_security.go:276.25,277.13 1 0
KNIRVENGINE/desktop-client/api/connection_security.go:278.26,279.52 1 0
KNIRVENGINE/desktop-client/api/connection_security.go:280.29,281.55 1 1
KNIRVENGINE/desktop-client/api/connection_security.go:282.25,283.51 1 0
KNIRVENGINE/desktop-client/api/connection_security.go:284.10,285.67 1 0
KNIRVENGINE/desktop-client/api/connection_security.go:290.117,292.31 1 1
KNIRVENGINE/desktop-client/api/connection_security.go:292.31,293.74 1 0
KNIRVENGINE/desktop-client/api/connection_security.go:293.74,295.4 1 0
KNIRVENGINE/desktop-client/api/connection_security.go:297.2,297.12 1 1
KNIRVENGINE/desktop-client/api/connection_security.go:301.120,302.67 1 1
KNIRVENGINE/desktop-client/api/connection_security.go:302.67,304.3 1 0
KNIRVENGINE/desktop-client/api/connection_security.go:307.2,307.59 1 1
KNIRVENGINE/desktop-client/api/connection_security.go:307.59,308.46 1 0
KNIRVENGINE/desktop-client/api/connection_security.go:308.46,309.106 1 0
KNIRVENGINE/desktop-client/api/connection_security.go:309.106,311.5 1 0
KNIRVENGINE/desktop-client/api/connection_security.go:315.2,315.36 1 1
KNIRVENGINE/desktop-client/api/connection_security.go:315.36,316.52 1 0
KNIRVENGINE/desktop-client/api/connection_security.go:316.52,318.48 2 0
KNIRVENGINE/desktop-client/api/connection_security.go:318.48,319.62 1 0
KNIRVENGINE/desktop-client/api/connection_security.go:319.62,321.6 1 0
KNIRVENGINE/desktop-client/api/connection_security.go:326.2,326.12 1 1
KNIRVENGINE/desktop-client/api/connection_security.go:330.116,331.70 1 0
KNIRVENGINE/desktop-client/api/connection_security.go:331.70,333.3 1 0
KNIRVENGINE/desktop-client/api/connection_security.go:336.2,337.35 2 0
KNIRVENGINE/desktop-client/api/connection_security.go:337.35,338.27 1 0
KNIRVENGINE/desktop-client/api/connection_security.go:338.27,340.4 1 0
KNIRVENGINE/desktop-client/api/connection_security.go:343.2,343.12 1 0
KNIRVENGINE/desktop-client/api/connection_security.go:347.90,348.20 1 1
KNIRVENGINE/desktop-client/api/connection_security.go:349.25,358.4 1 0
KNIRVENGINE/desktop-client/api/connection_security.go:359.28,366.4 1 1
KNIRVENGINE/desktop-client/api/connection_security.go:367.26,373.4 1 0
KNIRVENGINE/desktop-client/api/connection_security.go:374.24,379.4 1 0
KNIRVENGINE/desktop-client/api/connection_security.go:380.10,381.35 1 0
KNIRVENGINE/desktop-client/api/connection_security.go:386.42,388.44 2 1
KNIRVENGINE/desktop-client/api/connection_security.go:388.44,390.3 1 0
KNIRVENGINE/desktop-client/api/connection_security.go:392.2,393.41 2 1
KNIRVENGINE/desktop-client/api/database_connection.go:26.82,32.56 2 0
KNIRVENGINE/desktop-client/api/database_connection.go:32.56,34.3 1 0
KNIRVENGINE/desktop-client/api/database_connection.go:34.8,36.3 1 0
KNIRVENGINE/desktop-client/api/database_connection.go:38.2,38.18 1 0
KNIRVENGINE/desktop-client/api/database_connection.go:42.65,46.17 3 0
KNIRVENGINE/desktop-client/api/database_connection.go:46.17,48.3 1 0
KNIRVENGINE/desktop-client/api/database_connection.go:51.2,54.18 3 0
KNIRVENGINE/desktop-client/api/database_connection.go:55.17,56.25 1 0
KNIRVENGINE/desktop-client/api/database_connection.go:57.32,58.27 1 0
KNIRVENGINE/desktop-client/api/database_connection.go:59.15,60.24 1 0
KNIRVENGINE/desktop-client/api/database_connection.go:61.10,62.63 1 0
KNIRVENGINE/desktop-client/api/database_connection.go:66.2,67.16 2 0
KNIRVENGINE/desktop-client/api/database_connection.go:67.16,69.3 1 0
KNIRVENGINE/desktop-client/api/database_connection.go:72.2,72.46 1 0
KNIRVENGINE/desktop-client/api/database_connection.go:72.46,75.3 2 0
KNIRVENGINE/desktop-client/api/database_connection.go:78.2,85.12 6 0
KNIRVENGINE/desktop-client/api/database_connection.go:89.68,93.18 3 0
KNIRVENGINE/desktop-client/api/database_connection.go:93.18,95.3 1 0
KNIRVENGINE/desktop-client/api/database_connection.go:97.2,97.17 1 0
KNIRVENGINE/desktop-client/api/database_connection.go:97.17,99.3 1 0
KNIRVENGINE/desktop-client/api/database_connection.go:101.2,102.12 2 0
KNIRVENGINE/desktop-client/api/database_connection.go:106.49,110.2 3 0
KNIRVENGINE/desktop-client/api/database_connection.go:113.57,124.2 1 0
KNIRVENGINE/desktop-client/api/database_connection.go:127.129,128.22 1 0
KNIRVENGINE/desktop-client/api/database_connection.go:128.22,130.3 1 0
KNIRVENGINE/desktop-client/api/database_connection.go:132.2,132.19 1 0
KNIRVENGINE/desktop-client/api/database_connection.go:133.15,134.30 1 0
KNIRVENGINE/desktop-client/api/database_connection.go:135.17,136.32 1 0
KNIRVENGINE/desktop-client/api/database_connection.go:137.21,138.36 1 0
KNIRVENGINE/desktop-client/api/database_connection.go:139.21,140.35 1 0
KNIRVENGINE/desktop-client/api/database_connection.go:141.24,142.38 1 0
KNIRVENGINE/desktop-client/api/database_connection.go:143.20,144.34 1 0
KNIRVENGINE/desktop-client/api/database_connection.go:145.10,146.65 1 0
KNIRVENGINE/desktop-client/api/database_connection.go:151.65,162.32 4 0
KNIRVENGINE/desktop-client/api/database_connection.go:162.32,167.3 4 0
KNIRVENGINE/desktop-client/api/database_connection.go:169.2,169.15 1 0
KNIRVENGINE/desktop-client/api/database_connection.go:173.57,175.2 1 0
KNIRVENGINE/desktop-client/api/database_connection.go:179.52,180.54 1 0
KNIRVENGINE/desktop-client/api/database_connection.go:180.54,182.3 1 0
KNIRVENGINE/desktop-client/api/database_connection.go:183.2,183.19 1 0
KNIRVENGINE/desktop-client/api/database_connection.go:186.54,196.2 7 0
KNIRVENGINE/desktop-client/api/database_connection.go:198.51,206.2 6 0
KNIRVENGINE/desktop-client/api/database_connection.go:210.109,212.17 2 0
KNIRVENGINE/desktop-client/api/database_connection.go:212.17,214.3 1 0
KNIRVENGINE/desktop-client/api/database_connection.go:216.2,217.16 2 0
KNIRVENGINE/desktop-client/api/database_connection.go:217.16,219.3 1 0
KNIRVENGINE/desktop-client/api/database_connection.go:220.2,224.16 3 0
KNIRVENGINE/desktop-client/api/database_connection.go:224.16,226.3 1 0
KNIRVENGINE/desktop-client/api/database_connection.go:229.2,231.18 2 0
KNIRVENGINE/desktop-client/api/database_connection.go:231.18,236.25 3 0
KNIRVENGINE/desktop-client/api/database_connection.go:236.25,238.4 1 0
KNIRVENGINE/desktop-client/api/database_connection.go:241.3,241.49 1 0
KNIRVENGINE/desktop-client/api/database_connection.go:241.49,243.4 1 0
KNIRVENGINE/desktop-client/api/database_connection.go:246.3,247.31 2 0
KNIRVENGINE/desktop-client/api/database_connection.go:247.31,249.4 1 0
KNIRVENGINE/desktop-client/api/database_connection.go:250.3,250.33 1 0
KNIRVENGINE/desktop-client/api/database_connection.go:253.2,253.35 1 0
KNIRVENGINE/desktop-client/api/database_connection.go:253.35,255.3 1 0
KNIRVENGINE/desktop-client/api/database_connection.go:257.2,262.8 1 0
KNIRVENGINE/desktop-client/api/database_connection.go:265.111,267.17 2 0
KNIRVENGINE/desktop-client/api/database_connection.go:267.17,269.3 1 0
KNIRVENGINE/desktop-client/api/database_connection.go:271.2,272.16 2 0
KNIRVENGINE/desktop-client/api/database_connection.go:272.16,274.3 1 0
KNIRVENGINE/desktop-client/api/database_connection.go:276.2,283.8 3 0
KNIRVENGINE/desktop-client/api/database_connection.go:286.115,288.9 2 0
KNIRVENGINE/desktop-client/api/database_connection.go:288.9,290.3 1 0
KNIRVENGINE/desktop-client/api/database_connection.go:292.2,293.16 2 0
KNIRVENGINE/desktop-client/api/database_connection.go:293.16,295.3 1 0
KNIRVENGINE/desktop-client/api/database_connection.go:297.2,299.41 2 0
KNIRVENGINE/desktop-client/api/database_connection.go:299.41,301.10 2 0
KNIRVENGINE/desktop-client/api/database_connection.go:301.10,304.4 2 0
KNIRVENGINE/desktop-client/api/database_connection.go:306.3,307.17 2 0
KNIRVENGINE/desktop-client/api/database_connection.go:307.17,310.4 2 0
KNIRVENGINE/desktop-client/api/database_connection.go:312.3,319.5 3 0
KNIRVENGINE/desktop-client/api/database_connection.go:322.2,322.36 1 0
KNIRVENGINE/desktop-client/api/database_connection.go:322.36,324.3 1 0
KNIRVENGINE/desktop-client/api/database_connection.go:326.2,330.8 1 0
KNIRVENGINE/desktop-client/api/database_connection.go:333.114,337.18 3 0
KNIRVENGINE/desktop-client/api/database_connection.go:338.17,339.62 1 0
KNIRVENGINE/desktop-client/api/database_connection.go:340.32,341.72 1 0
KNIRVENGINE/desktop-client/api/database_connection.go:342.15,343.24 1 0
KNIRVENGINE/desktop-client/api/database_connection.go:344.10,345.86 1 0
KNIRVENGINE/desktop-client/api/database_connection.go:348.2,348.61 1 0
KNIRVENGINE/desktop-client/api/database_connection.go:351.117,353.21 2 0
KNIRVENGINE/desktop-client/api/database_connection.go:353.21,355.3 1 0
KNIRVENGINE/desktop-client/api/database_connection.go:357.2,359.18 2 0
KNIRVENGINE/desktop-client/api/database_connection.go:360.17,361.58 1 0
KNIRVENGINE/desktop-client/api/database_connection.go:362.32,363.135 1 0
KNIRVENGINE/desktop-client/api/database_connection.go:364.15,365.48 1 0
KNIRVENGINE/desktop-client/api/database_connection.go:366.10,367.89 1 0
KNIRVENGINE/desktop-client/api/database_connection.go:370.2,370.61 1 0
KNIRVENGINE/desktop-client/api/database_connection.go:373.113,376.16 2 0
KNIRVENGINE/desktop-client/api/database_connection.go:376.16,378.3 1 0
KNIRVENGINE/desktop-client/api/database_connection.go:380.2,384.8 1 0
KNIRVENGINE/desktop-client/api/enhanced_connection_security.go:81.80,92.2 3 0
KNIRVENGINE/desktop-client/api/enhanced_connection_security.go:95.79,183.2 3 0
KNIRVENGINE/desktop-client/api/enhanced_connection_security.go:195.37,200.16 3 0
KNIRVENGINE/desktop-client/api/enhanced_connection_security.go:200.16,203.3 2 0
KNIRVENGINE/desktop-client/api/enhanced_connection_security.go:206.2,207.9 2 0
KNIRVENGINE/desktop-client/api/enhanced_connection_security.go:207.9,210.3 2 0
KNIRVENGINE/desktop-client/api/enhanced_connection_security.go:213.2,265.17 8 0
KNIRVENGINE/desktop-client/api/enhanced_connection_security.go:273.37,278.9 4 0
KNIRVENGINE/desktop-client/api/enhanced_connection_security.go:278.9,296.3 2 0
KNIRVENGINE/desktop-client/api/enhanced_connection_security.go:299.2,299.37 1 0
KNIRVENGINE/desktop-client/api/enhanced_connection_security.go:299.37,317.3 2 0
KNIRVENGINE/desktop-client/api/enhanced_connection_security.go:320.2,320.105 1 0
KNIRVENGINE/desktop-client/api/enhanced_connection_security.go:320.105,321.33 1 0
KNIRVENGINE/desktop-client/api/enhanced_connection_security.go:321.33,342.4 2 0
KNIRVENGINE/desktop-client/api/enhanced_connection_security.go:346.2,364.17 3 0
KNIRVENGINE/desktop-client/api/enhanced_connection_security.go:375.9,377.16 2 0
KNIRVENGINE/desktop-client/api/enhanced_connection_security.go:377.16,379.3 1 0
KNIRVENGINE/desktop-client/api/enhanced_connection_security.go:382.2,382.36 1 0
KNIRVENGINE/desktop-client/api/enhanced_connection_security.go:382.36,383.51 1 0
KNIRVENGINE/desktop-client/api/enhanced_connection_security.go:383.51,385.72 1 0
KNIRVENGINE/desktop-client/api/enhanced_connection_security.go:385.72,405.5 2 0
KNIRVENGINE/desktop-client/api/enhanced_connection_security.go:410.2,428.91 2 0
KNIRVENGINE/desktop-client/api/enhanced_connection_security.go:435.9,437.41 1 0
KNIRVENGINE/desktop-client/api/enhanced_connection_security.go:437.41,438.81 1 0
KNIRVENGINE/desktop-client/api/enhanced_connection_security.go:438.81,440.45 2 0
KNIRVENGINE/desktop-client/api/enhanced_connection_security.go:440.45,441.53 1 0
KNIRVENGINE/desktop-client/api/enhanced_connection_security.go:441.53,443.11 2 0
KNIRVENGINE/desktop-client/api/enhanced_connection_security.go:446.4,446.20 1 0
KNIRVENGINE/desktop-client/api/enhanced_connection_security.go:446.20,448.5 1 0
KNIRVENGINE/desktop-client/api/enhanced_connection_security.go:453.2,453.71 1 0
KNIRVENGINE/desktop-client/api/enhanced_connection_security.go:453.71,454.87 1 0
KNIRVENGINE/desktop-client/api/enhanced_connection_security.go:454.87,457.51 3 0
KNIRVENGINE/desktop-client/api/enhanced_connection_security.go:457.51,458.34 1 0
KNIRVENGINE/desktop-client/api/enhanced_connection_security.go:458.34,460.11 2 0
KNIRVENGINE/desktop-client/api/enhanced_connection_security.go:463.4,463.23 1 0
KNIRVENGINE/desktop-client/api/enhanced_connection_security.go:463.23,465.5 1 0
KNIRVENGINE/desktop-client/api/enhanced_connection_security.go:470.2,470.39 1 0
KNIRVENGINE/desktop-client/api/enhanced_connection_security.go:470.39,471.83 1 0
KNIRVENGINE/desktop-client/api/enhanced_connection_security.go:471.83,473.47 2 0
KNIRVENGINE/desktop-client/api/enhanced_connection_security.go:473.47,474.45 1 0
KNIRVENGINE/desktop-client/api/enhanced_connection_security.go:474.45,477.49 2 0
KNIRVENGINE/desktop-client/api/enhanced_connection_security.go:477.49,479.12 2 0
KNIRVENGINE/desktop-client/api/enhanced_connection_security.go:481.11,481.44 1 0
KNIRVENGINE/desktop-client/api/enhanced_connection_security.go:481.44,483.11 2 0
KNIRVENGINE/desktop-client/api/enhanced_connection_security.go:486.4,486.21 1 0
KNIRVENGINE/desktop-client/api/enhanced_connection_security.go:486.21,488.5 1 0
KNIRVENGINE/desktop-client/api/enhanced_connection_security.go:492.2,492.12 1 0
KNIRVENGINE/desktop-client/api/enhanced_connection_security.go:501.9,506.9 4 0
KNIRVENGINE/desktop-client/api/enhanced_connection_security.go:506.9,508.3 1 0
KNIRVENGINE/desktop-client/api/enhanced_connection_security.go:511.2,532.12 4 0
KNIRVENGINE/desktop-client/api/enhanced_connection_security.go:541.9,546.9 4 0
KNIRVENGINE/desktop-client/api/enhanced_connection_security.go:546.9,548.3 1 0
KNIRVENGINE/desktop-client/api/enhanced_connection_security.go:551.2,572.12 3 0
KNIRVENGINE/desktop-client/api/enhanced_connection_security.go:577.94,585.27 4 0
KNIRVENGINE/desktop-client/api/enhanced_connection_security.go:585.27,586.49 1 0
KNIRVENGINE/desktop-client/api/enhanced_connection_security.go:586.49,588.4 1 0
KNIRVENGINE/desktop-client/api/enhanced_connection_security.go:592.2,592.65 1 0
KNIRVENGINE/desktop-client/api/enhanced_connection_security.go:592.65,596.3 1 0
KNIRVENGINE/desktop-client/api/enhanced_connection_security.go:600.88,608.27 4 0
KNIRVENGINE/desktop-client/api/enhanced_connection_security.go:608.27,613.9 4 0
KNIRVENGINE/desktop-client/api/enhanced_connection_security.go:613.9,617.4 3 0
KNIRVENGINE/desktop-client/api/enhanced_connection_security.go:621.2,621.65 1 0
KNIRVENGINE/desktop-client/api/enhanced_connection_security.go:621.65,625.3 1 0
KNIRVENGINE/desktop-client/api/enhanced_connection_security.go:636.24,642.35 4 0
KNIRVENGINE/desktop-client/api/enhanced_connection_security.go:642.35,644.76 1 0
KNIRVENGINE/desktop-client/api/enhanced_connection_security.go:644.76,646.27 1 0
KNIRVENGINE/desktop-client/api/enhanced_connection_security.go:646.27,648.42 2 0
KNIRVENGINE/desktop-client/api/enhanced_connection_security.go:648.42,649.38 1 0
KNIRVENGINE/desktop-client/api/enhanced_connection_security.go:649.38,651.12 2 0
KNIRVENGINE/desktop-client/api/enhanced_connection_security.go:654.5,654.21 1 0
KNIRVENGINE/desktop-client/api/enhanced_connection_security.go:654.21,655.14 1 0
KNIRVENGINE/desktop-client/api/enhanced_connection_security.go:660.4,660.52 1 0
KNIRVENGINE/desktop-client/api/enhanced_connection_security.go:660.52,661.13 1 0
KNIRVENGINE/desktop-client/api/enhanced_connection_security.go:665.4,665.45 1 0
KNIRVENGINE/desktop-client/api/enhanced_connection_security.go:665.45,666.13 1 0
KNIRVENGINE/desktop-client/api/enhanced_connection_security.go:670.4,670.55 1 0
KNIRVENGINE/desktop-client/api/enhanced_connection_security.go:670.55,671.13 1 0
KNIRVENGINE/desktop-client/api/enhanced_connection_security.go:674.4,674.50 1 0
KNIRVENGINE/desktop-client/api/enhanced_connection_security.go:678.2,678.23 1 0
KNIRVENGINE/desktop-client/api/enhanced_connection_security.go:682.70,687.41 4 0
KNIRVENGINE/desktop-client/api/enhanced_connection_security.go:687.41,688.31 1 0
KNIRVENGINE/desktop-client/api/enhanced_connection_security.go:688.31,709.4 2 0
KNIRVENGINE/desktop-client/api/enhanced_connection_security.go:731.41,740.2 1 0
KNIRVENGINE/desktop-client/api/enhanced_connection_security.go:743.83,752.16 1 0
KNIRVENGINE/desktop-client/api/enhanced_connection_security.go:752.16,754.3 1 0
KNIRVENGINE/desktop-client/api/enhanced_connection_security.go:756.2,756.34 1 0
KNIRVENGINE/desktop-client/api/enhanced_connection_security.go:760.86,762.2 1 0
KNIRVENGINE/desktop-client/api/enhanced_connection_security.go:765.67,767.2 1 0
KNIRVENGINE/desktop-client/api/enhanced_connection_security.go:770.75,774.45 3 0
KNIRVENGINE/desktop-client/api/enhanced_connection_security.go:774.45,788.17 3 0
KNIRVENGINE/desktop-client/api/enhanced_connection_security.go:788.17,790.4 1 0
KNIRVENGINE/desktop-client/api/enhanced_connection_security.go:793.2,793.28 1 0
KNIRVENGINE/desktop-client/api/enhanced_connection_security.go:801.24,816.16 3 0
KNIRVENGINE/desktop-client/api/enhanced_connection_security.go:816.16,818.3 1 0
KNIRVENGINE/desktop-client/api/enhanced_connection_security.go:821.2,821.70 1 0
KNIRVENGINE/desktop-client/api/enhanced_connection_security.go:821.70,823.3 1 0
KNIRVENGINE/desktop-client/api/enhanced_connection_security.go:826.2,834.25 2 0
KNIRVENGINE/desktop-client/api/enhanced_connection_security.go:834.25,835.18 1 0
KNIRVENGINE/desktop-client/api/enhanced_connection_security.go:835.18,837.5 1 0
KNIRVENGINE/desktop-client/api/enhanced_connection_security.go:837.10,839.5 1 0
KNIRVENGINE/desktop-client/api/enhanced_connection_security.go:848.27,849.19 1 0
KNIRVENGINE/desktop-client/api/enhanced_connection_security.go:849.19,851.6 1 0
KNIRVENGINE/desktop-client/api/enhanced_connection_security.go:851.11,853.6 1 0
KNIRVENGINE/desktop-client/api/enhanced_connection_security.go:856.29,857.18 1 0
KNIRVENGINE/desktop-client/api/enhanced_connection_security.go:857.18,859.5 1 0
KNIRVENGINE/desktop-client/api/enhanced_connection_security.go:859.10,861.5 1 0
KNIRVENGINE/desktop-client/api/enhanced_connection_security.go:863.27,864.18 1 0
KNIRVENGINE/desktop-client/api/enhanced_connection_security.go:864.18,866.5 1 0
KNIRVENGINE/desktop-client/api/enhanced_connection_security.go:866.10,868.5 1 0
KNIRVENGINE/desktop-client/api/enhanced_connection_security.go:872.2,872.20 1 0
KNIRVENGINE/desktop-client/api/enhanced_connection_security.go:876.83,884.2 4 0
KNIRVENGINE/desktop-client/api/enhanced_connection_security.go:887.75,889.2 1 0
KNIRVENGINE/desktop-client/api/enhanced_connection_security.go:897.9,898.25 1 0
KNIRVENGINE/desktop-client/api/enhanced_connection_security.go:899.34,900.52 1 0
KNIRVENGINE/desktop-client/api/enhanced_connection_security.go:901.37,902.55 1 0
KNIRVENGINE/desktop-client/api/enhanced_connection_security.go:903.33,904.51 1 0
KNIRVENGINE/desktop-client/api/enhanced_connection_security.go:905.36,906.54 1 0
KNIRVENGINE/desktop-client/api/enhanced_connection_security.go:907.10,908.67 1 0
KNIRVENGINE/desktop-client/api/enhanced_connection_security.go:916.9,918.31 1 0
KNIRVENGINE/desktop-client/api/enhanced_connection_security.go:918.31,919.74 1 0
KNIRVENGINE/desktop-client/api/enhanced_connection_security.go:919.74,921.4 1 0
KNIRVENGINE/desktop-client/api/enhanced_connection_security.go:923.2,923.12 1 0
KNIRVENGINE/desktop-client/api/enhanced_connection_security.go:930.9,931.67 1 0
KNIRVENGINE/desktop-client/api/enhanced_connection_security.go:931.67,933.3 1 0
KNIRVENGINE/desktop-client/api/enhanced_connection_security.go:936.2,936.59 1 0
KNIRVENGINE/desktop-client/api/enhanced_connection_security.go:936.59,937.46 1 0
KNIRVENGINE/desktop-client/api/enhanced_connection_security.go:937.46,938.106 1 0
KNIRVENGINE/desktop-client/api/enhanced_connection_security.go:938.106,940.5 1 0
KNIRVENGINE/desktop-client/api/enhanced_connection_security.go:944.2,944.36 1 0
KNIRVENGINE/desktop-client/api/enhanced_connection_security.go:944.36,945.52 1 0
KNIRVENGINE/desktop-client/api/enhanced_connection_security.go:945.52,947.48 2 0
KNIRVENGINE/desktop-client/api/enhanced_connection_security.go:947.48,948.62 1 0
KNIRVENGINE/desktop-client/api/enhanced_connection_security.go:948.62,950.6 1 0
KNIRVENGINE/desktop-client/api/enhanced_connection_security.go:955.2,955.12 1 0
KNIRVENGINE/desktop-client/api/enhanced_connection_security.go:962.9,963.70 1 0
KNIRVENGINE/desktop-client/api/enhanced_connection_security.go:963.70,965.3 1 0
KNIRVENGINE/desktop-client/api/enhanced_connection_security.go:968.2,968.36 1 0
KNIRVENGINE/desktop-client/api/enhanced_connection_security.go:968.36,969.52 1 0
KNIRVENGINE/desktop-client/api/enhanced_connection_security.go:969.52,975.47 4 0
KNIRVENGINE/desktop-client/api/enhanced_connection_security.go:975.47,976.34 1 0
KNIRVENGINE/desktop-client/api/enhanced_connection_security.go:976.34,978.11 2 0
KNIRVENGINE/desktop-client/api/enhanced_connection_security.go:982.4,982.16 1 0
KNIRVENGINE/desktop-client/api/enhanced_connection_security.go:982.16,984.5 1 0
KNIRVENGINE/desktop-client/api/enhanced_connection_security.go:988.2,988.12 1 0
KNIRVENGINE/desktop-client/api/enhanced_connection_security.go:995.9,996.66 1 0
KNIRVENGINE/desktop-client/api/enhanced_connection_security.go:996.66,998.3 1 0
KNIRVENGINE/desktop-client/api/enhanced_connection_security.go:1001.2,1002.35 2 0
KNIRVENGINE/desktop-client/api/enhanced_connection_security.go:1002.35,1003.27 1 0
KNIRVENGINE/desktop-client/api/enhanced_connection_security.go:1003.27,1005.4 1 0
KNIRVENGINE/desktop-client/api/enhanced_connection_security.go:1008.2,1008.12 1 0
KNIRVENGINE/desktop-client/api/enhanced_connection_security.go:1012.72,1033.50 2 0
KNIRVENGINE/desktop-client/api/enhanced_connection_security.go:1033.50,1035.3 1 0
KNIRVENGINE/desktop-client/api/enhanced_connection_security.go:1038.2,1038.29 1 0
KNIRVENGINE/desktop-client/api/enhanced_connection_security.go:1042.99,1045.27 2 0
KNIRVENGINE/desktop-client/api/enhanced_connection_security.go:1045.27,1047.3 1 0
KNIRVENGINE/desktop-client/api/enhanced_connection_security.go:1050.2,1050.20 1 0
KNIRVENGINE/desktop-client/api/enhanced_connection_security.go:1051.25,1052.27 1 0
KNIRVENGINE/desktop-client/api/enhanced_connection_security.go:1053.28,1054.30 1 0
KNIRVENGINE/desktop-client/api/enhanced_connection_security.go:1055.26,1056.28 1 0
KNIRVENGINE/desktop-client/api/enhanced_connection_security.go:1057.24,1058.26 1 0
KNIRVENGINE/desktop-client/api/enhanced_connection_security.go:1059.10,1060.30 1 0
KNIRVENGINE/desktop-client/api/enhanced_connection_security.go:1065.88,1067.89 1 0
KNIRVENGINE/desktop-client/api/enhanced_connection_security.go:1067.89,1068.46 1 0
KNIRVENGINE/desktop-client/api/enhanced_connection_security.go:1068.46,1070.4 1 0
KNIRVENGINE/desktop-client/api/enhanced_connection_security.go:1073.2,1073.36 1 0
KNIRVENGINE/desktop-client/api/enhanced_connection_security.go:1073.36,1074.52 1 0
KNIRVENGINE/desktop-client/api/enhanced_connection_security.go:1074.52,1076.4 1 0
KNIRVENGINE/desktop-client/api/enhanced_connection_security.go:1079.2,1079.67 1 0
KNIRVENGINE/desktop-client/api/enhanced_connection_security.go:1079.67,1080.48 1 0
KNIRVENGINE/desktop-client/api/enhanced_connection_security.go:1080.48,1082.4 1 0
KNIRVENGINE/desktop-client/api/enhanced_connection_security.go:1083.3,1083.48 1 0
KNIRVENGINE/desktop-client/api/enhanced_connection_security.go:1083.48,1085.4 1 0
KNIRVENGINE/desktop-client/api/enhanced_connection_security.go:1089.2,1089.11 1 0
KNIRVENGINE/desktop-client/api/enhanced_connection_security.go:1097.11,1102.23 2 0
KNIRVENGINE/desktop-client/api/enhanced_connection_security.go:1103.34,1104.19 1 0
KNIRVENGINE/desktop-client/api/enhanced_connection_security.go:1105.37,1106.19 1 0
KNIRVENGINE/desktop-client/api/enhanced_connection_security.go:1107.33,1108.19 1 0
KNIRVENGINE/desktop-client/api/enhanced_connection_security.go:1109.36,1110.19 1 0
KNIRVENGINE/desktop-client/api/enhanced_connection_security.go:1114.2,1114.20 1 0
KNIRVENGINE/desktop-client/api/enhanced_connection_security.go:1115.18,1116.19 1 0
KNIRVENGINE/desktop-client/api/enhanced_connection_security.go:1117.15,1118.19 1 0
KNIRVENGINE/desktop-client/api/enhanced_connection_security.go:1119.21,1120.19 1 0
KNIRVENGINE/desktop-client/api/enhanced_connection_security.go:1124.2,1124.17 1 0
KNIRVENGINE/desktop-client/api/enhanced_connection_security.go:1124.17,1126.3 1 0
KNIRVENGINE/desktop-client/api/enhanced_connection_security.go:1126.8,1128.3 1 0
KNIRVENGINE/desktop-client/api/enhanced_connection_security.go:1131.2,1131.19 1 0
KNIRVENGINE/desktop-client/api/enhanced_connection_security.go:1131.19,1133.3 1 0
KNIRVENGINE/desktop-client/api/enhanced_connection_security.go:1134.2,1134.19 1 0
KNIRVENGINE/desktop-client/api/enhanced_connection_security.go:1134.19,1136.3 1 0
KNIRVENGINE/desktop-client/api/enhanced_connection_security.go:1138.2,1138.18 1 0
KNIRVENGINE/desktop-client/api/enhanced_connection_security.go:1142.50,1148.44 3 0
KNIRVENGINE/desktop-client/api/enhanced_connection_security.go:1148.44,1150.3 1 0
KNIRVENGINE/desktop-client/api/enhanced_connection_security.go:1153.2,1157.47 4 0
KNIRVENGINE/desktop-client/api/filesystem_connection.go:30.84,37.60 2 1
KNIRVENGINE/desktop-client/api/filesystem_connection.go:37.60,39.3 1 1
KNIRVENGINE/desktop-client/api/filesystem_connection.go:39.8,41.3 1 0
KNIRVENGINE/desktop-client/api/filesystem_connection.go:43.2,43.75 1 1
KNIRVENGINE/desktop-client/api/filesystem_connection.go:43.75,44.37 1 0
KNIRVENGINE/desktop-client/api/filesystem_connection.go:44.37,45.40 1 0
KNIRVENGINE/desktop-client/api/filesystem_connection.go:45.40,47.5 1 0
KNIRVENGINE/desktop-client/api/filesystem_connection.go:51.2,51.73 1 1
KNIRVENGINE/desktop-client/api/filesystem_connection.go:51.73,52.36 1 0
KNIRVENGINE/desktop-client/api/filesystem_connection.go:52.36,53.40 1 0
KNIRVENGINE/desktop-client/api/filesystem_connection.go:53.40,55.5 1 0
KNIRVENGINE/desktop-client/api/filesystem_connection.go:59.2,59.58 1 1
KNIRVENGINE/desktop-client/api/filesystem_connection.go:59.58,61.3 1 1
KNIRVENGINE/desktop-client/api/filesystem_connection.go:63.2,63.63 1 1
KNIRVENGINE/desktop-client/api/filesystem_connection.go:63.63,65.3 1 1
KNIRVENGINE/desktop-client/api/filesystem_connection.go:67.2,67.18 1 1
KNIRVENGINE/desktop-client/api/filesystem_connection.go:71.67,76.17 4 1
KNIRVENGINE/desktop-client/api/filesystem_connection.go:76.17,78.3 1 0
KNIRVENGINE/desktop-client/api/filesystem_connection.go:81.2,81.47 1 1
KNIRVENGINE/desktop-client/api/filesystem_connection.go:81.47,83.3 1 0
KNIRVENGINE/desktop-client/api/filesystem_connection.go:86.2,87.69 2 1
KNIRVENGINE/desktop-client/api/filesystem_connection.go:87.69,88.18 1 0
KNIRVENGINE/desktop-client/api/filesystem_connection.go:88.18,90.4 1 0
KNIRVENGINE/desktop-client/api/filesystem_connection.go:91.8,93.3 1 1
KNIRVENGINE/desktop-client/api/filesystem_connection.go:95.2,97.12 3 1
KNIRVENGINE/desktop-client/api/filesystem_connection.go:101.70,108.2 5 1
KNIRVENGINE/desktop-client/api/filesystem_connection.go:111.51,115.2 3 1
KNIRVENGINE/desktop-client/api/filesystem_connection.go:118.59,127.17 2 1
KNIRVENGINE/desktop-client/api/filesystem_connection.go:127.17,137.3 1 1
KNIRVENGINE/desktop-client/api/filesystem_connection.go:139.2,139.21 1 1
KNIRVENGINE/desktop-client/api/filesystem_connection.go:143.131,144.22 1 1
KNIRVENGINE/desktop-client/api/filesystem_connection.go:144.22,146.3 1 0
KNIRVENGINE/desktop-client/api/filesystem_connection.go:148.2,148.19 1 1
KNIRVENGINE/desktop-client/api/filesystem_connection.go:149.19,150.33 1 0
KNIRVENGINE/desktop-client/api/filesystem_connection.go:151.20,152.34 1 0
KNIRVENGINE/desktop-client/api/filesystem_connection.go:153.24,154.38 1 1
KNIRVENGINE/desktop-client/api/filesystem_connection.go:155.26,156.40 1 0
KNIRVENGINE/desktop-client/api/filesystem_connection.go:157.21,158.35 1 0
KNIRVENGINE/desktop-client/api/filesystem_connection.go:159.26,160.40 1 0
KNIRVENGINE/desktop-client/api/filesystem_connection.go:161.23,162.36 1 0
KNIRVENGINE/desktop-client/api/filesystem_connection.go:163.19,164.33 1 0
KNIRVENGINE/desktop-client/api/filesystem_connection.go:165.19,166.33 1 0
KNIRVENGINE/desktop-client/api/filesystem_connection.go:167.22,168.36 1 0
KNIRVENGINE/desktop-client/api/filesystem_connection.go:169.25,170.39 1 0
KNIRVENGINE/desktop-client/api/filesystem_connection.go:171.25,172.39 1 0
KNIRVENGINE/desktop-client/api/filesystem_connection.go:173.10,174.65 1 0
KNIRVENGINE/desktop-client/api/filesystem_connection.go:179.67,192.17 4 1
KNIRVENGINE/desktop-client/api/filesystem_connection.go:192.17,194.49 1 1
KNIRVENGINE/desktop-client/api/filesystem_connection.go:194.49,196.4 1 1
KNIRVENGINE/desktop-client/api/filesystem_connection.go:199.2,199.15 1 1
KNIRVENGINE/desktop-client/api/filesystem_connection.go:203.59,205.2 1 1
KNIRVENGINE/desktop-client/api/filesystem_connection.go:210.64,215.32 2 1
KNIRVENGINE/desktop-client/api/filesystem_connection.go:215.32,217.3 1 1
KNIRVENGINE/desktop-client/api/filesystem_connection.go:220.2,220.47 1 1
KNIRVENGINE/desktop-client/api/filesystem_connection.go:220.47,222.3 1 0
KNIRVENGINE/desktop-client/api/filesystem_connection.go:225.2,225.39 1 1
KNIRVENGINE/desktop-client/api/filesystem_connection.go:225.39,226.43 1 0
KNIRVENGINE/desktop-client/api/filesystem_connection.go:226.43,228.4 1 0
KNIRVENGINE/desktop-client/api/filesystem_connection.go:232.2,232.29 1 1
KNIRVENGINE/desktop-client/api/filesystem_connection.go:232.29,234.46 2 0
KNIRVENGINE/desktop-client/api/filesystem_connection.go:234.46,235.49 1 0
KNIRVENGINE/desktop-client/api/filesystem_connection.go:235.49,237.10 2 0
KNIRVENGINE/desktop-client/api/filesystem_connection.go:240.3,240.15 1 0
KNIRVENGINE/desktop-client/api/filesystem_connection.go:240.15,242.4 1 0
KNIRVENGINE/desktop-client/api/filesystem_connection.go:245.2,245.12 1 1
KNIRVENGINE/desktop-client/api/filesystem_connection.go:249.73,250.45 1 1
KNIRVENGINE/desktop-client/api/filesystem_connection.go:250.45,252.3 1 0
KNIRVENGINE/desktop-client/api/filesystem_connection.go:254.2,255.32 2 1
KNIRVENGINE/desktop-client/api/filesystem_connection.go:255.32,257.3 1 1
KNIRVENGINE/desktop-client/api/filesystem_connection.go:259.2,259.23 1 1
KNIRVENGINE/desktop-client/api/filesystem_connection.go:263.79,267.49 3 1
KNIRVENGINE/desktop-client/api/filesystem_connection.go:267.49,269.3 1 0
KNIRVENGINE/desktop-client/api/filesystem_connection.go:272.2,278.8 1 1
KNIRVENGINE/desktop-client/api/filesystem_connection.go:282.120,284.16 2 0
KNIRVENGINE/desktop-client/api/filesystem_connection.go:284.16,286.3 1 0
KNIRVENGINE/desktop-client/api/filesystem_connection.go:288.2,289.16 2 0
KNIRVENGINE/desktop-client/api/filesystem_connection.go:289.16,291.3 1 0
KNIRVENGINE/desktop-client/api/filesystem_connection.go:293.2,294.16 2 0
KNIRVENGINE/desktop-client/api/filesystem_connection.go:294.16,296.3 1 0
KNIRVENGINE/desktop-client/api/filesystem_connection.go:298.2,299.16 2 0
KNIRVENGINE/desktop-client/api/filesystem_connection.go:299.16,301.3 1 0
KNIRVENGINE/desktop-client/api/filesystem_connection.go:304.2,305.34 2 0
KNIRVENGINE/desktop-client/api/filesystem_connection.go:305.34,307.64 1 0
KNIRVENGINE/desktop-client/api/filesystem_connection.go:307.64,309.4 1 0
KNIRVENGINE/desktop-client/api/filesystem_connection.go:309.9,311.4 1 0
KNIRVENGINE/desktop-client/api/filesystem_connection.go:312.8,314.64 1 0
KNIRVENGINE/desktop-client/api/filesystem_connection.go:314.64,316.4 1 0
KNIRVENGINE/desktop-client/api/filesystem_connection.go:316.9,318.4 1 0
KNIRVENGINE/desktop-client/api/filesystem_connection.go:321.2,321.57 1 0
KNIRVENGINE/desktop-client/api/filesystem_connection.go:321.57,323.3 1 0
KNIRVENGINE/desktop-client/api/filesystem_connection.go:325.2,329.8 1 0
KNIRVENGINE/desktop-client/api/filesystem_connection.go:333.120,336.16 3 0
KNIRVENGINE/desktop-client/api/filesystem_connection.go:336.16,338.3 1 0
KNIRVENGINE/desktop-client/api/filesystem_connection.go:340.2,341.16 2 0
KNIRVENGINE/desktop-client/api/filesystem_connection.go:341.16,343.3 1 0
KNIRVENGINE/desktop-client/api/filesystem_connection.go:346.2,346.52 1 0
KNIRVENGINE/desktop-client/api/filesystem_connection.go:346.52,348.3 1 0
KNIRVENGINE/desktop-client/api/filesystem_connection.go:348.8,348.26 1 0
KNIRVENGINE/desktop-client/api/filesystem_connection.go:348.26,350.3 1 0
KNIRVENGINE/desktop-client/api/filesystem_connection.go:354.2,355.16 2 0
KNIRVENGINE/desktop-client/api/filesystem_connection.go:355.16,357.3 1 0
KNIRVENGINE/desktop-client/api/filesystem_connection.go:359.2,360.32 2 0
KNIRVENGINE/desktop-client/api/filesystem_connection.go:360.32,362.17 2 0
KNIRVENGINE/desktop-client/api/filesystem_connection.go:362.17,363.12 1 0
KNIRVENGINE/desktop-client/api/filesystem_connection.go:366.3,371.5 1 0
KNIRVENGINE/desktop-client/api/filesystem_connection.go:374.2,381.8 1 0
KNIRVENGINE/desktop-client/api/filesystem_connection.go:387.114,390.16 3 0
KNIRVENGINE/desktop-client/api/filesystem_connection.go:390.16,392.3 1 0
KNIRVENGINE/desktop-client/api/filesystem_connection.go:394.2,395.16 2 0
KNIRVENGINE/desktop-client/api/filesystem_connection.go:395.16,397.3 1 0
KNIRVENGINE/desktop-client/api/filesystem_connection.go:400.2,400.52 1 0
KNIRVENGINE/desktop-client/api/filesystem_connection.go:400.52,402.3 1 0
KNIRVENGINE/desktop-client/api/filesystem_connection.go:402.8,402.40 1 0
KNIRVENGINE/desktop-client/api/filesystem_connection.go:402.40,404.3 1 0
KNIRVENGINE/desktop-client/api/filesystem_connection.go:406.2,407.16 2 0
KNIRVENGINE/desktop-client/api/filesystem_connection.go:407.16,409.3 1 0
KNIRVENGINE/desktop-client/api/filesystem_connection.go:411.2,416.8 1 0
KNIRVENGINE/desktop-client/api/filesystem_connection.go:420.115,422.16 2 0
KNIRVENGINE/desktop-client/api/filesystem_connection.go:422.16,424.3 1 0
KNIRVENGINE/desktop-client/api/filesystem_connection.go:426.2,428.16 3 0
KNIRVENGINE/desktop-client/api/filesystem_connection.go:428.16,430.3 1 0
KNIRVENGINE/desktop-client/api/filesystem_connection.go:432.2,433.16 2 0
KNIRVENGINE/desktop-client/api/filesystem_connection.go:433.16,435.3 1 0
KNIRVENGINE/desktop-client/api/filesystem_connection.go:438.2,438.38 1 0
KNIRVENGINE/desktop-client/api/filesystem_connection.go:438.38,440.3 1 0
KNIRVENGINE/desktop-client/api/filesystem_connection.go:443.2,443.70 1 0
KNIRVENGINE/desktop-client/api/filesystem_connection.go:443.70,445.3 1 0
KNIRVENGINE/desktop-client/api/filesystem_connection.go:448.2,448.71 1 0
KNIRVENGINE/desktop-client/api/filesystem_connection.go:448.71,450.3 1 0
KNIRVENGINE/desktop-client/api/filesystem_connection.go:452.2,456.8 1 0
KNIRVENGINE/desktop-client/api/filesystem_connection.go:460.119,463.16 3 1
KNIRVENGINE/desktop-client/api/filesystem_connection.go:463.16,465.3 1 0
KNIRVENGINE/desktop-client/api/filesystem_connection.go:467.2,468.16 2 1
KNIRVENGINE/desktop-client/api/filesystem_connection.go:468.16,470.3 1 0
KNIRVENGINE/desktop-client/api/filesystem_connection.go:472.2,473.16 2 1
KNIRVENGINE/desktop-client/api/filesystem_connection.go:473.16,475.3 1 0
KNIRVENGINE/desktop-client/api/filesystem_connection.go:477.2,478.32 2 1
KNIRVENGINE/desktop-client/api/filesystem_connection.go:478.32,480.17 2 1
KNIRVENGINE/desktop-client/api/filesystem_connection.go:480.17,481.12 1 0
KNIRVENGINE/desktop-client/api/filesystem_connection.go:484.3,490.5 1 1
KNIRVENGINE/desktop-client/api/filesystem_connection.go:493.2,498.8 1 1
KNIRVENGINE/desktop-client/api/filesystem_connection.go:502.121,504.16 2 0
[...]
KNIRVENGINE/desktop-client/api/user_service.go:264.2,265.16 2 0
KNIRVENGINE/desktop-client/api/user_service.go:265.16,268.3 2 0
KNIRVENGINE/desktop-client/api/user_service.go:271.2,272.32 2 0
KNIRVENGINE/desktop-client/api/user_service.go:272.32,274.3 1 0
KNIRVENGINE/desktop-client/api/user_service.go:276.2,285.4 1 0
KNIRVENGINE/desktop-client/api/user_service.go:289.83,292.9 2 0
KNIRVENGINE/desktop-client/api/user_service.go:292.9,295.3 2 0
KNIRVENGINE/desktop-client/api/user_service.go:298.2,299.16 2 0
KNIRVENGINE/desktop-client/api/user_service.go:299.16,302.3 2 0
KNIRVENGINE/desktop-client/api/user_service.go:305.2,310.61 2 0
KNIRVENGINE/desktop-client/api/user_service.go:310.61,313.3 2 0
KNIRVENGINE/desktop-client/api/user_service.go:316.2,316.24 1 0
KNIRVENGINE/desktop-client/api/user_service.go:316.24,318.3 1 0
KNIRVENGINE/desktop-client/api/user_service.go:320.2,320.21 1 0
KNIRVENGINE/desktop-client/api/user_service.go:320.21,322.3 1 0
KNIRVENGINE/desktop-client/api/user_service.go:325.2,325.60 1 0
KNIRVENGINE/desktop-client/api/user_service.go:325.60,326.64 1 0
KNIRVENGINE/desktop-client/api/user_service.go:326.64,329.4 2 0
KNIRVENGINE/desktop-client/api/user_service.go:330.3,330.61 1 0
KNIRVENGINE/desktop-client/api/user_service.go:330.61,333.4 2 0
KNIRVENGINE/desktop-client/api/user_service.go:334.3,335.9 2 0
KNIRVENGINE/desktop-client/api/user_service.go:338.2,346.4 1 0
KNIRVENGINE/desktop-client/api/user_service.go:350.84,353.9 2 0
KNIRVENGINE/desktop-client/api/user_service.go:353.9,356.3 2 0
KNIRVENGINE/desktop-client/api/user_service.go:359.2,364.61 2 0
KNIRVENGINE/desktop-client/api/user_service.go:364.61,367.3 2 0
KNIRVENGINE/desktop-client/api/user_service.go:370.2,370.56 1 0
KNIRVENGINE/desktop-client/api/user_service.go:370.56,373.3 2 0
KNIRVENGINE/desktop-client/api/user_service.go:376.2,377.16 2 0
KNIRVENGINE/desktop-client/api/user_service.go:377.16,380.3 2 0
KNIRVENGINE/desktop-client/api/user_service.go:383.2,384.16 2 0
KNIRVENGINE/desktop-client/api/user_service.go:384.16,387.3 2 0
KNIRVENGINE/desktop-client/api/user_service.go:389.2,389.12 1 0
KNIRVENGINE/desktop-client/api/user_service.go:389.12,392.3 2 0
KNIRVENGINE/desktop-client/api/user_service.go:395.2,395.75 1 0
KNIRVENGINE/desktop-client/api/user_service.go:395.75,398.3 2 0
KNIRVENGINE/desktop-client/api/user_service.go:400.2,402.4 1 0
KNIRVENGINE/desktop-client/api/utils.go:10.75,14.2 3 0
KNIRVENGINE/desktop-client/api/utils.go:17.74,19.2 1 0
KNIRVENGINE/desktop-client/api/utils.go:22.40,24.2 1 0
KNIRVENGINE/desktop-client/api/utils.go:29.92,30.41 1 1
KNIRVENGINE/desktop-client/api/utils.go:30.41,32.3 1 1
KNIRVENGINE/desktop-client/api/utils.go:33.2,33.21 1 0
KNIRVENGINE/desktop-client/api/utils.go:37.83,38.42 1 0
KNIRVENGINE/desktop-client/api/utils.go:38.42,40.3 1 0
KNIRVENGINE/desktop-client/api/utils.go:41.2,41.38 1 0
KNIRVENGINE/desktop-client/api/utils.go:41.38,43.3 1 0
KNIRVENGINE/desktop-client/api/utils.go:44.2,44.21 1 0
KNIRVENGINE/desktop-client/api/utils.go:48.86,49.39 1 0
KNIRVENGINE/desktop-client/api/utils.go:49.39,51.3 1 0
KNIRVENGINE/desktop-client/api/utils.go:52.2,52.21 1 0
KNIRVENGINE/desktop-client/api/utils.go:56.90,57.41 1 0
KNIRVENGINE/desktop-client/api/utils.go:57.41,59.3 1 0
KNIRVENGINE/desktop-client/api/utils.go:60.2,60.21 1 0
KNIRVENGINE/desktop-client/api/utils.go:64.82,65.38 1 0
KNIRVENGINE/desktop-client/api/utils.go:65.38,67.3 1 0
KNIRVENGINE/desktop-client/api/utils.go:68.2,68.21 1 0
KNIRVENGINE/desktop-client/api/utils.go:72.83,73.36 1 0
KNIRVENGINE/desktop-client/api/utils.go:73.36,75.3 1 0
KNIRVENGINE/desktop-client/api/utils.go:76.2,76.21 1 0
KNIRVENGINE/desktop-client/api/utils.go:80.80,81.39 1 0
KNIRVENGINE/desktop-client/api/utils.go:81.39,83.3 1 0
KNIRVENGINE/desktop-client/api/utils.go:84.2,84.35 1 0
KNIRVENGINE/desktop-client/api/utils.go:84.35,86.3 1 0
KNIRVENGINE/desktop-client/api/utils.go:87.2,87.21 1 0
KNIRVENGINE/desktop-client/api/validation_middleware.go:18.54,30.2 6 1
KNIRVENGINE/desktop-client/api/validation_middleware.go:33.69,35.2 1 1
KNIRVENGINE/desktop-client/api/validation_middleware.go:54.96,59.47 3 1
KNIRVENGINE/desktop-client/api/validation_middleware.go:59.47,61.3 1 1
KNIRVENGINE/desktop-client/api/validation_middleware.go:64.2,64.52 1 1
KNIRVENGINE/desktop-client/api/validation_middleware.go:64.52,66.3 1 1
KNIRVENGINE/desktop-client/api/validation_middleware.go:68.2,68.12 1 1
KNIRVENGINE/desktop-client/api/validation_middleware.go:72.94,73.46 1 1
KNIRVENGINE/desktop-client/api/validation_middleware.go:73.46,74.72 1 1
KNIRVENGINE/desktop-client/api/validation_middleware.go:74.72,76.64 1 1
KNIRVENGINE/desktop-client/api/validation_middleware.go:76.64,79.5 2 1
KNIRVENGINE/desktop-client/api/validation_middleware.go:82.4,82.70 1 1
KNIRVENGINE/desktop-client/api/validation_middleware.go:82.70,84.59 2 1
KNIRVENGINE/desktop-client/api/validation_middleware.go:84.59,87.6 2 1
KNIRVENGINE/desktop-client/api/validation_middleware.go:90.4,90.24 1 1
KNIRVENGINE/desktop-client/api/validation_middleware.go:96.72,105.37 2 1
KNIRVENGINE/desktop-client/api/validation_middleware.go:105.37,106.40 1 1
KNIRVENGINE/desktop-client/api/validation_middleware.go:106.40,108.4 1 0
KNIRVENGINE/desktop-client/api/validation_middleware.go:111.2,111.14 1 1
KNIRVENGINE/desktop-client/api/validation_middleware.go:115.126,127.2 4 1
KNIRVENGINE/desktop-client/api/validation_middleware.go:130.85,133.65 2 1
KNIRVENGINE/desktop-client/api/validation_middleware.go:133.65,134.46 1 1
KNIRVENGINE/desktop-client/api/validation_middleware.go:134.46,142.4 2 1
KNIRVENGINE/desktop-client/api/validation_middleware.go:145.2,145.25 1 1
KNIRVENGINE/desktop-client/api/validation_middleware.go:149.89,154.13 4 1
KNIRVENGINE/desktop-client/api/validation_middleware.go:155.18,156.46 1 1
KNIRVENGINE/desktop-client/api/validation_middleware.go:157.13,158.77 1 0
KNIRVENGINE/desktop-client/api/validation_middleware.go:159.13,160.76 1 0
KNIRVENGINE/desktop-client/api/validation_middleware.go:161.15,162.64 1 0
KNIRVENGINE/desktop-client/api/validation_middleware.go:163.13,164.54 1 0
KNIRVENGINE/desktop-client/api/validation_middleware.go:165.14,166.55 1 0
KNIRVENGINE/desktop-client/api/validation_middleware.go:167.20,168.92 1 1
KNIRVENGINE/desktop-client/api/validation_middleware.go:169.22,170.88 1 0
KNIRVENGINE/desktop-client/api/validation_middleware.go:171.16,172.89 1 0
KNIRVENGINE/desktop-client/api/validation_middleware.go:173.20,174.61 1 0
KNIRVENGINE/desktop-client/api/validation_middleware.go:175.15,176.60 1 0
KNIRVENGINE/desktop-client/api/validation_middleware.go:177.13,178.77 1 0
KNIRVENGINE/desktop-client/api/validation_middleware.go:179.13,180.74 1 0
KNIRVENGINE/desktop-client/api/validation_middleware.go:181.10,182.45 1 0
KNIRVENGINE/desktop-client/api/validation_middleware.go:189.54,193.39 3 1
KNIRVENGINE/desktop-client/api/validation_middleware.go:193.39,194.29 1 1
KNIRVENGINE/desktop-client/api/validation_middleware.go:194.29,196.4 1 1
KNIRVENGINE/desktop-client/api/validation_middleware.go:199.2,199.14 1 1
KNIRVENGINE/desktop-client/api/validation_middleware.go:203.56,207.43 3 1
KNIRVENGINE/desktop-client/api/validation_middleware.go:207.43,208.33 1 1
KNIRVENGINE/desktop-client/api/validation_middleware.go:208.33,210.4 1 1
KNIRVENGINE/desktop-client/api/validation_middleware.go:213.2,213.14 1 1
KNIRVENGINE/desktop-client/api/validation_middleware.go:217.51,221.44 3 1
KNIRVENGINE/desktop-client/api/validation_middleware.go:221.44,222.28 1 1
KNIRVENGINE/desktop-client/api/validation_middleware.go:222.28,224.4 1 1
KNIRVENGINE/desktop-client/api/validation_middleware.go:227.2,227.14 1 1
KNIRVENGINE/desktop-client/api/validation_middleware.go:231.55,235.51 2 1
KNIRVENGINE/desktop-client/api/validation_middleware.go:235.51,237.3 1 1
KNIRVENGINE/desktop-client/api/validation_middleware.go:240.2,240.34 1 1
KNIRVENGINE/desktop-client/api/validation_middleware.go:240.34,244.47 1 1
KNIRVENGINE/desktop-client/api/validation_middleware.go:244.47,246.4 1 0
KNIRVENGINE/desktop-client/api/validation_middleware.go:249.2,249.13 1 1
KNIRVENGINE/desktop-client/api/validation_middleware.go:253.117,254.58 1 1
KNIRVENGINE/desktop-client/api/validation_middleware.go:254.58,255.66 1 1
KNIRVENGINE/desktop-client/api/validation_middleware.go:255.66,258.4 2 1
KNIRVENGINE/desktop-client/api/validation_middleware.go:258.9,260.4 1 0
KNIRVENGINE/desktop-client/api/validation_middleware.go:261.3,261.15 1 1
KNIRVENGINE/desktop-client/api/validation_middleware.go:264.2,264.13 1 1
KNIRVENGINE/desktop-client/api/validation_middleware.go:268.68,270.2 1 0
KNIRVENGINE/desktop-client/api/validation_middleware.go:273.95,275.2 1 0
KNIRVENGINE/desktop-client/api/validation_middleware.go:278.84,280.2 1 1
KNIRVENGINE/desktop-client/api/wallet_handlers.go:108.66,115.2 2 1
KNIRVENGINE/desktop-client/api/wallet_handlers.go:118.55,119.42 1 1
KNIRVENGINE/desktop-client/api/wallet_handlers.go:119.42,121.3 1 0
KNIRVENGINE/desktop-client/api/wallet_handlers.go:122.2,122.21 1 1
KNIRVENGINE/desktop-client/api/wallet_handlers.go:126.42,205.2 1 1
KNIRVENGINE/desktop-client/api/wallet_handlers.go:208.78,214.2 2 0
KNIRVENGINE/desktop-client/api/wallet_handlers.go:217.77,221.40 3 0
KNIRVENGINE/desktop-client/api/wallet_handlers.go:221.40,222.28 1 0
KNIRVENGINE/desktop-client/api/wallet_handlers.go:222.28,229.4 3 0
KNIRVENGINE/desktop-client/api/wallet_handlers.go:232.2,232.56 1 0
KNIRVENGINE/desktop-client/api/wallet_handlers.go:236.78,240.29 2 0
KNIRVENGINE/desktop-client/api/wallet_handlers.go:240.29,247.47 5 0
KNIRVENGINE/desktop-client/api/wallet_handlers.go:247.47,262.4 3 0
KNIRVENGINE/desktop-client/api/wallet_handlers.go:264.3,264.64 1 0
KNIRVENGINE/desktop-client/api/wallet_handlers.go:268.2,271.4 1 0
KNIRVENGINE/desktop-client/api/wallet_handlers.go:275.35,276.55 1 0
KNIRVENGINE/desktop-client/api/wallet_handlers.go:276.55,278.3 1 0
KNIRVENGINE/desktop-client/api/wallet_handlers.go:279.2,279.12 1 0
KNIRVENGINE/desktop-client/api/wallet_handlers.go:283.81,297.2 3 0
KNIRVENGINE/desktop-client/api/wallet_handlers.go:300.77,306.2 2 0
KNIRVENGINE/desktop-client/api/wallet_handlers.go:309.83,317.20 5 0
KNIRVENGINE/desktop-client/api/wallet_handlers.go:317.20,318.51 1 0
KNIRVENGINE/desktop-client/api/wallet_handlers.go:318.51,320.4 1 0
KNIRVENGINE/desktop-client/api/wallet_handlers.go:323.2,323.21 1 0
KNIRVENGINE/desktop-client/api/wallet_handlers.go:323.21,324.52 1 0
KNIRVENGINE/desktop-client/api/wallet_handlers.go:324.52,326.4 1 0
KNIRVENGINE/desktop-client/api/wallet_handlers.go:330.2,331.33 2 0
KNIRVENGINE/desktop-client/api/wallet_handlers.go:331.33,333.3 1 0
KNIRVENGINE/desktop-client/api/wallet_handlers.go:333.8,335.30 2 0
KNIRVENGINE/desktop-client/api/wallet_handlers.go:335.30,337.4 1 0
KNIRVENGINE/desktop-client/api/wallet_handlers.go:338.3,338.42 1 0
KNIRVENGINE/desktop-client/api/wallet_handlers.go:341.2,348.4 2 0
KNIRVENGINE/desktop-client/api/wallet_handlers.go:352.83,354.61 2 0
KNIRVENGINE/desktop-client/api/wallet_handlers.go:354.61,357.3 2 0
KNIRVENGINE/desktop-client/api/wallet_handlers.go:360.2,378.12 3 0
KNIRVENGINE/desktop-client/api/wallet_handlers.go:378.12,381.42 2 0
KNIRVENGINE/desktop-client/api/wallet_handlers.go:381.42,382.25 1 0
KNIRVENGINE/desktop-client/api/wallet_handlers.go:382.25,384.10 2 0
KNIRVENGINE/desktop-client/api/wallet_handlers.go:389.2,393.4 2 0
KNIRVENGINE/desktop-client/api/wallet_handlers.go:397.80,402.61 2 0
KNIRVENGINE/desktop-client/api/wallet_handlers.go:402.61,405.3 2 0
KNIRVENGINE/desktop-client/api/wallet_handlers.go:407.2,424.4 4 0
KNIRVENGINE/desktop-client/api/wallet_handlers.go:428.87,434.2 2 0
KNIRVENGINE/desktop-client/api/wallet_handlers.go:437.82,442.61 2 0
KNIRVENGINE/desktop-client/api/wallet_handlers.go:442.61,445.3 2 0
KNIRVENGINE/desktop-client/api/wallet_handlers.go:447.2,447.24 1 0
KNIRVENGINE/desktop-client/api/wallet_handlers.go:447.24,450.3 2 0
KNIRVENGINE/desktop-client/api/wallet_handlers.go:454.2,465.4 3 0
KNIRVENGINE/desktop-client/api/wallet_handlers.go:469.50,491.2 12 1
KNIRVENGINE/desktop-client/api/web_connections.go:36.56,40.2 1 0
KNIRVENGINE/desktop-client/api/web_connections.go:43.82,48.13 4 0
KNIRVENGINE/desktop-client/api/web_connections.go:48.13,50.3 1 0
KNIRVENGINE/desktop-client/api/web_connections.go:52.2,52.24 1 0
KNIRVENGINE/desktop-client/api/web_connections.go:56.89,61.43 4 0
KNIRVENGINE/desktop-client/api/web_connections.go:61.43,62.35 1 0
KNIRVENGINE/desktop-client/api/web_connections.go:62.35,64.4 1 0
KNIRVENGINE/desktop-client/api/web_connections.go:67.2,67.25 1 0
KNIRVENGINE/desktop-client/api/web_connections.go:71.83,84.2 7 0
KNIRVENGINE/desktop-client/api/web_connections.go:87.83,93.13 4 0
KNIRVENGINE/desktop-client/api/web_connections.go:93.13,95.3 1 0
KNIRVENGINE/desktop-client/api/web_connections.go:98.2,103.12 3 0
KNIRVENGINE/desktop-client/api/web_connections.go:107.67,113.13 4 0
KNIRVENGINE/desktop-client/api/web_connections.go:113.13,115.3 1 0
KNIRVENGINE/desktop-client/api/web_connections.go:118.2,120.12 2 0
KNIRVENGINE/desktop-client/api/web_connections.go:124.73,129.13 4 0
KNIRVENGINE/desktop-client/api/web_connections.go:129.13,131.3 1 0
KNIRVENGINE/desktop-client/api/web_connections.go:135.2,143.18 6 0
KNIRVENGINE/desktop-client/api/web_connections.go:147.70,157.2 8 0
KNIRVENGINE/desktop-client/api/web_connections.go:160.95,165.16 3 0
KNIRVENGINE/desktop-client/api/web_connections.go:165.16,168.3 2 0
KNIRVENGINE/desktop-client/api/web_connections.go:170.2,173.4 2 0
KNIRVENGINE/desktop-client/api/web_connections.go:177.93,182.16 4 0
KNIRVENGINE/desktop-client/api/web_connections.go:182.16,185.3 2 0
KNIRVENGINE/desktop-client/api/web_connections.go:188.2,191.34 2 0
KNIRVENGINE/desktop-client/api/web_connections.go:191.34,194.3 2 0
KNIRVENGINE/desktop-client/api/web_connections.go:196.2,199.4 2 0
KNIRVENGINE/desktop-client/api/web_connections.go:203.96,205.68 2 0
KNIRVENGINE/desktop-client/api/web_connections.go:205.68,208.3 2 0
KNIRVENGINE/desktop-client/api/web_connections.go:211.2,217.56 3 0
KNIRVENGINE/desktop-client/api/web_connections.go:217.56,220.3 2 0
KNIRVENGINE/desktop-client/api/web_connections.go:222.2,226.4 3 0
KNIRVENGINE/desktop-client/api/web_connections.go:230.96,236.16 4 0
KNIRVENGINE/desktop-client/api/web_connections.go:236.16,239.3 2 0
KNIRVENGINE/desktop-client/api/web_connections.go:242.2,245.42 2 0
KNIRVENGINE/desktop-client/api/web_connections.go:245.42,248.3 2 0
KNIRVENGINE/desktop-client/api/web_connections.go:251.2,252.68 2 0
KNIRVENGINE/desktop-client/api/web_connections.go:252.68,255.3 2 0
KNIRVENGINE/desktop-client/api/web_connections.go:258.2,265.56 4 0
KNIRVENGINE/desktop-client/api/web_connections.go:265.56,268.3 2 0
KNIRVENGINE/desktop-client/api/web_connections.go:270.2,273.4 2 0
KNIRVENGINE/desktop-client/api/web_connections.go:277.96,283.16 4 0
KNIRVENGINE/desktop-client/api/web_connections.go:283.16,286.3 2 0
KNIRVENGINE/desktop-client/api/web_connections.go:289.2,292.42 2 0
KNIRVENGINE/desktop-client/api/web_connections.go:292.42,295.3 2 0
KNIRVENGINE/desktop-client/api/web_connections.go:298.2,298.47 1 0
KNIRVENGINE/desktop-client/api/web_connections.go:298.47,301.3 2 0
KNIRVENGINE/desktop-client/api/web_connections.go:303.2,306.4 2 0
KNIRVENGINE/desktop-client/api/web_connections.go:310.94,316.16 4 0
KNIRVENGINE/desktop-client/api/web_connections.go:316.16,319.3 2 0
KNIRVENGINE/desktop-client/api/web_connections.go:322.2,325.42 2 0
KNIRVENGINE/desktop-client/api/web_connections.go:325.42,328.3 2 0
KNIRVENGINE/desktop-client/api/web_connections.go:331.2,332.16 2 0
KNIRVENGINE/desktop-client/api/web_connections.go:332.16,335.3 2 0
KNIRVENGINE/desktop-client/api/web_connections.go:337.2,341.4 2 0
KNIRVENGINE/desktop-client/api/web_connections.go:345.93,351.17 4 0
KNIRVENGINE/desktop-client/api/web_connections.go:351.17,355.3 2 0
KNIRVENGINE/desktop-client/api/web_connections.go:357.2,357.16 1 0
KNIRVENGINE/desktop-client/api/web_connections.go:357.16,360.3 2 0
KNIRVENGINE/desktop-client/api/web_connections.go:369.2,431.5 3 0
KNIRVENGINE/desktop-client/api/web_connections.go:436.92,442.27 4 0
KNIRVENGINE/desktop-client/api/web_connections.go:442.27,445.3 2 0
KNIRVENGINE/desktop-client/api/web_connections.go:448.2,453.61 2 0
KNIRVENGINE/desktop-client/api/web_connections.go:453.61,456.3 2 0
KNIRVENGINE/desktop-client/api/web_connections.go:459.2,459.24 1 0
KNIRVENGINE/desktop-client/api/web_connections.go:459.24,461.3 1 0
KNIRVENGINE/desktop-client/api/web_connections.go:462.2,462.28 1 0
KNIRVENGINE/desktop-client/api/web_connections.go:462.28,464.3 1 0
KNIRVENGINE/desktop-client/api/web_connections.go:472.2,481.57 3 0
KNIRVENGINE/desktop-client/api/web_connections.go:481.57,485.3 3 0
KNIRVENGINE/desktop-client/api/web_connections.go:487.2,487.99 1 0
KNIRVENGINE/desktop-client/api/workflow_orchestration.go:60.97,62.2 1 0
KNIRVENGINE/desktop-client/api/workflow_orchestration.go:65.70,69.2 1 1
KNIRVENGINE/desktop-client/api/workflow_orchestration.go:72.135,98.2 7 0
KNIRVENGINE/desktop-client/api/workflow_orchestration.go:101.101,109.9 5 0
KNIRVENGINE/desktop-client/api/workflow_orchestration.go:109.9,112.3 2 0
KNIRVENGINE/desktop-client/api/workflow_orchestration.go:115.2,119.9 3 0
KNIRVENGINE/desktop-client/api/workflow_orchestration.go:120.37,123.65 1 0
KNIRVENGINE/desktop-client/api/workflow_orchestration.go:124.20,126.9 2 0
KNIRVENGINE/desktop-client/api/workflow_orchestration.go:130.2,130.43 1 0
KNIRVENGINE/desktop-client/api/workflow_orchestration.go:134.107,145.2 7 0
KNIRVENGINE/desktop-client/api/workflow_orchestration.go:148.103,161.2 7 0
KNIRVENGINE/desktop-client/api/workflow_orchestration.go:164.88,169.13 4 0
KNIRVENGINE/desktop-client/api/workflow_orchestration.go:169.13,171.3 1 0
KNIRVENGINE/desktop-client/api/workflow_orchestration.go:173.2,173.22 1 0
KNIRVENGINE/desktop-client/api/workflow_orchestration.go:177.95,182.39 4 0
KNIRVENGINE/desktop-client/api/workflow_orchestration.go:182.39,183.33 1 0
KNIRVENGINE/desktop-client/api/workflow_orchestration.go:183.33,185.4 1 0
KNIRVENGINE/desktop-client/api/workflow_orchestration.go:188.2,188.21 1 0
KNIRVENGINE/desktop-client/api/workflow_orchestration.go:192.86,197.13 4 0
KNIRVENGINE/desktop-client/api/workflow_orchestration.go:197.13,199.3 1 0
KNIRVENGINE/desktop-client/api/workflow_orchestration.go:201.2,201.32 1 0
KNIRVENGINE/desktop-client/api/workflow_orchestration.go:201.32,203.3 1 0
KNIRVENGINE/desktop-client/api/workflow_orchestration.go:205.2,205.90 1 0
KNIRVENGINE/desktop-client/api/workflow_orchestration.go:205.90,207.3 1 0
KNIRVENGINE/desktop-client/api/workflow_orchestration.go:209.2,214.12 5 0
KNIRVENGINE/desktop-client/api/workflow_orchestration.go:218.66,226.2 5 0
KNIRVENGINE/desktop-client/api/workflow_orchestration.go:229.77,234.2 4 1
KNIRVENGINE/desktop-client/api/workflow_orchestration.go:237.100,242.61 3 0
KNIRVENGINE/desktop-client/api/workflow_orchestration.go:242.61,245.3 2 0
KNIRVENGINE/desktop-client/api/workflow_orchestration.go:247.2,248.16 2 0
KNIRVENGINE/desktop-client/api/workflow_orchestration.go:248.16,251.3 2 0
KNIRVENGINE/desktop-client/api/workflow_orchestration.go:253.2,257.4 3 0
KNIRVENGINE/desktop-client/api/workflow_orchestration.go:261.98,269.16 5 0
KNIRVENGINE/desktop-client/api/workflow_orchestration.go:269.16,272.3 2 0
KNIRVENGINE/desktop-client/api/workflow_orchestration.go:275.2,275.32 1 0
KNIRVENGINE/desktop-client/api/workflow_orchestration.go:275.32,278.3 2 0
KNIRVENGINE/desktop-client/api/workflow_orchestration.go:280.2,283.4 2 0
KNIRVENGINE/desktop-client/api/workflow_orchestration.go:287.100,292.16 3 0
KNIRVENGINE/desktop-client/api/workflow_orchestration.go:292.16,295.3 2 0
KNIRVENGINE/desktop-client/api/workflow_orchestration.go:297.2,300.4 2 0
KNIRVENGINE/desktop-client/api/workflow_orchestration.go:304.101,311.53 4 0
KNIRVENGINE/desktop-client/api/workflow_orchestration.go:311.53,314.3 2 0
KNIRVENGINE/desktop-client/api/workflow_orchestration.go:316.2,319.4 2 0
