mode: set
github.com/knirvchain/cmd/node/main.go:32.27,43.2 2 0
github.com/knirvchain/cmd/node/main.go:46.46,47.42 1 0
github.com/knirvchain/cmd/node/main.go:47.42,49.3 1 0
github.com/knirvchain/cmd/node/main.go:50.2,50.21 1 0
github.com/knirvchain/cmd/node/main.go:53.13,67.58 9 0
github.com/knirvchain/cmd/node/main.go:67.58,69.3 1 0
github.com/knirvchain/cmd/node/main.go:72.2,86.16 9 0
github.com/knirvchain/cmd/node/main.go:86.16,88.3 1 0
github.com/knirvchain/cmd/node/main.go:89.2,89.15 1 0
github.com/knirvchain/cmd/node/main.go:89.15,92.3 2 0
github.com/knirvchain/cmd/node/main.go:93.2,98.16 4 0
github.com/knirvchain/cmd/node/main.go:98.16,100.3 1 0
github.com/knirvchain/cmd/node/main.go:101.2,116.16 7 0
github.com/knirvchain/cmd/node/main.go:116.16,118.3 1 0
github.com/knirvchain/cmd/node/main.go:119.2,132.32 8 0
github.com/knirvchain/cmd/node/main.go:132.32,135.3 2 0
github.com/knirvchain/cmd/node/main.go:135.8,138.3 2 0
github.com/knirvchain/cmd/node/main.go:139.2,139.16 1 0
github.com/knirvchain/cmd/node/main.go:139.16,141.3 1 0
github.com/knirvchain/cmd/node/main.go:142.2,145.56 2 0
github.com/knirvchain/cmd/node/main.go:145.56,147.3 1 0
github.com/knirvchain/cmd/node/main.go:150.2,157.16 3 0
github.com/knirvchain/cmd/node/main.go:157.16,159.3 1 0
github.com/knirvchain/cmd/node/main.go:160.2,169.12 6 0
github.com/knirvchain/cmd/node/main.go:169.12,171.57 2 0
github.com/knirvchain/cmd/node/main.go:171.57,173.4 1 0
github.com/knirvchain/cmd/node/main.go:177.2,188.9 10 0
github.com/knirvchain/cmd/node/main.go:189.24,191.52 2 0
github.com/knirvchain/cmd/node/main.go:193.30,195.57 2 0
github.com/knirvchain/cmd/node/main.go:199.2,214.27 9 0
github.com/knirvchain/cmd/node/main.go:214.27,217.3 1 0
github.com/knirvchain/cmd/node/main.go:218.2,246.56 17 0
github.com/knirvchain/cmd/node/main.go:246.56,248.3 1 0
github.com/knirvchain/cmd/node/main.go:250.2,251.28 2 0
github.com/knirvchain/cmd/node/main.go:255.20,265.2 2 0
github.com/knirvchain/internal/auth/auth.go:32.54,37.2 1 0
github.com/knirvchain/internal/auth/auth.go:43.19,57.2 3 0
github.com/knirvchain/internal/auth/auth.go:60.76,64.47 1 0
github.com/knirvchain/internal/auth/auth.go:64.47,65.59 1 0
github.com/knirvchain/internal/auth/auth.go:65.59,67.5 1 0
github.com/knirvchain/internal/auth/auth.go:68.4,68.28 1 0
github.com/knirvchain/internal/auth/auth.go:72.2,72.16 1 0
github.com/knirvchain/internal/auth/auth.go:72.16,74.3 1 0
github.com/knirvchain/internal/auth/auth.go:76.2,76.61 1 0
github.com/knirvchain/internal/auth/auth.go:76.61,78.3 1 0
github.com/knirvchain/internal/auth/auth.go:80.2,80.41 1 0
github.com/knirvchain/internal/auth/auth.go:84.71,86.16 2 0
github.com/knirvchain/internal/auth/auth.go:86.16,88.3 1 0
github.com/knirvchain/internal/auth/auth.go:90.2,90.79 1 0
github.com/knirvchain/internal/auth/auth.go:94.58,95.34 1 0
github.com/knirvchain/internal/auth/auth.go:95.34,96.44 1 0
github.com/knirvchain/internal/auth/auth.go:96.44,98.4 1 0
github.com/knirvchain/internal/auth/auth.go:100.2,100.14 1 0
github.com/knirvchain/internal/auth/auth.go:108.68,110.2 1 0
github.com/knirvchain/internal/auth/auth.go:116.72,117.71 1 0
github.com/knirvchain/internal/auth/auth.go:117.71,119.23 2 0
github.com/knirvchain/internal/auth/auth.go:119.23,122.4 2 0
github.com/knirvchain/internal/auth/auth.go:124.3,124.57 1 0
github.com/knirvchain/internal/auth/auth.go:124.57,127.4 2 0
github.com/knirvchain/internal/auth/auth.go:129.3,131.17 3 0
github.com/knirvchain/internal/auth/auth.go:131.17,134.4 2 0
github.com/knirvchain/internal/auth/auth.go:136.3,137.40 2 0
github.com/knirvchain/internal/auth/auth.go:141.53,144.2 2 0
github.com/knirvchain/internal/classifier/classifier.go:17.46,32.2 1 0
github.com/knirvchain/internal/classifier/classifier.go:34.100,38.42 2 0
github.com/knirvchain/internal/classifier/classifier.go:38.42,39.40 1 0
github.com/knirvchain/internal/classifier/classifier.go:39.40,41.4 1 0
github.com/knirvchain/internal/classifier/classifier.go:45.2,45.44 1 0
github.com/knirvchain/internal/classifier/classifier.go:45.44,46.46 1 0
github.com/knirvchain/internal/classifier/classifier.go:46.46,48.4 1 0
github.com/knirvchain/internal/classifier/classifier.go:52.2,52.39 1 0
github.com/knirvchain/internal/classifier/classifier.go:52.39,53.45 1 0
github.com/knirvchain/internal/classifier/classifier.go:53.45,55.4 1 0
github.com/knirvchain/internal/classifier/classifier.go:59.2,59.28 1 0
github.com/knirvchain/internal/classifier/classifier.go:59.28,61.3 1 0
github.com/knirvchain/internal/classifier/classifier.go:63.2,63.35 1 0
github.com/knirvchain/internal/classifier/classifier.go:66.56,72.43 2 0
github.com/knirvchain/internal/classifier/classifier.go:72.43,73.43 1 0
github.com/knirvchain/internal/classifier/classifier.go:73.43,75.4 1 0
github.com/knirvchain/internal/classifier/classifier.go:78.2,78.14 1 0
github.com/knirvchain/internal/classifier/classifier.go:84.40,89.2 2 0
github.com/knirvchain/internal/bridge/bridge.go:20.67,28.2 1 0
github.com/knirvchain/internal/bridge/bridge.go:54.9,73.16 5 0
github.com/knirvchain/internal/bridge/bridge.go:73.16,75.3 1 0
github.com/knirvchain/internal/bridge/bridge.go:77.2,83.16 2 0
github.com/knirvchain/internal/bridge/bridge.go:83.16,85.3 1 0
github.com/knirvchain/internal/bridge/bridge.go:87.2,91.16 4 0
github.com/knirvchain/internal/bridge/bridge.go:91.16,93.3 1 0
github.com/knirvchain/internal/bridge/bridge.go:94.2,96.79 2 0
github.com/knirvchain/internal/bridge/bridge.go:96.79,98.3 1 0
github.com/knirvchain/internal/bridge/bridge.go:100.2,100.12 1 0
github.com/knirvchain/internal/bridge/bridge.go:103.75,105.2 1 0
github.com/knirvchain/internal/bridge/bridge.go:107.89,110.26 2 0
github.com/knirvchain/internal/bridge/bridge.go:110.26,115.3 1 0
github.com/knirvchain/internal/bridge/bridge.go:117.2,117.22 1 0
github.com/knirvchain/internal/cache/cache.go:25.60,30.2 1 0
github.com/knirvchain/internal/cache/cache.go:33.95,40.44 5 0
github.com/knirvchain/internal/cache/cache.go:40.44,42.3 1 0
github.com/knirvchain/internal/cache/cache.go:44.2,45.59 2 0
github.com/knirvchain/internal/cache/cache.go:45.59,47.3 1 0
github.com/knirvchain/internal/cache/cache.go:49.2,49.20 1 0
github.com/knirvchain/internal/cache/cache.go:53.80,60.16 5 0
github.com/knirvchain/internal/cache/cache.go:60.16,62.3 1 0
github.com/knirvchain/internal/cache/cache.go:64.2,69.12 2 0
github.com/knirvchain/internal/cache/cache.go:73.81,81.2 5 0
github.com/knirvchain/internal/cache/cache.go:84.105,91.16 5 0
github.com/knirvchain/internal/cache/cache.go:91.16,93.3 1 0
github.com/knirvchain/internal/cache/cache.go:95.2,100.12 2 0
github.com/knirvchain/internal/cache/cache.go:104.99,111.44 5 0
github.com/knirvchain/internal/cache/cache.go:111.44,113.3 1 0
github.com/knirvchain/internal/cache/cache.go:115.2,116.61 2 0
github.com/knirvchain/internal/cache/cache.go:116.61,118.3 1 0
github.com/knirvchain/internal/cache/cache.go:120.2,120.21 1 0
github.com/knirvchain/internal/cache/cache.go:124.84,128.31 3 0
github.com/knirvchain/internal/cache/cache.go:128.31,131.17 3 0
github.com/knirvchain/internal/cache/cache.go:131.17,132.12 1 0
github.com/knirvchain/internal/cache/cache.go:134.3,137.4 1 0
github.com/knirvchain/internal/cache/cache.go:140.2,140.12 1 0
github.com/knirvchain/internal/cache/cache.go:144.83,148.2 1 0
github.com/knirvchain/internal/cache/cache.go:150.38,152.2 1 0
github.com/knirvchain/internal/embedding/embedder.go:43.79,44.20 1 1
github.com/knirvchain/internal/embedding/embedder.go:44.20,46.3 1 1
github.com/knirvchain/internal/embedding/embedder.go:48.2,57.50 2 1
github.com/knirvchain/internal/embedding/embedder.go:57.50,59.3 1 1
github.com/knirvchain/internal/embedding/embedder.go:61.2,61.22 1 1
github.com/knirvchain/internal/embedding/embedder.go:65.41,67.2 1 1
github.com/knirvchain/internal/embedding/embedder.go:70.76,74.25 3 1
github.com/knirvchain/internal/embedding/embedder.go:74.25,76.3 1 0
github.com/knirvchain/internal/embedding/embedder.go:79.2,79.52 1 1
github.com/knirvchain/internal/embedding/embedder.go:79.52,81.3 1 0
github.com/knirvchain/internal/embedding/embedder.go:84.2,85.16 2 1
github.com/knirvchain/internal/embedding/embedder.go:85.16,87.3 1 0
github.com/knirvchain/internal/embedding/embedder.go:90.2,90.56 1 1
github.com/knirvchain/internal/embedding/embedder.go:90.56,91.48 1 1
github.com/knirvchain/internal/embedding/embedder.go:91.48,93.4 1 0
github.com/knirvchain/internal/embedding/embedder.go:97.2,97.43 1 1
github.com/knirvchain/internal/embedding/embedder.go:97.43,99.3 1 0
github.com/knirvchain/internal/embedding/embedder.go:101.2,102.12 2 1
github.com/knirvchain/internal/embedding/embedder.go:106.84,110.20 3 1
github.com/knirvchain/internal/embedding/embedder.go:110.20,112.3 1 1
github.com/knirvchain/internal/embedding/embedder.go:115.2,118.43 2 1
github.com/knirvchain/internal/embedding/embedder.go:118.43,120.3 1 0
github.com/knirvchain/internal/embedding/embedder.go:122.2,123.12 2 1
github.com/knirvchain/internal/embedding/embedder.go:127.87,132.15 3 1
github.com/knirvchain/internal/embedding/embedder.go:132.15,134.3 1 1
github.com/knirvchain/internal/embedding/embedder.go:137.2,138.16 2 1
github.com/knirvchain/internal/embedding/embedder.go:138.16,140.3 1 0
github.com/knirvchain/internal/embedding/embedder.go:143.2,143.64 1 1
github.com/knirvchain/internal/embedding/embedder.go:143.64,145.3 1 1
github.com/knirvchain/internal/embedding/embedder.go:148.2,149.16 2 0
github.com/knirvchain/internal/embedding/embedder.go:149.16,151.3 1 0
github.com/knirvchain/internal/embedding/embedder.go:154.2,155.30 2 0
github.com/knirvchain/internal/embedding/embedder.go:155.30,157.3 1 0
github.com/knirvchain/internal/embedding/embedder.go:159.2,159.20 1 0
github.com/knirvchain/internal/embedding/embedder.go:163.71,168.27 3 1
github.com/knirvchain/internal/embedding/embedder.go:168.27,170.3 1 0
github.com/knirvchain/internal/embedding/embedder.go:172.2,172.31 1 1
github.com/knirvchain/internal/embedding/embedder.go:172.31,174.3 1 1
github.com/knirvchain/internal/embedding/embedder.go:177.2,177.15 1 1
github.com/knirvchain/internal/embedding/embedder.go:181.48,182.22 1 1
github.com/knirvchain/internal/embedding/embedder.go:182.22,184.3 1 0
github.com/knirvchain/internal/embedding/embedder.go:187.2,188.16 2 1
github.com/knirvchain/internal/embedding/embedder.go:188.16,190.3 1 0
github.com/knirvchain/internal/embedding/embedder.go:193.2,194.16 2 1
github.com/knirvchain/internal/embedding/embedder.go:194.16,196.3 1 0
github.com/knirvchain/internal/embedding/embedder.go:199.2,200.16 2 1
github.com/knirvchain/internal/embedding/embedder.go:200.16,202.3 1 0
github.com/knirvchain/internal/embedding/embedder.go:205.2,206.16 2 1
github.com/knirvchain/internal/embedding/embedder.go:206.16,208.3 1 0
github.com/knirvchain/internal/embedding/embedder.go:211.2,211.81 1 1
github.com/knirvchain/internal/embedding/embedder.go:211.81,213.3 1 0
github.com/knirvchain/internal/embedding/embedder.go:214.2,214.72 1 1
github.com/knirvchain/internal/embedding/embedder.go:214.72,216.3 1 0
github.com/knirvchain/internal/embedding/embedder.go:217.2,217.94 1 1
github.com/knirvchain/internal/embedding/embedder.go:217.94,219.3 1 0
github.com/knirvchain/internal/embedding/embedder.go:220.2,220.83 1 1
github.com/knirvchain/internal/embedding/embedder.go:220.83,222.3 1 0
github.com/knirvchain/internal/embedding/embedder.go:224.2,224.12 1 1
github.com/knirvchain/internal/embedding/embedder.go:228.48,229.22 1 1
github.com/knirvchain/internal/embedding/embedder.go:229.22,231.3 1 0
github.com/knirvchain/internal/embedding/embedder.go:234.2,235.27 2 1
github.com/knirvchain/internal/embedding/embedder.go:235.27,237.3 1 1
github.com/knirvchain/internal/embedding/embedder.go:240.2,241.16 2 1
github.com/knirvchain/internal/embedding/embedder.go:241.16,243.3 1 0
github.com/knirvchain/internal/embedding/embedder.go:244.2,244.76 1 1
github.com/knirvchain/internal/embedding/embedder.go:244.76,246.3 1 0
github.com/knirvchain/internal/embedding/embedder.go:249.2,250.16 2 1
github.com/knirvchain/internal/embedding/embedder.go:250.16,252.3 1 0
github.com/knirvchain/internal/embedding/embedder.go:253.2,253.67 1 1
github.com/knirvchain/internal/embedding/embedder.go:253.67,255.3 1 0
github.com/knirvchain/internal/embedding/embedder.go:258.2,259.16 2 1
github.com/knirvchain/internal/embedding/embedder.go:259.16,261.3 1 0
github.com/knirvchain/internal/embedding/embedder.go:262.2,262.87 1 1
github.com/knirvchain/internal/embedding/embedder.go:262.87,264.3 1 0
github.com/knirvchain/internal/embedding/embedder.go:267.2,268.16 2 1
github.com/knirvchain/internal/embedding/embedder.go:268.16,270.3 1 0
github.com/knirvchain/internal/embedding/embedder.go:271.2,271.77 1 1
github.com/knirvchain/internal/embedding/embedder.go:271.77,273.3 1 0
github.com/knirvchain/internal/embedding/embedder.go:275.2,275.12 1 1
github.com/knirvchain/internal/embedding/lsa.go:17.47,21.2 1 1
github.com/knirvchain/internal/embedding/lsa.go:24.53,25.23 1 1
github.com/knirvchain/internal/embedding/lsa.go:25.23,27.3 1 0
github.com/knirvchain/internal/embedding/lsa.go:29.2,34.30 4 1
github.com/knirvchain/internal/embedding/lsa.go:34.30,35.27 1 1
github.com/knirvchain/internal/embedding/lsa.go:35.27,37.4 1 1
github.com/knirvchain/internal/embedding/lsa.go:39.2,39.24 1 1
github.com/knirvchain/internal/embedding/lsa.go:39.24,41.3 1 1
github.com/knirvchain/internal/embedding/lsa.go:44.2,45.30 2 1
github.com/knirvchain/internal/embedding/lsa.go:45.30,47.22 2 1
github.com/knirvchain/internal/embedding/lsa.go:47.22,49.4 1 1
github.com/knirvchain/internal/embedding/lsa.go:56.2,59.54 2 1
github.com/knirvchain/internal/embedding/lsa.go:59.54,64.34 3 1
github.com/knirvchain/internal/embedding/lsa.go:64.34,66.38 2 1
github.com/knirvchain/internal/embedding/lsa.go:66.38,68.5 1 1
github.com/knirvchain/internal/embedding/lsa.go:72.2,72.12 1 1
github.com/knirvchain/internal/embedding/lsa.go:76.88,77.43 1 1
github.com/knirvchain/internal/embedding/lsa.go:77.43,79.3 1 0
github.com/knirvchain/internal/embedding/lsa.go:82.2,83.27 2 1
github.com/knirvchain/internal/embedding/lsa.go:83.27,85.3 1 1
github.com/knirvchain/internal/embedding/lsa.go:88.2,89.46 2 1
github.com/knirvchain/internal/embedding/lsa.go:89.46,92.31 2 1
github.com/knirvchain/internal/embedding/lsa.go:92.31,94.32 2 1
github.com/knirvchain/internal/embedding/lsa.go:94.32,96.5 1 1
github.com/knirvchain/internal/embedding/lsa.go:100.3,101.15 2 1
github.com/knirvchain/internal/embedding/lsa.go:101.15,102.32 1 1
github.com/knirvchain/internal/embedding/lsa.go:102.32,104.5 1 1
github.com/knirvchain/internal/embedding/lsa.go:108.3,109.28 2 1
github.com/knirvchain/internal/embedding/lsa.go:109.28,111.4 1 1
github.com/knirvchain/internal/embedding/lsa.go:112.3,114.18 2 1
github.com/knirvchain/internal/embedding/lsa.go:114.18,115.9 1 1
github.com/knirvchain/internal/embedding/lsa.go:119.2,119.18 1 1
github.com/knirvchain/internal/embedding/lsa.go:123.69,124.32 1 1
github.com/knirvchain/internal/embedding/lsa.go:124.32,126.3 1 0
github.com/knirvchain/internal/embedding/lsa.go:129.2,130.24 2 1
github.com/knirvchain/internal/embedding/lsa.go:130.24,132.3 1 1
github.com/knirvchain/internal/embedding/lsa.go:135.2,136.41 2 1
github.com/knirvchain/internal/embedding/lsa.go:136.41,137.22 1 1
github.com/knirvchain/internal/embedding/lsa.go:137.22,139.4 1 1
github.com/knirvchain/internal/embedding/lsa.go:142.2,142.21 1 1
github.com/knirvchain/internal/embedding/lsa.go:146.79,148.30 2 1
github.com/knirvchain/internal/embedding/lsa.go:148.30,150.17 2 1
github.com/knirvchain/internal/embedding/lsa.go:150.17,152.4 1 0
github.com/knirvchain/internal/embedding/lsa.go:153.3,153.17 1 1
github.com/knirvchain/internal/embedding/lsa.go:155.2,155.21 1 1
github.com/knirvchain/internal/embedding/lsa.go:159.77,160.39 1 1
github.com/knirvchain/internal/embedding/lsa.go:160.39,162.3 1 0
github.com/knirvchain/internal/embedding/lsa.go:163.2,163.34 1 1
github.com/knirvchain/internal/embedding/lsa.go:167.41,168.22 1 1
github.com/knirvchain/internal/embedding/lsa.go:168.22,170.3 1 1
github.com/knirvchain/internal/embedding/lsa.go:171.2,172.19 2 1
github.com/knirvchain/internal/embedding/lsa.go:172.19,174.3 1 1
github.com/knirvchain/internal/embedding/lsa.go:175.2,175.12 1 1
github.com/knirvchain/internal/embedding/lsa.go:179.38,181.24 2 1
github.com/knirvchain/internal/embedding/lsa.go:181.24,183.3 1 1
github.com/knirvchain/internal/embedding/lsa.go:184.2,184.23 1 1
github.com/knirvchain/internal/embedding/lsa.go:188.45,190.15 2 1
github.com/knirvchain/internal/embedding/lsa.go:190.15,192.3 1 0
github.com/knirvchain/internal/embedding/lsa.go:193.2,194.24 2 1
github.com/knirvchain/internal/embedding/lsa.go:194.24,196.3 1 1
github.com/knirvchain/internal/embedding/lsa.go:197.2,197.19 1 1
github.com/knirvchain/internal/embedding/tfidf.go:19.44,26.2 1 1
github.com/knirvchain/internal/embedding/tfidf.go:29.37,36.25 4 1
github.com/knirvchain/internal/embedding/tfidf.go:36.25,37.48 1 1
github.com/knirvchain/internal/embedding/tfidf.go:37.48,39.4 1 1
github.com/knirvchain/internal/embedding/tfidf.go:39.9,40.30 1 1
github.com/knirvchain/internal/embedding/tfidf.go:40.30,42.23 2 1
github.com/knirvchain/internal/embedding/tfidf.go:42.23,44.6 1 1
github.com/knirvchain/internal/embedding/tfidf.go:45.5,45.25 1 1
github.com/knirvchain/internal/embedding/tfidf.go:51.2,51.28 1 1
github.com/knirvchain/internal/embedding/tfidf.go:51.28,53.21 2 1
github.com/knirvchain/internal/embedding/tfidf.go:53.21,55.4 1 1
github.com/knirvchain/internal/embedding/tfidf.go:58.2,58.15 1 1
github.com/knirvchain/internal/embedding/tfidf.go:62.57,63.25 1 1
github.com/knirvchain/internal/embedding/tfidf.go:63.25,65.3 1 0
github.com/knirvchain/internal/embedding/tfidf.go:68.2,74.32 5 1
github.com/knirvchain/internal/embedding/tfidf.go:74.32,78.32 3 1
github.com/knirvchain/internal/embedding/tfidf.go:78.32,80.4 1 1
github.com/knirvchain/internal/embedding/tfidf.go:82.3,82.33 1 1
github.com/knirvchain/internal/embedding/tfidf.go:82.33,84.4 1 1
github.com/knirvchain/internal/embedding/tfidf.go:88.2,89.45 2 1
github.com/knirvchain/internal/embedding/tfidf.go:89.45,94.3 3 1
github.com/knirvchain/internal/embedding/tfidf.go:96.2,96.12 1 1
github.com/knirvchain/internal/embedding/tfidf.go:100.59,104.31 3 1
github.com/knirvchain/internal/embedding/tfidf.go:104.31,106.3 1 1
github.com/knirvchain/internal/embedding/tfidf.go:108.2,110.32 2 1
github.com/knirvchain/internal/embedding/tfidf.go:110.32,115.47 2 1
github.com/knirvchain/internal/embedding/tfidf.go:115.47,117.4 1 1
github.com/knirvchain/internal/embedding/tfidf.go:120.3,120.79 1 1
github.com/knirvchain/internal/embedding/tfidf.go:124.2,124.33 1 1
github.com/knirvchain/internal/embedding/tfidf.go:124.33,125.25 1 1
github.com/knirvchain/internal/embedding/tfidf.go:125.25,127.4 1 1
github.com/knirvchain/internal/embedding/tfidf.go:132.73,133.28 1 1
github.com/knirvchain/internal/embedding/tfidf.go:133.28,135.3 1 0
github.com/knirvchain/internal/embedding/tfidf.go:137.2,141.31 3 1
github.com/knirvchain/internal/embedding/tfidf.go:141.31,143.3 1 1
github.com/knirvchain/internal/embedding/tfidf.go:146.2,147.19 2 1
github.com/knirvchain/internal/embedding/tfidf.go:147.19,148.24 1 1
github.com/knirvchain/internal/embedding/tfidf.go:148.24,150.4 1 1
github.com/knirvchain/internal/embedding/tfidf.go:154.2,155.29 2 1
github.com/knirvchain/internal/embedding/tfidf.go:155.29,156.48 1 1
github.com/knirvchain/internal/embedding/tfidf.go:156.48,158.4 1 1
github.com/knirvchain/internal/embedding/tfidf.go:161.2,161.20 1 1
github.com/knirvchain/internal/embedding/tfidf.go:165.81,166.41 1 1
github.com/knirvchain/internal/embedding/tfidf.go:166.41,168.3 1 0
github.com/knirvchain/internal/embedding/tfidf.go:170.2,171.32 2 1
github.com/knirvchain/internal/embedding/tfidf.go:171.32,173.17 2 1
github.com/knirvchain/internal/embedding/tfidf.go:173.17,175.4 1 0
github.com/knirvchain/internal/embedding/tfidf.go:176.3,176.19 1 1
github.com/knirvchain/internal/embedding/tfidf.go:179.2,179.21 1 1
github.com/knirvchain/internal/embedding/tfidf.go:183.48,185.2 1 1
github.com/knirvchain/internal/embedding/tfidf.go:188.58,190.38 2 0
github.com/knirvchain/internal/embedding/tfidf.go:190.38,192.3 1 0
github.com/knirvchain/internal/embedding/tfidf.go:193.2,193.14 1 0
github.com/knirvchain/internal/logging/logging.go:12.62,14.62 2 0
github.com/knirvchain/internal/logging/logging.go:14.62,16.3 1 0
github.com/knirvchain/internal/logging/logging.go:18.2,40.16 3 0
github.com/knirvchain/internal/logging/logging.go:40.16,42.3 1 0
github.com/knirvchain/internal/logging/logging.go:44.2,44.37 1 0
github.com/knirvchain/internal/logging/logging.go:47.58,49.2 1 0
github.com/knirvchain/internal/logging/logging.go:51.56,53.2 1 0
github.com/knirvchain/internal/logging/logging.go:55.51,57.2 1 0
github.com/knirvchain/internal/indexing/hnsw.go:35.64,47.2 1 1
github.com/knirvchain/internal/indexing/hnsw.go:50.35,54.2 3 1
github.com/knirvchain/internal/indexing/hnsw.go:57.63,61.32 3 1
github.com/knirvchain/internal/indexing/hnsw.go:61.32,63.3 1 1
github.com/knirvchain/internal/indexing/hnsw.go:66.2,77.30 3 1
github.com/knirvchain/internal/indexing/hnsw.go:77.30,79.3 1 1
github.com/knirvchain/internal/indexing/hnsw.go:82.2,82.25 1 1
github.com/knirvchain/internal/indexing/hnsw.go:82.25,86.3 3 1
github.com/knirvchain/internal/indexing/hnsw.go:89.2,92.49 2 1
github.com/knirvchain/internal/indexing/hnsw.go:92.49,94.3 1 1
github.com/knirvchain/internal/indexing/hnsw.go:97.2,97.33 1 1
github.com/knirvchain/internal/indexing/hnsw.go:97.33,102.14 3 1
github.com/knirvchain/internal/indexing/hnsw.go:102.14,104.4 1 1
github.com/knirvchain/internal/indexing/hnsw.go:106.3,109.40 2 1
github.com/knirvchain/internal/indexing/hnsw.go:109.40,115.45 4 1
github.com/knirvchain/internal/indexing/hnsw.go:115.45,117.5 1 1
github.com/knirvchain/internal/indexing/hnsw.go:120.3,120.18 1 1
github.com/knirvchain/internal/indexing/hnsw.go:124.2,124.32 1 1
github.com/knirvchain/internal/indexing/hnsw.go:124.32,126.3 1 1
github.com/knirvchain/internal/indexing/hnsw.go:128.2,129.12 2 1
github.com/knirvchain/internal/indexing/hnsw.go:133.73,137.31 3 1
github.com/knirvchain/internal/indexing/hnsw.go:137.31,139.3 1 0
github.com/knirvchain/internal/indexing/hnsw.go:141.2,141.25 1 1
github.com/knirvchain/internal/indexing/hnsw.go:141.25,143.3 1 1
github.com/knirvchain/internal/indexing/hnsw.go:146.2,147.25 2 1
github.com/knirvchain/internal/indexing/hnsw.go:147.25,149.27 1 1
github.com/knirvchain/internal/indexing/hnsw.go:149.27,151.4 1 1
github.com/knirvchain/internal/indexing/hnsw.go:152.8,156.46 2 1
github.com/knirvchain/internal/indexing/hnsw.go:156.46,158.4 1 1
github.com/knirvchain/internal/indexing/hnsw.go:162.2,165.17 2 1
github.com/knirvchain/internal/indexing/hnsw.go:165.17,167.3 1 1
github.com/knirvchain/internal/indexing/hnsw.go:169.2,169.16 1 1
github.com/knirvchain/internal/indexing/hnsw.go:173.106,183.33 6 1
github.com/knirvchain/internal/indexing/hnsw.go:183.33,184.34 1 1
github.com/knirvchain/internal/indexing/hnsw.go:184.34,189.4 4 1
github.com/knirvchain/internal/indexing/hnsw.go:192.2,192.27 1 1
github.com/knirvchain/internal/indexing/hnsw.go:192.27,197.72 2 1
github.com/knirvchain/internal/indexing/hnsw.go:197.72,198.9 1 1
github.com/knirvchain/internal/indexing/hnsw.go:202.3,202.42 1 1
github.com/knirvchain/internal/indexing/hnsw.go:202.42,203.62 1 1
github.com/knirvchain/internal/indexing/hnsw.go:203.62,204.44 1 1
github.com/knirvchain/internal/indexing/hnsw.go:204.44,205.30 1 1
github.com/knirvchain/internal/indexing/hnsw.go:205.30,208.50 2 1
github.com/knirvchain/internal/indexing/hnsw.go:208.50,212.64 2 1
github.com/knirvchain/internal/indexing/hnsw.go:212.64,217.31 3 1
github.com/knirvchain/internal/indexing/hnsw.go:217.31,219.10 1 1
github.com/knirvchain/internal/indexing/hnsw.go:229.2,231.24 3 1
github.com/knirvchain/internal/indexing/hnsw.go:231.24,233.3 1 1
github.com/knirvchain/internal/indexing/hnsw.go:236.2,236.39 1 1
github.com/knirvchain/internal/indexing/hnsw.go:236.39,238.3 1 1
github.com/knirvchain/internal/indexing/hnsw.go:240.2,240.12 1 1
github.com/knirvchain/internal/indexing/hnsw.go:244.97,245.26 1 1
github.com/knirvchain/internal/indexing/hnsw.go:245.26,247.3 1 1
github.com/knirvchain/internal/indexing/hnsw.go:250.2,251.32 2 1
github.com/knirvchain/internal/indexing/hnsw.go:251.32,252.34 1 1
github.com/knirvchain/internal/indexing/hnsw.go:252.34,255.4 2 1
github.com/knirvchain/internal/indexing/hnsw.go:260.2,263.43 3 1
github.com/knirvchain/internal/indexing/hnsw.go:263.43,265.3 1 1
github.com/knirvchain/internal/indexing/hnsw.go:267.2,267.17 1 1
github.com/knirvchain/internal/indexing/hnsw.go:271.60,272.35 1 1
github.com/knirvchain/internal/indexing/hnsw.go:272.35,274.48 1 1
github.com/knirvchain/internal/indexing/hnsw.go:274.48,275.18 1 1
github.com/knirvchain/internal/indexing/hnsw.go:275.18,277.5 1 0
github.com/knirvchain/internal/indexing/hnsw.go:279.3,279.64 1 1
github.com/knirvchain/internal/indexing/hnsw.go:284.70,286.9 2 1
github.com/knirvchain/internal/indexing/hnsw.go:286.9,288.3 1 0
github.com/knirvchain/internal/indexing/hnsw.go:290.2,291.27 2 1
github.com/knirvchain/internal/indexing/hnsw.go:291.27,293.3 1 0
github.com/knirvchain/internal/indexing/hnsw.go:296.2,302.37 3 1
github.com/knirvchain/internal/indexing/hnsw.go:302.37,303.42 1 1
github.com/knirvchain/internal/indexing/hnsw.go:303.42,306.4 2 1
github.com/knirvchain/internal/indexing/hnsw.go:310.2,310.40 1 1
github.com/knirvchain/internal/indexing/hnsw.go:310.40,311.43 1 1
github.com/knirvchain/internal/indexing/hnsw.go:311.43,312.45 1 1
github.com/knirvchain/internal/indexing/hnsw.go:312.45,314.5 1 1
github.com/knirvchain/internal/indexing/hnsw.go:319.2,320.47 2 1
github.com/knirvchain/internal/indexing/hnsw.go:320.47,322.3 1 1
github.com/knirvchain/internal/indexing/hnsw.go:324.2,324.42 1 1
github.com/knirvchain/internal/indexing/hnsw.go:328.39,330.41 2 1
github.com/knirvchain/internal/indexing/hnsw.go:330.41,332.3 1 1
github.com/knirvchain/internal/indexing/hnsw.go:333.2,333.14 1 1
github.com/knirvchain/internal/indexing/hnsw.go:337.48,342.9 4 1
github.com/knirvchain/internal/indexing/hnsw.go:342.9,344.3 1 1
github.com/knirvchain/internal/indexing/hnsw.go:347.2,347.47 1 1
github.com/knirvchain/internal/indexing/hnsw.go:347.47,348.54 1 1
github.com/knirvchain/internal/indexing/hnsw.go:348.54,349.47 1 1
github.com/knirvchain/internal/indexing/hnsw.go:349.47,351.54 2 1
github.com/knirvchain/internal/indexing/hnsw.go:351.54,352.20 1 1
github.com/knirvchain/internal/indexing/hnsw.go:352.20,354.7 1 1
github.com/knirvchain/internal/indexing/hnsw.go:356.5,356.43 1 1
github.com/knirvchain/internal/indexing/hnsw.go:362.2,365.50 2 1
github.com/knirvchain/internal/indexing/hnsw.go:365.50,367.3 1 1
github.com/knirvchain/internal/indexing/hnsw.go:369.2,369.12 1 1
github.com/knirvchain/internal/indexing/hnsw.go:373.51,377.31 3 1
github.com/knirvchain/internal/indexing/hnsw.go:377.31,378.28 1 1
github.com/knirvchain/internal/indexing/hnsw.go:378.28,381.4 2 1
github.com/knirvchain/internal/indexing/hnsw.go:384.2,384.19 1 1
github.com/knirvchain/internal/indexing/hnsw.go:388.32,392.2 3 1
github.com/knirvchain/internal/indexing/hnsw.go:396.50,397.24 1 1
github.com/knirvchain/internal/indexing/hnsw.go:397.24,399.3 1 1
github.com/knirvchain/internal/indexing/hnsw.go:401.2,402.20 2 1
github.com/knirvchain/internal/indexing/hnsw.go:402.20,405.3 2 1
github.com/knirvchain/internal/indexing/hnsw.go:407.2,407.23 1 1
github.com/knirvchain/internal/indexing/hnsw.go:415.40,417.36 1 1
github.com/knirvchain/internal/indexing/hnsw.go:417.36,418.39 1 1
github.com/knirvchain/internal/indexing/hnsw.go:418.39,419.37 1 1
github.com/knirvchain/internal/indexing/hnsw.go:419.37,421.5 1 0
github.com/knirvchain/internal/indexing/hnsw.go:426.24,427.11 1 1
github.com/knirvchain/internal/indexing/hnsw.go:427.11,429.3 1 1
github.com/knirvchain/internal/indexing/hnsw.go:430.2,430.10 1 0
github.com/knirvchain/internal/indexing/hnsw.go:442.43,442.60 1 1
github.com/knirvchain/internal/indexing/hnsw.go:443.43,443.83 1 1
github.com/knirvchain/internal/indexing/hnsw.go:444.43,444.70 1 1
github.com/knirvchain/internal/indexing/hnsw.go:446.44,448.2 1 1
github.com/knirvchain/internal/indexing/hnsw.go:450.42,456.2 5 1
github.com/knirvchain/internal/indexing/hnsw.go:458.44,459.18 1 1
github.com/knirvchain/internal/indexing/hnsw.go:459.18,461.3 1 0
github.com/knirvchain/internal/indexing/hnsw.go:462.2,462.16 1 1
github.com/knirvchain/internal/indexing/hnsw.go:476.36,478.2 1 0
github.com/knirvchain/internal/indexing/indexing.go:33.48,37.2 1 0
github.com/knirvchain/internal/indexing/indexing.go:39.79,43.2 3 0
github.com/knirvchain/internal/indexing/indexing.go:45.67,49.2 3 0
github.com/knirvchain/internal/indexing/indexing.go:51.92,58.36 5 0
github.com/knirvchain/internal/indexing/indexing.go:58.36,60.22 2 0
github.com/knirvchain/internal/indexing/indexing.go:60.22,62.46 2 0
github.com/knirvchain/internal/indexing/indexing.go:62.46,64.5 1 0
github.com/knirvchain/internal/indexing/indexing.go:68.2,71.27 3 0
github.com/knirvchain/internal/indexing/indexing.go:71.27,72.17 1 0
github.com/knirvchain/internal/indexing/indexing.go:72.17,74.4 1 0
github.com/knirvchain/internal/indexing/indexing.go:77.2,77.12 1 0
github.com/knirvchain/internal/indexing/indexing.go:87.53,92.2 1 0
github.com/knirvchain/internal/indexing/indexing.go:94.82,100.2 4 0
github.com/knirvchain/internal/indexing/indexing.go:102.94,107.9 4 0
github.com/knirvchain/internal/indexing/indexing.go:107.9,109.3 1 0
github.com/knirvchain/internal/indexing/indexing.go:111.2,111.36 1 0
github.com/knirvchain/internal/indexing/indexing.go:114.79,120.2 4 0
github.com/knirvchain/internal/indexing/indexing.go:122.61,128.37 4 0
github.com/knirvchain/internal/indexing/indexing.go:128.37,129.49 1 0
github.com/knirvchain/internal/indexing/indexing.go:129.49,131.4 1 0
github.com/knirvchain/internal/indexing/indexing.go:134.2,134.12 1 0
github.com/knirvchain/internal/indexing/indexing.go:143.40,147.2 1 0
github.com/knirvchain/internal/indexing/indexing.go:149.82,155.2 4 0
github.com/knirvchain/internal/indexing/indexing.go:162.94,167.9 4 0
github.com/knirvchain/internal/indexing/indexing.go:167.9,169.3 1 0
github.com/knirvchain/internal/indexing/indexing.go:171.2,172.42 2 0
github.com/knirvchain/internal/indexing/indexing.go:172.42,173.73 1 0
github.com/knirvchain/internal/indexing/indexing.go:173.73,175.4 1 0
github.com/knirvchain/internal/indexing/indexing.go:178.2,178.21 1 0
github.com/knirvchain/internal/indexing/indexing.go:181.79,185.42 3 0
github.com/knirvchain/internal/indexing/indexing.go:185.42,186.26 1 0
github.com/knirvchain/internal/indexing/indexing.go:186.26,187.21 1 0
github.com/knirvchain/internal/indexing/indexing.go:187.21,189.10 2 0
github.com/knirvchain/internal/indexing/indexing.go:194.2,194.12 1 0
github.com/knirvchain/internal/indexing/indexing.go:197.61,199.2 1 0
github.com/knirvchain/internal/indexing/indexing.go:207.40,211.2 1 0
github.com/knirvchain/internal/indexing/indexing.go:213.82,219.2 4 0
github.com/knirvchain/internal/indexing/indexing.go:221.94,226.9 4 0
github.com/knirvchain/internal/indexing/indexing.go:226.9,228.3 1 0
github.com/knirvchain/internal/indexing/indexing.go:230.2,230.37 1 0
github.com/knirvchain/internal/indexing/indexing.go:233.79,237.43 3 0
github.com/knirvchain/internal/indexing/indexing.go:237.43,238.26 1 0
github.com/knirvchain/internal/indexing/indexing.go:238.26,239.21 1 0
github.com/knirvchain/internal/indexing/indexing.go:239.21,241.10 2 0
github.com/knirvchain/internal/indexing/indexing.go:246.2,246.12 1 0
github.com/knirvchain/internal/indexing/indexing.go:249.61,251.2 1 0
github.com/knirvchain/internal/blockchain/block.go:40.42,42.16 2 0
github.com/knirvchain/internal/blockchain/block.go:42.16,44.3 1 0
github.com/knirvchain/internal/blockchain/block.go:45.2,45.18 1 0
github.com/knirvchain/internal/blockchain/block.go:49.45,50.48 1 0
github.com/knirvchain/internal/blockchain/block.go:50.48,52.3 1 0
github.com/knirvchain/internal/blockchain/block.go:53.2,53.12 1 0
github.com/knirvchain/internal/blockchain/block.go:57.38,69.2 3 0
github.com/knirvchain/internal/blockchain/block.go:72.34,73.27 1 0
github.com/knirvchain/internal/blockchain/block.go:73.27,75.3 1 0
github.com/knirvchain/internal/blockchain/block.go:76.2,76.22 1 0
github.com/knirvchain/internal/blockchain/block.go:76.22,78.3 1 0
github.com/knirvchain/internal/blockchain/block.go:79.2,79.25 1 0
github.com/knirvchain/internal/blockchain/block.go:79.25,81.3 1 0
github.com/knirvchain/internal/blockchain/block.go:82.2,82.22 1 0
github.com/knirvchain/internal/blockchain/block.go:82.22,84.3 1 0
github.com/knirvchain/internal/blockchain/block.go:85.2,85.34 1 0
github.com/knirvchain/internal/blockchain/block.go:85.34,87.3 1 0
github.com/knirvchain/internal/blockchain/block.go:90.2,90.63 1 0
github.com/knirvchain/internal/blockchain/block.go:90.64,94.3 0 0
github.com/knirvchain/internal/blockchain/block.go:95.2,95.12 1 0
github.com/knirvchain/internal/blockchain/block.go:99.52,100.18 1 0
github.com/knirvchain/internal/blockchain/block.go:101.83,102.14 1 0
github.com/knirvchain/internal/blockchain/block.go:103.10,104.15 1 0
github.com/knirvchain/internal/blockchain/chain.go:27.79,36.2 3 1
github.com/knirvchain/internal/blockchain/chain.go:39.118,47.2 2 0
github.com/knirvchain/internal/blockchain/chain.go:49.75,56.38 5 1
github.com/knirvchain/internal/blockchain/chain.go:56.38,59.31 2 1
github.com/knirvchain/internal/blockchain/chain.go:59.31,60.41 1 1
github.com/knirvchain/internal/blockchain/chain.go:60.41,62.5 1 1
github.com/knirvchain/internal/blockchain/chain.go:67.2,67.69 1 1
github.com/knirvchain/internal/blockchain/chain.go:67.69,69.3 1 0
github.com/knirvchain/internal/blockchain/chain.go:72.2,72.54 1 1
github.com/knirvchain/internal/blockchain/chain.go:72.54,74.3 1 0
github.com/knirvchain/internal/blockchain/chain.go:76.2,76.12 1 1
github.com/knirvchain/internal/blockchain/chain.go:79.95,87.25 5 1
github.com/knirvchain/internal/blockchain/chain.go:87.25,89.3 1 1
github.com/knirvchain/internal/blockchain/chain.go:89.8,91.3 1 1
github.com/knirvchain/internal/blockchain/chain.go:93.2,93.16 1 1
github.com/knirvchain/internal/blockchain/chain.go:93.16,95.3 1 0
github.com/knirvchain/internal/blockchain/chain.go:98.2,99.31 2 1
github.com/knirvchain/internal/blockchain/chain.go:99.31,104.3 3 1
github.com/knirvchain/internal/blockchain/chain.go:107.2,107.42 1 1
github.com/knirvchain/internal/blockchain/chain.go:107.42,109.3 1 1
github.com/knirvchain/internal/blockchain/chain.go:111.2,111.30 1 1
github.com/knirvchain/internal/blockchain/chain.go:111.30,113.3 1 1
github.com/knirvchain/internal/blockchain/chain.go:115.2,115.21 1 1
github.com/knirvchain/internal/blockchain/chain.go:118.87,123.16 4 1
github.com/knirvchain/internal/blockchain/chain.go:123.16,125.3 1 1
github.com/knirvchain/internal/blockchain/chain.go:126.2,126.19 1 1
github.com/knirvchain/internal/blockchain/chain.go:130.74,135.16 4 0
github.com/knirvchain/internal/blockchain/chain.go:135.16,137.3 1 0
github.com/knirvchain/internal/blockchain/chain.go:139.2,139.25 1 0
github.com/knirvchain/internal/blockchain/chain.go:139.25,141.3 1 0
github.com/knirvchain/internal/blockchain/chain.go:144.2,145.30 2 0
github.com/knirvchain/internal/blockchain/chain.go:145.30,146.42 1 0
github.com/knirvchain/internal/blockchain/chain.go:146.42,148.4 1 0
github.com/knirvchain/internal/blockchain/chain.go:151.2,151.25 1 0
github.com/knirvchain/internal/blockchain/chain.go:155.52,157.2 1 0
github.com/knirvchain/internal/blockchain/chain.go:160.41,162.2 1 0
github.com/knirvchain/internal/blockchain/chain.go:164.37,167.2 2 1
github.com/knirvchain/internal/blockchain/chain.go:169.49,170.24 1 1
github.com/knirvchain/internal/blockchain/chain.go:170.24,172.3 1 1
github.com/knirvchain/internal/blockchain/chain.go:174.2,175.20 2 1
github.com/knirvchain/internal/blockchain/chain.go:175.20,179.3 3 1
github.com/knirvchain/internal/blockchain/chain.go:181.2,181.30 1 1
github.com/knirvchain/internal/blockchain/chain.go:181.30,183.3 1 1
github.com/knirvchain/internal/blockchain/chain.go:185.2,185.42 1 1
github.com/knirvchain/internal/blockchain/chain.go:188.30,189.11 1 1
github.com/knirvchain/internal/blockchain/chain.go:189.11,191.3 1 1
github.com/knirvchain/internal/blockchain/chain.go:192.2,193.26 2 1
github.com/knirvchain/internal/blockchain/chain.go:193.26,195.3 1 1
github.com/knirvchain/internal/blockchain/chain.go:196.2,196.10 1 1
github.com/knirvchain/internal/blockchain/consensus.go:30.80,34.38 2 1
github.com/knirvchain/internal/blockchain/consensus.go:34.38,36.3 1 1
github.com/knirvchain/internal/blockchain/consensus.go:39.2,44.3 2 1
github.com/knirvchain/internal/blockchain/consensus.go:48.76,50.31 1 1
github.com/knirvchain/internal/blockchain/consensus.go:50.31,52.3 1 1
github.com/knirvchain/internal/blockchain/consensus.go:55.2,55.62 1 1
github.com/knirvchain/internal/blockchain/consensus.go:55.62,57.3 1 1
github.com/knirvchain/internal/blockchain/consensus.go:60.2,60.65 1 1
github.com/knirvchain/internal/blockchain/consensus.go:60.65,62.3 1 1
github.com/knirvchain/internal/blockchain/consensus.go:65.2,65.53 1 1
github.com/knirvchain/internal/blockchain/consensus.go:65.53,67.3 1 1
github.com/knirvchain/internal/blockchain/consensus.go:70.2,70.49 1 1
github.com/knirvchain/internal/blockchain/consensus.go:70.49,72.3 1 1
github.com/knirvchain/internal/blockchain/consensus.go:75.2,75.50 1 1
github.com/knirvchain/internal/blockchain/consensus.go:75.50,77.3 1 1
github.com/knirvchain/internal/blockchain/consensus.go:80.2,80.44 1 1
github.com/knirvchain/internal/blockchain/consensus.go:80.44,82.3 1 1
github.com/knirvchain/internal/blockchain/consensus.go:85.2,85.56 1 1
github.com/knirvchain/internal/blockchain/consensus.go:85.56,87.3 1 1
github.com/knirvchain/internal/blockchain/consensus.go:89.2,89.12 1 1
github.com/knirvchain/internal/blockchain/consensus.go:93.80,94.22 1 1
github.com/knirvchain/internal/blockchain/consensus.go:94.22,95.45 1 1
github.com/knirvchain/internal/blockchain/consensus.go:95.45,98.4 1 1
github.com/knirvchain/internal/blockchain/consensus.go:102.2,103.33 2 1
github.com/knirvchain/internal/blockchain/consensus.go:103.33,106.3 1 1
github.com/knirvchain/internal/blockchain/consensus.go:109.2,110.31 2 1
github.com/knirvchain/internal/blockchain/consensus.go:110.31,113.3 1 1
github.com/knirvchain/internal/blockchain/consensus.go:115.2,115.12 1 1
github.com/knirvchain/internal/blockchain/consensus.go:119.83,120.22 1 1
github.com/knirvchain/internal/blockchain/consensus.go:120.22,122.27 1 1
github.com/knirvchain/internal/blockchain/consensus.go:122.27,124.4 1 1
github.com/knirvchain/internal/blockchain/consensus.go:125.3,125.13 1 1
github.com/knirvchain/internal/blockchain/consensus.go:129.2,131.36 2 1
github.com/knirvchain/internal/blockchain/consensus.go:131.36,134.3 1 1
github.com/knirvchain/internal/blockchain/consensus.go:136.2,136.12 1 1
github.com/knirvchain/internal/blockchain/consensus.go:140.64,146.39 4 1
github.com/knirvchain/internal/blockchain/consensus.go:146.39,149.3 1 1
github.com/knirvchain/internal/blockchain/consensus.go:151.2,151.12 1 1
github.com/knirvchain/internal/blockchain/consensus.go:156.60,161.35 3 1
github.com/knirvchain/internal/blockchain/consensus.go:161.35,164.3 1 1
github.com/knirvchain/internal/blockchain/consensus.go:166.2,166.12 1 1
github.com/knirvchain/internal/blockchain/consensus.go:170.61,171.24 1 1
github.com/knirvchain/internal/blockchain/consensus.go:172.83,173.13 1 1
github.com/knirvchain/internal/blockchain/consensus.go:174.10,175.60 1 1
github.com/knirvchain/internal/blockchain/consensus.go:180.67,181.33 1 1
github.com/knirvchain/internal/blockchain/consensus.go:181.33,183.3 1 1
github.com/knirvchain/internal/blockchain/consensus.go:186.2,187.46 2 1
github.com/knirvchain/internal/blockchain/consensus.go:187.46,190.3 1 1
github.com/knirvchain/internal/blockchain/consensus.go:194.2,195.32 2 1
github.com/knirvchain/internal/blockchain/consensus.go:195.32,197.3 1 1
github.com/knirvchain/internal/blockchain/consensus.go:199.2,199.12 1 1
github.com/knirvchain/internal/blockchain/consensus.go:203.62,216.2 9 1
github.com/knirvchain/internal/blockchain/consensus.go:219.64,221.29 2 1
github.com/knirvchain/internal/blockchain/consensus.go:221.29,223.3 1 1
github.com/knirvchain/internal/blockchain/consensus.go:224.2,224.12 1 1
github.com/knirvchain/internal/blockchain/consensus.go:228.71,230.2 1 1
github.com/knirvchain/internal/blockchain/consensus.go:233.63,234.23 1 1
github.com/knirvchain/internal/blockchain/consensus.go:234.23,236.3 1 1
github.com/knirvchain/internal/blockchain/consensus.go:238.2,238.31 1 1
github.com/knirvchain/internal/blockchain/consensus.go:238.31,240.3 1 1
github.com/knirvchain/internal/blockchain/consensus.go:242.2,243.12 2 1
github.com/knirvchain/internal/blockchain/consensus.go:247.66,248.23 1 1
github.com/knirvchain/internal/blockchain/consensus.go:248.23,250.3 1 0
github.com/knirvchain/internal/blockchain/consensus.go:252.2,252.32 1 1
github.com/knirvchain/internal/blockchain/consensus.go:252.32,254.3 1 1
github.com/knirvchain/internal/blockchain/consensus.go:257.2,257.29 1 1
github.com/knirvchain/internal/blockchain/consensus.go:257.29,259.3 1 1
github.com/knirvchain/internal/blockchain/consensus.go:261.2,262.12 2 1
github.com/knirvchain/internal/blockchain/consensus.go:266.49,268.31 2 1
github.com/knirvchain/internal/blockchain/consensus.go:268.31,270.3 1 1
github.com/knirvchain/internal/blockchain/consensus.go:271.2,271.19 1 1
github.com/knirvchain/internal/blockchain/consensus.go:275.43,277.2 1 1
github.com/knirvchain/internal/blockchain/consensus.go:281.66,282.22 1 1
github.com/knirvchain/internal/blockchain/consensus.go:282.22,284.3 1 1
github.com/knirvchain/internal/blockchain/consensus.go:287.2,287.56 1 1
github.com/knirvchain/internal/blockchain/consensus.go:287.56,289.3 1 0
github.com/knirvchain/internal/blockchain/consensus.go:292.2,292.35 1 1
github.com/knirvchain/internal/blockchain/consensus.go:292.35,293.65 1 1
github.com/knirvchain/internal/blockchain/consensus.go:293.65,295.4 1 1
github.com/knirvchain/internal/blockchain/consensus.go:298.2,298.12 1 1
github.com/knirvchain/internal/blockchain/consensus.go:303.43,315.2 9 1
github.com/knirvchain/internal/blockchain/consensus.go:319.47,321.2 1 1
github.com/knirvchain/internal/blockchain/mempool.go:34.43,39.2 1 1
github.com/knirvchain/internal/blockchain/mempool.go:42.48,48.2 1 1
github.com/knirvchain/internal/blockchain/mempool.go:51.35,53.2 1 1
github.com/knirvchain/internal/blockchain/mempool.go:56.47,61.38 3 1
github.com/knirvchain/internal/blockchain/mempool.go:61.38,64.3 2 1
github.com/knirvchain/internal/blockchain/mempool.go:67.2,67.51 1 1
github.com/knirvchain/internal/blockchain/mempool.go:67.51,70.3 2 1
github.com/knirvchain/internal/blockchain/mempool.go:73.2,73.40 1 1
github.com/knirvchain/internal/blockchain/mempool.go:73.40,76.3 2 1
github.com/knirvchain/internal/blockchain/mempool.go:79.2,79.34 1 1
github.com/knirvchain/internal/blockchain/mempool.go:79.34,82.3 2 1
github.com/knirvchain/internal/blockchain/mempool.go:85.2,88.12 3 1
github.com/knirvchain/internal/blockchain/mempool.go:92.61,98.2 4 1
github.com/knirvchain/internal/blockchain/mempool.go:101.43,106.2 3 1
github.com/knirvchain/internal/blockchain/mempool.go:109.51,113.29 3 1
github.com/knirvchain/internal/blockchain/mempool.go:113.29,115.3 1 1
github.com/knirvchain/internal/blockchain/mempool.go:119.57,124.37 4 1
github.com/knirvchain/internal/blockchain/mempool.go:124.37,125.21 1 1
github.com/knirvchain/internal/blockchain/mempool.go:125.21,127.29 2 1
github.com/knirvchain/internal/blockchain/mempool.go:127.29,128.10 1 0
github.com/knirvchain/internal/blockchain/mempool.go:133.2,133.16 1 1
github.com/knirvchain/internal/blockchain/mempool.go:137.56,142.37 4 1
github.com/knirvchain/internal/blockchain/mempool.go:142.37,143.21 1 1
github.com/knirvchain/internal/blockchain/mempool.go:143.21,145.4 1 1
github.com/knirvchain/internal/blockchain/mempool.go:149.2,149.36 1 1
github.com/knirvchain/internal/blockchain/mempool.go:149.36,150.41 1 1
github.com/knirvchain/internal/blockchain/mempool.go:150.41,151.56 1 1
github.com/knirvchain/internal/blockchain/mempool.go:151.56,153.5 1 0
github.com/knirvchain/internal/blockchain/mempool.go:157.2,157.26 1 1
github.com/knirvchain/internal/blockchain/mempool.go:157.26,159.3 1 1
github.com/knirvchain/internal/blockchain/mempool.go:161.2,161.16 1 1
github.com/knirvchain/internal/blockchain/mempool.go:165.80,170.37 4 1
github.com/knirvchain/internal/blockchain/mempool.go:170.37,171.24 1 1
github.com/knirvchain/internal/blockchain/mempool.go:171.24,173.29 2 1
github.com/knirvchain/internal/blockchain/mempool.go:173.29,174.10 1 0
github.com/knirvchain/internal/blockchain/mempool.go:179.2,179.16 1 1
github.com/knirvchain/internal/blockchain/mempool.go:183.31,188.2 3 1
github.com/knirvchain/internal/blockchain/mempool.go:191.28,196.2 3 1
github.com/knirvchain/internal/blockchain/mempool.go:199.39,206.40 5 1
github.com/knirvchain/internal/blockchain/mempool.go:206.40,207.42 1 1
github.com/knirvchain/internal/blockchain/mempool.go:207.42,211.4 3 1
github.com/knirvchain/internal/blockchain/mempool.go:214.2,214.21 1 1
github.com/knirvchain/internal/blockchain/mempool.go:218.64,223.40 4 1
github.com/knirvchain/internal/blockchain/mempool.go:223.40,224.26 1 1
github.com/knirvchain/internal/blockchain/mempool.go:224.26,227.4 2 1
github.com/knirvchain/internal/blockchain/mempool.go:230.2,230.20 1 1
github.com/knirvchain/internal/blockchain/mempool.go:234.81,239.13 4 1
github.com/knirvchain/internal/blockchain/mempool.go:239.13,241.3 1 1
github.com/knirvchain/internal/blockchain/mempool.go:243.2,244.12 2 1
github.com/knirvchain/internal/blockchain/mempool.go:248.44,263.37 4 1
github.com/knirvchain/internal/blockchain/mempool.go:263.37,266.3 2 1
github.com/knirvchain/internal/blockchain/mempool.go:268.2,268.14 1 1
github.com/knirvchain/internal/blockchain/mempool.go:283.80,287.6 3 1
github.com/knirvchain/internal/blockchain/mempool.go:287.6,288.10 1 1
github.com/knirvchain/internal/blockchain/mempool.go:289.21,290.10 1 1
github.com/knirvchain/internal/blockchain/mempool.go:291.19,292.21 1 1
github.com/knirvchain/internal/blockchain/mempool.go:298.121,303.6 4 1
github.com/knirvchain/internal/blockchain/mempool.go:303.6,304.10 1 1
github.com/knirvchain/internal/blockchain/mempool.go:305.21,306.25 1 0
github.com/knirvchain/internal/blockchain/mempool.go:307.19,309.15 2 1
github.com/knirvchain/internal/blockchain/mempool.go:309.15,312.5 1 0
github.com/knirvchain/internal/blockchain/mempool.go:314.4,314.24 1 1
github.com/knirvchain/internal/blockchain/mempool.go:314.24,316.5 1 1
github.com/knirvchain/internal/blockchain/mempool.go:318.4,318.34 1 1
github.com/knirvchain/internal/blockchain/mempool.go:318.34,320.5 1 1
github.com/knirvchain/internal/blockchain/mempool.go:326.81,331.37 4 1
github.com/knirvchain/internal/blockchain/mempool.go:331.37,332.22 1 1
github.com/knirvchain/internal/blockchain/mempool.go:332.22,334.29 2 1
github.com/knirvchain/internal/blockchain/mempool.go:334.29,335.10 1 0
github.com/knirvchain/internal/blockchain/mempool.go:340.2,340.16 1 1
github.com/knirvchain/internal/blockchain/mempool.go:344.56,350.2 4 1
github.com/knirvchain/internal/blockchain/mempool.go:353.34,358.2 3 1
github.com/knirvchain/internal/blockchain/mempool.go:361.44,366.2 3 1
github.com/knirvchain/internal/blockchain/persistence.go:18.57,22.2 1 1
github.com/knirvchain/internal/blockchain/persistence.go:25.52,28.16 2 1
github.com/knirvchain/internal/blockchain/persistence.go:28.16,30.3 1 0
github.com/knirvchain/internal/blockchain/persistence.go:32.2,36.50 3 1
github.com/knirvchain/internal/blockchain/persistence.go:36.50,38.3 1 0
github.com/knirvchain/internal/blockchain/persistence.go:42.2,42.35 1 1
github.com/knirvchain/internal/blockchain/persistence.go:42.35,44.17 2 1
github.com/knirvchain/internal/blockchain/persistence.go:44.17,46.4 1 0
github.com/knirvchain/internal/blockchain/persistence.go:47.3,48.58 2 1
github.com/knirvchain/internal/blockchain/persistence.go:48.58,50.4 1 0
github.com/knirvchain/internal/blockchain/persistence.go:54.2,56.62 3 1
github.com/knirvchain/internal/blockchain/persistence.go:56.62,58.3 1 0
github.com/knirvchain/internal/blockchain/persistence.go:61.2,62.53 2 1
github.com/knirvchain/internal/blockchain/persistence.go:62.53,64.3 1 0
github.com/knirvchain/internal/blockchain/persistence.go:67.2,67.38 1 1
github.com/knirvchain/internal/blockchain/persistence.go:67.38,69.3 1 0
github.com/knirvchain/internal/blockchain/persistence.go:71.2,71.12 1 1
github.com/knirvchain/internal/blockchain/persistence.go:75.67,79.16 3 1
github.com/knirvchain/internal/blockchain/persistence.go:79.16,81.3 1 1
github.com/knirvchain/internal/blockchain/persistence.go:83.2,84.53 2 1
github.com/knirvchain/internal/blockchain/persistence.go:84.53,86.3 1 0
github.com/knirvchain/internal/blockchain/persistence.go:88.2,88.20 1 1
github.com/knirvchain/internal/blockchain/persistence.go:92.65,95.2 2 0
github.com/knirvchain/internal/blockchain/persistence.go:98.60,101.16 2 0
github.com/knirvchain/internal/blockchain/persistence.go:101.16,103.3 1 0
github.com/knirvchain/internal/blockchain/persistence.go:105.2,109.47 3 0
github.com/knirvchain/internal/blockchain/persistence.go:109.47,111.3 1 0
github.com/knirvchain/internal/blockchain/persistence.go:114.2,115.48 2 0
github.com/knirvchain/internal/blockchain/persistence.go:115.48,117.3 1 0
github.com/knirvchain/internal/blockchain/persistence.go:120.2,121.50 2 0
github.com/knirvchain/internal/blockchain/persistence.go:121.50,123.3 1 0
github.com/knirvchain/internal/blockchain/persistence.go:126.2,127.46 2 0
github.com/knirvchain/internal/blockchain/persistence.go:127.46,129.3 1 0
github.com/knirvchain/internal/blockchain/persistence.go:132.2,132.38 1 0
github.com/knirvchain/internal/blockchain/persistence.go:132.38,134.3 1 0
github.com/knirvchain/internal/blockchain/persistence.go:136.2,136.12 1 0
github.com/knirvchain/internal/blockchain/persistence.go:140.56,145.18 4 1
github.com/knirvchain/internal/blockchain/persistence.go:145.18,147.62 2 1
github.com/knirvchain/internal/blockchain/persistence.go:147.62,149.4 1 0
github.com/knirvchain/internal/blockchain/persistence.go:150.3,150.34 1 1
github.com/knirvchain/internal/blockchain/persistence.go:153.2,153.37 1 1
github.com/knirvchain/internal/blockchain/persistence.go:153.37,155.3 1 0
github.com/knirvchain/internal/blockchain/persistence.go:157.2,157.20 1 1
github.com/knirvchain/internal/blockchain/persistence.go:161.86,167.18 5 1
github.com/knirvchain/internal/blockchain/persistence.go:167.18,175.17 5 1
github.com/knirvchain/internal/blockchain/persistence.go:175.17,176.12 1 0
github.com/knirvchain/internal/blockchain/persistence.go:179.3,180.17 2 1
github.com/knirvchain/internal/blockchain/persistence.go:180.17,181.12 1 0
github.com/knirvchain/internal/blockchain/persistence.go:184.3,184.33 1 1
github.com/knirvchain/internal/blockchain/persistence.go:187.2,187.37 1 1
github.com/knirvchain/internal/blockchain/persistence.go:187.37,189.3 1 0
github.com/knirvchain/internal/blockchain/persistence.go:191.2,191.20 1 1
github.com/knirvchain/internal/blockchain/persistence.go:195.88,201.18 4 0
github.com/knirvchain/internal/blockchain/persistence.go:201.18,209.17 5 0
github.com/knirvchain/internal/blockchain/persistence.go:209.17,210.12 1 0
github.com/knirvchain/internal/blockchain/persistence.go:214.3,214.51 1 0
github.com/knirvchain/internal/blockchain/persistence.go:214.51,215.12 1 0
github.com/knirvchain/internal/blockchain/persistence.go:218.3,219.17 2 0
github.com/knirvchain/internal/blockchain/persistence.go:219.17,220.12 1 0
github.com/knirvchain/internal/blockchain/persistence.go:223.3,224.17 2 0
github.com/knirvchain/internal/blockchain/persistence.go:224.17,225.12 1 0
github.com/knirvchain/internal/blockchain/persistence.go:228.3,228.33 1 0
github.com/knirvchain/internal/blockchain/persistence.go:231.2,231.37 1 0
github.com/knirvchain/internal/blockchain/persistence.go:231.37,233.3 1 0
github.com/knirvchain/internal/blockchain/persistence.go:235.2,235.20 1 0
github.com/knirvchain/internal/blockchain/persistence.go:239.52,244.18 4 0
github.com/knirvchain/internal/blockchain/persistence.go:244.18,246.3 1 0
github.com/knirvchain/internal/blockchain/persistence.go:248.2,248.37 1 0
github.com/knirvchain/internal/blockchain/persistence.go:248.37,250.3 1 0
github.com/knirvchain/internal/blockchain/persistence.go:252.2,252.19 1 0
github.com/knirvchain/internal/blockchain/persistence.go:256.79,260.16 3 0
github.com/knirvchain/internal/blockchain/persistence.go:260.16,262.3 1 0
github.com/knirvchain/internal/blockchain/persistence.go:264.2,265.54 2 0
github.com/knirvchain/internal/blockchain/persistence.go:265.54,267.3 1 0
github.com/knirvchain/internal/blockchain/persistence.go:269.2,269.20 1 0
github.com/knirvchain/internal/blockchain/persistence.go:273.80,278.18 4 0
github.com/knirvchain/internal/blockchain/persistence.go:278.18,284.17 4 0
github.com/knirvchain/internal/blockchain/persistence.go:284.17,285.12 1 0
github.com/knirvchain/internal/blockchain/persistence.go:288.3,289.63 2 0
github.com/knirvchain/internal/blockchain/persistence.go:289.63,290.12 1 0
github.com/knirvchain/internal/blockchain/persistence.go:293.3,293.28 1 0
github.com/knirvchain/internal/blockchain/persistence.go:296.2,296.37 1 0
github.com/knirvchain/internal/blockchain/persistence.go:296.37,298.3 1 0
github.com/knirvchain/internal/blockchain/persistence.go:300.2,300.21 1 0
github.com/knirvchain/internal/blockchain/transaction.go:83.87,94.2 2 1
github.com/knirvchain/internal/blockchain/transaction.go:97.81,101.2 3 1
github.com/knirvchain/internal/blockchain/transaction.go:104.74,108.2 3 1
github.com/knirvchain/internal/blockchain/transaction.go:111.101,116.2 4 1
github.com/knirvchain/internal/blockchain/transaction.go:119.72,123.2 3 1
github.com/knirvchain/internal/blockchain/transaction.go:126.41,128.25 1 1
github.com/knirvchain/internal/blockchain/transaction.go:128.25,130.3 1 1
github.com/knirvchain/internal/blockchain/transaction.go:133.2,133.38 1 1
github.com/knirvchain/internal/blockchain/transaction.go:133.38,135.3 1 1
github.com/knirvchain/internal/blockchain/transaction.go:138.2,138.19 1 1
github.com/knirvchain/internal/blockchain/transaction.go:138.19,140.3 1 1
github.com/knirvchain/internal/blockchain/transaction.go:143.2,143.42 1 1
github.com/knirvchain/internal/blockchain/transaction.go:143.42,145.3 1 0
github.com/knirvchain/internal/blockchain/transaction.go:148.2,148.17 1 1
github.com/knirvchain/internal/blockchain/transaction.go:149.19,150.24 1 1
github.com/knirvchain/internal/blockchain/transaction.go:150.24,152.4 1 1
github.com/knirvchain/internal/blockchain/transaction.go:153.3,153.22 1 1
github.com/knirvchain/internal/blockchain/transaction.go:153.22,155.4 1 1
github.com/knirvchain/internal/blockchain/transaction.go:157.22,158.24 1 1
github.com/knirvchain/internal/blockchain/transaction.go:158.24,160.4 1 1
github.com/knirvchain/internal/blockchain/transaction.go:162.20,163.24 1 1
github.com/knirvchain/internal/blockchain/transaction.go:163.24,165.4 1 1
github.com/knirvchain/internal/blockchain/transaction.go:166.3,166.24 1 1
github.com/knirvchain/internal/blockchain/transaction.go:166.24,168.4 1 1
github.com/knirvchain/internal/blockchain/transaction.go:169.3,169.22 1 0
github.com/knirvchain/internal/blockchain/transaction.go:169.22,171.4 1 0
github.com/knirvchain/internal/blockchain/transaction.go:173.20,174.24 1 1
github.com/knirvchain/internal/blockchain/transaction.go:174.24,176.4 1 1
github.com/knirvchain/internal/blockchain/transaction.go:179.2,179.12 1 1
github.com/knirvchain/internal/blockchain/transaction.go:183.41,185.2 1 1
github.com/knirvchain/internal/blockchain/transaction.go:188.64,192.26 4 1
github.com/knirvchain/internal/blockchain/transaction.go:192.26,194.3 1 1
github.com/knirvchain/internal/blockchain/transaction.go:198.46,202.16 4 1
github.com/knirvchain/internal/blockchain/transaction.go:202.16,204.3 1 1
github.com/knirvchain/internal/blockchain/transaction.go:208.52,213.2 4 1
github.com/knirvchain/internal/blockchain/transaction.go:216.41,218.2 1 1
github.com/knirvchain/internal/blockchain/transaction.go:221.44,223.2 1 1
github.com/knirvchain/internal/blockchain/transaction.go:226.43,228.2 1 1
github.com/knirvchain/internal/blockchain/transaction.go:231.40,233.2 1 1
github.com/knirvchain/internal/blockchain/transaction.go:236.42,238.2 1 1
github.com/knirvchain/internal/blockchain/transaction.go:241.43,243.2 1 1
github.com/knirvchain/internal/blockchain/transaction.go:246.44,248.2 1 1
github.com/knirvchain/internal/blockchain/transaction.go:251.55,252.27 1 1
github.com/knirvchain/internal/blockchain/transaction.go:252.27,254.3 1 1
github.com/knirvchain/internal/blockchain/transaction.go:255.2,255.41 1 1
github.com/knirvchain/internal/blockchain/transaction.go:259.55,260.24 1 1
github.com/knirvchain/internal/blockchain/transaction.go:260.24,262.3 1 0
github.com/knirvchain/internal/blockchain/transaction.go:263.2,263.26 1 1
github.com/knirvchain/internal/blockchain/transaction.go:267.63,268.24 1 1
github.com/knirvchain/internal/blockchain/transaction.go:268.24,270.3 1 0
github.com/knirvchain/internal/blockchain/transaction.go:271.2,272.16 2 1
github.com/knirvchain/internal/blockchain/transaction.go:276.58,277.16 1 1
github.com/knirvchain/internal/blockchain/transaction.go:278.63,279.14 1 1
github.com/knirvchain/internal/blockchain/transaction.go:280.10,281.15 1 1
github.com/knirvchain/internal/blockchain/transaction.go:286.62,287.16 1 1
github.com/knirvchain/internal/blockchain/transaction.go:288.96,289.14 1 1
github.com/knirvchain/internal/blockchain/transaction.go:290.10,291.15 1 1
github.com/knirvchain/internal/blockchain/transaction.go:307.57,317.27 2 1
github.com/knirvchain/internal/blockchain/transaction.go:317.27,319.3 1 1
github.com/knirvchain/internal/blockchain/transaction.go:321.2,321.16 1 1
github.com/knirvchain/internal/query/query.go:27.19,33.2 1 0
github.com/knirvchain/internal/query/query.go:51.105,55.36 3 0
github.com/knirvchain/internal/query/query.go:55.36,57.3 1 0
github.com/knirvchain/internal/query/query.go:59.2,64.12 5 0
github.com/knirvchain/internal/query/query.go:64.12,67.17 3 0
github.com/knirvchain/internal/query/query.go:67.17,70.4 2 0
github.com/knirvchain/internal/query/query.go:71.3,71.20 1 0
github.com/knirvchain/internal/query/query.go:74.2,74.25 1 0
github.com/knirvchain/internal/query/query.go:74.25,76.13 2 0
github.com/knirvchain/internal/query/query.go:76.13,79.18 3 0
github.com/knirvchain/internal/query/query.go:79.18,82.5 2 0
github.com/knirvchain/internal/query/query.go:83.4,83.21 1 0
github.com/knirvchain/internal/query/query.go:87.2,87.26 1 0
github.com/knirvchain/internal/query/query.go:87.26,89.13 2 0
github.com/knirvchain/internal/query/query.go:89.13,92.18 3 0
github.com/knirvchain/internal/query/query.go:92.18,95.5 2 0
github.com/knirvchain/internal/query/query.go:96.4,96.21 1 0
github.com/knirvchain/internal/query/query.go:100.2,104.27 4 0
github.com/knirvchain/internal/query/query.go:104.27,105.17 1 0
github.com/knirvchain/internal/query/query.go:105.17,107.4 1 0
github.com/knirvchain/internal/query/query.go:110.2,114.47 3 0
github.com/knirvchain/internal/query/query.go:117.109,119.18 2 0
github.com/knirvchain/internal/query/query.go:119.18,121.3 1 0
github.com/knirvchain/internal/query/query.go:123.2,123.34 1 0
github.com/knirvchain/internal/query/query.go:126.120,128.18 2 0
github.com/knirvchain/internal/query/query.go:128.18,130.3 1 0
github.com/knirvchain/internal/query/query.go:132.2,132.36 1 0
github.com/knirvchain/internal/query/query.go:135.119,137.18 2 0
github.com/knirvchain/internal/query/query.go:137.18,139.3 1 0
github.com/knirvchain/internal/query/query.go:141.2,141.37 1 0
github.com/knirvchain/internal/query/query.go:144.87,146.34 2 0
github.com/knirvchain/internal/query/query.go:146.34,148.3 1 0
github.com/knirvchain/internal/query/query.go:150.2,150.26 1 0
github.com/knirvchain/internal/query/query.go:150.26,152.3 1 0
github.com/knirvchain/internal/query/query.go:154.2,154.26 1 0
github.com/knirvchain/internal/query/query.go:154.26,156.3 1 0
github.com/knirvchain/internal/query/query.go:158.2,159.37 2 0
github.com/knirvchain/internal/query/query.go:159.37,160.30 1 0
github.com/knirvchain/internal/query/query.go:160.30,162.4 1 0
github.com/knirvchain/internal/query/query.go:165.2,167.32 3 0
github.com/knirvchain/internal/query/query.go:167.32,168.24 1 0
github.com/knirvchain/internal/query/query.go:168.24,170.4 1 0
github.com/knirvchain/internal/query/query.go:173.2,173.21 1 0
github.com/knirvchain/internal/query/query.go:176.127,181.34 4 0
github.com/knirvchain/internal/query/query.go:181.34,183.30 2 0
github.com/knirvchain/internal/query/query.go:183.30,186.17 3 0
github.com/knirvchain/internal/query/query.go:186.17,186.32 1 0
github.com/knirvchain/internal/query/query.go:188.4,189.18 2 0
github.com/knirvchain/internal/query/query.go:189.18,191.5 1 0
github.com/knirvchain/internal/query/query.go:193.4,197.5 2 0
github.com/knirvchain/internal/query/query.go:201.2,205.33 4 0
github.com/knirvchain/internal/query/query.go:205.33,207.3 1 0
github.com/knirvchain/internal/query/query.go:209.2,209.42 1 0
github.com/knirvchain/internal/query/query.go:209.42,211.3 1 0
github.com/knirvchain/internal/query/query.go:213.2,213.30 1 0
github.com/knirvchain/internal/query/query.go:213.30,215.3 1 0
github.com/knirvchain/internal/query/query.go:217.2,217.25 1 0
github.com/knirvchain/internal/query/query.go:217.25,219.3 1 0
github.com/knirvchain/internal/query/query.go:221.2,221.21 1 0
github.com/knirvchain/internal/query/query.go:224.104,226.32 2 0
github.com/knirvchain/internal/query/query.go:226.32,228.3 1 0
github.com/knirvchain/internal/query/query.go:230.2,231.16 2 0
github.com/knirvchain/internal/query/query.go:231.16,233.3 1 0
github.com/knirvchain/internal/query/query.go:235.2,237.19 2 0
github.com/knirvchain/internal/query/query.go:240.110,241.22 1 0
github.com/knirvchain/internal/query/query.go:241.22,243.3 1 0
github.com/knirvchain/internal/query/query.go:245.2,246.25 2 0
github.com/knirvchain/internal/query/query.go:246.25,248.17 2 0
github.com/knirvchain/internal/query/query.go:248.17,249.12 1 0
github.com/knirvchain/internal/query/query.go:252.3,255.5 1 0
github.com/knirvchain/internal/query/query.go:258.2,258.21 1 0
github.com/knirvchain/internal/query/query.go:261.73,262.24 1 0
github.com/knirvchain/internal/query/query.go:262.24,264.3 1 0
github.com/knirvchain/internal/query/query.go:266.2,267.20 2 0
github.com/knirvchain/internal/query/query.go:267.20,271.3 3 0
github.com/knirvchain/internal/query/query.go:273.2,273.30 1 0
github.com/knirvchain/internal/query/query.go:273.30,275.3 1 0
github.com/knirvchain/internal/query/query.go:277.2,277.42 1 0
github.com/knirvchain/internal/query/query.go:280.62,284.2 3 0
github.com/knirvchain/internal/query/query.go:286.30,287.11 1 0
github.com/knirvchain/internal/query/query.go:287.11,289.3 1 0
github.com/knirvchain/internal/query/query.go:290.2,291.26 2 0
github.com/knirvchain/internal/query/query.go:291.26,293.3 1 0
github.com/knirvchain/internal/query/query.go:294.2,294.10 1 0
github.com/knirvchain/internal/pricing/pricing.go:19.40,21.2 1 0
github.com/knirvchain/internal/pricing/pricing.go:27.10,36.14 6 0
github.com/knirvchain/internal/pricing/pricing.go:36.14,38.3 1 0
github.com/knirvchain/internal/pricing/pricing.go:40.2,40.14 1 0
github.com/knirvchain/internal/pricing/pricing.go:43.87,52.43 2 0
github.com/knirvchain/internal/pricing/pricing.go:52.43,54.3 1 0
github.com/knirvchain/internal/pricing/pricing.go:55.2,55.10 1 0
github.com/knirvchain/internal/pricing/pricing.go:61.10,66.23 4 0
github.com/knirvchain/internal/pricing/pricing.go:66.23,68.3 1 0
github.com/knirvchain/internal/pricing/pricing.go:70.2,70.42 1 0
github.com/knirvchain/internal/pricing/pricing.go:73.69,75.2 1 0
github.com/knirvchain/internal/pricing/pricing.go:88.16,93.19 2 0
github.com/knirvchain/internal/pricing/pricing.go:94.15,101.76 6 0
github.com/knirvchain/internal/pricing/pricing.go:103.18,107.57 4 0
github.com/knirvchain/internal/pricing/pricing.go:110.2,110.17 1 0
github.com/knirvchain/internal/mcp/server.go:28.138,39.2 3 1
github.com/knirvchain/internal/mcp/server.go:42.100,44.16 2 1
github.com/knirvchain/internal/mcp/server.go:44.16,46.3 1 0
github.com/knirvchain/internal/mcp/server.go:48.2,49.16 2 1
github.com/knirvchain/internal/mcp/server.go:49.16,51.3 1 0
github.com/knirvchain/internal/mcp/server.go:54.2,55.16 2 1
github.com/knirvchain/internal/mcp/server.go:55.16,57.3 1 0
github.com/knirvchain/internal/mcp/server.go:59.2,59.55 1 1
github.com/knirvchain/internal/mcp/server.go:62.38,67.2 4 1
github.com/knirvchain/internal/mcp/server.go:82.79,86.61 3 0
github.com/knirvchain/internal/mcp/server.go:86.61,89.3 2 0
github.com/knirvchain/internal/mcp/server.go:92.2,95.31 3 0
github.com/knirvchain/internal/mcp/server.go:95.31,98.3 2 0
github.com/knirvchain/internal/mcp/server.go:101.2,102.16 2 0
github.com/knirvchain/internal/mcp/server.go:102.16,105.3 2 0
github.com/knirvchain/internal/mcp/server.go:108.2,115.16 3 0
github.com/knirvchain/internal/mcp/server.go:115.16,118.3 2 0
github.com/knirvchain/internal/mcp/server.go:121.2,137.16 5 0
github.com/knirvchain/internal/mcp/server.go:137.16,140.3 2 0
github.com/knirvchain/internal/mcp/server.go:143.2,143.57 1 0
github.com/knirvchain/internal/mcp/server.go:143.57,146.3 2 0
github.com/knirvchain/internal/mcp/server.go:149.2,149.43 1 0
github.com/knirvchain/internal/mcp/server.go:149.43,151.3 1 0
github.com/knirvchain/internal/mcp/server.go:153.2,161.37 3 0
github.com/knirvchain/internal/mcp/server.go:183.82,187.61 3 0
github.com/knirvchain/internal/mcp/server.go:187.61,190.3 2 0
github.com/knirvchain/internal/mcp/server.go:192.2,192.20 1 0
github.com/knirvchain/internal/mcp/server.go:192.20,194.3 1 0
github.com/knirvchain/internal/mcp/server.go:197.2,198.16 2 0
github.com/knirvchain/internal/mcp/server.go:198.16,201.3 2 0
github.com/knirvchain/internal/mcp/server.go:204.2,207.31 3 0
github.com/knirvchain/internal/mcp/server.go:207.31,210.3 2 0
github.com/knirvchain/internal/mcp/server.go:213.2,220.16 3 0
github.com/knirvchain/internal/mcp/server.go:220.16,223.3 2 0
github.com/knirvchain/internal/mcp/server.go:226.2,227.64 1 0
github.com/knirvchain/internal/mcp/server.go:227.64,230.3 2 0
github.com/knirvchain/internal/mcp/server.go:233.2,234.32 2 0
github.com/knirvchain/internal/mcp/server.go:234.32,236.17 2 0
github.com/knirvchain/internal/mcp/server.go:236.17,237.12 1 0
github.com/knirvchain/internal/mcp/server.go:240.3,246.5 1 0
github.com/knirvchain/internal/mcp/server.go:249.2,255.37 3 0
github.com/knirvchain/internal/mcp/server.go:258.80,262.16 3 0
github.com/knirvchain/internal/mcp/server.go:262.16,265.3 2 0
github.com/knirvchain/internal/mcp/server.go:267.2,273.37 3 0
github.com/knirvchain/internal/mcp/server.go:289.80,291.61 2 1
github.com/knirvchain/internal/mcp/server.go:291.61,294.3 2 1
github.com/knirvchain/internal/mcp/server.go:296.2,299.23 3 1
github.com/knirvchain/internal/mcp/server.go:300.15,307.76 6 1
github.com/knirvchain/internal/mcp/server.go:309.18,313.57 4 1
github.com/knirvchain/internal/mcp/server.go:316.2,317.37 2 1
github.com/knirvchain/internal/mcp/server.go:320.83,329.43 2 1
github.com/knirvchain/internal/mcp/server.go:329.43,331.3 1 1
github.com/knirvchain/internal/mcp/server.go:332.2,332.10 1 1
github.com/knirvchain/internal/mcp/server.go:335.101,349.9 6 1
github.com/knirvchain/internal/mcp/server.go:349.9,351.3 1 1
github.com/knirvchain/internal/mcp/server.go:353.2,353.38 1 1
github.com/knirvchain/internal/mcp/server.go:356.62,358.2 1 1
github.com/knirvchain/internal/mcp/server.go:360.82,364.2 1 1
github.com/knirvchain/internal/mcp/server.go:366.92,369.2 1 0
github.com/knirvchain/internal/mcp/server.go:371.82,373.2 0 1
github.com/knirvchain/internal/mcp/server.go:375.46,377.2 1 0
github.com/knirvchain/internal/tracing/tracing.go:15.87,17.16 2 0
github.com/knirvchain/internal/tracing/tracing.go:17.16,19.3 1 0
github.com/knirvchain/internal/tracing/tracing.go:21.2,30.16 3 0
github.com/knirvchain/internal/tracing/tracing.go:33.118,36.2 2 0
github.com/knirvchain/internal/monitoring/monitoring.go:22.28,71.2 1 0
github.com/knirvchain/internal/storage/storage.go:79.69,87.16 3 1
github.com/knirvchain/internal/storage/storage.go:87.16,89.3 1 0
github.com/knirvchain/internal/storage/storage.go:92.2,98.8 2 1
github.com/knirvchain/internal/storage/storage.go:102.33,104.2 1 1
github.com/knirvchain/internal/storage/storage.go:107.57,120.35 5 1
github.com/knirvchain/internal/storage/storage.go:120.35,126.3 2 0
github.com/knirvchain/internal/storage/storage.go:129.2,130.16 2 1
github.com/knirvchain/internal/storage/storage.go:130.16,132.3 1 0
github.com/knirvchain/internal/storage/storage.go:133.2,133.12 1 1
github.com/knirvchain/internal/storage/storage.go:137.60,142.30 4 1
github.com/knirvchain/internal/storage/storage.go:142.30,144.3 1 1
github.com/knirvchain/internal/storage/storage.go:147.2,148.9 2 1
github.com/knirvchain/internal/storage/storage.go:148.9,150.3 1 0
github.com/knirvchain/internal/storage/storage.go:153.2,153.44 1 1
github.com/knirvchain/internal/storage/storage.go:153.44,155.3 1 1
github.com/knirvchain/internal/storage/storage.go:158.2,159.16 2 0
github.com/knirvchain/internal/storage/storage.go:159.16,161.3 1 0
github.com/knirvchain/internal/storage/storage.go:162.2,162.18 1 0
github.com/knirvchain/internal/storage/storage.go:166.53,172.2 4 1
github.com/knirvchain/internal/storage/storage.go:175.58,180.30 4 1
github.com/knirvchain/internal/storage/storage.go:180.30,182.3 1 1
github.com/knirvchain/internal/storage/storage.go:183.2,183.18 1 1
github.com/knirvchain/internal/storage/storage.go:187.42,192.2 1 1
github.com/knirvchain/internal/storage/storage.go:195.64,201.16 4 1
github.com/knirvchain/internal/storage/storage.go:201.16,203.3 1 0
github.com/knirvchain/internal/storage/storage.go:206.2,208.27 3 1
github.com/knirvchain/internal/storage/storage.go:208.27,209.44 1 1
github.com/knirvchain/internal/storage/storage.go:209.44,210.61 1 1
github.com/knirvchain/internal/storage/storage.go:210.61,212.5 1 1
github.com/knirvchain/internal/storage/storage.go:216.2,219.3 1 1
github.com/knirvchain/internal/storage/storage.go:223.42,228.2 3 1
github.com/knirvchain/internal/storage/storage.go:244.55,251.2 2 1
github.com/knirvchain/internal/storage/storage.go:254.51,260.2 2 1
github.com/knirvchain/internal/storage/storage.go:263.40,267.34 1 1
github.com/knirvchain/internal/storage/storage.go:267.34,268.20 1 1
github.com/knirvchain/internal/storage/storage.go:269.14,270.58 1 1
github.com/knirvchain/internal/storage/storage.go:270.58,272.5 1 0
github.com/knirvchain/internal/storage/storage.go:273.17,274.51 1 1
github.com/knirvchain/internal/storage/storage.go:274.51,276.5 1 0
github.com/knirvchain/internal/storage/storage.go:279.2,279.12 1 1
github.com/knirvchain/internal/storage/storage.go:283.34,285.2 1 1
github.com/knirvchain/internal/storage/storage.go:295.41,296.18 1 1
github.com/knirvchain/internal/storage/storage.go:296.18,298.3 1 0
github.com/knirvchain/internal/storage/storage.go:299.2,300.30 2 1
github.com/knirvchain/internal/storage/storage.go:304.42,305.43 1 1
github.com/knirvchain/internal/storage/storage.go:305.43,307.3 1 0
github.com/knirvchain/internal/storage/storage.go:308.2,308.52 1 1
github.com/knirvchain/internal/storage/storage.go:308.52,310.3 1 1
github.com/knirvchain/internal/storage/storage.go:311.2,311.12 1 0
github.com/knirvchain/internal/storage/storage.go:315.44,316.43 1 1
github.com/knirvchain/internal/storage/storage.go:316.43,318.3 1 0
github.com/knirvchain/internal/storage/storage.go:319.2,322.44 2 1
github.com/knirvchain/internal/storage/storage.go:322.44,324.3 1 1
github.com/knirvchain/internal/storage/storage.go:327.2,328.13 2 0
github.com/knirvchain/internal/storage/storage.go:332.43,334.2 1 1
github.com/knirvchain/internal/storage/storage.go:337.39,339.2 1 1
github.com/knirvchain/internal/security/security.go:20.46,25.2 1 0
github.com/knirvchain/internal/security/security.go:28.77,36.2 1 0
github.com/knirvchain/internal/security/security.go:39.83,41.16 2 0
github.com/knirvchain/internal/security/security.go:41.16,43.3 1 0
github.com/knirvchain/internal/security/security.go:45.2,46.16 2 0
github.com/knirvchain/internal/security/security.go:46.16,48.3 1 0
github.com/knirvchain/internal/security/security.go:50.2,51.59 2 0
github.com/knirvchain/internal/security/security.go:51.59,53.3 1 0
github.com/knirvchain/internal/security/security.go:55.2,56.24 2 0
github.com/knirvchain/internal/security/security.go:60.88,62.16 2 0
github.com/knirvchain/internal/security/security.go:62.16,64.3 1 0
github.com/knirvchain/internal/security/security.go:66.2,67.16 2 0
github.com/knirvchain/internal/security/security.go:67.16,69.3 1 0
github.com/knirvchain/internal/security/security.go:71.2,72.32 2 0
github.com/knirvchain/internal/security/security.go:72.32,74.3 1 0
github.com/knirvchain/internal/security/security.go:76.2,78.16 3 0
github.com/knirvchain/internal/security/security.go:78.16,80.3 1 0
github.com/knirvchain/internal/security/security.go:82.2,82.23 1 0
github.com/knirvchain/internal/security/security.go:86.59,88.43 2 0
github.com/knirvchain/internal/security/security.go:88.43,90.3 1 0
github.com/knirvchain/internal/security/security.go:91.2,91.18 1 0
github.com/knirvchain/internal/security/security.go:95.57,97.2 1 0
github.com/knirvchain/internal/security/security.go:100.70,102.2 1 0
github.com/knirvchain/pkg/config/config.go:93.47,95.45 2 0
github.com/knirvchain/pkg/config/config.go:95.45,97.3 1 0
github.com/knirvchain/pkg/config/config.go:99.2,100.49 2 0
github.com/knirvchain/pkg/config/config.go:100.49,102.3 1 0
github.com/knirvchain/pkg/config/config.go:104.2,104.21 1 0
github.com/knirvchain/internal/wallet/transaction.go:46.33,48.2 1 0
github.com/knirvchain/internal/wallet/transaction.go:50.41,53.2 2 1
github.com/knirvchain/internal/wallet/transaction.go:56.82,67.2 1 1
github.com/knirvchain/internal/wallet/transaction.go:70.48,72.2 1 1
github.com/knirvchain/internal/wallet/transaction.go:75.72,80.2 1 1
github.com/knirvchain/internal/wallet/transaction.go:83.45,85.2 1 1
github.com/knirvchain/internal/wallet/transaction.go:98.55,110.16 3 1
github.com/knirvchain/internal/wallet/transaction.go:110.16,112.3 1 0
github.com/knirvchain/internal/wallet/transaction.go:114.2,114.16 1 1
github.com/knirvchain/internal/wallet/transaction.go:173.49,175.2 1 1
github.com/knirvchain/internal/wallet/transaction.go:179.56,186.2 4 1
github.com/knirvchain/internal/wallet/transaction.go:190.49,200.2 4 1
github.com/knirvchain/internal/wallet/transaction.go:203.79,206.16 2 1
github.com/knirvchain/internal/wallet/transaction.go:206.16,208.3 1 0
github.com/knirvchain/internal/wallet/transaction.go:211.2,212.16 2 1
github.com/knirvchain/internal/wallet/transaction.go:212.16,214.3 1 0
github.com/knirvchain/internal/wallet/transaction.go:217.2,218.30 2 1
github.com/knirvchain/internal/wallet/transaction.go:218.30,221.3 2 1
github.com/knirvchain/internal/wallet/transaction.go:223.2,246.22 3 1
github.com/knirvchain/internal/wallet/transaction.go:250.50,252.2 1 1
github.com/knirvchain/internal/wallet/transaction.go:260.96,264.2 1 1
github.com/knirvchain/internal/wallet/transaction.go:267.73,270.2 2 1
github.com/knirvchain/internal/wallet/transaction.go:273.100,276.2 2 1
github.com/knirvchain/internal/wallet/transaction.go:279.106,287.2 3 1
github.com/knirvchain/internal/wallet/transaction.go:290.52,292.2 1 1
github.com/knirvchain/internal/wallet/transaction.go:309.72,311.2 1 1
github.com/knirvchain/internal/wallet/transaction.go:314.72,315.30 1 1
github.com/knirvchain/internal/wallet/transaction.go:315.30,317.3 1 1
github.com/knirvchain/internal/wallet/transaction.go:320.2,321.32 2 1
github.com/knirvchain/internal/wallet/wallet.go:34.51,38.19 3 1
github.com/knirvchain/internal/wallet/wallet.go:38.19,42.3 2 1
github.com/knirvchain/internal/wallet/wallet.go:42.8,42.22 1 1
github.com/knirvchain/internal/wallet/wallet.go:42.22,44.3 1 1
github.com/knirvchain/internal/wallet/wallet.go:44.8,47.17 2 0
github.com/knirvchain/internal/wallet/wallet.go:47.17,50.4 1 0
github.com/knirvchain/internal/wallet/wallet.go:51.3,55.34 3 0
github.com/knirvchain/internal/wallet/wallet.go:58.2,68.20 3 1
github.com/knirvchain/internal/wallet/wallet.go:72.97,80.2 1 1
github.com/knirvchain/internal/wallet/wallet.go:83.38,85.2 1 1
github.com/knirvchain/internal/wallet/wallet.go:88.66,91.38 2 1
github.com/knirvchain/internal/wallet/wallet.go:91.38,95.3 3 1
github.com/knirvchain/internal/wallet/wallet.go:96.2,100.16 3 1
github.com/knirvchain/internal/wallet/wallet.go:100.16,102.3 1 0
github.com/knirvchain/internal/wallet/wallet.go:105.2,113.24 6 1
github.com/knirvchain/internal/wallet/wallet.go:117.84,119.16 2 1
github.com/knirvchain/internal/wallet/wallet.go:119.16,121.3 1 0
github.com/knirvchain/internal/wallet/wallet.go:122.2,122.33 1 1
github.com/knirvchain/internal/wallet/wallet.go:126.92,132.16 4 1
github.com/knirvchain/internal/wallet/wallet.go:132.16,134.3 1 0
github.com/knirvchain/internal/wallet/wallet.go:136.2,137.25 2 1
github.com/knirvchain/internal/wallet/wallet.go:137.25,139.3 1 1
github.com/knirvchain/internal/wallet/wallet.go:144.2,157.16 5 1
github.com/knirvchain/internal/wallet/wallet.go:157.16,159.3 1 0
github.com/knirvchain/internal/wallet/wallet.go:162.2,163.16 2 1
github.com/knirvchain/internal/wallet/wallet.go:163.16,165.3 1 0
github.com/knirvchain/internal/wallet/wallet.go:168.2,169.16 2 1
github.com/knirvchain/internal/wallet/wallet.go:169.16,171.3 1 0
github.com/knirvchain/internal/wallet/wallet.go:174.2,188.20 4 1
github.com/knirvchain/internal/wallet/wallet.go:192.78,197.2 3 1
github.com/knirvchain/internal/wallet/wallet.go:200.105,202.16 2 0
github.com/knirvchain/internal/wallet/wallet.go:202.16,204.3 1 0
github.com/knirvchain/internal/wallet/wallet.go:207.2,210.40 3 0
github.com/knirvchain/internal/wallet/wallet.go:210.40,211.49 1 0
github.com/knirvchain/internal/wallet/wallet.go:211.49,213.9 2 0
github.com/knirvchain/internal/wallet/wallet.go:218.2,220.12 2 0
github.com/knirvchain/internal/wallet/wallet.go:224.63,229.16 4 1
github.com/knirvchain/internal/wallet/wallet.go:229.16,231.3 1 0
github.com/knirvchain/internal/wallet/wallet.go:233.2,238.12 4 1
github.com/knirvchain/internal/wallet/wallet.go:242.45,244.2 1 0
github.com/knirvchain/internal/wallet/wallet.go:248.46,251.26 2 1
github.com/knirvchain/internal/wallet/wallet.go:251.26,253.3 1 1
github.com/knirvchain/internal/wallet/wallet.go:253.8,255.3 1 0
github.com/knirvchain/internal/wallet/wallet.go:256.2,256.13 1 1
github.com/knirvchain/internal/wallet/xion_client.go:22.74,31.2 1 1
github.com/knirvchain/internal/wallet/xion_client.go:34.41,40.2 1 1
github.com/knirvchain/internal/wallet/xion_client.go:54.95,55.17 1 1
github.com/knirvchain/internal/wallet/xion_client.go:55.17,57.3 1 0
github.com/knirvchain/internal/wallet/xion_client.go:59.2,62.16 3 1
github.com/knirvchain/internal/wallet/xion_client.go:62.16,64.3 1 0
github.com/knirvchain/internal/wallet/xion_client.go:66.2,67.16 2 1
github.com/knirvchain/internal/wallet/xion_client.go:67.16,69.3 1 0
github.com/knirvchain/internal/wallet/xion_client.go:70.2,72.38 2 1
github.com/knirvchain/internal/wallet/xion_client.go:72.38,75.3 2 1
github.com/knirvchain/internal/wallet/xion_client.go:77.2,78.72 2 1
github.com/knirvchain/internal/wallet/xion_client.go:78.72,80.3 1 0
github.com/knirvchain/internal/wallet/xion_client.go:83.2,83.43 1 1
github.com/knirvchain/internal/wallet/xion_client.go:83.43,84.25 1 1
github.com/knirvchain/internal/wallet/xion_client.go:84.25,87.18 3 1
github.com/knirvchain/internal/wallet/xion_client.go:87.18,89.5 1 0
github.com/knirvchain/internal/wallet/xion_client.go:90.4,90.22 1 1
github.com/knirvchain/internal/wallet/xion_client.go:95.2,95.15 1 0
github.com/knirvchain/internal/wallet/xion_client.go:119.87,131.16 5 1
github.com/knirvchain/internal/wallet/xion_client.go:131.16,133.3 1 0
github.com/knirvchain/internal/wallet/xion_client.go:135.2,136.16 2 1
github.com/knirvchain/internal/wallet/xion_client.go:136.16,138.3 1 0
github.com/knirvchain/internal/wallet/xion_client.go:139.2,142.16 3 1
github.com/knirvchain/internal/wallet/xion_client.go:142.16,144.3 1 0
github.com/knirvchain/internal/wallet/xion_client.go:145.2,148.16 3 1
github.com/knirvchain/internal/wallet/xion_client.go:148.16,150.3 1 0
github.com/knirvchain/internal/wallet/xion_client.go:152.2,152.38 1 1
github.com/knirvchain/internal/wallet/xion_client.go:152.38,154.3 1 0
github.com/knirvchain/internal/wallet/xion_client.go:156.2,157.54 2 1
github.com/knirvchain/internal/wallet/xion_client.go:157.54,159.3 1 0
github.com/knirvchain/internal/wallet/xion_client.go:162.2,162.33 1 1
github.com/knirvchain/internal/wallet/xion_client.go:162.33,165.3 1 0
github.com/knirvchain/internal/wallet/xion_client.go:167.2,167.38 1 1
github.com/knirvchain/internal/wallet/xion_client.go:176.94,180.16 3 1
github.com/knirvchain/internal/wallet/xion_client.go:180.16,182.3 1 0
github.com/knirvchain/internal/wallet/xion_client.go:184.2,185.16 2 1
github.com/knirvchain/internal/wallet/xion_client.go:185.16,187.3 1 0
github.com/knirvchain/internal/wallet/xion_client.go:188.2,190.38 2 1
github.com/knirvchain/internal/wallet/xion_client.go:190.38,193.3 2 0
github.com/knirvchain/internal/wallet/xion_client.go:195.2,196.67 2 1
github.com/knirvchain/internal/wallet/xion_client.go:196.67,198.3 1 0
github.com/knirvchain/internal/wallet/xion_client.go:200.2,200.32 1 1
github.com/knirvchain/internal/wallet/xion_client.go:204.121,207.6 2 0
github.com/knirvchain/internal/wallet/xion_client.go:207.6,208.10 1 0
github.com/knirvchain/internal/wallet/xion_client.go:209.21,210.25 1 0
github.com/knirvchain/internal/wallet/xion_client.go:211.11,211.11 0 0
github.com/knirvchain/internal/wallet/xion_client.go:214.3,214.33 1 0
github.com/knirvchain/internal/wallet/xion_client.go:214.33,216.4 1 0
github.com/knirvchain/internal/wallet/xion_client.go:218.3,219.17 2 0
github.com/knirvchain/internal/wallet/xion_client.go:219.17,221.4 1 0
github.com/knirvchain/internal/wallet/xion_client.go:224.3,224.30 1 0
github.com/knirvchain/internal/wallet/xion_client.go:239.74,243.16 3 1
github.com/knirvchain/internal/wallet/xion_client.go:243.16,245.3 1 0
github.com/knirvchain/internal/wallet/xion_client.go:247.2,248.16 2 1
github.com/knirvchain/internal/wallet/xion_client.go:248.16,250.3 1 0
github.com/knirvchain/internal/wallet/xion_client.go:251.2,253.38 2 1
github.com/knirvchain/internal/wallet/xion_client.go:253.38,256.3 2 0
github.com/knirvchain/internal/wallet/xion_client.go:258.2,259.73 2 1
github.com/knirvchain/internal/wallet/xion_client.go:259.73,261.3 1 0
github.com/knirvchain/internal/wallet/xion_client.go:263.2,263.36 1 1
github.com/knirvchain/internal/wallet/xion_client.go:267.39,274.36 4 1
github.com/knirvchain/internal/wallet/xion_client.go:274.36,276.45 2 1
github.com/knirvchain/internal/wallet/xion_client.go:276.45,278.4 1 1
github.com/knirvchain/internal/wallet/xion_client.go:281.3,281.22 1 1
github.com/knirvchain/internal/wallet/xion_client.go:281.22,283.4 1 1
github.com/knirvchain/internal/wallet/xion_client.go:285.3,285.26 1 1
github.com/knirvchain/internal/wallet/xion_client.go:285.26,286.44 1 1
github.com/knirvchain/internal/wallet/xion_client.go:286.44,288.5 1 1
github.com/knirvchain/internal/wallet/xion_client.go:288.10,290.5 1 1
github.com/knirvchain/internal/wallet/xion_client.go:294.2,294.23 1 1
github.com/knirvchain/pkg/glb/encoder.go:32.28,34.2 1 1
github.com/knirvchain/pkg/glb/encoder.go:36.98,59.2 7 1
github.com/knirvchain/pkg/glb/encoder.go:66.57,68.51 2 1
github.com/knirvchain/pkg/glb/encoder.go:68.51,70.3 1 1
github.com/knirvchain/pkg/glb/encoder.go:72.2,75.27 2 1
github.com/knirvchain/pkg/glb/encoder.go:75.27,77.3 1 1
github.com/knirvchain/pkg/glb/encoder.go:79.2,80.74 2 1
github.com/knirvchain/pkg/glb/encoder.go:80.74,82.3 1 1
github.com/knirvchain/pkg/glb/encoder.go:84.2,85.16 2 1
github.com/knirvchain/pkg/glb/encoder.go:85.16,87.3 1 1
github.com/knirvchain/pkg/glb/encoder.go:89.2,92.8 1 1
