mode: set
github.com/knirvchain/internal/mcp/server.go:28.138,39.2 3 1
github.com/knirvchain/internal/mcp/server.go:42.100,44.16 2 1
github.com/knirvchain/internal/mcp/server.go:44.16,46.3 1 0
github.com/knirvchain/internal/mcp/server.go:48.2,49.16 2 1
github.com/knirvchain/internal/mcp/server.go:49.16,51.3 1 0
github.com/knirvchain/internal/mcp/server.go:54.2,55.16 2 1
github.com/knirvchain/internal/mcp/server.go:55.16,57.3 1 0
github.com/knirvchain/internal/mcp/server.go:59.2,59.55 1 1
github.com/knirvchain/internal/mcp/server.go:62.38,67.2 4 1
github.com/knirvchain/internal/mcp/server.go:82.79,86.61 3 1
github.com/knirvchain/internal/mcp/server.go:86.61,89.3 2 1
github.com/knirvchain/internal/mcp/server.go:92.2,95.31 3 1
github.com/knirvchain/internal/mcp/server.go:95.31,98.3 2 1
github.com/knirvchain/internal/mcp/server.go:101.2,102.16 2 0
github.com/knirvchain/internal/mcp/server.go:102.16,105.3 2 0
github.com/knirvchain/internal/mcp/server.go:108.2,115.16 3 0
github.com/knirvchain/internal/mcp/server.go:115.16,118.3 2 0
github.com/knirvchain/internal/mcp/server.go:121.2,137.16 5 0
github.com/knirvchain/internal/mcp/server.go:137.16,140.3 2 0
github.com/knirvchain/internal/mcp/server.go:143.2,143.57 1 0
github.com/knirvchain/internal/mcp/server.go:143.57,146.3 2 0
github.com/knirvchain/internal/mcp/server.go:149.2,149.43 1 0
github.com/knirvchain/internal/mcp/server.go:149.43,151.3 1 0
github.com/knirvchain/internal/mcp/server.go:153.2,161.37 3 0
github.com/knirvchain/internal/mcp/server.go:183.82,187.61 3 1
github.com/knirvchain/internal/mcp/server.go:187.61,190.3 2 1
github.com/knirvchain/internal/mcp/server.go:192.2,192.20 1 0
github.com/knirvchain/internal/mcp/server.go:192.20,194.3 1 0
github.com/knirvchain/internal/mcp/server.go:197.2,198.16 2 0
github.com/knirvchain/internal/mcp/server.go:198.16,201.3 2 0
github.com/knirvchain/internal/mcp/server.go:204.2,207.31 3 0
github.com/knirvchain/internal/mcp/server.go:207.31,210.3 2 0
github.com/knirvchain/internal/mcp/server.go:213.2,220.16 3 0
github.com/knirvchain/internal/mcp/server.go:220.16,223.3 2 0
github.com/knirvchain/internal/mcp/server.go:226.2,227.64 1 0
github.com/knirvchain/internal/mcp/server.go:227.64,230.3 2 0
github.com/knirvchain/internal/mcp/server.go:233.2,234.32 2 0
github.com/knirvchain/internal/mcp/server.go:234.32,236.17 2 0
github.com/knirvchain/internal/mcp/server.go:236.17,237.12 1 0
github.com/knirvchain/internal/mcp/server.go:240.3,246.5 1 0
github.com/knirvchain/internal/mcp/server.go:249.2,255.37 3 0
github.com/knirvchain/internal/mcp/server.go:258.80,262.16 3 0
github.com/knirvchain/internal/mcp/server.go:262.16,265.3 2 0
github.com/knirvchain/internal/mcp/server.go:267.2,273.37 3 0
github.com/knirvchain/internal/mcp/server.go:289.80,291.61 2 1
github.com/knirvchain/internal/mcp/server.go:291.61,294.3 2 1
github.com/knirvchain/internal/mcp/server.go:296.2,299.23 3 1
github.com/knirvchain/internal/mcp/server.go:300.15,307.76 6 1
github.com/knirvchain/internal/mcp/server.go:309.18,313.57 4 1
github.com/knirvchain/internal/mcp/server.go:316.2,317.37 2 1
github.com/knirvchain/internal/mcp/server.go:320.83,329.43 2 1
github.com/knirvchain/internal/mcp/server.go:329.43,331.3 1 1
github.com/knirvchain/internal/mcp/server.go:332.2,332.10 1 1
github.com/knirvchain/internal/mcp/server.go:335.101,349.9 6 1
github.com/knirvchain/internal/mcp/server.go:349.9,351.3 1 1
github.com/knirvchain/internal/mcp/server.go:353.2,353.38 1 1
github.com/knirvchain/internal/mcp/server.go:356.62,358.2 1 1
github.com/knirvchain/internal/mcp/server.go:360.82,364.2 1 1
github.com/knirvchain/internal/mcp/server.go:366.92,369.2 1 0
github.com/knirvchain/internal/mcp/server.go:371.82,373.2 0 1
github.com/knirvchain/internal/mcp/server.go:375.46,377.2 1 0
