mode: set
KNIRVENGINE/desktop-client/agent/migration/data_migration.go:21.103,23.16 2 0
KNIRVENGINE/desktop-client/agent/migration/data_migration.go:23.16,25.3 1 0
KNIRVENGINE/desktop-client/agent/migration/data_migration.go:27.2,30.8 1 0
KNIRVENGINE/desktop-client/agent/migration/data_migration.go:34.68,39.16 3 0
KNIRVENGINE/desktop-client/agent/migration/data_migration.go:39.16,41.3 1 0
KNIRVENGINE/desktop-client/agent/migration/data_migration.go:43.2,46.37 3 0
KNIRVENGINE/desktop-client/agent/migration/data_migration.go:46.37,47.55 1 0
KNIRVENGINE/desktop-client/agent/migration/data_migration.go:47.55,50.4 2 0
KNIRVENGINE/desktop-client/agent/migration/data_migration.go:50.9,53.4 2 0
KNIRVENGINE/desktop-client/agent/migration/data_migration.go:56.2,57.12 2 0
KNIRVENGINE/desktop-client/agent/migration/data_migration.go:61.94,67.2 2 0
KNIRVENGINE/desktop-client/agent/migration/data_migration.go:70.91,103.32 2 0
KNIRVENGINE/desktop-client/agent/migration/data_migration.go:103.32,106.46 3 0
KNIRVENGINE/desktop-client/agent/migration/data_migration.go:106.46,108.4 1 0
KNIRVENGINE/desktop-client/agent/migration/data_migration.go:112.2,112.80 1 0
KNIRVENGINE/desktop-client/agent/migration/data_migration.go:112.80,114.3 1 0
KNIRVENGINE/desktop-client/agent/migration/data_migration.go:114.8,116.3 1 0
KNIRVENGINE/desktop-client/agent/migration/data_migration.go:119.2,119.82 1 0
KNIRVENGINE/desktop-client/agent/migration/data_migration.go:119.82,121.3 1 0
KNIRVENGINE/desktop-client/agent/migration/data_migration.go:124.2,124.96 1 0
KNIRVENGINE/desktop-client/agent/migration/data_migration.go:124.96,126.3 1 0
KNIRVENGINE/desktop-client/agent/migration/data_migration.go:129.2,136.17 2 0
KNIRVENGINE/desktop-client/agent/migration/data_migration.go:140.101,153.49 2 0
KNIRVENGINE/desktop-client/agent/migration/data_migration.go:153.49,155.3 1 0
KNIRVENGINE/desktop-client/agent/migration/data_migration.go:156.2,156.49 1 0
KNIRVENGINE/desktop-client/agent/migration/data_migration.go:156.49,158.3 1 0
KNIRVENGINE/desktop-client/agent/migration/data_migration.go:159.2,159.58 1 0
KNIRVENGINE/desktop-client/agent/migration/data_migration.go:159.58,161.3 1 0
KNIRVENGINE/desktop-client/agent/migration/data_migration.go:162.2,162.61 1 0
KNIRVENGINE/desktop-client/agent/migration/data_migration.go:162.61,164.3 1 0
KNIRVENGINE/desktop-client/agent/migration/data_migration.go:165.2,165.50 1 0
KNIRVENGINE/desktop-client/agent/migration/data_migration.go:165.50,167.3 1 0
KNIRVENGINE/desktop-client/agent/migration/data_migration.go:168.2,168.61 1 0
KNIRVENGINE/desktop-client/agent/migration/data_migration.go:168.61,170.3 1 0
KNIRVENGINE/desktop-client/agent/migration/data_migration.go:171.2,171.55 1 0
KNIRVENGINE/desktop-client/agent/migration/data_migration.go:171.55,173.3 1 0
KNIRVENGINE/desktop-client/agent/migration/data_migration.go:174.2,174.59 1 0
KNIRVENGINE/desktop-client/agent/migration/data_migration.go:174.59,176.3 1 0
KNIRVENGINE/desktop-client/agent/migration/data_migration.go:178.2,178.15 1 0
KNIRVENGINE/desktop-client/agent/migration/data_migration.go:210.89,219.16 3 0
KNIRVENGINE/desktop-client/agent/migration/data_migration.go:219.16,221.3 1 0
KNIRVENGINE/desktop-client/agent/migration/data_migration.go:223.2,225.37 2 0
KNIRVENGINE/desktop-client/agent/migration/data_migration.go:225.37,226.55 1 0
KNIRVENGINE/desktop-client/agent/migration/data_migration.go:226.55,232.4 2 0
KNIRVENGINE/desktop-client/agent/migration/data_migration.go:232.9,242.4 2 0
KNIRVENGINE/desktop-client/agent/migration/data_migration.go:245.2,248.20 3 0
KNIRVENGINE/desktop-client/agent/migration/data_migration.go:252.76,253.73 1 0
KNIRVENGINE/desktop-client/agent/migration/data_migration.go:253.73,255.3 1 0
KNIRVENGINE/desktop-client/agent/migration/data_migration.go:256.2,256.17 1 0
KNIRVENGINE/desktop-client/agent/migration/data_migration.go:260.92,262.16 2 0
KNIRVENGINE/desktop-client/agent/migration/data_migration.go:262.16,264.3 1 0
KNIRVENGINE/desktop-client/agent/migration/data_migration.go:268.2,270.12 2 0
KNIRVENGINE/desktop-client/agent/migration/data_migration.go:274.69,277.16 2 0
KNIRVENGINE/desktop-client/agent/migration/data_migration.go:277.16,279.3 1 0
KNIRVENGINE/desktop-client/agent/migration/data_migration.go:280.2,284.16 3 0
KNIRVENGINE/desktop-client/agent/migration/data_migration.go:284.16,286.3 1 0
KNIRVENGINE/desktop-client/agent/migration/data_migration.go:287.2,289.26 2 0
KNIRVENGINE/desktop-client/agent/migration/data_migration.go:289.26,291.3 1 0
KNIRVENGINE/desktop-client/agent/migration/data_migration.go:293.2,294.12 2 0
KNIRVENGINE/desktop-client/agent/migration/migrate_agent_data.go:16.25,33.22 3 0
KNIRVENGINE/desktop-client/agent/migration/migrate_agent_data.go:33.22,35.3 1 0
KNIRVENGINE/desktop-client/agent/migration/migrate_agent_data.go:36.2,36.22 1 0
KNIRVENGINE/desktop-client/agent/migration/migrate_agent_data.go:36.22,38.3 1 0
KNIRVENGINE/desktop-client/agent/migration/migrate_agent_data.go:41.2,41.23 1 0
KNIRVENGINE/desktop-client/agent/migration/migrate_agent_data.go:41.23,43.3 1 0
KNIRVENGINE/desktop-client/agent/migration/migrate_agent_data.go:44.2,44.20 1 0
KNIRVENGINE/desktop-client/agent/migration/migrate_agent_data.go:44.20,46.3 1 0
KNIRVENGINE/desktop-client/agent/migration/migrate_agent_data.go:47.2,47.25 1 0
KNIRVENGINE/desktop-client/agent/migration/migrate_agent_data.go:47.25,49.3 1 0
KNIRVENGINE/desktop-client/agent/migration/migrate_agent_data.go:50.2,50.22 1 0
KNIRVENGINE/desktop-client/agent/migration/migrate_agent_data.go:50.22,52.3 1 0
KNIRVENGINE/desktop-client/agent/migration/migrate_agent_data.go:53.2,53.20 1 0
KNIRVENGINE/desktop-client/agent/migration/migrate_agent_data.go:53.20,55.3 1 0
KNIRVENGINE/desktop-client/agent/migration/migrate_agent_data.go:56.2,56.23 1 0
KNIRVENGINE/desktop-client/agent/migration/migrate_agent_data.go:56.23,58.3 1 0
KNIRVENGINE/desktop-client/agent/migration/migrate_agent_data.go:61.2,61.122 1 0
KNIRVENGINE/desktop-client/agent/migration/migrate_agent_data.go:61.122,63.3 1 0
KNIRVENGINE/desktop-client/agent/migration/migrate_agent_data.go:66.2,66.123 1 0
KNIRVENGINE/desktop-client/agent/migration/migrate_agent_data.go:66.123,68.3 1 0
KNIRVENGINE/desktop-client/agent/migration/migrate_agent_data.go:71.2,71.54 1 0
KNIRVENGINE/desktop-client/agent/migration/migrate_agent_data.go:71.54,73.3 1 0
KNIRVENGINE/desktop-client/agent/migration/migrate_agent_data.go:76.2,89.16 4 0
KNIRVENGINE/desktop-client/agent/migration/migrate_agent_data.go:89.16,91.3 1 0
KNIRVENGINE/desktop-client/agent/migration/migrate_agent_data.go:94.2,96.16 3 0
KNIRVENGINE/desktop-client/agent/migration/migrate_agent_data.go:96.16,98.3 1 0
KNIRVENGINE/desktop-client/agent/migration/migrate_agent_data.go:100.2,100.13 1 0
KNIRVENGINE/desktop-client/agent/migration/migrate_agent_data.go:100.13,102.54 2 0
KNIRVENGINE/desktop-client/agent/migration/migrate_agent_data.go:102.54,104.4 1 0
KNIRVENGINE/desktop-client/agent/migration/migrate_agent_data.go:105.3,106.9 2 0
KNIRVENGINE/desktop-client/agent/migration/migrate_agent_data.go:110.2,112.16 3 0
KNIRVENGINE/desktop-client/agent/migration/migrate_agent_data.go:112.16,114.3 1 0
KNIRVENGINE/desktop-client/agent/migration/migrate_agent_data.go:117.2,117.74 1 0
KNIRVENGINE/desktop-client/agent/migration/migrate_agent_data.go:117.74,119.3 1 0
KNIRVENGINE/desktop-client/agent/migration/migrate_agent_data.go:122.2,125.15 2 0
KNIRVENGINE/desktop-client/agent/migration/migrate_agent_data.go:125.15,127.57 2 0
KNIRVENGINE/desktop-client/agent/migration/migrate_agent_data.go:127.57,129.4 1 0
KNIRVENGINE/desktop-client/agent/migration/migrate_agent_data.go:130.3,130.49 1 0
KNIRVENGINE/desktop-client/agent/migration/migrate_agent_data.go:133.2,133.49 1 0
KNIRVENGINE/desktop-client/agent/migration/migrate_agent_data.go:137.71,143.16 3 0
KNIRVENGINE/desktop-client/agent/migration/migrate_agent_data.go:143.16,145.3 1 0
KNIRVENGINE/desktop-client/agent/migration/migrate_agent_data.go:148.2,151.29 2 0
KNIRVENGINE/desktop-client/agent/migration/migrate_agent_data.go:151.29,153.37 2 0
KNIRVENGINE/desktop-client/agent/migration/migrate_agent_data.go:153.37,155.4 1 0
KNIRVENGINE/desktop-client/agent/migration/migrate_agent_data.go:158.2,158.12 1 0
KNIRVENGINE/desktop-client/agent/migration/migrate_agent_data.go:162.53,173.28 10 0
KNIRVENGINE/desktop-client/agent/migration/migrate_agent_data.go:173.28,175.37 2 0
KNIRVENGINE/desktop-client/agent/migration/migrate_agent_data.go:175.37,177.4 1 0
KNIRVENGINE/desktop-client/agent/migration/migrate_agent_data.go:180.2,180.34 1 0
KNIRVENGINE/desktop-client/agent/migration/migrate_agent_data.go:180.34,182.46 2 0
KNIRVENGINE/desktop-client/agent/migration/migrate_agent_data.go:182.46,189.4 1 0
KNIRVENGINE/desktop-client/agent/migration/migrate_agent_data.go:191.2,191.38 1 0
KNIRVENGINE/desktop-client/agent/migration/migrate_agent_data.go:195.47,196.49 1 0
KNIRVENGINE/desktop-client/agent/migration/migrate_agent_data.go:196.49,198.3 1 0
KNIRVENGINE/desktop-client/agent/migration/migrate_agent_data.go:199.2,199.12 1 0
KNIRVENGINE/desktop-client/agent/migration/migrate_agent_data.go:204.48,211.2 3 0
KNIRVENGINE/desktop-client/agent/migration/migrate_agent_data.go:215.110,217.54 1 0
KNIRVENGINE/desktop-client/agent/migration/migrate_agent_data.go:217.54,219.3 1 0
KNIRVENGINE/desktop-client/agent/migration/migrate_agent_data.go:222.2,223.56 2 0
KNIRVENGINE/desktop-client/agent/migration/migrate_agent_data.go:223.56,225.3 1 0
KNIRVENGINE/desktop-client/agent/migration/migrate_agent_data.go:228.2,229.27 2 0
KNIRVENGINE/desktop-client/agent/migration/migrate_agent_data.go:229.27,230.52 1 0
KNIRVENGINE/desktop-client/agent/migration/migrate_agent_data.go:230.52,232.4 1 0
KNIRVENGINE/desktop-client/agent/migration/migrate_agent_data.go:235.2,235.12 1 0
KNIRVENGINE/desktop-client/agent/migration/migrate_agent_data.go:240.44,242.29 1 0
KNIRVENGINE/desktop-client/agent/migration/migrate_agent_data.go:242.29,245.56 1 0
KNIRVENGINE/desktop-client/agent/migration/migrate_agent_data.go:245.56,247.4 1 0
KNIRVENGINE/desktop-client/agent/migration/migrate_agent_data.go:249.3,249.53 1 0
KNIRVENGINE/desktop-client/agent/migration/migrate_agent_data.go:251.2,251.12 1 0
KNIRVENGINE/desktop-client/agent/migration/migrate_agent_data.go:255.13,257.2 1 0
KNIRVENGINE/desktop-client/agent/migration/simple_to_unified_migration.go:24.115,27.16 2 0
KNIRVENGINE/desktop-client/agent/migration/simple_to_unified_migration.go:27.16,29.3 1 0
KNIRVENGINE/desktop-client/agent/migration/simple_to_unified_migration.go:32.2,33.16 2 0
KNIRVENGINE/desktop-client/agent/migration/simple_to_unified_migration.go:33.16,35.3 1 0
KNIRVENGINE/desktop-client/agent/migration/simple_to_unified_migration.go:38.2,42.16 3 0
KNIRVENGINE/desktop-client/agent/migration/simple_to_unified_migration.go:42.16,44.3 1 0
KNIRVENGINE/desktop-client/agent/migration/simple_to_unified_migration.go:47.2,47.54 1 0
KNIRVENGINE/desktop-client/agent/migration/simple_to_unified_migration.go:47.54,49.3 1 0
KNIRVENGINE/desktop-client/agent/migration/simple_to_unified_migration.go:51.2,55.8 1 0
KNIRVENGINE/desktop-client/agent/migration/simple_to_unified_migration.go:59.49,61.29 1 0
KNIRVENGINE/desktop-client/agent/migration/simple_to_unified_migration.go:61.29,63.3 1 0
KNIRVENGINE/desktop-client/agent/migration/simple_to_unified_migration.go:64.2,64.12 1 0
KNIRVENGINE/desktop-client/agent/migration/simple_to_unified_migration.go:102.114,114.44 3 0
KNIRVENGINE/desktop-client/agent/migration/simple_to_unified_migration.go:114.44,116.3 1 0
KNIRVENGINE/desktop-client/agent/migration/simple_to_unified_migration.go:120.2,121.16 2 0
KNIRVENGINE/desktop-client/agent/migration/simple_to_unified_migration.go:121.16,123.3 1 0
KNIRVENGINE/desktop-client/agent/migration/simple_to_unified_migration.go:125.2,129.43 3 0
KNIRVENGINE/desktop-client/agent/migration/simple_to_unified_migration.go:129.43,130.72 1 0
KNIRVENGINE/desktop-client/agent/migration/simple_to_unified_migration.go:130.72,138.4 3 0
KNIRVENGINE/desktop-client/agent/migration/simple_to_unified_migration.go:138.9,141.4 2 0
KNIRVENGINE/desktop-client/agent/migration/simple_to_unified_migration.go:144.2,150.20 4 0
KNIRVENGINE/desktop-client/agent/migration/simple_to_unified_migration.go:154.156,157.40 2 0
KNIRVENGINE/desktop-client/agent/migration/simple_to_unified_migration.go:157.40,161.3 3 0
KNIRVENGINE/desktop-client/agent/migration/simple_to_unified_migration.go:164.2,167.72 2 0
KNIRVENGINE/desktop-client/agent/migration/simple_to_unified_migration.go:167.72,169.3 1 0
KNIRVENGINE/desktop-client/agent/migration/simple_to_unified_migration.go:172.2,183.12 2 0
KNIRVENGINE/desktop-client/agent/migration/simple_to_unified_migration.go:187.113,223.65 3 0
KNIRVENGINE/desktop-client/agent/migration/simple_to_unified_migration.go:223.65,225.3 1 0
KNIRVENGINE/desktop-client/agent/migration/simple_to_unified_migration.go:227.2,227.21 1 0
KNIRVENGINE/desktop-client/agent/migration/simple_to_unified_migration.go:231.75,237.16 3 0
KNIRVENGINE/desktop-client/agent/migration/simple_to_unified_migration.go:237.16,239.3 1 0
KNIRVENGINE/desktop-client/agent/migration/simple_to_unified_migration.go:242.2,247.16 3 0
KNIRVENGINE/desktop-client/agent/migration/simple_to_unified_migration.go:247.16,249.3 1 0
KNIRVENGINE/desktop-client/agent/migration/simple_to_unified_migration.go:252.2,252.67 1 0
KNIRVENGINE/desktop-client/agent/migration/simple_to_unified_migration.go:252.67,254.3 1 0
KNIRVENGINE/desktop-client/agent/migration/simple_to_unified_migration.go:256.2,257.12 2 0
KNIRVENGINE/desktop-client/agent/migration/simple_to_unified_migration.go:261.84,285.2 1 0
KNIRVENGINE/desktop-client/agent/templates/agent_terminal_template.go:22.73,30.2 1 0
KNIRVENGINE/desktop-client/agent/templates/agent_terminal_template.go:33.45,43.2 4 0
KNIRVENGINE/desktop-client/agent/templates/agent_terminal_template.go:46.82,55.2 6 0
KNIRVENGINE/desktop-client/agent/templates/agent_terminal_template.go:58.52,60.2 1 0
KNIRVENGINE/desktop-client/agent/templates/agent_terminal_template.go:63.53,65.2 1 0
KNIRVENGINE/desktop-client/agent/templates/agent_terminal_template.go:68.43,71.2 2 0
KNIRVENGINE/desktop-client/main.go:39.107,41.2 1 0
KNIRVENGINE/desktop-client/main.go:43.90,45.2 1 0
KNIRVENGINE/desktop-client/main.go:47.107,51.2 2 0
KNIRVENGINE/desktop-client/main.go:53.52,55.2 1 0
KNIRVENGINE/desktop-client/main.go:57.13,66.16 6 0
KNIRVENGINE/desktop-client/main.go:66.16,69.3 2 0
KNIRVENGINE/desktop-client/main.go:73.2,78.58 2 0
KNIRVENGINE/desktop-client/main.go:78.58,80.3 1 0
KNIRVENGINE/desktop-client/main.go:83.2,83.50 1 0
KNIRVENGINE/desktop-client/main.go:83.50,94.50 4 0
KNIRVENGINE/desktop-client/main.go:94.50,101.45 3 0
KNIRVENGINE/desktop-client/main.go:101.45,103.5 1 0
KNIRVENGINE/desktop-client/main.go:108.2,109.40 2 0
KNIRVENGINE/desktop-client/main.go:109.40,110.46 1 0
KNIRVENGINE/desktop-client/main.go:110.46,112.50 2 0
KNIRVENGINE/desktop-client/main.go:112.50,115.10 3 0
KNIRVENGINE/desktop-client/main.go:116.10,118.5 1 0
KNIRVENGINE/desktop-client/main.go:122.2,122.16 1 0
KNIRVENGINE/desktop-client/main.go:122.16,125.49 2 0
KNIRVENGINE/desktop-client/main.go:125.49,127.4 1 0
KNIRVENGINE/desktop-client/main.go:131.2,132.16 2 0
KNIRVENGINE/desktop-client/main.go:132.16,135.3 2 0
KNIRVENGINE/desktop-client/main.go:137.2,140.22 2 0
KNIRVENGINE/desktop-client/main.go:140.22,142.3 1 0
KNIRVENGINE/desktop-client/main.go:144.2,144.17 1 0
KNIRVENGINE/desktop-client/main.go:144.17,146.3 1 0
KNIRVENGINE/desktop-client/main.go:146.8,148.3 1 0
KNIRVENGINE/desktop-client/main.go:151.2,151.50 1 0
KNIRVENGINE/desktop-client/main.go:151.50,153.3 1 0
KNIRVENGINE/desktop-client/main.go:156.2,157.16 2 0
KNIRVENGINE/desktop-client/main.go:157.16,159.3 1 0
KNIRVENGINE/desktop-client/main.go:160.2,163.14 3 0
KNIRVENGINE/desktop-client/main.go:163.14,165.45 2 0
KNIRVENGINE/desktop-client/main.go:165.45,167.4 1 0
KNIRVENGINE/desktop-client/main.go:167.9,169.4 1 0
KNIRVENGINE/desktop-client/main.go:171.3,171.48 1 0
KNIRVENGINE/desktop-client/main.go:171.48,173.4 1 0
KNIRVENGINE/desktop-client/main.go:177.2,178.16 2 0
KNIRVENGINE/desktop-client/main.go:178.16,180.3 1 0
KNIRVENGINE/desktop-client/main.go:181.2,185.16 3 0
KNIRVENGINE/desktop-client/main.go:185.16,187.3 1 0
KNIRVENGINE/desktop-client/main.go:188.2,192.16 3 0
KNIRVENGINE/desktop-client/main.go:192.16,194.3 1 0
KNIRVENGINE/desktop-client/main.go:197.2,198.49 2 0
KNIRVENGINE/desktop-client/main.go:198.49,200.3 1 0
KNIRVENGINE/desktop-client/main.go:201.2,206.16 4 0
KNIRVENGINE/desktop-client/main.go:206.16,208.3 1 0
KNIRVENGINE/desktop-client/main.go:211.2,212.16 2 0
KNIRVENGINE/desktop-client/main.go:212.16,214.3 1 0
KNIRVENGINE/desktop-client/main.go:217.2,218.16 2 0
KNIRVENGINE/desktop-client/main.go:218.16,220.3 1 0
KNIRVENGINE/desktop-client/main.go:223.2,238.55 6 0
KNIRVENGINE/desktop-client/main.go:238.55,240.3 1 0
KNIRVENGINE/desktop-client/main.go:241.2,248.21 4 0
KNIRVENGINE/desktop-client/main.go:248.21,250.3 1 0
KNIRVENGINE/desktop-client/main.go:253.2,277.16 10 0
KNIRVENGINE/desktop-client/main.go:277.16,279.3 1 0
KNIRVENGINE/desktop-client/main.go:282.2,284.16 3 0
KNIRVENGINE/desktop-client/main.go:284.16,286.3 1 0
KNIRVENGINE/desktop-client/main.go:289.2,289.51 1 0
KNIRVENGINE/desktop-client/main.go:289.51,291.3 1 0
KNIRVENGINE/desktop-client/main.go:291.8,293.3 1 0
KNIRVENGINE/desktop-client/main.go:296.2,296.46 1 0
KNIRVENGINE/desktop-client/main.go:296.46,298.3 1 0
KNIRVENGINE/desktop-client/main.go:298.8,300.3 1 0
KNIRVENGINE/desktop-client/main.go:303.2,303.15 1 0
KNIRVENGINE/desktop-client/main.go:303.15,304.46 1 0
KNIRVENGINE/desktop-client/main.go:304.46,306.4 1 0
KNIRVENGINE/desktop-client/main.go:310.2,310.18 1 0
KNIRVENGINE/desktop-client/main.go:310.18,312.54 2 0
KNIRVENGINE/desktop-client/main.go:312.54,314.4 1 0
KNIRVENGINE/desktop-client/main.go:314.9,316.4 1 0
KNIRVENGINE/desktop-client/main.go:320.2,321.19 2 0
KNIRVENGINE/desktop-client/main.go:321.19,329.3 3 0
KNIRVENGINE/desktop-client/main.go:332.2,332.12 1 0
KNIRVENGINE/desktop-client/main.go:332.12,334.74 2 0
KNIRVENGINE/desktop-client/main.go:334.74,336.4 1 0
KNIRVENGINE/desktop-client/main.go:340.2,340.12 1 0
KNIRVENGINE/desktop-client/main.go:340.12,341.18 1 0
KNIRVENGINE/desktop-client/main.go:341.18,343.100 1 0
KNIRVENGINE/desktop-client/main.go:343.100,347.5 1 0
KNIRVENGINE/desktop-client/main.go:347.10,347.42 1 0
KNIRVENGINE/desktop-client/main.go:347.42,349.5 1 0
KNIRVENGINE/desktop-client/main.go:350.9,352.50 1 0
KNIRVENGINE/desktop-client/main.go:352.50,354.5 1 0
KNIRVENGINE/desktop-client/main.go:359.2,363.19 3 0
KNIRVENGINE/desktop-client/main.go:363.19,365.18 2 0
KNIRVENGINE/desktop-client/main.go:365.18,367.4 1 0
KNIRVENGINE/desktop-client/main.go:367.9,369.4 1 0
KNIRVENGINE/desktop-client/main.go:371.3,371.45 1 0
KNIRVENGINE/desktop-client/main.go:371.45,374.4 2 0
KNIRVENGINE/desktop-client/main.go:375.8,377.3 1 0
KNIRVENGINE/desktop-client/main.go:380.2,383.9 3 0
KNIRVENGINE/desktop-client/main.go:384.17,385.65 1 0
KNIRVENGINE/desktop-client/main.go:386.25,387.85 1 0
KNIRVENGINE/desktop-client/main.go:390.2,394.28 4 0
KNIRVENGINE/desktop-client/main.go:394.28,396.55 2 0
KNIRVENGINE/desktop-client/main.go:396.55,398.4 1 0
KNIRVENGINE/desktop-client/main.go:400.2,400.44 1 0
KNIRVENGINE/desktop-client/main.go:400.44,402.3 1 0
KNIRVENGINE/desktop-client/main.go:404.2,404.38 1 0
KNIRVENGINE/desktop-client/main.go:408.36,412.51 2 0
KNIRVENGINE/desktop-client/main.go:412.51,414.3 1 0
KNIRVENGINE/desktop-client/main.go:417.2,418.60 2 0
KNIRVENGINE/desktop-client/main.go:418.60,424.35 6 0
KNIRVENGINE/desktop-client/main.go:424.35,426.4 1 0
KNIRVENGINE/desktop-client/main.go:430.2,436.18 6 0
KNIRVENGINE/desktop-client/main.go:440.36,444.22 3 0
KNIRVENGINE/desktop-client/main.go:445.17,447.33 2 0
KNIRVENGINE/desktop-client/main.go:448.16,449.15 1 0
KNIRVENGINE/desktop-client/main.go:450.10,451.19 1 0
KNIRVENGINE/desktop-client/main.go:453.2,454.43 2 0
KNIRVENGINE/desktop-client/main.go:461.62,464.16 2 0
KNIRVENGINE/desktop-client/main.go:464.16,466.3 1 0
KNIRVENGINE/desktop-client/main.go:468.2,471.67 2 0
KNIRVENGINE/desktop-client/main.go:471.67,474.22 2 0
KNIRVENGINE/desktop-client/main.go:474.22,476.4 1 0
KNIRVENGINE/desktop-client/main.go:479.3,480.17 2 0
KNIRVENGINE/desktop-client/main.go:480.17,484.4 2 0
KNIRVENGINE/desktop-client/main.go:488.3,488.64 1 0
KNIRVENGINE/desktop-client/main.go:491.2,498.32 4 0
KNIRVENGINE/desktop-client/agent/core/agent_core.go:151.41,153.2 1 0
KNIRVENGINE/desktop-client/agent/core/agent_core.go:166.86,169.20 2 0
KNIRVENGINE/desktop-client/agent/core/agent_core.go:169.20,171.3 1 0
KNIRVENGINE/desktop-client/agent/core/agent_core.go:173.2,173.22 1 0
KNIRVENGINE/desktop-client/agent/core/agent_core.go:173.22,175.3 1 0
KNIRVENGINE/desktop-client/agent/core/agent_core.go:177.2,177.22 1 0
KNIRVENGINE/desktop-client/agent/core/agent_core.go:177.22,179.3 1 0
KNIRVENGINE/desktop-client/agent/core/agent_core.go:181.2,181.25 1 0
KNIRVENGINE/desktop-client/agent/core/agent_core.go:181.25,183.3 1 0
KNIRVENGINE/desktop-client/agent/core/agent_core.go:185.2,185.29 1 0
KNIRVENGINE/desktop-client/agent/core/agent_core.go:185.29,187.3 1 0
KNIRVENGINE/desktop-client/agent/core/agent_core.go:190.2,190.40 1 0
KNIRVENGINE/desktop-client/agent/core/agent_core.go:190.40,193.3 2 0
KNIRVENGINE/desktop-client/agent/core/agent_core.go:195.2,195.15 1 0
KNIRVENGINE/desktop-client/agent/core/agent_core.go:199.97,207.29 4 0
KNIRVENGINE/desktop-client/agent/core/agent_core.go:207.29,212.3 1 0
KNIRVENGINE/desktop-client/agent/core/agent_core.go:214.2,214.29 1 0
KNIRVENGINE/desktop-client/agent/core/agent_core.go:214.29,219.3 1 0
KNIRVENGINE/desktop-client/agent/core/agent_core.go:222.2,222.32 1 0
KNIRVENGINE/desktop-client/agent/core/agent_core.go:222.32,227.3 1 0
KNIRVENGINE/desktop-client/agent/core/agent_core.go:230.2,230.37 1 0
KNIRVENGINE/desktop-client/agent/core/agent_core.go:230.37,232.27 2 0
KNIRVENGINE/desktop-client/agent/core/agent_core.go:232.27,237.4 1 0
KNIRVENGINE/desktop-client/agent/core/agent_core.go:241.2,241.82 1 0
KNIRVENGINE/desktop-client/agent/core/agent_core.go:241.82,243.85 2 0
KNIRVENGINE/desktop-client/agent/core/agent_core.go:243.85,248.4 1 0
KNIRVENGINE/desktop-client/agent/core/agent_core.go:251.2,251.15 1 0
KNIRVENGINE/desktop-client/agent/core/agent_core.go:255.98,258.29 2 0
KNIRVENGINE/desktop-client/agent/core/agent_core.go:258.29,260.3 1 0
KNIRVENGINE/desktop-client/agent/core/agent_core.go:262.2,262.29 1 0
KNIRVENGINE/desktop-client/agent/core/agent_core.go:262.29,264.3 1 0
KNIRVENGINE/desktop-client/agent/core/agent_core.go:266.2,266.26 1 0
KNIRVENGINE/desktop-client/agent/core/agent_core.go:266.26,268.3 1 0
KNIRVENGINE/desktop-client/agent/core/agent_core.go:270.2,270.31 1 0
KNIRVENGINE/desktop-client/agent/core/agent_core.go:270.31,272.3 1 0
KNIRVENGINE/desktop-client/agent/core/agent_core.go:274.2,274.15 1 0
KNIRVENGINE/desktop-client/agent/core/agent_core.go:278.56,280.2 1 0
KNIRVENGINE/desktop-client/agent/core/agent_core_service.go:24.96,31.2 1 0
KNIRVENGINE/desktop-client/agent/core/agent_core_service.go:34.92,36.65 1 0
KNIRVENGINE/desktop-client/agent/core/agent_core_service.go:36.65,38.3 1 0
KNIRVENGINE/desktop-client/agent/core/agent_core_service.go:41.2,41.20 1 0
KNIRVENGINE/desktop-client/agent/core/agent_core_service.go:41.20,43.3 1 0
KNIRVENGINE/desktop-client/agent/core/agent_core_service.go:44.2,44.30 1 0
KNIRVENGINE/desktop-client/agent/core/agent_core_service.go:44.30,46.3 1 0
KNIRVENGINE/desktop-client/agent/core/agent_core_service.go:47.2,50.24 2 0
KNIRVENGINE/desktop-client/agent/core/agent_core_service.go:50.24,52.3 1 0
KNIRVENGINE/desktop-client/agent/core/agent_core_service.go:55.2,55.40 1 0
KNIRVENGINE/desktop-client/agent/core/agent_core_service.go:55.40,57.26 1 0
KNIRVENGINE/desktop-client/agent/core/agent_core_service.go:57.26,58.90 1 0
KNIRVENGINE/desktop-client/agent/core/agent_core_service.go:58.90,62.5 2 0
KNIRVENGINE/desktop-client/agent/core/agent_core_service.go:66.3,66.41 1 0
KNIRVENGINE/desktop-client/agent/core/agent_core_service.go:66.41,76.4 1 0
KNIRVENGINE/desktop-client/agent/core/agent_core_service.go:80.2,80.52 1 0
KNIRVENGINE/desktop-client/agent/core/agent_core_service.go:80.52,82.3 1 0
KNIRVENGINE/desktop-client/agent/core/agent_core_service.go:85.2,87.12 2 0
KNIRVENGINE/desktop-client/agent/core/agent_core_service.go:91.96,92.14 1 0
KNIRVENGINE/desktop-client/agent/core/agent_core_service.go:92.14,94.3 1 0
KNIRVENGINE/desktop-client/agent/core/agent_core_service.go:96.2,97.16 2 0
KNIRVENGINE/desktop-client/agent/core/agent_core_service.go:97.16,99.3 1 0
KNIRVENGINE/desktop-client/agent/core/agent_core_service.go:101.2,101.19 1 0
KNIRVENGINE/desktop-client/agent/core/agent_core_service.go:105.92,106.20 1 0
KNIRVENGINE/desktop-client/agent/core/agent_core_service.go:106.20,108.3 1 0
KNIRVENGINE/desktop-client/agent/core/agent_core_service.go:111.2,111.65 1 0
KNIRVENGINE/desktop-client/agent/core/agent_core_service.go:111.65,113.3 1 0
KNIRVENGINE/desktop-client/agent/core/agent_core_service.go:116.2,117.16 2 0
KNIRVENGINE/desktop-client/agent/core/agent_core_service.go:117.16,119.3 1 0
KNIRVENGINE/desktop-client/agent/core/agent_core_service.go:120.2,120.13 1 0
KNIRVENGINE/desktop-client/agent/core/agent_core_service.go:120.13,122.3 1 0
KNIRVENGINE/desktop-client/agent/core/agent_core_service.go:125.2,128.53 2 0
KNIRVENGINE/desktop-client/agent/core/agent_core_service.go:128.53,130.3 1 0
KNIRVENGINE/desktop-client/agent/core/agent_core_service.go:133.2,135.12 2 0
KNIRVENGINE/desktop-client/agent/core/agent_core_service.go:139.82,140.14 1 0
KNIRVENGINE/desktop-client/agent/core/agent_core_service.go:140.14,142.3 1 0
KNIRVENGINE/desktop-client/agent/core/agent_core_service.go:145.2,146.16 2 0
KNIRVENGINE/desktop-client/agent/core/agent_core_service.go:146.16,148.3 1 0
KNIRVENGINE/desktop-client/agent/core/agent_core_service.go:149.2,149.13 1 0
KNIRVENGINE/desktop-client/agent/core/agent_core_service.go:149.13,151.3 1 0
KNIRVENGINE/desktop-client/agent/core/agent_core_service.go:154.2,154.50 1 0
KNIRVENGINE/desktop-client/agent/core/agent_core_service.go:154.50,156.3 1 0
KNIRVENGINE/desktop-client/agent/core/agent_core_service.go:159.2,161.12 2 0
KNIRVENGINE/desktop-client/agent/core/agent_core_service.go:165.120,167.16 2 0
KNIRVENGINE/desktop-client/agent/core/agent_core_service.go:167.16,169.3 1 0
KNIRVENGINE/desktop-client/agent/core/agent_core_service.go:171.2,171.20 1 0
KNIRVENGINE/desktop-client/agent/core/agent_core_service.go:175.93,180.16 3 0
KNIRVENGINE/desktop-client/agent/core/agent_core_service.go:180.16,182.3 1 0
KNIRVENGINE/desktop-client/agent/core/agent_core_service.go:183.2,187.16 3 0
KNIRVENGINE/desktop-client/agent/core/agent_core_service.go:187.16,189.3 1 0
KNIRVENGINE/desktop-client/agent/core/agent_core_service.go:190.2,194.16 3 0
KNIRVENGINE/desktop-client/agent/core/agent_core_service.go:194.16,196.3 1 0
KNIRVENGINE/desktop-client/agent/core/agent_core_service.go:197.2,199.23 2 0
KNIRVENGINE/desktop-client/agent/core/agent_core_service.go:203.118,209.29 3 0
KNIRVENGINE/desktop-client/agent/core/agent_core_service.go:209.29,211.3 1 0
KNIRVENGINE/desktop-client/agent/core/agent_core_service.go:211.8,211.34 1 0
KNIRVENGINE/desktop-client/agent/core/agent_core_service.go:211.34,213.3 1 0
KNIRVENGINE/desktop-client/agent/core/agent_core_service.go:213.8,213.33 1 0
KNIRVENGINE/desktop-client/agent/core/agent_core_service.go:213.33,217.17 2 0
KNIRVENGINE/desktop-client/agent/core/agent_core_service.go:217.17,219.4 1 0
KNIRVENGINE/desktop-client/agent/core/agent_core_service.go:220.3,220.23 1 0
KNIRVENGINE/desktop-client/agent/core/agent_core_service.go:220.23,222.4 1 0
KNIRVENGINE/desktop-client/agent/core/agent_core_service.go:224.3,224.20 1 0
KNIRVENGINE/desktop-client/agent/core/agent_core_service.go:225.8,227.3 1 0
KNIRVENGINE/desktop-client/agent/core/agent_core_service.go:229.2,229.16 1 0
KNIRVENGINE/desktop-client/agent/core/agent_core_service.go:229.16,231.3 1 0
KNIRVENGINE/desktop-client/agent/core/agent_core_service.go:234.2,234.50 1 0
KNIRVENGINE/desktop-client/agent/core/agent_core_service.go:234.50,236.3 1 0
KNIRVENGINE/desktop-client/agent/core/agent_core_service.go:238.2,238.19 1 0
KNIRVENGINE/desktop-client/agent/core/agent_core_service.go:242.111,244.16 2 0
KNIRVENGINE/desktop-client/agent/core/agent_core_service.go:244.16,246.3 1 0
KNIRVENGINE/desktop-client/agent/core/agent_core_service.go:248.2,248.26 1 0
KNIRVENGINE/desktop-client/agent/core/agent_core_service.go:252.119,254.67 1 0
KNIRVENGINE/desktop-client/agent/core/agent_core_service.go:254.67,256.3 1 0
KNIRVENGINE/desktop-client/agent/core/agent_core_service.go:259.2,260.16 2 0
KNIRVENGINE/desktop-client/agent/core/agent_core_service.go:260.16,262.3 1 0
KNIRVENGINE/desktop-client/agent/core/agent_core_service.go:265.2,269.29 3 0
KNIRVENGINE/desktop-client/agent/core/agent_core_service.go:269.29,271.3 1 0
KNIRVENGINE/desktop-client/agent/core/agent_core_service.go:273.2,273.29 1 0
KNIRVENGINE/desktop-client/agent/core/agent_core_service.go:273.29,275.3 1 0
KNIRVENGINE/desktop-client/agent/core/agent_core_service.go:277.2,277.32 1 0
KNIRVENGINE/desktop-client/agent/core/agent_core_service.go:277.32,279.3 1 0
KNIRVENGINE/desktop-client/agent/core/agent_core_service.go:281.2,281.36 1 0
KNIRVENGINE/desktop-client/agent/core/agent_core_service.go:281.36,283.3 1 0
KNIRVENGINE/desktop-client/agent/core/agent_core_service.go:286.2,286.82 1 0
KNIRVENGINE/desktop-client/agent/core/agent_core_service.go:286.82,288.3 1 0
KNIRVENGINE/desktop-client/agent/core/agent_core_service.go:291.2,295.34 3 0
KNIRVENGINE/desktop-client/agent/core/agent_core_service.go:299.116,300.17 1 0
KNIRVENGINE/desktop-client/agent/core/agent_core_service.go:300.17,302.3 1 0
KNIRVENGINE/desktop-client/agent/core/agent_core_service.go:304.2,305.16 2 0
KNIRVENGINE/desktop-client/agent/core/agent_core_service.go:305.16,307.3 1 0
KNIRVENGINE/desktop-client/agent/core/agent_core_service.go:309.2,309.20 1 0
KNIRVENGINE/desktop-client/agent/core/agent_core_service.go:313.68,315.2 1 0
KNIRVENGINE/desktop-client/agent/core/agent_core_service.go:318.68,320.2 1 0
KNIRVENGINE/desktop-client/agent/core/agent_core_service.go:323.58,325.2 1 0
KNIRVENGINE/desktop-client/agent/core/agent_core_service.go:328.90,329.27 1 0
KNIRVENGINE/desktop-client/agent/core/agent_core_service.go:330.16,331.39 1 0
KNIRVENGINE/desktop-client/agent/core/agent_core_service.go:332.14,333.37 1 0
KNIRVENGINE/desktop-client/agent/core/agent_core_service.go:334.18,335.41 1 0
KNIRVENGINE/desktop-client/agent/core/agent_core_service.go:336.10,337.71 1 0
KNIRVENGINE/desktop-client/agent/core/agent_core_service.go:342.96,346.43 2 0
KNIRVENGINE/desktop-client/agent/core/agent_core_service.go:346.43,348.3 1 0
KNIRVENGINE/desktop-client/agent/core/agent_core_service.go:351.2,351.55 1 0
KNIRVENGINE/desktop-client/agent/core/agent_core_service.go:351.55,353.3 1 0
KNIRVENGINE/desktop-client/agent/core/agent_core_service.go:356.2,357.16 2 0
KNIRVENGINE/desktop-client/agent/core/agent_core_service.go:357.16,359.3 1 0
KNIRVENGINE/desktop-client/agent/core/agent_core_service.go:362.2,363.16 2 0
KNIRVENGINE/desktop-client/agent/core/agent_core_service.go:363.16,365.3 1 0
KNIRVENGINE/desktop-client/agent/core/agent_core_service.go:368.2,368.25 1 0
KNIRVENGINE/desktop-client/agent/core/agent_core_service.go:368.25,370.3 1 0
KNIRVENGINE/desktop-client/agent/core/agent_core_service.go:371.2,375.34 4 0
KNIRVENGINE/desktop-client/agent/core/agent_core_service.go:379.94,383.41 2 0
KNIRVENGINE/desktop-client/agent/core/agent_core_service.go:383.41,385.3 1 0
KNIRVENGINE/desktop-client/agent/core/agent_core_service.go:388.2,388.53 1 0
KNIRVENGINE/desktop-client/agent/core/agent_core_service.go:388.53,390.3 1 0
KNIRVENGINE/desktop-client/agent/core/agent_core_service.go:393.2,393.25 1 0
KNIRVENGINE/desktop-client/agent/core/agent_core_service.go:393.25,395.3 1 0
KNIRVENGINE/desktop-client/agent/core/agent_core_service.go:396.2,399.34 3 0
KNIRVENGINE/desktop-client/agent/core/agent_core_service.go:403.98,405.25 1 0
KNIRVENGINE/desktop-client/agent/core/agent_core_service.go:405.25,407.3 1 0
KNIRVENGINE/desktop-client/agent/core/agent_core_service.go:408.2,411.34 3 0
KNIRVENGINE/desktop-client/agent/core/agent_core_service.go:415.115,417.25 1 0
KNIRVENGINE/desktop-client/agent/core/agent_core_service.go:417.25,419.3 1 0
KNIRVENGINE/desktop-client/agent/core/agent_core_service.go:420.2,424.34 4 0
KNIRVENGINE/desktop-client/agent/core/agent_core_service.go:428.86,430.16 2 0
KNIRVENGINE/desktop-client/agent/core/agent_core_service.go:430.16,432.3 1 0
KNIRVENGINE/desktop-client/agent/core/agent_core_service.go:434.2,434.57 1 0
KNIRVENGINE/desktop-client/agent/core/agent_core_service.go:434.57,436.3 1 0
KNIRVENGINE/desktop-client/agent/core/agent_core_service.go:439.2,440.34 2 0
KNIRVENGINE/desktop-client/agent/core/agent_core_service.go:444.85,446.16 2 0
KNIRVENGINE/desktop-client/agent/core/agent_core_service.go:446.16,448.3 1 0
KNIRVENGINE/desktop-client/agent/core/agent_core_service.go:450.2,450.31 1 0
KNIRVENGINE/desktop-client/agent/core/agent_core_service.go:450.31,452.3 1 0
KNIRVENGINE/desktop-client/agent/core/agent_core_service.go:455.2,456.34 2 0
KNIRVENGINE/desktop-client/agent/core/agent_core_service.go:460.37,463.2 2 0
KNIRVENGINE/desktop-client/agent/core/agent_core_service.go:465.35,467.2 1 0
KNIRVENGINE/desktop-client/agent/core/agent_core_service.go:471.34,473.2 1 0
KNIRVENGINE/desktop-client/agent/core/agent_discovery.go:27.84,33.2 1 0
KNIRVENGINE/desktop-client/agent/core/agent_discovery.go:36.114,37.21 1 0
KNIRVENGINE/desktop-client/agent/core/agent_discovery.go:37.21,39.3 1 0
KNIRVENGINE/desktop-client/agent/core/agent_discovery.go:41.2,46.87 3 0
KNIRVENGINE/desktop-client/agent/core/agent_discovery.go:46.87,47.17 1 0
KNIRVENGINE/desktop-client/agent/core/agent_discovery.go:47.17,49.4 1 0
KNIRVENGINE/desktop-client/agent/core/agent_discovery.go:52.3,52.19 1 0
KNIRVENGINE/desktop-client/agent/core/agent_discovery.go:52.19,54.4 1 0
KNIRVENGINE/desktop-client/agent/core/agent_discovery.go:57.3,57.39 1 0
KNIRVENGINE/desktop-client/agent/core/agent_discovery.go:57.39,59.4 1 0
KNIRVENGINE/desktop-client/agent/core/agent_discovery.go:62.3,62.109 1 0
KNIRVENGINE/desktop-client/agent/core/agent_discovery.go:62.109,64.18 2 0
KNIRVENGINE/desktop-client/agent/core/agent_discovery.go:64.18,67.5 1 0
KNIRVENGINE/desktop-client/agent/core/agent_discovery.go:70.4,71.53 2 0
KNIRVENGINE/desktop-client/agent/core/agent_discovery.go:71.53,73.5 1 0
KNIRVENGINE/desktop-client/agent/core/agent_discovery.go:74.4,74.14 1 0
KNIRVENGINE/desktop-client/agent/core/agent_discovery.go:78.3,78.38 1 0
KNIRVENGINE/desktop-client/agent/core/agent_discovery.go:78.38,80.18 2 0
KNIRVENGINE/desktop-client/agent/core/agent_discovery.go:80.18,83.5 1 0
KNIRVENGINE/desktop-client/agent/core/agent_discovery.go:86.4,86.39 1 0
KNIRVENGINE/desktop-client/agent/core/agent_discovery.go:86.39,88.54 2 0
KNIRVENGINE/desktop-client/agent/core/agent_discovery.go:88.54,90.6 1 0
KNIRVENGINE/desktop-client/agent/core/agent_discovery.go:92.4,92.14 1 0
KNIRVENGINE/desktop-client/agent/core/agent_discovery.go:95.3,95.13 1 0
KNIRVENGINE/desktop-client/agent/core/agent_discovery.go:98.2,98.16 1 0
KNIRVENGINE/desktop-client/agent/core/agent_discovery.go:98.16,100.3 1 0
KNIRVENGINE/desktop-client/agent/core/agent_discovery.go:103.2,103.37 1 0
KNIRVENGINE/desktop-client/agent/core/agent_discovery.go:103.37,105.3 1 0
KNIRVENGINE/desktop-client/agent/core/agent_discovery.go:107.2,107.20 1 0
KNIRVENGINE/desktop-client/agent/core/agent_discovery.go:111.109,112.19 1 0
KNIRVENGINE/desktop-client/agent/core/agent_discovery.go:112.19,114.3 1 0
KNIRVENGINE/desktop-client/agent/core/agent_discovery.go:116.2,121.85 3 0
KNIRVENGINE/desktop-client/agent/core/agent_discovery.go:121.85,122.17 1 0
KNIRVENGINE/desktop-client/agent/core/agent_discovery.go:122.17,124.4 1 0
KNIRVENGINE/desktop-client/agent/core/agent_discovery.go:127.3,127.19 1 0
KNIRVENGINE/desktop-client/agent/core/agent_discovery.go:127.19,129.4 1 0
KNIRVENGINE/desktop-client/agent/core/agent_discovery.go:132.3,132.39 1 0
KNIRVENGINE/desktop-client/agent/core/agent_discovery.go:132.39,134.4 1 0
KNIRVENGINE/desktop-client/agent/core/agent_discovery.go:137.3,137.39 1 0
KNIRVENGINE/desktop-client/agent/core/agent_discovery.go:137.39,139.18 2 0
KNIRVENGINE/desktop-client/agent/core/agent_discovery.go:139.18,142.5 1 0
KNIRVENGINE/desktop-client/agent/core/agent_discovery.go:145.4,146.53 2 0
KNIRVENGINE/desktop-client/agent/core/agent_discovery.go:146.53,148.5 1 0
KNIRVENGINE/desktop-client/agent/core/agent_discovery.go:149.4,149.14 1 0
KNIRVENGINE/desktop-client/agent/core/agent_discovery.go:153.3,153.38 1 0
KNIRVENGINE/desktop-client/agent/core/agent_discovery.go:153.38,155.18 2 0
KNIRVENGINE/desktop-client/agent/core/agent_discovery.go:155.18,158.5 1 0
KNIRVENGINE/desktop-client/agent/core/agent_discovery.go:161.4,161.39 1 0
KNIRVENGINE/desktop-client/agent/core/agent_discovery.go:161.39,163.54 2 0
KNIRVENGINE/desktop-client/agent/core/agent_discovery.go:163.54,165.6 1 0
KNIRVENGINE/desktop-client/agent/core/agent_discovery.go:167.4,167.14 1 0
KNIRVENGINE/desktop-client/agent/core/agent_discovery.go:170.3,170.13 1 0
KNIRVENGINE/desktop-client/agent/core/agent_discovery.go:173.2,173.16 1 0
KNIRVENGINE/desktop-client/agent/core/agent_discovery.go:173.16,175.3 1 0
KNIRVENGINE/desktop-client/agent/core/agent_discovery.go:178.2,178.37 1 0
KNIRVENGINE/desktop-client/agent/core/agent_discovery.go:178.37,180.3 1 0
KNIRVENGINE/desktop-client/agent/core/agent_discovery.go:182.2,182.20 1 0
KNIRVENGINE/desktop-client/agent/core/agent_discovery.go:186.118,187.23 1 0
KNIRVENGINE/desktop-client/agent/core/agent_discovery.go:187.23,189.3 1 0
KNIRVENGINE/desktop-client/agent/core/agent_discovery.go:191.2,194.89 2 0
KNIRVENGINE/desktop-client/agent/core/agent_discovery.go:194.89,195.17 1 0
KNIRVENGINE/desktop-client/agent/core/agent_discovery.go:195.17,197.4 1 0
KNIRVENGINE/desktop-client/agent/core/agent_discovery.go:200.3,200.57 1 0
KNIRVENGINE/desktop-client/agent/core/agent_discovery.go:200.57,202.4 1 0
KNIRVENGINE/desktop-client/agent/core/agent_discovery.go:205.3,206.17 2 0
KNIRVENGINE/desktop-client/agent/core/agent_discovery.go:206.17,209.4 1 0
KNIRVENGINE/desktop-client/agent/core/agent_discovery.go:211.3,212.13 2 0
KNIRVENGINE/desktop-client/agent/core/agent_discovery.go:215.2,215.16 1 0
KNIRVENGINE/desktop-client/agent/core/agent_discovery.go:215.16,217.3 1 0
KNIRVENGINE/desktop-client/agent/core/agent_discovery.go:219.2,219.20 1 0
KNIRVENGINE/desktop-client/agent/core/agent_discovery.go:223.119,230.16 4 0
KNIRVENGINE/desktop-client/agent/core/agent_discovery.go:230.16,232.3 1 0
KNIRVENGINE/desktop-client/agent/core/agent_discovery.go:234.2,260.19 2 0
KNIRVENGINE/desktop-client/agent/core/agent_discovery.go:264.115,271.16 4 0
KNIRVENGINE/desktop-client/agent/core/agent_discovery.go:271.16,273.3 1 0
KNIRVENGINE/desktop-client/agent/core/agent_discovery.go:275.2,301.19 2 0
KNIRVENGINE/desktop-client/agent/core/agent_discovery.go:305.123,307.9 1 0
KNIRVENGINE/desktop-client/agent/core/agent_discovery.go:308.20,309.24 1 0
KNIRVENGINE/desktop-client/agent/core/agent_discovery.go:310.10,310.10 0 0
KNIRVENGINE/desktop-client/agent/core/agent_discovery.go:315.2,316.16 2 0
KNIRVENGINE/desktop-client/agent/core/agent_discovery.go:316.16,318.3 1 0
KNIRVENGINE/desktop-client/agent/core/agent_discovery.go:321.2,322.60 2 0
KNIRVENGINE/desktop-client/agent/core/agent_discovery.go:322.60,324.3 1 0
KNIRVENGINE/desktop-client/agent/core/agent_discovery.go:327.2,357.65 4 0
KNIRVENGINE/desktop-client/agent/core/agent_discovery.go:357.65,359.3 1 0
KNIRVENGINE/desktop-client/agent/core/agent_discovery.go:360.2,360.86 1 0
KNIRVENGINE/desktop-client/agent/core/agent_discovery.go:360.86,362.3 1 0
KNIRVENGINE/desktop-client/agent/core/agent_discovery.go:363.2,363.74 1 0
KNIRVENGINE/desktop-client/agent/core/agent_discovery.go:363.74,365.3 1 0
KNIRVENGINE/desktop-client/agent/core/agent_discovery.go:367.2,367.19 1 0
KNIRVENGINE/desktop-client/agent/core/agent_discovery.go:379.80,387.23 4 0
KNIRVENGINE/desktop-client/agent/core/agent_discovery.go:387.23,398.3 4 0
KNIRVENGINE/desktop-client/agent/core/agent_discovery.go:402.2,407.3 1 0
KNIRVENGINE/desktop-client/agent/core/agent_discovery.go:411.108,414.2 1 0
KNIRVENGINE/desktop-client/agent/core/agent_discovery.go:417.130,419.9 1 0
KNIRVENGINE/desktop-client/agent/core/agent_discovery.go:420.20,421.24 1 0
KNIRVENGINE/desktop-client/agent/core/agent_discovery.go:422.10,422.10 0 0
KNIRVENGINE/desktop-client/agent/core/agent_discovery.go:425.2,429.16 3 0
KNIRVENGINE/desktop-client/agent/core/agent_discovery.go:429.16,431.3 1 0
KNIRVENGINE/desktop-client/agent/core/agent_discovery.go:432.2,438.35 4 0
KNIRVENGINE/desktop-client/agent/core/agent_discovery.go:438.35,439.81 1 0
KNIRVENGINE/desktop-client/agent/core/agent_discovery.go:439.81,441.18 2 0
KNIRVENGINE/desktop-client/agent/core/agent_discovery.go:441.18,442.13 1 0
KNIRVENGINE/desktop-client/agent/core/agent_discovery.go:444.4,447.18 3 0
KNIRVENGINE/desktop-client/agent/core/agent_discovery.go:447.18,448.13 1 0
KNIRVENGINE/desktop-client/agent/core/agent_discovery.go:451.4,451.67 1 0
KNIRVENGINE/desktop-client/agent/core/agent_discovery.go:451.67,452.13 1 0
KNIRVENGINE/desktop-client/agent/core/agent_discovery.go:454.4,455.9 2 0
KNIRVENGINE/desktop-client/agent/core/agent_discovery.go:460.2,460.16 1 0
KNIRVENGINE/desktop-client/agent/core/agent_discovery.go:460.16,467.3 2 0
KNIRVENGINE/desktop-client/agent/core/agent_discovery.go:470.2,497.20 3 0
KNIRVENGINE/desktop-client/agent/core/agent_discovery.go:501.97,502.32 1 0
KNIRVENGINE/desktop-client/agent/core/agent_discovery.go:502.32,503.34 1 0
KNIRVENGINE/desktop-client/agent/core/agent_discovery.go:503.34,505.4 1 0
KNIRVENGINE/desktop-client/agent/core/agent_discovery.go:507.2,507.21 1 0
KNIRVENGINE/desktop-client/agent/core/agent_lifecycle_manager.go:16.60,22.2 1 0
KNIRVENGINE/desktop-client/agent/core/agent_lifecycle_manager.go:25.82,29.2 3 0
KNIRVENGINE/desktop-client/agent/core/agent_lifecycle_manager.go:32.82,36.2 3 0
KNIRVENGINE/desktop-client/agent/core/agent_lifecycle_manager.go:39.79,43.2 3 0
KNIRVENGINE/desktop-client/agent/core/agent_lifecycle_manager.go:46.73,53.29 5 0
KNIRVENGINE/desktop-client/agent/core/agent_lifecycle_manager.go:53.29,54.33 1 0
KNIRVENGINE/desktop-client/agent/core/agent_lifecycle_manager.go:54.33,55.17 1 0
KNIRVENGINE/desktop-client/agent/core/agent_lifecycle_manager.go:55.17,56.33 1 0
KNIRVENGINE/desktop-client/agent/core/agent_lifecycle_manager.go:56.34,59.6 0 0
KNIRVENGINE/desktop-client/agent/core/agent_lifecycle_manager.go:61.4,61.12 1 0
KNIRVENGINE/desktop-client/agent/core/agent_lifecycle_manager.go:67.73,74.29 5 0
KNIRVENGINE/desktop-client/agent/core/agent_lifecycle_manager.go:74.29,75.33 1 0
KNIRVENGINE/desktop-client/agent/core/agent_lifecycle_manager.go:75.33,76.17 1 0
KNIRVENGINE/desktop-client/agent/core/agent_lifecycle_manager.go:76.17,77.33 1 0
KNIRVENGINE/desktop-client/agent/core/agent_lifecycle_manager.go:77.34,80.6 0 0
KNIRVENGINE/desktop-client/agent/core/agent_lifecycle_manager.go:82.4,82.12 1 0
KNIRVENGINE/desktop-client/agent/core/agent_lifecycle_manager.go:88.63,95.29 5 0
KNIRVENGINE/desktop-client/agent/core/agent_lifecycle_manager.go:95.29,96.30 1 0
KNIRVENGINE/desktop-client/agent/core/agent_lifecycle_manager.go:96.30,97.17 1 0
KNIRVENGINE/desktop-client/agent/core/agent_lifecycle_manager.go:97.17,98.33 1 0
KNIRVENGINE/desktop-client/agent/core/agent_lifecycle_manager.go:98.34,101.6 0 0
KNIRVENGINE/desktop-client/agent/core/agent_lifecycle_manager.go:103.4,103.9 1 0
KNIRVENGINE/desktop-client/agent/core/agent_storage_adapter.go:19.74,25.16 3 0
KNIRVENGINE/desktop-client/agent/core/agent_storage_adapter.go:25.16,27.3 1 0
KNIRVENGINE/desktop-client/agent/core/agent_storage_adapter.go:29.2,32.8 1 0
KNIRVENGINE/desktop-client/agent/core/agent_storage_adapter.go:36.85,39.16 2 0
KNIRVENGINE/desktop-client/agent/core/agent_storage_adapter.go:39.16,41.3 1 0
KNIRVENGINE/desktop-client/agent/core/agent_storage_adapter.go:44.2,57.33 2 0
KNIRVENGINE/desktop-client/agent/core/agent_storage_adapter.go:57.33,60.3 2 0
KNIRVENGINE/desktop-client/agent/core/agent_storage_adapter.go:63.2,63.32 1 0
KNIRVENGINE/desktop-client/agent/core/agent_storage_adapter.go:63.32,66.3 2 0
KNIRVENGINE/desktop-client/agent/core/agent_storage_adapter.go:69.2,69.25 1 0
KNIRVENGINE/desktop-client/agent/core/agent_storage_adapter.go:69.25,72.3 2 0
KNIRVENGINE/desktop-client/agent/core/agent_storage_adapter.go:75.2,82.67 2 0
KNIRVENGINE/desktop-client/agent/core/agent_storage_adapter.go:86.90,89.16 2 0
KNIRVENGINE/desktop-client/agent/core/agent_storage_adapter.go:89.16,91.3 1 0
KNIRVENGINE/desktop-client/agent/core/agent_storage_adapter.go:94.2,95.68 2 0
KNIRVENGINE/desktop-client/agent/core/agent_storage_adapter.go:95.68,97.3 1 0
KNIRVENGINE/desktop-client/agent/core/agent_storage_adapter.go:99.2,99.20 1 0
KNIRVENGINE/desktop-client/agent/core/agent_storage_adapter.go:103.86,106.16 2 0
KNIRVENGINE/desktop-client/agent/core/agent_storage_adapter.go:106.16,108.3 1 0
KNIRVENGINE/desktop-client/agent/core/agent_storage_adapter.go:109.2,109.13 1 0
KNIRVENGINE/desktop-client/agent/core/agent_storage_adapter.go:109.13,111.3 1 0
KNIRVENGINE/desktop-client/agent/core/agent_storage_adapter.go:114.2,114.69 1 0
KNIRVENGINE/desktop-client/agent/core/agent_storage_adapter.go:114.69,116.3 1 0
KNIRVENGINE/desktop-client/agent/core/agent_storage_adapter.go:119.2,119.28 1 0
KNIRVENGINE/desktop-client/agent/core/agent_storage_adapter.go:123.76,126.16 2 0
KNIRVENGINE/desktop-client/agent/core/agent_storage_adapter.go:126.16,128.3 1 0
KNIRVENGINE/desktop-client/agent/core/agent_storage_adapter.go:129.2,129.13 1 0
KNIRVENGINE/desktop-client/agent/core/agent_storage_adapter.go:129.13,131.3 1 0
KNIRVENGINE/desktop-client/agent/core/agent_storage_adapter.go:134.2,134.47 1 0
KNIRVENGINE/desktop-client/agent/core/agent_storage_adapter.go:138.113,142.16 2 0
KNIRVENGINE/desktop-client/agent/core/agent_storage_adapter.go:142.16,144.3 1 0
KNIRVENGINE/desktop-client/agent/core/agent_storage_adapter.go:146.2,147.33 2 0
KNIRVENGINE/desktop-client/agent/core/agent_storage_adapter.go:147.33,149.72 2 0
KNIRVENGINE/desktop-client/agent/core/agent_storage_adapter.go:149.72,150.12 1 0
KNIRVENGINE/desktop-client/agent/core/agent_storage_adapter.go:154.3,154.38 1 0
KNIRVENGINE/desktop-client/agent/core/agent_storage_adapter.go:154.38,156.4 1 0
KNIRVENGINE/desktop-client/agent/core/agent_storage_adapter.go:159.2,159.20 1 0
KNIRVENGINE/desktop-client/agent/core/agent_storage_adapter.go:163.109,166.16 2 0
KNIRVENGINE/desktop-client/agent/core/agent_storage_adapter.go:166.16,168.3 1 0
KNIRVENGINE/desktop-client/agent/core/agent_storage_adapter.go:170.2,171.33 2 0
KNIRVENGINE/desktop-client/agent/core/agent_storage_adapter.go:171.33,173.72 2 0
KNIRVENGINE/desktop-client/agent/core/agent_storage_adapter.go:173.72,174.12 1 0
KNIRVENGINE/desktop-client/agent/core/agent_storage_adapter.go:176.3,176.34 1 0
KNIRVENGINE/desktop-client/agent/core/agent_storage_adapter.go:179.2,179.20 1 0
KNIRVENGINE/desktop-client/agent/core/agent_storage_adapter.go:183.84,185.16 2 0
KNIRVENGINE/desktop-client/agent/core/agent_storage_adapter.go:185.16,187.3 1 0
KNIRVENGINE/desktop-client/agent/core/agent_storage_adapter.go:188.2,188.18 1 0
KNIRVENGINE/desktop-client/agent/core/agent_storage_adapter.go:192.102,194.16 2 0
KNIRVENGINE/desktop-client/agent/core/agent_storage_adapter.go:194.16,196.3 1 0
KNIRVENGINE/desktop-client/agent/core/agent_storage_adapter.go:197.2,197.25 1 0
KNIRVENGINE/desktop-client/agent/core/agent_storage_adapter.go:201.102,202.22 1 0
KNIRVENGINE/desktop-client/agent/core/agent_storage_adapter.go:202.22,204.3 1 0
KNIRVENGINE/desktop-client/agent/core/agent_storage_adapter.go:206.2,206.33 1 0
KNIRVENGINE/desktop-client/agent/core/agent_storage_adapter.go:206.33,207.14 1 0
KNIRVENGINE/desktop-client/agent/core/agent_storage_adapter.go:208.15,209.36 1 0
KNIRVENGINE/desktop-client/agent/core/agent_storage_adapter.go:209.36,211.5 1 0
KNIRVENGINE/desktop-client/agent/core/agent_storage_adapter.go:212.17,213.38 1 0
KNIRVENGINE/desktop-client/agent/core/agent_storage_adapter.go:213.38,215.5 1 0
KNIRVENGINE/desktop-client/agent/core/agent_storage_adapter.go:216.23,217.43 1 0
KNIRVENGINE/desktop-client/agent/core/agent_storage_adapter.go:217.43,219.5 1 0
KNIRVENGINE/desktop-client/agent/core/agent_storage_adapter.go:220.21,221.42 1 0
KNIRVENGINE/desktop-client/agent/core/agent_storage_adapter.go:221.42,223.5 1 0
KNIRVENGINE/desktop-client/agent/core/agent_storage_adapter.go:224.19,225.38 1 0
KNIRVENGINE/desktop-client/agent/core/agent_storage_adapter.go:225.38,227.5 1 0
KNIRVENGINE/desktop-client/agent/core/agent_storage_adapter.go:228.23,230.63 2 0
KNIRVENGINE/desktop-client/agent/core/agent_storage_adapter.go:230.63,232.5 1 0
KNIRVENGINE/desktop-client/agent/core/agent_storage_adapter.go:233.23,235.62 2 0
KNIRVENGINE/desktop-client/agent/core/agent_storage_adapter.go:235.62,237.5 1 0
KNIRVENGINE/desktop-client/agent/core/agent_storage_adapter.go:241.2,241.13 1 0
KNIRVENGINE/desktop-client/agent/core/agent_storage_adapter.go:245.89,247.32 2 0
KNIRVENGINE/desktop-client/agent/core/agent_storage_adapter.go:247.32,249.3 1 0
KNIRVENGINE/desktop-client/agent/core/agent_storage_adapter.go:251.2,251.40 1 0
KNIRVENGINE/desktop-client/agent/core/agent_storage_adapter.go:251.40,252.24 1 0
KNIRVENGINE/desktop-client/agent/core/agent_storage_adapter.go:252.24,254.4 1 0
KNIRVENGINE/desktop-client/agent/core/agent_storage_adapter.go:257.2,257.13 1 0
KNIRVENGINE/desktop-client/agent/core/agent_storage_adapter.go:261.90,263.31 2 0
KNIRVENGINE/desktop-client/agent/core/agent_storage_adapter.go:263.31,265.3 1 0
KNIRVENGINE/desktop-client/agent/core/agent_storage_adapter.go:267.2,267.41 1 0
KNIRVENGINE/desktop-client/agent/core/agent_storage_adapter.go:267.41,268.25 1 0
KNIRVENGINE/desktop-client/agent/core/agent_storage_adapter.go:268.25,270.4 1 0
KNIRVENGINE/desktop-client/agent/core/agent_storage_adapter.go:273.2,273.13 1 0
KNIRVENGINE/desktop-client/agent/core/config_parser.go:7.38,9.2 1 0
KNIRVENGINE/desktop-client/agent/core/config_parser.go:12.61,13.27 1 0
KNIRVENGINE/desktop-client/agent/core/config_parser.go:13.27,14.32 1 0
KNIRVENGINE/desktop-client/agent/core/config_parser.go:14.32,16.4 1 0
KNIRVENGINE/desktop-client/agent/core/config_parser.go:18.2,18.11 1 0
KNIRVENGINE/desktop-client/agent/core/config_parser.go:21.55,22.27 1 0
KNIRVENGINE/desktop-client/agent/core/config_parser.go:22.27,23.26 1 0
KNIRVENGINE/desktop-client/agent/core/config_parser.go:24.12,25.12 1 0
KNIRVENGINE/desktop-client/agent/core/config_parser.go:26.16,27.17 1 0
KNIRVENGINE/desktop-client/agent/core/config_parser.go:30.2,30.10 1 0
KNIRVENGINE/desktop-client/agent/core/config_parser.go:33.65,34.27 1 0
KNIRVENGINE/desktop-client/agent/core/config_parser.go:34.27,35.33 1 0
KNIRVENGINE/desktop-client/agent/core/config_parser.go:35.33,37.4 1 0
KNIRVENGINE/desktop-client/agent/core/config_parser.go:38.3,38.29 1 0
KNIRVENGINE/desktop-client/agent/core/config_parser.go:38.29,41.4 2 0
KNIRVENGINE/desktop-client/agent/core/config_parser.go:43.2,43.12 1 0
KNIRVENGINE/desktop-client/agent/core/config_parser.go:46.63,47.27 1 0
KNIRVENGINE/desktop-client/agent/core/config_parser.go:47.27,48.26 1 0
KNIRVENGINE/desktop-client/agent/core/config_parser.go:49.12,51.15 2 0
KNIRVENGINE/desktop-client/agent/core/config_parser.go:52.14,53.13 1 0
KNIRVENGINE/desktop-client/agent/core/config_parser.go:54.16,56.15 2 0
KNIRVENGINE/desktop-client/agent/core/config_parser.go:59.2,59.12 1 0
KNIRVENGINE/desktop-client/agent/core/config_parser.go:63.89,64.19 1 0
KNIRVENGINE/desktop-client/agent/core/config_parser.go:64.19,66.3 1 0
KNIRVENGINE/desktop-client/agent/core/config_parser.go:68.2,78.3 1 0
KNIRVENGINE/desktop-client/agent/core/config_parser.go:95.91,96.19 1 0
KNIRVENGINE/desktop-client/agent/core/config_parser.go:96.19,98.3 1 0
KNIRVENGINE/desktop-client/agent/core/config_parser.go:100.2,109.3 1 0
KNIRVENGINE/desktop-client/agent/service/agent_service.go:28.68,31.16 2 0
KNIRVENGINE/desktop-client/agent/service/agent_service.go:31.16,33.3 1 0
KNIRVENGINE/desktop-client/agent/service/agent_service.go:36.2,45.8 3 0
KNIRVENGINE/desktop-client/agent/service/agent_service.go:51.89,53.2 1 0
KNIRVENGINE/desktop-client/agent/service/agent_service.go:56.93,58.2 1 0
KNIRVENGINE/desktop-client/agent/service/agent_service.go:61.89,63.2 1 0
KNIRVENGINE/desktop-client/agent/service/agent_service.go:66.74,68.2 1 0
KNIRVENGINE/desktop-client/agent/service/agent_service.go:71.117,73.2 1 0
KNIRVENGINE/desktop-client/agent/service/agent_service.go:78.90,80.2 1 0
KNIRVENGINE/desktop-client/agent/service/agent_service.go:83.115,85.2 1 0
KNIRVENGINE/desktop-client/agent/service/agent_service.go:90.103,92.2 1 0
KNIRVENGINE/desktop-client/agent/service/agent_service.go:95.111,97.2 1 0
KNIRVENGINE/desktop-client/agent/service/agent_service.go:102.113,104.2 1 0
KNIRVENGINE/desktop-client/agent/service/agent_service.go:109.65,111.2 1 0
KNIRVENGINE/desktop-client/agent/service/agent_service.go:114.65,116.2 1 0
KNIRVENGINE/desktop-client/agent/service/agent_service.go:119.50,121.2 1 0
KNIRVENGINE/desktop-client/agent/service/agent_service.go:126.109,131.2 2 0
KNIRVENGINE/desktop-client/agent/service/agent_service.go:134.108,139.2 2 0
KNIRVENGINE/desktop-client/agent/service/agent_service.go:142.118,147.2 2 0
KNIRVENGINE/desktop-client/agent/service/agent_service.go:150.116,155.2 2 0
KNIRVENGINE/desktop-client/agent/service/agent_service.go:158.91,160.2 1 0
KNIRVENGINE/desktop-client/agent/service/agent_service.go:163.93,165.2 1 0
KNIRVENGINE/desktop-client/agent/service/agent_service.go:168.91,170.2 1 0
KNIRVENGINE/desktop-client/agent/service/agent_service.go:173.89,175.2 1 0
KNIRVENGINE/desktop-client/agent/service/agent_service.go:178.93,180.2 1 0
KNIRVENGINE/desktop-client/agent/service/agent_service.go:183.76,185.16 2 0
KNIRVENGINE/desktop-client/agent/service/agent_service.go:185.16,187.3 1 0
KNIRVENGINE/desktop-client/agent/service/agent_service.go:189.2,190.34 2 0
KNIRVENGINE/desktop-client/agent/service/agent_service.go:194.78,196.16 2 0
KNIRVENGINE/desktop-client/agent/service/agent_service.go:196.16,198.3 1 0
KNIRVENGINE/desktop-client/agent/service/agent_service.go:200.2,201.34 2 0
KNIRVENGINE/desktop-client/agent/service/agent_service.go:205.101,207.2 1 0
KNIRVENGINE/desktop-client/agent/service/agent_service.go:210.82,212.2 1 0
KNIRVENGINE/desktop-client/agent/service/agent_service.go:215.63,217.2 1 0
KNIRVENGINE/desktop-client/agent/service/agent_service.go:220.55,222.2 1 0
KNIRVENGINE/desktop-client/agent/service/agent_service.go:225.59,227.2 1 0
KNIRVENGINE/desktop-client/agentify/examples/plugin_development/comprehensive_agent_plugin.go:28.84,30.61 1 0
KNIRVENGINE/desktop-client/agentify/examples/plugin_development/comprehensive_agent_plugin.go:30.61,32.3 1 0
KNIRVENGINE/desktop-client/agentify/examples/plugin_development/comprehensive_agent_plugin.go:35.2,35.54 1 0
KNIRVENGINE/desktop-client/agentify/examples/plugin_development/comprehensive_agent_plugin.go:35.54,37.3 1 0
KNIRVENGINE/desktop-client/agentify/examples/plugin_development/comprehensive_agent_plugin.go:37.8,40.17 2 0
KNIRVENGINE/desktop-client/agentify/examples/plugin_development/comprehensive_agent_plugin.go:40.17,43.4 1 0
KNIRVENGINE/desktop-client/agentify/examples/plugin_development/comprehensive_agent_plugin.go:43.9,45.4 1 0
KNIRVENGINE/desktop-client/agentify/examples/plugin_development/comprehensive_agent_plugin.go:49.2,49.54 1 0
KNIRVENGINE/desktop-client/agentify/examples/plugin_development/comprehensive_agent_plugin.go:49.54,51.57 1 0
KNIRVENGINE/desktop-client/agentify/examples/plugin_development/comprehensive_agent_plugin.go:51.57,53.4 1 0
KNIRVENGINE/desktop-client/agentify/examples/plugin_development/comprehensive_agent_plugin.go:57.2,80.12 11 0
KNIRVENGINE/desktop-client/agentify/examples/plugin_development/comprehensive_agent_plugin.go:84.128,86.9 2 0
KNIRVENGINE/desktop-client/agentify/examples/plugin_development/comprehensive_agent_plugin.go:86.9,88.3 1 0
KNIRVENGINE/desktop-client/agentify/examples/plugin_development/comprehensive_agent_plugin.go:90.2,90.19 1 0
KNIRVENGINE/desktop-client/agentify/examples/plugin_development/comprehensive_agent_plugin.go:91.14,93.10 2 0
KNIRVENGINE/desktop-client/agentify/examples/plugin_development/comprehensive_agent_plugin.go:93.10,95.4 1 0
KNIRVENGINE/desktop-client/agentify/examples/plugin_development/comprehensive_agent_plugin.go:97.3,98.17 2 0
KNIRVENGINE/desktop-client/agentify/examples/plugin_development/comprehensive_agent_plugin.go:98.17,100.4 1 0
KNIRVENGINE/desktop-client/agentify/examples/plugin_development/comprehensive_agent_plugin.go:102.3,103.30 2 0
KNIRVENGINE/desktop-client/agentify/examples/plugin_development/comprehensive_agent_plugin.go:103.30,111.4 2 0
KNIRVENGINE/desktop-client/agentify/examples/plugin_development/comprehensive_agent_plugin.go:113.3,118.9 1 0
KNIRVENGINE/desktop-client/agentify/examples/plugin_development/comprehensive_agent_plugin.go:120.14,122.10 2 0
KNIRVENGINE/desktop-client/agentify/examples/plugin_development/comprehensive_agent_plugin.go:122.10,124.4 1 0
KNIRVENGINE/desktop-client/agentify/examples/plugin_development/comprehensive_agent_plugin.go:127.3,127.81 1 0
KNIRVENGINE/desktop-client/agentify/examples/plugin_development/comprehensive_agent_plugin.go:127.81,129.4 1 0
KNIRVENGINE/desktop-client/agentify/examples/plugin_development/comprehensive_agent_plugin.go:131.3,132.17 2 0
KNIRVENGINE/desktop-client/agentify/examples/plugin_development/comprehensive_agent_plugin.go:132.17,134.4 1 0
KNIRVENGINE/desktop-client/agentify/examples/plugin_development/comprehensive_agent_plugin.go:136.3,141.9 1 0
KNIRVENGINE/desktop-client/agentify/examples/plugin_development/comprehensive_agent_plugin.go:143.15,145.10 2 0
KNIRVENGINE/desktop-client/agentify/examples/plugin_development/comprehensive_agent_plugin.go:145.10,147.4 1 0
KNIRVENGINE/desktop-client/agentify/examples/plugin_development/comprehensive_agent_plugin.go:149.3,150.10 2 0
KNIRVENGINE/desktop-client/agentify/examples/plugin_development/comprehensive_agent_plugin.go:150.10,152.4 1 0
KNIRVENGINE/desktop-client/agentify/examples/plugin_development/comprehensive_agent_plugin.go:155.3,155.81 1 0
KNIRVENGINE/desktop-client/agentify/examples/plugin_development/comprehensive_agent_plugin.go:155.81,157.4 1 0
KNIRVENGINE/desktop-client/agentify/examples/plugin_development/comprehensive_agent_plugin.go:159.3,160.17 2 0
KNIRVENGINE/desktop-client/agentify/examples/plugin_development/comprehensive_agent_plugin.go:160.17,162.4 1 0
KNIRVENGINE/desktop-client/agentify/examples/plugin_development/comprehensive_agent_plugin.go:164.3,169.9 1 0
KNIRVENGINE/desktop-client/agentify/examples/plugin_development/comprehensive_agent_plugin.go:171.10,172.70 1 0
KNIRVENGINE/desktop-client/agentify/examples/plugin_development/comprehensive_agent_plugin.go:177.123,179.9 2 0
KNIRVENGINE/desktop-client/agentify/examples/plugin_development/comprehensive_agent_plugin.go:179.9,181.3 1 0
KNIRVENGINE/desktop-client/agentify/examples/plugin_development/comprehensive_agent_plugin.go:184.2,202.8 1 0
KNIRVENGINE/desktop-client/agentify/examples/plugin_development/comprehensive_agent_plugin.go:206.124,208.9 2 0
KNIRVENGINE/desktop-client/agentify/examples/plugin_development/comprehensive_agent_plugin.go:208.9,210.3 1 0
KNIRVENGINE/desktop-client/agentify/examples/plugin_development/comprehensive_agent_plugin.go:214.2,218.39 3 0
KNIRVENGINE/desktop-client/agentify/examples/plugin_development/comprehensive_agent_plugin.go:218.39,221.3 2 0
KNIRVENGINE/desktop-client/agentify/examples/plugin_development/comprehensive_agent_plugin.go:221.8,221.46 1 0
KNIRVENGINE/desktop-client/agentify/examples/plugin_development/comprehensive_agent_plugin.go:221.46,224.3 2 0
KNIRVENGINE/desktop-client/agentify/examples/plugin_development/comprehensive_agent_plugin.go:224.8,224.46 1 0
KNIRVENGINE/desktop-client/agentify/examples/plugin_development/comprehensive_agent_plugin.go:224.46,227.3 2 0
KNIRVENGINE/desktop-client/agentify/examples/plugin_development/comprehensive_agent_plugin.go:227.8,227.46 1 0
KNIRVENGINE/desktop-client/agentify/examples/plugin_development/comprehensive_agent_plugin.go:227.46,230.3 2 0
KNIRVENGINE/desktop-client/agentify/examples/plugin_development/comprehensive_agent_plugin.go:230.8,232.3 1 0
KNIRVENGINE/desktop-client/agentify/examples/plugin_development/comprehensive_agent_plugin.go:234.2,239.8 1 0
KNIRVENGINE/desktop-client/agentify/examples/plugin_development/comprehensive_agent_plugin.go:243.124,245.9 2 0
KNIRVENGINE/desktop-client/agentify/examples/plugin_development/comprehensive_agent_plugin.go:245.9,247.3 1 0
KNIRVENGINE/desktop-client/agentify/examples/plugin_development/comprehensive_agent_plugin.go:249.2,249.18 1 0
KNIRVENGINE/desktop-client/agentify/examples/plugin_development/comprehensive_agent_plugin.go:250.17,257.9 1 0
KNIRVENGINE/desktop-client/agentify/examples/plugin_development/comprehensive_agent_plugin.go:259.16,266.9 1 0
KNIRVENGINE/desktop-client/agentify/examples/plugin_development/comprehensive_agent_plugin.go:268.14,275.9 1 0
KNIRVENGINE/desktop-client/agentify/examples/plugin_development/comprehensive_agent_plugin.go:277.10,278.71 1 0
KNIRVENGINE/desktop-client/agentify/examples/plugin_development/comprehensive_agent_plugin.go:283.126,285.9 2 0
KNIRVENGINE/desktop-client/agentify/examples/plugin_development/comprehensive_agent_plugin.go:285.9,287.3 1 0
KNIRVENGINE/desktop-client/agentify/examples/plugin_development/comprehensive_agent_plugin.go:290.2,291.26 2 0
KNIRVENGINE/desktop-client/agentify/examples/plugin_development/comprehensive_agent_plugin.go:291.26,292.76 1 0
KNIRVENGINE/desktop-client/agentify/examples/plugin_development/comprehensive_agent_plugin.go:292.76,294.18 2 0
KNIRVENGINE/desktop-client/agentify/examples/plugin_development/comprehensive_agent_plugin.go:294.18,296.5 1 0
KNIRVENGINE/desktop-client/agentify/examples/plugin_development/comprehensive_agent_plugin.go:298.4,303.10 1 0
KNIRVENGINE/desktop-client/agentify/examples/plugin_development/comprehensive_agent_plugin.go:308.2,314.8 1 0
KNIRVENGINE/desktop-client/agentify/examples/plugin_development/comprehensive_agent_plugin.go:318.129,320.9 2 0
KNIRVENGINE/desktop-client/agentify/examples/plugin_development/comprehensive_agent_plugin.go:320.9,322.3 1 0
KNIRVENGINE/desktop-client/agentify/examples/plugin_development/comprehensive_agent_plugin.go:325.2,327.28 3 0
KNIRVENGINE/desktop-client/agentify/examples/plugin_development/comprehensive_agent_plugin.go:327.28,329.3 1 0
KNIRVENGINE/desktop-client/agentify/examples/plugin_development/comprehensive_agent_plugin.go:331.2,333.36 3 0
KNIRVENGINE/desktop-client/agentify/examples/plugin_development/comprehensive_agent_plugin.go:333.36,334.26 1 0
KNIRVENGINE/desktop-client/agentify/examples/plugin_development/comprehensive_agent_plugin.go:334.26,336.9 2 0
KNIRVENGINE/desktop-client/agentify/examples/plugin_development/comprehensive_agent_plugin.go:340.2,340.13 1 0
KNIRVENGINE/desktop-client/agentify/examples/plugin_development/comprehensive_agent_plugin.go:340.13,342.3 1 0
KNIRVENGINE/desktop-client/agentify/examples/plugin_development/comprehensive_agent_plugin.go:345.2,349.16 4 0
KNIRVENGINE/desktop-client/agentify/examples/plugin_development/comprehensive_agent_plugin.go:349.16,357.3 1 0
KNIRVENGINE/desktop-client/agentify/examples/plugin_development/comprehensive_agent_plugin.go:359.2,364.8 1 0
KNIRVENGINE/desktop-client/agentify/examples/plugin_development/comprehensive_agent_plugin.go:368.82,376.2 1 0
KNIRVENGINE/desktop-client/agentify/examples/plugin_development/comprehensive_agent_plugin.go:379.70,490.2 1 0
KNIRVENGINE/desktop-client/agentify/examples/plugin_development/comprehensive_agent_plugin.go:493.13,495.2 1 0
KNIRVENGINE/desktop-client/agentify/examples/inference_integration/main.go:17.107,23.27 2 0
KNIRVENGINE/desktop-client/agentify/examples/inference_integration/main.go:23.27,25.3 1 0
KNIRVENGINE/desktop-client/agentify/examples/inference_integration/main.go:28.2,30.22 2 0
KNIRVENGINE/desktop-client/agentify/examples/inference_integration/main.go:33.90,42.2 6 0
KNIRVENGINE/desktop-client/agentify/examples/inference_integration/main.go:44.107,52.2 1 0
KNIRVENGINE/desktop-client/agentify/examples/inference_integration/main.go:54.52,56.2 1 0
KNIRVENGINE/desktop-client/agentify/examples/inference_integration/main.go:58.13,88.49 8 0
KNIRVENGINE/desktop-client/agentify/examples/inference_integration/main.go:88.49,90.3 1 0
KNIRVENGINE/desktop-client/agentify/examples/inference_integration/main.go:92.2,92.38 1 0
KNIRVENGINE/desktop-client/agentify/examples/inference_integration/main.go:92.38,94.3 1 0
KNIRVENGINE/desktop-client/agentify/examples/inference_integration/main.go:97.2,114.16 8 0
KNIRVENGINE/desktop-client/agentify/examples/inference_integration/main.go:114.16,116.3 1 0
KNIRVENGINE/desktop-client/agentify/examples/inference_integration/main.go:116.8,119.34 3 0
KNIRVENGINE/desktop-client/agentify/examples/inference_integration/main.go:119.34,120.48 1 0
KNIRVENGINE/desktop-client/agentify/examples/inference_integration/main.go:120.48,123.5 1 0
KNIRVENGINE/desktop-client/agentify/examples/inference_integration/main.go:128.2,141.16 5 0
KNIRVENGINE/desktop-client/agentify/examples/inference_integration/main.go:141.16,143.3 1 0
KNIRVENGINE/desktop-client/agentify/examples/inference_integration/main.go:143.8,145.3 1 0
KNIRVENGINE/desktop-client/agentify/examples/inference_integration/main.go:148.2,152.16 4 0
KNIRVENGINE/desktop-client/agentify/examples/inference_integration/main.go:152.16,154.3 1 0
KNIRVENGINE/desktop-client/agentify/examples/inference_integration/main.go:154.8,158.3 3 0
KNIRVENGINE/desktop-client/agentify/examples/inference_integration/main.go:160.2,161.16 2 0
KNIRVENGINE/desktop-client/agentify/examples/inference_integration/main.go:161.16,163.3 1 0
KNIRVENGINE/desktop-client/agentify/examples/inference_integration/main.go:163.8,165.37 2 0
KNIRVENGINE/desktop-client/agentify/examples/inference_integration/main.go:165.37,167.4 1 0
KNIRVENGINE/desktop-client/agentify/examples/inference_integration/main.go:171.2,175.16 4 0
KNIRVENGINE/desktop-client/agentify/examples/inference_integration/main.go:175.16,177.3 1 0
KNIRVENGINE/desktop-client/agentify/examples/inference_integration/main.go:177.8,182.17 3 0
KNIRVENGINE/desktop-client/agentify/examples/inference_integration/main.go:182.17,184.4 1 0
KNIRVENGINE/desktop-client/agentify/examples/inference_integration/main.go:187.3,189.17 3 0
KNIRVENGINE/desktop-client/agentify/examples/inference_integration/main.go:189.17,191.4 1 0
KNIRVENGINE/desktop-client/agentify/examples/inference_integration/main.go:191.9,193.4 1 0
KNIRVENGINE/desktop-client/agentify/examples/inference_integration/main.go:196.3,197.17 2 0
KNIRVENGINE/desktop-client/agentify/examples/inference_integration/main.go:197.17,199.4 1 0
KNIRVENGINE/desktop-client/agentify/examples/inference_integration/main.go:199.9,201.4 1 0
KNIRVENGINE/desktop-client/agentify/examples/inference_integration/main.go:205.2,210.16 4 0
KNIRVENGINE/desktop-client/agentify/examples/inference_integration/main.go:210.16,212.3 1 0
KNIRVENGINE/desktop-client/agentify/examples/inference_integration/main.go:212.8,214.3 1 0
KNIRVENGINE/desktop-client/agentify/examples/inference_integration/main.go:217.2,218.16 2 0
KNIRVENGINE/desktop-client/agentify/examples/inference_integration/main.go:218.16,220.3 1 0
KNIRVENGINE/desktop-client/agentify/examples/inference_integration/main.go:220.8,222.3 1 0
KNIRVENGINE/desktop-client/agentify/examples/inference_integration/main.go:225.2,229.16 4 0
KNIRVENGINE/desktop-client/agentify/examples/inference_integration/main.go:229.16,231.3 1 0
KNIRVENGINE/desktop-client/agentify/examples/inference_integration/main.go:231.8,233.3 1 0
KNIRVENGINE/desktop-client/agentify/examples/inference_integration/main.go:235.2,235.50 1 0
KNIRVENGINE/desktop-client/agentify/examples/plugin_loading/main.go:19.107,21.27 2 0
KNIRVENGINE/desktop-client/agentify/examples/plugin_loading/main.go:21.27,23.3 1 0
KNIRVENGINE/desktop-client/agentify/examples/plugin_loading/main.go:24.2,24.22 1 0
KNIRVENGINE/desktop-client/agentify/examples/plugin_loading/main.go:27.90,29.2 1 0
KNIRVENGINE/desktop-client/agentify/examples/plugin_loading/main.go:31.107,33.2 1 0
KNIRVENGINE/desktop-client/agentify/examples/plugin_loading/main.go:35.52,37.2 1 0
KNIRVENGINE/desktop-client/agentify/examples/plugin_loading/main.go:39.13,45.16 4 0
KNIRVENGINE/desktop-client/agentify/examples/plugin_loading/main.go:45.16,48.17 2 0
KNIRVENGINE/desktop-client/agentify/examples/plugin_loading/main.go:48.17,50.4 1 0
KNIRVENGINE/desktop-client/agentify/examples/plugin_loading/main.go:53.2,56.55 2 0
KNIRVENGINE/desktop-client/agentify/examples/plugin_loading/main.go:56.55,58.3 1 0
KNIRVENGINE/desktop-client/agentify/examples/plugin_loading/main.go:61.2,69.16 5 0
KNIRVENGINE/desktop-client/agentify/examples/plugin_loading/main.go:69.16,71.3 1 0
KNIRVENGINE/desktop-client/agentify/examples/plugin_loading/main.go:71.8,73.34 2 0
KNIRVENGINE/desktop-client/agentify/examples/plugin_loading/main.go:73.34,75.4 1 0
KNIRVENGINE/desktop-client/agentify/examples/plugin_loading/main.go:79.2,83.51 4 0
KNIRVENGINE/desktop-client/agentify/examples/plugin_loading/main.go:83.51,98.41 8 0
KNIRVENGINE/desktop-client/agentify/examples/plugin_loading/main.go:98.41,99.67 1 0
KNIRVENGINE/desktop-client/agentify/examples/plugin_loading/main.go:99.67,101.5 1 0
KNIRVENGINE/desktop-client/agentify/examples/plugin_loading/main.go:101.10,126.19 12 0
KNIRVENGINE/desktop-client/agentify/examples/plugin_loading/main.go:126.19,133.6 6 0
KNIRVENGINE/desktop-client/agentify/examples/plugin_loading/main.go:133.11,142.20 5 0
KNIRVENGINE/desktop-client/agentify/examples/plugin_loading/main.go:142.20,144.7 1 0
KNIRVENGINE/desktop-client/agentify/examples/plugin_loading/main.go:144.12,149.7 4 0
KNIRVENGINE/desktop-client/agentify/examples/plugin_loading/main.go:152.6,161.20 3 0
KNIRVENGINE/desktop-client/agentify/examples/plugin_loading/main.go:161.20,163.7 1 0
KNIRVENGINE/desktop-client/agentify/examples/plugin_loading/main.go:163.12,165.38 2 0
KNIRVENGINE/desktop-client/agentify/examples/plugin_loading/main.go:165.38,167.8 1 0
KNIRVENGINE/desktop-client/agentify/examples/plugin_loading/main.go:171.6,175.20 4 0
KNIRVENGINE/desktop-client/agentify/examples/plugin_loading/main.go:175.20,177.7 1 0
KNIRVENGINE/desktop-client/agentify/examples/plugin_loading/main.go:177.12,179.7 1 0
KNIRVENGINE/desktop-client/agentify/examples/plugin_loading/main.go:181.6,182.20 2 0
KNIRVENGINE/desktop-client/agentify/examples/plugin_loading/main.go:182.20,184.7 1 0
KNIRVENGINE/desktop-client/agentify/examples/plugin_loading/main.go:184.12,186.7 1 0
KNIRVENGINE/desktop-client/agentify/examples/plugin_loading/main.go:189.6,193.20 4 0
KNIRVENGINE/desktop-client/agentify/examples/plugin_loading/main.go:193.20,195.7 1 0
KNIRVENGINE/desktop-client/agentify/examples/plugin_loading/main.go:195.12,200.21 3 0
KNIRVENGINE/desktop-client/agentify/examples/plugin_loading/main.go:200.21,202.8 1 0
KNIRVENGINE/desktop-client/agentify/examples/plugin_loading/main.go:202.13,204.8 1 0
KNIRVENGINE/desktop-client/agentify/examples/plugin_loading/main.go:208.6,212.20 4 0
KNIRVENGINE/desktop-client/agentify/examples/plugin_loading/main.go:212.20,214.7 1 0
KNIRVENGINE/desktop-client/agentify/examples/plugin_loading/main.go:214.12,216.7 1 0
KNIRVENGINE/desktop-client/agentify/examples/plugin_loading/main.go:219.9,222.4 2 0
KNIRVENGINE/desktop-client/agentify/examples/plugin_loading/main.go:223.8,226.3 2 0
KNIRVENGINE/desktop-client/agentify/examples/plugin_loading/main.go:229.2,250.37 20 0
KNIRVENGINE/desktop-client/agentify/examples/cgo_plugin_wrapper/cgo_wrapper.go:25.72,28.16 2 0
KNIRVENGINE/desktop-client/agentify/examples/cgo_plugin_wrapper/cgo_wrapper.go:28.16,30.3 1 0
KNIRVENGINE/desktop-client/agentify/examples/cgo_plugin_wrapper/cgo_wrapper.go:32.2,38.56 2 0
KNIRVENGINE/desktop-client/agentify/examples/cgo_plugin_wrapper/cgo_wrapper.go:38.56,39.50 1 0
KNIRVENGINE/desktop-client/agentify/examples/cgo_plugin_wrapper/cgo_wrapper.go:39.50,41.4 1 0
KNIRVENGINE/desktop-client/agentify/examples/cgo_plugin_wrapper/cgo_wrapper.go:44.2,44.60 1 0
KNIRVENGINE/desktop-client/agentify/examples/cgo_plugin_wrapper/cgo_wrapper.go:44.60,45.56 1 0
KNIRVENGINE/desktop-client/agentify/examples/cgo_plugin_wrapper/cgo_wrapper.go:45.56,47.4 1 0
KNIRVENGINE/desktop-client/agentify/examples/cgo_plugin_wrapper/cgo_wrapper.go:50.2,50.54 1 0
KNIRVENGINE/desktop-client/agentify/examples/cgo_plugin_wrapper/cgo_wrapper.go:50.54,51.50 1 0
KNIRVENGINE/desktop-client/agentify/examples/cgo_plugin_wrapper/cgo_wrapper.go:51.50,53.4 1 0
KNIRVENGINE/desktop-client/agentify/examples/cgo_plugin_wrapper/cgo_wrapper.go:56.2,56.21 1 0
KNIRVENGINE/desktop-client/agentify/examples/cgo_plugin_wrapper/cgo_wrapper.go:60.76,62.61 1 0
KNIRVENGINE/desktop-client/agentify/examples/cgo_plugin_wrapper/cgo_wrapper.go:62.61,64.3 1 0
KNIRVENGINE/desktop-client/agentify/examples/cgo_plugin_wrapper/cgo_wrapper.go:67.2,67.29 1 0
KNIRVENGINE/desktop-client/agentify/examples/cgo_plugin_wrapper/cgo_wrapper.go:67.29,70.3 2 0
KNIRVENGINE/desktop-client/agentify/examples/cgo_plugin_wrapper/cgo_wrapper.go:72.2,73.12 2 0
KNIRVENGINE/desktop-client/agentify/examples/cgo_plugin_wrapper/cgo_wrapper.go:77.42,78.22 1 0
KNIRVENGINE/desktop-client/agentify/examples/cgo_plugin_wrapper/cgo_wrapper.go:78.22,80.3 1 0
KNIRVENGINE/desktop-client/agentify/examples/cgo_plugin_wrapper/cgo_wrapper.go:83.2,83.50 1 0
KNIRVENGINE/desktop-client/agentify/examples/cgo_plugin_wrapper/cgo_wrapper.go:83.50,85.3 1 0
KNIRVENGINE/desktop-client/agentify/examples/cgo_plugin_wrapper/cgo_wrapper.go:87.2,88.12 2 0
KNIRVENGINE/desktop-client/agentify/examples/cgo_plugin_wrapper/cgo_wrapper.go:92.41,93.18 1 0
KNIRVENGINE/desktop-client/agentify/examples/cgo_plugin_wrapper/cgo_wrapper.go:93.18,95.3 1 0
KNIRVENGINE/desktop-client/agentify/examples/cgo_plugin_wrapper/cgo_wrapper.go:98.2,98.27 1 0
KNIRVENGINE/desktop-client/agentify/examples/cgo_plugin_wrapper/cgo_wrapper.go:98.27,101.3 2 0
KNIRVENGINE/desktop-client/agentify/examples/cgo_plugin_wrapper/cgo_wrapper.go:104.2,104.49 1 0
KNIRVENGINE/desktop-client/agentify/examples/cgo_plugin_wrapper/cgo_wrapper.go:104.49,106.3 1 0
KNIRVENGINE/desktop-client/agentify/examples/cgo_plugin_wrapper/cgo_wrapper.go:108.2,109.12 2 0
KNIRVENGINE/desktop-client/agentify/examples/cgo_plugin_wrapper/cgo_wrapper.go:113.139,114.18 1 0
KNIRVENGINE/desktop-client/agentify/examples/cgo_plugin_wrapper/cgo_wrapper.go:114.18,116.3 1 0
KNIRVENGINE/desktop-client/agentify/examples/cgo_plugin_wrapper/cgo_wrapper.go:119.2,119.26 1 0
KNIRVENGINE/desktop-client/agentify/examples/cgo_plugin_wrapper/cgo_wrapper.go:119.26,129.17 3 0
KNIRVENGINE/desktop-client/agentify/examples/cgo_plugin_wrapper/cgo_wrapper.go:129.17,131.4 1 0
KNIRVENGINE/desktop-client/agentify/examples/cgo_plugin_wrapper/cgo_wrapper.go:134.3,138.71 3 0
KNIRVENGINE/desktop-client/agentify/examples/cgo_plugin_wrapper/cgo_wrapper.go:138.71,148.4 1 0
KNIRVENGINE/desktop-client/agentify/examples/cgo_plugin_wrapper/cgo_wrapper.go:151.3,158.56 2 0
KNIRVENGINE/desktop-client/agentify/examples/cgo_plugin_wrapper/cgo_wrapper.go:158.56,160.4 1 0
KNIRVENGINE/desktop-client/agentify/examples/cgo_plugin_wrapper/cgo_wrapper.go:162.3,162.62 1 0
KNIRVENGINE/desktop-client/agentify/examples/cgo_plugin_wrapper/cgo_wrapper.go:162.62,164.4 1 0
KNIRVENGINE/desktop-client/agentify/examples/cgo_plugin_wrapper/cgo_wrapper.go:167.3,167.69 1 0
KNIRVENGINE/desktop-client/agentify/examples/cgo_plugin_wrapper/cgo_wrapper.go:167.69,168.33 1 0
KNIRVENGINE/desktop-client/agentify/examples/cgo_plugin_wrapper/cgo_wrapper.go:168.33,169.56 1 0
KNIRVENGINE/desktop-client/agentify/examples/cgo_plugin_wrapper/cgo_wrapper.go:169.56,180.6 4 0
KNIRVENGINE/desktop-client/agentify/examples/cgo_plugin_wrapper/cgo_wrapper.go:184.3,184.23 1 0
KNIRVENGINE/desktop-client/agentify/examples/cgo_plugin_wrapper/cgo_wrapper.go:188.2,188.57 1 0
KNIRVENGINE/desktop-client/agentify/examples/cgo_plugin_wrapper/cgo_wrapper.go:192.74,200.2 1 0
KNIRVENGINE/desktop-client/agentify/examples/cgo_plugin_wrapper/cgo_wrapper.go:203.62,236.2 1 0
KNIRVENGINE/desktop-client/agentify/examples/cgo_plugin_wrapper/cgo_wrapper.go:241.13,245.2 1 0
KNIRVENGINE/desktop-client/agentify/examples/cgo_plugin_wrapper/cgo_wrapper.go:248.81,250.2 1 0
KNIRVENGINE/desktop-client/agentify/examples/cgo_plugin_wrapper/cgo_wrapper.go:253.13,256.2 2 0
KNIRVENGINE/desktop-client/agentify/examples/real_plugin_demo/main.go:20.104,24.27 2 0
KNIRVENGINE/desktop-client/agentify/examples/real_plugin_demo/main.go:24.27,26.3 1 0
KNIRVENGINE/desktop-client/agentify/examples/real_plugin_demo/main.go:29.2,29.26 1 0
KNIRVENGINE/desktop-client/agentify/examples/real_plugin_demo/main.go:29.26,31.3 1 0
KNIRVENGINE/desktop-client/agentify/examples/real_plugin_demo/main.go:33.2,33.22 1 0
KNIRVENGINE/desktop-client/agentify/examples/real_plugin_demo/main.go:36.87,45.2 7 0
KNIRVENGINE/desktop-client/agentify/examples/real_plugin_demo/main.go:47.104,55.2 1 0
KNIRVENGINE/desktop-client/agentify/examples/real_plugin_demo/main.go:57.49,59.2 1 0
KNIRVENGINE/desktop-client/agentify/examples/real_plugin_demo/main.go:61.13,67.16 4 0
KNIRVENGINE/desktop-client/agentify/examples/real_plugin_demo/main.go:67.16,70.17 2 0
KNIRVENGINE/desktop-client/agentify/examples/real_plugin_demo/main.go:70.17,72.4 1 0
KNIRVENGINE/desktop-client/agentify/examples/real_plugin_demo/main.go:75.2,79.55 3 0
KNIRVENGINE/desktop-client/agentify/examples/real_plugin_demo/main.go:79.55,81.3 1 0
KNIRVENGINE/desktop-client/agentify/examples/real_plugin_demo/main.go:83.2,93.40 5 0
KNIRVENGINE/desktop-client/agentify/examples/real_plugin_demo/main.go:93.40,95.3 1 0
KNIRVENGINE/desktop-client/agentify/examples/real_plugin_demo/main.go:96.2,112.16 8 0
KNIRVENGINE/desktop-client/agentify/examples/real_plugin_demo/main.go:112.16,114.3 1 0
KNIRVENGINE/desktop-client/agentify/examples/real_plugin_demo/main.go:114.8,116.34 2 0
KNIRVENGINE/desktop-client/agentify/examples/real_plugin_demo/main.go:116.34,118.4 1 0
KNIRVENGINE/desktop-client/agentify/examples/real_plugin_demo/main.go:122.2,125.60 3 0
KNIRVENGINE/desktop-client/agentify/examples/real_plugin_demo/main.go:125.60,127.64 2 0
KNIRVENGINE/desktop-client/agentify/examples/real_plugin_demo/main.go:127.64,131.4 3 0
KNIRVENGINE/desktop-client/agentify/examples/real_plugin_demo/main.go:131.9,133.4 1 0
KNIRVENGINE/desktop-client/agentify/examples/real_plugin_demo/main.go:137.2,158.16 8 0
KNIRVENGINE/desktop-client/agentify/examples/real_plugin_demo/main.go:158.16,169.54 9 0
KNIRVENGINE/desktop-client/agentify/examples/real_plugin_demo/main.go:169.54,171.4 1 0
KNIRVENGINE/desktop-client/agentify/examples/real_plugin_demo/main.go:172.3,172.43 1 0
KNIRVENGINE/desktop-client/agentify/examples/real_plugin_demo/main.go:172.43,174.4 1 0
KNIRVENGINE/desktop-client/agentify/examples/real_plugin_demo/main.go:177.3,178.60 2 0
KNIRVENGINE/desktop-client/agentify/examples/real_plugin_demo/main.go:179.8,181.3 1 0
KNIRVENGINE/desktop-client/agentify/examples/real_plugin_demo/main.go:184.2,189.16 4 0
KNIRVENGINE/desktop-client/agentify/examples/real_plugin_demo/main.go:189.16,191.3 1 0
KNIRVENGINE/desktop-client/agentify/examples/real_plugin_demo/main.go:191.8,196.3 4 0
KNIRVENGINE/desktop-client/agentify/examples/real_plugin_demo/main.go:199.2,201.16 3 0
KNIRVENGINE/desktop-client/agentify/examples/real_plugin_demo/main.go:201.16,203.3 1 0
[...]
KNIRVENGINE/desktop-client/inference/delegator_service.go:525.18,532.17 4 0
KNIRVENGINE/desktop-client/inference/delegator_service.go:532.17,535.4 1 0
KNIRVENGINE/desktop-client/inference/delegator_service.go:539.2,539.25 1 0
KNIRVENGINE/desktop-client/inference/delegator_service.go:539.25,541.19 1 0
KNIRVENGINE/desktop-client/inference/delegator_service.go:541.19,543.4 1 0
KNIRVENGINE/desktop-client/inference/delegator_service.go:545.3,548.35 3 0
KNIRVENGINE/desktop-client/inference/delegator_service.go:548.35,550.4 1 0
KNIRVENGINE/desktop-client/inference/delegator_service.go:551.3,551.107 1 0
KNIRVENGINE/desktop-client/inference/delegator_service.go:555.2,555.16 1 0
KNIRVENGINE/desktop-client/inference/delegator_service.go:555.16,557.3 1 0
KNIRVENGINE/desktop-client/inference/delegator_service.go:557.8,557.48 1 0
KNIRVENGINE/desktop-client/inference/delegator_service.go:557.48,559.3 1 0
KNIRVENGINE/desktop-client/inference/delegator_service.go:560.2,562.27 2 0
KNIRVENGINE/desktop-client/inference/delegator_service.go:567.121,583.18 6 0
KNIRVENGINE/desktop-client/inference/delegator_service.go:583.18,586.17 3 0
KNIRVENGINE/desktop-client/inference/delegator_service.go:586.17,589.4 1 0
KNIRVENGINE/desktop-client/inference/delegator_service.go:591.3,591.17 1 0
KNIRVENGINE/desktop-client/inference/delegator_service.go:591.17,593.4 1 0
KNIRVENGINE/desktop-client/inference/delegator_service.go:597.2,597.20 1 0
KNIRVENGINE/desktop-client/inference/delegator_service.go:597.20,601.35 3 0
KNIRVENGINE/desktop-client/inference/delegator_service.go:601.35,603.4 1 0
KNIRVENGINE/desktop-client/inference/delegator_service.go:604.3,604.100 1 0
KNIRVENGINE/desktop-client/inference/delegator_service.go:609.2,609.16 1 0
KNIRVENGINE/desktop-client/inference/delegator_service.go:609.16,613.3 1 0
KNIRVENGINE/desktop-client/inference/delegator_service.go:615.2,618.22 2 0
KNIRVENGINE/desktop-client/inference/delegator_service.go:622.62,625.24 1 1
KNIRVENGINE/desktop-client/inference/delegator_service.go:625.24,627.3 1 1
KNIRVENGINE/desktop-client/inference/delegator_service.go:628.2,629.65 2 1
KNIRVENGINE/desktop-client/inference/delegator_service.go:633.42,634.21 1 1
KNIRVENGINE/desktop-client/inference/delegator_service.go:634.21,636.3 1 1
KNIRVENGINE/desktop-client/inference/gemini_provider.go:62.13,65.2 2 1
KNIRVENGINE/desktop-client/inference/gemini_provider.go:92.97,109.26 3 0
KNIRVENGINE/desktop-client/inference/gemini_provider.go:109.26,112.21 2 0
KNIRVENGINE/desktop-client/inference/gemini_provider.go:112.21,115.4 2 0
KNIRVENGINE/desktop-client/inference/gemini_provider.go:115.9,119.4 2 0
KNIRVENGINE/desktop-client/inference/gemini_provider.go:123.2,123.33 1 0
KNIRVENGINE/desktop-client/inference/gemini_provider.go:123.33,125.3 1 0
KNIRVENGINE/desktop-client/inference/gemini_provider.go:128.2,129.23 2 0
KNIRVENGINE/desktop-client/inference/gemini_provider.go:129.23,133.3 2 0
KNIRVENGINE/desktop-client/inference/gemini_provider.go:133.8,135.3 1 0
KNIRVENGINE/desktop-client/inference/gemini_provider.go:136.2,139.17 3 0
KNIRVENGINE/desktop-client/inference/gemini_provider.go:145.40,147.2 1 0
KNIRVENGINE/desktop-client/inference/gemini_provider.go:150.44,159.35 6 0
KNIRVENGINE/desktop-client/inference/gemini_provider.go:159.35,161.3 1 0
KNIRVENGINE/desktop-client/inference/gemini_provider.go:163.2,163.18 1 0
KNIRVENGINE/desktop-client/inference/gemini_provider.go:163.18,165.3 1 0
KNIRVENGINE/desktop-client/inference/gemini_provider.go:166.2,166.79 1 0
KNIRVENGINE/desktop-client/inference/gemini_provider.go:170.54,182.35 4 0
KNIRVENGINE/desktop-client/inference/gemini_provider.go:182.35,184.3 1 0
KNIRVENGINE/desktop-client/inference/gemini_provider.go:186.2,186.16 1 0
KNIRVENGINE/desktop-client/inference/gemini_provider.go:190.104,219.2 6 0
KNIRVENGINE/desktop-client/inference/gemini_provider.go:222.134,225.2 1 0
KNIRVENGINE/desktop-client/inference/gemini_provider.go:228.133,236.31 5 0
KNIRVENGINE/desktop-client/inference/gemini_provider.go:236.31,238.124 2 0
KNIRVENGINE/desktop-client/inference/gemini_provider.go:238.124,240.4 1 0
KNIRVENGINE/desktop-client/inference/gemini_provider.go:241.3,244.5 1 0
KNIRVENGINE/desktop-client/inference/gemini_provider.go:247.2,252.23 3 0
KNIRVENGINE/desktop-client/inference/gemini_provider.go:256.69,261.52 2 0
KNIRVENGINE/desktop-client/inference/gemini_provider.go:261.52,264.103 2 0
KNIRVENGINE/desktop-client/inference/gemini_provider.go:264.103,266.4 1 0
KNIRVENGINE/desktop-client/inference/gemini_provider.go:267.3,267.72 1 0
KNIRVENGINE/desktop-client/inference/gemini_provider.go:270.2,270.112 1 0
KNIRVENGINE/desktop-client/inference/gemini_provider.go:270.112,273.3 1 0
KNIRVENGINE/desktop-client/inference/gemini_provider.go:277.2,278.68 2 0
KNIRVENGINE/desktop-client/inference/gemini_provider.go:282.74,288.33 4 0
KNIRVENGINE/desktop-client/inference/gemini_provider.go:288.33,290.3 1 0
KNIRVENGINE/desktop-client/inference/gemini_provider.go:294.75,297.2 1 0
KNIRVENGINE/desktop-client/inference/gemini_provider.go:300.52,303.2 1 0
KNIRVENGINE/desktop-client/inference/gemini_provider.go:306.64,311.16 3 0
KNIRVENGINE/desktop-client/inference/gemini_provider.go:311.16,314.3 2 0
KNIRVENGINE/desktop-client/inference/gemini_provider.go:317.2,318.24 2 0
KNIRVENGINE/desktop-client/inference/gemini_provider.go:318.24,319.46 1 0
KNIRVENGINE/desktop-client/inference/gemini_provider.go:319.46,322.4 2 0
KNIRVENGINE/desktop-client/inference/gemini_provider.go:329.2,339.44 2 0
KNIRVENGINE/desktop-client/inference/gemini_provider.go:339.44,343.3 2 0
KNIRVENGINE/desktop-client/inference/gemini_provider.go:343.8,343.27 1 0
KNIRVENGINE/desktop-client/inference/gemini_provider.go:343.27,345.3 1 0
KNIRVENGINE/desktop-client/inference/gemini_provider.go:348.2,348.84 1 0
KNIRVENGINE/desktop-client/inference/gemini_provider.go:348.84,351.3 2 0
KNIRVENGINE/desktop-client/inference/gemini_provider.go:351.8,351.87 1 0
KNIRVENGINE/desktop-client/inference/gemini_provider.go:351.87,354.3 2 0
KNIRVENGINE/desktop-client/inference/gemini_provider.go:357.2,357.68 1 0
KNIRVENGINE/desktop-client/inference/gemini_provider.go:357.68,360.3 2 0
KNIRVENGINE/desktop-client/inference/gemini_provider.go:363.2,363.49 1 0
KNIRVENGINE/desktop-client/inference/gemini_provider.go:363.49,367.3 3 0
KNIRVENGINE/desktop-client/inference/gemini_provider.go:370.2,370.35 1 0
KNIRVENGINE/desktop-client/inference/gemini_provider.go:370.35,374.3 3 0
KNIRVENGINE/desktop-client/inference/gemini_provider.go:383.2,383.121 1 0
KNIRVENGINE/desktop-client/inference/gemini_provider.go:387.67,391.13 3 0
KNIRVENGINE/desktop-client/inference/gemini_provider.go:392.15,393.41 1 0
KNIRVENGINE/desktop-client/inference/gemini_provider.go:393.41,395.4 1 0
KNIRVENGINE/desktop-client/inference/gemini_provider.go:396.20,397.39 1 0
KNIRVENGINE/desktop-client/inference/gemini_provider.go:397.39,399.4 1 0
KNIRVENGINE/desktop-client/inference/gemini_provider.go:400.21,401.38 1 0
KNIRVENGINE/desktop-client/inference/gemini_provider.go:401.38,404.4 2 0
KNIRVENGINE/desktop-client/inference/gemini_provider.go:404.9,404.45 1 0
KNIRVENGINE/desktop-client/inference/gemini_provider.go:404.45,406.4 1 0
KNIRVENGINE/desktop-client/inference/gemini_provider.go:407.15,408.38 1 0
KNIRVENGINE/desktop-client/inference/gemini_provider.go:408.38,411.4 2 0
KNIRVENGINE/desktop-client/inference/gemini_provider.go:411.9,411.45 1 0
KNIRVENGINE/desktop-client/inference/gemini_provider.go:411.45,413.4 1 0
KNIRVENGINE/desktop-client/inference/gemini_provider.go:414.15,415.34 1 0
KNIRVENGINE/desktop-client/inference/gemini_provider.go:415.34,418.4 2 0
KNIRVENGINE/desktop-client/inference/gemini_provider.go:418.9,418.43 1 0
KNIRVENGINE/desktop-client/inference/gemini_provider.go:418.43,420.4 1 0
KNIRVENGINE/desktop-client/inference/gemini_provider.go:425.57,429.2 3 0
KNIRVENGINE/desktop-client/inference/gemini_provider.go:432.51,434.2 1 0
KNIRVENGINE/desktop-client/inference/gemini_provider.go:437.110,440.2 1 0
KNIRVENGINE/desktop-client/inference/gemini_provider.go:443.76,447.2 1 0
KNIRVENGINE/desktop-client/inference/gemini_provider.go:452.94,460.16 3 0
KNIRVENGINE/desktop-client/inference/gemini_provider.go:460.16,462.3 1 0
KNIRVENGINE/desktop-client/inference/gemini_provider.go:464.2,471.18 7 0
KNIRVENGINE/desktop-client/inference/gemini_provider.go:471.18,473.3 1 0
KNIRVENGINE/desktop-client/inference/gemini_provider.go:474.2,474.23 1 0
KNIRVENGINE/desktop-client/inference/gemini_provider.go:474.23,476.3 1 0
KNIRVENGINE/desktop-client/inference/gemini_provider.go:480.2,480.43 1 0
KNIRVENGINE/desktop-client/inference/gemini_provider.go:480.43,482.3 1 0
KNIRVENGINE/desktop-client/inference/gemini_provider.go:483.2,519.23 3 0
KNIRVENGINE/desktop-client/inference/gemini_provider.go:519.23,521.3 1 0
KNIRVENGINE/desktop-client/inference/gemini_provider.go:521.8,523.3 1 0
KNIRVENGINE/desktop-client/inference/gemini_provider.go:527.2,527.103 1 0
KNIRVENGINE/desktop-client/inference/gemini_provider.go:533.123,537.16 3 0
KNIRVENGINE/desktop-client/inference/gemini_provider.go:537.16,539.3 1 0
KNIRVENGINE/desktop-client/inference/gemini_provider.go:541.2,548.18 7 0
KNIRVENGINE/desktop-client/inference/gemini_provider.go:548.18,550.3 1 0
KNIRVENGINE/desktop-client/inference/gemini_provider.go:551.2,551.23 1 0
KNIRVENGINE/desktop-client/inference/gemini_provider.go:551.23,553.3 1 0
KNIRVENGINE/desktop-client/inference/gemini_provider.go:556.2,556.43 1 0
KNIRVENGINE/desktop-client/inference/gemini_provider.go:556.43,558.3 1 0
KNIRVENGINE/desktop-client/inference/gemini_provider.go:559.2,595.31 4 0
KNIRVENGINE/desktop-client/inference/gemini_provider.go:595.31,597.26 2 0
KNIRVENGINE/desktop-client/inference/gemini_provider.go:597.26,599.4 1 0
KNIRVENGINE/desktop-client/inference/gemini_provider.go:601.3,601.40 1 0
KNIRVENGINE/desktop-client/inference/gemini_provider.go:601.40,603.12 2 0
KNIRVENGINE/desktop-client/inference/gemini_provider.go:606.3,611.126 3 0
KNIRVENGINE/desktop-client/inference/gemini_provider.go:615.2,615.115 1 0
KNIRVENGINE/desktop-client/inference/gemini_provider.go:620.102,624.12 3 0
KNIRVENGINE/desktop-client/inference/gemini_provider.go:624.12,648.3 3 0
KNIRVENGINE/desktop-client/inference/gemini_provider.go:650.2,650.26 1 0
KNIRVENGINE/desktop-client/inference/inference_service.go:57.82,68.2 1 1
KNIRVENGINE/desktop-client/inference/inference_service.go:71.42,77.24 4 0
KNIRVENGINE/desktop-client/inference/inference_service.go:77.24,80.3 2 0
KNIRVENGINE/desktop-client/inference/inference_service.go:84.2,99.45 6 0
KNIRVENGINE/desktop-client/inference/inference_service.go:99.45,102.19 3 0
KNIRVENGINE/desktop-client/inference/inference_service.go:102.19,104.12 2 0
KNIRVENGINE/desktop-client/inference/inference_service.go:107.3,116.17 3 0
KNIRVENGINE/desktop-client/inference/inference_service.go:116.17,118.12 2 0
KNIRVENGINE/desktop-client/inference/inference_service.go:121.3,121.54 1 0
KNIRVENGINE/desktop-client/inference/inference_service.go:121.54,127.29 2 0
KNIRVENGINE/desktop-client/inference/inference_service.go:127.29,130.5 2 0
KNIRVENGINE/desktop-client/inference/inference_service.go:130.10,133.5 2 0
KNIRVENGINE/desktop-client/inference/inference_service.go:134.4,134.110 1 0
KNIRVENGINE/desktop-client/inference/inference_service.go:135.9,137.4 1 0
KNIRVENGINE/desktop-client/inference/inference_service.go:141.2,141.33 1 0
KNIRVENGINE/desktop-client/inference/inference_service.go:141.33,143.3 1 0
KNIRVENGINE/desktop-client/inference/inference_service.go:144.2,144.34 1 0
KNIRVENGINE/desktop-client/inference/inference_service.go:144.34,146.3 1 0
KNIRVENGINE/desktop-client/inference/inference_service.go:150.2,156.51 5 0
KNIRVENGINE/desktop-client/inference/inference_service.go:156.51,158.3 1 0
KNIRVENGINE/desktop-client/inference/inference_service.go:164.2,168.24 4 0
KNIRVENGINE/desktop-client/inference/inference_service.go:168.24,174.3 4 0
KNIRVENGINE/desktop-client/inference/inference_service.go:175.2,179.12 4 0
KNIRVENGINE/desktop-client/inference/inference_service.go:183.41,186.18 3 0
KNIRVENGINE/desktop-client/inference/inference_service.go:186.18,188.3 1 0
KNIRVENGINE/desktop-client/inference/inference_service.go:189.2,198.12 9 0
KNIRVENGINE/desktop-client/inference/inference_service.go:202.118,204.40 2 0
KNIRVENGINE/desktop-client/inference/inference_service.go:204.40,207.3 2 0
KNIRVENGINE/desktop-client/inference/inference_service.go:208.2,218.16 6 0
KNIRVENGINE/desktop-client/inference/inference_service.go:218.16,220.3 1 0
KNIRVENGINE/desktop-client/inference/inference_service.go:221.2,222.22 2 0
KNIRVENGINE/desktop-client/inference/inference_service.go:227.109,229.18 2 0
KNIRVENGINE/desktop-client/inference/inference_service.go:229.18,232.3 2 0
KNIRVENGINE/desktop-client/inference/inference_service.go:234.2,235.24 2 0
KNIRVENGINE/desktop-client/inference/inference_service.go:235.24,238.3 2 0
KNIRVENGINE/desktop-client/inference/inference_service.go:239.2,247.42 5 0
KNIRVENGINE/desktop-client/inference/inference_service.go:252.107,254.18 2 0
KNIRVENGINE/desktop-client/inference/inference_service.go:254.18,257.3 2 0
KNIRVENGINE/desktop-client/inference/inference_service.go:258.2,258.18 1 0
KNIRVENGINE/desktop-client/inference/inference_service.go:258.18,261.3 2 0
KNIRVENGINE/desktop-client/inference/inference_service.go:262.2,269.27 6 0
KNIRVENGINE/desktop-client/inference/inference_service.go:269.27,271.3 1 0
KNIRVENGINE/desktop-client/inference/inference_service.go:274.2,275.16 2 0
KNIRVENGINE/desktop-client/inference/inference_service.go:275.16,278.3 2 0
KNIRVENGINE/desktop-client/inference/inference_service.go:279.2,280.22 2 0
KNIRVENGINE/desktop-client/inference/inference_service.go:285.131,287.45 2 0
KNIRVENGINE/desktop-client/inference/inference_service.go:287.45,290.3 2 0
KNIRVENGINE/desktop-client/inference/inference_service.go:292.2,293.24 2 0
KNIRVENGINE/desktop-client/inference/inference_service.go:293.24,296.3 2 0
KNIRVENGINE/desktop-client/inference/inference_service.go:297.2,305.76 6 0
KNIRVENGINE/desktop-client/inference/inference_service.go:310.83,312.40 2 0
KNIRVENGINE/desktop-client/inference/inference_service.go:312.40,315.3 2 0
KNIRVENGINE/desktop-client/inference/inference_service.go:316.2,320.59 5 0
KNIRVENGINE/desktop-client/inference/inference_service.go:323.90,325.40 2 0
KNIRVENGINE/desktop-client/inference/inference_service.go:325.40,328.3 2 0
KNIRVENGINE/desktop-client/inference/inference_service.go:329.2,333.66 5 0
KNIRVENGINE/desktop-client/inference/inference_service.go:336.100,338.40 2 0
KNIRVENGINE/desktop-client/inference/inference_service.go:338.40,341.3 2 0
KNIRVENGINE/desktop-client/inference/inference_service.go:342.2,346.73 5 0
KNIRVENGINE/desktop-client/inference/inference_service.go:352.71,356.18 3 0
KNIRVENGINE/desktop-client/inference/inference_service.go:356.18,358.3 1 0
KNIRVENGINE/desktop-client/inference/inference_service.go:361.2,362.44 2 0
KNIRVENGINE/desktop-client/inference/inference_service.go:362.44,363.44 1 0
KNIRVENGINE/desktop-client/inference/inference_service.go:363.44,365.9 2 0
KNIRVENGINE/desktop-client/inference/inference_service.go:369.2,369.22 1 0
KNIRVENGINE/desktop-client/inference/inference_service.go:369.22,371.3 1 0
KNIRVENGINE/desktop-client/inference/inference_service.go:373.2,378.51 4 0
KNIRVENGINE/desktop-client/inference/inference_service.go:378.51,381.3 2 0
KNIRVENGINE/desktop-client/inference/inference_service.go:383.2,384.12 2 0
KNIRVENGINE/desktop-client/inference/inference_service.go:389.72,393.18 3 0
KNIRVENGINE/desktop-client/inference/inference_service.go:393.18,395.3 1 0
KNIRVENGINE/desktop-client/inference/inference_service.go:398.2,399.45 2 0
KNIRVENGINE/desktop-client/inference/inference_service.go:399.45,400.44 1 0
KNIRVENGINE/desktop-client/inference/inference_service.go:400.44,402.9 2 0
KNIRVENGINE/desktop-client/inference/inference_service.go:406.2,406.22 1 0
KNIRVENGINE/desktop-client/inference/inference_service.go:406.22,408.3 1 0
KNIRVENGINE/desktop-client/inference/inference_service.go:410.2,415.51 4 0
KNIRVENGINE/desktop-client/inference/inference_service.go:415.51,418.3 2 0
KNIRVENGINE/desktop-client/inference/inference_service.go:420.2,421.12 2 0
KNIRVENGINE/desktop-client/inference/inference_service.go:425.56,429.44 4 1
KNIRVENGINE/desktop-client/inference/inference_service.go:429.44,431.3 1 1
KNIRVENGINE/desktop-client/inference/inference_service.go:432.2,432.15 1 1
KNIRVENGINE/desktop-client/inference/inference_service.go:436.57,440.45 4 1
KNIRVENGINE/desktop-client/inference/inference_service.go:440.45,442.3 1 1
KNIRVENGINE/desktop-client/inference/inference_service.go:443.2,443.15 1 1
KNIRVENGINE/desktop-client/inference/inference_service.go:448.51,452.2 3 1
KNIRVENGINE/desktop-client/inference/inference_service.go:456.50,460.2 3 1
KNIRVENGINE/desktop-client/inference/inference_service.go:463.45,467.2 3 1
KNIRVENGINE/desktop-client/inference/inference_service.go:470.45,472.2 1 1
KNIRVENGINE/desktop-client/inference/inference_service.go:475.61,479.40 3 1
KNIRVENGINE/desktop-client/inference/inference_service.go:479.40,481.3 1 1
KNIRVENGINE/desktop-client/inference/inference_service.go:483.2,484.12 2 0
KNIRVENGINE/desktop-client/inference/inference_service.go:489.59,493.57 2 0
KNIRVENGINE/desktop-client/inference/inference_service.go:493.57,496.3 2 0
KNIRVENGINE/desktop-client/inference/inference_service.go:500.2,504.29 1 0
KNIRVENGINE/desktop-client/inference/inference_service.go:504.29,505.42 1 0
KNIRVENGINE/desktop-client/inference/inference_service.go:505.42,507.6 1 0
KNIRVENGINE/desktop-client/inference/inference_service.go:510.29,511.43 1 0
KNIRVENGINE/desktop-client/inference/inference_service.go:511.43,513.6 1 0
KNIRVENGINE/desktop-client/inference/inference_service.go:520.2,522.19 3 0
KNIRVENGINE/desktop-client/inference/inference_service.go:522.19,526.3 3 0
KNIRVENGINE/desktop-client/inference/inference_service.go:528.2,532.24 3 0
KNIRVENGINE/desktop-client/inference/inference_service.go:532.24,534.3 1 0
KNIRVENGINE/desktop-client/inference/inference_service.go:535.2,535.12 1 0
KNIRVENGINE/desktop-client/inference/inference_service.go:541.73,542.44 1 0
KNIRVENGINE/desktop-client/inference/inference_service.go:542.44,543.50 1 0
KNIRVENGINE/desktop-client/inference/inference_service.go:543.50,545.4 1 0
KNIRVENGINE/desktop-client/inference/inference_service.go:547.2,547.45 1 0
KNIRVENGINE/desktop-client/inference/inference_service.go:547.45,548.50 1 0
KNIRVENGINE/desktop-client/inference/inference_service.go:548.50,550.4 1 0
KNIRVENGINE/desktop-client/inference/inference_service.go:552.2,552.12 1 0
KNIRVENGINE/desktop-client/inference/llm_adapter.go:16.66,20.2 2 0
KNIRVENGINE/desktop-client/inference/prompts.go:75.62,77.2 1 0
KNIRVENGINE/desktop-client/inference/prompts.go:79.62,81.2 1 0
KNIRVENGINE/desktop-client/inference/prompts.go:83.61,85.2 1 0
KNIRVENGINE/desktop-client/inference/prompts.go:88.62,90.2 1 0
KNIRVENGINE/desktop-client/inference/prompts.go:93.57,95.27 2 0
KNIRVENGINE/desktop-client/inference/prompts.go:95.27,98.32 1 0
KNIRVENGINE/desktop-client/inference/prompts.go:98.32,100.4 1 0
KNIRVENGINE/desktop-client/inference/prompts.go:102.2,102.15 1 0
KNIRVENGINE/desktop-client/inference/prompts.go:106.46,108.11 2 0
KNIRVENGINE/desktop-client/inference/prompts.go:108.11,110.3 1 0
KNIRVENGINE/desktop-client/inference/prompts.go:111.2,111.37 1 0
KNIRVENGINE/desktop-client/inference/prompts.go:115.36,116.43 1 0
KNIRVENGINE/desktop-client/inference/prompts.go:116.43,117.35 1 0
KNIRVENGINE/desktop-client/inference/prompts.go:117.35,119.4 1 0
KNIRVENGINE/desktop-client/inference/prompts.go:121.2,121.11 1 0
KNIRVENGINE/desktop-client/inference/prompts.go:125.120,127.30 1 0
KNIRVENGINE/desktop-client/inference/prompts.go:127.30,129.3 1 0
KNIRVENGINE/desktop-client/inference/prompts.go:130.2,130.32 1 0
KNIRVENGINE/desktop-client/inference/prompts.go:130.32,132.3 1 0
KNIRVENGINE/desktop-client/inference/prompts.go:133.2,133.119 1 0
