<?xml version="1.0" encoding="UTF-8"?>
<testsuites name="jest tests" tests="1321" failures="132" errors="0" time="221.45">
  <testsuite name="CognitiveEngine" errors="0" failures="0" skipped="0" timestamp="2026-03-31T18:04:54" time="15" tests="99">
    <testcase classname="CognitiveEngine Initialization should create a new CognitiveEngine instance" name="CognitiveEngine Initialization should create a new CognitiveEngine instance" time="0.098">
    </testcase>
    <testcase classname="CognitiveEngine Initialization should initialize with provided config" name="CognitiveEngine Initialization should initialize with provided config" time="0.053">
    </testcase>
    <testcase classname="CognitiveEngine Initialization should initialize state correctly" name="CognitiveEngine Initialization should initialize state correctly" time="0.05">
    </testcase>
    <testcase classname="CognitiveEngine State Management should provide current state" name="CognitiveEngine State Management should provide current state" time="0.058">
    </testcase>
    <testcase classname="CognitiveEngine State Management should provide metrics" name="CognitiveEngine State Management should provide metrics" time="0.048">
    </testcase>
    <testcase classname="CognitiveEngine State Management should provide comprehensive status" name="CognitiveEngine State Management should provide comprehensive status" time="0.053">
    </testcase>
    <testcase classname="CognitiveEngine Learning and Adaptation should start learning mode" name="CognitiveEngine Learning and Adaptation should start learning mode" time="0.03">
    </testcase>
    <testcase classname="CognitiveEngine Learning and Adaptation should save current adaptation" name="CognitiveEngine Learning and Adaptation should save current adaptation" time="0.048">
    </testcase>
    <testcase classname="CognitiveEngine Learning and Adaptation should provide feedback for interactions" name="CognitiveEngine Learning and Adaptation should provide feedback for interactions" time="0.092">
    </testcase>
    <testcase classname="CognitiveEngine Learning and Adaptation should check adaptive learning readiness" name="CognitiveEngine Learning and Adaptation should check adaptive learning readiness" time="0.211">
    </testcase>
    <testcase classname="CognitiveEngine Learning and Adaptation should get adaptive learning metrics" name="CognitiveEngine Learning and Adaptation should get adaptive learning metrics" time="0.108">
    </testcase>
    <testcase classname="CognitiveEngine Learning and Adaptation should get adaptive learning patterns" name="CognitiveEngine Learning and Adaptation should get adaptive learning patterns" time="0.083">
    </testcase>
    <testcase classname="CognitiveEngine Learning and Adaptation should clear adaptive learning patterns" name="CognitiveEngine Learning and Adaptation should clear adaptive learning patterns" time="0.078">
    </testcase>
    <testcase classname="CognitiveEngine Skill Processing should process input with correct signature" name="CognitiveEngine Skill Processing should process input with correct signature" time="0.045">
    </testcase>
    <testcase classname="CognitiveEngine Skill Processing should invoke skills with parameters" name="CognitiveEngine Skill Processing should invoke skills with parameters" time="0.067">
    </testcase>
    <testcase classname="CognitiveEngine Skill Processing should execute skills through ecosystem" name="CognitiveEngine Skill Processing should execute skills through ecosystem" time="0.047">
    </testcase>
    <testcase classname="CognitiveEngine Skill Processing should invoke skills with wallet integration" name="CognitiveEngine Skill Processing should invoke skills with wallet integration" time="0.04">
    </testcase>
    <testcase classname="CognitiveEngine Integration Components should provide access to voice processor" name="CognitiveEngine Integration Components should provide access to voice processor" time="0.07">
    </testcase>
    <testcase classname="CognitiveEngine Integration Components should provide access to visual processor" name="CognitiveEngine Integration Components should provide access to visual processor" time="0.064">
    </testcase>
    <testcase classname="CognitiveEngine Integration Components should provide access to LoRA adapter" name="CognitiveEngine Integration Components should provide access to LoRA adapter" time="0.177">
    </testcase>
    <testcase classname="CognitiveEngine Integration Components should provide access to enhanced LoRA adapter" name="CognitiveEngine Integration Components should provide access to enhanced LoRA adapter" time="0.04">
    </testcase>
    <testcase classname="CognitiveEngine Integration Components should check HRM readiness" name="CognitiveEngine Integration Components should check HRM readiness" time="0.052">
    </testcase>
    <testcase classname="CognitiveEngine Integration Components should check enhanced LoRA readiness" name="CognitiveEngine Integration Components should check enhanced LoRA readiness" time="0.061">
    </testcase>
    <testcase classname="CognitiveEngine Integration Components should provide access to HRM bridge" name="CognitiveEngine Integration Components should provide access to HRM bridge" time="0.047">
    </testcase>
    <testcase classname="CognitiveEngine Integration Components should provide access to fabric algorithm" name="CognitiveEngine Integration Components should provide access to fabric algorithm" time="0.144">
    </testcase>
    <testcase classname="CognitiveEngine Wallet Integration should provide access to wallet integration" name="CognitiveEngine Wallet Integration should provide access to wallet integration" time="0.059">
    </testcase>
    <testcase classname="CognitiveEngine Wallet Integration should check wallet connection status" name="CognitiveEngine Wallet Integration should check wallet connection status" time="0.055">
    </testcase>
    <testcase classname="CognitiveEngine Wallet Integration should get wallet accounts" name="CognitiveEngine Wallet Integration should get wallet accounts" time="0.065">
    </testcase>
    <testcase classname="CognitiveEngine Wallet Integration should get current wallet account" name="CognitiveEngine Wallet Integration should get current wallet account" time="0.032">
    </testcase>
    <testcase classname="CognitiveEngine Wallet Integration should get wallet transactions" name="CognitiveEngine Wallet Integration should get wallet transactions" time="0.052">
    </testcase>
    <testcase classname="CognitiveEngine Wallet Integration should get wallet status" name="CognitiveEngine Wallet Integration should get wallet status" time="0.04">
    </testcase>
    <testcase classname="CognitiveEngine Wallet Integration should update wallet config" name="CognitiveEngine Wallet Integration should update wallet config" time="0.051">
    </testcase>
    <testcase classname="CognitiveEngine Chain Integration should provide access to chain integration" name="CognitiveEngine Chain Integration should provide access to chain integration" time="0.037">
    </testcase>
    <testcase classname="CognitiveEngine Chain Integration should check chain connection status" name="CognitiveEngine Chain Integration should check chain connection status" time="0.035">
    </testcase>
    <testcase classname="CognitiveEngine Chain Integration should get chain skills" name="CognitiveEngine Chain Integration should get chain skills" time="0.039">
    </testcase>
    <testcase classname="CognitiveEngine Chain Integration should get chain LLM models" name="CognitiveEngine Chain Integration should get chain LLM models" time="0.028">
    </testcase>
    <testcase classname="CognitiveEngine Chain Integration should get chain status" name="CognitiveEngine Chain Integration should get chain status" time="0.053">
    </testcase>
    <testcase classname="CognitiveEngine Chain Integration should update chain config" name="CognitiveEngine Chain Integration should update chain config" time="0.038">
    </testcase>
    <testcase classname="CognitiveEngine Engine Lifecycle should start and stop engine" name="CognitiveEngine Engine Lifecycle should start and stop engine" time="0.048">
    </testcase>
    <testcase classname="CognitiveEngine Engine Lifecycle should handle multiple start calls" name="CognitiveEngine Engine Lifecycle should handle multiple start calls" time="0.209">
    </testcase>
    <testcase classname="CognitiveEngine Advanced Processing Methods should process input through different pathways" name="CognitiveEngine Advanced Processing Methods should process input through different pathways" time="0.099">
    </testcase>
    <testcase classname="CognitiveEngine Advanced Processing Methods should handle different input types correctly" name="CognitiveEngine Advanced Processing Methods should handle different input types correctly" time="0.053">
    </testcase>
    <testcase classname="CognitiveEngine Advanced Processing Methods should process complex input objects" name="CognitiveEngine Advanced Processing Methods should process complex input objects" time="0.053">
    </testcase>
    <testcase classname="CognitiveEngine Advanced Processing Methods should handle processing errors gracefully" name="CognitiveEngine Advanced Processing Methods should handle processing errors gracefully" time="0.035">
    </testcase>
    <testcase classname="CognitiveEngine Ecosystem Communication should provide access to ecosystem communication" name="CognitiveEngine Ecosystem Communication should provide access to ecosystem communication" time="0.046">
    </testcase>
    <testcase classname="CognitiveEngine Ecosystem Communication should check ecosystem connection status" name="CognitiveEngine Ecosystem Communication should check ecosystem connection status" time="0.033">
    </testcase>
    <testcase classname="CognitiveEngine Ecosystem Communication should get ecosystem components" name="CognitiveEngine Ecosystem Communication should get ecosystem components" time="0.044">
    </testcase>
    <testcase classname="CognitiveEngine Ecosystem Communication should get ecosystem endpoints" name="CognitiveEngine Ecosystem Communication should get ecosystem endpoints" time="0.033">
    </testcase>
    <testcase classname="CognitiveEngine Ecosystem Communication should get ecosystem status" name="CognitiveEngine Ecosystem Communication should get ecosystem status" time="0.039">
    </testcase>
    <testcase classname="CognitiveEngine Adaptation and Learning Logic should provide feedback for learning" name="CognitiveEngine Adaptation and Learning Logic should provide feedback for learning" time="0.033">
    </testcase>
    <testcase classname="CognitiveEngine Adaptation and Learning Logic should handle multiple feedback sessions" name="CognitiveEngine Adaptation and Learning Logic should handle multiple feedback sessions" time="0.041">
    </testcase>
    <testcase classname="CognitiveEngine Adaptation and Learning Logic should save and load adaptations" name="CognitiveEngine Adaptation and Learning Logic should save and load adaptations" time="0.05">
    </testcase>
    <testcase classname="CognitiveEngine Adaptation and Learning Logic should handle learning mode transitions" name="CognitiveEngine Adaptation and Learning Logic should handle learning mode transitions" time="0.042">
    </testcase>
    <testcase classname="CognitiveEngine Adaptation and Learning Logic should handle invalid feedback gracefully" name="CognitiveEngine Adaptation and Learning Logic should handle invalid feedback gracefully" time="0.048">
    </testcase>
    <testcase classname="CognitiveEngine Enhanced LoRA Operations should train LoRA models" name="CognitiveEngine Enhanced LoRA Operations should train LoRA models" time="0.039">
    </testcase>
    <testcase classname="CognitiveEngine Enhanced LoRA Operations should adapt with LoRA in real-time" name="CognitiveEngine Enhanced LoRA Operations should adapt with LoRA in real-time" time="0.047">
    </testcase>
    <testcase classname="CognitiveEngine Enhanced LoRA Operations should save and load models" name="CognitiveEngine Enhanced LoRA Operations should save and load models" time="0.042">
    </testcase>
    <testcase classname="CognitiveEngine Enhanced LoRA Operations should export and import weights" name="CognitiveEngine Enhanced LoRA Operations should export and import weights" time="0.052">
    </testcase>
    <testcase classname="CognitiveEngine Enhanced LoRA Operations should handle training failures" name="CognitiveEngine Enhanced LoRA Operations should handle training failures" time="0.029">
    </testcase>
    <testcase classname="CognitiveEngine Enhanced LoRA Operations should get LoRA metrics" name="CognitiveEngine Enhanced LoRA Operations should get LoRA metrics" time="0.053">
    </testcase>
    <testcase classname="CognitiveEngine Advanced Wallet Operations should switch wallet accounts" name="CognitiveEngine Advanced Wallet Operations should switch wallet accounts" time="0.039">
    </testcase>
    <testcase classname="CognitiveEngine Advanced Wallet Operations should query balances correctly" name="CognitiveEngine Advanced Wallet Operations should query balances correctly" time="0.042">
    </testcase>
    <testcase classname="CognitiveEngine Advanced Wallet Operations should create transactions" name="CognitiveEngine Advanced Wallet Operations should create transactions" time="0.037">
    </testcase>
    <testcase classname="CognitiveEngine Advanced Wallet Operations should monitor transaction status" name="CognitiveEngine Advanced Wallet Operations should monitor transaction status" time="0.036">
    </testcase>
    <testcase classname="CognitiveEngine Advanced Wallet Operations should handle wallet connection failures" name="CognitiveEngine Advanced Wallet Operations should handle wallet connection failures" time="0.042">
    </testcase>
    <testcase classname="CognitiveEngine Advanced Wallet Operations should get wallet status" name="CognitiveEngine Advanced Wallet Operations should get wallet status" time="0.032">
    </testcase>
    <testcase classname="CognitiveEngine Advanced Chain Operations should execute smart contract calls" name="CognitiveEngine Advanced Chain Operations should execute smart contract calls" time="0.046">
    </testcase>
    <testcase classname="CognitiveEngine Advanced Chain Operations should verify skills on chain" name="CognitiveEngine Advanced Chain Operations should verify skills on chain" time="0.037">
    </testcase>
    <testcase classname="CognitiveEngine Advanced Chain Operations should register skills and models" name="CognitiveEngine Advanced Chain Operations should register skills and models" time="0.054">
    </testcase>
    <testcase classname="CognitiveEngine Advanced Chain Operations should transfer tokens" name="CognitiveEngine Advanced Chain Operations should transfer tokens" time="0.047">
    </testcase>
    <testcase classname="CognitiveEngine Advanced Chain Operations should handle chain connection failures" name="CognitiveEngine Advanced Chain Operations should handle chain connection failures" time="0.056">
    </testcase>
    <testcase classname="CognitiveEngine Advanced Chain Operations should get network consensus" name="CognitiveEngine Advanced Chain Operations should get network consensus" time="0.046">
    </testcase>
    <testcase classname="CognitiveEngine Advanced Chain Operations should get chain status" name="CognitiveEngine Advanced Chain Operations should get chain status" time="0.059">
    </testcase>
    <testcase classname="CognitiveEngine Unified Operations should coordinate wallet and chain operations" name="CognitiveEngine Unified Operations should coordinate wallet and chain operations" time="0.038">
    </testcase>
    <testcase classname="CognitiveEngine Unified Operations should handle unified ecosystem operations" name="CognitiveEngine Unified Operations should handle unified ecosystem operations" time="0.039">
    </testcase>
    <testcase classname="CognitiveEngine Unified Operations should handle cross-chain transfer operations" name="CognitiveEngine Unified Operations should handle cross-chain transfer operations" time="0.073">
    </testcase>
    <testcase classname="CognitiveEngine Unified Operations should handle multi-service queries" name="CognitiveEngine Unified Operations should handle multi-service queries" time="0.048">
    </testcase>
    <testcase classname="CognitiveEngine Unified Operations should handle invalid operation types" name="CognitiveEngine Unified Operations should handle invalid operation types" time="0.035">
    </testcase>
    <testcase classname="CognitiveEngine Ecosystem Communication should send ecosystem messages" name="CognitiveEngine Ecosystem Communication should send ecosystem messages" time="0.048">
    </testcase>
    <testcase classname="CognitiveEngine Ecosystem Communication should handle ecosystem queries through messaging" name="CognitiveEngine Ecosystem Communication should handle ecosystem queries through messaging" time="0.056">
    </testcase>
    <testcase classname="CognitiveEngine Ecosystem Communication should perform blockchain operations through ecosystem" name="CognitiveEngine Ecosystem Communication should perform blockchain operations through ecosystem" time="0.069">
    </testcase>
    <testcase classname="CognitiveEngine Ecosystem Communication should get ecosystem components" name="CognitiveEngine Ecosystem Communication should get ecosystem components" time="0.056">
    </testcase>
    <testcase classname="CognitiveEngine Ecosystem Communication should get ecosystem status" name="CognitiveEngine Ecosystem Communication should get ecosystem status" time="0.033">
    </testcase>
    <testcase classname="CognitiveEngine Ecosystem Communication should update ecosystem config" name="CognitiveEngine Ecosystem Communication should update ecosystem config" time="0.044">
    </testcase>
    <testcase classname="CognitiveEngine Error Handling and Edge Cases Network and Connection Failures should handle network timeouts gracefully" name="CognitiveEngine Error Handling and Edge Cases Network and Connection Failures should handle network timeouts gracefully" time="0.036">
    </testcase>
    <testcase classname="CognitiveEngine Error Handling and Edge Cases Network and Connection Failures should recover from connection failures" name="CognitiveEngine Error Handling and Edge Cases Network and Connection Failures should recover from connection failures" time="0.048">
    </testcase>
    <testcase classname="CognitiveEngine Error Handling and Edge Cases Network and Connection Failures should handle invalid inputs gracefully" name="CognitiveEngine Error Handling and Edge Cases Network and Connection Failures should handle invalid inputs gracefully" time="0.034">
    </testcase>
    <testcase classname="CognitiveEngine Error Handling and Edge Cases Network and Connection Failures should clean up resources on errors" name="CognitiveEngine Error Handling and Edge Cases Network and Connection Failures should clean up resources on errors" time="0.041">
    </testcase>
    <testcase classname="CognitiveEngine Error Handling and Edge Cases Network and Connection Failures should handle concurrent operation conflicts" name="CognitiveEngine Error Handling and Edge Cases Network and Connection Failures should handle concurrent operation conflicts" time="0.032">
    </testcase>
    <testcase classname="CognitiveEngine Error Handling and Edge Cases Resource Management should prevent memory leaks" name="CognitiveEngine Error Handling and Edge Cases Resource Management should prevent memory leaks" time="0.045">
    </testcase>
    <testcase classname="CognitiveEngine Error Handling and Edge Cases Resource Management should handle resource exhaustion" name="CognitiveEngine Error Handling and Edge Cases Resource Management should handle resource exhaustion" time="0.033">
    </testcase>
    <testcase classname="CognitiveEngine Error Handling and Edge Cases Resource Management should clean up on disposal" name="CognitiveEngine Error Handling and Edge Cases Resource Management should clean up on disposal" time="0.044">
    </testcase>
    <testcase classname="CognitiveEngine Error Handling and Edge Cases Resource Management should handle component initialization failures" name="CognitiveEngine Error Handling and Edge Cases Resource Management should handle component initialization failures" time="0.061">
    </testcase>
    <testcase classname="CognitiveEngine Error Handling and Edge Cases Input Validation and Sanitization should validate feedback ranges" name="CognitiveEngine Error Handling and Edge Cases Input Validation and Sanitization should validate feedback ranges" time="0.048">
    </testcase>
    <testcase classname="CognitiveEngine Error Handling and Edge Cases Input Validation and Sanitization should sanitize input strings" name="CognitiveEngine Error Handling and Edge Cases Input Validation and Sanitization should sanitize input strings" time="0.029">
    </testcase>
    <testcase classname="CognitiveEngine Error Handling and Edge Cases Input Validation and Sanitization should handle extremely large inputs" name="CognitiveEngine Error Handling and Edge Cases Input Validation and Sanitization should handle extremely large inputs" time="0.041">
    </testcase>
    <testcase classname="CognitiveEngine Error Handling and Edge Cases Input Validation and Sanitization should validate skill parameters" name="CognitiveEngine Error Handling and Edge Cases Input Validation and Sanitization should validate skill parameters" time="0.033">
    </testcase>
    <testcase classname="CognitiveEngine Error Handling and Edge Cases State Consistency should maintain state consistency during errors" name="CognitiveEngine Error Handling and Edge Cases State Consistency should maintain state consistency during errors" time="0.039">
    </testcase>
    <testcase classname="CognitiveEngine Error Handling and Edge Cases State Consistency should handle rapid state changes" name="CognitiveEngine Error Handling and Edge Cases State Consistency should handle rapid state changes" time="0.033">
    </testcase>
  </testsuite>
  <testsuite name="Phase 3.3: KNIRVGRAPH LoRA Adapter Creation Integration" errors="0" failures="0" skipped="0" timestamp="2026-03-31T18:05:09" time="1.624" tests="16">
    <testcase classname="Phase 3.3: KNIRVGRAPH LoRA Adapter Creation Integration ErrorNode Clustering Algorithm should cluster similar error nodes correctly" name="Phase 3.3: KNIRVGRAPH LoRA Adapter Creation Integration ErrorNode Clustering Algorithm should cluster similar error nodes correctly" time="0.022">
    </testcase>
    <testcase classname="Phase 3.3: KNIRVGRAPH LoRA Adapter Creation Integration ErrorNode Clustering Algorithm should calculate similarity between error nodes accurately" name="Phase 3.3: KNIRVGRAPH LoRA Adapter Creation Integration ErrorNode Clustering Algorithm should calculate similarity between error nodes accurately" time="0.01">
    </testcase>
    <testcase classname="Phase 3.3: KNIRVGRAPH LoRA Adapter Creation Integration ErrorNode Clustering Algorithm should respect minimum and maximum cluster sizes" name="Phase 3.3: KNIRVGRAPH LoRA Adapter Creation Integration ErrorNode Clustering Algorithm should respect minimum and maximum cluster sizes" time="0.01">
    </testcase>
    <testcase classname="Phase 3.3: KNIRVGRAPH LoRA Adapter Creation Integration ErrorNode Clustering Algorithm should calculate total bounty for clusters" name="Phase 3.3: KNIRVGRAPH LoRA Adapter Creation Integration ErrorNode Clustering Algorithm should calculate total bounty for clusters" time="0.008">
    </testcase>
    <testcase classname="Phase 3.3: KNIRVGRAPH LoRA Adapter Creation Integration Agent Assignment System should assign suitable agents to error clusters" name="Phase 3.3: KNIRVGRAPH LoRA Adapter Creation Integration Agent Assignment System should assign suitable agents to error clusters" time="0.013">
    </testcase>
    <testcase classname="Phase 3.3: KNIRVGRAPH LoRA Adapter Creation Integration Agent Assignment System should handle competitive solution submission" name="Phase 3.3: KNIRVGRAPH LoRA Adapter Creation Integration Agent Assignment System should handle competitive solution submission" time="0.01">
    </testcase>
    <testcase classname="Phase 3.3: KNIRVGRAPH LoRA Adapter Creation Integration Agent Assignment System should validate solutions and award bounties" name="Phase 3.3: KNIRVGRAPH LoRA Adapter Creation Integration Agent Assignment System should validate solutions and award bounties" time="0.015">
    </testcase>
    <testcase classname="Phase 3.3: KNIRVGRAPH LoRA Adapter Creation Integration Agent Assignment System should track cluster ownership based on solution contributions" name="Phase 3.3: KNIRVGRAPH LoRA Adapter Creation Integration Agent Assignment System should track cluster ownership based on solution contributions" time="0.017">
    </testcase>
    <testcase classname="Phase 3.3: KNIRVGRAPH LoRA Adapter Creation Integration LoRA Adapter Training Pipeline should create training dataset from error cluster and solutions" name="Phase 3.3: KNIRVGRAPH LoRA Adapter Creation Integration LoRA Adapter Training Pipeline should create training dataset from error cluster and solutions" time="0.012">
    </testcase>
    <testcase classname="Phase 3.3: KNIRVGRAPH LoRA Adapter Creation Integration LoRA Adapter Training Pipeline should create semantic embeddings for error messages" name="Phase 3.3: KNIRVGRAPH LoRA Adapter Creation Integration LoRA Adapter Training Pipeline should create semantic embeddings for error messages" time="0.01">
    </testcase>
    <testcase classname="Phase 3.3: KNIRVGRAPH LoRA Adapter Creation Integration LoRA Adapter Training Pipeline should create code embeddings for solutions" name="Phase 3.3: KNIRVGRAPH LoRA Adapter Creation Integration LoRA Adapter Training Pipeline should create code embeddings for solutions" time="0.009">
    </testcase>
    <testcase classname="Phase 3.3: KNIRVGRAPH LoRA Adapter Creation Integration LoRA Adapter Training Pipeline should train LoRA adapter from dataset" name="Phase 3.3: KNIRVGRAPH LoRA Adapter Creation Integration LoRA Adapter Training Pipeline should train LoRA adapter from dataset" time="0.012">
    </testcase>
    <testcase classname="Phase 3.3: KNIRVGRAPH LoRA Adapter Creation Integration LoRA Adapter Training Pipeline should calculate dataset quality metrics" name="Phase 3.3: KNIRVGRAPH LoRA Adapter Creation Integration LoRA Adapter Training Pipeline should calculate dataset quality metrics" time="0.015">
    </testcase>
    <testcase classname="Phase 3.3: KNIRVGRAPH LoRA Adapter Creation Integration LoRA Adapter Training Pipeline should weight training pairs based on validation scores" name="Phase 3.3: KNIRVGRAPH LoRA Adapter Creation Integration LoRA Adapter Training Pipeline should weight training pairs based on validation scores" time="0.014">
    </testcase>
    <testcase classname="Phase 3.3: KNIRVGRAPH LoRA Adapter Creation Integration LoRA Adapter Training Pipeline should generate appropriate skill names" name="Phase 3.3: KNIRVGRAPH LoRA Adapter Creation Integration LoRA Adapter Training Pipeline should generate appropriate skill names" time="0.014">
    </testcase>
    <testcase classname="Phase 3.3: KNIRVGRAPH LoRA Adapter Creation Integration End-to-End Integration should complete full ErrorNode-to-LoRA-adapter workflow" name="Phase 3.3: KNIRVGRAPH LoRA Adapter Creation Integration End-to-End Integration should complete full ErrorNode-to-LoRA-adapter workflow" time="0.017">
    </testcase>
  </testsuite>
  <testsuite name="Phase 3.4: /prepare Endpoint Integration" errors="0" failures="0" skipped="0" timestamp="2026-03-31T18:05:11" time="0.703" tests="18">
    <testcase classname="Phase 3.4: /prepare Endpoint Integration NEXUS TEE Connectivity should prepare LoRA adapter for TEE execution" name="Phase 3.4: /prepare Endpoint Integration NEXUS TEE Connectivity should prepare LoRA adapter for TEE execution" time="0.02">
    </testcase>
    <testcase classname="Phase 3.4: /prepare Endpoint Integration NEXUS TEE Connectivity should handle missing skillId in prepare request" name="Phase 3.4: /prepare Endpoint Integration NEXUS TEE Connectivity should handle missing skillId in prepare request" time="0.009">
    </testcase>
    <testcase classname="Phase 3.4: /prepare Endpoint Integration NEXUS TEE Connectivity should handle non-existent skill in prepare request" name="Phase 3.4: /prepare Endpoint Integration NEXUS TEE Connectivity should handle non-existent skill in prepare request" time="0.014">
    </testcase>
    <testcase classname="Phase 3.4: /prepare Endpoint Integration NEXUS TEE Connectivity should handle NEXUS TEE connectivity failure" name="Phase 3.4: /prepare Endpoint Integration NEXUS TEE Connectivity should handle NEXUS TEE connectivity failure" time="0.026">
    </testcase>
    <testcase classname="Phase 3.4: /prepare Endpoint Integration TEE Status Monitoring should return TEE connectivity status" name="Phase 3.4: /prepare Endpoint Integration TEE Status Monitoring should return TEE connectivity status" time="0.014">
    </testcase>
    <testcase classname="Phase 3.4: /prepare Endpoint Integration TEE Status Monitoring should handle TEE unreachable status" name="Phase 3.4: /prepare Endpoint Integration TEE Status Monitoring should handle TEE unreachable status" time="0.009">
    </testcase>
    <testcase classname="Phase 3.4: /prepare Endpoint Integration Pre-training with LoRA Adapter Insights should perform pre-training using LoRA adapter insights" name="Phase 3.4: /prepare Endpoint Integration Pre-training with LoRA Adapter Insights should perform pre-training using LoRA adapter insights" time="0.012">
    </testcase>
    <testcase classname="Phase 3.4: /prepare Endpoint Integration Pre-training with LoRA Adapter Insights should handle missing parameters in pre-training request" name="Phase 3.4: /prepare Endpoint Integration Pre-training with LoRA Adapter Insights should handle missing parameters in pre-training request" time="0.007">
    </testcase>
    <testcase classname="Phase 3.4: /prepare Endpoint Integration Pre-training with LoRA Adapter Insights should aggregate insights from multiple LoRA adapters" name="Phase 3.4: /prepare Endpoint Integration Pre-training with LoRA Adapter Insights should aggregate insights from multiple LoRA adapters" time="0.008">
    </testcase>
    <testcase classname="Phase 3.4: /prepare Endpoint Integration WASM Format Compatibility should create WASM format for LoRA adapters" name="Phase 3.4: /prepare Endpoint Integration WASM Format Compatibility should create WASM format for LoRA adapters" time="0.016">
    </testcase>
    <testcase classname="Phase 3.4: /prepare Endpoint Integration WASM Format Compatibility should load LoRA adapter from WASM format" name="Phase 3.4: /prepare Endpoint Integration WASM Format Compatibility should load LoRA adapter from WASM format" time="0.012">
    </testcase>
    <testcase classname="Phase 3.4: /prepare Endpoint Integration TEE Package Preparation should create proper TEE compatibility metadata" name="Phase 3.4: /prepare Endpoint Integration TEE Package Preparation should create proper TEE compatibility metadata" time="0.011">
    </testcase>
    <testcase classname="Phase 3.4: /prepare Endpoint Integration TEE Package Preparation should calculate package hash correctly" name="Phase 3.4: /prepare Endpoint Integration TEE Package Preparation should calculate package hash correctly" time="0.013">
    </testcase>
    <testcase classname="Phase 3.4: /prepare Endpoint Integration Error Handling and Edge Cases should handle NEXUS TEE authentication failure" name="Phase 3.4: /prepare Endpoint Integration Error Handling and Edge Cases should handle NEXUS TEE authentication failure" time="0.009">
    </testcase>
    <testcase classname="Phase 3.4: /prepare Endpoint Integration Error Handling and Edge Cases should handle malformed TEE info" name="Phase 3.4: /prepare Endpoint Integration Error Handling and Edge Cases should handle malformed TEE info" time="0.008">
    </testcase>
    <testcase classname="Phase 3.4: /prepare Endpoint Integration Error Handling and Edge Cases should handle empty LoRA adapter insights in pre-training" name="Phase 3.4: /prepare Endpoint Integration Error Handling and Edge Cases should handle empty LoRA adapter insights in pre-training" time="0.014">
    </testcase>
    <testcase classname="Phase 3.4: /prepare Endpoint Integration Performance and Scalability should handle multiple concurrent prepare requests" name="Phase 3.4: /prepare Endpoint Integration Performance and Scalability should handle multiple concurrent prepare requests" time="0.012">
    </testcase>
    <testcase classname="Phase 3.4: /prepare Endpoint Integration Performance and Scalability should handle large LoRA adapter preparation" name="Phase 3.4: /prepare Endpoint Integration Performance and Scalability should handle large LoRA adapter preparation" time="0.011">
    </testcase>
  </testsuite>
  <testsuite name="UDCManager" errors="0" failures="36" skipped="0" timestamp="2026-03-31T18:05:12" time="3.104" tests="36">
    <testcase classname="UDCManager Rendering should not render when isOpen is false" name="UDCManager Rendering should not render when isOpen is false" time="0.048">
      <failure>TypeError: Right-hand side of &apos;instanceof&apos; is not an object
    at getActiveElementDeep (/home/gperry/Documents/GitHub/KNIRV/KNIRV_NETWORK/packages/KNIRVARENA/packages/ts_client_2/node_modules/react-dom/cjs/react-dom.development.js:8445:18)
    at getSelectionInformation (/home/gperry/Documents/GitHub/KNIRV/KNIRV_NETWORK/packages/KNIRVARENA/packages/ts_client_2/node_modules/react-dom/cjs/react-dom.development.js:8476:21)
    at prepareForCommit (/home/gperry/Documents/GitHub/KNIRV/KNIRV_NETWORK/packages/KNIRVARENA/packages/ts_client_2/node_modules/react-dom/cjs/react-dom.development.js:10912:26)
    at commitBeforeMutationEffects (/home/gperry/Documents/GitHub/KNIRV/KNIRV_NETWORK/packages/KNIRVARENA/packages/ts_client_2/node_modules/react-dom/cjs/react-dom.development.js:22941:27)
    at commitRootImpl (/home/gperry/Documents/GitHub/KNIRV/KNIRV_NETWORK/packages/KNIRVARENA/packages/ts_client_2/node_modules/react-dom/cjs/react-dom.development.js:26801:45)
    at commitRoot (/home/gperry/Documents/GitHub/KNIRV/KNIRV_NETWORK/packages/KNIRVARENA/packages/ts_client_2/node_modules/react-dom/cjs/react-dom.development.js:26682:5)
    at finishConcurrentRender (/home/gperry/Documents/GitHub/KNIRV/KNIRV_NETWORK/packages/KNIRVARENA/packages/ts_client_2/node_modules/react-dom/cjs/react-dom.development.js:25981:9)
    at performConcurrentWorkOnRoot (/home/gperry/Documents/GitHub/KNIRV/KNIRV_NETWORK/packages/KNIRVARENA/packages/ts_client_2/node_modules/react-dom/cjs/react-dom.development.js:25809:7)
    at flushActQueue (/home/gperry/Documents/GitHub/KNIRV/KNIRV_NETWORK/packages/KNIRVARENA/packages/ts_client_2/node_modules/react/cjs/react.development.js:2667:24)
    at act (/home/gperry/Documents/GitHub/KNIRV/KNIRV_NETWORK/packages/KNIRVARENA/packages/ts_client_2/node_modules/react/cjs/react.development.js:2582:11)
    at /home/gperry/Documents/GitHub/KNIRV/KNIRV_NETWORK/packages/KNIRVARENA/packages/ts_client_2/node_modules/@testing-library/react/dist/act-compat.js:47:25
    at renderRoot (/home/gperry/Documents/GitHub/KNIRV/KNIRV_NETWORK/packages/KNIRVARENA/packages/ts_client_2/node_modules/@testing-library/react/dist/pure.js:180:26)
    at render (/home/gperry/Documents/GitHub/KNIRV/KNIRV_NETWORK/packages/KNIRVARENA/packages/ts_client_2/node_modules/@testing-library/react/dist/pure.js:271:10)
    at Object.&lt;anonymous&gt; (/home/gperry/Documents/GitHub/KNIRV/KNIRV_NETWORK/packages/KNIRVARENA/packages/ts_client_2/tests/unit/components/UDCManager.test.tsx:166:13)
    at Promise.then.completed (/home/gperry/Documents/GitHub/KNIRV/KNIRV_NETWORK/packages/KNIRVARENA/packages/ts_client_2/node_modules/jest-circus/build/utils.js:298:28)
    at new Promise (&lt;anonymous&gt;)
    at callAsyncCircusFn (/home/gperry/Documents/GitHub/KNIRV/KNIRV_NETWORK/packages/KNIRVARENA/packages/ts_client_2/node_modules/jest-circus/build/utils.js:231:10)
    at _callCircusTest (/home/gperry/Documents/GitHub/KNIRV/KNIRV_NETWORK/packages/KNIRVARENA/packages/ts_client_2/node_modules/jest-circus/build/run.js:316:40)
    at _runTest (/home/gperry/Documents/GitHub/KNIRV/KNIRV_NETWORK/packages/KNIRVARENA/packages/ts_client_2/node_modules/jest-circus/build/run.js:252:3)
    at _runTestsForDescribeBlock (/home/gperry/Documents/GitHub/KNIRV/KNIRV_NETWORK/packages/KNIRVARENA/packages/ts_client_2/node_modules/jest-circus/build/run.js:126:9)
    at _runTestsForDescribeBlock (/home/gperry/Documents/GitHub/KNIRV/KNIRV_NETWORK/packages/KNIRVARENA/packages/ts_client_2/node_modules/jest-circus/build/run.js:121:9)
    at _runTestsForDescribeBlock (/home/gperry/Documents/GitHub/KNIRV/KNIRV_NETWORK/packages/KNIRVARENA/packages/ts_client_2/node_modules/jest-circus/build/run.js:121:9)
    at run (/home/gperry/Documents/GitHub/KNIRV/KNIRV_NETWORK/packages/KNIRVARENA/packages/ts_client_2/node_modules/jest-circus/build/run.js:71:3)
    at runAndTransformResultsToJestFormat (/home/gperry/Documents/GitHub/KNIRV/KNIRV_NETWORK/packages/KNIRVARENA/packages/ts_client_2/node_modules/jest-circus/build/legacy-code-todo-rewrite/jestAdapterInit.js:122:21)
    at jestAdapter (/home/gperry/Documents/GitHub/KNIRV/KNIRV_NETWORK/packages/KNIRVARENA/packages/ts_client_2/node_modules/jest-circus/build/legacy-code-todo-rewrite/jestAdapter.js:79:19)
    at runTestInternal (/home/gperry/Documents/GitHub/KNIRV/KNIRV_NETWORK/packages/KNIRVARENA/packages/ts_client_2/node_modules/jest-runner/build/runTest.js:367:16)
    at runTest (/home/gperry/Documents/GitHub/KNIRV/KNIRV_NETWORK/packages/KNIRVARENA/packages/ts_client_2/node_modules/jest-runner/build/runTest.js:444:34)</failure>
      <failure>Error: Should not already be working.
    at performConcurrentWorkOnRoot (/home/gperry/Documents/GitHub/KNIRV/KNIRV_NETWORK/packages/KNIRVARENA/packages/ts_client_2/node_modules/react-dom/cjs/react-dom.development.js:25703:11)
    at flushActQueue (/home/gperry/Documents/GitHub/KNIRV/KNIRV_NETWORK/packages/KNIRVARENA/packages/ts_client_2/node_modules/react/cjs/react.development.js:2667:24)
    at act (/home/gperry/Documents/GitHub/KNIRV/KNIRV_NETWORK/packages/KNIRVARENA/packages/ts_client_2/node_modules/react/cjs/react.development.js:2582:11)
    at /home/gperry/Documents/GitHub/KNIRV/KNIRV_NETWORK/packages/KNIRVARENA/packages/ts_client_2/node_modules/@testing-library/react/dist/act-compat.js:47:25
    at /home/gperry/Documents/GitHub/KNIRV/KNIRV_NETWORK/packages/KNIRVARENA/packages/ts_client_2/node_modules/@testing-library/react/dist/pure.js:285:28
    at Array.forEach (&lt;anonymous&gt;)
    at cleanup (/home/gperry/Documents/GitHub/KNIRV/KNIRV_NETWORK/packages/KNIRVARENA/packages/ts_client_2/node_modules/@testing-library/react/dist/pure.js:281:22)
    at Object.&lt;anonymous&gt; (/home/gperry/Documents/GitHub/KNIRV/KNIRV_NETWORK/packages/KNIRVARENA/packages/ts_client_2/node_modules/@testing-library/react/dist/index.js:28:25)
    at Promise.then.completed (/home/gperry/Documents/GitHub/KNIRV/KNIRV_NETWORK/packages/KNIRVARENA/packages/ts_client_2/node_modules/jest-circus/build/utils.js:298:28)
    at new Promise (&lt;anonymous&gt;)
    at callAsyncCircusFn (/home/gperry/Documents/GitHub/KNIRV/KNIRV_NETWORK/packages/KNIRVARENA/packages/ts_client_2/node_modules/jest-circus/build/utils.js:231:10)
    at _callCircusHook (/home/gperry/Documents/GitHub/KNIRV/KNIRV_NETWORK/packages/KNIRVARENA/packages/ts_client_2/node_modules/jest-circus/build/run.js:281:40)
    at _runTest (/home/gperry/Documents/GitHub/KNIRV/KNIRV_NETWORK/packages/KNIRVARENA/packages/ts_client_2/node_modules/jest-circus/build/run.js:254:5)
    at _runTestsForDescribeBlock (/home/gperry/Documents/GitHub/KNIRV/KNIRV_NETWORK/packages/KNIRVARENA/packages/ts_client_2/node_modules/jest-circus/build/run.js:126:9)
    at _runTestsForDescribeBlock (/home/gperry/Documents/GitHub/KNIRV/KNIRV_NETWORK/packages/KNIRVARENA/packages/ts_client_2/node_modules/jest-circus/build/run.js:121:9)
    at _runTestsForDescribeBlock (/home/gperry/Documents/GitHub/KNIRV/KNIRV_NETWORK/packages/KNIRVARENA/packages/ts_client_2/node_modules/jest-circus/build/run.js:121:9)
    at run (/home/gperry/Documents/GitHub/KNIRV/KNIRV_NETWORK/packages/KNIRVARENA/packages/ts_client_2/node_modules/jest-circus/build/run.js:71:3)
    at runAndTransformResultsToJestFormat (/home/gperry/Documents/GitHub/KNIRV/KNIRV_NETWORK/packages/KNIRVARENA/packages/ts_client_2/node_modules/jest-circus/build/legacy-code-todo-rewrite/jestAdapterInit.js:122:21)
    at jestAdapter (/home/gperry/Documents/GitHub/KNIRV/KNIRV_NETWORK/packages/KNIRVARENA/packages/ts_client_2/node_modules/jest-circus/build/legacy-code-todo-rewrite/jestAdapter.js:79:19)
    at runTestInternal (/home/gperry/Documents/GitHub/KNIRV/KNIRV_NETWORK/packages/KNIRVARENA/packages/ts_client_2/node_modules/jest-runner/build/runTest.js:367:16)
    at runTest (/home/gperry/Documents/GitHub/KNIRV/KNIRV_NETWORK/packages/KNIRVARENA/packages/ts_client_2/node_modules/jest-runner/build/runTest.js:444:34)</failure>
    </testcase>
    <testcase classname="UDCManager Rendering should render when isOpen is true" name="UDCManager Rendering should render when isOpen is true" time="0.015">
      <failure>Error: Should not already be working.
    at performConcurrentWorkOnRoot (/home/gperry/Documents/GitHub/KNIRV/KNIRV_NETWORK/packages/KNIRVARENA/packages/ts_client_2/node_modules/react-dom/cjs/react-dom.development.js:25703:11)
    at flushActQueue (/home/gperry/Documents/GitHub/KNIRV/KNIRV_NETWORK/packages/KNIRVARENA/packages/ts_client_2/node_modules/react/cjs/react.development.js:2667:24)
    at act (/home/gperry/Documents/GitHub/KNIRV/KNIRV_NETWORK/packages/KNIRVARENA/packages/ts_client_2/node_modules/react/cjs/react.development.js:2582:11)
    at /home/gperry/Documents/GitHub/KNIRV/KNIRV_NETWORK/packages/KNIRVARENA/packages/ts_client_2/node_modules/@testing-library/react/dist/act-compat.js:47:25
    at renderRoot (/home/gperry/Documents/GitHub/KNIRV/KNIRV_NETWORK/packages/KNIRVARENA/packages/ts_client_2/node_modules/@testing-library/react/dist/pure.js:180:26)
    at render (/home/gperry/Documents/GitHub/KNIRV/KNIRV_NETWORK/packages/KNIRVARENA/packages/ts_client_2/node_modules/@testing-library/react/dist/pure.js:271:10)
    at Object.&lt;anonymous&gt; (/home/gperry/Documents/GitHub/KNIRV/KNIRV_NETWORK/packages/KNIRVARENA/packages/ts_client_2/tests/unit/components/UDCManager.test.tsx:172:13)
    at Promise.then.completed (/home/gperry/Documents/GitHub/KNIRV/KNIRV_NETWORK/packages/KNIRVARENA/packages/ts_client_2/node_modules/jest-circus/build/utils.js:298:28)
    at new Promise (&lt;anonymous&gt;)
    at callAsyncCircusFn (/home/gperry/Documents/GitHub/KNIRV/KNIRV_NETWORK/packages/KNIRVARENA/packages/ts_client_2/node_modules/jest-circus/build/utils.js:231:10)
    at _callCircusTest (/home/gperry/Documents/GitHub/KNIRV/KNIRV_NETWORK/packages/KNIRVARENA/packages/ts_client_2/node_modules/jest-circus/build/run.js:316:40)
    at _runTest (/home/gperry/Documents/GitHub/KNIRV/KNIRV_NETWORK/packages/KNIRVARENA/packages/ts_client_2/node_modules/jest-circus/build/run.js:252:3)
    at _runTestsForDescribeBlock (/home/gperry/Documents/GitHub/KNIRV/KNIRV_NETWORK/packages/KNIRVARENA/packages/ts_client_2/node_modules/jest-circus/build/run.js:126:9)
    at _runTestsForDescribeBlock (/home/gperry/Documents/GitHub/KNIRV/KNIRV_NETWORK/packages/KNIRVARENA/packages/ts_client_2/node_modules/jest-circus/build/run.js:121:9)
    at _runTestsForDescribeBlock (/home/gperry/Documents/GitHub/KNIRV/KNIRV_NETWORK/packages/KNIRVARENA/packages/ts_client_2/node_modules/jest-circus/build/run.js:121:9)
    at run (/home/gperry/Documents/GitHub/KNIRV/KNIRV_NETWORK/packages/KNIRVARENA/packages/ts_client_2/node_modules/jest-circus/build/run.js:71:3)
    at runAndTransformResultsToJestFormat (/home/gperry/Documents/GitHub/KNIRV/KNIRV_NETWORK/packages/KNIRVARENA/packages/ts_client_2/node_modules/jest-circus/build/legacy-code-todo-rewrite/jestAdapterInit.js:122:21)
    at jestAdapter (/home/gperry/Documents/GitHub/KNIRV/KNIRV_NETWORK/packages/KNIRVARENA/packages/ts_client_2/node_modules/jest-circus/build/legacy-code-todo-rewrite/jestAdapter.js:79:19)
    at runTestInternal (/home/gperry/Documents/GitHub/KNIRV/KNIRV_NETWORK/packages/KNIRVARENA/packages/ts_client_2/node_modules/jest-runner/build/runTest.js:367:16)
    at runTest (/home/gperry/Documents/GitHub/KNIRV/KNIRV_NETWORK/packages/KNIRVARENA/packages/ts_client_2/node_modules/jest-runner/build/runTest.js:444:34)</failure>
      <failure>Error: Should not already be working.
    at performConcurrentWorkOnRoot (/home/gperry/Documents/GitHub/KNIRV/KNIRV_NETWORK/packages/KNIRVARENA/packages/ts_client_2/node_modules/react-dom/cjs/react-dom.development.js:25703:11)
    at flushActQueue (/home/gperry/Documents/GitHub/KNIRV/KNIRV_NETWORK/packages/KNIRVARENA/packages/ts_client_2/node_modules/react/cjs/react.development.js:2667:24)
    at act (/home/gperry/Documents/GitHub/KNIRV/KNIRV_NETWORK/packages/KNIRVARENA/packages/ts_client_2/node_modules/react/cjs/react.development.js:2582:11)
    at /home/gperry/Documents/GitHub/KNIRV/KNIRV_NETWORK/packages/KNIRVARENA/packages/ts_client_2/node_modules/@testing-library/react/dist/act-compat.js:47:25
    at /home/gperry/Documents/GitHub/KNIRV/KNIRV_NETWORK/packages/KNIRVARENA/packages/ts_client_2/node_modules/@testing-library/react/dist/pure.js:285:28
    at Array.forEach (&lt;anonymous&gt;)
    at cleanup (/home/gperry/Documents/GitHub/KNIRV/KNIRV_NETWORK/packages/KNIRVARENA/packages/ts_client_2/node_modules/@testing-library/react/dist/pure.js:281:22)
    at Object.&lt;anonymous&gt; (/home/gperry/Documents/GitHub/KNIRV/KNIRV_NETWORK/packages/KNIRVARENA/packages/ts_client_2/node_modules/@testing-library/react/dist/index.js:28:25)
    at Promise.then.completed (/home/gperry/Documents/GitHub/KNIRV/KNIRV_NETWORK/packages/KNIRVARENA/packages/ts_client_2/node_modules/jest-circus/build/utils.js:298:28)
    at new Promise (&lt;anonymous&gt;)
    at callAsyncCircusFn (/home/gperry/Documents/GitHub/KNIRV/KNIRV_NETWORK/packages/KNIRVARENA/packages/ts_client_2/node_modules/jest-circus/build/utils.js:231:10)
    at _callCircusHook (/home/gperry/Documents/GitHub/KNIRV/KNIRV_NETWORK/packages/KNIRVARENA/packages/ts_client_2/node_modules/jest-circus/build/run.js:281:40)
    at _runTest (/home/gperry/Documents/GitHub/KNIRV/KNIRV_NETWORK/packages/KNIRVARENA/packages/ts_client_2/node_modules/jest-circus/build/run.js:254:5)
    at _runTestsForDescribeBlock (/home/gperry/Documents/GitHub/KNIRV/KNIRV_NETWORK/packages/KNIRVARENA/packages/ts_client_2/node_modules/jest-circus/build/run.js:126:9)
    at _runTestsForDescribeBlock (/home/gperry/Documents/GitHub/KNIRV/KNIRV_NETWORK/packages/KNIRVARENA/packages/ts_client_2/node_modules/jest-circus/build/run.js:121:9)
    at _runTestsForDescribeBlock (/home/gperry/Documents/GitHub/KNIRV/KNIRV_NETWORK/packages/KNIRVARENA/packages/ts_client_2/node_modules/jest-circus/build/run.js:121:9)
    at run (/home/gperry/Documents/GitHub/KNIRV/KNIRV_NETWORK/packages/KNIRVARENA/packages/ts_client_2/node_modules/jest-circus/build/run.js:71:3)
    at runAndTransformResultsToJestFormat (/home/gperry/Documents/GitHub/KNIRV/KNIRV_NETWORK/packages/KNIRVARENA/packages/ts_client_2/node_modules/jest-circus/build/legacy-code-todo-rewrite/jestAdapterInit.js:122:21)
    at jestAdapter (/home/gperry/Documents/GitHub/KNIRV/KNIRV_NETWORK/packages/KNIRVARENA/packages/ts_client_2/node_modules/jest-circus/build/legacy-code-todo-rewrite/jestAdapter.js:79:19)
    at runTestInternal (/home/gperry/Documents/GitHub/KNIRV/KNIRV_NETWORK/packages/KNIRVARENA/packages/ts_client_2/node_modules/jest-runner/build/runTest.js:367:16)
    at runTest (/home/gperry/Documents/GitHub/KNIRV/KNIRV_NETWORK/packages/KNIRVARENA/packages/ts_client_2/node_modules/jest-runner/build/runTest.js:444:34)</failure>
    </testcase>
    <testcase classname="UDCManager Rendering should render all tabs" name="UDCManager Rendering should render all tabs" time="0.016">
      <failure>Error: Should not already be working.
    at performConcurrentWorkOnRoot (/home/gperry/Documents/GitHub/KNIRV/KNIRV_NETWORK/packages/KNIRVARENA/packages/ts_client_2/node_modules/react-dom/cjs/react-dom.development.js:25703:11)
    at flushActQueue (/home/gperry/Documents/GitHub/KNIRV/KNIRV_NETWORK/packages/KNIRVARENA/packages/ts_client_2/node_modules/react/cjs/react.development.js:2667:24)
    at act (/home/gperry/Documents/GitHub/KNIRV/KNIRV_NETWORK/packages/KNIRVARENA/packages/ts_client_2/node_modules/react/cjs/react.development.js:2582:11)
    at /home/gperry/Documents/GitHub/KNIRV/KNIRV_NETWORK/packages/KNIRVARENA/packages/ts_client_2/node_modules/@testing-library/react/dist/act-compat.js:47:25
    at renderRoot (/home/gperry/Documents/GitHub/KNIRV/KNIRV_NETWORK/packages/KNIRVARENA/packages/ts_client_2/node_modules/@testing-library/react/dist/pure.js:180:26)
    at render (/home/gperry/Documents/GitHub/KNIRV/KNIRV_NETWORK/packages/KNIRVARENA/packages/ts_client_2/node_modules/@testing-library/react/dist/pure.js:271:10)
    at Object.&lt;anonymous&gt; (/home/gperry/Documents/GitHub/KNIRV/KNIRV_NETWORK/packages/KNIRVARENA/packages/ts_client_2/tests/unit/components/UDCManager.test.tsx:179:13)
    at Promise.then.completed (/home/gperry/Documents/GitHub/KNIRV/KNIRV_NETWORK/packages/KNIRVARENA/packages/ts_client_2/node_modules/jest-circus/build/utils.js:298:28)
    at new Promise (&lt;anonymous&gt;)
    at callAsyncCircusFn (/home/gperry/Documents/GitHub/KNIRV/KNIRV_NETWORK/packages/KNIRVARENA/packages/ts_client_2/node_modules/jest-circus/build/utils.js:231:10)
    at _callCircusTest (/home/gperry/Documents/GitHub/KNIRV/KNIRV_NETWORK/packages/KNIRVARENA/packages/ts_client_2/node_modules/jest-circus/build/run.js:316:40)
    at _runTest (/home/gperry/Documents/GitHub/KNIRV/KNIRV_NETWORK/packages/KNIRVARENA/packages/ts_client_2/node_modules/jest-circus/build/run.js:252:3)
    at _runTestsForDescribeBlock (/home/gperry/Documents/GitHub/KNIRV/KNIRV_NETWORK/packages/KNIRVARENA/packages/ts_client_2/node_modules/jest-circus/build/run.js:126:9)
    at _runTestsForDescribeBlock (/home/gperry/Documents/GitHub/KNIRV/KNIRV_NETWORK/packages/KNIRVARENA/packages/ts_client_2/node_modules/jest-circus/build/run.js:121:9)
    at _runTestsForDescribeBlock (/home/gperry/Documents/GitHub/KNIRV/KNIRV_NETWORK/packages/KNIRVARENA/packages/ts_client_2/node_modules/jest-circus/build/run.js:121:9)
    at run (/home/gperry/Documents/GitHub/KNIRV/KNIRV_NETWORK/packages/KNIRVARENA/packages/ts_client_2/node_modules/jest-circus/build/run.js:71:3)
    at runAndTransformResultsToJestFormat (/home/gperry/Documents/GitHub/KNIRV/KNIRV_NETWORK/packages/KNIRVARENA/packages/ts_client_2/node_modules/jest-circus/build/legacy-code-todo-rewrite/jestAdapterInit.js:122:21)
    at jestAdapter (/home/gperry/Documents/GitHub/KNIRV/KNIRV_NETWORK/packages/KNIRVARENA/packages/ts_client_2/node_modules/jest-circus/build/legacy-code-todo-rewrite/jestAdapter.js:79:19)
    at runTestInternal (/home/gperry/Documents/GitHub/KNIRV/KNIRV_NETWORK/packages/KNIRVARENA/packages/ts_client_2/node_modules/jest-runner/build/runTest.js:367:16)
    at runTest (/home/gperry/Documents/GitHub/KNIRV/KNIRV_NETWORK/packages/KNIRVARENA/packages/ts_client_2/node_modules/jest-runner/build/runTest.js:444:34)</failure>
      <failure>Error: Should not already be working.
    at performConcurrentWorkOnRoot (/home/gperry/Documents/GitHub/KNIRV/KNIRV_NETWORK/packages/KNIRVARENA/packages/ts_client_2/node_modules/react-dom/cjs/react-dom.development.js:25703:11)
    at flushActQueue (/home/gperry/Documents/GitHub/KNIRV/KNIRV_NETWORK/packages/KNIRVARENA/packages/ts_client_2/node_modules/react/cjs/react.development.js:2667:24)
    at act (/home/gperry/Documents/GitHub/KNIRV/KNIRV_NETWORK/packages/KNIRVARENA/packages/ts_client_2/node_modules/react/cjs/react.development.js:2582:11)
    at /home/gperry/Documents/GitHub/KNIRV/KNIRV_NETWORK/packages/KNIRVARENA/packages/ts_client_2/node_modules/@testing-library/react/dist/act-compat.js:47:25
    at /home/gperry/Documents/GitHub/KNIRV/KNIRV_NETWORK/packages/KNIRVARENA/packages/ts_client_2/node_modules/@testing-library/react/dist/pure.js:285:28
    at Array.forEach (&lt;anonymous&gt;)
    at cleanup (/home/gperry/Documents/GitHub/KNIRV/KNIRV_NETWORK/packages/KNIRVARENA/packages/ts_client_2/node_modules/@testing-library/react/dist/pure.js:281:22)
    at Object.&lt;anonymous&gt; (/home/gperry/Documents/GitHub/KNIRV/KNIRV_NETWORK/packages/KNIRVARENA/packages/ts_client_2/node_modules/@testing-library/react/dist/index.js:28:25)
    at Promise.then.completed (/home/gperry/Documents/GitHub/KNIRV/KNIRV_NETWORK/packages/KNIRVARENA/packages/ts_client_2/node_modules/jest-circus/build/utils.js:298:28)
    at new Promise (&lt;anonymous&gt;)
    at callAsyncCircusFn (/home/gperry/Documents/GitHub/KNIRV/KNIRV_NETWORK/packages/KNIRVARENA/packages/ts_client_2/node_modules/jest-circus/build/utils.js:231:10)
    at _callCircusHook (/home/gperry/Documents/GitHub/KNIRV/KNIRV_NETWORK/packages/KNIRVARENA/packages/ts_client_2/node_modules/jest-circus/build/run.js:281:40)
    at _runTest (/home/gperry/Documents/GitHub/KNIRV/KNIRV_NETWORK/packages/KNIRVARENA/packages/ts_client_2/node_modules/jest-circus/build/run.js:254:5)
    at _runTestsForDescribeBlock (/home/gperry/Documents/GitHub/KNIRV/KNIRV_NETWORK/packages/KNIRVARENA/packages/ts_client_2/node_modules/jest-circus/build/run.js:126:9)
    at _runTestsForDescribeBlock (/home/gperry/Documents/GitHub/KNIRV/KNIRV_NETWORK/packages/KNIRVARENA/packages/ts_client_2/node_modules/jest-circus/build/run.js:121:9)
    at _runTestsForDescribeBlock (/home/gperry/Documents/GitHub/KNIRV/KNIRV_NETWORK/packages/KNIRVARENA/packages/ts_client_2/node_modules/jest-circus/build/run.js:121:9)
    at run (/home/gperry/Documents/GitHub/KNIRV/KNIRV_NETWORK/packages/KNIRVARENA/packages/ts_client_2/node_modules/jest-circus/build/run.js:71:3)
    at runAndTransformResultsToJestFormat (/home/gperry/Documents/GitHub/KNIRV/KNIRV_NETWORK/packages/KNIRVARENA/packages/ts_client_2/node_modules/jest-circus/build/legacy-code-todo-rewrite/jestAdapterInit.js:122:21)
    at jestAdapter (/home/gperry/Documents/GitHub/KNIRV/KNIRV_NETWORK/packages/KNIRVARENA/packages/ts_client_2/node_modules/jest-circus/build/legacy-code-todo-rewrite/jestAdapter.js:79:19)
    at runTestInternal (/home/gperry/Documents/GitHub/KNIRV/KNIRV_NETWORK/packages/KNIRVARENA/packages/ts_client_2/node_modules/jest-runner/build/runTest.js:367:16)
    at runTest (/home/gperry/Documents/GitHub/KNIRV/KNIRV_NETWORK/packages/KNIRVARENA/packages/ts_client_2/node_modules/jest-runner/build/runTest.js:444:34)</failure>
    </testcase>
    <testcase classname="UDCManager UDC List Display should display UDCs when available" name="UDCManager UDC List Display should display UDCs when available" time="0.015">
      <failure>Error: Should not already be working.
    at performConcurrentWorkOnRoot (/home/gperry/Documents/GitHub/KNIRV/KNIRV_NETWORK/packages/KNIRVARENA/packages/ts_client_2/node_modules/react-dom/cjs/react-dom.development.js:25703:11)
    at flushActQueue (/home/gperry/Documents/GitHub/KNIRV/KNIRV_NETWORK/packages/KNIRVARENA/packages/ts_client_2/node_modules/react/cjs/react.development.js:2667:24)
    at act (/home/gperry/Documents/GitHub/KNIRV/KNIRV_NETWORK/packages/KNIRVARENA/packages/ts_client_2/node_modules/react/cjs/react.development.js:2582:11)
    at /home/gperry/Documents/GitHub/KNIRV/KNIRV_NETWORK/packages/KNIRVARENA/packages/ts_client_2/node_modules/@testing-library/react/dist/act-compat.js:47:25
    at renderRoot (/home/gperry/Documents/GitHub/KNIRV/KNIRV_NETWORK/packages/KNIRVARENA/packages/ts_client_2/node_modules/@testing-library/react/dist/pure.js:180:26)
    at render (/home/gperry/Documents/GitHub/KNIRV/KNIRV_NETWORK/packages/KNIRVARENA/packages/ts_client_2/node_modules/@testing-library/react/dist/pure.js:271:10)
    at Object.&lt;anonymous&gt; (/home/gperry/Documents/GitHub/KNIRV/KNIRV_NETWORK/packages/KNIRVARENA/packages/ts_client_2/tests/unit/components/UDCManager.test.tsx:189:35)
    at Promise.then.completed (/home/gperry/Documents/GitHub/KNIRV/KNIRV_NETWORK/packages/KNIRVARENA/packages/ts_client_2/node_modules/jest-circus/build/utils.js:298:28)
    at new Promise (&lt;anonymous&gt;)
    at callAsyncCircusFn (/home/gperry/Documents/GitHub/KNIRV/KNIRV_NETWORK/packages/KNIRVARENA/packages/ts_client_2/node_modules/jest-circus/build/utils.js:231:10)
    at _callCircusTest (/home/gperry/Documents/GitHub/KNIRV/KNIRV_NETWORK/packages/KNIRVARENA/packages/ts_client_2/node_modules/jest-circus/build/run.js:316:40)
    at _runTest (/home/gperry/Documents/GitHub/KNIRV/KNIRV_NETWORK/packages/KNIRVARENA/packages/ts_client_2/node_modules/jest-circus/build/run.js:252:3)
    at _runTestsForDescribeBlock (/home/gperry/Documents/GitHub/KNIRV/KNIRV_NETWORK/packages/KNIRVARENA/packages/ts_client_2/node_modules/jest-circus/build/run.js:126:9)
    at _runTestsForDescribeBlock (/home/gperry/Documents/GitHub/KNIRV/KNIRV_NETWORK/packages/KNIRVARENA/packages/ts_client_2/node_modules/jest-circus/build/run.js:121:9)
    at _runTestsForDescribeBlock (/home/gperry/Documents/GitHub/KNIRV/KNIRV_NETWORK/packages/KNIRVARENA/packages/ts_client_2/node_modules/jest-circus/build/run.js:121:9)
    at run (/home/gperry/Documents/GitHub/KNIRV/KNIRV_NETWORK/packages/KNIRVARENA/packages/ts_client_2/node_modules/jest-circus/build/run.js:71:3)
    at runAndTransformResultsToJestFormat (/home/gperry/Documents/GitHub/KNIRV/KNIRV_NETWORK/packages/KNIRVARENA/packages/ts_client_2/node_modules/jest-circus/build/legacy-code-todo-rewrite/jestAdapterInit.js:122:21)
    at jestAdapter (/home/gperry/Documents/GitHub/KNIRV/KNIRV_NETWORK/packages/KNIRVARENA/packages/ts_client_2/node_modules/jest-circus/build/legacy-code-todo-rewrite/jestAdapter.js:79:19)
    at runTestInternal (/home/gperry/Documents/GitHub/KNIRV/KNIRV_NETWORK/packages/KNIRVARENA/packages/ts_client_2/node_modules/jest-runner/build/runTest.js:367:16)
    at runTest (/home/gperry/Documents/GitHub/KNIRV/KNIRV_NETWORK/packages/KNIRVARENA/packages/ts_client_2/node_modules/jest-runner/build/runTest.js:444:34)</failure>
      <failure>Error: Should not already be working.
    at performConcurrentWorkOnRoot (/home/gperry/Documents/GitHub/KNIRV/KNIRV_NETWORK/packages/KNIRVARENA/packages/ts_client_2/node_modules/react-dom/cjs/react-dom.development.js:25703:11)
    at flushActQueue (/home/gperry/Documents/GitHub/KNIRV/KNIRV_NETWORK/packages/KNIRVARENA/packages/ts_client_2/node_modules/react/cjs/react.development.js:2667:24)
    at act (/home/gperry/Documents/GitHub/KNIRV/KNIRV_NETWORK/packages/KNIRVARENA/packages/ts_client_2/node_modules/react/cjs/react.development.js:2582:11)
    at /home/gperry/Documents/GitHub/KNIRV/KNIRV_NETWORK/packages/KNIRVARENA/packages/ts_client_2/node_modules/@testing-library/react/dist/act-compat.js:47:25
    at /home/gperry/Documents/GitHub/KNIRV/KNIRV_NETWORK/packages/KNIRVARENA/packages/ts_client_2/node_modules/@testing-library/react/dist/pure.js:285:28
    at Array.forEach (&lt;anonymous&gt;)
    at cleanup (/home/gperry/Documents/GitHub/KNIRV/KNIRV_NETWORK/packages/KNIRVARENA/packages/ts_client_2/node_modules/@testing-library/react/dist/pure.js:281:22)
    at Object.&lt;anonymous&gt; (/home/gperry/Documents/GitHub/KNIRV/KNIRV_NETWORK/packages/KNIRVARENA/packages/ts_client_2/node_modules/@testing-library/react/dist/index.js:28:25)
    at Promise.then.completed (/home/gperry/Documents/GitHub/KNIRV/KNIRV_NETWORK/packages/KNIRVARENA/packages/ts_client_2/node_modules/jest-circus/build/utils.js:298:28)
    at new Promise (&lt;anonymous&gt;)
    at callAsyncCircusFn (/home/gperry/Documents/GitHub/KNIRV/KNIRV_NETWORK/packages/KNIRVARENA/packages/ts_client_2/node_modules/jest-circus/build/utils.js:231:10)
    at _callCircusHook (/home/gperry/Documents/GitHub/KNIRV/KNIRV_NETWORK/packages/KNIRVARENA/packages/ts_client_2/node_modules/jest-circus/build/run.js:281:40)
    at _runTest (/home/gperry/Documents/GitHub/KNIRV/KNIRV_NETWORK/packages/KNIRVARENA/packages/ts_client_2/node_modules/jest-circus/build/run.js:254:5)
    at _runTestsForDescribeBlock (/home/gperry/Documents/GitHub/KNIRV/KNIRV_NETWORK/packages/KNIRVARENA/packages/ts_client_2/node_modules/jest-circus/build/run.js:126:9)
    at _runTestsForDescribeBlock (/home/gperry/Documents/GitHub/KNIRV/KNIRV_NETWORK/packages/KNIRVARENA/packages/ts_client_2/node_modules/jest-circus/build/run.js:121:9)
    at _runTestsForDescribeBlock (/home/gperry/Documents/GitHub/KNIRV/KNIRV_NETWORK/packages/KNIRVARENA/packages/ts_client_2/node_modules/jest-circus/build/run.js:121:9)
    at run (/home/gperry/Documents/GitHub/KNIRV/KNIRV_NETWORK/packages/KNIRVARENA/packages/ts_client_2/node_modules/jest-circus/build/run.js:71:3)
    at runAndTransformResultsToJestFormat (/home/gperry/Documents/GitHub/KNIRV/KNIRV_NETWORK/packages/KNIRVARENA/packages/ts_client_2/node_modules/jest-circus/build/legacy-code-todo-rewrite/jestAdapterInit.js:122:21)
    at jestAdapter (/home/gperry/Documents/GitHub/KNIRV/KNIRV_NETWORK/packages/KNIRVARENA/packages/ts_client_2/node_modules/jest-circus/build/legacy-code-todo-rewrite/jestAdapter.js:79:19)
    at runTestInternal (/home/gperry/Documents/GitHub/KNIRV/KNIRV_NETWORK/packages/KNIRVARENA/packages/ts_client_2/node_modules/jest-runner/build/runTest.js:367:16)
    at runTest (/home/gperry/Documents/GitHub/KNIRV/KNIRV_NETWORK/packages/KNIRVARENA/packages/ts_client_2/node_modules/jest-runner/build/runTest.js:444:34)</failure>
    </testcase>
    <testcase classname="UDCManager UDC List Display should display UDC status icons correctly" name="UDCManager UDC List Display should display UDC status icons correctly" time="0.024">
      <failure>Error: Should not already be working.
    at performConcurrentWorkOnRoot (/home/gperry/Documents/GitHub/KNIRV/KNIRV_NETWORK/packages/KNIRVARENA/packages/ts_client_2/node_modules/react-dom/cjs/react-dom.development.js:25703:11)
    at flushActQueue (/home/gperry/Documents/GitHub/KNIRV/KNIRV_NETWORK/packages/KNIRVARENA/packages/ts_client_2/node_modules/react/cjs/react.development.js:2667:24)
    at act (/home/gperry/Documents/GitHub/KNIRV/KNIRV_NETWORK/packages/KNIRVARENA/packages/ts_client_2/node_modules/react/cjs/react.development.js:2582:11)
    at /home/gperry/Documents/GitHub/KNIRV/KNIRV_NETWORK/packages/KNIRVARENA/packages/ts_client_2/node_modules/@testing-library/react/dist/act-compat.js:47:25
    at renderRoot (/home/gperry/Documents/GitHub/KNIRV/KNIRV_NETWORK/packages/KNIRVARENA/packages/ts_client_2/node_modules/@testing-library/react/dist/pure.js:180:26)
    at render (/home/gperry/Documents/GitHub/KNIRV/KNIRV_NETWORK/packages/KNIRVARENA/packages/ts_client_2/node_modules/@testing-library/react/dist/pure.js:271:10)
    at Object.&lt;anonymous&gt; (/home/gperry/Documents/GitHub/KNIRV/KNIRV_NETWORK/packages/KNIRVARENA/packages/ts_client_2/tests/unit/components/UDCManager.test.tsx:201:35)
    at Promise.then.completed (/home/gperry/Documents/GitHub/KNIRV/KNIRV_NETWORK/packages/KNIRVARENA/packages/ts_client_2/node_modules/jest-circus/build/utils.js:298:28)
    at new Promise (&lt;anonymous&gt;)
    at callAsyncCircusFn (/home/gperry/Documents/GitHub/KNIRV/KNIRV_NETWORK/packages/KNIRVARENA/packages/ts_client_2/node_modules/jest-circus/build/utils.js:231:10)
    at _callCircusTest (/home/gperry/Documents/GitHub/KNIRV/KNIRV_NETWORK/packages/KNIRVARENA/packages/ts_client_2/node_modules/jest-circus/build/run.js:316:40)
    at _runTest (/home/gperry/Documents/GitHub/KNIRV/KNIRV_NETWORK/packages/KNIRVARENA/packages/ts_client_2/node_modules/jest-circus/build/run.js:252:3)
    at _runTestsForDescribeBlock (/home/gperry/Documents/GitHub/KNIRV/KNIRV_NETWORK/packages/KNIRVARENA/packages/ts_client_2/node_modules/jest-circus/build/run.js:126:9)
    at _runTestsForDescribeBlock (/home/gperry/Documents/GitHub/KNIRV/KNIRV_NETWORK/packages/KNIRVARENA/packages/ts_client_2/node_modules/jest-circus/build/run.js:121:9)
    at _runTestsForDescribeBlock (/home/gperry/Documents/GitHub/KNIRV/KNIRV_NETWORK/packages/KNIRVARENA/packages/ts_client_2/node_modules/jest-circus/build/run.js:121:9)
    at run (/home/gperry/Documents/GitHub/KNIRV/KNIRV_NETWORK/packages/KNIRVARENA/packages/ts_client_2/node_modules/jest-circus/build/run.js:71:3)
    at runAndTransformResultsToJestFormat (/home/gperry/Documents/GitHub/KNIRV/KNIRV_NETWORK/packages/KNIRVARENA/packages/ts_client_2/node_modules/jest-circus/build/legacy-code-todo-rewrite/jestAdapterInit.js:122:21)
    at jestAdapter (/home/gperry/Documents/GitHub/KNIRV/KNIRV_NETWORK/packages/KNIRVARENA/packages/ts_client_2/node_modules/jest-circus/build/legacy-code-todo-rewrite/jestAdapter.js:79:19)
    at runTestInternal (/home/gperry/Documents/GitHub/KNIRV/KNIRV_NETWORK/packages/KNIRVARENA/packages/ts_client_2/node_modules/jest-runner/build/runTest.js:367:16)
    at runTest (/home/gperry/Documents/GitHub/KNIRV/KNIRV_NETWORK/packages/KNIRVARENA/packages/ts_client_2/node_modules/jest-runner/build/runTest.js:444:34)</failure>
      <failure>Error: Should not already be working.
    at performConcurrentWorkOnRoot (/home/gperry/Documents/GitHub/KNIRV/KNIRV_NETWORK/packages/KNIRVARENA/packages/ts_client_2/node_modules/react-dom/cjs/react-dom.development.js:25703:11)
    at flushActQueue (/home/gperry/Documents/GitHub/KNIRV/KNIRV_NETWORK/packages/KNIRVARENA/packages/ts_client_2/node_modules/react/cjs/react.development.js:2667:24)
    at act (/home/gperry/Documents/GitHub/KNIRV/KNIRV_NETWORK/packages/KNIRVARENA/packages/ts_client_2/node_modules/react/cjs/react.development.js:2582:11)
    at /home/gperry/Documents/GitHub/KNIRV/KNIRV_NETWORK/packages/KNIRVARENA/packages/ts_client_2/node_modules/@testing-library/react/dist/act-compat.js:47:25
    at /home/gperry/Documents/GitHub/KNIRV/KNIRV_NETWORK/packages/KNIRVARENA/packages/ts_client_2/node_modules/@testing-library/react/dist/pure.js:285:28
    at Array.forEach (&lt;anonymous&gt;)
    at cleanup (/home/gperry/Documents/GitHub/KNIRV/KNIRV_NETWORK/packages/KNIRVARENA/packages/ts_client_2/node_modules/@testing-library/react/dist/pure.js:281:22)
    at Object.&lt;anonymous&gt; (/home/gperry/Documents/GitHub/KNIRV/KNIRV_NETWORK/packages/KNIRVARENA/packages/ts_client_2/node_modules/@testing-library/react/dist/index.js:28:25)
    at Promise.then.completed (/home/gperry/Documents/GitHub/KNIRV/KNIRV_NETWORK/packages/KNIRVARENA/packages/ts_client_2/node_modules/jest-circus/build/utils.js:298:28)
    at new Promise (&lt;anonymous&gt;)
    at callAsyncCircusFn (/home/gperry/Documents/GitHub/KNIRV/KNIRV_NETWORK/packages/KNIRVARENA/packages/ts_client_2/node_modules/jest-circus/build/utils.js:231:10)
    at _callCircusHook (/home/gperry/Documents/GitHub/KNIRV/KNIRV_NETWORK/packages/KNIRVARENA/packages/ts_client_2/node_modules/jest-circus/build/run.js:281:40)
    at _runTest (/home/gperry/Documents/GitHub/KNIRV/KNIRV_NETWORK/packages/KNIRVARENA/packages/ts_client_2/node_modules/jest-circus/build/run.js:254:5)
    at _runTestsForDescribeBlock (/home/gperry/Documents/GitHub/KNIRV/KNIRV_NETWORK/packages/KNIRVARENA/packages/ts_client_2/node_modules/jest-circus/build/run.js:126:9)
    at _runTestsForDescribeBlock (/home/gperry/Documents/GitHub/KNIRV/KNIRV_NETWORK/packages/KNIRVARENA/packages/ts_client_2/node_modules/jest-circus/build/run.js:121:9)
    at _runTestsForDescribeBlock (/home/gperry/Documents/GitHub/KNIRV/KNIRV_NETWORK/packages/KNIRVARENA/packages/ts_client_2/node_modules/jest-circus/build/run.js:121:9)
    at run (/home/gperry/Documents/GitHub/KNIRV/KNIRV_NETWORK/packages/KNIRVARENA/packages/ts_client_2/node_modules/jest-circus/build/run.js:71:3)
    at runAndTransformResultsToJestFormat (/home/gperry/Documents/GitHub/KNIRV/KNIRV_NETWORK/packages/KNIRVARENA/packages/ts_client_2/node_modules/jest-circus/build/legacy-code-todo-rewrite/jestAdapterInit.js:122:21)
    at jestAdapter (/home/gperry/Documents/GitHub/KNIRV/KNIRV_NETWORK/packages/KNIRVARENA/packages/ts_client_2/node_modules/jest-circus/build/legacy-code-todo-rewrite/jestAdapter.js:79:19)
    at runTestInternal (/home/gperry/Documents/GitHub/KNIRV/KNIRV_NETWORK/packages/KNIRVARENA/packages/ts_client_2/node_modules/jest-runner/build/runTest.js:367:16)
    at runTest (/home/gperry/Documents/GitHub/KNIRV/KNIRV_NETWORK/packages/KNIRVARENA/packages/ts_client_2/node_modules/jest-runner/build/runTest.js:444:34)</failure>
    </testcase>
    <testcase classname="UDCManager UDC List Display should display authority level badges correctly" name="UDCManager UDC List Display should display authority level badges correctly" time="0.015">
      <failure>Error: Should not already be working.
    at performConcurrentWorkOnRoot (/home/gperry/Documents/GitHub/KNIRV/KNIRV_NETWORK/packages/KNIRVARENA/packages/ts_client_2/node_modules/react-dom/cjs/react-dom.development.js:25703:11)
    at flushActQueue (/home/gperry/Documents/GitHub/KNIRV/KNIRV_NETWORK/packages/KNIRVARENA/packages/ts_client_2/node_modules/react/cjs/react.development.js:2667:24)
    at act (/home/gperry/Documents/GitHub/KNIRV/KNIRV_NETWORK/packages/KNIRVARENA/packages/ts_client_2/node_modules/react/cjs/react.development.js:2582:11)
    at /home/gperry/Documents/GitHub/KNIRV/KNIRV_NETWORK/packages/KNIRVARENA/packages/ts_client_2/node_modules/@testing-library/react/dist/act-compat.js:47:25
    at renderRoot (/home/gperry/Documents/GitHub/KNIRV/KNIRV_NETWORK/packages/KNIRVARENA/packages/ts_client_2/node_modules/@testing-library/react/dist/pure.js:180:26)
    at render (/home/gperry/Documents/GitHub/KNIRV/KNIRV_NETWORK/packages/KNIRVARENA/packages/ts_client_2/node_modules/@testing-library/react/dist/pure.js:271:10)
    at Object.&lt;anonymous&gt; (/home/gperry/Documents/GitHub/KNIRV/KNIRV_NETWORK/packages/KNIRVARENA/packages/ts_client_2/tests/unit/components/UDCManager.test.tsx:215:35)
    at Promise.then.completed (/home/gperry/Documents/GitHub/KNIRV/KNIRV_NETWORK/packages/KNIRVARENA/packages/ts_client_2/node_modules/jest-circus/build/utils.js:298:28)
    at new Promise (&lt;anonymous&gt;)
    at callAsyncCircusFn (/home/gperry/Documents/GitHub/KNIRV/KNIRV_NETWORK/packages/KNIRVARENA/packages/ts_client_2/node_modules/jest-circus/build/utils.js:231:10)
    at _callCircusTest (/home/gperry/Documents/GitHub/KNIRV/KNIRV_NETWORK/packages/KNIRVARENA/packages/ts_client_2/node_modules/jest-circus/build/run.js:316:40)
    at _runTest (/home/gperry/Documents/GitHub/KNIRV/KNIRV_NETWORK/packages/KNIRVARENA/packages/ts_client_2/node_modules/jest-circus/build/run.js:252:3)
    at _runTestsForDescribeBlock (/home/gperry/Documents/GitHub/KNIRV/KNIRV_NETWORK/packages/KNIRVARENA/packages/ts_client_2/node_modules/jest-circus/build/run.js:126:9)
    at _runTestsForDescribeBlock (/home/gperry/Documents/GitHub/KNIRV/KNIRV_NETWORK/packages/KNIRVARENA/packages/ts_client_2/node_modules/jest-circus/build/run.js:121:9)
    at _runTestsForDescribeBlock (/home/gperry/Documents/GitHub/KNIRV/KNIRV_NETWORK/packages/KNIRVARENA/packages/ts_client_2/node_modules/jest-circus/build/run.js:121:9)
    at run (/home/gperry/Documents/GitHub/KNIRV/KNIRV_NETWORK/packages/KNIRVARENA/packages/ts_client_2/node_modules/jest-circus/build/run.js:71:3)
    at runAndTransformResultsToJestFormat (/home/gperry/Documents/GitHub/KNIRV/KNIRV_NETWORK/packages/KNIRVARENA/packages/ts_client_2/node_modules/jest-circus/build/legacy-code-todo-rewrite/jestAdapterInit.js:122:21)
    at jestAdapter (/home/gperry/Documents/GitHub/KNIRV/KNIRV_NETWORK/packages/KNIRVARENA/packages/ts_client_2/node_modules/jest-circus/build/legacy-code-todo-rewrite/jestAdapter.js:79:19)
    at runTestInternal (/home/gperry/Documents/GitHub/KNIRV/KNIRV_NETWORK/packages/KNIRVARENA/packages/ts_client_2/node_modules/jest-runner/build/runTest.js:367:16)
    at runTest (/home/gperry/Documents/GitHub/KNIRV/KNIRV_NETWORK/packages/KNIRVARENA/packages/ts_client_2/node_modules/jest-runner/build/runTest.js:444:34)</failure>
      <failure>Error: Should not already be working.
    at performConcurrentWorkOnRoot (/home/gperry/Documents/GitHub/KNIRV/KNIRV_NETWORK/packages/KNIRVARENA/packages/ts_client_2/node_modules/react-dom/cjs/react-dom.development.js:25703:11)
    at flushActQueue (/home/gperry/Documents/GitHub/KNIRV/KNIRV_NETWORK/packages/KNIRVARENA/packages/ts_client_2/node_modules/react/cjs/react.development.js:2667:24)
    at act (/home/gperry/Documents/GitHub/KNIRV/KNIRV_NETWORK/packages/KNIRVARENA/packages/ts_client_2/node_modules/react/cjs/react.development.js:2582:11)
    at /home/gperry/Documents/GitHub/KNIRV/KNIRV_NETWORK/packages/KNIRVARENA/packages/ts_client_2/node_modules/@testing-library/react/dist/act-compat.js:47:25
    at /home/gperry/Documents/GitHub/KNIRV/KNIRV_NETWORK/packages/KNIRVARENA/packages/ts_client_2/node_modules/@testing-library/react/dist/pure.js:285:28
    at Array.forEach (&lt;anonymous&gt;)
    at cleanup (/home/gperry/Documents/GitHub/KNIRV/KNIRV_NETWORK/packages/KNIRVARENA/packages/ts_client_2/node_modules/@testing-library/react/dist/pure.js:281:22)
    at Object.&lt;anonymous&gt; (/home/gperry/Documents/GitHub/KNIRV/KNIRV_NETWORK/packages/KNIRVARENA/packages/ts_client_2/node_modules/@testing-library/react/dist/index.js:28:25)
    at Promise.then.completed (/home/gperry/Documents/GitHub/KNIRV/KNIRV_NETWORK/packages/KNIRVARENA/packages/ts_client_2/node_modules/jest-circus/build/utils.js:298:28)
    at new Promise (&lt;anonymous&gt;)
    at callAsyncCircusFn (/home/gperry/Documents/GitHub/KNIRV/KNIRV_NETWORK/packages/KNIRVARENA/packages/ts_client_2/node_modules/jest-circus/build/utils.js:231:10)
    at _callCircusHook (/home/gperry/Documents/GitHub/KNIRV/KNIRV_NETWORK/packages/KNIRVARENA/packages/ts_client_2/node_modules/jest-circus/build/run.js:281:40)
    at _runTest (/home/gperry/Documents/GitHub/KNIRV/KNIRV_NETWORK/packages/KNIRVARENA/packages/ts_client_2/node_modules/jest-circus/build/run.js:254:5)
    at _runTestsForDescribeBlock (/home/gperry/Documents/GitHub/KNIRV/KNIRV_NETWORK/packages/KNIRVARENA/packages/ts_client_2/node_modules/jest-circus/build/run.js:126:9)
    at _runTestsForDescribeBlock (/home/gperry/Documents/GitHub/KNIRV/KNIRV_NETWORK/packages/KNIRVARENA/packages/ts_client_2/node_modules/jest-circus/build/run.js:121:9)
    at _runTestsForDescribeBlock (/home/gperry/Documents/GitHub/KNIRV/KNIRV_NETWORK/packages/KNIRVARENA/packages/ts_client_2/node_modules/jest-circus/build/run.js:121:9)
    at run (/home/gperry/Documents/GitHub/KNIRV/KNIRV_NETWORK/packages/KNIRVARENA/packages/ts_client_2/node_modules/jest-circus/build/run.js:71:3)
    at runAndTransformResultsToJestFormat (/home/gperry/Documents/GitHub/KNIRV/KNIRV_NETWORK/packages/KNIRVARENA/packages/ts_client_2/node_modules/jest-circus/build/legacy-code-todo-rewrite/jestAdapterInit.js:122:21)
    at jestAdapter (/home/gperry/Documents/GitHub/KNIRV/KNIRV_NETWORK/packages/KNIRVARENA/packages/ts_client_2/node_modules/jest-circus/build/legacy-code-todo-rewrite/jestAdapter.js:79:19)
    at runTestInternal (/home/gperry/Documents/GitHub/KNIRV/KNIRV_NETWORK/packages/KNIRVARENA/packages/ts_client_2/node_modules/jest-runner/build/runTest.js:367:16)
    at runTest (/home/gperry/Documents/GitHub/KNIRV/KNIRV_NETWORK/packages/KNIRVARENA/packages/ts_client_2/node_modules/jest-runner/build/runTest.js:444:34)</failure>
    </testcase>
    <testcase classname="UDCManager UDC List Display should display UDC metadata" name="UDCManager UDC List Display should display UDC metadata" time="0.013">
      <failure>Error: Should not already be working.
    at performConcurrentWorkOnRoot (/home/gperry/Documents/GitHub/KNIRV/KNIRV_NETWORK/packages/KNIRVARENA/packages/ts_client_2/node_modules/react-dom/cjs/react-dom.development.js:25703:11)
    at flushActQueue (/home/gperry/Documents/GitHub/KNIRV/KNIRV_NETWORK/packages/KNIRVARENA/packages/ts_client_2/node_modules/react/cjs/react.development.js:2667:24)
    at act (/home/gperry/Documents/GitHub/KNIRV/KNIRV_NETWORK/packages/KNIRVARENA/packages/ts_client_2/node_modules/react/cjs/react.development.js:2582:11)
    at /home/gperry/Documents/GitHub/KNIRV/KNIRV_NETWORK/packages/KNIRVARENA/packages/ts_client_2/node_modules/@testing-library/react/dist/act-compat.js:47:25
    at renderRoot (/home/gperry/Documents/GitHub/KNIRV/KNIRV_NETWORK/packages/KNIRVARENA/packages/ts_client_2/node_modules/@testing-library/react/dist/pure.js:180:26)
    at render (/home/gperry/Documents/GitHub/KNIRV/KNIRV_NETWORK/packages/KNIRVARENA/packages/ts_client_2/node_modules/@testing-library/react/dist/pure.js:271:10)
    at Object.&lt;anonymous&gt; (/home/gperry/Documents/GitHub/KNIRV/KNIRV_NETWORK/packages/KNIRVARENA/packages/ts_client_2/tests/unit/components/UDCManager.test.tsx:224:35)
    at Promise.then.completed (/home/gperry/Documents/GitHub/KNIRV/KNIRV_NETWORK/packages/KNIRVARENA/packages/ts_client_2/node_modules/jest-circus/build/utils.js:298:28)
    at new Promise (&lt;anonymous&gt;)
    at callAsyncCircusFn (/home/gperry/Documents/GitHub/KNIRV/KNIRV_NETWORK/packages/KNIRVARENA/packages/ts_client_2/node_modules/jest-circus/build/utils.js:231:10)
    at _callCircusTest (/home/gperry/Documents/GitHub/KNIRV/KNIRV_NETWORK/packages/KNIRVARENA/packages/ts_client_2/node_modules/jest-circus/build/run.js:316:40)
    at _runTest (/home/gperry/Documents/GitHub/KNIRV/KNIRV_NETWORK/packages/KNIRVARENA/packages/ts_client_2/node_modules/jest-circus/build/run.js:252:3)
    at _runTestsForDescribeBlock (/home/gperry/Documents/GitHub/KNIRV/KNIRV_NETWORK/packages/KNIRVARENA/packages/ts_client_2/node_modules/jest-circus/build/run.js:126:9)
    at _runTestsForDescribeBlock (/home/gperry/Documents/GitHub/KNIRV/KNIRV_NETWORK/packages/KNIRVARENA/packages/ts_client_2/node_modules/jest-circus/build/run.js:121:9)
    at _runTestsForDescribeBlock (/home/gperry/Documents/GitHub/KNIRV/KNIRV_NETWORK/packages/KNIRVARENA/packages/ts_client_2/node_modules/jest-circus/build/run.js:121:9)
    at run (/home/gperry/Documents/GitHub/KNIRV/KNIRV_NETWORK/packages/KNIRVARENA/packages/ts_client_2/node_modules/jest-circus/build/run.js:71:3)
    at runAndTransformResultsToJestFormat (/home/gperry/Documents/GitHub/KNIRV/KNIRV_NETWORK/packages/KNIRVARENA/packages/ts_client_2/node_modules/jest-circus/build/legacy-code-todo-rewrite/jestAdapterInit.js:122:21)
    at jestAdapter (/home/gperry/Documents/GitHub/KNIRV/KNIRV_NETWORK/packages/KNIRVARENA/packages/ts_client_2/node_modules/jest-circus/build/legacy-code-todo-rewrite/jestAdapter.js:79:19)
    at runTestInternal (/home/gperry/Documents/GitHub/KNIRV/KNIRV_NETWORK/packages/KNIRVARENA/packages/ts_client_2/node_modules/jest-runner/build/runTest.js:367:16)
    at runTest (/home/gperry/Documents/GitHub/KNIRV/KNIRV_NETWORK/packages/KNIRVARENA/packages/ts_client_2/node_modules/jest-runner/build/runTest.js:444:34)</failure>
      <failure>Error: Should not already be working.
    at performConcurrentWorkOnRoot (/home/gperry/Documents/GitHub/KNIRV/KNIRV_NETWORK/packages/KNIRVARENA/packages/ts_client_2/node_modules/react-dom/cjs/react-dom.development.js:25703:11)
    at flushActQueue (/home/gperry/Documents/GitHub/KNIRV/KNIRV_NETWORK/packages/KNIRVARENA/packages/ts_client_2/node_modules/react/cjs/react.development.js:2667:24)
    at act (/home/gperry/Documents/GitHub/KNIRV/KNIRV_NETWORK/packages/KNIRVARENA/packages/ts_client_2/node_modules/react/cjs/react.development.js:2582:11)
    at /home/gperry/Documents/GitHub/KNIRV/KNIRV_NETWORK/packages/KNIRVARENA/packages/ts_client_2/node_modules/@testing-library/react/dist/act-compat.js:47:25
[...]
    at runTestInternal (/home/gperry/Documents/GitHub/KNIRV/KNIRV_NETWORK/packages/KNIRVARENA/packages/ts_client_2/node_modules/jest-runner/build/runTest.js:367:16)
    at runTest (/home/gperry/Documents/GitHub/KNIRV/KNIRV_NETWORK/packages/KNIRVARENA/packages/ts_client_2/node_modules/jest-runner/build/runTest.js:444:34)</failure>
    </testcase>
  </testsuite>
  <testsuite name="SabotageEngine" errors="0" failures="0" skipped="0" timestamp="2026-03-31T18:08:32" time="0.292" tests="4">
    <testcase classname="SabotageEngine applyEffect should apply noise injection effect" name="SabotageEngine applyEffect should apply noise injection effect" time="0.008">
    </testcase>
    <testcase classname="SabotageEngine applyEffect should apply backprop pulse effect" name="SabotageEngine applyEffect should apply backprop pulse effect" time="0.017">
    </testcase>
    <testcase classname="SabotageEngine applyEffect should apply gradient ghosting effect" name="SabotageEngine applyEffect should apply gradient ghosting effect" time="0.011">
    </testcase>
    <testcase classname="SabotageEngine applyEffect should apply effect with magnitude" name="SabotageEngine applyEffect should apply effect with magnitude" time="0.011">
    </testcase>
  </testsuite>
  <testsuite name="LoraxClient" errors="0" failures="0" skipped="0" timestamp="2026-03-31T18:08:33" time="0.268" tests="2">
    <testcase classname="LoraxClient fineTune should call LoRAX API to fine-tune" name="LoraxClient fineTune should call LoRAX API to fine-tune" time="0.013">
    </testcase>
    <testcase classname="LoraxClient commitToMainSlot should commit adapter to main slot" name="LoraxClient commitToMainSlot should commit adapter to main slot" time="0.007">
    </testcase>
  </testsuite>
  <testsuite name="Debug React Test" errors="0" failures="1" skipped="0" timestamp="2026-03-31T18:08:33" time="0.217" tests="1">
    <testcase classname="Debug React Test should render a minimal React component" name="Debug React Test should render a minimal React component" time="0.008">
      <failure>TypeError: Right-hand side of &apos;instanceof&apos; is not an object
    at getActiveElementDeep (/home/gperry/Documents/GitHub/KNIRV/KNIRV_NETWORK/packages/KNIRVARENA/packages/ts_client_2/node_modules/react-dom/cjs/react-dom.development.js:8445:18)
    at getSelectionInformation (/home/gperry/Documents/GitHub/KNIRV/KNIRV_NETWORK/packages/KNIRVARENA/packages/ts_client_2/node_modules/react-dom/cjs/react-dom.development.js:8476:21)
    at prepareForCommit (/home/gperry/Documents/GitHub/KNIRV/KNIRV_NETWORK/packages/KNIRVARENA/packages/ts_client_2/node_modules/react-dom/cjs/react-dom.development.js:10912:26)
    at commitBeforeMutationEffects (/home/gperry/Documents/GitHub/KNIRV/KNIRV_NETWORK/packages/KNIRVARENA/packages/ts_client_2/node_modules/react-dom/cjs/react-dom.development.js:22941:27)
    at commitRootImpl (/home/gperry/Documents/GitHub/KNIRV/KNIRV_NETWORK/packages/KNIRVARENA/packages/ts_client_2/node_modules/react-dom/cjs/react-dom.development.js:26801:45)
    at commitRoot (/home/gperry/Documents/GitHub/KNIRV/KNIRV_NETWORK/packages/KNIRVARENA/packages/ts_client_2/node_modules/react-dom/cjs/react-dom.development.js:26682:5)
    at finishConcurrentRender (/home/gperry/Documents/GitHub/KNIRV/KNIRV_NETWORK/packages/KNIRVARENA/packages/ts_client_2/node_modules/react-dom/cjs/react-dom.development.js:25981:9)
    at performConcurrentWorkOnRoot (/home/gperry/Documents/GitHub/KNIRV/KNIRV_NETWORK/packages/KNIRVARENA/packages/ts_client_2/node_modules/react-dom/cjs/react-dom.development.js:25809:7)
    at flushActQueue (/home/gperry/Documents/GitHub/KNIRV/KNIRV_NETWORK/packages/KNIRVARENA/packages/ts_client_2/node_modules/react/cjs/react.development.js:2667:24)
    at act (/home/gperry/Documents/GitHub/KNIRV/KNIRV_NETWORK/packages/KNIRVARENA/packages/ts_client_2/node_modules/react/cjs/react.development.js:2582:11)
    at /home/gperry/Documents/GitHub/KNIRV/KNIRV_NETWORK/packages/KNIRVARENA/packages/ts_client_2/node_modules/@testing-library/react/dist/act-compat.js:47:25
    at renderRoot (/home/gperry/Documents/GitHub/KNIRV/KNIRV_NETWORK/packages/KNIRVARENA/packages/ts_client_2/node_modules/@testing-library/react/dist/pure.js:180:26)
    at render (/home/gperry/Documents/GitHub/KNIRV/KNIRV_NETWORK/packages/KNIRVARENA/packages/ts_client_2/node_modules/@testing-library/react/dist/pure.js:271:10)
    at Object.&lt;anonymous&gt; (/home/gperry/Documents/GitHub/KNIRV/KNIRV_NETWORK/packages/KNIRVARENA/packages/ts_client_2/tests/unit/components/DebugReactTest.test.tsx:17:33)
    at Promise.then.completed (/home/gperry/Documents/GitHub/KNIRV/KNIRV_NETWORK/packages/KNIRVARENA/packages/ts_client_2/node_modules/jest-circus/build/utils.js:298:28)
    at new Promise (&lt;anonymous&gt;)
    at callAsyncCircusFn (/home/gperry/Documents/GitHub/KNIRV/KNIRV_NETWORK/packages/KNIRVARENA/packages/ts_client_2/node_modules/jest-circus/build/utils.js:231:10)
    at _callCircusTest (/home/gperry/Documents/GitHub/KNIRV/KNIRV_NETWORK/packages/KNIRVARENA/packages/ts_client_2/node_modules/jest-circus/build/run.js:316:40)
    at _runTest (/home/gperry/Documents/GitHub/KNIRV/KNIRV_NETWORK/packages/KNIRVARENA/packages/ts_client_2/node_modules/jest-circus/build/run.js:252:3)
    at _runTestsForDescribeBlock (/home/gperry/Documents/GitHub/KNIRV/KNIRV_NETWORK/packages/KNIRVARENA/packages/ts_client_2/node_modules/jest-circus/build/run.js:126:9)
    at _runTestsForDescribeBlock (/home/gperry/Documents/GitHub/KNIRV/KNIRV_NETWORK/packages/KNIRVARENA/packages/ts_client_2/node_modules/jest-circus/build/run.js:121:9)
    at run (/home/gperry/Documents/GitHub/KNIRV/KNIRV_NETWORK/packages/KNIRVARENA/packages/ts_client_2/node_modules/jest-circus/build/run.js:71:3)
    at runAndTransformResultsToJestFormat (/home/gperry/Documents/GitHub/KNIRV/KNIRV_NETWORK/packages/KNIRVARENA/packages/ts_client_2/node_modules/jest-circus/build/legacy-code-todo-rewrite/jestAdapterInit.js:122:21)
    at jestAdapter (/home/gperry/Documents/GitHub/KNIRV/KNIRV_NETWORK/packages/KNIRVARENA/packages/ts_client_2/node_modules/jest-circus/build/legacy-code-todo-rewrite/jestAdapter.js:79:19)
    at runTestInternal (/home/gperry/Documents/GitHub/KNIRV/KNIRV_NETWORK/packages/KNIRVARENA/packages/ts_client_2/node_modules/jest-runner/build/runTest.js:367:16)
    at runTest (/home/gperry/Documents/GitHub/KNIRV/KNIRV_NETWORK/packages/KNIRVARENA/packages/ts_client_2/node_modules/jest-runner/build/runTest.js:444:34)</failure>
      <failure>Error: Should not already be working.
    at performConcurrentWorkOnRoot (/home/gperry/Documents/GitHub/KNIRV/KNIRV_NETWORK/packages/KNIRVARENA/packages/ts_client_2/node_modules/react-dom/cjs/react-dom.development.js:25703:11)
    at flushActQueue (/home/gperry/Documents/GitHub/KNIRV/KNIRV_NETWORK/packages/KNIRVARENA/packages/ts_client_2/node_modules/react/cjs/react.development.js:2667:24)
    at act (/home/gperry/Documents/GitHub/KNIRV/KNIRV_NETWORK/packages/KNIRVARENA/packages/ts_client_2/node_modules/react/cjs/react.development.js:2582:11)
    at /home/gperry/Documents/GitHub/KNIRV/KNIRV_NETWORK/packages/KNIRVARENA/packages/ts_client_2/node_modules/@testing-library/react/dist/act-compat.js:47:25
    at /home/gperry/Documents/GitHub/KNIRV/KNIRV_NETWORK/packages/KNIRVARENA/packages/ts_client_2/node_modules/@testing-library/react/dist/pure.js:285:28
    at Array.forEach (&lt;anonymous&gt;)
    at cleanup (/home/gperry/Documents/GitHub/KNIRV/KNIRV_NETWORK/packages/KNIRVARENA/packages/ts_client_2/node_modules/@testing-library/react/dist/pure.js:281:22)
    at Object.&lt;anonymous&gt; (/home/gperry/Documents/GitHub/KNIRV/KNIRV_NETWORK/packages/KNIRVARENA/packages/ts_client_2/node_modules/@testing-library/react/dist/index.js:28:25)
    at Promise.then.completed (/home/gperry/Documents/GitHub/KNIRV/KNIRV_NETWORK/packages/KNIRVARENA/packages/ts_client_2/node_modules/jest-circus/build/utils.js:298:28)
    at new Promise (&lt;anonymous&gt;)
    at callAsyncCircusFn (/home/gperry/Documents/GitHub/KNIRV/KNIRV_NETWORK/packages/KNIRVARENA/packages/ts_client_2/node_modules/jest-circus/build/utils.js:231:10)
    at _callCircusHook (/home/gperry/Documents/GitHub/KNIRV/KNIRV_NETWORK/packages/KNIRVARENA/packages/ts_client_2/node_modules/jest-circus/build/run.js:281:40)
    at _runTest (/home/gperry/Documents/GitHub/KNIRV/KNIRV_NETWORK/packages/KNIRVARENA/packages/ts_client_2/node_modules/jest-circus/build/run.js:254:5)
    at _runTestsForDescribeBlock (/home/gperry/Documents/GitHub/KNIRV/KNIRV_NETWORK/packages/KNIRVARENA/packages/ts_client_2/node_modules/jest-circus/build/run.js:126:9)
    at _runTestsForDescribeBlock (/home/gperry/Documents/GitHub/KNIRV/KNIRV_NETWORK/packages/KNIRVARENA/packages/ts_client_2/node_modules/jest-circus/build/run.js:121:9)
    at run (/home/gperry/Documents/GitHub/KNIRV/KNIRV_NETWORK/packages/KNIRVARENA/packages/ts_client_2/node_modules/jest-circus/build/run.js:71:3)
    at runAndTransformResultsToJestFormat (/home/gperry/Documents/GitHub/KNIRV/KNIRV_NETWORK/packages/KNIRVARENA/packages/ts_client_2/node_modules/jest-circus/build/legacy-code-todo-rewrite/jestAdapterInit.js:122:21)
    at jestAdapter (/home/gperry/Documents/GitHub/KNIRV/KNIRV_NETWORK/packages/KNIRVARENA/packages/ts_client_2/node_modules/jest-circus/build/legacy-code-todo-rewrite/jestAdapter.js:79:19)
    at runTestInternal (/home/gperry/Documents/GitHub/KNIRV/KNIRV_NETWORK/packages/KNIRVARENA/packages/ts_client_2/node_modules/jest-runner/build/runTest.js:367:16)
    at runTest (/home/gperry/Documents/GitHub/KNIRV/KNIRV_NETWORK/packages/KNIRVARENA/packages/ts_client_2/node_modules/jest-runner/build/runTest.js:444:34)</failure>
    </testcase>
  </testsuite>
  <testsuite name="Simple TypeScript Test" errors="0" failures="0" skipped="0" timestamp="2026-03-31T18:08:33" time="0.179" tests="2">
    <testcase classname="Simple TypeScript Test should handle TypeScript syntax" name="Simple TypeScript Test should handle TypeScript syntax" time="0.012">
    </testcase>
    <testcase classname="Simple TypeScript Test should work with interfaces" name="Simple TypeScript Test should work with interfaces" time="0.006">
    </testcase>
  </testsuite>
  <testsuite name="Simple Jest Test" errors="0" failures="0" skipped="0" timestamp="2026-03-31T18:08:33" time="0.274" tests="3">
    <testcase classname="Simple Jest Test should pass basic test" name="Simple Jest Test should pass basic test" time="0.019">
    </testcase>
    <testcase classname="Simple Jest Test should handle async operations" name="Simple Jest Test should handle async operations" time="0.053">
    </testcase>
    <testcase classname="Simple Jest Test should work with objects" name="Simple Jest Test should work with objects" time="0.009">
    </testcase>
  </testsuite>
  <testsuite name="Simple Test" errors="0" failures="1" skipped="0" timestamp="2026-03-31T18:08:34" time="0.303" tests="1">
    <testcase classname="Simple Test should render a simple component" name="Simple Test should render a simple component" time="0.016">
      <failure>TypeError: Right-hand side of &apos;instanceof&apos; is not an object
    at getActiveElementDeep (/home/gperry/Documents/GitHub/KNIRV/KNIRV_NETWORK/packages/KNIRVARENA/packages/ts_client_2/node_modules/react-dom/cjs/react-dom.development.js:8445:18)
    at getSelectionInformation (/home/gperry/Documents/GitHub/KNIRV/KNIRV_NETWORK/packages/KNIRVARENA/packages/ts_client_2/node_modules/react-dom/cjs/react-dom.development.js:8476:21)
    at prepareForCommit (/home/gperry/Documents/GitHub/KNIRV/KNIRV_NETWORK/packages/KNIRVARENA/packages/ts_client_2/node_modules/react-dom/cjs/react-dom.development.js:10912:26)
    at commitBeforeMutationEffects (/home/gperry/Documents/GitHub/KNIRV/KNIRV_NETWORK/packages/KNIRVARENA/packages/ts_client_2/node_modules/react-dom/cjs/react-dom.development.js:22941:27)
    at commitRootImpl (/home/gperry/Documents/GitHub/KNIRV/KNIRV_NETWORK/packages/KNIRVARENA/packages/ts_client_2/node_modules/react-dom/cjs/react-dom.development.js:26801:45)
    at commitRoot (/home/gperry/Documents/GitHub/KNIRV/KNIRV_NETWORK/packages/KNIRVARENA/packages/ts_client_2/node_modules/react-dom/cjs/react-dom.development.js:26682:5)
    at finishConcurrentRender (/home/gperry/Documents/GitHub/KNIRV/KNIRV_NETWORK/packages/KNIRVARENA/packages/ts_client_2/node_modules/react-dom/cjs/react-dom.development.js:25981:9)
    at performConcurrentWorkOnRoot (/home/gperry/Documents/GitHub/KNIRV/KNIRV_NETWORK/packages/KNIRVARENA/packages/ts_client_2/node_modules/react-dom/cjs/react-dom.development.js:25809:7)
    at flushActQueue (/home/gperry/Documents/GitHub/KNIRV/KNIRV_NETWORK/packages/KNIRVARENA/packages/ts_client_2/node_modules/react/cjs/react.development.js:2667:24)
    at act (/home/gperry/Documents/GitHub/KNIRV/KNIRV_NETWORK/packages/KNIRVARENA/packages/ts_client_2/node_modules/react/cjs/react.development.js:2582:11)
    at /home/gperry/Documents/GitHub/KNIRV/KNIRV_NETWORK/packages/KNIRVARENA/packages/ts_client_2/node_modules/@testing-library/react/dist/act-compat.js:47:25
    at renderRoot (/home/gperry/Documents/GitHub/KNIRV/KNIRV_NETWORK/packages/KNIRVARENA/packages/ts_client_2/node_modules/@testing-library/react/dist/pure.js:180:26)
    at render (/home/gperry/Documents/GitHub/KNIRV/KNIRV_NETWORK/packages/KNIRVARENA/packages/ts_client_2/node_modules/@testing-library/react/dist/pure.js:271:10)
    at Object.&lt;anonymous&gt; (/home/gperry/Documents/GitHub/KNIRV/KNIRV_NETWORK/packages/KNIRVARENA/packages/ts_client_2/tests/unit/components/SimpleTest.test.tsx:12:11)
    at Promise.then.completed (/home/gperry/Documents/GitHub/KNIRV/KNIRV_NETWORK/packages/KNIRVARENA/packages/ts_client_2/node_modules/jest-circus/build/utils.js:298:28)
    at new Promise (&lt;anonymous&gt;)
    at callAsyncCircusFn (/home/gperry/Documents/GitHub/KNIRV/KNIRV_NETWORK/packages/KNIRVARENA/packages/ts_client_2/node_modules/jest-circus/build/utils.js:231:10)
    at _callCircusTest (/home/gperry/Documents/GitHub/KNIRV/KNIRV_NETWORK/packages/KNIRVARENA/packages/ts_client_2/node_modules/jest-circus/build/run.js:316:40)
    at _runTest (/home/gperry/Documents/GitHub/KNIRV/KNIRV_NETWORK/packages/KNIRVARENA/packages/ts_client_2/node_modules/jest-circus/build/run.js:252:3)
    at _runTestsForDescribeBlock (/home/gperry/Documents/GitHub/KNIRV/KNIRV_NETWORK/packages/KNIRVARENA/packages/ts_client_2/node_modules/jest-circus/build/run.js:126:9)
    at _runTestsForDescribeBlock (/home/gperry/Documents/GitHub/KNIRV/KNIRV_NETWORK/packages/KNIRVARENA/packages/ts_client_2/node_modules/jest-circus/build/run.js:121:9)
    at run (/home/gperry/Documents/GitHub/KNIRV/KNIRV_NETWORK/packages/KNIRVARENA/packages/ts_client_2/node_modules/jest-circus/build/run.js:71:3)
    at runAndTransformResultsToJestFormat (/home/gperry/Documents/GitHub/KNIRV/KNIRV_NETWORK/packages/KNIRVARENA/packages/ts_client_2/node_modules/jest-circus/build/legacy-code-todo-rewrite/jestAdapterInit.js:122:21)
    at jestAdapter (/home/gperry/Documents/GitHub/KNIRV/KNIRV_NETWORK/packages/KNIRVARENA/packages/ts_client_2/node_modules/jest-circus/build/legacy-code-todo-rewrite/jestAdapter.js:79:19)
    at runTestInternal (/home/gperry/Documents/GitHub/KNIRV/KNIRV_NETWORK/packages/KNIRVARENA/packages/ts_client_2/node_modules/jest-runner/build/runTest.js:367:16)
    at runTest (/home/gperry/Documents/GitHub/KNIRV/KNIRV_NETWORK/packages/KNIRVARENA/packages/ts_client_2/node_modules/jest-runner/build/runTest.js:444:34)</failure>
      <failure>Error: Should not already be working.
    at performConcurrentWorkOnRoot (/home/gperry/Documents/GitHub/KNIRV/KNIRV_NETWORK/packages/KNIRVARENA/packages/ts_client_2/node_modules/react-dom/cjs/react-dom.development.js:25703:11)
    at flushActQueue (/home/gperry/Documents/GitHub/KNIRV/KNIRV_NETWORK/packages/KNIRVARENA/packages/ts_client_2/node_modules/react/cjs/react.development.js:2667:24)
    at act (/home/gperry/Documents/GitHub/KNIRV/KNIRV_NETWORK/packages/KNIRVARENA/packages/ts_client_2/node_modules/react/cjs/react.development.js:2582:11)
    at /home/gperry/Documents/GitHub/KNIRV/KNIRV_NETWORK/packages/KNIRVARENA/packages/ts_client_2/node_modules/@testing-library/react/dist/act-compat.js:47:25
    at /home/gperry/Documents/GitHub/KNIRV/KNIRV_NETWORK/packages/KNIRVARENA/packages/ts_client_2/node_modules/@testing-library/react/dist/pure.js:285:28
    at Array.forEach (&lt;anonymous&gt;)
    at cleanup (/home/gperry/Documents/GitHub/KNIRV/KNIRV_NETWORK/packages/KNIRVARENA/packages/ts_client_2/node_modules/@testing-library/react/dist/pure.js:281:22)
    at Object.&lt;anonymous&gt; (/home/gperry/Documents/GitHub/KNIRV/KNIRV_NETWORK/packages/KNIRVARENA/packages/ts_client_2/node_modules/@testing-library/react/dist/index.js:28:25)
    at Promise.then.completed (/home/gperry/Documents/GitHub/KNIRV/KNIRV_NETWORK/packages/KNIRVARENA/packages/ts_client_2/node_modules/jest-circus/build/utils.js:298:28)
    at new Promise (&lt;anonymous&gt;)
    at callAsyncCircusFn (/home/gperry/Documents/GitHub/KNIRV/KNIRV_NETWORK/packages/KNIRVARENA/packages/ts_client_2/node_modules/jest-circus/build/utils.js:231:10)
    at _callCircusHook (/home/gperry/Documents/GitHub/KNIRV/KNIRV_NETWORK/packages/KNIRVARENA/packages/ts_client_2/node_modules/jest-circus/build/run.js:281:40)
    at _runTest (/home/gperry/Documents/GitHub/KNIRV/KNIRV_NETWORK/packages/KNIRVARENA/packages/ts_client_2/node_modules/jest-circus/build/run.js:254:5)
    at _runTestsForDescribeBlock (/home/gperry/Documents/GitHub/KNIRV/KNIRV_NETWORK/packages/KNIRVARENA/packages/ts_client_2/node_modules/jest-circus/build/run.js:126:9)
    at _runTestsForDescribeBlock (/home/gperry/Documents/GitHub/KNIRV/KNIRV_NETWORK/packages/KNIRVARENA/packages/ts_client_2/node_modules/jest-circus/build/run.js:121:9)
    at run (/home/gperry/Documents/GitHub/KNIRV/KNIRV_NETWORK/packages/KNIRVARENA/packages/ts_client_2/node_modules/jest-circus/build/run.js:71:3)
    at runAndTransformResultsToJestFormat (/home/gperry/Documents/GitHub/KNIRV/KNIRV_NETWORK/packages/KNIRVARENA/packages/ts_client_2/node_modules/jest-circus/build/legacy-code-todo-rewrite/jestAdapterInit.js:122:21)
    at jestAdapter (/home/gperry/Documents/GitHub/KNIRV/KNIRV_NETWORK/packages/KNIRVARENA/packages/ts_client_2/node_modules/jest-circus/build/legacy-code-todo-rewrite/jestAdapter.js:79:19)
    at runTestInternal (/home/gperry/Documents/GitHub/KNIRV/KNIRV_NETWORK/packages/KNIRVARENA/packages/ts_client_2/node_modules/jest-runner/build/runTest.js:367:16)
    at runTest (/home/gperry/Documents/GitHub/KNIRV/KNIRV_NETWORK/packages/KNIRVARENA/packages/ts_client_2/node_modules/jest-runner/build/runTest.js:444:34)</failure>
    </testcase>
  </testsuite>
  <testsuite name="Verifier" errors="0" failures="0" skipped="0" timestamp="2026-03-31T18:08:34" time="0.264" tests="6">
    <testcase classname="Verifier initialization should initialize with correct default weights" name="Verifier initialization should initialize with correct default weights" time="0.019">
    </testcase>
    <testcase classname="Verifier updateWeights should update scoring weights" name="Verifier updateWeights should update scoring weights" time="0.007">
    </testcase>
    <testcase classname="Verifier addConstraint and removeConstraint should add and remove constraints" name="Verifier addConstraint and removeConstraint should add and remove constraints" time="0.006">
    </testcase>
    <testcase classname="Verifier evaluateProposal should evaluate proposal and return score" name="Verifier evaluateProposal should evaluate proposal and return score" time="0.008">
    </testcase>
    <testcase classname="Verifier evaluateProposal should apply constraints" name="Verifier evaluateProposal should apply constraints" time="0.007">
    </testcase>
    <testcase classname="Verifier evaluateProposal should penalize failing constraints" name="Verifier evaluateProposal should penalize failing constraints" time="0.008">
    </testcase>
  </testsuite>
</testsuites>