<?xml version="1.0" encoding="UTF-8"?>
<coverage generated="1768232959052" clover="3.2.0">
  <project timestamp="1768232959053" name="All files">
    <metrics statements="342" coveredstatements="221" conditionals="205" coveredconditionals="125" methods="75" coveredmethods="42" elements="622" coveredelements="388" complexity="0" loc="342" ncloc="342" packages="1" files="7" classes="7"/>
    <file name="client.ts" path="/home/gperry/Documents/GitHub/KNIRV/KNIRV_NETWORK/KNIRVSDK/ts/gateway/src/client.ts">
      <metrics statements="104" coveredstatements="90" conditionals="85" coveredconditionals="71" methods="19" coveredmethods="16"/>
      <line num="5" count="1" type="stmt"/>
      <line num="6" count="1" type="stmt"/>
      <line num="7" count="1" type="stmt"/>
      <line num="8" count="1" type="stmt"/>
      <line num="9" count="1" type="stmt"/>
      <line num="10" count="1" type="stmt"/>
      <line num="22" count="1" type="stmt"/>
      <line num="30" count="33" type="stmt"/>
      <line num="31" count="33" type="stmt"/>
      <line num="35" count="33" type="cond" truecount="3" falsecount="0"/>
      <line num="38" count="33" type="cond" truecount="5" falsecount="0"/>
      <line num="39" count="1" type="stmt"/>
      <line num="42" count="32" type="stmt"/>
      <line num="59" count="32" type="stmt"/>
      <line num="60" count="32" type="stmt"/>
      <line num="61" count="32" type="stmt"/>
      <line num="62" count="32" type="stmt"/>
      <line num="63" count="32" type="stmt"/>
      <line num="68" count="0" type="stmt"/>
      <line num="73" count="0" type="stmt"/>
      <line num="78" count="0" type="stmt"/>
      <line num="85" count="1" type="stmt"/>
      <line num="92" count="1" type="stmt"/>
      <line num="99" count="20" type="stmt"/>
      <line num="102" count="20" type="stmt"/>
      <line num="103" count="1" type="stmt"/>
      <line num="107" count="20" type="stmt"/>
      <line num="108" count="20" type="stmt"/>
      <line num="109" count="23" type="stmt"/>
      <line num="110" count="23" type="stmt"/>
      <line num="112" count="10" type="stmt"/>
      <line num="115" count="10" type="cond" truecount="0" falsecount="1"/>
      <line num="116" count="0" type="stmt"/>
      <line num="120" count="10" type="cond" truecount="4" falsecount="0"/>
      <line num="122" count="3" type="stmt"/>
      <line num="123" count="3" type="stmt"/>
      <line num="127" count="7" type="stmt"/>
      <line num="131" count="0" type="stmt"/>
      <line num="140" count="23" type="cond" truecount="4" falsecount="2"/>
      <line num="145" count="23" type="stmt"/>
      <line num="152" count="23" type="cond" truecount="1" falsecount="0"/>
      <line num="153" count="23" type="stmt"/>
      <line num="157" count="23" type="stmt"/>
      <line num="163" count="23" type="cond" truecount="3" falsecount="0"/>
      <line num="164" count="3" type="stmt"/>
      <line num="168" count="23" type="stmt"/>
      <line num="169" count="23" type="cond" truecount="1" falsecount="0"/>
      <line num="170" count="3" type="stmt"/>
      <line num="171" count="8" type="cond" truecount="3" falsecount="0"/>
      <line num="172" count="6" type="cond" truecount="2" falsecount="0"/>
      <line num="173" count="3" type="stmt"/>
      <line num="175" count="5" type="stmt"/>
      <line num="181" count="23" type="stmt"/>
      <line num="183" count="23" type="stmt"/>
      <line num="184" count="23" type="cond" truecount="2" falsecount="0"/>
      <line num="186" count="23" type="cond" truecount="1" falsecount="0"/>
      <line num="187" count="1" type="stmt"/>
      <line num="190" count="23" type="stmt"/>
      <line num="192" count="23" type="stmt"/>
      <line num="193" count="21" type="stmt"/>
      <line num="196" count="21" type="stmt"/>
      <line num="199" count="19" type="cond" truecount="5" falsecount="1"/>
      <line num="201" count="19" type="stmt"/>
      <line num="202" count="19" type="stmt"/>
      <line num="205" count="0" type="cond" truecount="0" falsecount="2"/>
      <line num="206" count="0" type="stmt"/>
      <line num="208" count="0" type="stmt"/>
      <line num="213" count="0" type="cond" truecount="0" falsecount="2"/>
      <line num="214" count="0" type="stmt"/>
      <line num="216" count="0" type="stmt"/>
      <line num="220" count="19" type="stmt"/>
      <line num="227" count="19" type="cond" truecount="1" falsecount="0"/>
      <line num="229" count="6" type="cond" truecount="1" falsecount="0"/>
      <line num="230" count="2" type="stmt"/>
      <line num="235" count="4" type="stmt"/>
      <line num="244" count="13" type="stmt"/>
      <line num="245" count="13" type="stmt"/>
      <line num="246" count="1" type="stmt"/>
      <line num="249" count="13" type="stmt"/>
      <line num="251" count="10" type="cond" truecount="1" falsecount="2"/>
      <line num="252" count="0" type="stmt"/>
      <line num="255" count="10" type="cond" truecount="2" falsecount="1"/>
      <line num="256" count="0" type="stmt"/>
      <line num="260" count="10" type="cond" truecount="3" falsecount="0"/>
      <line num="261" count="4" type="stmt"/>
      <line num="264" count="6" type="stmt"/>
      <line num="272" count="16" type="stmt"/>
      <line num="275" count="10" type="stmt"/>
      <line num="276" count="10" type="stmt"/>
      <line num="277" count="41" type="stmt"/>
      <line num="279" count="10" type="cond" truecount="1" falsecount="0"/>
      <line num="281" count="1" type="stmt"/>
      <line num="282" count="1" type="stmt"/>
      <line num="283" count="1" type="stmt"/>
      <line num="286" count="1" type="cond" truecount="3" falsecount="1"/>
      <line num="287" count="1" type="stmt"/>
      <line num="289" count="0" type="stmt"/>
      <line num="293" count="9" type="stmt"/>
      <line num="300" count="2" type="stmt"/>
      <line num="301" count="1" type="stmt"/>
      <line num="308" count="1" type="stmt"/>
      <line num="309" count="1" type="stmt"/>
      <line num="316" count="1" type="stmt"/>
      <line num="317" count="1" type="stmt"/>
    </file>
    <file name="economics.ts" path="/home/gperry/Documents/GitHub/KNIRV/KNIRV_NETWORK/KNIRVSDK/ts/gateway/src/economics.ts">
      <metrics statements="120" coveredstatements="93" conditionals="83" coveredconditionals="51" methods="23" coveredmethods="17"/>
      <line num="5" count="2" type="stmt"/>
      <line num="25" count="2" type="stmt"/>
      <line num="26" count="61" type="stmt"/>
      <line num="34" count="5" type="stmt"/>
      <line num="39" count="3" type="stmt"/>
      <line num="43" count="3" type="cond" truecount="1" falsecount="0"/>
      <line num="44" count="1" type="stmt"/>
      <line num="47" count="2" type="stmt"/>
      <line num="51" count="1" type="stmt"/>
      <line num="55" count="7" type="cond" truecount="1" falsecount="0"/>
      <line num="56" count="2" type="stmt"/>
      <line num="58" count="5" type="cond" truecount="1" falsecount="0"/>
      <line num="59" count="1" type="stmt"/>
      <line num="61" count="4" type="cond" truecount="1" falsecount="0"/>
      <line num="62" count="1" type="stmt"/>
      <line num="64" count="3" type="cond" truecount="1" falsecount="2"/>
      <line num="65" count="0" type="cond" truecount="0" falsecount="3"/>
      <line num="66" count="0" type="stmt"/>
      <line num="69" count="3" type="cond" truecount="3" falsecount="0"/>
      <line num="70" count="1" type="stmt"/>
      <line num="73" count="2" type="stmt"/>
      <line num="78" count="1" type="stmt"/>
      <line num="82" count="3" type="cond" truecount="1" falsecount="0"/>
      <line num="83" count="1" type="stmt"/>
      <line num="85" count="2" type="cond" truecount="3" falsecount="0"/>
      <line num="86" count="1" type="stmt"/>
      <line num="88" count="1" type="cond" truecount="1" falsecount="4"/>
      <line num="89" count="0" type="stmt"/>
      <line num="92" count="1" type="stmt"/>
      <line num="97" count="1" type="stmt"/>
      <line num="101" count="2" type="cond" truecount="1" falsecount="0"/>
      <line num="102" count="1" type="stmt"/>
      <line num="105" count="1" type="stmt"/>
      <line num="112" count="2" type="cond" truecount="4" falsecount="0"/>
      <line num="113" count="1" type="stmt"/>
      <line num="116" count="1" type="stmt"/>
      <line num="121" count="1" type="stmt"/>
      <line num="125" count="2" type="stmt"/>
      <line num="126" count="61" type="stmt"/>
      <line num="129" count="1" type="stmt"/>
      <line num="133" count="1" type="stmt"/>
      <line num="137" count="2" type="stmt"/>
      <line num="143" count="2" type="cond" truecount="1" falsecount="0"/>
      <line num="144" count="1" type="stmt"/>
      <line num="147" count="2" type="stmt"/>
      <line num="148" count="2" type="stmt"/>
      <line num="152" count="3" type="cond" truecount="3" falsecount="0"/>
      <line num="153" count="1" type="stmt"/>
      <line num="155" count="2" type="cond" truecount="3" falsecount="0"/>
      <line num="156" count="1" type="stmt"/>
      <line num="159" count="1" type="stmt"/>
      <line num="164" count="1" type="stmt"/>
      <line num="168" count="2" type="stmt"/>
      <line num="169" count="61" type="stmt"/>
      <line num="172" count="3" type="cond" truecount="3" falsecount="0"/>
      <line num="173" count="1" type="stmt"/>
      <line num="175" count="2" type="cond" truecount="1" falsecount="0"/>
      <line num="176" count="1" type="stmt"/>
      <line num="179" count="1" type="stmt"/>
      <line num="184" count="1" type="stmt"/>
      <line num="188" count="2" type="stmt"/>
      <line num="194" count="2" type="cond" truecount="1" falsecount="0"/>
      <line num="195" count="1" type="stmt"/>
      <line num="198" count="2" type="stmt"/>
      <line num="199" count="2" type="stmt"/>
      <line num="203" count="2" type="stmt"/>
      <line num="211" count="61" type="cond" truecount="4" falsecount="0"/>
      <line num="213" count="29" type="stmt"/>
      <line num="214" count="29" type="stmt"/>
      <line num="217" count="29" type="stmt"/>
      <line num="218" count="19" type="cond" truecount="4" falsecount="2"/>
      <line num="219" count="19" type="cond" truecount="1" falsecount="1"/>
      <line num="222" count="19" type="cond" truecount="4" falsecount="1"/>
      <line num="225" count="13" type="cond" truecount="2" falsecount="0"/>
      <line num="226" count="8" type="stmt"/>
      <line num="228" count="5" type="stmt"/>
      <line num="230" count="10" type="stmt"/>
      <line num="233" count="4" type="cond" truecount="1" falsecount="1"/>
      <line num="234" count="0" type="stmt"/>
      <line num="236" count="4" type="stmt"/>
      <line num="238" count="3" type="stmt"/>
      <line num="241" count="1" type="cond" truecount="1" falsecount="1"/>
      <line num="242" count="0" type="stmt"/>
      <line num="244" count="1" type="stmt"/>
      <line num="246" count="1" type="stmt"/>
      <line num="249" count="1" type="cond" truecount="1" falsecount="1"/>
      <line num="250" count="0" type="stmt"/>
      <line num="252" count="1" type="stmt"/>
      <line num="254" count="1" type="stmt"/>
      <line num="256" count="0" type="stmt"/>
      <line num="261" count="15" type="stmt"/>
      <line num="269" count="29" type="stmt"/>
      <line num="270" count="29" type="stmt"/>
      <line num="271" count="29" type="stmt"/>
      <line num="274" count="32" type="stmt"/>
      <line num="275" count="32" type="stmt"/>
      <line num="278" count="32" type="stmt"/>
      <line num="279" count="0" type="stmt"/>
      <line num="281" count="0" type="stmt"/>
      <line num="286" count="0" type="cond" truecount="0" falsecount="1"/>
      <line num="287" count="0" type="stmt"/>
      <line num="290" count="0" type="stmt"/>
      <line num="295" count="0" type="cond" truecount="0" falsecount="3"/>
      <line num="296" count="0" type="stmt"/>
      <line num="300" count="0" type="stmt"/>
      <line num="301" count="0" type="cond" truecount="0" falsecount="1"/>
      <line num="302" count="0" type="stmt"/>
      <line num="303" count="0" type="cond" truecount="0" falsecount="3"/>
      <line num="304" count="0" type="cond" truecount="0" falsecount="2"/>
      <line num="305" count="0" type="stmt"/>
      <line num="307" count="0" type="stmt"/>
      <line num="313" count="0" type="stmt"/>
      <line num="316" count="0" type="stmt"/>
      <line num="318" count="0" type="cond" truecount="0" falsecount="4"/>
      <line num="319" count="0" type="stmt"/>
      <line num="321" count="0" type="stmt"/>
      <line num="324" count="0" type="stmt"/>
      <line num="332" count="32" type="stmt"/>
      <line num="333" count="32" type="stmt"/>
      <line num="334" count="32" type="stmt"/>
    </file>
    <file name="gateway.ts" path="/home/gperry/Documents/GitHub/KNIRV/KNIRV_NETWORK/KNIRVSDK/ts/gateway/src/gateway.ts">
      <metrics statements="5" coveredstatements="3" conditionals="0" coveredconditionals="0" methods="3" coveredmethods="1"/>
      <line num="11" count="1" type="stmt"/>
      <line num="14" count="32" type="stmt"/>
      <line num="15" count="32" type="stmt"/>
      <line num="20" count="0" type="stmt"/>
      <line num="25" count="0" type="stmt"/>
    </file>
    <file name="health.ts" path="/home/gperry/Documents/GitHub/KNIRV/KNIRV_NETWORK/KNIRVSDK/ts/gateway/src/health.ts">
      <metrics statements="4" coveredstatements="3" conditionals="0" coveredconditionals="0" methods="2" coveredmethods="1"/>
      <line num="10" count="1" type="stmt"/>
      <line num="13" count="32" type="stmt"/>
      <line num="14" count="32" type="stmt"/>
      <line num="19" count="0" type="stmt"/>
    </file>
    <file name="integration.ts" path="/home/gperry/Documents/GitHub/KNIRV/KNIRV_NETWORK/KNIRVSDK/ts/gateway/src/integration.ts">
      <metrics statements="5" coveredstatements="3" conditionals="0" coveredconditionals="0" methods="3" coveredmethods="1"/>
      <line num="10" count="1" type="stmt"/>
      <line num="13" count="32" type="stmt"/>
      <line num="14" count="32" type="stmt"/>
      <line num="19" count="0" type="stmt"/>
      <line num="24" count="0" type="stmt"/>
    </file>
    <file name="poaud.ts" path="/home/gperry/Documents/GitHub/KNIRV/KNIRV_NETWORK/KNIRVSDK/ts/gateway/src/poaud.ts">
      <metrics statements="84" coveredstatements="13" conditionals="32" coveredconditionals="0" methods="21" coveredmethods="4"/>
      <line num="5" count="1" type="stmt"/>
      <line num="16" count="1" type="stmt"/>
      <line num="17" count="32" type="stmt"/>
      <line num="24" count="0" type="stmt"/>
      <line num="29" count="0" type="stmt"/>
      <line num="33" count="0" type="cond" truecount="0" falsecount="1"/>
      <line num="34" count="0" type="stmt"/>
      <line num="37" count="0" type="stmt"/>
      <line num="41" count="0" type="stmt"/>
      <line num="45" count="0" type="cond" truecount="0" falsecount="1"/>
      <line num="46" count="0" type="stmt"/>
      <line num="48" count="0" type="cond" truecount="0" falsecount="1"/>
      <line num="49" count="0" type="stmt"/>
      <line num="52" count="0" type="stmt"/>
      <line num="57" count="0" type="stmt"/>
      <line num="61" count="0" type="cond" truecount="0" falsecount="1"/>
      <line num="62" count="0" type="stmt"/>
      <line num="65" count="0" type="stmt"/>
      <line num="70" count="0" type="stmt"/>
      <line num="74" count="1" type="stmt"/>
      <line num="75" count="32" type="stmt"/>
      <line num="81" count="0" type="stmt"/>
      <line num="86" count="0" type="stmt"/>
      <line num="90" count="0" type="cond" truecount="0" falsecount="1"/>
      <line num="91" count="0" type="stmt"/>
      <line num="94" count="0" type="stmt"/>
      <line num="98" count="0" type="stmt"/>
      <line num="107" count="0" type="cond" truecount="0" falsecount="1"/>
      <line num="108" count="0" type="stmt"/>
      <line num="110" count="0" type="cond" truecount="0" falsecount="1"/>
      <line num="111" count="0" type="stmt"/>
      <line num="114" count="0" type="stmt"/>
      <line num="119" count="0" type="stmt"/>
      <line num="123" count="0" type="cond" truecount="0" falsecount="1"/>
      <line num="124" count="0" type="stmt"/>
      <line num="126" count="0" type="cond" truecount="0" falsecount="1"/>
      <line num="127" count="0" type="stmt"/>
      <line num="130" count="0" type="stmt"/>
      <line num="135" count="0" type="stmt"/>
      <line num="139" count="0" type="cond" truecount="0" falsecount="1"/>
      <line num="140" count="0" type="stmt"/>
      <line num="143" count="0" type="stmt"/>
      <line num="147" count="0" type="stmt"/>
      <line num="151" count="1" type="stmt"/>
      <line num="152" count="32" type="stmt"/>
      <line num="155" count="0" type="cond" truecount="0" falsecount="1"/>
      <line num="156" count="0" type="stmt"/>
      <line num="159" count="0" type="stmt"/>
      <line num="163" count="0" type="stmt"/>
      <line num="167" count="0" type="stmt"/>
      <line num="172" count="0" type="stmt"/>
      <line num="176" count="0" type="cond" truecount="0" falsecount="1"/>
      <line num="177" count="0" type="stmt"/>
      <line num="180" count="0" type="stmt"/>
      <line num="185" count="0" type="stmt"/>
      <line num="189" count="1" type="stmt"/>
      <line num="196" count="32" type="stmt"/>
      <line num="198" count="32" type="stmt"/>
      <line num="199" count="0" type="stmt"/>
      <line num="201" count="0" type="stmt"/>
      <line num="206" count="0" type="cond" truecount="0" falsecount="1"/>
      <line num="207" count="0" type="stmt"/>
      <line num="210" count="0" type="stmt"/>
      <line num="215" count="0" type="cond" truecount="0" falsecount="3"/>
      <line num="216" count="0" type="stmt"/>
      <line num="220" count="0" type="stmt"/>
      <line num="221" count="0" type="cond" truecount="0" falsecount="1"/>
      <line num="222" count="0" type="stmt"/>
      <line num="223" count="0" type="cond" truecount="0" falsecount="3"/>
      <line num="224" count="0" type="cond" truecount="0" falsecount="2"/>
      <line num="225" count="0" type="stmt"/>
      <line num="227" count="0" type="stmt"/>
      <line num="233" count="0" type="stmt"/>
      <line num="236" count="0" type="stmt"/>
      <line num="238" count="0" type="cond" truecount="0" falsecount="4"/>
      <line num="239" count="0" type="stmt"/>
      <line num="241" count="0" type="stmt"/>
      <line num="244" count="0" type="stmt"/>
      <line num="252" count="32" type="stmt"/>
      <line num="253" count="32" type="stmt"/>
      <line num="254" count="32" type="stmt"/>
      <line num="258" count="0" type="cond" truecount="0" falsecount="1"/>
      <line num="259" count="0" type="stmt"/>
      <line num="263" count="0" type="stmt"/>
    </file>
    <file name="types.ts" path="/home/gperry/Documents/GitHub/KNIRV/KNIRV_NETWORK/KNIRVSDK/ts/gateway/src/types.ts">
      <metrics statements="20" coveredstatements="16" conditionals="5" coveredconditionals="3" methods="4" coveredmethods="2"/>
      <line num="40" count="2" type="stmt"/>
      <line num="46" count="28" type="stmt"/>
      <line num="47" count="28" type="stmt"/>
      <line num="48" count="28" type="stmt"/>
      <line num="49" count="28" type="stmt"/>
      <line num="50" count="28" type="stmt"/>
      <line num="54" count="2" type="stmt"/>
      <line num="58" count="18" type="stmt"/>
      <line num="59" count="18" type="stmt"/>
      <line num="62" count="18" type="cond" truecount="2" falsecount="0"/>
      <line num="63" count="11" type="stmt"/>
      <line num="64" count="7" type="cond" truecount="1" falsecount="0"/>
      <line num="65" count="2" type="stmt"/>
      <line num="66" count="2" type="stmt"/>
      <line num="71" count="2" type="stmt"/>
      <line num="73" count="0" type="stmt"/>
      <line num="74" count="0" type="stmt"/>
      <line num="78" count="2" type="stmt"/>
      <line num="80" count="0" type="stmt"/>
      <line num="81" count="0" type="stmt"/>
    </file>
  </project>
</coverage>
