TN:
SF:src/client.ts
FN:33,(anonymous_7)
FN:67,(anonymous_8)
FN:72,(anonymous_9)
FN:77,(anonymous_10)
FN:84,(anonymous_11)
FN:91,(anonymous_12)
FN:98,(anonymous_13)
FN:122,(anonymous_15)
FN:137,(anonymous_16)
FN:170,(anonymous_18)
FN:173,(anonymous_19)
FN:184,(anonymous_20)
FN:187,(anonymous_21)
FN:271,(anonymous_22)
FN:277,(anonymous_24)
FN:281,(anonymous_25)
FN:299,(anonymous_26)
FN:307,(anonymous_28)
FN:315,(anonymous_30)
FNF:19
FNH:16
FNDA:33,(anonymous_7)
FNDA:0,(anonymous_8)
FNDA:0,(anonymous_9)
FNDA:0,(anonymous_10)
FNDA:1,(anonymous_11)
FNDA:1,(anonymous_12)
FNDA:20,(anonymous_13)
FNDA:3,(anonymous_15)
FNDA:23,(anonymous_16)
FNDA:8,(anonymous_18)
FNDA:3,(anonymous_19)
FNDA:1,(anonymous_20)
FNDA:1,(anonymous_21)
FNDA:16,(anonymous_22)
FNDA:41,(anonymous_24)
FNDA:1,(anonymous_25)
FNDA:2,(anonymous_26)
FNDA:1,(anonymous_28)
FNDA:1,(anonymous_30)
DA:5,1
DA:6,1
DA:7,1
DA:8,1
DA:9,1
DA:10,1
DA:22,1
DA:30,33
DA:31,33
DA:35,33
DA:38,33
DA:39,1
DA:42,32
DA:59,32
DA:60,32
DA:61,32
DA:62,32
DA:63,32
DA:68,0
DA:73,0
DA:78,0
DA:85,1
DA:92,1
DA:99,20
DA:102,20
DA:103,1
DA:107,20
DA:108,20
DA:109,23
DA:110,23
DA:112,10
DA:115,10
DA:116,0
DA:120,10
DA:122,3
DA:123,3
DA:127,7
DA:131,0
DA:140,23
DA:145,23
DA:152,23
DA:153,23
DA:157,23
DA:163,23
DA:164,3
DA:168,23
DA:169,23
DA:170,3
DA:171,8
DA:172,6
DA:173,3
DA:175,5
DA:181,23
DA:183,23
DA:184,23
DA:186,23
DA:187,1
DA:190,23
DA:192,23
DA:193,21
DA:196,21
DA:199,19
DA:201,19
DA:202,19
DA:205,0
DA:206,0
DA:208,0
DA:213,0
DA:214,0
DA:216,0
DA:220,19
DA:227,19
DA:229,6
DA:230,2
DA:235,4
DA:244,13
DA:245,13
DA:246,1
DA:249,13
DA:251,10
DA:252,0
DA:255,10
DA:256,0
DA:260,10
DA:261,4
DA:264,6
DA:272,16
DA:275,10
DA:276,10
DA:277,41
DA:279,10
DA:281,1
DA:282,1
DA:283,1
DA:286,1
DA:287,1
DA:289,0
DA:293,9
DA:300,2
DA:301,1
DA:308,1
DA:309,1
DA:316,1
DA:317,1
LF:104
LH:90
BRDA:33,0,0,2
BRDA:35,1,0,33
BRDA:35,1,1,33
BRDA:35,1,2,3
BRDA:38,2,0,1
BRDA:38,3,0,33
BRDA:38,3,1,33
BRDA:38,3,2,32
BRDA:38,3,3,32
BRDA:45,4,0,32
BRDA:45,4,1,32
BRDA:46,5,0,32
BRDA:46,5,1,2
BRDA:47,6,0,32
BRDA:47,6,1,32
BRDA:48,7,0,32
BRDA:48,7,1,30
BRDA:49,8,0,32
BRDA:49,8,1,29
BRDA:50,9,0,32
BRDA:50,9,1,32
BRDA:51,10,0,32
BRDA:51,10,1,32
BRDA:52,11,0,32
BRDA:52,11,1,32
BRDA:53,12,0,32
BRDA:53,12,1,32
BRDA:115,13,0,0
BRDA:120,14,0,3
BRDA:120,15,0,10
BRDA:120,15,1,10
BRDA:120,15,2,4
BRDA:140,16,0,0
BRDA:140,16,1,23
BRDA:140,17,0,0
BRDA:140,17,1,23
BRDA:140,18,0,23
BRDA:140,18,1,23
BRDA:142,19,0,23
BRDA:142,19,1,0
BRDA:152,20,0,23
BRDA:158,21,0,23
BRDA:158,21,1,0
BRDA:163,22,0,3
BRDA:163,23,0,23
BRDA:163,23,1,3
BRDA:169,24,0,3
BRDA:171,25,0,6
BRDA:171,26,0,8
BRDA:171,26,1,7
BRDA:172,27,0,1
BRDA:172,27,1,5
BRDA:184,28,0,23
BRDA:184,28,1,23
BRDA:186,29,0,1
BRDA:199,30,0,19
BRDA:199,30,1,0
BRDA:199,31,0,19
BRDA:199,31,1,3
BRDA:199,31,2,16
BRDA:199,31,3,16
BRDA:205,32,0,0
BRDA:205,32,1,0
BRDA:213,33,0,0
BRDA:213,33,1,0
BRDA:227,34,0,6
BRDA:229,35,0,2
BRDA:251,36,0,0
BRDA:251,37,0,10
BRDA:251,37,1,0
BRDA:255,38,0,0
BRDA:255,39,0,10
BRDA:255,39,1,2
BRDA:260,40,0,4
BRDA:260,41,0,10
BRDA:260,41,1,10
BRDA:271,42,0,11
BRDA:279,43,0,1
BRDA:286,44,0,1
BRDA:286,44,1,0
BRDA:286,45,0,1
BRDA:286,45,1,1
BRDA:299,46,0,2
BRDA:307,47,0,1
BRDA:315,48,0,1
BRF:85
BRH:71
end_of_record
TN:
SF:src/economics.ts
FN:26,(anonymous_7)
FN:28,(anonymous_8)
FN:42,(anonymous_10)
FN:54,(anonymous_12)
FN:65,(anonymous_14)
FN:81,(anonymous_15)
FN:88,(anonymous_17)
FN:100,(anonymous_18)
FN:111,(anonymous_20)
FN:126,(anonymous_22)
FN:128,(anonymous_23)
FN:136,(anonymous_25)
FN:151,(anonymous_27)
FN:169,(anonymous_29)
FN:171,(anonymous_30)
FN:187,(anonymous_32)
FN:209,(anonymous_34)
FN:217,(anonymous_35)
FN:217,(anonymous_36)
FN:278,(anonymous_37)
FN:278,(anonymous_38)
FN:302,(anonymous_39)
FN:305,(anonymous_40)
FNF:23
FNH:17
FNDA:61,(anonymous_7)
FNDA:5,(anonymous_8)
FNDA:3,(anonymous_10)
FNDA:7,(anonymous_12)
FNDA:0,(anonymous_14)
FNDA:3,(anonymous_15)
FNDA:0,(anonymous_17)
FNDA:2,(anonymous_18)
FNDA:2,(anonymous_20)
FNDA:61,(anonymous_22)
FNDA:1,(anonymous_23)
FNDA:2,(anonymous_25)
FNDA:3,(anonymous_27)
FNDA:61,(anonymous_29)
FNDA:3,(anonymous_30)
FNDA:2,(anonymous_32)
FNDA:61,(anonymous_34)
FNDA:19,(anonymous_35)
FNDA:19,(anonymous_36)
FNDA:0,(anonymous_37)
FNDA:0,(anonymous_38)
FNDA:0,(anonymous_39)
FNDA:0,(anonymous_40)
DA:5,2
DA:25,2
DA:26,61
DA:34,5
DA:39,3
DA:43,3
DA:44,1
DA:47,2
DA:51,1
DA:55,7
DA:56,2
DA:58,5
DA:59,1
DA:61,4
DA:62,1
DA:64,3
DA:65,0
DA:66,0
DA:69,3
DA:70,1
DA:73,2
DA:78,1
DA:82,3
DA:83,1
DA:85,2
DA:86,1
DA:88,1
DA:89,0
DA:92,1
DA:97,1
DA:101,2
DA:102,1
DA:105,1
DA:112,2
DA:113,1
DA:116,1
DA:121,1
DA:125,2
DA:126,61
DA:129,1
DA:133,1
DA:137,2
DA:143,2
DA:144,1
DA:147,2
DA:148,2
DA:152,3
DA:153,1
DA:155,2
DA:156,1
DA:159,1
DA:164,1
DA:168,2
DA:169,61
DA:172,3
DA:173,1
DA:175,2
DA:176,1
DA:179,1
DA:184,1
DA:188,2
DA:194,2
DA:195,1
DA:198,2
DA:199,2
DA:203,2
DA:211,61
DA:213,29
DA:214,29
DA:217,29
DA:218,19
DA:219,19
DA:222,19
DA:225,13
DA:226,8
DA:228,5
DA:230,10
DA:233,4
DA:234,0
DA:236,4
DA:238,3
DA:241,1
DA:242,0
DA:244,1
DA:246,1
DA:249,1
DA:250,0
DA:252,1
DA:254,1
DA:256,0
DA:261,15
DA:269,29
DA:270,29
DA:271,29
DA:274,32
DA:275,32
DA:278,32
DA:279,0
DA:281,0
DA:286,0
DA:287,0
DA:290,0
DA:295,0
DA:296,0
DA:300,0
DA:301,0
DA:302,0
DA:303,0
DA:304,0
DA:305,0
DA:307,0
DA:313,0
DA:316,0
DA:318,0
DA:319,0
DA:321,0
DA:324,0
DA:332,32
DA:333,32
DA:334,32
LF:120
LH:93
BRDA:28,0,0,3
BRDA:43,1,0,1
BRDA:55,2,0,2
BRDA:58,3,0,1
BRDA:61,4,0,1
BRDA:64,5,0,0
BRDA:64,6,0,3
BRDA:64,6,1,0
BRDA:65,7,0,0
BRDA:65,8,0,0
BRDA:65,8,1,0
BRDA:69,9,0,1
BRDA:69,10,0,3
BRDA:69,10,1,3
BRDA:82,11,0,1
BRDA:85,12,0,1
BRDA:85,13,0,2
BRDA:85,13,1,2
BRDA:88,14,0,0
BRDA:88,15,0,1
BRDA:88,15,1,0
BRDA:88,16,0,0
BRDA:88,16,1,0
BRDA:101,17,0,1
BRDA:112,18,0,1
BRDA:112,19,0,2
BRDA:112,19,1,1
BRDA:112,19,2,1
BRDA:136,20,0,1
BRDA:143,21,0,1
BRDA:152,22,0,1
BRDA:152,23,0,3
BRDA:152,23,1,2
BRDA:155,24,0,1
BRDA:155,25,0,2
BRDA:155,25,1,1
BRDA:172,26,0,1
BRDA:172,27,0,3
BRDA:172,27,1,2
BRDA:175,28,0,1
BRDA:187,29,0,1
BRDA:194,30,0,1
BRDA:211,31,0,29
BRDA:211,31,1,32
BRDA:211,32,0,61
BRDA:211,32,1,61
BRDA:218,33,0,19
BRDA:218,33,1,0
BRDA:218,34,0,0
BRDA:218,34,1,19
BRDA:218,35,0,19
BRDA:218,35,1,19
BRDA:219,36,0,19
BRDA:219,36,1,0
BRDA:222,37,0,13
BRDA:222,37,1,4
BRDA:222,37,2,1
BRDA:222,37,3,1
BRDA:222,37,4,0
BRDA:225,38,0,8
BRDA:225,38,1,5
BRDA:233,39,0,0
BRDA:233,39,1,4
BRDA:241,40,0,0
BRDA:241,40,1,1
BRDA:249,41,0,0
BRDA:249,41,1,1
BRDA:286,42,0,0
BRDA:291,43,0,0
BRDA:291,43,1,0
BRDA:295,44,0,0
BRDA:295,45,0,0
BRDA:295,45,1,0
BRDA:301,46,0,0
BRDA:303,47,0,0
BRDA:303,48,0,0
BRDA:303,48,1,0
BRDA:304,49,0,0
BRDA:304,49,1,0
BRDA:318,50,0,0
BRDA:318,50,1,0
BRDA:318,51,0,0
BRDA:318,51,1,0
BRF:83
BRH:51
end_of_record
TN:
SF:src/gateway.ts
FN:14,(anonymous_7)
FN:18,(anonymous_8)
FN:23,(anonymous_10)
FNF:3
FNH:1
FNDA:32,(anonymous_7)
FNDA:0,(anonymous_8)
FNDA:0,(anonymous_10)
DA:11,1
DA:14,32
DA:15,32
DA:20,0
DA:25,0
LF:5
LH:3
BRF:0
BRH:0
end_of_record
TN:
SF:src/health.ts
FN:13,(anonymous_7)
FN:17,(anonymous_8)
FNF:2
FNH:1
FNDA:32,(anonymous_7)
FNDA:0,(anonymous_8)
DA:10,1
DA:13,32
DA:14,32
DA:19,0
LF:4
LH:3
BRF:0
BRH:0
end_of_record
TN:
SF:src/integration.ts
FN:13,(anonymous_7)
FN:17,(anonymous_8)
FN:22,(anonymous_10)
FNF:3
FNH:1
FNDA:32,(anonymous_7)
FNDA:0,(anonymous_8)
FNDA:0,(anonymous_10)
DA:10,1
DA:13,32
DA:14,32
DA:19,0
DA:24,0
LF:5
LH:3
BRF:0
BRH:0
end_of_record
TN:
SF:src/poaud.ts
FN:17,(anonymous_7)
FN:19,(anonymous_8)
FN:32,(anonymous_10)
FN:44,(anonymous_12)
FN:60,(anonymous_14)
FN:75,(anonymous_16)
FN:77,(anonymous_17)
FN:89,(anonymous_19)
FN:101,(anonymous_21)
FN:122,(anonymous_23)
FN:138,(anonymous_25)
FN:152,(anonymous_27)
FN:154,(anonymous_28)
FN:166,(anonymous_30)
FN:175,(anonymous_32)
FN:195,(anonymous_34)
FN:198,(anonymous_35)
FN:198,(anonymous_36)
FN:222,(anonymous_37)
FN:225,(anonymous_38)
FN:257,(anonymous_39)
FNF:21
FNH:4
FNDA:32,(anonymous_7)
FNDA:0,(anonymous_8)
FNDA:0,(anonymous_10)
FNDA:0,(anonymous_12)
FNDA:0,(anonymous_14)
FNDA:32,(anonymous_16)
FNDA:0,(anonymous_17)
FNDA:0,(anonymous_19)
FNDA:0,(anonymous_21)
FNDA:0,(anonymous_23)
FNDA:0,(anonymous_25)
FNDA:32,(anonymous_27)
FNDA:0,(anonymous_28)
FNDA:0,(anonymous_30)
FNDA:0,(anonymous_32)
FNDA:32,(anonymous_34)
FNDA:0,(anonymous_35)
FNDA:0,(anonymous_36)
FNDA:0,(anonymous_37)
FNDA:0,(anonymous_38)
FNDA:0,(anonymous_39)
DA:5,1
DA:16,1
DA:17,32
DA:24,0
DA:29,0
DA:33,0
DA:34,0
DA:37,0
DA:41,0
DA:45,0
DA:46,0
DA:48,0
DA:49,0
DA:52,0
DA:57,0
DA:61,0
DA:62,0
DA:65,0
DA:70,0
DA:74,1
DA:75,32
DA:81,0
DA:86,0
DA:90,0
DA:91,0
DA:94,0
DA:98,0
DA:107,0
DA:108,0
DA:110,0
DA:111,0
DA:114,0
DA:119,0
DA:123,0
DA:124,0
DA:126,0
DA:127,0
DA:130,0
DA:135,0
DA:139,0
DA:140,0
DA:143,0
DA:147,0
DA:151,1
DA:152,32
DA:155,0
DA:156,0
DA:159,0
DA:163,0
DA:167,0
DA:172,0
DA:176,0
DA:177,0
DA:180,0
DA:185,0
DA:189,1
DA:196,32
DA:198,32
DA:199,0
DA:201,0
DA:206,0
DA:207,0
DA:210,0
DA:215,0
DA:216,0
DA:220,0
DA:221,0
DA:222,0
DA:223,0
DA:224,0
DA:225,0
DA:227,0
DA:233,0
DA:236,0
DA:238,0
DA:239,0
DA:241,0
DA:244,0
DA:252,32
DA:253,32
DA:254,32
DA:258,0
DA:259,0
DA:263,0
LF:84
LH:13
BRDA:19,0,0,0
BRDA:33,1,0,0
BRDA:45,2,0,0
BRDA:48,3,0,0
BRDA:61,4,0,0
BRDA:77,5,0,0
BRDA:90,6,0,0
BRDA:107,7,0,0
BRDA:110,8,0,0
BRDA:123,9,0,0
BRDA:126,10,0,0
BRDA:139,11,0,0
BRDA:155,12,0,0
BRDA:166,13,0,0
BRDA:176,14,0,0
BRDA:206,15,0,0
BRDA:211,16,0,0
BRDA:211,16,1,0
BRDA:215,17,0,0
BRDA:215,18,0,0
BRDA:215,18,1,0
BRDA:221,19,0,0
BRDA:223,20,0,0
BRDA:223,21,0,0
BRDA:223,21,1,0
BRDA:224,22,0,0
BRDA:224,22,1,0
BRDA:238,23,0,0
BRDA:238,23,1,0
BRDA:238,24,0,0
BRDA:238,24,1,0
BRDA:258,25,0,0
BRF:32
BRH:0
end_of_record
TN:
SF:src/types.ts
FN:45,(anonymous_0)
FN:57,(anonymous_1)
FN:72,(anonymous_2)
FN:79,(anonymous_3)
FNF:4
FNH:2
FNDA:28,(anonymous_0)
FNDA:18,(anonymous_1)
FNDA:0,(anonymous_2)
FNDA:0,(anonymous_3)
DA:40,2
DA:46,28
DA:47,28
DA:48,28
DA:49,28
DA:50,28
DA:54,2
DA:58,18
DA:59,18
DA:62,18
DA:63,11
DA:64,7
DA:65,2
DA:66,2
DA:71,2
DA:73,0
DA:74,0
DA:78,2
DA:80,0
DA:81,0
LF:20
LH:16
BRDA:62,0,0,11
BRDA:62,0,1,7
BRDA:64,1,0,2
BRDA:72,2,0,0
BRDA:79,3,0,0
BRF:5
BRH:3
end_of_record
