mode: set
backend_server/internal/database/buntdb.go:39.53,41.51 1 1
backend_server/internal/database/buntdb.go:41.51,43.47 2 0
backend_server/internal/database/buntdb.go:43.47,45.4 1 0
backend_server/internal/database/buntdb.go:48.2,49.16 2 1
backend_server/internal/database/buntdb.go:49.16,51.3 1 0
backend_server/internal/database/buntdb.go:53.2,69.61 3 1
backend_server/internal/database/buntdb.go:69.61,72.3 2 0
backend_server/internal/database/buntdb.go:75.2,75.48 1 1
backend_server/internal/database/buntdb.go:75.48,79.3 3 0
backend_server/internal/database/buntdb.go:82.2,84.21 2 1
backend_server/internal/database/buntdb.go:88.48,89.48 1 1
backend_server/internal/database/buntdb.go:89.48,145.3 35 1
backend_server/internal/database/buntdb.go:149.45,151.2 1 1
backend_server/internal/database/buntdb.go:154.40,159.22 3 1
backend_server/internal/database/buntdb.go:159.22,161.3 1 1
backend_server/internal/database/buntdb.go:164.2,164.35 1 1
backend_server/internal/database/buntdb.go:164.35,165.50 1 1
backend_server/internal/database/buntdb.go:165.50,167.4 1 0
backend_server/internal/database/buntdb.go:171.2,171.18 1 1
backend_server/internal/database/buntdb.go:171.18,173.3 1 1
backend_server/internal/database/buntdb.go:175.2,175.12 1 0
backend_server/internal/database/buntdb.go:179.72,180.48 1 1
backend_server/internal/database/buntdb.go:180.48,182.17 2 1
backend_server/internal/database/buntdb.go:182.17,184.4 1 0
backend_server/internal/database/buntdb.go:185.3,186.13 2 1
backend_server/internal/database/buntdb.go:191.70,192.46 1 1
backend_server/internal/database/buntdb.go:192.46,194.17 2 1
backend_server/internal/database/buntdb.go:194.17,196.4 1 1
backend_server/internal/database/buntdb.go:197.3,197.45 1 1
backend_server/internal/database/buntdb.go:202.54,203.48 1 1
backend_server/internal/database/buntdb.go:203.48,206.3 2 1
backend_server/internal/database/buntdb.go:210.69,214.19 2 1
backend_server/internal/database/buntdb.go:214.19,215.47 1 1
backend_server/internal/database/buntdb.go:215.47,216.54 1 1
backend_server/internal/database/buntdb.go:216.54,219.5 2 1
backend_server/internal/database/buntdb.go:221.3,221.19 1 1
backend_server/internal/database/buntdb.go:225.2,225.46 1 0
backend_server/internal/database/buntdb.go:225.46,226.62 1 0
backend_server/internal/database/buntdb.go:226.62,229.4 2 0
backend_server/internal/database/buntdb.go:231.2,231.18 1 0
backend_server/internal/database/buntdb.go:235.65,237.46 2 1
backend_server/internal/database/buntdb.go:237.46,238.58 1 1
backend_server/internal/database/buntdb.go:238.58,241.4 2 1
backend_server/internal/database/buntdb.go:243.2,243.19 1 1
backend_server/internal/database/buntdb.go:247.81,248.48 1 1
backend_server/internal/database/buntdb.go:248.48,252.3 3 1
backend_server/internal/database/buntdb.go:256.71,258.2 1 1
backend_server/internal/database/buntdb.go:261.75,263.2 1 1
backend_server/internal/database/buntdb.go:266.63,268.46 2 1
backend_server/internal/database/buntdb.go:268.46,270.17 2 1
backend_server/internal/database/buntdb.go:270.17,272.4 1 1
backend_server/internal/database/buntdb.go:273.3,274.13 2 1
backend_server/internal/database/buntdb.go:276.2,276.19 1 1
backend_server/internal/database/buntdb.go:280.60,281.48 1 1
backend_server/internal/database/buntdb.go:281.48,284.3 2 1
backend_server/internal/database/buntdb.go:288.50,294.6 5 1
backend_server/internal/database/buntdb.go:294.6,295.10 1 1
backend_server/internal/database/buntdb.go:296.24,297.10 1 1
backend_server/internal/database/buntdb.go:298.25,299.27 1 0
backend_server/internal/database/buntdb.go:300.25,301.21 1 0
backend_server/internal/database/buntdb.go:301.21,302.51 1 0
backend_server/internal/database/buntdb.go:302.51,304.6 1 0
backend_server/internal/database/buntdb.go:311.47,316.46 3 1
backend_server/internal/database/buntdb.go:316.46,319.53 2 1
backend_server/internal/database/buntdb.go:319.53,322.4 2 1
backend_server/internal/database/buntdb.go:325.2,328.19 3 1
backend_server/internal/database/buntdb.go:328.19,330.3 1 0
backend_server/internal/database/buntdb.go:334.60,335.20 1 1
backend_server/internal/database/buntdb.go:335.20,337.3 1 0
backend_server/internal/database/buntdb.go:339.2,344.16 4 1
backend_server/internal/database/buntdb.go:344.16,346.3 1 0
backend_server/internal/database/buntdb.go:347.2,350.45 2 1
backend_server/internal/database/buntdb.go:350.45,353.17 2 1
backend_server/internal/database/buntdb.go:353.17,355.4 1 0
backend_server/internal/database/buntdb.go:356.3,359.53 2 1
backend_server/internal/database/buntdb.go:359.53,360.54 1 1
backend_server/internal/database/buntdb.go:360.54,363.5 2 1
backend_server/internal/database/buntdb.go:365.3,365.17 1 1
backend_server/internal/database/buntdb.go:365.17,367.4 1 0
backend_server/internal/database/buntdb.go:370.3,370.33 1 1
backend_server/internal/database/buntdb.go:373.2,373.16 1 1
backend_server/internal/database/buntdb.go:373.16,376.3 2 0
backend_server/internal/database/buntdb.go:378.2,383.12 3 1
backend_server/internal/database/buntdb.go:387.46,389.16 2 1
backend_server/internal/database/buntdb.go:389.16,392.3 2 0
backend_server/internal/database/buntdb.go:394.2,394.33 1 1
backend_server/internal/database/buntdb.go:394.33,396.3 1 1
backend_server/internal/database/buntdb.go:399.2,405.29 3 1
backend_server/internal/database/buntdb.go:405.29,406.45 1 1
backend_server/internal/database/buntdb.go:406.45,411.4 1 1
backend_server/internal/database/buntdb.go:415.2,415.40 1 1
backend_server/internal/database/buntdb.go:415.40,416.43 1 1
backend_server/internal/database/buntdb.go:416.43,417.56 1 1
backend_server/internal/database/buntdb.go:417.56,419.5 1 0
backend_server/internal/database/buntdb.go:424.2,425.32 2 1
backend_server/internal/database/buntdb.go:425.32,426.54 1 1
backend_server/internal/database/buntdb.go:426.54,428.4 1 0
backend_server/internal/database/buntdb.go:428.9,430.4 1 1
backend_server/internal/database/buntdb.go:435.46,437.49 1 1
backend_server/internal/database/buntdb.go:437.49,439.3 1 1
backend_server/internal/database/buntdb.go:442.2,443.16 2 1
backend_server/internal/database/buntdb.go:443.16,445.3 1 0
backend_server/internal/database/buntdb.go:446.2,450.16 3 1
backend_server/internal/database/buntdb.go:450.16,452.3 1 0
backend_server/internal/database/buntdb.go:454.2,454.42 1 1
backend_server/internal/database/buntdb.go:454.42,456.3 1 1
backend_server/internal/database/buntdb.go:459.2,460.16 2 1
backend_server/internal/database/buntdb.go:460.16,462.3 1 0
backend_server/internal/database/buntdb.go:463.2,465.12 2 1
backend_server/internal/database/buntdb.go:469.41,477.37 5 1
backend_server/internal/database/buntdb.go:477.37,480.64 2 0
backend_server/internal/database/buntdb.go:480.64,482.4 1 0
backend_server/internal/database/buntdb.go:483.3,483.13 1 0
backend_server/internal/database/buntdb.go:487.2,490.33 3 1
backend_server/internal/database/buntdb.go:490.33,491.47 1 1
backend_server/internal/database/buntdb.go:491.47,492.40 1 1
backend_server/internal/database/buntdb.go:492.40,495.5 2 1
backend_server/internal/database/buntdb.go:499.2,499.24 1 1
backend_server/internal/database/buntdb.go:499.24,501.3 1 0
backend_server/internal/database/buntdb.go:503.2,507.16 3 1
backend_server/internal/database/buntdb.go:507.16,509.3 1 0
backend_server/internal/database/buntdb.go:510.2,513.16 3 1
backend_server/internal/database/buntdb.go:513.16,515.3 1 0
backend_server/internal/database/buntdb.go:516.2,518.45 2 1
backend_server/internal/database/buntdb.go:518.45,520.3 1 0
backend_server/internal/database/buntdb.go:522.2,523.12 2 1
backend_server/internal/inference_engine/deep_prompts/prompts.go:219.61,221.2 1 1
backend_server/internal/inference_engine/deep_prompts/prompts.go:225.70,227.2 1 1
backend_server/internal/inference_engine/deep_prompts/prompts.go:230.62,232.2 1 1
backend_server/internal/inference_engine/deep_prompts/prompts.go:235.57,237.27 2 1
backend_server/internal/inference_engine/deep_prompts/prompts.go:237.27,240.32 1 1
backend_server/internal/inference_engine/deep_prompts/prompts.go:240.32,242.4 1 1
backend_server/internal/inference_engine/deep_prompts/prompts.go:244.2,244.15 1 1
backend_server/internal/inference_engine/deep_prompts/prompts.go:248.46,250.11 2 1
backend_server/internal/inference_engine/deep_prompts/prompts.go:250.11,252.3 1 1
backend_server/internal/inference_engine/deep_prompts/prompts.go:253.2,253.37 1 1
backend_server/internal/inference_engine/deep_prompts/prompts.go:257.36,258.43 1 1
backend_server/internal/inference_engine/deep_prompts/prompts.go:258.43,259.35 1 1
backend_server/internal/inference_engine/deep_prompts/prompts.go:259.35,261.4 1 1
backend_server/internal/inference_engine/deep_prompts/prompts.go:263.2,263.11 1 1
backend_server/internal/config/config.go:219.30,221.2 1 1
backend_server/internal/config/config.go:224.42,228.35 2 1
backend_server/internal/config/config.go:228.35,229.46 1 1
backend_server/internal/config/config.go:229.46,230.9 1 0
backend_server/internal/config/config.go:236.2,249.45 8 1
backend_server/internal/config/config.go:249.45,250.56 1 1
backend_server/internal/config/config.go:250.56,252.4 1 0
backend_server/internal/config/config.go:256.2,257.49 2 1
backend_server/internal/config/config.go:257.49,259.3 1 0
backend_server/internal/config/config.go:262.2,262.45 1 1
backend_server/internal/config/config.go:262.45,264.3 1 0
backend_server/internal/config/config.go:267.2,267.48 1 1
backend_server/internal/config/config.go:267.48,269.3 1 0
backend_server/internal/config/config.go:271.2,271.21 1 1
backend_server/internal/config/config.go:276.38,278.16 2 1
backend_server/internal/config/config.go:278.16,280.3 1 0
backend_server/internal/config/config.go:282.2,283.54 2 1
backend_server/internal/config/config.go:283.54,285.3 1 0
backend_server/internal/config/config.go:287.2,287.24 1 1
backend_server/internal/config/config.go:291.46,292.34 1 1
backend_server/internal/config/config.go:292.34,294.17 2 1
backend_server/internal/config/config.go:294.17,296.4 1 0
backend_server/internal/config/config.go:297.3,298.23 2 1
backend_server/internal/config/config.go:300.2,300.18 1 1
backend_server/internal/config/config.go:304.38,308.27 2 1
backend_server/internal/config/config.go:308.27,310.17 2 1
backend_server/internal/config/config.go:310.17,312.4 1 0
backend_server/internal/config/config.go:314.3,315.50 2 1
backend_server/internal/config/config.go:315.50,317.4 1 0
backend_server/internal/config/config.go:321.2,321.31 1 1
backend_server/internal/config/config.go:321.31,323.17 2 1
backend_server/internal/config/config.go:323.17,325.4 1 0
backend_server/internal/config/config.go:326.3,326.64 1 1
backend_server/internal/config/config.go:326.64,328.4 1 0
backend_server/internal/config/config.go:331.2,331.31 1 1
backend_server/internal/config/config.go:331.31,333.17 2 1
backend_server/internal/config/config.go:333.17,335.4 1 0
backend_server/internal/config/config.go:336.3,336.64 1 1
backend_server/internal/config/config.go:336.64,338.4 1 0
backend_server/internal/config/config.go:341.2,341.36 1 1
backend_server/internal/config/config.go:341.36,343.17 2 1
backend_server/internal/config/config.go:343.17,345.4 1 0
backend_server/internal/config/config.go:346.3,346.69 1 1
backend_server/internal/config/config.go:346.69,348.4 1 0
backend_server/internal/config/config.go:352.2,352.33 1 1
backend_server/internal/config/config.go:352.33,354.17 2 1
backend_server/internal/config/config.go:354.17,356.4 1 0
backend_server/internal/config/config.go:357.3,357.66 1 1
backend_server/internal/config/config.go:357.66,359.4 1 0
backend_server/internal/config/config.go:363.2,363.24 1 1
backend_server/internal/config/config.go:363.24,365.17 2 1
backend_server/internal/config/config.go:365.17,367.4 1 0
backend_server/internal/config/config.go:368.3,369.51 2 1
backend_server/internal/config/config.go:369.51,371.4 1 0
backend_server/internal/config/config.go:374.2,374.12 1 1
backend_server/internal/config/config.go:378.20,380.16 2 1
backend_server/internal/config/config.go:380.16,383.3 1 0
backend_server/internal/config/config.go:386.2,471.41 64 1
backend_server/internal/config/config.go:475.40,477.49 1 1
backend_server/internal/config/config.go:477.49,479.3 1 1
backend_server/internal/config/config.go:482.2,483.19 2 1
backend_server/internal/config/config.go:483.19,485.3 1 1
backend_server/internal/config/config.go:486.2,486.19 1 1
backend_server/internal/config/config.go:486.19,488.3 1 1
backend_server/internal/config/config.go:490.2,490.24 1 1
backend_server/internal/config/config.go:490.24,492.3 1 0
backend_server/internal/config/config.go:494.2,494.29 1 1
backend_server/internal/config/config.go:494.29,496.3 1 0
backend_server/internal/config/config.go:499.2,500.21 2 1
backend_server/internal/config/config.go:500.21,502.3 1 1
backend_server/internal/config/config.go:503.2,503.76 1 1
backend_server/internal/config/config.go:503.76,505.3 1 0
backend_server/internal/config/config.go:508.2,508.42 1 1
backend_server/internal/config/config.go:508.42,509.24 1 0
backend_server/internal/config/config.go:509.24,511.4 1 0
backend_server/internal/config/config.go:512.3,512.33 1 0
backend_server/internal/config/config.go:512.33,514.4 1 0
backend_server/internal/config/config.go:517.2,517.12 1 1
backend_server/internal/inference_engine/anthropic_provider.go:57.13,61.2 3 1
backend_server/internal/inference_engine/anthropic_provider.go:63.100,73.26 3 1
backend_server/internal/inference_engine/anthropic_provider.go:73.26,75.3 1 1
backend_server/internal/inference_engine/anthropic_provider.go:76.2,76.33 1 1
backend_server/internal/inference_engine/anthropic_provider.go:76.33,78.3 1 1
backend_server/internal/inference_engine/anthropic_provider.go:79.2,80.17 2 1
backend_server/internal/inference_engine/anthropic_provider.go:83.43,85.2 1 1
backend_server/internal/inference_engine/anthropic_provider.go:87.47,89.2 1 1
backend_server/internal/inference_engine/anthropic_provider.go:91.57,100.35 4 1
backend_server/internal/inference_engine/anthropic_provider.go:100.35,102.3 1 1
backend_server/internal/inference_engine/anthropic_provider.go:103.2,103.16 1 1
backend_server/internal/inference_engine/anthropic_provider.go:106.107,108.2 1 1
backend_server/internal/inference_engine/anthropic_provider.go:110.142,116.31 5 1
backend_server/internal/inference_engine/anthropic_provider.go:116.31,118.84 2 1
backend_server/internal/inference_engine/anthropic_provider.go:118.84,120.4 1 1
backend_server/internal/inference_engine/anthropic_provider.go:120.9,120.51 1 1
backend_server/internal/inference_engine/anthropic_provider.go:120.51,122.12 2 1
backend_server/internal/inference_engine/anthropic_provider.go:124.3,124.88 1 1
backend_server/internal/inference_engine/anthropic_provider.go:127.2,134.55 2 1
backend_server/internal/inference_engine/anthropic_provider.go:134.55,136.3 1 1
backend_server/internal/inference_engine/anthropic_provider.go:137.2,137.57 1 1
backend_server/internal/inference_engine/anthropic_provider.go:137.57,139.3 1 1
backend_server/internal/inference_engine/anthropic_provider.go:140.2,140.48 1 1
backend_server/internal/inference_engine/anthropic_provider.go:140.48,142.3 1 1
backend_server/internal/inference_engine/anthropic_provider.go:144.2,144.26 1 1
backend_server/internal/inference_engine/anthropic_provider.go:147.72,149.56 2 1
backend_server/internal/inference_engine/anthropic_provider.go:149.56,151.3 1 1
backend_server/internal/inference_engine/anthropic_provider.go:153.2,153.69 1 1
backend_server/internal/inference_engine/anthropic_provider.go:153.69,155.3 1 1
backend_server/internal/inference_engine/anthropic_provider.go:157.2,157.70 1 1
backend_server/internal/inference_engine/anthropic_provider.go:160.67,163.16 3 1
backend_server/internal/inference_engine/anthropic_provider.go:163.16,165.3 1 1
backend_server/internal/inference_engine/anthropic_provider.go:166.2,166.63 1 1
backend_server/internal/inference_engine/anthropic_provider.go:166.63,168.3 1 1
backend_server/internal/inference_engine/anthropic_provider.go:169.2,169.81 1 1
backend_server/internal/inference_engine/anthropic_provider.go:169.81,171.3 1 1
backend_server/internal/inference_engine/anthropic_provider.go:172.2,172.46 1 1
backend_server/internal/inference_engine/anthropic_provider.go:172.46,174.3 1 1
backend_server/internal/inference_engine/anthropic_provider.go:177.70,180.13 3 1
backend_server/internal/inference_engine/anthropic_provider.go:181.15,182.34 1 1
backend_server/internal/inference_engine/anthropic_provider.go:182.34,184.4 1 1
backend_server/internal/inference_engine/anthropic_provider.go:185.20,186.31 1 1
backend_server/internal/inference_engine/anthropic_provider.go:186.31,188.4 1 1
backend_server/internal/inference_engine/anthropic_provider.go:194.137,196.2 1 1
backend_server/internal/inference_engine/anthropic_provider.go:197.78,197.94 1 1
backend_server/internal/inference_engine/anthropic_provider.go:198.78,198.98 1 1
backend_server/internal/inference_engine/anthropic_provider.go:199.79,199.80 0 0
backend_server/internal/inference_engine/anthropic_provider.go:200.78,200.99 1 0
backend_server/internal/inference_engine/anthropic_provider.go:201.78,201.94 1 1
backend_server/internal/inference_engine/anthropic_provider.go:202.113,204.2 1 1
backend_server/internal/inference_engine/anthropic_provider.go:205.79,207.2 1 1
backend_server/internal/inference_engine/cerebras_provider.go:181.13,186.2 3 1
backend_server/internal/inference_engine/cerebras_provider.go:192.99,204.26 3 0
backend_server/internal/inference_engine/cerebras_provider.go:204.26,206.3 1 0
backend_server/internal/inference_engine/cerebras_provider.go:208.2,208.33 1 0
backend_server/internal/inference_engine/cerebras_provider.go:208.33,210.3 1 0
backend_server/internal/inference_engine/cerebras_provider.go:211.2,212.17 2 0
backend_server/internal/inference_engine/cerebras_provider.go:216.42,218.2 1 0
backend_server/internal/inference_engine/cerebras_provider.go:221.46,225.2 2 0
backend_server/internal/inference_engine/cerebras_provider.go:228.56,237.20 4 0
backend_server/internal/inference_engine/cerebras_provider.go:237.20,239.3 1 0
backend_server/internal/inference_engine/cerebras_provider.go:239.8,242.3 1 0
backend_server/internal/inference_engine/cerebras_provider.go:243.2,243.35 1 0
backend_server/internal/inference_engine/cerebras_provider.go:243.35,245.3 1 0
backend_server/internal/inference_engine/cerebras_provider.go:246.2,246.16 1 0
backend_server/internal/inference_engine/cerebras_provider.go:251.88,253.31 2 0
backend_server/internal/inference_engine/cerebras_provider.go:253.31,255.36 2 0
backend_server/internal/inference_engine/cerebras_provider.go:256.38,257.36 1 0
backend_server/internal/inference_engine/cerebras_provider.go:258.13,259.22 1 0
backend_server/internal/inference_engine/cerebras_provider.go:264.3,269.44 2 0
backend_server/internal/inference_engine/cerebras_provider.go:271.2,271.20 1 0
backend_server/internal/inference_engine/cerebras_provider.go:275.78,276.26 1 0
backend_server/internal/inference_engine/cerebras_provider.go:276.26,278.3 1 0
backend_server/internal/inference_engine/cerebras_provider.go:279.2,280.34 2 0
backend_server/internal/inference_engine/cerebras_provider.go:280.34,281.30 1 0
backend_server/internal/inference_engine/cerebras_provider.go:281.30,283.12 2 0
backend_server/internal/inference_engine/cerebras_provider.go:287.3,293.38 2 0
backend_server/internal/inference_engine/cerebras_provider.go:293.38,295.76 2 0
backend_server/internal/inference_engine/cerebras_provider.go:295.76,297.5 1 0
backend_server/internal/inference_engine/cerebras_provider.go:297.10,299.5 1 0
backend_server/internal/inference_engine/cerebras_provider.go:302.3,314.39 2 0
backend_server/internal/inference_engine/cerebras_provider.go:316.2,316.22 1 0
backend_server/internal/inference_engine/cerebras_provider.go:321.65,322.24 1 0
backend_server/internal/inference_engine/cerebras_provider.go:322.24,324.3 1 0
backend_server/internal/inference_engine/cerebras_provider.go:325.2,325.47 1 0
backend_server/internal/inference_engine/cerebras_provider.go:325.47,327.82 2 0
backend_server/internal/inference_engine/cerebras_provider.go:327.82,329.4 1 0
backend_server/internal/inference_engine/cerebras_provider.go:331.3,337.4 2 0
backend_server/internal/inference_engine/cerebras_provider.go:340.2,340.63 1 0
backend_server/internal/inference_engine/cerebras_provider.go:340.63,341.77 1 0
backend_server/internal/inference_engine/cerebras_provider.go:341.77,342.73 1 0
backend_server/internal/inference_engine/cerebras_provider.go:342.73,343.46 1 0
backend_server/internal/inference_engine/cerebras_provider.go:343.46,345.6 1 0
backend_server/internal/inference_engine/cerebras_provider.go:349.2,350.15 2 0
backend_server/internal/inference_engine/cerebras_provider.go:354.106,376.55 10 0
backend_server/internal/inference_engine/cerebras_provider.go:376.55,378.3 1 0
backend_server/internal/inference_engine/cerebras_provider.go:379.2,379.44 1 0
backend_server/internal/inference_engine/cerebras_provider.go:379.44,380.29 1 0
backend_server/internal/inference_engine/cerebras_provider.go:381.12,382.14 1 0
backend_server/internal/inference_engine/cerebras_provider.go:382.14,384.5 1 0
backend_server/internal/inference_engine/cerebras_provider.go:385.16,386.14 1 0
backend_server/internal/inference_engine/cerebras_provider.go:386.14,388.5 1 0
backend_server/internal/inference_engine/cerebras_provider.go:391.2,391.54 1 0
backend_server/internal/inference_engine/cerebras_provider.go:391.54,393.3 1 0
backend_server/internal/inference_engine/cerebras_provider.go:394.2,394.48 1 0
backend_server/internal/inference_engine/cerebras_provider.go:394.48,396.3 1 0
backend_server/internal/inference_engine/cerebras_provider.go:397.2,397.37 1 0
backend_server/internal/inference_engine/cerebras_provider.go:397.37,398.27 1 0
backend_server/internal/inference_engine/cerebras_provider.go:399.12,401.22 2 0
backend_server/internal/inference_engine/cerebras_provider.go:402.14,403.17 1 0
backend_server/internal/inference_engine/cerebras_provider.go:404.16,406.22 2 0
backend_server/internal/inference_engine/cerebras_provider.go:409.2,409.51 1 0
backend_server/internal/inference_engine/cerebras_provider.go:409.51,411.3 1 0
backend_server/internal/inference_engine/cerebras_provider.go:414.2,414.57 1 0
backend_server/internal/inference_engine/cerebras_provider.go:414.57,416.17 2 0
backend_server/internal/inference_engine/cerebras_provider.go:416.17,418.4 1 0
backend_server/internal/inference_engine/cerebras_provider.go:419.3,419.23 1 0
backend_server/internal/inference_engine/cerebras_provider.go:421.2,421.53 1 0
backend_server/internal/inference_engine/cerebras_provider.go:421.53,425.43 2 0
backend_server/internal/inference_engine/cerebras_provider.go:425.43,427.4 1 0
backend_server/internal/inference_engine/cerebras_provider.go:427.9,427.58 1 0
backend_server/internal/inference_engine/cerebras_provider.go:427.58,435.4 2 0
backend_server/internal/inference_engine/cerebras_provider.go:435.9,438.4 1 0
backend_server/internal/inference_engine/cerebras_provider.go:442.2,442.58 1 0
backend_server/internal/inference_engine/cerebras_provider.go:442.58,444.3 1 0
backend_server/internal/inference_engine/cerebras_provider.go:447.2,447.54 1 0
backend_server/internal/inference_engine/cerebras_provider.go:447.54,448.58 1 0
backend_server/internal/inference_engine/cerebras_provider.go:448.58,467.4 1 0
backend_server/internal/inference_engine/cerebras_provider.go:467.9,469.4 1 0
backend_server/internal/inference_engine/cerebras_provider.go:472.2,473.18 2 0
backend_server/internal/inference_engine/cerebras_provider.go:473.18,475.3 1 0
backend_server/internal/inference_engine/cerebras_provider.go:477.2,477.26 1 0
backend_server/internal/inference_engine/cerebras_provider.go:481.136,482.29 1 0
backend_server/internal/inference_engine/cerebras_provider.go:482.29,484.3 1 0
backend_server/internal/inference_engine/cerebras_provider.go:486.2,487.46 2 0
backend_server/internal/inference_engine/cerebras_provider.go:487.46,489.3 1 0
backend_server/internal/inference_engine/cerebras_provider.go:489.8,492.23 3 0
backend_server/internal/inference_engine/cerebras_provider.go:492.23,494.4 1 0
backend_server/internal/inference_engine/cerebras_provider.go:497.2,497.20 1 0
backend_server/internal/inference_engine/cerebras_provider.go:497.20,499.3 1 0
backend_server/internal/inference_engine/cerebras_provider.go:500.2,502.42 2 0
backend_server/internal/inference_engine/cerebras_provider.go:507.141,527.55 10 0
backend_server/internal/inference_engine/cerebras_provider.go:527.55,529.3 1 0
backend_server/internal/inference_engine/cerebras_provider.go:530.2,530.44 1 0
backend_server/internal/inference_engine/cerebras_provider.go:530.44,531.29 1 0
backend_server/internal/inference_engine/cerebras_provider.go:532.12,533.14 1 0
backend_server/internal/inference_engine/cerebras_provider.go:533.14,535.5 1 0
backend_server/internal/inference_engine/cerebras_provider.go:536.16,537.14 1 0
backend_server/internal/inference_engine/cerebras_provider.go:537.14,539.5 1 0
backend_server/internal/inference_engine/cerebras_provider.go:542.2,542.54 1 0
backend_server/internal/inference_engine/cerebras_provider.go:542.54,544.3 1 0
backend_server/internal/inference_engine/cerebras_provider.go:545.2,545.48 1 0
backend_server/internal/inference_engine/cerebras_provider.go:545.48,547.3 1 0
backend_server/internal/inference_engine/cerebras_provider.go:548.2,548.37 1 0
backend_server/internal/inference_engine/cerebras_provider.go:548.37,549.27 1 0
backend_server/internal/inference_engine/cerebras_provider.go:550.12,552.22 2 0
backend_server/internal/inference_engine/cerebras_provider.go:553.14,554.17 1 0
backend_server/internal/inference_engine/cerebras_provider.go:555.16,557.22 2 0
backend_server/internal/inference_engine/cerebras_provider.go:560.2,560.51 1 0
backend_server/internal/inference_engine/cerebras_provider.go:560.51,562.3 1 0
backend_server/internal/inference_engine/cerebras_provider.go:565.2,565.57 1 0
backend_server/internal/inference_engine/cerebras_provider.go:565.57,567.17 2 0
backend_server/internal/inference_engine/cerebras_provider.go:567.17,569.4 1 0
backend_server/internal/inference_engine/cerebras_provider.go:570.3,570.23 1 0
backend_server/internal/inference_engine/cerebras_provider.go:572.2,572.53 1 0
backend_server/internal/inference_engine/cerebras_provider.go:572.53,574.43 2 0
backend_server/internal/inference_engine/cerebras_provider.go:574.43,576.4 1 0
backend_server/internal/inference_engine/cerebras_provider.go:576.9,580.4 2 0
backend_server/internal/inference_engine/cerebras_provider.go:584.2,584.58 1 0
backend_server/internal/inference_engine/cerebras_provider.go:584.58,586.3 1 0
backend_server/internal/inference_engine/cerebras_provider.go:589.2,589.54 1 0
backend_server/internal/inference_engine/cerebras_provider.go:589.54,590.58 1 0
backend_server/internal/inference_engine/cerebras_provider.go:590.58,609.4 1 0
backend_server/internal/inference_engine/cerebras_provider.go:609.9,611.4 1 0
backend_server/internal/inference_engine/cerebras_provider.go:614.2,615.18 2 0
backend_server/internal/inference_engine/cerebras_provider.go:615.18,617.3 1 0
backend_server/internal/inference_engine/cerebras_provider.go:619.2,619.26 1 0
backend_server/internal/inference_engine/cerebras_provider.go:623.71,625.56 2 0
backend_server/internal/inference_engine/cerebras_provider.go:625.56,628.3 2 0
backend_server/internal/inference_engine/cerebras_provider.go:630.2,630.32 1 0
backend_server/internal/inference_engine/cerebras_provider.go:630.32,633.56 3 0
backend_server/internal/inference_engine/cerebras_provider.go:633.56,634.42 1 0
backend_server/internal/inference_engine/cerebras_provider.go:634.42,636.5 1 0
backend_server/internal/inference_engine/cerebras_provider.go:638.3,638.70 1 0
backend_server/internal/inference_engine/cerebras_provider.go:641.2,643.41 2 0
backend_server/internal/inference_engine/cerebras_provider.go:643.41,646.3 2 0
backend_server/internal/inference_engine/cerebras_provider.go:648.2,648.36 1 0
backend_server/internal/inference_engine/cerebras_provider.go:652.76,655.27 3 0
backend_server/internal/inference_engine/cerebras_provider.go:655.27,657.3 1 0
backend_server/internal/inference_engine/cerebras_provider.go:658.2,658.33 1 0
backend_server/internal/inference_engine/cerebras_provider.go:658.33,660.3 1 0
backend_server/internal/inference_engine/cerebras_provider.go:661.2,661.64 1 0
backend_server/internal/inference_engine/cerebras_provider.go:665.77,667.56 2 0
backend_server/internal/inference_engine/cerebras_provider.go:667.56,669.3 1 0
backend_server/internal/inference_engine/cerebras_provider.go:671.2,671.83 1 0
backend_server/internal/inference_engine/cerebras_provider.go:671.83,673.25 2 0
backend_server/internal/inference_engine/cerebras_provider.go:673.25,678.33 3 0
backend_server/internal/inference_engine/cerebras_provider.go:678.33,687.5 1 0
backend_server/internal/inference_engine/cerebras_provider.go:689.4,690.18 2 0
backend_server/internal/inference_engine/cerebras_provider.go:690.18,693.5 2 0
backend_server/internal/inference_engine/cerebras_provider.go:695.4,695.29 1 0
backend_server/internal/inference_engine/cerebras_provider.go:699.2,699.18 1 0
backend_server/internal/inference_engine/cerebras_provider.go:703.54,705.2 1 0
backend_server/internal/inference_engine/cerebras_provider.go:708.66,719.16 9 0
backend_server/internal/inference_engine/cerebras_provider.go:719.16,721.3 1 0
backend_server/internal/inference_engine/cerebras_provider.go:723.2,723.24 1 0
backend_server/internal/inference_engine/cerebras_provider.go:723.24,724.46 1 0
backend_server/internal/inference_engine/cerebras_provider.go:724.46,726.4 1 0
backend_server/internal/inference_engine/cerebras_provider.go:730.2,730.91 1 0
backend_server/internal/inference_engine/cerebras_provider.go:730.91,732.3 1 0
backend_server/internal/inference_engine/cerebras_provider.go:733.2,733.44 1 0
backend_server/internal/inference_engine/cerebras_provider.go:733.44,735.3 1 0
backend_server/internal/inference_engine/cerebras_provider.go:736.2,736.72 1 0
backend_server/internal/inference_engine/cerebras_provider.go:736.72,738.3 1 0
backend_server/internal/inference_engine/cerebras_provider.go:739.2,739.26 1 0
backend_server/internal/inference_engine/cerebras_provider.go:739.26,741.3 1 0
backend_server/internal/inference_engine/cerebras_provider.go:742.2,742.19 1 0
backend_server/internal/inference_engine/cerebras_provider.go:742.19,744.3 1 0
backend_server/internal/inference_engine/cerebras_provider.go:745.2,745.19 1 0
backend_server/internal/inference_engine/cerebras_provider.go:745.19,747.3 1 0
backend_server/internal/inference_engine/cerebras_provider.go:750.2,750.87 1 0
backend_server/internal/inference_engine/cerebras_provider.go:750.87,752.3 1 0
backend_server/internal/inference_engine/cerebras_provider.go:753.2,753.68 1 0
backend_server/internal/inference_engine/cerebras_provider.go:753.68,755.3 1 0
backend_server/internal/inference_engine/cerebras_provider.go:758.2,758.49 1 0
backend_server/internal/inference_engine/cerebras_provider.go:758.49,760.3 1 0
backend_server/internal/inference_engine/cerebras_provider.go:761.2,761.38 1 0
backend_server/internal/inference_engine/cerebras_provider.go:761.38,763.3 1 0
backend_server/internal/inference_engine/cerebras_provider.go:765.2,765.86 1 0
backend_server/internal/inference_engine/cerebras_provider.go:769.77,770.13 1 0
backend_server/internal/inference_engine/cerebras_provider.go:771.17,772.34 1 0
backend_server/internal/inference_engine/cerebras_provider.go:772.34,774.4 1 0
backend_server/internal/inference_engine/cerebras_provider.go:775.15,776.34 1 0
backend_server/internal/inference_engine/cerebras_provider.go:776.34,778.4 1 0
backend_server/internal/inference_engine/cerebras_provider.go:779.20,780.28 1 0
backend_server/internal/inference_engine/cerebras_provider.go:781.12,782.13 1 0
backend_server/internal/inference_engine/cerebras_provider.go:782.13,784.5 1 0
backend_server/internal/inference_engine/cerebras_provider.go:785.16,786.13 1 0
backend_server/internal/inference_engine/cerebras_provider.go:786.13,788.5 1 0
backend_server/internal/inference_engine/cerebras_provider.go:790.21,791.35 1 0
backend_server/internal/inference_engine/cerebras_provider.go:791.35,793.4 1 0
backend_server/internal/inference_engine/cerebras_provider.go:794.15,795.35 1 0
backend_server/internal/inference_engine/cerebras_provider.go:795.35,797.4 1 0
backend_server/internal/inference_engine/cerebras_provider.go:798.14,799.28 1 0
backend_server/internal/inference_engine/cerebras_provider.go:800.12,802.21 2 0
backend_server/internal/inference_engine/cerebras_provider.go:803.14,804.15 1 0
backend_server/internal/inference_engine/cerebras_provider.go:805.16,807.21 2 0
backend_server/internal/inference_engine/cerebras_provider.go:809.10,810.84 1 0
backend_server/internal/inference_engine/cerebras_provider.go:815.69,820.2 4 0
backend_server/internal/inference_engine/cerebras_provider.go:823.59,826.19 3 0
backend_server/internal/inference_engine/cerebras_provider.go:826.19,829.3 2 0
backend_server/internal/inference_engine/cerebras_provider.go:833.53,835.2 1 0
backend_server/internal/inference_engine/cerebras_provider.go:838.112,839.20 1 0
backend_server/internal/inference_engine/cerebras_provider.go:839.20,841.3 1 0
backend_server/internal/inference_engine/cerebras_provider.go:842.2,845.42 2 0
backend_server/internal/inference_engine/cerebras_provider.go:849.78,851.30 2 0
backend_server/internal/inference_engine/cerebras_provider.go:851.30,853.3 1 0
backend_server/internal/inference_engine/cerebras_provider.go:854.2,854.24 1 0
backend_server/internal/inference_engine/cerebras_provider.go:854.24,856.3 1 0
backend_server/internal/inference_engine/cerebras_provider.go:858.2,859.73 2 0
backend_server/internal/inference_engine/cerebras_provider.go:859.73,862.81 2 0
backend_server/internal/inference_engine/cerebras_provider.go:862.81,863.43 1 0
backend_server/internal/inference_engine/cerebras_provider.go:863.43,865.58 2 0
backend_server/internal/inference_engine/cerebras_provider.go:865.58,866.51 1 0
backend_server/internal/inference_engine/cerebras_provider.go:866.51,868.7 1 0
backend_server/internal/inference_engine/cerebras_provider.go:870.5,870.86 1 0
backend_server/internal/inference_engine/cerebras_provider.go:873.3,874.69 2 0
backend_server/internal/inference_engine/cerebras_provider.go:877.2,877.33 1 0
backend_server/internal/inference_engine/cerebras_provider.go:877.33,879.3 1 0
backend_server/internal/inference_engine/cerebras_provider.go:881.2,884.37 2 0
backend_server/internal/inference_engine/cerebras_provider.go:884.37,892.3 2 0
backend_server/internal/inference_engine/cerebras_provider.go:894.2,894.32 1 0
backend_server/internal/inference_engine/cerebras_provider.go:894.32,897.3 2 0
backend_server/internal/inference_engine/cerebras_provider.go:899.2,899.34 1 0
backend_server/internal/inference_engine/cerebras_provider.go:923.42,928.2 1 0
backend_server/internal/inference_engine/cerebras_provider.go:931.70,933.31 2 0
backend_server/internal/inference_engine/cerebras_provider.go:933.31,938.3 1 0
backend_server/internal/inference_engine/cerebras_provider.go:939.2,939.25 1 0
backend_server/internal/inference_engine/cerebras_provider.go:944.146,945.18 1 0
backend_server/internal/inference_engine/cerebras_provider.go:945.18,947.3 1 0
backend_server/internal/inference_engine/cerebras_provider.go:948.2,948.17 1 0
backend_server/internal/inference_engine/cerebras_provider.go:948.17,950.3 1 0
backend_server/internal/inference_engine/cerebras_provider.go:951.2,951.24 1 0
backend_server/internal/inference_engine/cerebras_provider.go:951.24,953.3 1 0
backend_server/internal/inference_engine/cerebras_provider.go:956.2,968.16 4 0
backend_server/internal/inference_engine/cerebras_provider.go:968.16,970.3 1 0
backend_server/internal/inference_engine/cerebras_provider.go:973.2,974.16 2 0
backend_server/internal/inference_engine/cerebras_provider.go:974.16,976.3 1 0
backend_server/internal/inference_engine/cerebras_provider.go:979.2,985.16 5 0
backend_server/internal/inference_engine/cerebras_provider.go:985.16,987.39 1 0
backend_server/internal/inference_engine/cerebras_provider.go:987.39,990.4 2 0
backend_server/internal/inference_engine/cerebras_provider.go:991.3,991.47 1 0
backend_server/internal/inference_engine/cerebras_provider.go:991.47,994.4 2 0
backend_server/internal/inference_engine/cerebras_provider.go:995.3,995.75 1 0
backend_server/internal/inference_engine/cerebras_provider.go:997.2,1001.16 3 0
backend_server/internal/inference_engine/cerebras_provider.go:1001.16,1003.3 1 0
backend_server/internal/inference_engine/cerebras_provider.go:1006.2,1006.38 1 0
backend_server/internal/inference_engine/cerebras_provider.go:1006.38,1009.3 2 0
backend_server/internal/inference_engine/cerebras_provider.go:1012.2,1013.56 2 0
backend_server/internal/inference_engine/cerebras_provider.go:1013.56,1015.3 1 0
backend_server/internal/inference_engine/cerebras_provider.go:1018.2,1018.77 1 0
backend_server/internal/inference_engine/cerebras_provider.go:1018.77,1021.3 2 0
backend_server/internal/inference_engine/cerebras_provider.go:1024.2,1024.49 1 0
backend_server/internal/inference_engine/context_strategist.go:69.70,70.37 1 1
backend_server/internal/inference_engine/context_strategist.go:70.37,72.3 1 1
backend_server/internal/inference_engine/context_strategist.go:76.57,77.37 1 1
backend_server/internal/inference_engine/context_strategist.go:77.37,79.3 1 1
backend_server/internal/inference_engine/context_strategist.go:83.60,84.37 1 0
backend_server/internal/inference_engine/context_strategist.go:84.37,86.3 1 0
backend_server/internal/inference_engine/context_strategist.go:90.62,91.37 1 0
backend_server/internal/inference_engine/context_strategist.go:91.37,93.3 1 0
backend_server/internal/inference_engine/context_strategist.go:97.65,98.37 1 0
backend_server/internal/inference_engine/context_strategist.go:98.37,100.3 1 0
backend_server/internal/inference_engine/context_strategist.go:112.146,126.27 2 1
backend_server/internal/inference_engine/context_strategist.go:126.27,128.3 1 1
backend_server/internal/inference_engine/context_strategist.go:130.2,130.11 1 1
backend_server/internal/inference_engine/context_strategist.go:134.149,137.16 2 1
backend_server/internal/inference_engine/context_strategist.go:137.16,141.36 3 0
backend_server/internal/inference_engine/context_strategist.go:141.36,142.63 1 0
backend_server/internal/inference_engine/context_strategist.go:142.63,144.10 2 0
backend_server/internal/inference_engine/context_strategist.go:147.3,147.21 1 0
backend_server/internal/inference_engine/context_strategist.go:147.21,149.4 1 0
backend_server/internal/inference_engine/context_strategist.go:152.2,154.18 2 1
backend_server/internal/inference_engine/context_strategist.go:155.29,156.51 1 1
backend_server/internal/inference_engine/context_strategist.go:157.26,158.74 1 1
backend_server/internal/inference_engine/context_strategist.go:159.10,161.74 2 0
backend_server/internal/inference_engine/context_strategist.go:166.104,178.16 3 1
backend_server/internal/inference_engine/context_strategist.go:178.16,180.3 1 0
backend_server/internal/inference_engine/context_strategist.go:182.2,183.54 2 1
backend_server/internal/inference_engine/context_strategist.go:183.54,185.3 1 1
backend_server/internal/inference_engine/context_strategist.go:186.2,186.32 1 1
backend_server/internal/inference_engine/context_strategist.go:190.110,191.28 1 1
backend_server/internal/inference_engine/context_strategist.go:191.28,193.3 1 1
backend_server/internal/inference_engine/context_strategist.go:194.2,195.63 2 1
backend_server/internal/inference_engine/context_strategist.go:199.124,208.2 2 1
backend_server/internal/inference_engine/context_strategist.go:212.152,213.16 1 1
backend_server/internal/inference_engine/context_strategist.go:213.16,215.3 1 1
backend_server/internal/inference_engine/context_strategist.go:217.2,218.22 2 1
backend_server/internal/inference_engine/context_strategist.go:218.22,220.3 1 0
backend_server/internal/inference_engine/context_strategist.go:222.2,222.124 1 1
backend_server/internal/inference_engine/context_strategist.go:222.124,223.46 1 1
backend_server/internal/inference_engine/context_strategist.go:223.46,225.4 1 1
backend_server/internal/inference_engine/context_strategist.go:226.3,226.22 1 0
backend_server/internal/inference_engine/context_strategist.go:230.2,230.47 1 1
backend_server/internal/inference_engine/context_strategist.go:230.47,232.3 1 0
backend_server/internal/inference_engine/context_strategist.go:235.2,235.68 1 1
backend_server/internal/inference_engine/context_strategist.go:239.68,240.21 1 1
backend_server/internal/inference_engine/context_strategist.go:241.24,245.32 3 0
backend_server/internal/inference_engine/context_strategist.go:245.32,247.21 2 0
backend_server/internal/inference_engine/context_strategist.go:247.21,249.5 1 0
backend_server/internal/inference_engine/context_strategist.go:251.3,251.24 1 0
backend_server/internal/inference_engine/context_strategist.go:253.23,260.38 4 0
backend_server/internal/inference_engine/context_strategist.go:260.38,262.21 2 0
backend_server/internal/inference_engine/context_strategist.go:262.21,264.53 1 0
backend_server/internal/inference_engine/context_strategist.go:264.53,266.71 2 0
backend_server/internal/inference_engine/context_strategist.go:266.71,268.73 2 0
backend_server/internal/inference_engine/context_strategist.go:268.73,270.8 1 0
backend_server/internal/inference_engine/context_strategist.go:273.5,273.59 1 0
backend_server/internal/inference_engine/context_strategist.go:278.3,278.56 1 0
backend_server/internal/inference_engine/context_strategist.go:280.25,282.36 1 1
backend_server/internal/inference_engine/context_strategist.go:284.10,288.34 3 0
backend_server/internal/inference_engine/context_strategist.go:293.84,294.25 1 0
backend_server/internal/inference_engine/context_strategist.go:294.25,296.3 1 0
backend_server/internal/inference_engine/context_strategist.go:298.2,302.37 4 0
backend_server/internal/inference_engine/context_strategist.go:302.37,306.74 2 0
backend_server/internal/inference_engine/context_strategist.go:306.74,310.4 3 0
backend_server/internal/inference_engine/context_strategist.go:313.3,313.24 1 0
backend_server/internal/inference_engine/context_strategist.go:313.24,315.4 1 0
backend_server/internal/inference_engine/context_strategist.go:316.3,317.34 2 0
backend_server/internal/inference_engine/context_strategist.go:321.2,321.28 1 0
backend_server/internal/inference_engine/context_strategist.go:321.28,323.3 1 0
backend_server/internal/inference_engine/context_strategist.go:325.2,325.15 1 0
backend_server/internal/inference_engine/context_strategist.go:329.70,337.39 5 1
backend_server/internal/inference_engine/context_strategist.go:337.39,339.20 2 1
backend_server/internal/inference_engine/context_strategist.go:339.20,340.12 1 0
backend_server/internal/inference_engine/context_strategist.go:343.3,346.40 2 1
backend_server/internal/inference_engine/context_strategist.go:346.40,348.30 1 0
backend_server/internal/inference_engine/context_strategist.go:348.30,352.5 3 0
backend_server/internal/inference_engine/context_strategist.go:355.4,359.39 4 0
backend_server/internal/inference_engine/context_strategist.go:359.39,361.30 2 0
backend_server/internal/inference_engine/context_strategist.go:361.30,362.14 1 0
backend_server/internal/inference_engine/context_strategist.go:365.5,365.72 1 0
backend_server/internal/inference_engine/context_strategist.go:365.72,367.82 2 0
backend_server/internal/inference_engine/context_strategist.go:367.82,369.73 2 0
backend_server/internal/inference_engine/context_strategist.go:369.73,371.8 1 0
backend_server/internal/inference_engine/context_strategist.go:375.5,378.92 2 0
backend_server/internal/inference_engine/context_strategist.go:378.92,382.6 3 0
backend_server/internal/inference_engine/context_strategist.go:385.5,385.34 1 0
backend_server/internal/inference_engine/context_strategist.go:385.34,387.6 1 0
backend_server/internal/inference_engine/context_strategist.go:388.5,389.44 2 0
backend_server/internal/inference_engine/context_strategist.go:393.4,393.38 1 0
backend_server/internal/inference_engine/context_strategist.go:393.38,395.5 1 0
backend_server/internal/inference_engine/context_strategist.go:396.9,396.61 1 1
backend_server/internal/inference_engine/context_strategist.go:396.61,402.4 4 0
backend_server/internal/inference_engine/context_strategist.go:402.9,404.25 1 1
backend_server/internal/inference_engine/context_strategist.go:404.25,406.5 1 0
backend_server/internal/inference_engine/context_strategist.go:407.4,408.36 2 1
backend_server/internal/inference_engine/context_strategist.go:413.2,413.28 1 1
backend_server/internal/inference_engine/context_strategist.go:413.28,415.3 1 1
backend_server/internal/inference_engine/context_strategist.go:421.2,421.15 1 1
backend_server/internal/inference_engine/context_strategist.go:426.147,432.31 5 1
backend_server/internal/inference_engine/context_strategist.go:432.31,434.40 2 1
backend_server/internal/inference_engine/context_strategist.go:434.40,442.18 5 1
backend_server/internal/inference_engine/context_strategist.go:442.18,449.5 6 0
backend_server/internal/inference_engine/context_strategist.go:450.4,451.65 2 1
backend_server/internal/inference_engine/context_strategist.go:455.2,461.31 4 1
backend_server/internal/inference_engine/context_strategist.go:466.167,474.26 5 0
backend_server/internal/inference_engine/context_strategist.go:474.26,497.25 8 0
backend_server/internal/inference_engine/context_strategist.go:497.25,502.4 2 0
backend_server/internal/inference_engine/context_strategist.go:506.3,507.25 2 0
backend_server/internal/inference_engine/context_strategist.go:507.25,510.52 2 0
backend_server/internal/inference_engine/context_strategist.go:510.52,513.5 1 0
backend_server/internal/inference_engine/context_strategist.go:514.4,514.106 1 0
backend_server/internal/inference_engine/context_strategist.go:517.3,520.48 3 0
backend_server/internal/inference_engine/context_strategist.go:520.48,523.9 3 0
backend_server/internal/inference_engine/context_strategist.go:526.3,531.34 4 0
backend_server/internal/inference_engine/context_strategist.go:531.34,534.4 2 0
backend_server/internal/inference_engine/context_strategist.go:535.3,545.17 7 0
backend_server/internal/inference_engine/context_strategist.go:545.17,553.4 3 0
backend_server/internal/inference_engine/context_strategist.go:555.3,560.17 4 0
backend_server/internal/inference_engine/context_strategist.go:560.17,563.4 2 0
backend_server/internal/inference_engine/context_strategist.go:563.9,566.4 2 0
backend_server/internal/inference_engine/context_strategist.go:570.2,571.16 2 0
backend_server/internal/inference_engine/context_strategist.go:571.16,574.3 2 0
backend_server/internal/inference_engine/context_strategist.go:576.2,576.25 1 0
backend_server/internal/inference_engine/context_strategist.go:580.144,581.26 1 0
backend_server/internal/inference_engine/context_strategist.go:581.26,583.3 1 0
backend_server/internal/inference_engine/context_strategist.go:585.2,602.40 2 0
backend_server/internal/inference_engine/context_strategist.go:606.149,609.28 2 0
backend_server/internal/inference_engine/context_strategist.go:609.28,611.3 1 0
backend_server/internal/inference_engine/context_strategist.go:613.2,630.43 3 0
backend_server/internal/inference_engine/context_strategist.go:635.73,636.52 1 0
backend_server/internal/inference_engine/context_strategist.go:636.52,638.3 1 0
backend_server/internal/inference_engine/context_strategist.go:640.2,645.33 3 0
backend_server/internal/inference_engine/context_strategist.go:645.33,647.15 1 0
backend_server/internal/inference_engine/context_strategist.go:647.15,649.4 1 0
backend_server/internal/inference_engine/context_strategist.go:651.3,651.34 1 0
backend_server/internal/inference_engine/context_strategist.go:651.34,653.21 1 0
backend_server/internal/inference_engine/context_strategist.go:653.21,655.5 1 0
backend_server/internal/inference_engine/context_strategist.go:657.4,657.22 1 0
backend_server/internal/inference_engine/context_strategist.go:661.3,661.52 1 0
backend_server/internal/inference_engine/context_strategist.go:661.52,663.4 1 0
backend_server/internal/inference_engine/context_strategist.go:663.9,663.85 1 0
backend_server/internal/inference_engine/context_strategist.go:663.85,665.66 1 0
backend_server/internal/inference_engine/context_strategist.go:665.66,667.5 1 0
backend_server/internal/inference_engine/context_strategist.go:672.2,672.18 1 0
backend_server/internal/inference_engine/context_strategist.go:676.69,678.2 1 0
backend_server/internal/inference_engine/context_strategist.go:681.77,684.2 2 0
backend_server/internal/inference_engine/context_strategist.go:687.65,689.2 1 0
backend_server/internal/inference_engine/context_strategist.go:692.69,695.2 2 0
backend_server/internal/inference_engine/context_strategist.go:698.56,701.2 2 0
backend_server/internal/inference_engine/context_strategist.go:704.59,707.2 2 0
backend_server/internal/inference_engine/context_strategist.go:715.24,716.11 1 0
backend_server/internal/inference_engine/context_strategist.go:716.11,718.3 1 0
backend_server/internal/inference_engine/context_strategist.go:719.2,719.10 1 0
backend_server/internal/inference_engine/context_strategist.go:723.24,724.11 1 0
backend_server/internal/inference_engine/context_strategist.go:724.11,726.3 1 0
backend_server/internal/inference_engine/context_strategist.go:727.2,727.10 1 0
backend_server/internal/inference_engine/conversation_memory.go:32.73,37.2 1 0
backend_server/internal/inference_engine/conversation_memory.go:40.76,45.2 4 0
backend_server/internal/inference_engine/conversation_memory.go:49.113,57.21 6 0
backend_server/internal/inference_engine/conversation_memory.go:57.21,59.3 1 0
backend_server/internal/inference_engine/conversation_memory.go:61.2,61.44 1 0
backend_server/internal/inference_engine/conversation_memory.go:61.44,65.43 3 0
backend_server/internal/inference_engine/conversation_memory.go:65.43,69.4 2 0
backend_server/internal/inference_engine/conversation_memory.go:69.9,72.9 2 0
backend_server/internal/inference_engine/conversation_memory.go:75.2,75.24 1 0
backend_server/internal/inference_engine/conversation_memory.go:79.38,84.2 4 0
backend_server/internal/inference_engine/conversation_memory.go:87.71,94.2 5 0
backend_server/internal/inference_engine/deepseek_provider.go:70.13,74.2 3 1
backend_server/internal/inference_engine/deepseek_provider.go:77.99,88.26 3 0
backend_server/internal/inference_engine/deepseek_provider.go:88.26,91.3 2 0
backend_server/internal/inference_engine/deepseek_provider.go:93.2,93.33 1 0
backend_server/internal/inference_engine/deepseek_provider.go:93.33,95.3 1 0
backend_server/internal/inference_engine/deepseek_provider.go:96.2,97.17 2 0
backend_server/internal/inference_engine/deepseek_provider.go:101.42,103.2 1 0
backend_server/internal/inference_engine/deepseek_provider.go:106.46,109.2 1 0
backend_server/internal/inference_engine/deepseek_provider.go:112.56,121.20 4 0
backend_server/internal/inference_engine/deepseek_provider.go:121.20,123.3 1 0
backend_server/internal/inference_engine/deepseek_provider.go:123.8,125.3 1 0
backend_server/internal/inference_engine/deepseek_provider.go:126.2,126.35 1 0
backend_server/internal/inference_engine/deepseek_provider.go:126.35,128.3 1 0
backend_server/internal/inference_engine/deepseek_provider.go:129.2,129.16 1 0
backend_server/internal/inference_engine/deepseek_provider.go:133.88,136.2 1 0
backend_server/internal/inference_engine/deepseek_provider.go:139.78,142.2 1 0
backend_server/internal/inference_engine/deepseek_provider.go:145.65,148.2 1 0
backend_server/internal/inference_engine/deepseek_provider.go:151.106,173.55 10 0
backend_server/internal/inference_engine/deepseek_provider.go:173.55,175.3 1 0
backend_server/internal/inference_engine/deepseek_provider.go:176.2,176.44 1 0
backend_server/internal/inference_engine/deepseek_provider.go:176.44,177.29 1 0
backend_server/internal/inference_engine/deepseek_provider.go:178.12,179.14 1 0
backend_server/internal/inference_engine/deepseek_provider.go:179.14,181.5 1 0
backend_server/internal/inference_engine/deepseek_provider.go:182.16,183.14 1 0
backend_server/internal/inference_engine/deepseek_provider.go:183.14,185.5 1 0
backend_server/internal/inference_engine/deepseek_provider.go:188.2,188.54 1 0
backend_server/internal/inference_engine/deepseek_provider.go:188.54,190.3 1 0
backend_server/internal/inference_engine/deepseek_provider.go:191.2,191.48 1 0
backend_server/internal/inference_engine/deepseek_provider.go:191.48,193.3 1 0
backend_server/internal/inference_engine/deepseek_provider.go:194.2,194.37 1 0
backend_server/internal/inference_engine/deepseek_provider.go:194.37,195.27 1 0
backend_server/internal/inference_engine/deepseek_provider.go:196.12,198.22 2 0
backend_server/internal/inference_engine/deepseek_provider.go:199.14,200.17 1 0
backend_server/internal/inference_engine/deepseek_provider.go:201.16,203.22 2 0
backend_server/internal/inference_engine/deepseek_provider.go:206.2,206.51 1 0
backend_server/internal/inference_engine/deepseek_provider.go:206.51,208.3 1 0
backend_server/internal/inference_engine/deepseek_provider.go:211.2,211.57 1 0
backend_server/internal/inference_engine/deepseek_provider.go:211.57,213.17 2 0
backend_server/internal/inference_engine/deepseek_provider.go:213.17,215.4 1 0
backend_server/internal/inference_engine/deepseek_provider.go:216.3,216.23 1 0
backend_server/internal/inference_engine/deepseek_provider.go:218.2,218.53 1 0
backend_server/internal/inference_engine/deepseek_provider.go:218.53,220.43 2 0
backend_server/internal/inference_engine/deepseek_provider.go:220.43,222.4 1 0
backend_server/internal/inference_engine/deepseek_provider.go:222.9,225.4 2 0
backend_server/internal/inference_engine/deepseek_provider.go:229.2,229.58 1 0
backend_server/internal/inference_engine/deepseek_provider.go:229.58,231.3 1 0
backend_server/internal/inference_engine/deepseek_provider.go:234.2,234.75 1 0
backend_server/internal/inference_engine/deepseek_provider.go:234.75,255.3 1 0
backend_server/internal/inference_engine/deepseek_provider.go:255.8,255.53 1 0
backend_server/internal/inference_engine/deepseek_provider.go:255.53,257.3 1 0
backend_server/internal/inference_engine/deepseek_provider.go:259.2,260.18 2 0
backend_server/internal/inference_engine/deepseek_provider.go:260.18,262.3 1 0
backend_server/internal/inference_engine/deepseek_provider.go:264.2,264.26 1 0
backend_server/internal/inference_engine/deepseek_provider.go:268.136,269.29 1 0
backend_server/internal/inference_engine/deepseek_provider.go:269.29,271.3 1 0
backend_server/internal/inference_engine/deepseek_provider.go:273.2,274.46 2 0
backend_server/internal/inference_engine/deepseek_provider.go:274.46,276.3 1 0
backend_server/internal/inference_engine/deepseek_provider.go:276.8,279.23 3 0
backend_server/internal/inference_engine/deepseek_provider.go:279.23,281.4 1 0
backend_server/internal/inference_engine/deepseek_provider.go:284.2,284.20 1 0
backend_server/internal/inference_engine/deepseek_provider.go:284.20,286.3 1 0
backend_server/internal/inference_engine/deepseek_provider.go:287.2,289.42 2 0
backend_server/internal/inference_engine/deepseek_provider.go:293.141,314.55 10 0
backend_server/internal/inference_engine/deepseek_provider.go:314.55,316.3 1 0
backend_server/internal/inference_engine/deepseek_provider.go:317.2,317.44 1 0
backend_server/internal/inference_engine/deepseek_provider.go:317.44,318.29 1 0
backend_server/internal/inference_engine/deepseek_provider.go:319.12,320.14 1 0
backend_server/internal/inference_engine/deepseek_provider.go:320.14,322.5 1 0
backend_server/internal/inference_engine/deepseek_provider.go:323.16,324.14 1 0
backend_server/internal/inference_engine/deepseek_provider.go:324.14,326.5 1 0
backend_server/internal/inference_engine/deepseek_provider.go:329.2,329.54 1 0
backend_server/internal/inference_engine/deepseek_provider.go:329.54,331.3 1 0
backend_server/internal/inference_engine/deepseek_provider.go:332.2,332.48 1 0
backend_server/internal/inference_engine/deepseek_provider.go:332.48,334.3 1 0
backend_server/internal/inference_engine/deepseek_provider.go:335.2,335.37 1 0
backend_server/internal/inference_engine/deepseek_provider.go:335.37,336.27 1 0
backend_server/internal/inference_engine/deepseek_provider.go:337.12,339.22 2 0
backend_server/internal/inference_engine/deepseek_provider.go:340.14,341.17 1 0
backend_server/internal/inference_engine/deepseek_provider.go:342.16,344.22 2 0
backend_server/internal/inference_engine/deepseek_provider.go:347.2,347.51 1 0
backend_server/internal/inference_engine/deepseek_provider.go:347.51,349.3 1 0
backend_server/internal/inference_engine/deepseek_provider.go:350.2,350.57 1 0
backend_server/internal/inference_engine/deepseek_provider.go:350.57,352.17 2 0
backend_server/internal/inference_engine/deepseek_provider.go:352.17,354.4 1 0
backend_server/internal/inference_engine/deepseek_provider.go:356.2,356.53 1 0
backend_server/internal/inference_engine/deepseek_provider.go:356.53,358.43 2 0
backend_server/internal/inference_engine/deepseek_provider.go:358.43,360.4 1 0
backend_server/internal/inference_engine/deepseek_provider.go:360.9,362.4 1 0
backend_server/internal/inference_engine/deepseek_provider.go:364.2,364.58 1 0
backend_server/internal/inference_engine/deepseek_provider.go:364.58,366.3 1 0
backend_server/internal/inference_engine/deepseek_provider.go:367.2,367.75 1 0
backend_server/internal/inference_engine/deepseek_provider.go:367.75,386.3 1 0
backend_server/internal/inference_engine/deepseek_provider.go:386.8,386.53 1 0
backend_server/internal/inference_engine/deepseek_provider.go:386.53,388.3 1 0
backend_server/internal/inference_engine/deepseek_provider.go:390.2,391.18 2 0
backend_server/internal/inference_engine/deepseek_provider.go:391.18,393.3 1 0
backend_server/internal/inference_engine/deepseek_provider.go:395.2,395.26 1 0
backend_server/internal/inference_engine/deepseek_provider.go:399.71,402.2 1 0
backend_server/internal/inference_engine/deepseek_provider.go:405.76,408.27 3 0
backend_server/internal/inference_engine/deepseek_provider.go:408.27,410.3 1 0
backend_server/internal/inference_engine/deepseek_provider.go:411.2,411.33 1 0
backend_server/internal/inference_engine/deepseek_provider.go:411.33,413.3 1 0
backend_server/internal/inference_engine/deepseek_provider.go:414.2,414.73 1 0
backend_server/internal/inference_engine/deepseek_provider.go:418.77,421.2 1 0
backend_server/internal/inference_engine/deepseek_provider.go:424.54,426.2 1 0
backend_server/internal/inference_engine/deepseek_provider.go:429.66,433.16 3 0
backend_server/internal/inference_engine/deepseek_provider.go:433.16,435.3 1 0
backend_server/internal/inference_engine/deepseek_provider.go:438.2,439.24 2 0
backend_server/internal/inference_engine/deepseek_provider.go:439.24,440.46 1 0
backend_server/internal/inference_engine/deepseek_provider.go:440.46,442.4 1 0
backend_server/internal/inference_engine/deepseek_provider.go:446.2,446.44 1 0
backend_server/internal/inference_engine/deepseek_provider.go:446.44,448.3 1 0
backend_server/internal/inference_engine/deepseek_provider.go:451.2,451.70 1 0
backend_server/internal/inference_engine/deepseek_provider.go:451.70,453.3 1 0
backend_server/internal/inference_engine/deepseek_provider.go:454.2,454.68 1 0
backend_server/internal/inference_engine/deepseek_provider.go:454.68,456.3 1 0
backend_server/internal/inference_engine/deepseek_provider.go:457.2,457.49 1 0
backend_server/internal/inference_engine/deepseek_provider.go:457.49,459.3 1 0
backend_server/internal/inference_engine/deepseek_provider.go:460.2,460.35 1 0
backend_server/internal/inference_engine/deepseek_provider.go:460.35,462.3 1 0
backend_server/internal/inference_engine/deepseek_provider.go:463.2,463.38 1 0
backend_server/internal/inference_engine/deepseek_provider.go:463.38,465.3 1 0
backend_server/internal/inference_engine/deepseek_provider.go:467.2,467.95 1 0
backend_server/internal/inference_engine/deepseek_provider.go:471.77,473.13 1 0
backend_server/internal/inference_engine/deepseek_provider.go:474.17,475.34 1 0
backend_server/internal/inference_engine/deepseek_provider.go:475.34,477.4 1 0
backend_server/internal/inference_engine/deepseek_provider.go:478.15,479.34 1 0
backend_server/internal/inference_engine/deepseek_provider.go:479.34,481.4 1 0
backend_server/internal/inference_engine/deepseek_provider.go:482.20,483.28 1 0
backend_server/internal/inference_engine/deepseek_provider.go:484.12,485.13 1 0
backend_server/internal/inference_engine/deepseek_provider.go:485.13,487.5 1 0
backend_server/internal/inference_engine/deepseek_provider.go:488.16,489.13 1 0
backend_server/internal/inference_engine/deepseek_provider.go:489.13,491.5 1 0
backend_server/internal/inference_engine/deepseek_provider.go:493.21,494.35 1 0
backend_server/internal/inference_engine/deepseek_provider.go:494.35,496.4 1 0
backend_server/internal/inference_engine/deepseek_provider.go:497.15,498.35 1 0
backend_server/internal/inference_engine/deepseek_provider.go:498.35,500.4 1 0
backend_server/internal/inference_engine/deepseek_provider.go:501.14,502.28 1 0
backend_server/internal/inference_engine/deepseek_provider.go:503.12,505.21 2 0
backend_server/internal/inference_engine/deepseek_provider.go:506.14,507.15 1 0
backend_server/internal/inference_engine/deepseek_provider.go:508.16,510.21 2 0
backend_server/internal/inference_engine/deepseek_provider.go:512.10,513.84 1 0
backend_server/internal/inference_engine/deepseek_provider.go:518.69,523.2 4 0
backend_server/internal/inference_engine/deepseek_provider.go:526.59,529.19 3 0
backend_server/internal/inference_engine/deepseek_provider.go:529.19,532.3 2 0
backend_server/internal/inference_engine/deepseek_provider.go:536.53,538.2 1 0
backend_server/internal/inference_engine/deepseek_provider.go:541.112,542.20 1 0
backend_server/internal/inference_engine/deepseek_provider.go:542.20,544.3 1 0
backend_server/internal/inference_engine/deepseek_provider.go:545.2,546.42 2 0
backend_server/internal/inference_engine/deepseek_provider.go:550.78,553.2 1 0
backend_server/internal/inference_engine/delegator_service.go:36.198,37.61 1 0
backend_server/internal/inference_engine/delegator_service.go:37.61,40.3 2 0
backend_server/internal/inference_engine/delegator_service.go:41.2,41.24 1 0
backend_server/internal/inference_engine/delegator_service.go:41.24,43.3 1 0
backend_server/internal/inference_engine/delegator_service.go:44.2,44.26 1 0
backend_server/internal/inference_engine/delegator_service.go:44.26,46.3 1 0
backend_server/internal/inference_engine/delegator_service.go:47.2,55.3 1 0
backend_server/internal/inference_engine/delegator_service.go:77.68,81.68 2 1
backend_server/internal/inference_engine/delegator_service.go:81.68,83.3 1 1
backend_server/internal/inference_engine/delegator_service.go:86.2,86.52 1 0
backend_server/internal/inference_engine/delegator_service.go:86.52,87.43 1 0
backend_server/internal/inference_engine/delegator_service.go:87.43,89.4 1 0
backend_server/internal/inference_engine/delegator_service.go:93.2,94.44 2 0
backend_server/internal/inference_engine/delegator_service.go:98.55,101.16 2 1
backend_server/internal/inference_engine/delegator_service.go:101.16,104.3 2 1
backend_server/internal/inference_engine/delegator_service.go:107.2,108.31 2 0
backend_server/internal/inference_engine/delegator_service.go:112.82,114.31 2 0
backend_server/internal/inference_engine/delegator_service.go:114.31,116.3 1 0
backend_server/internal/inference_engine/delegator_service.go:118.2,118.36 1 0
backend_server/internal/inference_engine/delegator_service.go:123.74,125.31 2 0
backend_server/internal/inference_engine/delegator_service.go:125.31,130.3 1 0
backend_server/internal/inference_engine/delegator_service.go:132.2,132.51 1 0
backend_server/internal/inference_engine/delegator_service.go:137.66,138.16 1 0
backend_server/internal/inference_engine/delegator_service.go:138.16,140.3 1 0
backend_server/internal/inference_engine/delegator_service.go:141.2,145.100 3 0
backend_server/internal/inference_engine/delegator_service.go:145.100,148.3 2 0
backend_server/internal/inference_engine/delegator_service.go:157.2,157.136 1 0
backend_server/internal/inference_engine/delegator_service.go:157.136,160.3 2 0
backend_server/internal/inference_engine/delegator_service.go:166.2,167.13 2 0
backend_server/internal/inference_engine/delegator_service.go:173.193,174.65 1 0
backend_server/internal/inference_engine/delegator_service.go:174.65,176.3 1 0
backend_server/internal/inference_engine/delegator_service.go:177.2,177.24 1 0
backend_server/internal/inference_engine/delegator_service.go:177.24,179.3 1 0
backend_server/internal/inference_engine/delegator_service.go:181.2,184.28 3 0
backend_server/internal/inference_engine/delegator_service.go:184.28,187.76 3 0
backend_server/internal/inference_engine/delegator_service.go:187.76,188.45 1 0
backend_server/internal/inference_engine/delegator_service.go:188.45,191.10 3 0
backend_server/internal/inference_engine/delegator_service.go:194.3,194.13 1 0
backend_server/internal/inference_engine/delegator_service.go:194.13,196.4 1 0
backend_server/internal/inference_engine/delegator_service.go:197.8,202.3 1 0
backend_server/internal/inference_engine/delegator_service.go:204.2,208.43 4 0
backend_server/internal/inference_engine/delegator_service.go:208.43,209.44 1 0
backend_server/internal/inference_engine/delegator_service.go:209.44,210.9 1 0
backend_server/internal/inference_engine/delegator_service.go:213.3,214.30 2 0
backend_server/internal/inference_engine/delegator_service.go:214.30,215.20 1 0
backend_server/internal/inference_engine/delegator_service.go:215.20,218.5 2 0
backend_server/internal/inference_engine/delegator_service.go:218.10,218.85 1 0
backend_server/internal/inference_engine/delegator_service.go:218.85,222.5 3 0
backend_server/internal/inference_engine/delegator_service.go:222.10,222.47 1 0
backend_server/internal/inference_engine/delegator_service.go:222.47,224.10 2 0
backend_server/internal/inference_engine/delegator_service.go:228.3,228.46 1 0
backend_server/internal/inference_engine/delegator_service.go:228.46,236.18 6 0
backend_server/internal/inference_engine/delegator_service.go:236.18,240.5 2 0
backend_server/internal/inference_engine/delegator_service.go:242.4,243.99 2 0
backend_server/internal/inference_engine/delegator_service.go:247.2,247.97 1 0
backend_server/internal/inference_engine/delegator_service.go:251.194,252.65 1 0
backend_server/internal/inference_engine/delegator_service.go:252.65,254.3 1 0
backend_server/internal/inference_engine/delegator_service.go:255.2,255.24 1 0
backend_server/internal/inference_engine/delegator_service.go:255.24,257.3 1 0
backend_server/internal/inference_engine/delegator_service.go:260.2,265.75 3 0
backend_server/internal/inference_engine/delegator_service.go:265.75,275.30 6 0
backend_server/internal/inference_engine/delegator_service.go:275.30,279.23 3 0
backend_server/internal/inference_engine/delegator_service.go:279.23,282.5 2 0
backend_server/internal/inference_engine/delegator_service.go:283.4,283.108 1 0
backend_server/internal/inference_engine/delegator_service.go:286.3,291.22 5 0
backend_server/internal/inference_engine/delegator_service.go:291.22,295.4 3 0
backend_server/internal/inference_engine/delegator_service.go:296.3,296.143 1 0
backend_server/internal/inference_engine/delegator_service.go:301.2,304.28 3 0
backend_server/internal/inference_engine/delegator_service.go:304.28,307.76 3 0
backend_server/internal/inference_engine/delegator_service.go:307.76,308.45 1 0
backend_server/internal/inference_engine/delegator_service.go:308.45,311.10 3 0
backend_server/internal/inference_engine/delegator_service.go:314.3,314.13 1 0
backend_server/internal/inference_engine/delegator_service.go:314.13,316.4 1 0
backend_server/internal/inference_engine/delegator_service.go:317.8,319.3 1 0
backend_server/internal/inference_engine/delegator_service.go:322.2,328.43 5 0
backend_server/internal/inference_engine/delegator_service.go:328.43,329.44 1 0
backend_server/internal/inference_engine/delegator_service.go:329.44,330.9 1 0
backend_server/internal/inference_engine/delegator_service.go:333.3,334.30 2 0
backend_server/internal/inference_engine/delegator_service.go:334.30,335.20 1 0
backend_server/internal/inference_engine/delegator_service.go:335.20,338.5 2 0
backend_server/internal/inference_engine/delegator_service.go:338.10,338.85 1 0
backend_server/internal/inference_engine/delegator_service.go:338.85,342.5 3 0
backend_server/internal/inference_engine/delegator_service.go:342.10,342.47 1 0
backend_server/internal/inference_engine/delegator_service.go:342.47,344.10 2 0
backend_server/internal/inference_engine/delegator_service.go:346.9,346.26 1 0
backend_server/internal/inference_engine/delegator_service.go:346.26,347.9 1 0
backend_server/internal/inference_engine/delegator_service.go:350.3,350.46 1 0
backend_server/internal/inference_engine/delegator_service.go:350.46,356.29 4 0
backend_server/internal/inference_engine/delegator_service.go:356.29,358.5 1 0
backend_server/internal/inference_engine/delegator_service.go:359.4,362.18 3 0
backend_server/internal/inference_engine/delegator_service.go:362.18,366.5 3 0
backend_server/internal/inference_engine/delegator_service.go:369.4,379.105 3 0
backend_server/internal/inference_engine/delegator_service.go:383.3,383.66 1 0
backend_server/internal/inference_engine/delegator_service.go:383.66,385.12 1 0
backend_server/internal/inference_engine/delegator_service.go:386.9,388.9 1 0
backend_server/internal/inference_engine/delegator_service.go:393.2,394.22 2 0
backend_server/internal/inference_engine/delegator_service.go:394.22,396.3 1 0
backend_server/internal/inference_engine/delegator_service.go:399.2,399.97 1 0
backend_server/internal/inference_engine/delegator_service.go:406.141,417.21 5 0
backend_server/internal/inference_engine/delegator_service.go:417.21,419.3 1 0
backend_server/internal/inference_engine/delegator_service.go:420.2,422.50 2 0
backend_server/internal/inference_engine/delegator_service.go:422.50,426.3 2 0
backend_server/internal/inference_engine/delegator_service.go:426.8,429.35 2 0
backend_server/internal/inference_engine/delegator_service.go:429.35,434.4 2 0
backend_server/internal/inference_engine/delegator_service.go:438.2,438.100 1 0
backend_server/internal/inference_engine/delegator_service.go:443.100,453.18 3 0
backend_server/internal/inference_engine/delegator_service.go:453.18,456.17 3 0
backend_server/internal/inference_engine/delegator_service.go:456.17,462.4 2 0
backend_server/internal/inference_engine/delegator_service.go:462.9,471.4 3 0
backend_server/internal/inference_engine/delegator_service.go:475.2,490.16 4 0
backend_server/internal/inference_engine/delegator_service.go:490.16,492.3 1 0
backend_server/internal/inference_engine/delegator_service.go:495.2,495.26 1 0
backend_server/internal/inference_engine/delegator_service.go:500.107,506.18 4 0
backend_server/internal/inference_engine/delegator_service.go:506.18,513.17 4 0
backend_server/internal/inference_engine/delegator_service.go:513.17,516.4 1 0
backend_server/internal/inference_engine/delegator_service.go:520.2,520.27 1 0
backend_server/internal/inference_engine/delegator_service.go:520.27,522.19 1 0
backend_server/internal/inference_engine/delegator_service.go:522.19,524.4 1 0
backend_server/internal/inference_engine/delegator_service.go:526.3,529.35 3 0
backend_server/internal/inference_engine/delegator_service.go:529.35,531.4 1 0
backend_server/internal/inference_engine/delegator_service.go:532.3,532.109 1 0
backend_server/internal/inference_engine/delegator_service.go:536.2,536.16 1 0
backend_server/internal/inference_engine/delegator_service.go:536.16,538.3 1 0
backend_server/internal/inference_engine/delegator_service.go:538.8,538.50 1 0
backend_server/internal/inference_engine/delegator_service.go:538.50,540.3 1 0
backend_server/internal/inference_engine/delegator_service.go:541.2,549.18 5 0
backend_server/internal/inference_engine/delegator_service.go:549.18,556.17 4 0
backend_server/internal/inference_engine/delegator_service.go:556.17,559.4 1 0
backend_server/internal/inference_engine/delegator_service.go:563.2,563.25 1 0
backend_server/internal/inference_engine/delegator_service.go:563.25,565.19 1 0
backend_server/internal/inference_engine/delegator_service.go:565.19,567.4 1 0
backend_server/internal/inference_engine/delegator_service.go:569.3,572.35 3 0
backend_server/internal/inference_engine/delegator_service.go:572.35,574.4 1 0
backend_server/internal/inference_engine/delegator_service.go:575.3,575.107 1 0
backend_server/internal/inference_engine/delegator_service.go:579.2,579.16 1 0
backend_server/internal/inference_engine/delegator_service.go:579.16,581.3 1 0
backend_server/internal/inference_engine/delegator_service.go:581.8,581.48 1 0
backend_server/internal/inference_engine/delegator_service.go:581.48,583.3 1 0
backend_server/internal/inference_engine/delegator_service.go:584.2,586.27 2 0
backend_server/internal/inference_engine/delegator_service.go:591.121,607.18 6 0
backend_server/internal/inference_engine/delegator_service.go:607.18,610.17 3 0
backend_server/internal/inference_engine/delegator_service.go:610.17,613.4 1 0
backend_server/internal/inference_engine/delegator_service.go:615.3,615.17 1 0
backend_server/internal/inference_engine/delegator_service.go:615.17,617.4 1 0
backend_server/internal/inference_engine/delegator_service.go:621.2,621.20 1 0
backend_server/internal/inference_engine/delegator_service.go:621.20,625.35 3 0
backend_server/internal/inference_engine/delegator_service.go:625.35,627.4 1 0
backend_server/internal/inference_engine/delegator_service.go:628.3,628.100 1 0
backend_server/internal/inference_engine/delegator_service.go:633.2,633.16 1 0
backend_server/internal/inference_engine/delegator_service.go:633.16,637.3 1 0
backend_server/internal/inference_engine/delegator_service.go:639.2,642.22 2 0
backend_server/internal/inference_engine/delegator_service.go:646.62,649.24 1 0
backend_server/internal/inference_engine/delegator_service.go:649.24,651.3 1 0
backend_server/internal/inference_engine/delegator_service.go:652.2,653.65 2 0
backend_server/internal/inference_engine/delegator_service.go:657.42,658.21 1 0
backend_server/internal/inference_engine/delegator_service.go:658.21,660.3 1 0
backend_server/internal/inference_engine/gemini_provider.go:65.13,68.2 2 1
backend_server/internal/inference_engine/gemini_provider.go:99.97,115.26 3 0
backend_server/internal/inference_engine/gemini_provider.go:115.26,118.3 2 0
backend_server/internal/inference_engine/gemini_provider.go:121.2,121.33 1 0
backend_server/internal/inference_engine/gemini_provider.go:121.33,123.3 1 0
backend_server/internal/inference_engine/gemini_provider.go:126.2,127.23 2 0
backend_server/internal/inference_engine/gemini_provider.go:127.23,131.3 2 0
backend_server/internal/inference_engine/gemini_provider.go:131.8,133.3 1 0
backend_server/internal/inference_engine/gemini_provider.go:134.2,137.17 3 0
backend_server/internal/inference_engine/gemini_provider.go:143.40,145.2 1 0
backend_server/internal/inference_engine/gemini_provider.go:148.44,157.35 6 0
backend_server/internal/inference_engine/gemini_provider.go:157.35,159.3 1 0
backend_server/internal/inference_engine/gemini_provider.go:161.2,161.18 1 0
backend_server/internal/inference_engine/gemini_provider.go:161.18,163.3 1 0
backend_server/internal/inference_engine/gemini_provider.go:164.2,164.79 1 0
backend_server/internal/inference_engine/gemini_provider.go:168.54,180.35 4 0
backend_server/internal/inference_engine/gemini_provider.go:180.35,182.3 1 0
backend_server/internal/inference_engine/gemini_provider.go:184.2,184.16 1 0
backend_server/internal/inference_engine/gemini_provider.go:188.104,208.20 5 0
backend_server/internal/inference_engine/gemini_provider.go:208.20,209.58 1 0
backend_server/internal/inference_engine/gemini_provider.go:209.58,212.4 2 0
backend_server/internal/inference_engine/gemini_provider.go:213.3,213.52 1 0
backend_server/internal/inference_engine/gemini_provider.go:213.52,216.4 2 0
backend_server/internal/inference_engine/gemini_provider.go:217.3,217.52 1 0
backend_server/internal/inference_engine/gemini_provider.go:217.52,220.4 2 0
backend_server/internal/inference_engine/gemini_provider.go:221.3,221.62 1 0
backend_server/internal/inference_engine/gemini_provider.go:221.62,224.4 2 0
backend_server/internal/inference_engine/gemini_provider.go:225.3,225.52 1 0
backend_server/internal/inference_engine/gemini_provider.go:225.52,227.4 1 0
backend_server/internal/inference_engine/gemini_provider.go:231.2,232.23 2 0
backend_server/internal/inference_engine/gemini_provider.go:236.134,239.2 1 0
backend_server/internal/inference_engine/gemini_provider.go:242.133,250.31 5 0
backend_server/internal/inference_engine/gemini_provider.go:250.31,252.124 2 0
backend_server/internal/inference_engine/gemini_provider.go:252.124,254.4 1 0
backend_server/internal/inference_engine/gemini_provider.go:255.3,258.5 1 0
backend_server/internal/inference_engine/gemini_provider.go:261.2,267.20 2 0
backend_server/internal/inference_engine/gemini_provider.go:267.20,268.58 1 0
backend_server/internal/inference_engine/gemini_provider.go:268.58,271.4 2 0
backend_server/internal/inference_engine/gemini_provider.go:272.3,272.52 1 0
backend_server/internal/inference_engine/gemini_provider.go:272.52,275.4 2 0
backend_server/internal/inference_engine/gemini_provider.go:276.3,276.52 1 0
backend_server/internal/inference_engine/gemini_provider.go:276.52,279.4 2 0
backend_server/internal/inference_engine/gemini_provider.go:280.3,280.62 1 0
backend_server/internal/inference_engine/gemini_provider.go:280.62,283.4 2 0
backend_server/internal/inference_engine/gemini_provider.go:284.3,284.52 1 0
backend_server/internal/inference_engine/gemini_provider.go:284.52,286.4 1 0
backend_server/internal/inference_engine/gemini_provider.go:288.2,289.23 2 0
backend_server/internal/inference_engine/gemini_provider.go:293.69,298.52 2 0
backend_server/internal/inference_engine/gemini_provider.go:298.52,301.103 2 0
backend_server/internal/inference_engine/gemini_provider.go:301.103,303.4 1 0
backend_server/internal/inference_engine/gemini_provider.go:304.3,304.72 1 0
backend_server/internal/inference_engine/gemini_provider.go:307.2,307.30 1 0
backend_server/internal/inference_engine/gemini_provider.go:307.30,311.67 2 0
backend_server/internal/inference_engine/gemini_provider.go:311.67,314.4 1 0
backend_server/internal/inference_engine/gemini_provider.go:317.3,317.33 1 0
backend_server/internal/inference_engine/gemini_provider.go:318.17,320.70 2 0
backend_server/internal/inference_engine/gemini_provider.go:321.21,323.74 2 0
backend_server/internal/inference_engine/gemini_provider.go:324.21,326.71 2 0
backend_server/internal/inference_engine/gemini_provider.go:327.16,329.70 2 0
backend_server/internal/inference_engine/gemini_provider.go:330.11,332.95 2 0
backend_server/internal/inference_engine/gemini_provider.go:337.2,337.73 1 0
backend_server/internal/inference_engine/gemini_provider.go:337.73,340.3 2 0
backend_server/internal/inference_engine/gemini_provider.go:343.2,344.74 2 0
backend_server/internal/inference_engine/gemini_provider.go:348.74,354.33 4 0
backend_server/internal/inference_engine/gemini_provider.go:354.33,356.3 1 0
[...]
backend_server/pkg/p2p/dve_p2p_manager.go:290.16,292.3 1 0
backend_server/pkg/p2p/dve_p2p_manager.go:295.2,296.16 2 1
backend_server/pkg/p2p/dve_p2p_manager.go:296.16,298.3 1 0
backend_server/pkg/p2p/dve_p2p_manager.go:301.2,302.16 2 1
backend_server/pkg/p2p/dve_p2p_manager.go:302.16,304.3 1 0
backend_server/pkg/p2p/dve_p2p_manager.go:306.2,310.12 2 1
backend_server/pkg/p2p/dve_p2p_manager.go:314.35,318.49 2 1
backend_server/pkg/p2p/dve_p2p_manager.go:318.49,321.3 1 0
backend_server/pkg/p2p/dve_p2p_manager.go:324.2,348.72 12 1
backend_server/pkg/p2p/dve_p2p_manager.go:352.34,357.21 3 1
backend_server/pkg/p2p/dve_p2p_manager.go:357.21,359.3 1 1
backend_server/pkg/p2p/dve_p2p_manager.go:361.2,361.59 1 1
backend_server/pkg/p2p/dve_p2p_manager.go:365.94,369.2 3 1
backend_server/pkg/p2p/dve_p2p_manager.go:372.89,383.16 3 0
backend_server/pkg/p2p/dve_p2p_manager.go:383.16,385.3 1 0
backend_server/pkg/p2p/dve_p2p_manager.go:387.2,388.16 2 0
backend_server/pkg/p2p/dve_p2p_manager.go:388.16,390.3 1 0
backend_server/pkg/p2p/dve_p2p_manager.go:392.2,393.12 2 0
backend_server/pkg/p2p/dve_p2p_manager.go:397.93,408.16 3 0
backend_server/pkg/p2p/dve_p2p_manager.go:408.16,410.3 1 0
backend_server/pkg/p2p/dve_p2p_manager.go:412.2,413.16 2 0
backend_server/pkg/p2p/dve_p2p_manager.go:413.16,415.3 1 0
backend_server/pkg/p2p/dve_p2p_manager.go:417.2,418.12 2 0
backend_server/pkg/p2p/dve_p2p_manager.go:422.69,444.16 4 0
backend_server/pkg/p2p/dve_p2p_manager.go:444.16,446.3 1 0
backend_server/pkg/p2p/dve_p2p_manager.go:448.2,449.16 2 0
backend_server/pkg/p2p/dve_p2p_manager.go:449.16,451.3 1 0
backend_server/pkg/p2p/dve_p2p_manager.go:453.2,454.12 2 0
backend_server/pkg/p2p/dve_p2p_manager.go:458.54,459.6 1 1
backend_server/pkg/p2p/dve_p2p_manager.go:459.6,460.10 1 1
backend_server/pkg/p2p/dve_p2p_manager.go:461.25,462.10 1 0
backend_server/pkg/p2p/dve_p2p_manager.go:463.11,465.18 2 1
backend_server/pkg/p2p/dve_p2p_manager.go:465.18,466.29 1 1
backend_server/pkg/p2p/dve_p2p_manager.go:466.29,468.6 1 1
backend_server/pkg/p2p/dve_p2p_manager.go:469.5,470.13 2 0
backend_server/pkg/p2p/dve_p2p_manager.go:474.4,474.41 1 0
backend_server/pkg/p2p/dve_p2p_manager.go:474.41,475.13 1 0
backend_server/pkg/p2p/dve_p2p_manager.go:478.4,479.60 2 0
backend_server/pkg/p2p/dve_p2p_manager.go:479.60,481.13 2 0
backend_server/pkg/p2p/dve_p2p_manager.go:485.4,485.30 1 0
backend_server/pkg/p2p/dve_p2p_manager.go:491.53,492.6 1 1
backend_server/pkg/p2p/dve_p2p_manager.go:492.6,493.10 1 1
backend_server/pkg/p2p/dve_p2p_manager.go:494.25,495.10 1 0
backend_server/pkg/p2p/dve_p2p_manager.go:496.11,498.18 2 1
backend_server/pkg/p2p/dve_p2p_manager.go:498.18,499.29 1 1
backend_server/pkg/p2p/dve_p2p_manager.go:499.29,501.6 1 1
backend_server/pkg/p2p/dve_p2p_manager.go:502.5,503.13 2 0
backend_server/pkg/p2p/dve_p2p_manager.go:507.4,507.41 1 0
backend_server/pkg/p2p/dve_p2p_manager.go:507.41,508.13 1 0
backend_server/pkg/p2p/dve_p2p_manager.go:511.4,512.60 2 0
backend_server/pkg/p2p/dve_p2p_manager.go:512.60,514.13 2 0
backend_server/pkg/p2p/dve_p2p_manager.go:518.4,518.30 1 0
backend_server/pkg/p2p/dve_p2p_manager.go:524.53,525.6 1 1
backend_server/pkg/p2p/dve_p2p_manager.go:525.6,526.10 1 1
backend_server/pkg/p2p/dve_p2p_manager.go:527.25,528.10 1 0
backend_server/pkg/p2p/dve_p2p_manager.go:529.11,531.18 2 1
backend_server/pkg/p2p/dve_p2p_manager.go:531.18,532.29 1 1
backend_server/pkg/p2p/dve_p2p_manager.go:532.29,534.6 1 1
backend_server/pkg/p2p/dve_p2p_manager.go:535.5,536.13 2 0
backend_server/pkg/p2p/dve_p2p_manager.go:540.4,540.41 1 0
backend_server/pkg/p2p/dve_p2p_manager.go:540.41,541.13 1 0
backend_server/pkg/p2p/dve_p2p_manager.go:544.4,545.60 2 0
backend_server/pkg/p2p/dve_p2p_manager.go:545.60,547.13 2 0
backend_server/pkg/p2p/dve_p2p_manager.go:551.4,551.30 1 0
backend_server/pkg/p2p/dve_p2p_manager.go:557.66,562.12 4 0
backend_server/pkg/p2p/dve_p2p_manager.go:562.12,563.61 1 0
backend_server/pkg/p2p/dve_p2p_manager.go:563.61,565.4 1 0
backend_server/pkg/p2p/dve_p2p_manager.go:566.8,568.3 1 0
backend_server/pkg/p2p/dve_p2p_manager.go:572.43,576.6 3 1
backend_server/pkg/p2p/dve_p2p_manager.go:576.6,577.10 1 1
backend_server/pkg/p2p/dve_p2p_manager.go:578.25,579.10 1 1
backend_server/pkg/p2p/dve_p2p_manager.go:580.19,582.22 1 0
backend_server/pkg/p2p/dve_p2p_manager.go:588.42,590.20 1 0
backend_server/pkg/p2p/dve_p2p_manager.go:590.20,593.3 2 0
backend_server/pkg/p2p/dve_p2p_manager.go:595.2,599.16 3 0
backend_server/pkg/p2p/dve_p2p_manager.go:599.16,602.3 2 0
backend_server/pkg/p2p/dve_p2p_manager.go:605.2,611.37 5 0
backend_server/pkg/p2p/dve_p2p_manager.go:611.37,613.3 1 0
backend_server/pkg/p2p/dve_p2p_manager.go:615.2,618.43 2 0
backend_server/pkg/p2p/dve_p2p_manager.go:618.43,619.35 1 0
backend_server/pkg/p2p/dve_p2p_manager.go:619.35,620.12 1 0
backend_server/pkg/p2p/dve_p2p_manager.go:624.3,628.17 4 0
backend_server/pkg/p2p/dve_p2p_manager.go:628.17,630.4 1 0
backend_server/pkg/p2p/dve_p2p_manager.go:630.9,632.4 1 0
backend_server/pkg/p2p/dve_p2p_manager.go:637.85,640.16 2 1
backend_server/pkg/p2p/dve_p2p_manager.go:640.16,642.3 1 0
backend_server/pkg/p2p/dve_p2p_manager.go:645.2,645.41 1 1
backend_server/pkg/p2p/dve_p2p_manager.go:649.50,651.20 1 1
backend_server/pkg/p2p/dve_p2p_manager.go:651.20,654.3 2 1
backend_server/pkg/p2p/dve_p2p_manager.go:657.2,658.16 2 0
backend_server/pkg/p2p/dve_p2p_manager.go:658.16,661.3 2 0
backend_server/pkg/p2p/dve_p2p_manager.go:664.2,664.60 1 0
backend_server/pkg/p2p/dve_p2p_manager.go:664.60,667.3 2 0
backend_server/pkg/p2p/dve_p2p_manager.go:669.2,669.68 1 0
backend_server/pkg/p2p/dve_p2p_manager.go:673.42,677.6 3 1
backend_server/pkg/p2p/dve_p2p_manager.go:677.6,678.10 1 1
backend_server/pkg/p2p/dve_p2p_manager.go:679.25,680.10 1 1
backend_server/pkg/p2p/dve_p2p_manager.go:681.19,683.29 1 0
backend_server/pkg/p2p/dve_p2p_manager.go:689.49,712.16 4 0
backend_server/pkg/p2p/dve_p2p_manager.go:712.16,715.3 2 0
backend_server/pkg/p2p/dve_p2p_manager.go:717.2,717.61 1 0
backend_server/pkg/p2p/dve_p2p_manager.go:717.61,719.3 1 0
backend_server/pkg/p2p/dve_p2p_manager.go:719.8,721.3 1 0
backend_server/pkg/p2p/dve_p2p_manager.go:725.43,729.6 3 1
backend_server/pkg/p2p/dve_p2p_manager.go:729.6,730.10 1 1
backend_server/pkg/p2p/dve_p2p_manager.go:731.25,732.10 1 1
backend_server/pkg/p2p/dve_p2p_manager.go:733.19,734.28 1 0
backend_server/pkg/p2p/dve_p2p_manager.go:740.48,758.16 4 0
backend_server/pkg/p2p/dve_p2p_manager.go:758.16,761.3 2 0
backend_server/pkg/p2p/dve_p2p_manager.go:763.2,763.61 1 0
backend_server/pkg/p2p/dve_p2p_manager.go:763.61,765.3 1 0
backend_server/pkg/p2p/dve_p2p_manager.go:769.66,773.31 3 1
backend_server/pkg/p2p/dve_p2p_manager.go:773.31,775.21 2 0
backend_server/pkg/p2p/dve_p2p_manager.go:775.21,783.4 2 0
backend_server/pkg/p2p/dve_p2p_manager.go:786.2,786.18 1 1
backend_server/pkg/p2p/dve_p2p_manager.go:790.73,803.2 3 1
backend_server/pkg/p2p/dve_p2p_manager.go:806.50,807.6 1 1
backend_server/pkg/p2p/dve_p2p_manager.go:807.6,808.10 1 1
backend_server/pkg/p2p/dve_p2p_manager.go:809.25,810.10 1 1
backend_server/pkg/p2p/dve_p2p_manager.go:811.11,813.18 2 1
backend_server/pkg/p2p/dve_p2p_manager.go:813.18,814.29 1 1
backend_server/pkg/p2p/dve_p2p_manager.go:814.29,816.6 1 0
backend_server/pkg/p2p/dve_p2p_manager.go:817.5,817.13 1 1
backend_server/pkg/p2p/dve_p2p_manager.go:821.4,821.41 1 0
backend_server/pkg/p2p/dve_p2p_manager.go:821.41,822.13 1 0
backend_server/pkg/p2p/dve_p2p_manager.go:826.4,827.64 2 0
backend_server/pkg/p2p/dve_p2p_manager.go:827.64,829.13 2 0
backend_server/pkg/p2p/dve_p2p_manager.go:832.4,835.27 2 0
backend_server/pkg/p2p/dve_p2p_manager.go:836.24,837.74 1 0
backend_server/pkg/p2p/dve_p2p_manager.go:838.25,839.75 1 0
backend_server/pkg/p2p/dve_p2p_manager.go:840.12,841.100 1 0
backend_server/pkg/p2p/dve_p2p_manager.go:848.88,854.16 3 0
backend_server/pkg/p2p/dve_p2p_manager.go:854.16,857.3 2 0
backend_server/pkg/p2p/dve_p2p_manager.go:859.2,860.68 2 0
backend_server/pkg/p2p/dve_p2p_manager.go:860.68,863.3 2 0
backend_server/pkg/p2p/dve_p2p_manager.go:865.2,880.97 8 0
backend_server/pkg/p2p/dve_p2p_manager.go:884.89,887.16 2 0
backend_server/pkg/p2p/dve_p2p_manager.go:887.16,889.3 1 0
backend_server/pkg/p2p/dve_p2p_manager.go:889.8,891.3 1 0
backend_server/pkg/p2p/dve_p2p_manager.go:893.2,897.75 4 0
backend_server/pkg/p2p/dve_p2p_manager.go:901.50,905.60 3 1
backend_server/pkg/p2p/dve_p2p_manager.go:905.60,913.3 6 1
backend_server/pkg/p2p/dve_p2p_manager.go:915.2,915.26 1 1
backend_server/pkg/p2p/dve_p2p_manager.go:919.52,920.6 1 1
backend_server/pkg/p2p/dve_p2p_manager.go:920.6,921.10 1 1
backend_server/pkg/p2p/dve_p2p_manager.go:922.25,923.10 1 1
backend_server/pkg/p2p/dve_p2p_manager.go:924.11,926.18 2 1
backend_server/pkg/p2p/dve_p2p_manager.go:926.18,927.29 1 1
backend_server/pkg/p2p/dve_p2p_manager.go:927.29,929.6 1 0
backend_server/pkg/p2p/dve_p2p_manager.go:930.5,930.13 1 1
backend_server/pkg/p2p/dve_p2p_manager.go:934.4,934.41 1 0
backend_server/pkg/p2p/dve_p2p_manager.go:934.41,935.13 1 0
backend_server/pkg/p2p/dve_p2p_manager.go:939.4,940.60 2 0
backend_server/pkg/p2p/dve_p2p_manager.go:940.60,942.13 2 0
backend_server/pkg/p2p/dve_p2p_manager.go:945.4,949.23 2 0
backend_server/pkg/p2p/dve_p2p_manager.go:950.30,951.53 1 0
backend_server/pkg/p2p/dve_p2p_manager.go:952.29,953.52 1 0
backend_server/pkg/p2p/dve_p2p_manager.go:954.23,955.46 1 0
backend_server/pkg/p2p/dve_p2p_manager.go:956.12,957.89 1 0
backend_server/pkg/p2p/dve_p2p_manager.go:964.92,969.55 3 1
backend_server/pkg/p2p/dve_p2p_manager.go:969.55,970.51 1 0
backend_server/pkg/p2p/dve_p2p_manager.go:970.51,972.4 1 0
backend_server/pkg/p2p/dve_p2p_manager.go:973.3,973.47 1 0
backend_server/pkg/p2p/dve_p2p_manager.go:973.47,975.4 1 0
backend_server/pkg/p2p/dve_p2p_manager.go:976.3,976.53 1 0
backend_server/pkg/p2p/dve_p2p_manager.go:976.53,978.4 1 0
backend_server/pkg/p2p/dve_p2p_manager.go:980.3,980.68 1 0
backend_server/pkg/p2p/dve_p2p_manager.go:980.68,982.27 2 0
backend_server/pkg/p2p/dve_p2p_manager.go:982.27,983.34 1 0
backend_server/pkg/p2p/dve_p2p_manager.go:983.34,985.6 1 0
backend_server/pkg/p2p/dve_p2p_manager.go:988.3,988.64 1 0
backend_server/pkg/p2p/dve_p2p_manager.go:988.64,990.27 2 0
backend_server/pkg/p2p/dve_p2p_manager.go:990.27,991.34 1 0
backend_server/pkg/p2p/dve_p2p_manager.go:991.34,993.6 1 0
backend_server/pkg/p2p/dve_p2p_manager.go:999.2,1003.12 4 1
backend_server/pkg/p2p/dve_p2p_manager.go:1003.12,1013.64 2 0
backend_server/pkg/p2p/dve_p2p_manager.go:1013.64,1015.4 1 0
backend_server/pkg/p2p/dve_p2p_manager.go:1016.8,1018.3 1 1
backend_server/pkg/p2p/dve_p2p_manager.go:1022.91,1027.55 3 1
backend_server/pkg/p2p/dve_p2p_manager.go:1027.55,1028.51 1 0
backend_server/pkg/p2p/dve_p2p_manager.go:1028.51,1030.4 1 0
backend_server/pkg/p2p/dve_p2p_manager.go:1031.3,1031.48 1 0
backend_server/pkg/p2p/dve_p2p_manager.go:1031.48,1033.4 1 0
backend_server/pkg/p2p/dve_p2p_manager.go:1034.3,1034.47 1 0
backend_server/pkg/p2p/dve_p2p_manager.go:1034.47,1036.4 1 0
backend_server/pkg/p2p/dve_p2p_manager.go:1038.3,1038.68 1 0
backend_server/pkg/p2p/dve_p2p_manager.go:1038.68,1040.31 2 0
backend_server/pkg/p2p/dve_p2p_manager.go:1040.31,1041.34 1 0
backend_server/pkg/p2p/dve_p2p_manager.go:1041.34,1043.6 1 0
backend_server/pkg/p2p/dve_p2p_manager.go:1046.3,1046.64 1 0
backend_server/pkg/p2p/dve_p2p_manager.go:1046.64,1048.27 2 0
backend_server/pkg/p2p/dve_p2p_manager.go:1048.27,1049.34 1 0
backend_server/pkg/p2p/dve_p2p_manager.go:1049.34,1051.6 1 0
backend_server/pkg/p2p/dve_p2p_manager.go:1057.2,1061.12 4 1
backend_server/pkg/p2p/dve_p2p_manager.go:1061.12,1071.64 2 0
backend_server/pkg/p2p/dve_p2p_manager.go:1071.64,1073.4 1 0
backend_server/pkg/p2p/dve_p2p_manager.go:1074.8,1076.3 1 1
backend_server/pkg/p2p/dve_p2p_manager.go:1080.85,1085.55 3 1
backend_server/pkg/p2p/dve_p2p_manager.go:1085.55,1086.49 1 0
backend_server/pkg/p2p/dve_p2p_manager.go:1086.49,1088.4 1 0
backend_server/pkg/p2p/dve_p2p_manager.go:1089.3,1089.48 1 0
backend_server/pkg/p2p/dve_p2p_manager.go:1089.48,1091.4 1 0
backend_server/pkg/p2p/dve_p2p_manager.go:1092.3,1092.45 1 0
backend_server/pkg/p2p/dve_p2p_manager.go:1092.45,1094.4 1 0
backend_server/pkg/p2p/dve_p2p_manager.go:1096.3,1096.59 1 0
backend_server/pkg/p2p/dve_p2p_manager.go:1096.59,1098.29 2 0
backend_server/pkg/p2p/dve_p2p_manager.go:1098.29,1099.36 1 0
backend_server/pkg/p2p/dve_p2p_manager.go:1099.36,1101.6 1 0
backend_server/pkg/p2p/dve_p2p_manager.go:1105.3,1105.64 1 0
backend_server/pkg/p2p/dve_p2p_manager.go:1105.64,1107.27 2 0
backend_server/pkg/p2p/dve_p2p_manager.go:1107.27,1108.34 1 0
backend_server/pkg/p2p/dve_p2p_manager.go:1108.34,1110.6 1 0
backend_server/pkg/p2p/dve_p2p_manager.go:1116.2,1116.27 1 1
backend_server/pkg/p2p/dve_p2p_manager.go:1117.16,1118.63 1 0
backend_server/pkg/p2p/dve_p2p_manager.go:1119.18,1120.66 1 0
backend_server/pkg/p2p/dve_p2p_manager.go:1124.2,1128.12 4 1
backend_server/pkg/p2p/dve_p2p_manager.go:1128.12,1138.64 2 0
backend_server/pkg/p2p/dve_p2p_manager.go:1138.64,1140.4 1 0
backend_server/pkg/p2p/dve_p2p_manager.go:1141.8,1143.3 1 1
backend_server/pkg/p2p/dve_p2p_manager.go:1147.146,1148.27 1 1
backend_server/pkg/p2p/dve_p2p_manager.go:1148.27,1150.3 1 1
backend_server/pkg/p2p/dve_p2p_manager.go:1152.2,1170.49 3 1
backend_server/pkg/p2p/dve_p2p_manager.go:1174.137,1175.27 1 1
backend_server/pkg/p2p/dve_p2p_manager.go:1175.27,1177.3 1 1
backend_server/pkg/p2p/dve_p2p_manager.go:1179.2,1197.49 3 1
backend_server/pkg/p2p/dve_p2p_manager.go:1201.140,1202.27 1 1
backend_server/pkg/p2p/dve_p2p_manager.go:1202.27,1204.3 1 1
backend_server/pkg/p2p/dve_p2p_manager.go:1206.2,1224.49 3 1
backend_server/pkg/p2p/dve_p2p_manager.go:1228.93,1230.16 2 1
backend_server/pkg/p2p/dve_p2p_manager.go:1230.16,1232.3 1 0
backend_server/pkg/p2p/dve_p2p_manager.go:1234.2,1234.76 1 1
backend_server/pkg/p2p/dve_p2p_manager.go:1234.76,1236.3 1 0
backend_server/pkg/p2p/dve_p2p_manager.go:1238.2,1240.12 2 1
backend_server/pkg/p2p/dve_p2p_manager.go:1244.54,1249.48 3 1
backend_server/pkg/p2p/dve_p2p_manager.go:1249.48,1251.17 2 1
backend_server/pkg/p2p/dve_p2p_manager.go:1251.17,1253.12 2 0
backend_server/pkg/p2p/dve_p2p_manager.go:1256.3,1257.17 2 1
backend_server/pkg/p2p/dve_p2p_manager.go:1257.17,1259.12 2 0
backend_server/pkg/p2p/dve_p2p_manager.go:1262.3,1262.53 1 1
backend_server/pkg/p2p/dve_p2p_manager.go:1265.2,1265.30 1 1
backend_server/pkg/p2p/dve_p2p_manager.go:1265.30,1267.3 1 1
backend_server/pkg/p2p/dve_p2p_manager.go:1269.2,1276.42 5 1
backend_server/pkg/p2p/dve_p2p_manager.go:1276.42,1277.35 1 1
backend_server/pkg/p2p/dve_p2p_manager.go:1277.35,1278.12 1 0
backend_server/pkg/p2p/dve_p2p_manager.go:1281.3,1281.64 1 1
backend_server/pkg/p2p/dve_p2p_manager.go:1281.64,1283.4 1 0
backend_server/pkg/p2p/dve_p2p_manager.go:1283.9,1286.4 2 1
backend_server/pkg/p2p/dve_p2p_manager.go:1289.2,1289.25 1 1
backend_server/pkg/p2p/dve_p2p_manager.go:1289.25,1291.3 1 0
backend_server/pkg/p2p/dve_p2p_manager.go:1291.8,1293.3 1 1
backend_server/pkg/p2p/dve_p2p_manager.go:1296.2,1296.20 1 1
backend_server/pkg/p2p/dve_p2p_manager.go:1296.20,1297.52 1 0
backend_server/pkg/p2p/dve_p2p_manager.go:1297.52,1299.4 1 0
backend_server/pkg/p2p/dve_p2p_manager.go:1300.3,1300.70 1 0
backend_server/pkg/p2p/dve_p2p_manager.go:1301.8,1303.3 1 1
backend_server/pkg/p2p/dve_p2p_manager.go:1304.2,1304.12 1 1
backend_server/pkg/p2p/dve_p2p_manager.go:1308.47,1324.2 4 1
backend_server/pkg/p2p/dve_p2p_manager.go:1327.50,1331.6 3 1
backend_server/pkg/p2p/dve_p2p_manager.go:1331.6,1332.10 1 1
backend_server/pkg/p2p/dve_p2p_manager.go:1333.25,1334.10 1 1
backend_server/pkg/p2p/dve_p2p_manager.go:1335.19,1337.36 2 0
backend_server/pkg/p2p/dve_p2p_manager.go:1343.51,1349.31 3 0
backend_server/pkg/p2p/dve_p2p_manager.go:1349.31,1356.38 3 0
backend_server/pkg/p2p/dve_p2p_manager.go:1356.38,1358.4 1 0
backend_server/pkg/p2p/dve_p2p_manager.go:1359.3,1359.38 1 0
backend_server/pkg/p2p/dve_p2p_manager.go:1359.38,1361.4 1 0
backend_server/pkg/p2p/dve_p2p_manager.go:1364.3,1364.53 1 0
backend_server/pkg/p2p/dve_p2p_manager.go:1367.2,1367.84 1 0
backend_server/pkg/p2p/dve_p2p_manager.go:1371.56,1377.31 4 0
backend_server/pkg/p2p/dve_p2p_manager.go:1377.31,1381.43 2 0
backend_server/pkg/p2p/dve_p2p_manager.go:1381.43,1385.63 2 0
backend_server/pkg/p2p/dve_p2p_manager.go:1385.63,1387.5 1 0
backend_server/pkg/p2p/dve_p2p_manager.go:1387.10,1389.5 1 0
backend_server/pkg/p2p/dve_p2p_manager.go:1393.2,1393.27 1 0
backend_server/pkg/p2p/dve_p2p_manager.go:1393.27,1395.3 1 0
backend_server/pkg/p2p/dve_p2p_manager.go:1399.68,1404.2 2 1
backend_server/pkg/p2p/dve_p2p_manager.go:1407.80,1410.2 1 1
backend_server/pkg/p2p/dve_p2p_manager.go:1413.95,1417.14 3 1
backend_server/pkg/p2p/dve_p2p_manager.go:1417.14,1419.3 1 1
backend_server/pkg/p2p/dve_p2p_manager.go:1419.8,1421.3 1 1
backend_server/pkg/p2p/dve_p2p_manager.go:1423.2,1426.33 2 1
backend_server/pkg/p2p/dve_p2p_manager.go:1426.33,1428.3 1 0
backend_server/pkg/p2p/dve_p2p_manager.go:1429.2,1429.33 1 1
backend_server/pkg/p2p/dve_p2p_manager.go:1429.33,1431.3 1 0
backend_server/pkg/p2p/dve_p2p_manager.go:1433.2,1436.54 2 1
backend_server/pkg/p2p/dve_p2p_manager.go:1440.98,1443.42 2 1
backend_server/pkg/p2p/dve_p2p_manager.go:1443.42,1445.3 1 0
backend_server/pkg/p2p/dve_p2p_manager.go:1453.2,1454.21 2 1
backend_server/pkg/p2p/dve_p2p_manager.go:1458.83,1467.2 2 1
backend_server/pkg/p2p/dve_p2p_manager.go:1470.53,1474.20 3 1
backend_server/pkg/p2p/dve_p2p_manager.go:1474.20,1477.3 2 1
backend_server/pkg/p2p/dve_p2p_manager.go:1480.2,1482.31 2 0
backend_server/pkg/p2p/dve_p2p_manager.go:1482.31,1485.3 2 0
backend_server/pkg/p2p/dve_p2p_manager.go:1491.2,1491.96 1 0
backend_server/pkg/p2p/dve_p2p_manager.go:1495.70,1502.20 4 1
backend_server/pkg/p2p/dve_p2p_manager.go:1502.20,1506.3 2 0
backend_server/pkg/p2p/dve_p2p_manager.go:1509.2,1511.19 2 1
backend_server/pkg/p2p/dve_p2p_manager.go:1515.65,1528.2 3 1
backend_server/tests/phase7_integration_testing.go:22.46,23.75 1 0
backend_server/tests/phase7_integration_testing.go:23.75,35.3 8 0
backend_server/tests/phase7_integration_testing.go:37.2,37.74 1 0
backend_server/tests/phase7_integration_testing.go:37.74,55.3 13 0
backend_server/tests/phase7_integration_testing.go:57.2,57.50 1 0
backend_server/tests/phase7_integration_testing.go:57.50,65.3 5 0
backend_server/tests/phase7_integration_testing.go:67.2,67.53 1 0
backend_server/tests/phase7_integration_testing.go:67.53,80.3 7 0
backend_server/tests/phase7_integration_testing.go:83.42,84.66 1 0
backend_server/tests/phase7_integration_testing.go:84.66,99.3 12 0
backend_server/tests/phase7_integration_testing.go:101.2,101.73 1 0
backend_server/tests/phase7_integration_testing.go:101.73,115.3 11 0
backend_server/tests/phase7_integration_testing.go:117.2,117.78 1 0
backend_server/tests/phase7_integration_testing.go:117.78,131.3 11 0
backend_server/tests/phase7_integration_testing.go:134.41,135.68 1 0
backend_server/tests/phase7_integration_testing.go:135.68,148.3 6 0
backend_server/tests/phase7_integration_testing.go:150.2,150.78 1 0
backend_server/tests/phase7_integration_testing.go:150.78,162.3 9 0
backend_server/tests/phase7_integration_testing.go:164.2,164.65 1 0
backend_server/tests/phase7_integration_testing.go:164.65,174.32 7 0
backend_server/tests/phase7_integration_testing.go:174.32,176.4 1 0
backend_server/tests/phase7_integration_testing.go:178.3,180.52 3 0
backend_server/tests/phase7_integration_testing.go:183.2,183.70 1 0
backend_server/tests/phase7_integration_testing.go:183.70,195.3 7 0
backend_server/tests/phase7_integration_testing.go:200.49,201.53 1 0
backend_server/tests/phase7_integration_testing.go:201.53,305.3 45 0
backend_server/tests/phase7_integration_testing.go:308.47,309.58 1 0
backend_server/tests/phase7_integration_testing.go:309.58,352.3 16 0
backend_server/tests/phase7_integration_testing.go:357.41,358.50 1 0
backend_server/tests/phase7_integration_testing.go:358.50,482.3 62 0
