mode: set
backend_server/internal/services/validation/api_server.go:21.82,26.2 1 0
backend_server/internal/services/validation/api_server.go:29.54,52.31 11 0
backend_server/internal/services/validation/api_server.go:52.31,54.3 1 0
backend_server/internal/services/validation/api_server.go:56.2,65.12 3 0
backend_server/internal/services/validation/api_server.go:65.12,66.82 1 0
backend_server/internal/services/validation/api_server.go:66.82,68.4 1 0
backend_server/internal/services/validation/api_server.go:71.2,72.12 2 0
backend_server/internal/services/validation/api_server.go:76.53,77.21 1 0
backend_server/internal/services/validation/api_server.go:77.21,79.3 1 0
backend_server/internal/services/validation/api_server.go:80.2,80.31 1 0
backend_server/internal/services/validation/api_server.go:84.68,85.71 1 0
backend_server/internal/services/validation/api_server.go:85.71,90.28 4 0
backend_server/internal/services/validation/api_server.go:90.28,93.4 2 0
backend_server/internal/services/validation/api_server.go:95.3,95.23 1 0
backend_server/internal/services/validation/api_server.go:100.74,111.2 4 0
backend_server/internal/services/validation/api_server.go:114.83,115.18 1 0
backend_server/internal/services/validation/api_server.go:116.13,140.5 4 0
backend_server/internal/services/validation/api_server.go:142.14,145.70 2 0
backend_server/internal/services/validation/api_server.go:145.70,148.4 2 0
backend_server/internal/services/validation/api_server.go:151.3,161.34 4 0
backend_server/internal/services/validation/api_server.go:163.10,164.67 1 0
backend_server/internal/services/validation/api_server.go:169.89,171.18 2 0
backend_server/internal/services/validation/api_server.go:171.18,174.3 2 0
backend_server/internal/services/validation/api_server.go:176.2,176.18 1 0
backend_server/internal/services/validation/api_server.go:177.13,194.34 4 0
backend_server/internal/services/validation/api_server.go:196.10,197.67 1 0
backend_server/internal/services/validation/api_server.go:202.85,203.18 1 0
backend_server/internal/services/validation/api_server.go:204.13,222.5 4 0
backend_server/internal/services/validation/api_server.go:224.10,225.67 1 0
backend_server/internal/services/validation/api_server.go:230.91,232.20 2 0
backend_server/internal/services/validation/api_server.go:232.20,235.3 2 0
backend_server/internal/services/validation/api_server.go:238.2,253.35 4 0
backend_server/internal/services/validation/api_server.go:257.80,269.2 4 0
backend_server/internal/services/validation/api_server.go:272.81,283.2 4 0
backend_server/internal/services/validation/base_llm_validator.go:24.21,30.2 1 0
backend_server/internal/services/validation/base_llm_validator.go:36.38,52.16 5 0
backend_server/internal/services/validation/base_llm_validator.go:52.16,55.3 2 0
backend_server/internal/services/validation/base_llm_validator.go:56.2,60.16 3 0
backend_server/internal/services/validation/base_llm_validator.go:60.16,63.3 2 0
backend_server/internal/services/validation/base_llm_validator.go:64.2,68.16 3 0
backend_server/internal/services/validation/base_llm_validator.go:68.16,71.3 2 0
backend_server/internal/services/validation/base_llm_validator.go:72.2,76.16 3 0
backend_server/internal/services/validation/base_llm_validator.go:76.16,79.3 2 0
backend_server/internal/services/validation/base_llm_validator.go:80.2,98.20 7 0
backend_server/internal/services/validation/base_llm_validator.go:102.118,104.9 1 0
backend_server/internal/services/validation/base_llm_validator.go:105.20,106.24 1 0
backend_server/internal/services/validation/base_llm_validator.go:107.10,107.10 0 0
backend_server/internal/services/validation/base_llm_validator.go:111.2,114.42 3 0
backend_server/internal/services/validation/base_llm_validator.go:114.42,116.10 1 0
backend_server/internal/services/validation/base_llm_validator.go:117.21,118.25 1 0
backend_server/internal/services/validation/base_llm_validator.go:119.11,119.11 0 0
backend_server/internal/services/validation/base_llm_validator.go:124.3,126.17 3 0
backend_server/internal/services/validation/base_llm_validator.go:126.17,128.12 2 0
backend_server/internal/services/validation/base_llm_validator.go:132.3,141.17 3 0
backend_server/internal/services/validation/base_llm_validator.go:141.17,142.12 1 0
backend_server/internal/services/validation/base_llm_validator.go:146.3,149.33 3 0
backend_server/internal/services/validation/base_llm_validator.go:149.33,152.4 2 0
backend_server/internal/services/validation/base_llm_validator.go:155.2,155.20 1 0
backend_server/internal/services/validation/base_llm_validator.go:155.20,157.3 1 0
backend_server/internal/services/validation/base_llm_validator.go:159.2,159.45 1 0
backend_server/internal/services/validation/base_llm_validator.go:163.113,167.42 3 0
backend_server/internal/services/validation/base_llm_validator.go:167.42,170.17 3 0
backend_server/internal/services/validation/base_llm_validator.go:170.17,171.12 1 0
backend_server/internal/services/validation/base_llm_validator.go:175.3,196.14 6 0
backend_server/internal/services/validation/base_llm_validator.go:199.2,199.20 1 0
backend_server/internal/services/validation/base_llm_validator.go:199.20,201.3 1 0
backend_server/internal/services/validation/base_llm_validator.go:203.2,203.45 1 0
backend_server/internal/services/validation/base_llm_validator.go:207.117,210.69 2 0
backend_server/internal/services/validation/base_llm_validator.go:210.69,211.30 1 0
backend_server/internal/services/validation/base_llm_validator.go:211.30,212.33 1 0
backend_server/internal/services/validation/base_llm_validator.go:212.33,214.5 1 0
backend_server/internal/services/validation/base_llm_validator.go:219.2,230.42 4 0
backend_server/internal/services/validation/base_llm_validator.go:230.42,235.17 3 0
backend_server/internal/services/validation/base_llm_validator.go:235.17,236.12 1 0
backend_server/internal/services/validation/base_llm_validator.go:240.3,249.14 4 0
backend_server/internal/services/validation/base_llm_validator.go:252.2,252.20 1 0
backend_server/internal/services/validation/base_llm_validator.go:252.20,254.3 1 0
backend_server/internal/services/validation/base_llm_validator.go:256.2,256.45 1 0
backend_server/internal/services/validation/base_llm_validator.go:260.116,264.42 3 0
backend_server/internal/services/validation/base_llm_validator.go:264.42,267.17 3 0
backend_server/internal/services/validation/base_llm_validator.go:267.17,268.12 1 0
backend_server/internal/services/validation/base_llm_validator.go:272.3,286.14 5 0
backend_server/internal/services/validation/base_llm_validator.go:289.2,289.20 1 0
backend_server/internal/services/validation/base_llm_validator.go:289.20,291.3 1 0
backend_server/internal/services/validation/base_llm_validator.go:293.2,293.45 1 0
backend_server/internal/services/validation/handlers.go:16.84,18.20 2 0
backend_server/internal/services/validation/handlers.go:18.20,21.3 2 0
backend_server/internal/services/validation/handlers.go:23.2,24.61 2 0
backend_server/internal/services/validation/handlers.go:24.61,27.3 2 0
backend_server/internal/services/validation/handlers.go:29.2,29.20 1 0
backend_server/internal/services/validation/handlers.go:29.20,32.3 2 0
backend_server/internal/services/validation/handlers.go:34.2,35.16 2 0
backend_server/internal/services/validation/handlers.go:35.16,38.3 2 0
backend_server/internal/services/validation/handlers.go:40.2,40.40 1 0
backend_server/internal/services/validation/handlers.go:44.83,46.20 2 0
backend_server/internal/services/validation/handlers.go:46.20,49.3 2 0
backend_server/internal/services/validation/handlers.go:52.2,58.69 2 0
backend_server/internal/services/validation/handlers.go:58.69,60.22 1 0
backend_server/internal/services/validation/handlers.go:61.15,62.23 1 0
backend_server/internal/services/validation/handlers.go:63.17,64.23 1 0
backend_server/internal/services/validation/handlers.go:65.14,66.23 1 0
backend_server/internal/services/validation/handlers.go:67.11,69.57 1 0
backend_server/internal/services/validation/handlers.go:73.2,74.16 2 0
backend_server/internal/services/validation/handlers.go:74.16,77.3 2 0
backend_server/internal/services/validation/handlers.go:79.2,79.36 1 0
backend_server/internal/services/validation/handlers.go:83.81,85.20 2 0
backend_server/internal/services/validation/handlers.go:85.20,88.3 2 0
backend_server/internal/services/validation/handlers.go:90.2,94.16 4 0
backend_server/internal/services/validation/handlers.go:94.16,97.3 2 0
backend_server/internal/services/validation/handlers.go:99.2,99.35 1 0
backend_server/internal/services/validation/handlers.go:103.85,105.20 2 0
backend_server/internal/services/validation/handlers.go:105.20,108.3 2 0
backend_server/internal/services/validation/handlers.go:110.2,115.16 4 0
backend_server/internal/services/validation/handlers.go:115.16,118.3 2 0
backend_server/internal/services/validation/handlers.go:121.2,122.16 2 0
backend_server/internal/services/validation/handlers.go:122.16,125.3 2 0
backend_server/internal/services/validation/handlers.go:128.2,135.45 2 0
backend_server/internal/services/validation/handlers.go:141.88,143.20 2 0
backend_server/internal/services/validation/handlers.go:143.20,146.3 2 0
backend_server/internal/services/validation/handlers.go:148.2,154.82 4 0
backend_server/internal/services/validation/handlers.go:160.93,172.2 2 0
backend_server/internal/services/validation/handlers.go:175.94,177.20 2 0
backend_server/internal/services/validation/handlers.go:177.20,180.3 2 0
backend_server/internal/services/validation/handlers.go:183.2,190.38 2 0
backend_server/internal/services/validation/handlers.go:196.86,198.20 2 0
backend_server/internal/services/validation/handlers.go:198.20,201.3 2 0
backend_server/internal/services/validation/handlers.go:204.2,211.42 2 0
backend_server/internal/services/validation/handlers.go:217.73,221.2 3 0
backend_server/internal/services/validation/handlers.go:224.72,228.2 3 0
backend_server/internal/services/validation/llm_validator.go:31.125,39.77 1 0
backend_server/internal/services/validation/llm_validator.go:39.77,41.3 1 0
backend_server/internal/services/validation/llm_validator.go:42.2,42.59 1 0
backend_server/internal/services/validation/llm_validator.go:45.103,53.65 1 0
backend_server/internal/services/validation/llm_validator.go:53.65,55.3 1 0
backend_server/internal/services/validation/llm_validator.go:56.2,56.56 1 0
backend_server/internal/services/validation/llm_validator.go:66.48,68.2 1 0
backend_server/internal/services/validation/llm_validator.go:70.49,72.2 1 0
backend_server/internal/services/validation/llm_validator.go:74.103,84.16 3 0
backend_server/internal/services/validation/llm_validator.go:84.16,92.3 1 0
backend_server/internal/services/validation/llm_validator.go:94.2,106.3 2 0
backend_server/internal/services/validation/llm_validator.go:114.51,116.2 1 0
backend_server/internal/services/validation/llm_validator.go:118.52,120.2 1 0
backend_server/internal/services/validation/llm_validator.go:122.106,129.31 4 0
backend_server/internal/services/validation/llm_validator.go:129.31,131.17 2 0
backend_server/internal/services/validation/llm_validator.go:131.17,139.4 1 0
backend_server/internal/services/validation/llm_validator.go:141.3,141.18 1 0
backend_server/internal/services/validation/llm_validator.go:141.18,143.4 1 0
backend_server/internal/services/validation/llm_validator.go:146.2,148.14 3 0
backend_server/internal/services/validation/llm_validator.go:148.14,150.3 1 0
backend_server/internal/services/validation/llm_validator.go:152.2,162.3 1 0
backend_server/internal/services/validation/llm_validator.go:166.44,169.30 3 0
backend_server/internal/services/validation/llm_validator.go:169.30,171.18 2 0
backend_server/internal/services/validation/llm_validator.go:171.18,173.4 1 0
backend_server/internal/services/validation/llm_validator.go:175.2,175.15 1 0
backend_server/internal/services/validation/llm_validator.go:182.22,251.2 18 0
backend_server/internal/services/validation/llm_validator.go:253.43,258.40 4 0
backend_server/internal/services/validation/llm_validator.go:258.40,260.22 2 0
backend_server/internal/services/validation/llm_validator.go:260.22,262.4 1 0
backend_server/internal/services/validation/llm_validator.go:263.3,266.30 3 0
backend_server/internal/services/validation/llm_validator.go:266.30,269.4 2 0
backend_server/internal/services/validation/llm_validator.go:270.3,270.16 1 0
backend_server/internal/services/validation/llm_validator.go:273.2,273.60 1 0
backend_server/internal/services/validation/llm_validator.go:273.60,275.48 2 0
backend_server/internal/services/validation/llm_validator.go:275.48,277.4 1 0
backend_server/internal/services/validation/llm_validators.go:23.69,27.2 1 1
backend_server/internal/services/validation/llm_validators.go:35.53,37.2 1 0
backend_server/internal/services/validation/llm_validators.go:39.54,41.2 1 0
backend_server/internal/services/validation/llm_validators.go:43.108,61.16 4 0
backend_server/internal/services/validation/llm_validators.go:61.16,69.3 1 0
backend_server/internal/services/validation/llm_validators.go:72.2,77.68 2 0
backend_server/internal/services/validation/llm_validators.go:77.68,85.3 1 0
backend_server/internal/services/validation/llm_validators.go:87.2,98.3 2 0
backend_server/internal/services/validation/llm_validators.go:109.46,111.2 1 0
backend_server/internal/services/validation/llm_validators.go:113.47,115.2 1 0
backend_server/internal/services/validation/llm_validators.go:117.101,122.32 3 0
backend_server/internal/services/validation/llm_validators.go:122.32,124.3 1 0
backend_server/internal/services/validation/llm_validators.go:126.2,150.16 3 0
backend_server/internal/services/validation/llm_validators.go:150.16,158.3 1 0
backend_server/internal/services/validation/llm_validators.go:160.2,168.68 2 0
backend_server/internal/services/validation/llm_validators.go:168.68,176.3 1 0
backend_server/internal/services/validation/llm_validators.go:179.2,179.68 1 0
backend_server/internal/services/validation/llm_validators.go:179.68,192.3 1 0
backend_server/internal/services/validation/llm_validators.go:194.2,208.3 2 0
backend_server/internal/services/validation/model_tester.go:22.16,27.2 1 0
backend_server/internal/services/validation/model_tester.go:35.22,40.16 3 0
backend_server/internal/services/validation/model_tester.go:40.16,49.3 1 0
backend_server/internal/services/validation/model_tester.go:52.2,65.17 5 0
backend_server/internal/services/validation/model_tester.go:65.17,67.3 1 0
backend_server/internal/services/validation/model_tester.go:69.2,79.3 1 0
backend_server/internal/services/validation/model_tester.go:87.19,88.28 1 0
backend_server/internal/services/validation/model_tester.go:89.14,91.36 1 0
backend_server/internal/services/validation/model_tester.go:91.36,93.4 1 0
backend_server/internal/services/validation/model_tester.go:94.3,94.43 1 0
backend_server/internal/services/validation/model_tester.go:95.53,96.51 1 0
backend_server/internal/services/validation/model_tester.go:97.10,98.63 1 0
backend_server/internal/services/validation/model_tester.go:107.19,109.9 1 0
backend_server/internal/services/validation/model_tester.go:110.20,111.23 1 0
backend_server/internal/services/validation/model_tester.go:112.10,112.10 0 0
backend_server/internal/services/validation/model_tester.go:116.2,128.16 3 0
backend_server/internal/services/validation/model_tester.go:128.16,131.3 2 0
backend_server/internal/services/validation/model_tester.go:133.2,134.20 2 0
backend_server/internal/services/validation/model_tester.go:142.19,144.9 1 0
backend_server/internal/services/validation/model_tester.go:145.20,146.23 1 0
backend_server/internal/services/validation/model_tester.go:147.10,147.10 0 0
backend_server/internal/services/validation/model_tester.go:151.2,163.16 3 0
backend_server/internal/services/validation/model_tester.go:163.16,166.3 2 0
backend_server/internal/services/validation/model_tester.go:168.2,169.20 2 0
backend_server/internal/services/validation/model_tester.go:174.73,175.14 1 0
backend_server/internal/services/validation/model_tester.go:175.14,177.3 1 0
backend_server/internal/services/validation/model_tester.go:179.2,182.24 3 0
backend_server/internal/services/validation/model_tester.go:182.24,184.3 1 0
backend_server/internal/services/validation/model_tester.go:186.2,186.78 1 0
backend_server/internal/services/validation/model_tester.go:186.78,188.3 1 0
backend_server/internal/services/validation/model_tester.go:190.2,194.28 4 0
backend_server/internal/services/validation/model_tester.go:194.28,195.29 1 0
backend_server/internal/services/validation/model_tester.go:195.29,196.16 1 0
backend_server/internal/services/validation/model_tester.go:196.16,198.10 2 0
backend_server/internal/services/validation/model_tester.go:203.2,203.42 1 0
backend_server/internal/services/validation/model_tester.go:203.42,205.3 1 0
backend_server/internal/services/validation/model_tester.go:207.2,208.22 2 0
backend_server/internal/services/validation/model_tester.go:217.11,223.2 3 0
backend_server/internal/services/validation/model_tester.go:230.29,233.23 2 0
backend_server/internal/services/validation/model_tester.go:233.23,235.3 1 0
backend_server/internal/services/validation/model_tester.go:237.2,241.33 4 0
backend_server/internal/services/validation/model_tester.go:241.33,243.32 2 0
backend_server/internal/services/validation/model_tester.go:243.32,245.4 1 0
backend_server/internal/services/validation/model_tester.go:247.3,247.28 1 0
backend_server/internal/services/validation/model_tester.go:247.28,248.58 1 0
backend_server/internal/services/validation/model_tester.go:248.58,250.5 1 0
backend_server/internal/services/validation/model_tester.go:254.2,257.32 4 0
backend_server/internal/services/validation/model_tester.go:257.32,259.3 1 0
backend_server/internal/services/validation/model_tester.go:261.2,261.16 1 0
backend_server/internal/services/validation/model_tester.go:270.38,279.42 5 0
backend_server/internal/services/validation/model_tester.go:279.42,289.3 6 0
backend_server/internal/services/validation/model_tester.go:292.2,293.42 2 0
backend_server/internal/services/validation/model_tester.go:293.42,295.3 1 0
backend_server/internal/services/validation/model_tester.go:297.2,301.24 3 0
backend_server/internal/services/validation/model_tester.go:301.24,303.3 1 0
backend_server/internal/services/validation/model_tester.go:303.8,303.31 1 0
backend_server/internal/services/validation/model_tester.go:303.31,305.3 1 0
backend_server/internal/services/validation/model_tester.go:307.2,324.20 9 0
backend_server/internal/services/validation/model_tester.go:328.75,330.28 2 0
backend_server/internal/services/validation/model_tester.go:330.28,331.27 1 0
backend_server/internal/services/validation/model_tester.go:331.27,333.4 1 0
backend_server/internal/services/validation/model_tester.go:335.2,335.14 1 0
backend_server/internal/services/validation/model_tester.go:338.24,339.11 1 0
backend_server/internal/services/validation/model_tester.go:339.11,341.3 1 0
backend_server/internal/services/validation/model_tester.go:342.2,342.10 1 0
backend_server/internal/services/validation/model_validator.go:23.19,28.2 1 1
backend_server/internal/services/validation/model_validator.go:35.20,41.42 4 0
backend_server/internal/services/validation/model_validator.go:41.42,45.17 3 0
backend_server/internal/services/validation/model_validator.go:45.17,47.4 1 0
backend_server/internal/services/validation/model_validator.go:49.3,49.40 1 0
backend_server/internal/services/validation/model_validator.go:52.2,52.30 1 0
backend_server/internal/services/validation/model_validator.go:52.30,54.3 1 0
backend_server/internal/services/validation/model_validator.go:56.2,61.22 4 0
backend_server/internal/services/validation/model_validator.go:61.22,63.3 1 0
backend_server/internal/services/validation/model_validator.go:65.2,70.30 3 0
backend_server/internal/services/validation/model_validator.go:78.20,83.42 3 0
backend_server/internal/services/validation/model_validator.go:83.42,85.17 2 0
backend_server/internal/services/validation/model_validator.go:85.17,86.12 1 0
backend_server/internal/services/validation/model_validator.go:90.3,97.32 3 0
backend_server/internal/services/validation/model_validator.go:97.32,99.4 1 0
backend_server/internal/services/validation/model_validator.go:102.2,102.30 1 0
backend_server/internal/services/validation/model_validator.go:102.30,104.3 1 0
backend_server/internal/services/validation/model_validator.go:106.2,109.25 3 0
backend_server/internal/services/validation/model_validator.go:117.20,122.69 3 0
backend_server/internal/services/validation/model_validator.go:122.69,123.30 1 0
backend_server/internal/services/validation/model_validator.go:123.30,124.33 1 0
backend_server/internal/services/validation/model_validator.go:124.33,126.5 1 0
backend_server/internal/services/validation/model_validator.go:130.2,133.42 3 0
backend_server/internal/services/validation/model_validator.go:133.42,136.17 2 0
backend_server/internal/services/validation/model_validator.go:136.17,137.12 1 0
backend_server/internal/services/validation/model_validator.go:141.3,150.14 4 0
backend_server/internal/services/validation/model_validator.go:153.2,153.20 1 0
backend_server/internal/services/validation/model_validator.go:153.20,155.3 1 0
backend_server/internal/services/validation/model_validator.go:157.2,160.29 3 0
backend_server/internal/services/validation/model_validator.go:168.20,174.42 4 0
backend_server/internal/services/validation/model_validator.go:174.42,176.17 2 0
backend_server/internal/services/validation/model_validator.go:176.17,177.12 1 0
backend_server/internal/services/validation/model_validator.go:180.3,190.14 4 0
backend_server/internal/services/validation/model_validator.go:193.2,193.20 1 0
backend_server/internal/services/validation/model_validator.go:193.20,195.3 1 0
backend_server/internal/services/validation/model_validator.go:197.2,200.28 3 0
backend_server/internal/services/validation/model_validator.go:209.38,225.16 5 0
backend_server/internal/services/validation/model_validator.go:225.16,228.3 2 0
backend_server/internal/services/validation/model_validator.go:229.2,233.16 3 0
backend_server/internal/services/validation/model_validator.go:233.16,236.3 2 0
backend_server/internal/services/validation/model_validator.go:237.2,241.16 3 0
backend_server/internal/services/validation/model_validator.go:241.16,244.3 2 0
backend_server/internal/services/validation/model_validator.go:245.2,249.16 3 0
backend_server/internal/services/validation/model_validator.go:249.16,252.3 2 0
backend_server/internal/services/validation/model_validator.go:253.2,274.20 8 0
backend_server/internal/services/validation/proof_generator.go:20.55,22.2 1 1
backend_server/internal/services/validation/proof_generator.go:28.10,44.16 3 1
backend_server/internal/services/validation/proof_generator.go:44.16,46.3 1 0
backend_server/internal/services/validation/proof_generator.go:49.2,55.14 4 1
backend_server/internal/services/validation/proof_generator.go:60.122,62.63 1 0
backend_server/internal/services/validation/proof_generator.go:62.63,65.3 2 0
backend_server/internal/services/validation/proof_generator.go:68.2,69.21 2 0
backend_server/internal/services/validation/proof_generator.go:69.21,72.3 2 0
backend_server/internal/services/validation/proof_generator.go:74.2,78.30 3 0
backend_server/internal/services/validation/proof_generator.go:78.30,81.3 2 0
backend_server/internal/services/validation/proof_generator.go:84.2,97.16 3 0
backend_server/internal/services/validation/proof_generator.go:97.16,100.3 2 0
backend_server/internal/services/validation/proof_generator.go:103.2,107.12 4 0
backend_server/internal/services/validation/proof_generator.go:107.12,109.3 1 0
backend_server/internal/services/validation/proof_generator.go:109.8,111.3 1 0
backend_server/internal/services/validation/proof_generator.go:113.2,113.14 1 0
backend_server/internal/services/validation/routes.go:12.100,41.95 16 0
backend_server/internal/services/validation/routes.go:41.95,43.3 1 0
backend_server/internal/services/validation/task_queue.go:9.60,13.2 3 1
backend_server/internal/services/validation/task_queue.go:16.48,20.2 3 1
backend_server/internal/services/validation/task_queue.go:23.77,28.2 4 0
backend_server/internal/services/validation/task_queue.go:31.66,36.32 4 1
backend_server/internal/services/validation/task_queue.go:36.32,37.31 1 1
backend_server/internal/services/validation/task_queue.go:37.31,39.4 1 1
backend_server/internal/services/validation/task_queue.go:43.2,43.47 1 1
backend_server/internal/services/validation/task_queue.go:43.47,45.3 1 0
backend_server/internal/services/validation/task_queue.go:47.2,47.21 1 1
backend_server/internal/services/validation/task_queue.go:51.62,56.32 4 0
backend_server/internal/services/validation/task_queue.go:56.32,58.3 1 0
backend_server/internal/services/validation/task_queue.go:59.2,59.14 1 0
backend_server/internal/services/validation/task_queue.go:63.80,68.32 4 0
backend_server/internal/services/validation/task_queue.go:68.32,69.28 1 0
backend_server/internal/services/validation/task_queue.go:69.28,71.4 1 0
backend_server/internal/services/validation/task_queue.go:73.2,73.22 1 0
backend_server/internal/services/validation/task_queue.go:77.80,82.32 4 0
backend_server/internal/services/validation/task_queue.go:82.32,83.28 1 0
backend_server/internal/services/validation/task_queue.go:83.28,85.4 1 0
backend_server/internal/services/validation/task_queue.go:87.2,87.22 1 0
backend_server/internal/services/validation/task_queue.go:91.84,96.32 4 0
backend_server/internal/services/validation/task_queue.go:96.32,97.35 1 0
backend_server/internal/services/validation/task_queue.go:97.35,99.4 1 0
backend_server/internal/services/validation/task_queue.go:103.2,103.48 1 0
backend_server/internal/services/validation/task_queue.go:103.48,105.3 1 0
backend_server/internal/services/validation/task_queue.go:107.2,107.22 1 0
backend_server/internal/services/validation/task_queue.go:111.67,115.46 3 0
backend_server/internal/services/validation/task_queue.go:115.46,118.3 2 0
backend_server/internal/services/validation/task_queue.go:119.2,119.14 1 0
backend_server/internal/services/validation/task_queue.go:123.53,136.32 4 0
backend_server/internal/services/validation/task_queue.go:136.32,139.3 2 0
backend_server/internal/services/validation/task_queue.go:141.2,141.14 1 0
backend_server/internal/services/validation/task_queue.go:145.63,150.32 4 0
backend_server/internal/services/validation/task_queue.go:150.32,152.3 1 0
backend_server/internal/services/validation/task_queue.go:154.2,154.21 1 0
backend_server/internal/services/validation/task_queue.go:158.60,163.32 4 0
backend_server/internal/services/validation/task_queue.go:163.32,165.3 1 0
backend_server/internal/services/validation/task_queue.go:167.2,167.21 1 0
backend_server/internal/services/validation/task_queue.go:171.60,173.27 2 0
backend_server/internal/services/validation/task_queue.go:173.27,175.3 1 0
backend_server/internal/services/validation/task_queue.go:176.2,176.12 1 0
backend_server/internal/services/validation/task_queue.go:180.41,184.2 3 0
backend_server/internal/services/validation/task_queue.go:187.48,192.32 4 0
backend_server/internal/services/validation/task_queue.go:192.32,193.31 1 0
backend_server/internal/services/validation/task_queue.go:193.31,195.4 1 0
backend_server/internal/services/validation/task_queue.go:197.2,197.14 1 0
backend_server/internal/services/validation/task_queue.go:201.48,206.32 4 0
backend_server/internal/services/validation/task_queue.go:206.32,207.31 1 0
backend_server/internal/services/validation/task_queue.go:207.31,209.4 1 0
backend_server/internal/services/validation/task_queue.go:211.2,211.14 1 0
backend_server/internal/services/validation/task_queue.go:215.30,219.2 3 0
backend_server/internal/services/validation/task_queue.go:222.50,227.2 4 0
backend_server/internal/services/validation/task_queue.go:230.85,235.32 4 0
backend_server/internal/services/validation/task_queue.go:235.32,236.38 1 0
backend_server/internal/services/validation/task_queue.go:236.38,238.4 1 0
backend_server/internal/services/validation/task_queue.go:240.2,240.22 1 0
backend_server/internal/services/validation/task_queue.go:244.86,249.32 4 0
backend_server/internal/services/validation/task_queue.go:249.32,250.36 1 0
backend_server/internal/services/validation/task_queue.go:250.36,252.4 1 0
backend_server/internal/services/validation/task_queue.go:254.2,254.22 1 0
backend_server/internal/services/validation/test_executor.go:21.21,26.2 1 0
backend_server/internal/services/validation/test_executor.go:33.22,48.16 4 0
backend_server/internal/services/validation/test_executor.go:48.16,57.3 1 0
backend_server/internal/services/validation/test_executor.go:60.2,73.17 5 0
backend_server/internal/services/validation/test_executor.go:73.17,75.3 1 0
backend_server/internal/services/validation/test_executor.go:77.2,83.3 1 0
backend_server/internal/services/validation/test_executor.go:91.11,102.2 4 0
backend_server/internal/services/validation/test_executor.go:105.79,107.14 1 0
backend_server/internal/services/validation/test_executor.go:107.14,109.3 1 0
backend_server/internal/services/validation/test_executor.go:112.2,115.24 3 0
backend_server/internal/services/validation/test_executor.go:115.24,117.3 1 0
backend_server/internal/services/validation/test_executor.go:120.2,120.78 1 0
backend_server/internal/services/validation/test_executor.go:120.78,122.3 1 0
backend_server/internal/services/validation/test_executor.go:125.2,129.28 4 0
backend_server/internal/services/validation/test_executor.go:129.28,130.29 1 0
backend_server/internal/services/validation/test_executor.go:130.29,131.16 1 0
backend_server/internal/services/validation/test_executor.go:131.16,133.10 2 0
backend_server/internal/services/validation/test_executor.go:138.2,138.42 1 0
backend_server/internal/services/validation/test_executor.go:138.42,140.3 1 0
backend_server/internal/services/validation/test_executor.go:142.2,143.22 2 0
backend_server/internal/services/validation/validation_core.go:57.149,115.2 13 1
backend_server/internal/services/validation/validation_core.go:118.60,129.46 5 1
backend_server/internal/services/validation/validation_core.go:129.46,131.3 1 1
backend_server/internal/services/validation/validation_core.go:133.2,134.12 2 1
backend_server/internal/services/validation/validation_core.go:138.59,150.2 5 1
backend_server/internal/services/validation/validation_core.go:153.93,154.18 1 0
backend_server/internal/services/validation/validation_core.go:155.40,156.41 1 0
backend_server/internal/services/validation/validation_core.go:157.37,158.38 1 0
backend_server/internal/services/validation/validation_core.go:159.10,160.62 1 0
backend_server/internal/services/validation/validation_core.go:165.105,186.43 4 1
backend_server/internal/services/validation/validation_core.go:186.43,188.3 1 0
backend_server/internal/services/validation/validation_core.go:191.2,194.71 2 1
backend_server/internal/services/validation/validation_core.go:194.71,196.3 1 0
backend_server/internal/services/validation/validation_core.go:198.2,199.18 2 1
backend_server/internal/services/validation/validation_core.go:203.101,209.46 4 1
backend_server/internal/services/validation/validation_core.go:209.46,210.71 1 1
backend_server/internal/services/validation/validation_core.go:210.71,212.63 2 0
backend_server/internal/services/validation/validation_core.go:212.63,215.5 2 0
backend_server/internal/services/validation/validation_core.go:218.4,218.47 1 0
backend_server/internal/services/validation/validation_core.go:218.47,220.5 1 0
backend_server/internal/services/validation/validation_core.go:222.4,223.15 2 0
backend_server/internal/services/validation/validation_core.go:227.2,227.19 1 1
backend_server/internal/services/validation/validation_core.go:231.93,238.46 5 1
backend_server/internal/services/validation/validation_core.go:238.46,240.17 2 1
backend_server/internal/services/validation/validation_core.go:240.17,242.4 1 0
backend_server/internal/services/validation/validation_core.go:244.3,244.62 1 1
backend_server/internal/services/validation/validation_core.go:244.62,246.4 1 0
backend_server/internal/services/validation/validation_core.go:248.3,249.13 2 1
backend_server/internal/services/validation/validation_core.go:252.2,252.16 1 1
backend_server/internal/services/validation/validation_core.go:252.16,254.3 1 0
backend_server/internal/services/validation/validation_core.go:256.2,256.12 1 1
backend_server/internal/services/validation/validation_core.go:256.12,258.3 1 0
backend_server/internal/services/validation/validation_core.go:260.2,260.19 1 1
backend_server/internal/services/validation/validation_core.go:264.96,270.46 4 0
backend_server/internal/services/validation/validation_core.go:270.46,272.74 2 0
backend_server/internal/services/validation/validation_core.go:272.74,273.35 1 0
backend_server/internal/services/validation/validation_core.go:273.35,275.5 1 0
backend_server/internal/services/validation/validation_core.go:277.4,278.65 2 0
backend_server/internal/services/validation/validation_core.go:278.65,281.5 2 0
backend_server/internal/services/validation/validation_core.go:283.4,285.15 3 0
backend_server/internal/services/validation/validation_core.go:289.2,289.21 1 0
backend_server/internal/services/validation/validation_core.go:293.110,298.36 3 1
backend_server/internal/services/validation/validation_core.go:298.36,300.3 1 0
backend_server/internal/services/validation/validation_core.go:303.2,303.64 1 1
backend_server/internal/services/validation/validation_core.go:303.64,305.3 1 0
backend_server/internal/services/validation/validation_core.go:308.2,312.43 4 1
backend_server/internal/services/validation/validation_core.go:312.43,314.3 1 0
backend_server/internal/services/validation/validation_core.go:317.2,327.12 4 1
backend_server/internal/services/validation/validation_core.go:327.12,328.16 1 1
backend_server/internal/services/validation/validation_core.go:328.16,331.4 2 1
backend_server/internal/services/validation/validation_core.go:333.3,334.17 2 1
backend_server/internal/services/validation/validation_core.go:334.17,338.4 3 0
backend_server/internal/services/validation/validation_core.go:341.3,341.58 1 1
backend_server/internal/services/validation/validation_core.go:341.58,343.4 1 0
backend_server/internal/services/validation/validation_core.go:345.3,348.73 2 1
backend_server/internal/services/validation/validation_core.go:348.73,350.4 1 0
backend_server/internal/services/validation/validation_core.go:353.2,353.17 1 1
backend_server/internal/services/validation/validation_core.go:357.131,368.19 3 1
backend_server/internal/services/validation/validation_core.go:369.19,370.49 1 1
backend_server/internal/services/validation/validation_core.go:371.18,372.47 1 0
backend_server/internal/services/validation/validation_core.go:373.28,374.48 1 0
backend_server/internal/services/validation/validation_core.go:375.16,376.46 1 0
backend_server/internal/services/validation/validation_core.go:377.10,381.21 4 0
backend_server/internal/services/validation/validation_core.go:386.165,391.42 3 1
backend_server/internal/services/validation/validation_core.go:391.42,394.3 2 1
backend_server/internal/services/validation/validation_core.go:397.2,399.41 3 1
backend_server/internal/services/validation/validation_core.go:399.41,404.3 3 1
backend_server/internal/services/validation/validation_core.go:406.2,406.21 1 1
backend_server/internal/services/validation/validation_core.go:406.21,408.3 1 1
backend_server/internal/services/validation/validation_core.go:408.8,410.3 1 0
backend_server/internal/services/validation/validation_core.go:413.2,420.20 5 1
backend_server/internal/services/validation/validation_core.go:420.20,422.22 2 1
backend_server/internal/services/validation/validation_core.go:422.22,424.4 1 1
backend_server/internal/services/validation/validation_core.go:424.9,424.29 1 0
backend_server/internal/services/validation/validation_core.go:424.29,426.4 1 0
backend_server/internal/services/validation/validation_core.go:426.9,428.4 1 0
backend_server/internal/services/validation/validation_core.go:429.8,431.3 1 0
backend_server/internal/services/validation/validation_core.go:434.2,438.20 3 1
backend_server/internal/services/validation/validation_core.go:442.163,450.16 4 0
backend_server/internal/services/validation/validation_core.go:450.16,452.3 1 0
backend_server/internal/services/validation/validation_core.go:455.2,463.20 6 0
backend_server/internal/services/validation/validation_core.go:467.164,472.16 3 0
backend_server/internal/services/validation/validation_core.go:472.16,474.3 1 0
backend_server/internal/services/validation/validation_core.go:477.2,487.20 7 0
backend_server/internal/services/validation/validation_core.go:491.162,497.9 3 0
backend_server/internal/services/validation/validation_core.go:498.20,502.27 4 0
backend_server/internal/services/validation/validation_core.go:503.10,503.10 0 0
backend_server/internal/services/validation/validation_core.go:508.2,511.20 3 0
backend_server/internal/services/validation/validation_core.go:511.20,513.3 1 0
backend_server/internal/services/validation/validation_core.go:516.2,519.24 3 0
backend_server/internal/services/validation/validation_core.go:520.22,521.62 1 0
backend_server/internal/services/validation/validation_core.go:522.31,523.66 1 0
backend_server/internal/services/validation/validation_core.go:524.23,525.58 1 0
backend_server/internal/services/validation/validation_core.go:526.10,527.63 1 0
backend_server/internal/services/validation/validation_core.go:531.2,532.23 2 0
backend_server/internal/services/validation/validation_core.go:532.23,534.3 1 0
backend_server/internal/services/validation/validation_core.go:536.2,543.20 7 0
backend_server/internal/services/validation/validation_core.go:547.115,554.19 4 0
backend_server/internal/services/validation/validation_core.go:554.19,556.3 1 0
backend_server/internal/services/validation/validation_core.go:556.8,556.31 1 0
backend_server/internal/services/validation/validation_core.go:556.31,558.3 1 0
backend_server/internal/services/validation/validation_core.go:560.2,560.21 1 0
backend_server/internal/services/validation/validation_core.go:560.21,562.3 1 0
backend_server/internal/services/validation/validation_core.go:562.8,562.61 1 0
backend_server/internal/services/validation/validation_core.go:562.61,564.3 1 0
backend_server/internal/services/validation/validation_core.go:566.2,566.30 1 0
backend_server/internal/services/validation/validation_core.go:566.30,568.3 1 0
backend_server/internal/services/validation/validation_core.go:568.8,569.37 1 0
backend_server/internal/services/validation/validation_core.go:569.37,570.58 1 0
backend_server/internal/services/validation/validation_core.go:570.58,572.5 1 0
backend_server/internal/services/validation/validation_core.go:573.4,573.22 1 0
backend_server/internal/services/validation/validation_core.go:573.22,575.5 1 0
backend_server/internal/services/validation/validation_core.go:580.2,581.22 2 0
backend_server/internal/services/validation/validation_core.go:581.22,584.3 2 0
backend_server/internal/services/validation/validation_core.go:584.8,584.25 1 0
backend_server/internal/services/validation/validation_core.go:584.25,586.3 1 0
backend_server/internal/services/validation/validation_core.go:586.8,588.3 1 0
backend_server/internal/services/validation/validation_core.go:590.2,598.23 2 0
backend_server/internal/services/validation/validation_core.go:602.119,610.30 5 0
backend_server/internal/services/validation/validation_core.go:610.30,612.3 1 0
backend_server/internal/services/validation/validation_core.go:615.2,617.25 3 0
backend_server/internal/services/validation/validation_core.go:617.25,619.3 1 0
backend_server/internal/services/validation/validation_core.go:620.2,624.21 3 0
backend_server/internal/services/validation/validation_core.go:624.21,626.3 1 0
backend_server/internal/services/validation/validation_core.go:626.8,626.28 1 0
backend_server/internal/services/validation/validation_core.go:626.28,628.3 1 0
backend_server/internal/services/validation/validation_core.go:630.2,630.25 1 0
backend_server/internal/services/validation/validation_core.go:630.25,632.3 1 0
backend_server/internal/services/validation/validation_core.go:632.8,632.32 1 0
backend_server/internal/services/validation/validation_core.go:632.32,634.3 1 0
backend_server/internal/services/validation/validation_core.go:636.2,636.25 1 0
backend_server/internal/services/validation/validation_core.go:636.25,638.3 1 0
backend_server/internal/services/validation/validation_core.go:640.2,648.23 2 0
backend_server/internal/services/validation/validation_core.go:652.111,659.26 4 0
backend_server/internal/services/validation/validation_core.go:659.26,661.93 1 0
backend_server/internal/services/validation/validation_core.go:661.93,664.4 2 0
backend_server/internal/services/validation/validation_core.go:665.3,665.96 1 0
backend_server/internal/services/validation/validation_core.go:665.96,668.4 2 0
backend_server/internal/services/validation/validation_core.go:672.2,672.36 1 0
backend_server/internal/services/validation/validation_core.go:672.36,673.28 1 0
backend_server/internal/services/validation/validation_core.go:673.28,676.4 2 0
backend_server/internal/services/validation/validation_core.go:680.2,681.23 2 0
backend_server/internal/services/validation/validation_core.go:681.23,683.3 1 0
backend_server/internal/services/validation/validation_core.go:685.2,694.23 3 0
backend_server/internal/services/validation/validation_core.go:698.116,707.2 3 0
backend_server/internal/services/validation/validation_core.go:710.128,714.9 2 1
backend_server/internal/services/validation/validation_core.go:715.20,721.4 1 0
backend_server/internal/services/validation/validation_core.go:722.10,722.10 0 1
backend_server/internal/services/validation/validation_core.go:727.2,732.21 5 1
backend_server/internal/services/validation/validation_core.go:732.21,735.3 1 1
backend_server/internal/services/validation/validation_core.go:735.8,738.3 1 0
backend_server/internal/services/validation/validation_core.go:740.2,740.16 1 1
backend_server/internal/services/validation/validation_core.go:740.16,745.3 3 0
backend_server/internal/services/validation/validation_core.go:745.8,749.3 2 1
backend_server/internal/services/validation/validation_core.go:751.2,752.13 2 1
backend_server/internal/services/validation/validation_core.go:752.13,754.3 1 0
backend_server/internal/services/validation/validation_core.go:756.2,762.3 1 1
backend_server/internal/services/validation/validation_core.go:766.126,768.9 1 1
backend_server/internal/services/validation/validation_core.go:769.20,770.23 1 0
backend_server/internal/services/validation/validation_core.go:771.10,771.10 0 1
backend_server/internal/services/validation/validation_core.go:777.2,780.9 2 1
backend_server/internal/services/validation/validation_core.go:781.44,781.44 0 1
backend_server/internal/services/validation/validation_core.go:783.20,784.23 1 0
backend_server/internal/services/validation/validation_core.go:788.2,788.24 1 1
backend_server/internal/services/validation/validation_core.go:789.25,790.18 1 1
backend_server/internal/services/validation/validation_core.go:791.25,792.22 1 1
backend_server/internal/services/validation/validation_core.go:793.10,794.72 1 0
backend_server/internal/services/validation/validation_core.go:799.108,801.9 1 0
backend_server/internal/services/validation/validation_core.go:802.20,803.23 1 0
backend_server/internal/services/validation/validation_core.go:804.10,804.10 0 0
backend_server/internal/services/validation/validation_core.go:809.2,812.9 2 0
backend_server/internal/services/validation/validation_core.go:813.43,813.43 0 0
backend_server/internal/services/validation/validation_core.go:815.20,816.23 1 0
backend_server/internal/services/validation/validation_core.go:820.2,820.71 1 0
backend_server/internal/services/validation/validation_core.go:824.77,828.2 1 1
backend_server/internal/services/validation/validation_core.go:831.93,832.12 1 1
backend_server/internal/services/validation/validation_core.go:832.12,834.3 1 1
backend_server/internal/services/validation/validation_core.go:837.2,841.27 3 0
backend_server/internal/services/validation/validation_core.go:841.27,843.3 1 0
backend_server/internal/services/validation/validation_core.go:846.2,848.16 3 0
backend_server/internal/services/validation/validation_core.go:848.16,850.31 2 0
backend_server/internal/services/validation/validation_core.go:850.31,851.38 1 0
backend_server/internal/services/validation/validation_core.go:851.38,853.5 1 0
backend_server/internal/services/validation/validation_core.go:855.3,855.66 1 0
backend_server/internal/services/validation/validation_core.go:858.2,858.19 1 0
backend_server/internal/services/validation/validation_core.go:885.66,886.49 1 0
backend_server/internal/services/validation/validation_core.go:886.49,888.3 1 0
backend_server/internal/services/validation/validation_core.go:889.2,889.43 1 0
backend_server/internal/services/validation/validation_core.go:889.43,891.3 1 0
backend_server/internal/services/validation/validation_core.go:892.2,892.53 1 0
backend_server/internal/services/validation/validation_core.go:892.53,894.3 1 0
backend_server/internal/services/validation/validation_core.go:895.2,895.64 1 0
backend_server/internal/services/validation/validation_core.go:895.64,897.3 1 0
backend_server/internal/services/validation/validation_core.go:898.2,898.71 1 0
backend_server/internal/services/validation/validation_core.go:898.71,900.3 1 0
backend_server/internal/services/validation/validation_core.go:901.2,901.72 1 0
backend_server/internal/services/validation/validation_core.go:901.72,903.3 1 0
backend_server/internal/services/validation/validation_core.go:904.2,904.13 1 0
backend_server/internal/services/validation/validation_core.go:910.73,911.48 1 1
backend_server/internal/services/validation/validation_core.go:911.48,913.17 2 1
backend_server/internal/services/validation/validation_core.go:913.17,915.4 1 0
backend_server/internal/services/validation/validation_core.go:916.3,917.13 2 1
backend_server/internal/services/validation/validation_core.go:922.89,923.48 1 1
backend_server/internal/services/validation/validation_core.go:923.48,925.17 2 1
backend_server/internal/services/validation/validation_core.go:925.17,927.4 1 0
backend_server/internal/services/validation/validation_core.go:928.3,929.13 2 1
backend_server/internal/services/validation/validation_core.go:934.52,935.46 1 1
backend_server/internal/services/validation/validation_core.go:935.46,936.71 1 1
backend_server/internal/services/validation/validation_core.go:936.71,938.63 2 0
backend_server/internal/services/validation/validation_core.go:938.63,941.5 2 0
backend_server/internal/services/validation/validation_core.go:944.4,944.61 1 0
backend_server/internal/services/validation/validation_core.go:944.61,946.5 1 0
backend_server/internal/services/validation/validation_core.go:947.4,947.15 1 0
backend_server/internal/services/validation/validation_core.go:953.82,955.9 2 0
backend_server/internal/services/validation/validation_core.go:955.9,957.3 1 0
backend_server/internal/services/validation/validation_core.go:959.2,960.16 2 0
backend_server/internal/services/validation/validation_core.go:960.16,962.3 1 0
backend_server/internal/services/validation/validation_core.go:964.2,965.56 2 0
backend_server/internal/services/validation/validation_core.go:965.56,967.3 1 0
backend_server/internal/services/validation/validation_core.go:970.2,972.12 3 0
backend_server/internal/services/validation/validation_core.go:976.79,978.9 2 0
backend_server/internal/services/validation/validation_core.go:978.9,980.3 1 0
backend_server/internal/services/validation/validation_core.go:982.2,983.9 2 0
backend_server/internal/services/validation/validation_core.go:983.9,985.3 1 0
backend_server/internal/services/validation/validation_core.go:988.2,989.12 2 0
backend_server/internal/services/validation/validation_core.go:993.109,998.43 4 1
backend_server/internal/services/validation/validation_core.go:998.43,1000.3 1 0
backend_server/internal/services/validation/validation_core.go:1002.2,1003.72 2 1
backend_server/internal/services/validation/validation_core.go:1007.89,1011.43 3 0
backend_server/internal/services/validation/validation_core.go:1011.43,1013.3 1 0
backend_server/internal/services/validation/validation_core.go:1015.2,1016.53 2 0
backend_server/internal/services/validation/validation_core.go:1020.46,1024.6 3 1
backend_server/internal/services/validation/validation_core.go:1024.6,1025.10 1 1
backend_server/internal/services/validation/validation_core.go:1026.24,1027.10 1 1
backend_server/internal/services/validation/validation_core.go:1028.19,1029.28 1 1
backend_server/internal/services/validation/validation_core.go:1035.49,1038.29 2 1
backend_server/internal/services/validation/validation_core.go:1038.29,1040.65 1 1
backend_server/internal/services/validation/validation_core.go:1040.65,1041.9 1 0
backend_server/internal/services/validation/validation_core.go:1045.3,1045.55 1 1
backend_server/internal/services/validation/validation_core.go:1045.55,1047.4 1 0
backend_server/internal/services/validation/validation_core.go:1052.47,1056.6 3 1
backend_server/internal/services/validation/validation_core.go:1056.6,1057.10 1 1
backend_server/internal/services/validation/validation_core.go:1058.24,1059.10 1 1
backend_server/internal/services/validation/validation_core.go:1060.19,1061.31 1 0
backend_server/internal/services/validation/validation_core.go:1067.52,1070.39 2 0
backend_server/internal/services/validation/validation_core.go:1070.39,1071.69 1 0
backend_server/internal/services/validation/validation_core.go:1071.69,1075.4 3 0
backend_server/internal/services/validation/validation_core.go:1080.51,1084.6 3 1
backend_server/internal/services/validation/validation_core.go:1084.6,1085.10 1 1
backend_server/internal/services/validation/validation_core.go:1086.24,1087.10 1 1
backend_server/internal/services/validation/validation_core.go:1088.19,1089.23 1 0
backend_server/internal/services/validation/validation_core.go:1095.44,1098.41 2 0
backend_server/internal/services/validation/validation_core.go:1098.41,1101.64 2 0
backend_server/internal/services/validation/validation_core.go:1101.64,1103.63 2 0
backend_server/internal/services/validation/validation_core.go:1103.63,1105.5 1 0
backend_server/internal/services/validation/validation_core.go:1107.4,1107.61 1 0
backend_server/internal/services/validation/validation_core.go:1107.61,1108.38 1 0
backend_server/internal/services/validation/validation_core.go:1108.38,1110.6 1 0
backend_server/internal/services/validation/validation_core.go:1112.4,1112.15 1 0
backend_server/internal/services/validation/validation_core.go:1115.3,1115.36 1 0
backend_server/internal/services/validation/validation_core.go:1115.36,1117.4 1 0
backend_server/internal/services/validation/validation_core.go:1119.3,1119.13 1 0
backend_server/internal/services/validation/validation_core.go:1125.125,1137.19 4 0
backend_server/internal/services/validation/validation_core.go:1138.28,1141.47 2 0
backend_server/internal/services/validation/validation_core.go:1142.28,1145.46 2 0
backend_server/internal/services/validation/validation_core.go:1146.18,1149.46 2 0
backend_server/internal/services/validation/validation_core.go:1150.10,1153.47 2 0
backend_server/internal/services/validation/validation_core.go:1156.2,1156.16 1 0
backend_server/internal/services/validation/validation_core.go:1156.16,1160.3 3 0
backend_server/internal/services/validation/validation_core.go:1163.2,1168.20 4 0
backend_server/internal/services/validation/validation_core.go:1172.122,1175.2 2 1
backend_server/internal/services/validation/validation_core.go:1182.38,1203.26 6 0
backend_server/internal/services/validation/validation_core.go:1203.26,1209.3 3 0
backend_server/internal/services/validation/validation_core.go:1212.2,1212.54 1 0
backend_server/internal/services/validation/validation_core.go:1212.54,1217.17 3 0
backend_server/internal/services/validation/validation_core.go:1217.17,1220.4 2 0
backend_server/internal/services/validation/validation_core.go:1220.9,1224.4 2 0
backend_server/internal/services/validation/validation_core.go:1228.2,1228.57 1 0
backend_server/internal/services/validation/validation_core.go:1228.57,1233.17 4 0
backend_server/internal/services/validation/validation_core.go:1233.17,1236.4 2 0
backend_server/internal/services/validation/validation_core.go:1236.9,1239.4 2 0
backend_server/internal/services/validation/validation_core.go:1243.2,1251.32 7 0
backend_server/internal/services/validation/validation_core.go:1251.32,1253.3 1 0
backend_server/internal/services/validation/validation_core.go:1255.2,1258.20 2 0
backend_server/internal/services/validation/validation_core.go:1262.82,1264.37 2 1
backend_server/internal/services/validation/validation_core.go:1264.37,1265.32 1 1
backend_server/internal/services/validation/validation_core.go:1265.32,1267.4 1 1
backend_server/internal/services/validation/validation_core.go:1269.2,1269.14 1 1
backend_server/internal/services/validation/validation_executor.go:6.91,10.2 3 1
backend_server/internal/services/validation/validation_executor.go:13.62,17.2 3 1
backend_server/internal/services/validation/validation_executor.go:20.88,25.2 4 0
backend_server/internal/services/validation/validation_executor.go:28.61,33.2 4 1
backend_server/internal/services/validation/validation_executor.go:36.53,40.2 3 1
backend_server/internal/services/validation/validation_executor.go:43.77,48.39 4 0
backend_server/internal/services/validation/validation_executor.go:48.39,50.3 1 0
backend_server/internal/services/validation/validation_executor.go:51.2,51.19 1 0
backend_server/internal/services/validation/validation_executor.go:55.60,60.33 4 0
backend_server/internal/services/validation/validation_executor.go:60.33,62.3 1 0
backend_server/internal/services/validation/validation_executor.go:63.2,63.16 1 0
backend_server/internal/services/validation/validation_executor.go:67.53,71.2 3 0
backend_server/internal/services/validation/validation_executor.go:74.55,78.19 4 0
backend_server/internal/services/validation/validation_executor.go:78.19,80.3 1 0
backend_server/internal/services/validation/validation_executor.go:81.2,81.18 1 0
backend_server/internal/services/validation/validation_executor.go:85.67,89.53 3 0
backend_server/internal/services/validation/validation_executor.go:89.53,93.3 3 0
backend_server/internal/services/validation/validation_executor.go:94.2,94.14 1 0
backend_server/internal/services/validation/validation_executor.go:98.43,102.44 3 1
backend_server/internal/services/validation/validation_executor.go:102.44,105.3 2 0
backend_server/internal/services/validation/validation_executor.go:109.57,113.2 3 0
backend_server/internal/services/validation/validation_executor.go:116.54,120.2 3 0
backend_server/internal/services/validation/validation_executor.go:123.73,133.2 3 0
backend_server/internal/services/validation/validation_executor.go:136.87,141.39 4 0
backend_server/internal/services/validation/validation_executor.go:141.39,144.3 2 0
backend_server/internal/services/validation/validation_executor.go:145.2,145.15 1 0
backend_server/internal/services/validation/validation_executor.go:149.88,154.39 4 0
backend_server/internal/services/validation/validation_executor.go:154.39,157.3 2 0
backend_server/internal/services/validation/validation_executor.go:158.2,158.19 1 0
backend_server/internal/services/validation/validation_executor.go:162.81,167.39 4 0
backend_server/internal/services/validation/validation_executor.go:167.39,168.70 1 0
backend_server/internal/services/validation/validation_executor.go:168.70,170.4 1 0
backend_server/internal/services/validation/validation_executor.go:172.2,172.16 1 0
backend_server/internal/services/validation/validation_executor.go:176.93,183.39 5 0
backend_server/internal/services/validation/validation_executor.go:183.39,184.42 1 0
backend_server/internal/services/validation/validation_executor.go:184.42,186.4 1 0
backend_server/internal/services/validation/validation_executor.go:188.2,188.22 1 0
backend_server/internal/services/validation/validation_executor.go:192.54,194.2 1 0
backend_server/internal/services/validation/validation_executor.go:197.73,202.40 3 0
backend_server/internal/services/validation/validation_executor.go:202.40,204.3 1 0
backend_server/internal/services/validation/validation_executor.go:207.2,207.39 1 0
backend_server/internal/services/validation/validation_executor.go:207.39,208.41 1 0
backend_server/internal/services/validation/validation_executor.go:208.41,210.4 1 0
backend_server/internal/services/validation/validation_executor.go:213.2,213.14 1 0
backend_server/internal/services/validation/validation_executor.go:217.94,224.44 5 0
backend_server/internal/services/validation/validation_executor.go:224.44,225.44 1 0
backend_server/internal/services/validation/validation_executor.go:225.44,226.105 1 0
backend_server/internal/services/validation/validation_executor.go:226.105,229.5 2 0
backend_server/internal/services/validation/validation_executor.go:233.2,233.36 1 0
backend_server/internal/services/validation/validation_executor.go:233.36,237.3 3 0
backend_server/internal/services/validation/validation_executor.go:239.2,239.12 1 0
backend_server/internal/services/validation/validation_executor.go:243.72,250.44 5 0
backend_server/internal/services/validation/validation_executor.go:250.44,253.3 2 0
backend_server/internal/services/validation/validation_executor.go:255.2,255.18 1 0
backend_server/internal/services/validation/validation_executor.go:259.51,263.2 3 0
backend_server/internal/services/validation/validators.go:61.94,67.2 1 1
backend_server/internal/services/validation/validators.go:69.61,71.2 1 1
backend_server/internal/services/validation/validators.go:73.109,86.42 5 0
backend_server/internal/services/validation/validators.go:86.42,87.10 1 0
backend_server/internal/services/validation/validators.go:88.21,91.17 3 0
backend_server/internal/services/validation/validators.go:92.11,99.23 5 0
backend_server/internal/services/validation/validators.go:99.23,104.25 3 0
backend_server/internal/services/validation/validators.go:104.25,105.11 1 0
backend_server/internal/services/validation/validators.go:111.2,111.24 1 0
backend_server/internal/services/validation/validators.go:111.24,113.3 1 0
backend_server/internal/services/validation/validators.go:115.2,116.15 2 0
backend_server/internal/services/validation/validators.go:129.51,131.2 1 0
backend_server/internal/services/validation/validators.go:133.52,135.2 1 0
backend_server/internal/services/validation/validators.go:137.106,142.23 4 0
backend_server/internal/services/validation/validators.go:142.23,144.3 1 0
backend_server/internal/services/validation/validators.go:146.2,146.46 1 0
backend_server/internal/services/validation/validators.go:146.46,148.24 2 0
backend_server/internal/services/validation/validators.go:148.24,150.4 1 0
backend_server/internal/services/validation/validators.go:152.3,152.44 1 0
backend_server/internal/services/validation/validators.go:152.44,154.4 1 0
backend_server/internal/services/validation/validators.go:157.2,159.14 3 0
backend_server/internal/services/validation/validators.go:159.14,161.3 1 0
backend_server/internal/services/validation/validators.go:163.2,173.3 1 0
backend_server/internal/services/validation/validators.go:182.52,184.2 1 0
backend_server/internal/services/validation/validators.go:186.53,188.2 1 0
backend_server/internal/services/validation/validators.go:190.107,195.47 4 0
backend_server/internal/services/validation/validators.go:195.47,196.18 1 0
backend_server/internal/services/validation/validators.go:196.18,198.18 2 0
backend_server/internal/services/validation/validators.go:198.18,206.5 1 0
backend_server/internal/services/validation/validators.go:207.4,207.15 1 0
backend_server/internal/services/validation/validators.go:207.15,209.5 1 0
backend_server/internal/services/validation/validators.go:210.9,211.58 1 0
backend_server/internal/services/validation/validators.go:211.58,213.5 1 0
backend_server/internal/services/validation/validators.go:217.2,219.14 3 0
backend_server/internal/services/validation/validators.go:219.14,221.3 1 0
backend_server/internal/services/validation/validators.go:223.2,232.3 1 0
backend_server/internal/services/validation/validators.go:243.49,245.2 1 0
backend_server/internal/services/validation/validators.go:247.50,249.2 1 0
backend_server/internal/services/validation/validators.go:251.104,259.50 6 0
backend_server/internal/services/validation/validators.go:259.50,261.3 1 0
backend_server/internal/services/validation/validators.go:262.2,262.50 1 0
backend_server/internal/services/validation/validators.go:262.50,264.3 1 0
backend_server/internal/services/validation/validators.go:265.2,265.50 1 0
backend_server/internal/services/validation/validators.go:265.50,267.3 1 0
backend_server/internal/services/validation/validators.go:268.2,268.50 1 0
backend_server/internal/services/validation/validators.go:268.50,270.3 1 0
backend_server/internal/services/validation/validators.go:272.2,274.14 3 0
backend_server/internal/services/validation/validators.go:274.14,276.3 1 0
backend_server/internal/services/validation/validators.go:278.2,288.3 1 0
backend_server/internal/services/validation/validators.go:297.54,299.2 1 0
backend_server/internal/services/validation/validators.go:301.55,303.2 1 0
backend_server/internal/services/validation/validators.go:305.109,310.47 4 0
backend_server/internal/services/validation/validators.go:310.47,313.3 2 0
backend_server/internal/services/validation/validators.go:315.2,316.44 2 0
backend_server/internal/services/validation/validators.go:316.44,317.33 1 0
backend_server/internal/services/validation/validators.go:317.33,320.4 1 0
backend_server/internal/services/validation/validators.go:323.2,325.14 3 0
backend_server/internal/services/validation/validators.go:325.14,327.3 1 0
backend_server/internal/services/validation/validators.go:329.2,339.3 1 0
backend_server/internal/services/validation/validators.go:347.48,349.2 1 0
backend_server/internal/services/validation/validators.go:351.49,353.2 1 0
backend_server/internal/services/validation/validators.go:355.103,360.45 4 0
backend_server/internal/services/validation/validators.go:360.45,361.21 1 0
backend_server/internal/services/validation/validators.go:361.21,362.12 1 0
backend_server/internal/services/validation/validators.go:365.3,366.73 2 0
backend_server/internal/services/validation/validators.go:366.73,368.4 1 0
backend_server/internal/services/validation/validators.go:371.2,373.14 3 0
backend_server/internal/services/validation/validators.go:373.14,375.3 1 0
backend_server/internal/services/validation/validators.go:377.2,386.3 1 0
backend_server/internal/services/validation/validators.go:395.46,397.2 1 0
backend_server/internal/services/validation/validators.go:399.47,401.2 1 0
backend_server/internal/services/validation/validators.go:403.101,409.16 4 0
backend_server/internal/services/validation/validators.go:409.16,417.3 1 0
backend_server/internal/services/validation/validators.go:419.2,420.38 2 0
backend_server/internal/services/validation/validators.go:420.38,421.38 1 0
backend_server/internal/services/validation/validators.go:421.38,423.4 1 0
backend_server/internal/services/validation/validators.go:426.2,428.14 3 0
backend_server/internal/services/validation/validators.go:428.14,430.3 1 0
backend_server/internal/services/validation/validators.go:432.2,442.3 1 0
backend_server/internal/services/validation/validators.go:445.49,447.19 2 0
backend_server/internal/services/validation/validators.go:447.19,449.3 1 0
backend_server/internal/services/validation/validators.go:450.2,450.13 1 0
