mode: atomic
backend_server/internal/config/config.go:207.30,209.2 1 1
backend_server/internal/config/config.go:212.42,216.35 2 1
backend_server/internal/config/config.go:216.35,217.46 1 2
backend_server/internal/config/config.go:217.46,218.9 1 0
backend_server/internal/config/config.go:224.2,237.45 8 1
backend_server/internal/config/config.go:237.45,238.56 1 1
backend_server/internal/config/config.go:238.56,240.4 1 0
backend_server/internal/config/config.go:244.2,245.49 2 1
backend_server/internal/config/config.go:245.49,247.3 1 0
backend_server/internal/config/config.go:250.2,250.45 1 1
backend_server/internal/config/config.go:250.45,252.3 1 0
backend_server/internal/config/config.go:255.2,255.48 1 1
backend_server/internal/config/config.go:255.48,257.3 1 0
backend_server/internal/config/config.go:259.2,259.21 1 1
backend_server/internal/config/config.go:264.38,266.16 2 3
backend_server/internal/config/config.go:266.16,268.3 1 0
backend_server/internal/config/config.go:270.2,271.54 2 3
backend_server/internal/config/config.go:271.54,273.3 1 0
backend_server/internal/config/config.go:275.2,275.24 1 3
backend_server/internal/config/config.go:279.46,280.34 1 14
backend_server/internal/config/config.go:280.34,282.17 2 1
backend_server/internal/config/config.go:282.17,284.4 1 0
backend_server/internal/config/config.go:285.3,286.23 2 1
backend_server/internal/config/config.go:288.2,288.18 1 13
backend_server/internal/config/config.go:292.38,296.27 2 2
backend_server/internal/config/config.go:296.27,298.17 2 2
backend_server/internal/config/config.go:298.17,300.4 1 0
backend_server/internal/config/config.go:302.3,303.50 2 2
backend_server/internal/config/config.go:303.50,305.4 1 0
backend_server/internal/config/config.go:309.2,309.31 1 2
backend_server/internal/config/config.go:309.31,311.17 2 2
backend_server/internal/config/config.go:311.17,313.4 1 0
backend_server/internal/config/config.go:314.3,314.64 1 2
backend_server/internal/config/config.go:314.64,316.4 1 0
backend_server/internal/config/config.go:319.2,319.31 1 2
backend_server/internal/config/config.go:319.31,321.17 2 2
backend_server/internal/config/config.go:321.17,323.4 1 0
backend_server/internal/config/config.go:324.3,324.64 1 2
backend_server/internal/config/config.go:324.64,326.4 1 0
backend_server/internal/config/config.go:329.2,329.36 1 2
backend_server/internal/config/config.go:329.36,331.17 2 2
backend_server/internal/config/config.go:331.17,333.4 1 0
backend_server/internal/config/config.go:334.3,334.69 1 2
backend_server/internal/config/config.go:334.69,336.4 1 0
backend_server/internal/config/config.go:340.2,340.33 1 2
backend_server/internal/config/config.go:340.33,342.17 2 2
backend_server/internal/config/config.go:342.17,344.4 1 0
backend_server/internal/config/config.go:345.3,345.66 1 2
backend_server/internal/config/config.go:345.66,347.4 1 0
backend_server/internal/config/config.go:351.2,351.24 1 2
backend_server/internal/config/config.go:351.24,353.17 2 2
backend_server/internal/config/config.go:353.17,355.4 1 0
backend_server/internal/config/config.go:356.3,357.51 2 2
backend_server/internal/config/config.go:357.51,359.4 1 0
backend_server/internal/config/config.go:362.2,362.12 1 2
backend_server/internal/config/config.go:366.20,368.16 2 2
backend_server/internal/config/config.go:368.16,371.3 1 0
backend_server/internal/config/config.go:374.2,450.41 57 2
backend_server/internal/config/config.go:454.40,456.49 1 4
backend_server/internal/config/config.go:456.49,458.3 1 1
backend_server/internal/config/config.go:461.2,462.19 2 3
backend_server/internal/config/config.go:462.19,464.3 1 2
backend_server/internal/config/config.go:465.2,465.19 1 3
backend_server/internal/config/config.go:465.19,467.3 1 1
backend_server/internal/config/config.go:469.2,469.24 1 2
backend_server/internal/config/config.go:469.24,471.3 1 0
backend_server/internal/config/config.go:473.2,473.29 1 2
backend_server/internal/config/config.go:473.29,475.3 1 0
backend_server/internal/config/config.go:478.2,479.21 2 2
backend_server/internal/config/config.go:479.21,481.3 1 2
backend_server/internal/config/config.go:482.2,482.76 1 2
backend_server/internal/config/config.go:482.76,484.3 1 0
backend_server/internal/config/config.go:487.2,487.42 1 2
backend_server/internal/config/config.go:487.42,488.24 1 0
backend_server/internal/config/config.go:488.24,490.4 1 0
backend_server/internal/config/config.go:491.3,491.33 1 0
backend_server/internal/config/config.go:491.33,493.4 1 0
backend_server/internal/config/config.go:496.2,496.12 1 2
backend_server/internal/data-engine/alerting.go:21.37,22.11 1 0
backend_server/internal/data-engine/alerting.go:23.17,24.16 1 0
backend_server/internal/data-engine/alerting.go:25.20,26.19 1 0
backend_server/internal/data-engine/alerting.go:27.18,28.17 1 0
backend_server/internal/data-engine/alerting.go:29.21,30.20 1 0
backend_server/internal/data-engine/alerting.go:31.10,32.19 1 0
backend_server/internal/data-engine/alerting.go:92.55,93.20 1 0
backend_server/internal/data-engine/alerting.go:93.20,95.3 1 0
backend_server/internal/data-engine/alerting.go:97.2,107.3 2 0
backend_server/internal/data-engine/alerting.go:111.40,121.2 1 0
backend_server/internal/data-engine/alerting.go:124.55,129.2 3 0
backend_server/internal/data-engine/alerting.go:132.64,137.2 3 0
backend_server/internal/data-engine/alerting.go:140.52,148.31 4 0
backend_server/internal/data-engine/alerting.go:148.31,150.85 1 0
backend_server/internal/data-engine/alerting.go:150.85,151.12 1 0
backend_server/internal/data-engine/alerting.go:155.3,155.59 1 0
backend_server/internal/data-engine/alerting.go:155.59,156.12 1 0
backend_server/internal/data-engine/alerting.go:160.3,160.37 1 0
backend_server/internal/data-engine/alerting.go:160.37,177.35 3 0
backend_server/internal/data-engine/alerting.go:177.35,179.5 1 0
backend_server/internal/data-engine/alerting.go:182.4,187.39 4 0
backend_server/internal/data-engine/alerting.go:187.39,189.5 1 0
backend_server/internal/data-engine/alerting.go:195.51,206.30 5 0
backend_server/internal/data-engine/alerting.go:206.30,207.54 1 0
backend_server/internal/data-engine/alerting.go:207.54,209.4 1 0
backend_server/internal/data-engine/alerting.go:213.2,213.52 1 0
backend_server/internal/data-engine/alerting.go:213.52,215.10 2 0
backend_server/internal/data-engine/alerting.go:215.10,216.12 1 0
backend_server/internal/data-engine/alerting.go:220.3,221.19 2 0
backend_server/internal/data-engine/alerting.go:221.19,223.4 1 0
backend_server/internal/data-engine/alerting.go:227.2,227.37 1 0
backend_server/internal/data-engine/alerting.go:227.37,228.37 1 0
backend_server/internal/data-engine/alerting.go:228.37,232.56 2 0
backend_server/internal/data-engine/alerting.go:232.56,234.5 1 0
backend_server/internal/data-engine/alerting.go:237.4,240.68 2 0
backend_server/internal/data-engine/alerting.go:240.68,242.5 1 0
backend_server/internal/data-engine/alerting.go:245.4,246.57 2 0
backend_server/internal/data-engine/alerting.go:246.57,248.5 1 0
backend_server/internal/data-engine/alerting.go:250.4,251.90 2 0
backend_server/internal/data-engine/alerting.go:257.46,265.2 5 0
backend_server/internal/data-engine/alerting.go:268.52,274.33 4 0
backend_server/internal/data-engine/alerting.go:274.33,275.22 1 0
backend_server/internal/data-engine/alerting.go:275.22,277.4 1 0
backend_server/internal/data-engine/alerting.go:280.2,280.21 1 0
backend_server/internal/data-engine/alerting.go:284.60,288.33 3 0
backend_server/internal/data-engine/alerting.go:288.33,289.26 1 0
backend_server/internal/data-engine/alerting.go:289.26,294.4 4 0
backend_server/internal/data-engine/alerting.go:297.2,297.14 1 0
backend_server/internal/data-engine/alerting.go:301.34,303.2 1 0
backend_server/internal/data-engine/alerting.go:308.97,309.54 1 0
backend_server/internal/data-engine/alerting.go:309.54,315.10 4 0
backend_server/internal/data-engine/alerting.go:315.10,317.4 1 0
backend_server/internal/data-engine/alerting.go:320.3,321.28 2 0
backend_server/internal/data-engine/alerting.go:322.16,323.18 1 0
backend_server/internal/data-engine/alerting.go:324.12,325.27 1 0
backend_server/internal/data-engine/alerting.go:326.14,327.27 1 0
backend_server/internal/data-engine/alerting.go:328.11,329.16 1 0
backend_server/internal/data-engine/alerting.go:333.3,333.20 1 0
backend_server/internal/data-engine/alerting.go:333.20,335.4 1 0
backend_server/internal/data-engine/alerting.go:337.3,337.32 1 0
backend_server/internal/data-engine/alerting.go:342.77,343.54 1 0
backend_server/internal/data-engine/alerting.go:343.54,349.10 4 0
backend_server/internal/data-engine/alerting.go:349.10,351.4 1 0
backend_server/internal/data-engine/alerting.go:354.3,355.28 2 0
backend_server/internal/data-engine/alerting.go:356.16,357.18 1 0
backend_server/internal/data-engine/alerting.go:358.12,359.27 1 0
backend_server/internal/data-engine/alerting.go:360.14,361.27 1 0
backend_server/internal/data-engine/alerting.go:362.11,363.16 1 0
backend_server/internal/data-engine/alerting.go:367.3,369.22 3 0
backend_server/internal/data-engine/alerting.go:369.22,371.4 1 0
backend_server/internal/data-engine/alerting.go:374.3,377.32 2 0
backend_server/internal/data-engine/alerting.go:382.65,383.54 1 0
backend_server/internal/data-engine/alerting.go:383.54,388.31 3 0
backend_server/internal/data-engine/alerting.go:388.31,390.4 1 0
backend_server/internal/data-engine/alerting.go:393.3,394.10 2 0
backend_server/internal/data-engine/alerting.go:394.10,396.4 1 0
backend_server/internal/data-engine/alerting.go:399.3,402.41 2 0
backend_server/internal/data-engine/alerting.go:407.91,408.54 1 0
backend_server/internal/data-engine/alerting.go:408.54,413.30 3 0
backend_server/internal/data-engine/alerting.go:413.30,415.4 1 0
backend_server/internal/data-engine/alerting.go:418.3,419.10 2 0
backend_server/internal/data-engine/alerting.go:419.10,421.4 1 0
backend_server/internal/data-engine/alerting.go:424.3,427.41 2 0
backend_server/internal/data-engine/alerting.go:432.92,433.54 1 0
backend_server/internal/data-engine/alerting.go:433.54,439.10 4 0
backend_server/internal/data-engine/alerting.go:439.10,441.4 1 0
backend_server/internal/data-engine/alerting.go:444.3,447.43 2 0
backend_server/internal/data-engine/alerting.go:452.43,453.27 1 0
backend_server/internal/data-engine/alerting.go:453.27,460.3 2 0
backend_server/internal/data-engine/buntdb_data_engine.go:49.84,54.16 3 0
backend_server/internal/data-engine/buntdb_data_engine.go:54.16,57.3 2 0
backend_server/internal/data-engine/buntdb_data_engine.go:59.2,66.8 1 0
backend_server/internal/data-engine/buntdb_data_engine.go:70.42,74.17 3 0
backend_server/internal/data-engine/buntdb_data_engine.go:74.17,76.3 1 0
backend_server/internal/data-engine/buntdb_data_engine.go:79.2,99.12 9 0
backend_server/internal/data-engine/buntdb_data_engine.go:103.41,107.18 3 0
backend_server/internal/data-engine/buntdb_data_engine.go:107.18,109.3 1 0
backend_server/internal/data-engine/buntdb_data_engine.go:112.2,115.23 2 0
backend_server/internal/data-engine/buntdb_data_engine.go:115.23,117.3 1 0
backend_server/internal/data-engine/buntdb_data_engine.go:122.2,122.17 1 0
backend_server/internal/data-engine/buntdb_data_engine.go:122.17,124.3 1 0
backend_server/internal/data-engine/buntdb_data_engine.go:126.2,127.12 2 0
backend_server/internal/data-engine/buntdb_data_engine.go:131.62,133.2 1 0
backend_server/internal/data-engine/buntdb_data_engine.go:136.60,140.18 3 0
backend_server/internal/data-engine/buntdb_data_engine.go:140.18,142.3 1 0
backend_server/internal/data-engine/buntdb_data_engine.go:145.2,146.16 2 0
backend_server/internal/data-engine/buntdb_data_engine.go:146.16,148.3 1 0
backend_server/internal/data-engine/buntdb_data_engine.go:151.2,163.52 3 0
backend_server/internal/data-engine/buntdb_data_engine.go:163.52,165.3 1 0
backend_server/internal/data-engine/buntdb_data_engine.go:168.2,168.60 1 0
backend_server/internal/data-engine/buntdb_data_engine.go:168.60,169.50 1 0
backend_server/internal/data-engine/buntdb_data_engine.go:169.50,171.4 1 0
backend_server/internal/data-engine/buntdb_data_engine.go:176.2,176.12 1 0
backend_server/internal/data-engine/buntdb_data_engine.go:180.75,185.20 3 0
backend_server/internal/data-engine/buntdb_data_engine.go:186.19,187.54 1 0
backend_server/internal/data-engine/buntdb_data_engine.go:187.54,190.4 2 0
backend_server/internal/data-engine/buntdb_data_engine.go:191.22,192.49 1 0
backend_server/internal/data-engine/buntdb_data_engine.go:192.49,195.4 2 0
backend_server/internal/data-engine/buntdb_data_engine.go:196.25,197.54 1 0
backend_server/internal/data-engine/buntdb_data_engine.go:197.54,200.4 2 0
backend_server/internal/data-engine/buntdb_data_engine.go:201.27,202.49 1 0
backend_server/internal/data-engine/buntdb_data_engine.go:202.49,205.4 2 0
backend_server/internal/data-engine/buntdb_data_engine.go:206.10,208.36 1 0
backend_server/internal/data-engine/buntdb_data_engine.go:208.36,209.34 1 0
backend_server/internal/data-engine/buntdb_data_engine.go:209.34,212.10 3 0
backend_server/internal/data-engine/buntdb_data_engine.go:217.2,217.30 1 0
backend_server/internal/data-engine/buntdb_data_engine.go:217.30,219.3 1 0
backend_server/internal/data-engine/buntdb_data_engine.go:221.2,230.3 1 0
backend_server/internal/data-engine/buntdb_data_engine.go:234.53,248.52 2 0
backend_server/internal/data-engine/buntdb_data_engine.go:248.52,250.3 1 0
backend_server/internal/data-engine/buntdb_data_engine.go:253.2,253.9 1 0
backend_server/internal/data-engine/buntdb_data_engine.go:254.28,254.28 0 0
backend_server/internal/data-engine/buntdb_data_engine.go:256.10,258.73 1 0
backend_server/internal/data-engine/buntdb_data_engine.go:265.44,269.6 3 0
backend_server/internal/data-engine/buntdb_data_engine.go:269.6,270.10 1 0
backend_server/internal/data-engine/buntdb_data_engine.go:271.23,272.10 1 0
backend_server/internal/data-engine/buntdb_data_engine.go:273.19,278.11 2 0
backend_server/internal/data-engine/buntdb_data_engine.go:279.34,279.34 0 0
backend_server/internal/data-engine/buntdb_data_engine.go:281.12,281.12 0 0
backend_server/internal/data-engine/buntdb_data_engine.go:289.71,293.16 3 0
backend_server/internal/data-engine/buntdb_data_engine.go:293.16,302.3 2 0
backend_server/internal/data-engine/buntdb_data_engine.go:305.2,308.33 3 0
backend_server/internal/data-engine/buntdb_data_engine.go:308.33,311.3 2 0
backend_server/internal/data-engine/buntdb_data_engine.go:314.2,315.44 2 0
backend_server/internal/data-engine/buntdb_data_engine.go:315.44,316.45 1 0
backend_server/internal/data-engine/buntdb_data_engine.go:316.45,318.4 1 0
backend_server/internal/data-engine/buntdb_data_engine.go:321.2,327.3 1 0
backend_server/internal/data-engine/buntdb_data_engine.go:331.45,335.6 3 0
backend_server/internal/data-engine/buntdb_data_engine.go:335.6,336.10 1 0
backend_server/internal/data-engine/buntdb_data_engine.go:337.23,338.10 1 0
backend_server/internal/data-engine/buntdb_data_engine.go:339.19,340.22 1 0
backend_server/internal/data-engine/buntdb_data_engine.go:346.45,356.2 1 0
backend_server/internal/data-engine/buntdb_data_engine.go:359.50,363.6 3 0
backend_server/internal/data-engine/buntdb_data_engine.go:363.6,364.10 1 0
backend_server/internal/data-engine/buntdb_data_engine.go:365.23,366.10 1 0
backend_server/internal/data-engine/buntdb_data_engine.go:367.19,367.19 0 0
backend_server/internal/data-engine/buntdb_data_engine.go:375.56,408.2 3 0
backend_server/internal/data-engine/buntdb_data_engine.go:411.59,413.2 1 0
backend_server/internal/data-engine/buntdb_data_engine.go:416.72,418.2 1 0
backend_server/internal/data-engine/buntdb_data_engine.go:421.45,425.2 3 0
backend_server/internal/data-engine/buntdb_data_engine.go:428.54,429.23 1 0
backend_server/internal/data-engine/buntdb_data_engine.go:429.23,431.3 1 0
backend_server/internal/data-engine/buntdb_data_engine.go:432.2,432.37 1 0
backend_server/internal/data-engine/buntdb_data_engine.go:436.62,437.23 1 0
backend_server/internal/data-engine/buntdb_data_engine.go:437.23,439.3 1 0
backend_server/internal/data-engine/buntdb_data_engine.go:441.2,444.14 2 0
backend_server/internal/data-engine/buntdb_data_engine.go:444.15,447.3 0 0
backend_server/internal/data-engine/buntdb_data_engine.go:449.2,449.17 1 0
backend_server/internal/data-engine/buntdb_data_engine.go:453.58,455.2 1 0
backend_server/internal/data-engine/buntdb_data_engine.go:460.79,461.17 1 0
backend_server/internal/data-engine/buntdb_data_engine.go:461.17,463.3 1 0
backend_server/internal/data-engine/buntdb_data_engine.go:464.2,464.32 1 0
backend_server/internal/data-engine/buntdb_data_engine.go:468.71,469.17 1 0
backend_server/internal/data-engine/buntdb_data_engine.go:469.17,471.3 1 0
backend_server/internal/data-engine/buntdb_data_engine.go:472.2,472.39 1 0
backend_server/internal/data-engine/buntdb_data_engine.go:476.73,477.17 1 0
backend_server/internal/data-engine/buntdb_data_engine.go:477.17,479.3 1 0
backend_server/internal/data-engine/buntdb_data_engine.go:480.2,480.40 1 0
backend_server/internal/data-engine/buntdb_data_engine.go:484.114,485.17 1 0
backend_server/internal/data-engine/buntdb_data_engine.go:485.17,487.3 1 0
backend_server/internal/data-engine/buntdb_data_engine.go:488.2,488.56 1 0
backend_server/internal/data-engine/buntdb_data_engine.go:492.116,493.17 1 0
backend_server/internal/data-engine/buntdb_data_engine.go:493.17,495.3 1 0
backend_server/internal/data-engine/buntdb_data_engine.go:496.2,496.57 1 0
backend_server/internal/data-engine/buntdb_data_engine.go:500.124,501.17 1 0
backend_server/internal/data-engine/buntdb_data_engine.go:501.17,503.3 1 0
backend_server/internal/data-engine/buntdb_data_engine.go:504.2,504.58 1 0
backend_server/internal/data-engine/buntdb_data_engine.go:508.120,509.17 1 0
backend_server/internal/data-engine/buntdb_data_engine.go:509.17,511.3 1 0
backend_server/internal/data-engine/buntdb_data_engine.go:512.2,512.55 1 0
backend_server/internal/data-engine/buntdb_data_engine.go:516.121,517.17 1 0
backend_server/internal/data-engine/buntdb_data_engine.go:517.17,519.3 1 0
backend_server/internal/data-engine/buntdb_data_engine.go:520.2,520.56 1 0
backend_server/internal/data-engine/buntdb_data_engine.go:524.64,526.2 1 0
backend_server/internal/data-engine/buntdb_data_engine.go:529.58,531.2 1 0
backend_server/internal/data-engine/buntdb_data_engine.go:534.57,536.2 1 0
backend_server/internal/data-engine/buntdb_data_engine.go:539.132,551.17 2 0
backend_server/internal/data-engine/buntdb_data_engine.go:551.17,553.3 1 0
backend_server/internal/data-engine/buntdb_data_engine.go:555.2,555.33 1 0
backend_server/internal/data-engine/buntdb_data_engine.go:559.121,572.17 2 0
backend_server/internal/data-engine/buntdb_data_engine.go:572.17,574.3 1 0
backend_server/internal/data-engine/buntdb_data_engine.go:576.2,576.31 1 0
backend_server/internal/data-engine/buntdb_extended.go:14.62,22.16 6 0
backend_server/internal/data-engine/buntdb_extended.go:22.16,24.3 1 0
backend_server/internal/data-engine/buntdb_extended.go:26.2,26.47 1 0
backend_server/internal/data-engine/buntdb_extended.go:26.47,30.3 3 0
backend_server/internal/data-engine/buntdb_extended.go:34.71,39.45 4 0
backend_server/internal/data-engine/buntdb_extended.go:39.45,42.17 3 0
backend_server/internal/data-engine/buntdb_extended.go:42.17,44.4 1 0
backend_server/internal/data-engine/buntdb_extended.go:45.3,45.47 1 0
backend_server/internal/data-engine/buntdb_extended.go:48.2,48.16 1 0
backend_server/internal/data-engine/buntdb_extended.go:48.16,50.3 1 0
backend_server/internal/data-engine/buntdb_extended.go:52.2,52.20 1 0
backend_server/internal/data-engine/buntdb_extended.go:56.62,63.16 5 0
backend_server/internal/data-engine/buntdb_extended.go:63.16,65.3 1 0
backend_server/internal/data-engine/buntdb_extended.go:67.2,67.47 1 0
backend_server/internal/data-engine/buntdb_extended.go:67.47,71.3 3 0
backend_server/internal/data-engine/buntdb_extended.go:75.82,81.45 4 0
backend_server/internal/data-engine/buntdb_extended.go:81.45,82.53 1 0
backend_server/internal/data-engine/buntdb_extended.go:82.53,83.49 1 0
backend_server/internal/data-engine/buntdb_extended.go:83.49,85.5 1 0
backend_server/internal/data-engine/buntdb_extended.go:87.4,88.64 2 0
backend_server/internal/data-engine/buntdb_extended.go:88.64,90.5 1 0
backend_server/internal/data-engine/buntdb_extended.go:92.4,92.32 1 0
backend_server/internal/data-engine/buntdb_extended.go:92.32,94.5 1 0
backend_server/internal/data-engine/buntdb_extended.go:96.4,96.15 1 0
backend_server/internal/data-engine/buntdb_extended.go:100.2,100.21 1 0
backend_server/internal/data-engine/buntdb_extended.go:106.65,114.16 6 0
backend_server/internal/data-engine/buntdb_extended.go:114.16,116.3 1 0
backend_server/internal/data-engine/buntdb_extended.go:118.2,118.47 1 0
backend_server/internal/data-engine/buntdb_extended.go:118.47,122.3 3 0
backend_server/internal/data-engine/buntdb_extended.go:126.74,131.45 4 0
backend_server/internal/data-engine/buntdb_extended.go:131.45,134.17 3 0
backend_server/internal/data-engine/buntdb_extended.go:134.17,136.4 1 0
backend_server/internal/data-engine/buntdb_extended.go:137.3,137.46 1 0
backend_server/internal/data-engine/buntdb_extended.go:140.2,140.16 1 0
backend_server/internal/data-engine/buntdb_extended.go:140.16,142.3 1 0
backend_server/internal/data-engine/buntdb_extended.go:144.2,144.19 1 0
backend_server/internal/data-engine/buntdb_extended.go:148.65,155.16 5 0
backend_server/internal/data-engine/buntdb_extended.go:155.16,157.3 1 0
backend_server/internal/data-engine/buntdb_extended.go:159.2,159.47 1 0
backend_server/internal/data-engine/buntdb_extended.go:159.47,163.3 3 0
backend_server/internal/data-engine/buntdb_extended.go:167.78,173.45 4 0
backend_server/internal/data-engine/buntdb_extended.go:173.45,174.53 1 0
backend_server/internal/data-engine/buntdb_extended.go:174.53,175.51 1 0
backend_server/internal/data-engine/buntdb_extended.go:175.51,177.5 1 0
backend_server/internal/data-engine/buntdb_extended.go:179.4,180.63 2 0
backend_server/internal/data-engine/buntdb_extended.go:180.63,182.5 1 0
backend_server/internal/data-engine/buntdb_extended.go:184.4,184.45 1 0
backend_server/internal/data-engine/buntdb_extended.go:184.45,186.5 1 0
backend_server/internal/data-engine/buntdb_extended.go:188.4,188.15 1 0
backend_server/internal/data-engine/buntdb_extended.go:192.2,192.19 1 0
backend_server/internal/data-engine/buntdb_extended.go:198.79,206.16 6 0
backend_server/internal/data-engine/buntdb_extended.go:206.16,208.3 1 0
backend_server/internal/data-engine/buntdb_extended.go:210.2,210.47 1 0
backend_server/internal/data-engine/buntdb_extended.go:210.47,214.3 3 0
backend_server/internal/data-engine/buntdb_extended.go:218.88,223.45 4 0
backend_server/internal/data-engine/buntdb_extended.go:223.45,226.17 3 0
backend_server/internal/data-engine/buntdb_extended.go:226.17,228.4 1 0
backend_server/internal/data-engine/buntdb_extended.go:229.3,229.46 1 0
backend_server/internal/data-engine/buntdb_extended.go:232.2,232.16 1 0
backend_server/internal/data-engine/buntdb_extended.go:232.16,234.3 1 0
backend_server/internal/data-engine/buntdb_extended.go:236.2,236.19 1 0
backend_server/internal/data-engine/buntdb_extended.go:240.79,247.16 5 0
backend_server/internal/data-engine/buntdb_extended.go:247.16,249.3 1 0
backend_server/internal/data-engine/buntdb_extended.go:251.2,251.47 1 0
backend_server/internal/data-engine/buntdb_extended.go:251.47,255.3 3 0
backend_server/internal/data-engine/buntdb_extended.go:259.100,265.45 4 0
backend_server/internal/data-engine/buntdb_extended.go:265.45,266.53 1 0
backend_server/internal/data-engine/buntdb_extended.go:266.53,267.58 1 0
backend_server/internal/data-engine/buntdb_extended.go:267.58,269.5 1 0
backend_server/internal/data-engine/buntdb_extended.go:271.4,272.63 2 0
backend_server/internal/data-engine/buntdb_extended.go:272.63,274.5 1 0
backend_server/internal/data-engine/buntdb_extended.go:276.4,276.29 1 0
backend_server/internal/data-engine/buntdb_extended.go:276.29,278.5 1 0
backend_server/internal/data-engine/buntdb_extended.go:280.4,280.15 1 0
backend_server/internal/data-engine/buntdb_extended.go:284.2,284.19 1 0
backend_server/internal/data-engine/buntdb_extended.go:288.85,295.16 5 0
backend_server/internal/data-engine/buntdb_extended.go:295.16,297.3 1 0
backend_server/internal/data-engine/buntdb_extended.go:299.2,299.47 1 0
backend_server/internal/data-engine/buntdb_extended.go:299.47,303.3 3 0
backend_server/internal/data-engine/buntdb_extended.go:307.94,312.45 4 0
backend_server/internal/data-engine/buntdb_extended.go:312.45,315.17 3 0
backend_server/internal/data-engine/buntdb_extended.go:315.17,317.4 1 0
backend_server/internal/data-engine/buntdb_extended.go:318.3,318.48 1 0
backend_server/internal/data-engine/buntdb_extended.go:321.2,321.16 1 0
backend_server/internal/data-engine/buntdb_extended.go:321.16,323.3 1 0
backend_server/internal/data-engine/buntdb_extended.go:325.2,325.21 1 0
backend_server/internal/data-engine/buntdb_extended.go:329.101,335.45 4 0
backend_server/internal/data-engine/buntdb_extended.go:335.45,336.53 1 0
backend_server/internal/data-engine/buntdb_extended.go:336.53,337.60 1 0
backend_server/internal/data-engine/buntdb_extended.go:337.60,339.5 1 0
backend_server/internal/data-engine/buntdb_extended.go:341.4,342.65 2 0
backend_server/internal/data-engine/buntdb_extended.go:342.65,344.5 1 0
backend_server/internal/data-engine/buntdb_extended.go:346.4,346.31 1 0
backend_server/internal/data-engine/buntdb_extended.go:346.31,348.5 1 0
backend_server/internal/data-engine/buntdb_extended.go:350.4,350.15 1 0
backend_server/internal/data-engine/buntdb_extended.go:354.2,354.21 1 0
backend_server/internal/data-engine/buntdb_manager.go:220.62,222.16 2 10
backend_server/internal/data-engine/buntdb_manager.go:222.16,224.3 1 0
backend_server/internal/data-engine/buntdb_manager.go:226.2,233.48 2 10
backend_server/internal/data-engine/buntdb_manager.go:233.48,236.3 2 0
backend_server/internal/data-engine/buntdb_manager.go:238.2,238.21 1 10
backend_server/internal/data-engine/buntdb_manager.go:242.39,244.2 1 10
backend_server/internal/data-engine/buntdb_manager.go:247.47,248.47 1 10
backend_server/internal/data-engine/buntdb_manager.go:248.47,287.3 22 10
backend_server/internal/data-engine/buntdb_manager.go:291.64,297.16 5 14
backend_server/internal/data-engine/buntdb_manager.go:297.16,299.3 1 0
backend_server/internal/data-engine/buntdb_manager.go:301.2,301.47 1 14
backend_server/internal/data-engine/buntdb_manager.go:301.47,304.3 2 14
backend_server/internal/data-engine/buntdb_manager.go:308.115,315.45 5 3
backend_server/internal/data-engine/buntdb_manager.go:315.45,320.19 3 3
backend_server/internal/data-engine/buntdb_manager.go:320.19,323.4 2 3
backend_server/internal/data-engine/buntdb_manager.go:323.9,323.30 1 0
backend_server/internal/data-engine/buntdb_manager.go:323.30,326.4 2 0
backend_server/internal/data-engine/buntdb_manager.go:326.9,329.4 2 0
backend_server/internal/data-engine/buntdb_manager.go:330.3,332.60 2 3
backend_server/internal/data-engine/buntdb_manager.go:332.60,333.35 1 12
backend_server/internal/data-engine/buntdb_manager.go:333.35,335.5 1 0
backend_server/internal/data-engine/buntdb_manager.go:337.4,338.65 2 12
backend_server/internal/data-engine/buntdb_manager.go:338.65,340.5 1 0
backend_server/internal/data-engine/buntdb_manager.go:343.4,343.47 1 12
backend_server/internal/data-engine/buntdb_manager.go:343.47,345.5 1 0
backend_server/internal/data-engine/buntdb_manager.go:346.4,346.53 1 12
backend_server/internal/data-engine/buntdb_manager.go:346.53,348.5 1 0
backend_server/internal/data-engine/buntdb_manager.go:349.4,349.57 1 12
backend_server/internal/data-engine/buntdb_manager.go:349.57,351.5 1 0
backend_server/internal/data-engine/buntdb_manager.go:353.4,355.15 3 12
backend_server/internal/data-engine/buntdb_manager.go:359.2,359.21 1 3
backend_server/internal/data-engine/buntdb_manager.go:363.61,369.16 5 1
backend_server/internal/data-engine/buntdb_manager.go:369.16,371.3 1 0
backend_server/internal/data-engine/buntdb_manager.go:373.2,373.47 1 1
backend_server/internal/data-engine/buntdb_manager.go:373.47,376.3 2 1
backend_server/internal/data-engine/buntdb_manager.go:380.111,387.45 5 2
backend_server/internal/data-engine/buntdb_manager.go:387.45,388.65 1 2
backend_server/internal/data-engine/buntdb_manager.go:388.65,389.35 1 2
backend_server/internal/data-engine/buntdb_manager.go:389.35,391.5 1 0
backend_server/internal/data-engine/buntdb_manager.go:393.4,394.64 2 2
backend_server/internal/data-engine/buntdb_manager.go:394.64,396.5 1 0
backend_server/internal/data-engine/buntdb_manager.go:399.4,399.52 1 2
backend_server/internal/data-engine/buntdb_manager.go:399.52,401.5 1 0
backend_server/internal/data-engine/buntdb_manager.go:402.4,402.46 1 2
backend_server/internal/data-engine/buntdb_manager.go:402.46,404.5 1 0
backend_server/internal/data-engine/buntdb_manager.go:405.4,405.56 1 2
backend_server/internal/data-engine/buntdb_manager.go:405.56,407.5 1 0
backend_server/internal/data-engine/buntdb_manager.go:409.4,411.15 3 2
backend_server/internal/data-engine/buntdb_manager.go:415.2,415.20 1 2
backend_server/internal/data-engine/buntdb_manager.go:419.60,424.47 4 1
backend_server/internal/data-engine/buntdb_manager.go:424.47,426.17 2 1
backend_server/internal/data-engine/buntdb_manager.go:426.17,428.4 1 0
backend_server/internal/data-engine/buntdb_manager.go:430.3,431.61 2 1
backend_server/internal/data-engine/buntdb_manager.go:431.61,433.4 1 0
backend_server/internal/data-engine/buntdb_manager.go:436.3,441.17 5 1
backend_server/internal/data-engine/buntdb_manager.go:441.17,443.4 1 0
backend_server/internal/data-engine/buntdb_manager.go:445.3,446.13 2 1
backend_server/internal/data-engine/buntdb_manager.go:451.83,456.18 4 0
backend_server/internal/data-engine/buntdb_manager.go:456.18,458.3 1 0
backend_server/internal/data-engine/buntdb_manager.go:458.8,460.3 1 0
backend_server/internal/data-engine/buntdb_manager.go:462.2,463.16 2 0
backend_server/internal/data-engine/buntdb_manager.go:463.16,465.3 1 0
backend_server/internal/data-engine/buntdb_manager.go:467.2,467.47 1 0
backend_server/internal/data-engine/buntdb_manager.go:467.47,470.3 2 0
backend_server/internal/data-engine/buntdb_manager.go:474.126,483.18 7 0
backend_server/internal/data-engine/buntdb_manager.go:483.18,486.3 2 0
backend_server/internal/data-engine/buntdb_manager.go:488.2,488.45 1 0
backend_server/internal/data-engine/buntdb_manager.go:488.45,489.61 1 0
backend_server/internal/data-engine/buntdb_manager.go:489.61,490.43 1 0
backend_server/internal/data-engine/buntdb_manager.go:490.43,492.5 1 0
backend_server/internal/data-engine/buntdb_manager.go:494.4,494.35 1 0
backend_server/internal/data-engine/buntdb_manager.go:494.35,496.5 1 0
backend_server/internal/data-engine/buntdb_manager.go:498.4,499.65 2 0
backend_server/internal/data-engine/buntdb_manager.go:499.65,501.5 1 0
backend_server/internal/data-engine/buntdb_manager.go:504.4,504.53 1 0
backend_server/internal/data-engine/buntdb_manager.go:504.53,506.5 1 0
backend_server/internal/data-engine/buntdb_manager.go:507.4,507.57 1 0
backend_server/internal/data-engine/buntdb_manager.go:507.57,509.5 1 0
backend_server/internal/data-engine/buntdb_manager.go:511.4,513.15 3 0
backend_server/internal/data-engine/buntdb_manager.go:517.2,517.21 1 0
backend_server/internal/data-engine/buntdb_manager.go:540.72,546.16 5 1
backend_server/internal/data-engine/buntdb_manager.go:546.16,548.3 1 0
backend_server/internal/data-engine/buntdb_manager.go:550.2,550.47 1 1
backend_server/internal/data-engine/buntdb_manager.go:550.47,553.3 2 1
backend_server/internal/data-engine/buntdb_manager.go:557.76,563.16 5 1
backend_server/internal/data-engine/buntdb_manager.go:563.16,565.3 1 0
backend_server/internal/data-engine/buntdb_manager.go:567.2,567.47 1 1
backend_server/internal/data-engine/buntdb_manager.go:567.47,570.3 2 1
backend_server/internal/data-engine/buntdb_manager.go:574.117,579.45 4 1
backend_server/internal/data-engine/buntdb_manager.go:579.45,580.53 1 1
backend_server/internal/data-engine/buntdb_manager.go:580.53,582.62 1 2
backend_server/internal/data-engine/buntdb_manager.go:582.62,584.5 1 1
backend_server/internal/data-engine/buntdb_manager.go:586.4,587.65 2 1
backend_server/internal/data-engine/buntdb_manager.go:587.65,589.5 1 0
backend_server/internal/data-engine/buntdb_manager.go:592.4,594.36 1 1
backend_server/internal/data-engine/buntdb_manager.go:594.36,596.5 1 1
backend_server/internal/data-engine/buntdb_manager.go:597.4,597.15 1 1
backend_server/internal/data-engine/buntdb_manager.go:601.2,601.21 1 1
backend_server/internal/data-engine/buntdb_manager.go:605.106,610.45 4 1
backend_server/internal/data-engine/buntdb_manager.go:610.45,611.53 1 1
backend_server/internal/data-engine/buntdb_manager.go:611.53,613.66 1 2
backend_server/internal/data-engine/buntdb_manager.go:613.66,615.5 1 1
backend_server/internal/data-engine/buntdb_manager.go:617.4,618.65 2 1
backend_server/internal/data-engine/buntdb_manager.go:618.65,620.5 1 0
backend_server/internal/data-engine/buntdb_manager.go:623.4,623.71 1 1
backend_server/internal/data-engine/buntdb_manager.go:623.71,625.5 1 1
backend_server/internal/data-engine/buntdb_manager.go:626.4,626.15 1 1
backend_server/internal/data-engine/buntdb_manager.go:630.2,630.21 1 1
backend_server/internal/data-engine/buntdb_manager.go:634.61,641.16 5 1
backend_server/internal/data-engine/buntdb_manager.go:641.16,643.3 1 0
backend_server/internal/data-engine/buntdb_manager.go:645.2,645.47 1 1
backend_server/internal/data-engine/buntdb_manager.go:645.47,648.3 2 1
backend_server/internal/data-engine/buntdb_manager.go:652.112,659.45 5 1
backend_server/internal/data-engine/buntdb_manager.go:659.45,662.53 3 1
backend_server/internal/data-engine/buntdb_manager.go:662.53,663.60 1 1
backend_server/internal/data-engine/buntdb_manager.go:663.60,665.5 1 0
backend_server/internal/data-engine/buntdb_manager.go:667.4,667.35 1 1
backend_server/internal/data-engine/buntdb_manager.go:667.35,669.5 1 0
backend_server/internal/data-engine/buntdb_manager.go:671.4,672.64 2 1
backend_server/internal/data-engine/buntdb_manager.go:672.64,674.5 1 0
backend_server/internal/data-engine/buntdb_manager.go:677.4,677.50 1 1
backend_server/internal/data-engine/buntdb_manager.go:677.50,679.5 1 0
backend_server/internal/data-engine/buntdb_manager.go:680.4,680.46 1 1
backend_server/internal/data-engine/buntdb_manager.go:680.46,682.5 1 0
backend_server/internal/data-engine/buntdb_manager.go:683.4,683.56 1 1
backend_server/internal/data-engine/buntdb_manager.go:683.56,685.5 1 0
backend_server/internal/data-engine/buntdb_manager.go:687.4,689.15 3 1
backend_server/internal/data-engine/buntdb_manager.go:693.2,693.20 1 1
backend_server/internal/data-engine/buntdb_manager.go:697.71,704.45 5 1
backend_server/internal/data-engine/buntdb_manager.go:704.45,705.53 1 1
backend_server/internal/data-engine/buntdb_manager.go:705.53,707.50 1 2
backend_server/internal/data-engine/buntdb_manager.go:707.50,709.5 1 0
backend_server/internal/data-engine/buntdb_manager.go:711.4,712.65 2 2
backend_server/internal/data-engine/buntdb_manager.go:712.65,714.5 1 0
backend_server/internal/data-engine/buntdb_manager.go:716.4,716.39 1 2
backend_server/internal/data-engine/buntdb_manager.go:716.39,718.5 1 1
backend_server/internal/data-engine/buntdb_manager.go:719.4,719.15 1 2
backend_server/internal/data-engine/buntdb_manager.go:723.2,723.16 1 1
backend_server/internal/data-engine/buntdb_manager.go:723.16,725.3 1 0
backend_server/internal/data-engine/buntdb_manager.go:728.2,728.47 1 1
backend_server/internal/data-engine/buntdb_manager.go:728.47,729.36 1 1
backend_server/internal/data-engine/buntdb_manager.go:729.36,731.18 2 1
backend_server/internal/data-engine/buntdb_manager.go:731.18,733.5 1 0
backend_server/internal/data-engine/buntdb_manager.go:735.3,735.13 1 1
backend_server/internal/data-engine/buntdb_manager.go:740.68,748.45 5 1
backend_server/internal/data-engine/buntdb_manager.go:748.45,749.53 1 1
backend_server/internal/data-engine/buntdb_manager.go:749.53,752.4 2 2
backend_server/internal/data-engine/buntdb_manager.go:755.2,755.16 1 1
backend_server/internal/data-engine/buntdb_manager.go:755.16,757.3 1 0
backend_server/internal/data-engine/buntdb_manager.go:759.2,769.19 4 1
backend_server/internal/data-engine/buntdb_manager.go:773.64,775.38 2 5
backend_server/internal/data-engine/buntdb_manager.go:775.38,776.61 1 5
backend_server/internal/data-engine/buntdb_manager.go:776.61,779.4 2 0
backend_server/internal/data-engine/buntdb_manager.go:781.2,781.14 1 5
backend_server/internal/data-engine/buntdb_manager.go:785.76,791.45 4 0
backend_server/internal/data-engine/buntdb_manager.go:791.45,804.41 2 0
backend_server/internal/data-engine/buntdb_manager.go:804.41,806.47 2 0
backend_server/internal/data-engine/buntdb_manager.go:806.47,807.39 1 0
backend_server/internal/data-engine/buntdb_manager.go:807.39,809.6 1 0
backend_server/internal/data-engine/buntdb_manager.go:810.5,810.16 1 0
backend_server/internal/data-engine/buntdb_manager.go:812.4,812.32 1 0
backend_server/internal/data-engine/buntdb_manager.go:815.3,815.13 1 0
backend_server/internal/data-engine/buntdb_manager.go:818.2,818.16 1 0
backend_server/internal/data-engine/buntdb_manager.go:818.16,820.3 1 0
backend_server/internal/data-engine/buntdb_manager.go:823.2,825.19 2 0
backend_server/internal/data-engine/buntdb_manager.go:831.59,839.16 6 2
backend_server/internal/data-engine/buntdb_manager.go:839.16,841.3 1 0
backend_server/internal/data-engine/buntdb_manager.go:843.2,843.47 1 2
backend_server/internal/data-engine/buntdb_manager.go:843.47,847.3 3 2
backend_server/internal/data-engine/buntdb_manager.go:851.68,856.45 4 3
backend_server/internal/data-engine/buntdb_manager.go:856.45,859.17 3 3
backend_server/internal/data-engine/buntdb_manager.go:859.17,861.4 1 1
backend_server/internal/data-engine/buntdb_manager.go:862.3,862.46 1 2
backend_server/internal/data-engine/buntdb_manager.go:865.2,865.16 1 3
backend_server/internal/data-engine/buntdb_manager.go:865.16,867.3 1 1
backend_server/internal/data-engine/buntdb_manager.go:869.2,869.19 1 2
backend_server/internal/data-engine/buntdb_manager.go:873.80,878.45 4 1
backend_server/internal/data-engine/buntdb_manager.go:878.45,879.53 1 1
backend_server/internal/data-engine/buntdb_manager.go:879.53,880.48 1 1
backend_server/internal/data-engine/buntdb_manager.go:880.48,882.5 1 0
backend_server/internal/data-engine/buntdb_manager.go:884.4,885.63 2 1
backend_server/internal/data-engine/buntdb_manager.go:885.63,887.5 1 0
backend_server/internal/data-engine/buntdb_manager.go:889.4,889.33 1 1
backend_server/internal/data-engine/buntdb_manager.go:889.33,892.5 2 1
backend_server/internal/data-engine/buntdb_manager.go:894.4,894.15 1 0
backend_server/internal/data-engine/buntdb_manager.go:898.2,898.16 1 1
backend_server/internal/data-engine/buntdb_manager.go:898.16,900.3 1 0
backend_server/internal/data-engine/buntdb_manager.go:902.2,902.22 1 1
backend_server/internal/data-engine/buntdb_manager.go:902.22,904.3 1 0
backend_server/internal/data-engine/buntdb_manager.go:906.2,906.23 1 1
backend_server/internal/data-engine/buntdb_manager.go:910.59,917.16 5 1
backend_server/internal/data-engine/buntdb_manager.go:917.16,919.3 1 0
backend_server/internal/data-engine/buntdb_manager.go:921.2,921.47 1 1
backend_server/internal/data-engine/buntdb_manager.go:921.47,925.3 3 1
backend_server/internal/data-engine/buntdb_manager.go:929.57,933.47 3 1
backend_server/internal/data-engine/buntdb_manager.go:933.47,937.3 3 1
backend_server/internal/data-engine/buntdb_manager.go:941.76,948.45 5 1
backend_server/internal/data-engine/buntdb_manager.go:948.45,949.53 1 1
backend_server/internal/data-engine/buntdb_manager.go:949.53,950.48 1 1
backend_server/internal/data-engine/buntdb_manager.go:950.48,952.5 1 0
backend_server/internal/data-engine/buntdb_manager.go:954.4,954.22 1 1
backend_server/internal/data-engine/buntdb_manager.go:954.22,957.5 2 0
backend_server/internal/data-engine/buntdb_manager.go:959.4,959.27 1 1
backend_server/internal/data-engine/buntdb_manager.go:959.27,961.5 1 0
backend_server/internal/data-engine/buntdb_manager.go:963.4,964.63 2 1
backend_server/internal/data-engine/buntdb_manager.go:964.63,966.5 1 0
backend_server/internal/data-engine/buntdb_manager.go:968.4,970.15 3 1
backend_server/internal/data-engine/buntdb_manager.go:974.2,974.19 1 1
backend_server/internal/data-engine/buntdb_manager.go:980.59,987.16 5 1
backend_server/internal/data-engine/buntdb_manager.go:987.16,989.3 1 0
backend_server/internal/data-engine/buntdb_manager.go:991.2,991.47 1 1
backend_server/internal/data-engine/buntdb_manager.go:991.47,995.3 3 1
backend_server/internal/data-engine/buntdb_manager.go:999.68,1004.45 4 1
backend_server/internal/data-engine/buntdb_manager.go:1004.45,1007.17 3 1
backend_server/internal/data-engine/buntdb_manager.go:1007.17,1009.4 1 0
backend_server/internal/data-engine/buntdb_manager.go:1010.3,1010.46 1 1
backend_server/internal/data-engine/buntdb_manager.go:1013.2,1013.16 1 1
backend_server/internal/data-engine/buntdb_manager.go:1013.16,1015.3 1 0
backend_server/internal/data-engine/buntdb_manager.go:1017.2,1017.19 1 1
backend_server/internal/data-engine/buntdb_manager.go:1021.78,1026.45 4 2
backend_server/internal/data-engine/buntdb_manager.go:1026.45,1027.53 1 2
backend_server/internal/data-engine/buntdb_manager.go:1027.53,1028.47 1 2
backend_server/internal/data-engine/buntdb_manager.go:1028.47,1030.5 1 0
backend_server/internal/data-engine/buntdb_manager.go:1032.4,1033.63 2 2
backend_server/internal/data-engine/buntdb_manager.go:1033.63,1035.5 1 0
backend_server/internal/data-engine/buntdb_manager.go:1037.4,1037.89 1 2
backend_server/internal/data-engine/buntdb_manager.go:1037.89,1040.5 2 1
backend_server/internal/data-engine/buntdb_manager.go:1042.4,1042.15 1 1
backend_server/internal/data-engine/buntdb_manager.go:1046.2,1046.16 1 2
backend_server/internal/data-engine/buntdb_manager.go:1046.16,1048.3 1 0
backend_server/internal/data-engine/buntdb_manager.go:1050.2,1050.22 1 2
backend_server/internal/data-engine/buntdb_manager.go:1050.22,1052.3 1 1
backend_server/internal/data-engine/buntdb_manager.go:1054.2,1054.23 1 1
backend_server/internal/data-engine/buntdb_manager.go:1058.57,1062.47 3 1
backend_server/internal/data-engine/buntdb_manager.go:1062.47,1065.17 3 1
backend_server/internal/data-engine/buntdb_manager.go:1065.17,1067.4 1 0
backend_server/internal/data-engine/buntdb_manager.go:1069.3,1070.62 2 1
backend_server/internal/data-engine/buntdb_manager.go:1070.62,1072.4 1 0
backend_server/internal/data-engine/buntdb_manager.go:1074.3,1077.17 3 1
backend_server/internal/data-engine/buntdb_manager.go:1077.17,1079.4 1 0
backend_server/internal/data-engine/buntdb_manager.go:1081.3,1082.13 2 1
backend_server/internal/data-engine/buntdb_manager.go:1087.52,1094.45 5 0
backend_server/internal/data-engine/buntdb_manager.go:1094.45,1095.53 1 0
backend_server/internal/data-engine/buntdb_manager.go:1095.53,1096.47 1 0
backend_server/internal/data-engine/buntdb_manager.go:1096.47,1098.5 1 0
backend_server/internal/data-engine/buntdb_manager.go:1100.4,1101.63 2 0
backend_server/internal/data-engine/buntdb_manager.go:1101.63,1103.5 1 0
backend_server/internal/data-engine/buntdb_manager.go:1105.4,1105.33 1 0
backend_server/internal/data-engine/buntdb_manager.go:1105.33,1107.5 1 0
backend_server/internal/data-engine/buntdb_manager.go:1109.4,1109.15 1 0
backend_server/internal/data-engine/buntdb_manager.go:1113.2,1113.16 1 0
backend_server/internal/data-engine/buntdb_manager.go:1113.16,1115.3 1 0
backend_server/internal/data-engine/buntdb_manager.go:1118.2,1118.47 1 0
backend_server/internal/data-engine/buntdb_manager.go:1118.47,1119.35 1 0
backend_server/internal/data-engine/buntdb_manager.go:1119.35,1121.4 1 0
backend_server/internal/data-engine/buntdb_manager.go:1122.3,1122.13 1 0
backend_server/internal/data-engine/buntdb_manager.go:1129.68,1137.16 6 0
backend_server/internal/data-engine/buntdb_manager.go:1137.16,1139.3 1 0
backend_server/internal/data-engine/buntdb_manager.go:1141.2,1141.47 1 0
backend_server/internal/data-engine/buntdb_manager.go:1141.47,1145.3 3 0
backend_server/internal/data-engine/buntdb_manager.go:1149.77,1154.45 4 0
backend_server/internal/data-engine/buntdb_manager.go:1154.45,1157.17 3 0
backend_server/internal/data-engine/buntdb_manager.go:1157.17,1159.4 1 0
backend_server/internal/data-engine/buntdb_manager.go:1160.3,1160.49 1 0
backend_server/internal/data-engine/buntdb_manager.go:1163.2,1163.16 1 0
backend_server/internal/data-engine/buntdb_manager.go:1163.16,1165.3 1 0
backend_server/internal/data-engine/buntdb_manager.go:1167.2,1167.22 1 0
backend_server/internal/data-engine/chroma_db.go:42.52,50.2 1 0
backend_server/internal/data-engine/chroma_db.go:53.55,59.16 4 0
backend_server/internal/data-engine/chroma_db.go:59.16,61.3 1 0
backend_server/internal/data-engine/chroma_db.go:63.2,64.16 2 0
backend_server/internal/data-engine/chroma_db.go:64.16,66.3 1 0
backend_server/internal/data-engine/chroma_db.go:67.2,69.38 2 0
backend_server/internal/data-engine/chroma_db.go:69.38,71.3 1 0
backend_server/internal/data-engine/chroma_db.go:74.2,75.16 2 0
backend_server/internal/data-engine/chroma_db.go:75.16,77.3 1 0
backend_server/internal/data-engine/chroma_db.go:79.2,80.12 2 0
backend_server/internal/data-engine/chroma_db.go:84.64,87.16 2 0
backend_server/internal/data-engine/chroma_db.go:87.16,89.3 1 0
backend_server/internal/data-engine/chroma_db.go:91.2,91.41 1 0
backend_server/internal/data-engine/chroma_db.go:91.41,92.33 1 0
backend_server/internal/data-engine/chroma_db.go:92.33,95.4 1 0
backend_server/internal/data-engine/chroma_db.go:99.2,101.16 3 0
backend_server/internal/data-engine/chroma_db.go:101.16,103.3 1 0
backend_server/internal/data-engine/chroma_db.go:105.2,108.16 3 0
backend_server/internal/data-engine/chroma_db.go:108.16,110.3 1 0
backend_server/internal/data-engine/chroma_db.go:111.2,113.79 2 0
backend_server/internal/data-engine/chroma_db.go:113.79,115.3 1 0
backend_server/internal/data-engine/chroma_db.go:117.2,117.12 1 0
backend_server/internal/data-engine/chroma_db.go:121.75,123.16 2 0
backend_server/internal/data-engine/chroma_db.go:123.16,125.3 1 0
backend_server/internal/data-engine/chroma_db.go:127.2,128.16 2 0
backend_server/internal/data-engine/chroma_db.go:128.16,130.3 1 0
backend_server/internal/data-engine/chroma_db.go:131.2,133.38 2 0
backend_server/internal/data-engine/chroma_db.go:133.38,135.3 1 0
backend_server/internal/data-engine/chroma_db.go:137.2,144.16 3 0
backend_server/internal/data-engine/chroma_db.go:144.16,146.3 1 0
backend_server/internal/data-engine/chroma_db.go:148.2,149.48 2 0
backend_server/internal/data-engine/chroma_db.go:149.48,151.3 1 0
backend_server/internal/data-engine/chroma_db.go:153.2,153.25 1 0
backend_server/internal/data-engine/chroma_db.go:157.69,161.18 3 0
backend_server/internal/data-engine/chroma_db.go:161.18,163.3 1 0
backend_server/internal/data-engine/chroma_db.go:166.2,175.25 2 0
backend_server/internal/data-engine/chroma_db.go:175.25,177.3 1 0
backend_server/internal/data-engine/chroma_db.go:178.2,182.51 3 0
backend_server/internal/data-engine/chroma_db.go:186.83,192.27 4 0
backend_server/internal/data-engine/chroma_db.go:192.27,196.3 3 0
backend_server/internal/data-engine/chroma_db.go:198.2,205.16 3 0
backend_server/internal/data-engine/chroma_db.go:205.16,207.3 1 0
backend_server/internal/data-engine/chroma_db.go:210.2,211.16 2 0
backend_server/internal/data-engine/chroma_db.go:211.16,213.3 1 0
backend_server/internal/data-engine/chroma_db.go:215.2,219.16 3 0
backend_server/internal/data-engine/chroma_db.go:219.16,221.3 1 0
backend_server/internal/data-engine/chroma_db.go:222.2,224.79 2 0
backend_server/internal/data-engine/chroma_db.go:224.79,226.3 1 0
backend_server/internal/data-engine/chroma_db.go:228.2,228.12 1 0
backend_server/internal/data-engine/chroma_db.go:232.104,236.18 3 0
backend_server/internal/data-engine/chroma_db.go:236.18,238.3 1 0
backend_server/internal/data-engine/chroma_db.go:241.2,248.16 3 0
backend_server/internal/data-engine/chroma_db.go:248.16,250.3 1 0
backend_server/internal/data-engine/chroma_db.go:253.2,254.16 2 0
backend_server/internal/data-engine/chroma_db.go:254.16,256.3 1 0
backend_server/internal/data-engine/chroma_db.go:258.2,262.16 3 0
backend_server/internal/data-engine/chroma_db.go:262.16,264.3 1 0
backend_server/internal/data-engine/chroma_db.go:265.2,267.38 2 0
backend_server/internal/data-engine/chroma_db.go:267.38,269.3 1 0
backend_server/internal/data-engine/chroma_db.go:272.2,274.16 3 0
backend_server/internal/data-engine/chroma_db.go:274.16,276.3 1 0
backend_server/internal/data-engine/chroma_db.go:279.2,280.32 2 0
backend_server/internal/data-engine/chroma_db.go:280.32,288.59 2 0
backend_server/internal/data-engine/chroma_db.go:288.59,290.4 1 0
backend_server/internal/data-engine/chroma_db.go:292.3,292.69 1 0
backend_server/internal/data-engine/chroma_db.go:292.69,294.18 2 0
backend_server/internal/data-engine/chroma_db.go:294.18,296.5 1 0
backend_server/internal/data-engine/chroma_db.go:300.2,300.18 1 0
backend_server/internal/data-engine/chroma_db.go:304.115,308.18 3 0
backend_server/internal/data-engine/chroma_db.go:308.18,310.3 1 0
backend_server/internal/data-engine/chroma_db.go:313.2,322.16 3 0
backend_server/internal/data-engine/chroma_db.go:322.16,324.3 1 0
backend_server/internal/data-engine/chroma_db.go:327.2,328.16 2 0
backend_server/internal/data-engine/chroma_db.go:328.16,330.3 1 0
backend_server/internal/data-engine/chroma_db.go:332.2,336.16 3 0
backend_server/internal/data-engine/chroma_db.go:336.16,338.3 1 0
backend_server/internal/data-engine/chroma_db.go:339.2,341.38 2 0
backend_server/internal/data-engine/chroma_db.go:341.38,343.3 1 0
backend_server/internal/data-engine/chroma_db.go:346.2,353.16 3 0
backend_server/internal/data-engine/chroma_db.go:353.16,355.3 1 0
backend_server/internal/data-engine/chroma_db.go:358.2,359.32 2 0
backend_server/internal/data-engine/chroma_db.go:359.32,368.69 2 0
backend_server/internal/data-engine/chroma_db.go:368.69,370.18 2 0
backend_server/internal/data-engine/chroma_db.go:370.18,372.5 1 0
backend_server/internal/data-engine/chroma_db.go:376.2,376.18 1 0
backend_server/internal/data-engine/chroma_db.go:380.94,384.18 3 0
backend_server/internal/data-engine/chroma_db.go:384.18,386.3 1 0
backend_server/internal/data-engine/chroma_db.go:389.2,395.16 3 0
backend_server/internal/data-engine/chroma_db.go:395.16,397.3 1 0
backend_server/internal/data-engine/chroma_db.go:400.2,401.16 2 0
backend_server/internal/data-engine/chroma_db.go:401.16,403.3 1 0
backend_server/internal/data-engine/chroma_db.go:405.2,409.16 3 0
backend_server/internal/data-engine/chroma_db.go:409.16,411.3 1 0
backend_server/internal/data-engine/chroma_db.go:412.2,414.38 2 0
backend_server/internal/data-engine/chroma_db.go:414.38,416.3 1 0
backend_server/internal/data-engine/chroma_db.go:419.2,426.16 3 0
backend_server/internal/data-engine/chroma_db.go:426.16,428.3 1 0
backend_server/internal/data-engine/chroma_db.go:431.2,432.32 2 0
backend_server/internal/data-engine/chroma_db.go:432.32,440.59 2 0
backend_server/internal/data-engine/chroma_db.go:440.59,442.4 1 0
backend_server/internal/data-engine/chroma_db.go:444.3,444.69 1 0
backend_server/internal/data-engine/chroma_db.go:444.69,446.18 2 0
backend_server/internal/data-engine/chroma_db.go:446.18,448.5 1 0
backend_server/internal/data-engine/chroma_db.go:455.2,455.33 1 0
backend_server/internal/data-engine/chroma_db.go:455.33,456.38 1 0
backend_server/internal/data-engine/chroma_db.go:456.38,457.51 1 0
backend_server/internal/data-engine/chroma_db.go:457.51,459.5 1 0
backend_server/internal/data-engine/chroma_db.go:463.2,463.18 1 0
backend_server/internal/data-engine/chroma_db.go:467.28,472.2 3 0
backend_server/internal/data-engine/chroma_db.go:475.39,480.2 3 0
backend_server/internal/data-engine/data_engine.go:48.57,58.2 2 2
backend_server/internal/data-engine/data_engine.go:61.53,63.2 1 0
backend_server/internal/data-engine/data_engine.go:66.66,68.2 1 0
backend_server/internal/data-engine/data_engine.go:71.36,75.17 3 0
backend_server/internal/data-engine/data_engine.go:75.17,77.3 1 0
backend_server/internal/data-engine/data_engine.go:80.2,80.26 1 0
backend_server/internal/data-engine/data_engine.go:80.26,92.17 3 0
backend_server/internal/data-engine/data_engine.go:92.17,94.4 1 0
backend_server/internal/data-engine/data_engine.go:97.3,107.17 3 0
backend_server/internal/data-engine/data_engine.go:107.17,109.4 1 0
backend_server/internal/data-engine/data_engine.go:113.2,116.29 2 0
backend_server/internal/data-engine/data_engine.go:116.29,121.17 3 0
backend_server/internal/data-engine/data_engine.go:121.17,123.4 1 0
backend_server/internal/data-engine/data_engine.go:127.2,142.12 6 0
backend_server/internal/data-engine/data_engine.go:146.35,150.18 3 0
backend_server/internal/data-engine/data_engine.go:150.18,152.3 1 0
backend_server/internal/data-engine/data_engine.go:155.2,158.23 2 0
backend_server/internal/data-engine/data_engine.go:158.23,160.3 1 0
backend_server/internal/data-engine/data_engine.go:162.2,162.24 1 0
backend_server/internal/data-engine/data_engine.go:162.24,164.3 1 0
backend_server/internal/data-engine/data_engine.go:166.2,166.23 1 0
backend_server/internal/data-engine/data_engine.go:166.23,168.3 1 0
backend_server/internal/data-engine/data_engine.go:170.2,170.23 1 0
backend_server/internal/data-engine/data_engine.go:170.23,172.3 1 0
backend_server/internal/data-engine/data_engine.go:176.2,177.12 2 0
backend_server/internal/data-engine/data_engine.go:181.54,185.18 3 0
backend_server/internal/data-engine/data_engine.go:185.18,187.3 1 0
backend_server/internal/data-engine/data_engine.go:190.2,191.16 2 0
backend_server/internal/data-engine/data_engine.go:191.16,193.3 1 0
backend_server/internal/data-engine/data_engine.go:196.2,199.75 2 0
backend_server/internal/data-engine/data_engine.go:199.75,201.17 2 0
backend_server/internal/data-engine/data_engine.go:201.17,203.4 1 0
backend_server/internal/data-engine/data_engine.go:207.2,207.78 1 0
backend_server/internal/data-engine/data_engine.go:207.78,209.17 2 0
backend_server/internal/data-engine/data_engine.go:209.17,211.4 1 0
backend_server/internal/data-engine/data_engine.go:216.2,216.12 1 0
backend_server/internal/data-engine/data_engine.go:220.84,223.2 2 0
backend_server/internal/data-engine/data_engine.go:226.80,229.2 2 0
backend_server/internal/data-engine/data_engine.go:232.63,235.2 2 0
backend_server/internal/data-engine/data_engine.go:238.47,240.9 1 0
backend_server/internal/data-engine/data_engine.go:241.28,241.28 0 0
backend_server/internal/data-engine/data_engine.go:243.10,245.73 1 0
backend_server/internal/data-engine/data_engine.go:250.38,254.6 3 0
backend_server/internal/data-engine/data_engine.go:254.6,255.10 1 0
backend_server/internal/data-engine/data_engine.go:256.23,257.10 1 0
backend_server/internal/data-engine/data_engine.go:258.19,259.26 1 0
backend_server/internal/data-engine/data_engine.go:259.26,264.12 2 0
backend_server/internal/data-engine/data_engine.go:265.35,265.35 0 0
backend_server/internal/data-engine/data_engine.go:267.13,267.13 0 0
backend_server/internal/data-engine/data_engine.go:276.50,331.2 5 0
backend_server/internal/data-engine/data_engine.go:334.48,335.23 1 1
backend_server/internal/data-engine/data_engine.go:335.23,337.3 1 1
backend_server/internal/data-engine/data_engine.go:339.2,339.37 1 0
backend_server/internal/data-engine/data_engine.go:343.56,344.23 1 0
backend_server/internal/data-engine/data_engine.go:344.23,346.3 1 0
backend_server/internal/data-engine/data_engine.go:348.2,350.17 2 0
backend_server/internal/data-engine/data_engine.go:354.39,359.2 3 1
backend_server/internal/data-engine/data_engine.go:362.51,364.2 1 0
backend_server/internal/data-engine/data_engine.go:367.46,369.2 1 0
backend_server/internal/data-engine/data_engine.go:372.52,374.2 1 0
backend_server/internal/data-engine/data_engine.go:377.58,379.2 1 0
backend_server/internal/data-engine/data_engine.go:382.52,383.24 1 2
backend_server/internal/data-engine/data_engine.go:383.24,385.3 1 2
backend_server/internal/data-engine/data_engine.go:387.2,387.33 1 0
backend_server/internal/data-engine/event_producer.go:78.66,79.35 1 0
backend_server/internal/data-engine/event_producer.go:79.35,81.3 1 0
backend_server/internal/data-engine/event_producer.go:83.2,83.27 1 0
backend_server/internal/data-engine/event_producer.go:83.27,85.3 1 0
backend_server/internal/data-engine/event_producer.go:87.2,87.27 1 0
backend_server/internal/data-engine/event_producer.go:87.27,89.3 1 0
backend_server/internal/data-engine/event_producer.go:91.2,91.30 1 0
backend_server/internal/data-engine/event_producer.go:91.30,93.3 1 0
backend_server/internal/data-engine/event_producer.go:95.2,97.3 1 0
backend_server/internal/data-engine/event_producer.go:101.60,124.16 4 0
backend_server/internal/data-engine/event_producer.go:124.16,126.3 1 0
backend_server/internal/data-engine/event_producer.go:128.2,129.12 2 0
backend_server/internal/data-engine/event_producer.go:133.78,134.21 1 0
backend_server/internal/data-engine/event_producer.go:134.21,136.3 1 0
backend_server/internal/data-engine/event_producer.go:139.2,139.30 1 0
backend_server/internal/data-engine/event_producer.go:139.30,141.3 1 0
backend_server/internal/data-engine/event_producer.go:144.2,145.16 2 0
backend_server/internal/data-engine/event_producer.go:145.16,147.3 1 0
backend_server/internal/data-engine/event_producer.go:150.2,162.16 3 0
backend_server/internal/data-engine/event_producer.go:162.16,164.3 1 0
backend_server/internal/data-engine/event_producer.go:166.2,166.12 1 0
backend_server/internal/data-engine/event_producer.go:170.125,179.2 2 0
backend_server/internal/data-engine/event_producer.go:182.122,191.2 2 0
backend_server/internal/data-engine/event_producer.go:194.145,205.2 2 0
backend_server/internal/data-engine/event_producer.go:208.121,217.2 2 0
backend_server/internal/data-engine/event_producer.go:220.39,221.21 1 0
backend_server/internal/data-engine/event_producer.go:221.21,226.3 4 0
backend_server/internal/data-engine/event_producer.go:228.2,228.12 1 0
backend_server/internal/data-engine/event_producer.go:232.44,234.2 1 0
backend_server/internal/data-engine/event_producer.go:237.71,240.20 2 0
backend_server/internal/data-engine/event_producer.go:240.20,242.3 1 0
backend_server/internal/data-engine/event_producer.go:244.2,249.3 1 0
backend_server/internal/data-engine/event_producer.go:253.67,265.2 1 0
backend_server/internal/data-engine/event_producer.go:268.47,271.19 2 0
backend_server/internal/data-engine/event_producer.go:272.15,273.25 1 0
backend_server/internal/data-engine/event_producer.go:274.25,275.27 1 0
backend_server/internal/data-engine/event_producer.go:276.10,277.24 1 0
backend_server/internal/data-engine/event_producer.go:280.2,289.3 1 0
backend_server/internal/data-engine/handlers.go:20.72,24.44 1 0
backend_server/internal/data-engine/handlers.go:24.44,26.5 1 0
backend_server/internal/data-engine/handlers.go:32.83,40.25 2 0
backend_server/internal/data-engine/handlers.go:40.25,44.3 1 0
backend_server/internal/data-engine/handlers.go:46.2,47.35 2 0
backend_server/internal/data-engine/handlers.go:51.84,52.25 1 0
backend_server/internal/data-engine/handlers.go:52.25,55.3 2 0
backend_server/internal/data-engine/handlers.go:58.2,59.20 2 0
backend_server/internal/data-engine/handlers.go:59.20,62.3 2 0
backend_server/internal/data-engine/handlers.go:64.2,65.36 2 0
backend_server/internal/data-engine/handlers.go:69.83,70.25 1 0
backend_server/internal/data-engine/handlers.go:70.25,73.3 2 0
backend_server/internal/data-engine/handlers.go:76.2,79.35 3 0
backend_server/internal/data-engine/handlers.go:83.83,84.25 1 0
backend_server/internal/data-engine/handlers.go:84.25,87.3 2 0
backend_server/internal/data-engine/handlers.go:90.2,91.46 2 0
backend_server/internal/data-engine/handlers.go:91.46,92.63 1 0
backend_server/internal/data-engine/handlers.go:92.63,94.4 1 0
backend_server/internal/data-engine/handlers.go:98.2,104.4 3 0
backend_server/internal/data-engine/handlers.go:108.86,109.25 1 0
backend_server/internal/data-engine/handlers.go:109.25,112.3 2 0
backend_server/internal/data-engine/handlers.go:115.2,116.16 2 0
backend_server/internal/data-engine/handlers.go:116.16,119.3 2 0
backend_server/internal/data-engine/handlers.go:120.2,123.25 2 0
backend_server/internal/data-engine/handlers.go:123.25,126.21 2 0
backend_server/internal/data-engine/handlers.go:126.21,131.18 2 0
backend_server/internal/data-engine/handlers.go:131.18,133.5 1 0
backend_server/internal/data-engine/handlers.go:137.3,138.22 2 0
backend_server/internal/data-engine/handlers.go:138.22,143.18 2 0
backend_server/internal/data-engine/handlers.go:143.18,145.5 1 0
backend_server/internal/data-engine/handlers.go:150.2,150.6 1 0
backend_server/internal/data-engine/handlers.go:150.6,153.17 3 0
backend_server/internal/data-engine/handlers.go:153.17,154.9 1 0
backend_server/internal/data-engine/handlers.go:158.3,159.10 2 0
backend_server/internal/data-engine/handlers.go:159.10,160.12 1 0
backend_server/internal/data-engine/handlers.go:163.3,163.18 1 0
backend_server/internal/data-engine/handlers.go:164.24,166.11 2 0
backend_server/internal/data-engine/handlers.go:166.11,167.13 1 0
backend_server/internal/data-engine/handlers.go:171.4,179.18 3 0
backend_server/internal/data-engine/handlers.go:179.18,180.10 1 0
backend_server/internal/data-engine/handlers.go:183.22,189.18 3 0
backend_server/internal/data-engine/handlers.go:189.18,190.10 1 0
backend_server/internal/data-engine/handlers.go:193.21,199.18 3 0
backend_server/internal/data-engine/handlers.go:199.18,200.10 1 0
backend_server/internal/data-engine/handlers.go:207.89,208.33 1 0
backend_server/internal/data-engine/handlers.go:208.33,211.3 2 0
backend_server/internal/data-engine/handlers.go:213.2,213.25 1 0
backend_server/internal/data-engine/handlers.go:213.25,216.3 2 0
backend_server/internal/data-engine/handlers.go:218.2,220.19 3 0
backend_server/internal/data-engine/handlers.go:220.19,223.3 2 0
backend_server/internal/data-engine/handlers.go:225.2,231.4 3 0
backend_server/internal/data-engine/handlers.go:241.90,245.44 1 0
backend_server/internal/data-engine/handlers.go:245.44,247.5 1 0
backend_server/internal/data-engine/handlers.go:253.89,262.2 3 0
backend_server/internal/data-engine/handlers.go:265.90,266.25 1 0
backend_server/internal/data-engine/handlers.go:266.25,269.3 2 0
backend_server/internal/data-engine/handlers.go:272.2,273.20 2 0
backend_server/internal/data-engine/handlers.go:273.20,276.3 2 0
backend_server/internal/data-engine/handlers.go:278.2,279.36 2 0
backend_server/internal/data-engine/handlers.go:283.89,284.25 1 0
backend_server/internal/data-engine/handlers.go:284.25,287.3 2 0
backend_server/internal/data-engine/handlers.go:290.2,293.35 3 0
backend_server/internal/data-engine/handlers.go:297.89,298.25 1 0
backend_server/internal/data-engine/handlers.go:298.25,301.3 2 0
backend_server/internal/data-engine/handlers.go:304.2,305.46 2 0
backend_server/internal/data-engine/handlers.go:305.46,306.63 1 0
backend_server/internal/data-engine/handlers.go:306.63,308.4 1 0
backend_server/internal/data-engine/handlers.go:312.2,318.4 3 0
backend_server/internal/data-engine/handlers.go:322.92,323.25 1 0
backend_server/internal/data-engine/handlers.go:323.25,326.3 2 0
backend_server/internal/data-engine/handlers.go:329.2,330.16 2 0
backend_server/internal/data-engine/handlers.go:330.16,333.3 2 0
backend_server/internal/data-engine/handlers.go:334.2,338.20 3 0
backend_server/internal/data-engine/handlers.go:338.20,343.17 2 0
backend_server/internal/data-engine/handlers.go:343.17,345.4 1 0
backend_server/internal/data-engine/handlers.go:349.2,349.6 1 0
backend_server/internal/data-engine/handlers.go:349.6,352.17 3 0
backend_server/internal/data-engine/handlers.go:352.17,353.9 1 0
backend_server/internal/data-engine/handlers.go:357.3,358.10 2 0
backend_server/internal/data-engine/handlers.go:358.10,359.12 1 0
backend_server/internal/data-engine/handlers.go:362.3,362.18 1 0
backend_server/internal/data-engine/handlers.go:363.22,369.18 3 0
backend_server/internal/data-engine/handlers.go:369.18,370.10 1 0
backend_server/internal/data-engine/handlers.go:377.95,378.33 1 0
backend_server/internal/data-engine/handlers.go:378.33,381.3 2 0
backend_server/internal/data-engine/handlers.go:383.2,383.25 1 0
backend_server/internal/data-engine/handlers.go:383.25,386.3 2 0
backend_server/internal/data-engine/handlers.go:388.2,390.19 3 0
backend_server/internal/data-engine/handlers.go:390.19,393.3 2 0
backend_server/internal/data-engine/handlers.go:396.2,402.4 3 0
backend_server/internal/data-engine/rest_api.go:38.84,39.22 1 1
backend_server/internal/data-engine/rest_api.go:39.22,41.3 1 0
backend_server/internal/data-engine/rest_api.go:43.2,43.29 1 1
backend_server/internal/data-engine/rest_api.go:43.29,45.3 1 0
backend_server/internal/data-engine/rest_api.go:47.2,47.30 1 1
backend_server/internal/data-engine/rest_api.go:47.30,49.3 1 0
backend_server/internal/data-engine/rest_api.go:51.2,51.32 1 1
backend_server/internal/data-engine/rest_api.go:51.32,53.3 1 0
backend_server/internal/data-engine/rest_api.go:55.2,63.3 2 1
backend_server/internal/data-engine/rest_api.go:67.39,71.17 3 0
backend_server/internal/data-engine/rest_api.go:71.17,73.3 1 0
backend_server/internal/data-engine/rest_api.go:76.2,88.12 3 0
backend_server/internal/data-engine/rest_api.go:88.12,91.48 3 0
backend_server/internal/data-engine/rest_api.go:91.48,93.4 1 0
backend_server/internal/data-engine/rest_api.go:93.9,95.4 1 0
backend_server/internal/data-engine/rest_api.go:98.2,99.12 2 0
backend_server/internal/data-engine/rest_api.go:103.38,107.18 3 0
backend_server/internal/data-engine/rest_api.go:107.18,109.3 1 0
backend_server/internal/data-engine/rest_api.go:112.2,119.16 5 0
backend_server/internal/data-engine/rest_api.go:119.16,121.3 1 0
backend_server/internal/data-engine/rest_api.go:123.2,124.12 2 0
backend_server/internal/data-engine/rest_api.go:128.39,160.2 14 1
backend_server/internal/data-engine/rest_api.go:163.75,164.71 1 0
backend_server/internal/data-engine/rest_api.go:164.71,178.3 3 0
backend_server/internal/data-engine/rest_api.go:182.72,183.71 1 0
backend_server/internal/data-engine/rest_api.go:183.71,190.28 4 0
backend_server/internal/data-engine/rest_api.go:190.28,193.4 2 0
backend_server/internal/data-engine/rest_api.go:196.3,196.23 1 0
backend_server/internal/data-engine/rest_api.go:201.78,210.25 2 1
backend_server/internal/data-engine/rest_api.go:210.25,216.35 2 1
backend_server/internal/data-engine/rest_api.go:216.35,220.4 1 0
backend_server/internal/data-engine/rest_api.go:223.3,223.35 1 1
backend_server/internal/data-engine/rest_api.go:223.35,227.4 1 0
backend_server/internal/data-engine/rest_api.go:231.2,234.35 2 1
backend_server/internal/data-engine/rest_api.go:238.82,239.25 1 1
backend_server/internal/data-engine/rest_api.go:239.25,242.3 2 0
backend_server/internal/data-engine/rest_api.go:245.2,246.20 2 1
backend_server/internal/data-engine/rest_api.go:246.20,249.3 2 1
backend_server/internal/data-engine/rest_api.go:252.2,255.36 2 0
backend_server/internal/data-engine/rest_api.go:259.81,260.57 1 1
backend_server/internal/data-engine/rest_api.go:260.57,263.3 2 1
backend_server/internal/data-engine/rest_api.go:266.2,269.16 3 0
backend_server/internal/data-engine/rest_api.go:269.16,271.3 1 0
backend_server/internal/data-engine/rest_api.go:271.8,273.3 1 0
backend_server/internal/data-engine/rest_api.go:276.2,279.35 2 0
backend_server/internal/data-engine/rest_api.go:283.84,284.57 1 0
backend_server/internal/data-engine/rest_api.go:284.57,287.3 2 0
backend_server/internal/data-engine/rest_api.go:290.2,303.4 5 0
backend_server/internal/data-engine/rest_api.go:307.81,308.97 1 0
backend_server/internal/data-engine/rest_api.go:308.97,311.3 2 0
backend_server/internal/data-engine/rest_api.go:314.2,319.20 4 0
backend_server/internal/data-engine/rest_api.go:319.20,322.31 3 0
backend_server/internal/data-engine/rest_api.go:322.31,324.4 1 0
backend_server/internal/data-engine/rest_api.go:325.3,325.18 1 0
backend_server/internal/data-engine/rest_api.go:325.18,327.4 1 0
backend_server/internal/data-engine/rest_api.go:330.2,334.21 3 0
backend_server/internal/data-engine/rest_api.go:334.21,337.3 1 0
backend_server/internal/data-engine/rest_api.go:337.8,340.3 1 0
backend_server/internal/data-engine/rest_api.go:342.2,342.16 1 0
backend_server/internal/data-engine/rest_api.go:342.16,345.3 2 0
backend_server/internal/data-engine/rest_api.go:348.2,351.33 2 0
backend_server/internal/data-engine/rest_api.go:355.84,356.97 1 0
backend_server/internal/data-engine/rest_api.go:356.97,359.3 2 0
backend_server/internal/data-engine/rest_api.go:362.2,363.17 2 0
backend_server/internal/data-engine/rest_api.go:363.17,366.3 2 0
backend_server/internal/data-engine/rest_api.go:368.2,372.20 3 0
backend_server/internal/data-engine/rest_api.go:372.20,375.31 3 0
backend_server/internal/data-engine/rest_api.go:375.31,377.4 1 0
backend_server/internal/data-engine/rest_api.go:378.3,378.18 1 0
backend_server/internal/data-engine/rest_api.go:378.18,380.4 1 0
backend_server/internal/data-engine/rest_api.go:384.2,385.16 2 0
backend_server/internal/data-engine/rest_api.go:385.16,388.3 2 0
backend_server/internal/data-engine/rest_api.go:391.2,394.33 2 0
backend_server/internal/data-engine/rest_api.go:398.85,422.2 3 1
backend_server/internal/data-engine/rest_api.go:425.82,426.59 1 0
backend_server/internal/data-engine/rest_api.go:426.59,429.3 2 0
backend_server/internal/data-engine/rest_api.go:432.2,438.36 3 0
backend_server/internal/data-engine/rest_api.go:442.89,443.59 1 0
backend_server/internal/data-engine/rest_api.go:443.59,446.3 2 0
backend_server/internal/data-engine/rest_api.go:449.2,452.36 3 0
backend_server/internal/data-engine/rest_api.go:452.36,455.3 2 0
backend_server/internal/data-engine/rest_api.go:458.2,459.16 2 0
backend_server/internal/data-engine/rest_api.go:459.16,462.3 2 0
backend_server/internal/data-engine/rest_api.go:464.2,465.16 2 0
backend_server/internal/data-engine/rest_api.go:465.16,468.3 2 0
backend_server/internal/data-engine/rest_api.go:471.2,477.36 3 0
backend_server/internal/data-engine/rest_api.go:481.86,482.59 1 0
backend_server/internal/data-engine/rest_api.go:482.59,485.3 2 0
backend_server/internal/data-engine/rest_api.go:488.2,491.36 3 0
backend_server/internal/data-engine/rest_api.go:491.36,494.3 2 0
backend_server/internal/data-engine/rest_api.go:497.2,498.16 2 0
backend_server/internal/data-engine/rest_api.go:498.16,501.3 2 0
backend_server/internal/data-engine/rest_api.go:503.2,504.16 2 0
backend_server/internal/data-engine/rest_api.go:504.16,507.3 2 0
backend_server/internal/data-engine/rest_api.go:510.2,520.4 3 0
backend_server/internal/data-engine/rest_api.go:524.85,525.59 1 0
backend_server/internal/data-engine/rest_api.go:525.59,528.3 2 0
backend_server/internal/data-engine/rest_api.go:531.2,534.36 3 0
backend_server/internal/data-engine/rest_api.go:534.36,537.3 2 0
backend_server/internal/data-engine/rest_api.go:540.2,541.16 2 0
backend_server/internal/data-engine/rest_api.go:541.16,544.3 2 0
backend_server/internal/data-engine/rest_api.go:546.2,547.16 2 0
backend_server/internal/data-engine/rest_api.go:547.16,550.3 2 0
backend_server/internal/data-engine/rest_api.go:553.2,564.4 3 0
backend_server/internal/data-engine/rest_api.go:568.42,573.2 3 0
backend_server/internal/data-engine/routes.go:8.58,30.2 8 0
backend_server/internal/data-engine/routes.go:33.65,55.2 8 0
backend_server/internal/data-engine/stream_processor.go:38.72,39.35 1 0
backend_server/internal/data-engine/stream_processor.go:39.35,41.3 1 0
backend_server/internal/data-engine/stream_processor.go:43.2,43.32 1 0
backend_server/internal/data-engine/stream_processor.go:43.32,45.3 1 0
backend_server/internal/data-engine/stream_processor.go:47.2,47.29 1 0
backend_server/internal/data-engine/stream_processor.go:47.29,49.3 1 0
backend_server/internal/data-engine/stream_processor.go:51.2,51.27 1 0
backend_server/internal/data-engine/stream_processor.go:51.27,53.3 1 0
backend_server/internal/data-engine/stream_processor.go:55.2,55.32 1 0
backend_server/internal/data-engine/stream_processor.go:55.32,57.3 1 0
backend_server/internal/data-engine/stream_processor.go:59.2,67.3 2 0
backend_server/internal/data-engine/stream_processor.go:71.41,88.2 4 0
backend_server/internal/data-engine/stream_processor.go:91.40,92.21 1 0
backend_server/internal/data-engine/stream_processor.go:92.21,98.3 5 0
backend_server/internal/data-engine/stream_processor.go:100.2,100.12 1 0
backend_server/internal/data-engine/stream_processor.go:104.86,108.41 3 0
backend_server/internal/data-engine/stream_processor.go:108.41,110.3 1 0
backend_server/internal/data-engine/stream_processor.go:112.2,112.64 1 0
backend_server/internal/data-engine/stream_processor.go:116.45,117.6 1 0
backend_server/internal/data-engine/stream_processor.go:117.6,118.10 1 0
backend_server/internal/data-engine/stream_processor.go:119.23,120.10 1 0
backend_server/internal/data-engine/stream_processor.go:121.11,124.18 2 0
backend_server/internal/data-engine/stream_processor.go:124.18,126.13 1 0
backend_server/internal/data-engine/stream_processor.go:130.4,132.18 3 0
backend_server/internal/data-engine/stream_processor.go:132.18,134.13 1 0
backend_server/internal/data-engine/stream_processor.go:138.4,141.32 2 0
backend_server/internal/data-engine/stream_processor.go:147.53,152.48 3 0
backend_server/internal/data-engine/stream_processor.go:152.48,153.36 1 0
backend_server/internal/data-engine/stream_processor.go:153.36,155.18 2 0
backend_server/internal/data-engine/stream_processor.go:155.19,157.5 0 0
backend_server/internal/data-engine/stream_processor.go:162.2,169.29 2 0
backend_server/internal/data-engine/stream_processor.go:169.29,170.72 1 0
backend_server/internal/data-engine/stream_processor.go:170.72,171.44 1 0
backend_server/internal/data-engine/stream_processor.go:171.44,172.38 1 0
backend_server/internal/data-engine/stream_processor.go:172.38,174.20 2 0
backend_server/internal/data-engine/stream_processor.go:174.21,176.7 0 0
backend_server/internal/data-engine/stream_processor.go:184.57,186.2 1 0
backend_server/internal/data-engine/stream_processor.go:189.44,191.2 1 0
backend_server/internal/data-engine/stream_processor.go:213.48,225.2 3 0
backend_server/internal/data-engine/stream_processor.go:228.54,240.46 6 0
backend_server/internal/data-engine/stream_processor.go:240.46,244.35 2 0
backend_server/internal/data-engine/stream_processor.go:244.35,246.40 2 0
backend_server/internal/data-engine/stream_processor.go:246.40,247.37 1 0
backend_server/internal/data-engine/stream_processor.go:247.37,249.6 1 0
backend_server/internal/data-engine/stream_processor.go:252.4,252.20 1 0
backend_server/internal/data-engine/stream_processor.go:252.20,254.5 1 0
backend_server/internal/data-engine/stream_processor.go:258.2,259.23 2 0
backend_server/internal/data-engine/stream_processor.go:263.60,269.34 4 0
backend_server/internal/data-engine/stream_processor.go:269.34,271.3 1 0
backend_server/internal/data-engine/stream_processor.go:274.2,275.46 2 0
backend_server/internal/data-engine/stream_processor.go:275.46,277.28 2 0
backend_server/internal/data-engine/stream_processor.go:277.28,279.4 1 0
backend_server/internal/data-engine/stream_processor.go:282.2,288.3 1 0
backend_server/internal/data-engine/stream_processor.go:292.50,293.26 1 0
backend_server/internal/data-engine/stream_processor.go:293.26,295.3 1 0
backend_server/internal/data-engine/stream_processor.go:297.2,297.58 1 0
backend_server/internal/data-engine/stream_processor.go:301.76,302.26 1 0
backend_server/internal/data-engine/stream_processor.go:302.26,304.3 1 0
backend_server/internal/data-engine/stream_processor.go:306.2,307.9 2 0
backend_server/internal/data-engine/stream_processor.go:307.9,309.3 1 0
backend_server/internal/data-engine/stream_processor.go:311.2,311.50 1 0
backend_server/internal/data-engine/stream_processor.go:315.56,320.38 3 0
backend_server/internal/data-engine/stream_processor.go:320.38,321.43 1 0
backend_server/internal/data-engine/stream_processor.go:321.43,323.4 1 0
backend_server/internal/data-engine/stream_processor.go:326.2,326.22 1 0
backend_server/internal/data-engine/stream_processor.go:326.22,328.3 1 0
backend_server/internal/data-engine/stream_processor.go:331.2,331.55 1 0
backend_server/internal/data-engine/stream_processor.go:331.55,333.3 1 0
backend_server/internal/data-engine/stream_processor.go:335.2,335.30 1 0
backend_server/internal/data-engine/stream_processor.go:339.43,346.2 1 0
backend_server/internal/data-engine/websocket_server.go:36.90,37.22 1 1
backend_server/internal/data-engine/websocket_server.go:37.22,39.3 1 0
backend_server/internal/data-engine/websocket_server.go:41.2,41.32 1 1
backend_server/internal/data-engine/websocket_server.go:41.32,43.3 1 0
backend_server/internal/data-engine/websocket_server.go:45.2,45.33 1 1
backend_server/internal/data-engine/websocket_server.go:45.33,47.3 1 0
backend_server/internal/data-engine/websocket_server.go:49.2,57.44 2 1
backend_server/internal/data-engine/websocket_server.go:57.44,59.5 1 1
backend_server/internal/data-engine/websocket_server.go:68.41,69.17 1 0
backend_server/internal/data-engine/websocket_server.go:69.17,71.3 1 0
backend_server/internal/data-engine/websocket_server.go:74.2,87.12 8 0
backend_server/internal/data-engine/websocket_server.go:87.12,89.48 2 0
backend_server/internal/data-engine/websocket_server.go:89.48,91.4 1 0
backend_server/internal/data-engine/websocket_server.go:95.2,98.25 2 0
backend_server/internal/data-engine/websocket_server.go:98.25,100.13 1 0
backend_server/internal/data-engine/websocket_server.go:100.13,102.8 2 0
backend_server/internal/data-engine/websocket_server.go:102.8,103.12 1 0
backend_server/internal/data-engine/websocket_server.go:104.25,105.12 1 0
backend_server/internal/data-engine/websocket_server.go:106.31,110.7 1 0
backend_server/internal/data-engine/websocket_server.go:116.3,116.13 1 0
backend_server/internal/data-engine/websocket_server.go:116.13,118.8 2 0
backend_server/internal/data-engine/websocket_server.go:118.8,119.12 1 0
backend_server/internal/data-engine/websocket_server.go:120.25,121.12 1 0
backend_server/internal/data-engine/websocket_server.go:122.35,126.7 1 0
backend_server/internal/data-engine/websocket_server.go:132.2,133.12 2 0
backend_server/internal/data-engine/websocket_server.go:137.40,138.18 1 0
backend_server/internal/data-engine/websocket_server.go:138.18,140.3 1 0
backend_server/internal/data-engine/websocket_server.go:143.2,147.32 3 0
backend_server/internal/data-engine/websocket_server.go:147.32,149.3 1 0
backend_server/internal/data-engine/websocket_server.go:150.2,158.16 6 0
backend_server/internal/data-engine/websocket_server.go:158.16,160.3 1 0
backend_server/internal/data-engine/websocket_server.go:162.2,163.12 2 0
backend_server/internal/data-engine/websocket_server.go:167.83,170.16 2 1
backend_server/internal/data-engine/websocket_server.go:170.16,173.3 2 0
backend_server/internal/data-engine/websocket_server.go:176.2,181.25 4 1
backend_server/internal/data-engine/websocket_server.go:181.25,184.21 2 1
backend_server/internal/data-engine/websocket_server.go:184.21,189.18 2 0
backend_server/internal/data-engine/websocket_server.go:189.18,191.5 1 0
backend_server/internal/data-engine/websocket_server.go:195.3,196.22 2 1
backend_server/internal/data-engine/websocket_server.go:196.22,201.18 2 0
[...]
backend_server/internal/web/tee_security_handlers.go:213.20,223.3 5 0
backend_server/internal/web/tee_security_handlers.go:225.2,226.16 2 0
backend_server/internal/web/tee_security_handlers.go:226.16,236.3 5 0
backend_server/internal/web/tee_security_handlers.go:238.2,245.37 3 0
backend_server/internal/web/tee_security_handlers.go:249.104,261.27 7 0
backend_server/internal/web/tee_security_handlers.go:261.27,266.3 4 0
backend_server/internal/web/tee_security_handlers.go:266.8,270.3 2 0
backend_server/internal/web/tee_security_handlers.go:273.2,273.88 1 0
backend_server/internal/web/tee_security_handlers.go:273.88,275.3 1 0
backend_server/internal/web/validation_handlers.go:20.91,22.2 1 0
backend_server/internal/web/validation_handlers.go:34.89,44.23 3 0
backend_server/internal/web/validation_handlers.go:44.23,45.61 1 0
backend_server/internal/web/validation_handlers.go:45.61,47.4 1 0
backend_server/internal/web/validation_handlers.go:51.2,52.20 2 0
backend_server/internal/web/validation_handlers.go:52.20,53.68 1 0
backend_server/internal/web/validation_handlers.go:53.68,55.4 1 0
backend_server/internal/web/validation_handlers.go:58.2,59.16 2 0
backend_server/internal/web/validation_handlers.go:59.16,61.49 1 0
backend_server/internal/web/validation_handlers.go:61.49,71.4 4 0
backend_server/internal/web/validation_handlers.go:74.3,82.9 5 0
backend_server/internal/web/validation_handlers.go:85.2,93.37 3 0
backend_server/internal/web/validation_handlers.go:97.90,99.61 2 0
backend_server/internal/web/validation_handlers.go:99.61,109.3 5 0
backend_server/internal/web/validation_handlers.go:112.2,112.20 1 0
backend_server/internal/web/validation_handlers.go:112.20,122.3 5 0
backend_server/internal/web/validation_handlers.go:124.2,125.16 2 0
backend_server/internal/web/validation_handlers.go:125.16,135.3 5 0
backend_server/internal/web/validation_handlers.go:137.2,146.37 4 0
backend_server/internal/web/validation_handlers.go:150.88,154.18 3 0
backend_server/internal/web/validation_handlers.go:154.18,164.3 5 0
backend_server/internal/web/validation_handlers.go:166.2,167.16 2 0
backend_server/internal/web/validation_handlers.go:167.16,177.3 5 0
backend_server/internal/web/validation_handlers.go:179.2,179.17 1 0
backend_server/internal/web/validation_handlers.go:179.17,189.3 5 0
backend_server/internal/web/validation_handlers.go:191.2,198.37 3 0
backend_server/internal/web/validation_handlers.go:202.92,206.18 3 0
backend_server/internal/web/validation_handlers.go:206.18,216.3 5 0
backend_server/internal/web/validation_handlers.go:219.2,220.16 2 0
backend_server/internal/web/validation_handlers.go:220.16,230.3 5 0
backend_server/internal/web/validation_handlers.go:233.2,234.16 2 0
backend_server/internal/web/validation_handlers.go:234.16,244.3 5 0
backend_server/internal/web/validation_handlers.go:246.2,258.37 4 0
backend_server/internal/web/validation_handlers.go:262.103,271.27 4 0
backend_server/internal/web/validation_handlers.go:271.27,276.3 4 0
backend_server/internal/web/validation_handlers.go:276.8,280.3 2 0
backend_server/internal/web/validation_handlers.go:283.2,283.95 1 0
backend_server/internal/web/validation_handlers.go:283.95,285.3 1 0
backend_server/internal/web/middleware/auth.go:49.95,50.21 1 0
backend_server/internal/web/middleware/auth.go:50.21,52.3 1 0
backend_server/internal/web/middleware/auth.go:54.2,57.8 1 0
backend_server/internal/web/middleware/auth.go:61.112,77.2 3 0
backend_server/internal/web/middleware/auth.go:80.82,81.108 1 0
backend_server/internal/web/middleware/auth.go:81.108,82.58 1 0
backend_server/internal/web/middleware/auth.go:82.58,84.4 1 0
backend_server/internal/web/middleware/auth.go:85.3,85.27 1 0
backend_server/internal/web/middleware/auth.go:88.2,88.16 1 0
backend_server/internal/web/middleware/auth.go:88.16,90.3 1 0
backend_server/internal/web/middleware/auth.go:92.2,92.65 1 0
backend_server/internal/web/middleware/auth.go:92.65,94.37 1 0
backend_server/internal/web/middleware/auth.go:94.37,96.4 1 0
backend_server/internal/web/middleware/auth.go:97.3,97.21 1 0
backend_server/internal/web/middleware/auth.go:100.2,100.41 1 0
backend_server/internal/web/middleware/auth.go:104.65,111.53 3 0
backend_server/internal/web/middleware/auth.go:111.53,123.3 5 0
backend_server/internal/web/middleware/auth.go:127.67,132.50 4 0
backend_server/internal/web/middleware/auth.go:132.50,136.3 3 0
backend_server/internal/web/middleware/auth.go:138.2,138.18 1 0
backend_server/internal/web/middleware/auth.go:142.71,143.71 1 0
backend_server/internal/web/middleware/auth.go:143.71,146.23 2 0
backend_server/internal/web/middleware/auth.go:146.23,149.4 2 0
backend_server/internal/web/middleware/auth.go:152.3,153.46 2 0
backend_server/internal/web/middleware/auth.go:153.46,156.4 2 0
backend_server/internal/web/middleware/auth.go:158.3,162.17 3 0
backend_server/internal/web/middleware/auth.go:162.17,165.4 2 0
backend_server/internal/web/middleware/auth.go:168.3,177.40 3 0
backend_server/internal/web/middleware/auth.go:182.84,183.46 1 0
backend_server/internal/web/middleware/auth.go:183.46,184.72 1 0
backend_server/internal/web/middleware/auth.go:184.72,186.22 2 0
backend_server/internal/web/middleware/auth.go:186.22,189.5 2 0
backend_server/internal/web/middleware/auth.go:191.4,191.55 1 0
backend_server/internal/web/middleware/auth.go:191.55,194.5 2 0
backend_server/internal/web/middleware/auth.go:196.4,196.24 1 0
backend_server/internal/web/middleware/auth.go:202.72,203.71 1 0
backend_server/internal/web/middleware/auth.go:203.71,206.23 2 0
backend_server/internal/web/middleware/auth.go:206.23,209.47 2 0
backend_server/internal/web/middleware/auth.go:209.47,213.65 2 0
backend_server/internal/web/middleware/auth.go:213.65,225.6 3 0
backend_server/internal/web/middleware/auth.go:229.3,229.23 1 0
backend_server/internal/web/middleware/auth.go:234.51,235.66 1 0
backend_server/internal/web/middleware/auth.go:235.66,236.44 1 0
backend_server/internal/web/middleware/auth.go:236.44,238.4 1 0
backend_server/internal/web/middleware/auth.go:240.2,240.12 1 0
backend_server/internal/web/middleware/middleware.go:17.56,18.71 1 0
backend_server/internal/web/middleware/middleware.go:18.71,38.3 5 0
backend_server/internal/web/middleware/middleware.go:42.58,43.71 1 0
backend_server/internal/web/middleware/middleware.go:43.71,53.3 4 0
backend_server/internal/web/middleware/middleware.go:57.57,58.71 1 0
backend_server/internal/web/middleware/middleware.go:58.71,59.16 1 0
backend_server/internal/web/middleware/middleware.go:59.16,60.36 1 0
backend_server/internal/web/middleware/middleware.go:60.36,64.5 2 0
backend_server/internal/web/middleware/middleware.go:67.3,67.23 1 0
backend_server/internal/web/middleware/middleware.go:72.81,77.46 2 0
backend_server/internal/web/middleware/middleware.go:77.46,78.72 1 0
backend_server/internal/web/middleware/middleware.go:78.72,83.53 3 0
backend_server/internal/web/middleware/middleware.go:83.53,85.38 2 0
backend_server/internal/web/middleware/middleware.go:85.38,86.40 1 0
backend_server/internal/web/middleware/middleware.go:86.40,88.7 1 0
backend_server/internal/web/middleware/middleware.go:90.5,90.38 1 0
backend_server/internal/web/middleware/middleware.go:94.4,94.51 1 0
backend_server/internal/web/middleware/middleware.go:94.51,97.5 2 0
backend_server/internal/web/middleware/middleware.go:100.4,102.24 2 0
backend_server/internal/web/middleware/middleware.go:108.53,109.71 1 0
backend_server/internal/web/middleware/middleware.go:109.71,126.48 4 0
backend_server/internal/web/middleware/middleware.go:126.48,127.31 1 0
backend_server/internal/web/middleware/middleware.go:127.31,130.10 3 0
backend_server/internal/web/middleware/middleware.go:135.3,135.17 1 0
backend_server/internal/web/middleware/middleware.go:135.17,137.4 1 0
backend_server/internal/web/middleware/middleware.go:139.3,145.28 6 0
backend_server/internal/web/middleware/middleware.go:145.28,148.4 2 0
backend_server/internal/web/middleware/middleware.go:150.3,150.23 1 0
backend_server/internal/web/middleware/middleware.go:155.79,156.46 1 0
backend_server/internal/web/middleware/middleware.go:156.46,157.72 1 0
backend_server/internal/web/middleware/middleware.go:157.72,163.4 4 0
backend_server/internal/web/middleware/middleware.go:168.64,169.71 1 0
backend_server/internal/web/middleware/middleware.go:169.71,177.3 6 0
backend_server/internal/web/middleware/middleware.go:181.61,182.71 1 0
backend_server/internal/web/middleware/middleware.go:182.71,183.69 1 0
backend_server/internal/web/middleware/middleware.go:183.69,185.41 2 0
backend_server/internal/web/middleware/middleware.go:185.41,188.5 2 0
backend_server/internal/web/middleware/middleware.go:191.3,191.23 1 0
backend_server/internal/web/middleware/middleware.go:203.49,206.2 2 0
backend_server/internal/web/middleware/middleware.go:209.42,211.55 1 0
backend_server/internal/web/middleware/middleware.go:211.55,213.3 1 0
backend_server/internal/web/middleware/middleware.go:216.2,216.49 1 0
backend_server/internal/web/middleware/middleware.go:216.49,218.3 1 0
backend_server/internal/web/middleware/middleware.go:221.2,221.21 1 0
backend_server/internal/web/middleware/middleware.go:225.43,226.68 1 0
backend_server/internal/web/middleware/middleware.go:226.68,227.39 1 0
backend_server/internal/web/middleware/middleware.go:227.39,229.4 1 0
backend_server/internal/web/middleware/middleware.go:231.2,231.11 1 0
backend_server/internal/web/middleware/middleware.go:235.72,239.2 3 0
backend_server/pkg/sse/sse_manager.go:39.34,44.2 1 0
backend_server/pkg/sse/sse_manager.go:47.52,52.2 3 0
backend_server/pkg/sse/sse_manager.go:55.53,59.52 3 0
backend_server/pkg/sse/sse_manager.go:59.52,61.37 1 0
backend_server/pkg/sse/sse_manager.go:61.37,63.4 1 0
backend_server/pkg/sse/sse_manager.go:66.3,69.31 2 0
backend_server/pkg/sse/sse_manager.go:74.79,79.13 4 0
backend_server/pkg/sse/sse_manager.go:79.13,81.3 1 0
backend_server/pkg/sse/sse_manager.go:83.2,83.9 1 0
backend_server/pkg/sse/sse_manager.go:84.33,85.13 1 0
backend_server/pkg/sse/sse_manager.go:86.37,87.70 1 0
backend_server/pkg/sse/sse_manager.go:92.72,95.13 3 0
backend_server/pkg/sse/sse_manager.go:95.13,98.3 2 0
backend_server/pkg/sse/sse_manager.go:101.2,105.41 4 0
backend_server/pkg/sse/sse_manager.go:105.41,107.3 1 0
backend_server/pkg/sse/sse_manager.go:111.58,114.35 3 0
backend_server/pkg/sse/sse_manager.go:114.35,116.3 1 0
backend_server/pkg/sse/sse_manager.go:117.2,119.37 2 0
backend_server/pkg/sse/sse_manager.go:119.37,121.3 1 0
backend_server/pkg/sse/sse_manager.go:125.61,130.13 4 0
backend_server/pkg/sse/sse_manager.go:130.13,132.3 1 0
backend_server/pkg/sse/sse_manager.go:135.2,135.42 1 0
backend_server/pkg/sse/sse_manager.go:135.42,137.3 1 0
backend_server/pkg/sse/sse_manager.go:140.2,140.36 1 0
backend_server/pkg/sse/sse_manager.go:140.36,141.21 1 0
backend_server/pkg/sse/sse_manager.go:141.21,143.4 1 0
backend_server/pkg/sse/sse_manager.go:146.2,149.12 3 0
backend_server/pkg/sse/sse_manager.go:153.62,158.13 4 0
backend_server/pkg/sse/sse_manager.go:158.13,160.3 1 0
backend_server/pkg/sse/sse_manager.go:163.2,166.33 2 0
backend_server/pkg/sse/sse_manager.go:166.33,167.16 1 0
backend_server/pkg/sse/sse_manager.go:167.16,169.9 2 0
backend_server/pkg/sse/sse_manager.go:173.2,173.12 1 0
backend_server/pkg/sse/sse_manager.go:177.67,178.49 1 0
backend_server/pkg/sse/sse_manager.go:178.49,179.32 1 0
backend_server/pkg/sse/sse_manager.go:179.32,180.22 1 0
backend_server/pkg/sse/sse_manager.go:180.22,182.10 2 0
backend_server/pkg/sse/sse_manager.go:187.3,187.31 1 0
backend_server/pkg/sse/sse_manager.go:187.31,189.4 1 0
backend_server/pkg/sse/sse_manager.go:194.44,198.2 3 0
backend_server/pkg/sse/sse_manager.go:201.42,205.2 3 0
backend_server/pkg/sse/sse_manager.go:208.62,212.49 3 0
backend_server/pkg/sse/sse_manager.go:212.49,216.3 3 0
backend_server/pkg/sse/sse_manager.go:218.2,218.19 1 0
backend_server/pkg/sse/sse_manager.go:222.45,229.43 5 0
backend_server/pkg/sse/sse_manager.go:229.43,230.45 1 0
backend_server/pkg/sse/sse_manager.go:230.45,232.4 1 0
backend_server/pkg/sse/sse_manager.go:236.2,236.40 1 0
backend_server/pkg/sse/sse_manager.go:236.40,237.53 1 0
backend_server/pkg/sse/sse_manager.go:237.53,239.38 1 0
backend_server/pkg/sse/sse_manager.go:239.38,241.5 1 0
backend_server/pkg/sse/sse_manager.go:244.4,247.32 2 0
backend_server/pkg/sse/sse_manager.go:253.31,258.36 3 0
backend_server/pkg/sse/sse_manager.go:258.36,260.3 1 0
backend_server/pkg/sse/sse_manager.go:263.2,264.38 2 0
backend_server/pkg/sse/sse_manager.go:268.72,269.54 1 0
backend_server/pkg/sse/sse_manager.go:269.54,300.3 11 0
backend_server/pkg/sse/sse_manager.go:304.58,308.6 3 0
backend_server/pkg/sse/sse_manager.go:308.6,309.10 1 0
backend_server/pkg/sse/sse_manager.go:310.36,317.68 3 0
backend_server/pkg/sse/sse_manager.go:317.68,319.5 1 0
backend_server/pkg/sse/sse_manager.go:321.4,321.55 1 0
backend_server/pkg/sse/sse_manager.go:321.55,323.5 1 0
backend_server/pkg/sse/sse_manager.go:325.19,328.63 2 0
backend_server/pkg/sse/sse_manager.go:328.63,330.5 1 0
backend_server/pkg/sse/sse_manager.go:332.4,332.55 1 0
backend_server/pkg/sse/sse_manager.go:332.55,334.5 1 0
backend_server/pkg/sse/sse_manager.go:336.4,336.32 1 0
backend_server/pkg/sse/sse_manager.go:338.42,339.10 1 0
backend_server/pkg/sse/sse_manager.go:345.72,351.2 1 0
backend_server/pkg/cloudflare/dns_manager.go:49.49,57.2 1 0
backend_server/pkg/cloudflare/dns_manager.go:60.50,64.16 3 0
backend_server/pkg/cloudflare/dns_manager.go:64.16,66.3 1 0
backend_server/pkg/cloudflare/dns_manager.go:68.2,69.51 2 0
backend_server/pkg/cloudflare/dns_manager.go:69.51,70.31 1 0
backend_server/pkg/cloudflare/dns_manager.go:70.31,71.57 1 0
backend_server/pkg/cloudflare/dns_manager.go:71.57,78.5 2 0
backend_server/pkg/cloudflare/dns_manager.go:82.2,82.19 1 0
backend_server/pkg/cloudflare/dns_manager.go:86.69,88.16 2 0
backend_server/pkg/cloudflare/dns_manager.go:88.16,90.3 1 0
backend_server/pkg/cloudflare/dns_manager.go:92.2,92.29 1 0
backend_server/pkg/cloudflare/dns_manager.go:92.29,93.28 1 0
backend_server/pkg/cloudflare/dns_manager.go:93.28,95.4 1 0
backend_server/pkg/cloudflare/dns_manager.go:98.2,98.55 1 0
backend_server/pkg/cloudflare/dns_manager.go:102.73,106.16 3 0
backend_server/pkg/cloudflare/dns_manager.go:106.16,108.3 1 0
backend_server/pkg/cloudflare/dns_manager.go:110.2,111.51 2 0
backend_server/pkg/cloudflare/dns_manager.go:111.51,112.31 1 0
backend_server/pkg/cloudflare/dns_manager.go:112.31,113.59 1 0
backend_server/pkg/cloudflare/dns_manager.go:113.59,124.78 2 0
backend_server/pkg/cloudflare/dns_manager.go:124.78,126.6 1 0
backend_server/pkg/cloudflare/dns_manager.go:128.5,128.38 1 0
backend_server/pkg/cloudflare/dns_manager.go:133.2,133.21 1 0
backend_server/pkg/cloudflare/dns_manager.go:137.95,139.16 2 0
backend_server/pkg/cloudflare/dns_manager.go:139.16,141.3 1 0
backend_server/pkg/cloudflare/dns_manager.go:143.2,143.33 1 0
backend_server/pkg/cloudflare/dns_manager.go:143.33,144.61 1 0
backend_server/pkg/cloudflare/dns_manager.go:144.61,146.4 1 0
backend_server/pkg/cloudflare/dns_manager.go:149.2,149.80 1 0
backend_server/pkg/cloudflare/dns_manager.go:153.92,157.16 3 0
backend_server/pkg/cloudflare/dns_manager.go:157.16,159.3 1 0
backend_server/pkg/cloudflare/dns_manager.go:161.2,161.64 1 0
backend_server/pkg/cloudflare/dns_manager.go:161.64,172.76 2 0
backend_server/pkg/cloudflare/dns_manager.go:172.76,174.4 1 0
backend_server/pkg/cloudflare/dns_manager.go:176.3,176.29 1 0
backend_server/pkg/cloudflare/dns_manager.go:179.2,179.67 1 0
backend_server/pkg/cloudflare/dns_manager.go:183.102,187.16 3 0
backend_server/pkg/cloudflare/dns_manager.go:187.16,189.3 1 0
backend_server/pkg/cloudflare/dns_manager.go:191.2,191.64 1 0
backend_server/pkg/cloudflare/dns_manager.go:191.64,202.76 2 0
backend_server/pkg/cloudflare/dns_manager.go:202.76,204.4 1 0
backend_server/pkg/cloudflare/dns_manager.go:206.3,206.29 1 0
backend_server/pkg/cloudflare/dns_manager.go:209.2,209.67 1 0
backend_server/pkg/cloudflare/dns_manager.go:213.70,218.2 3 0
backend_server/pkg/cloudflare/dns_manager.go:221.100,224.16 2 0
backend_server/pkg/cloudflare/dns_manager.go:224.16,227.3 1 0
backend_server/pkg/cloudflare/dns_manager.go:230.2,230.62 1 0
backend_server/pkg/cloudflare/dns_manager.go:234.74,237.16 2 0
backend_server/pkg/cloudflare/dns_manager.go:237.16,239.3 1 0
backend_server/pkg/cloudflare/dns_manager.go:242.2,243.16 2 0
backend_server/pkg/cloudflare/dns_manager.go:243.16,245.3 1 0
backend_server/pkg/cloudflare/dns_manager.go:248.2,257.16 3 0
backend_server/pkg/cloudflare/dns_manager.go:257.16,259.3 1 0
backend_server/pkg/cloudflare/dns_manager.go:261.2,261.12 1 0
backend_server/pkg/cloudflare/dns_manager.go:265.60,267.16 2 0
backend_server/pkg/cloudflare/dns_manager.go:267.16,269.3 1 0
backend_server/pkg/cloudflare/dns_manager.go:270.2,273.16 3 0
backend_server/pkg/cloudflare/dns_manager.go:273.16,275.3 1 0
backend_server/pkg/cloudflare/dns_manager.go:277.2,277.26 1 0
backend_server/pkg/cloudflare/dns_manager.go:281.102,284.17 2 0
backend_server/pkg/cloudflare/dns_manager.go:284.17,286.17 2 0
backend_server/pkg/cloudflare/dns_manager.go:286.17,288.4 1 0
backend_server/pkg/cloudflare/dns_manager.go:289.3,289.35 1 0
backend_server/pkg/cloudflare/dns_manager.go:292.2,293.16 2 0
backend_server/pkg/cloudflare/dns_manager.go:293.16,295.3 1 0
backend_server/pkg/cloudflare/dns_manager.go:297.2,301.16 4 0
backend_server/pkg/cloudflare/dns_manager.go:301.16,303.3 1 0
backend_server/pkg/cloudflare/dns_manager.go:304.2,307.16 3 0
backend_server/pkg/cloudflare/dns_manager.go:307.16,309.3 1 0
backend_server/pkg/cloudflare/dns_manager.go:311.2,312.62 2 0
backend_server/pkg/cloudflare/dns_manager.go:312.62,314.3 1 0
backend_server/pkg/cloudflare/dns_manager.go:316.2,316.21 1 0
backend_server/pkg/cloudflare/dns_manager.go:316.21,318.3 1 0
backend_server/pkg/cloudflare/dns_manager.go:320.2,320.21 1 0
backend_server/tests/phase7_integration_testing.go:22.46,23.75 1 0
backend_server/tests/phase7_integration_testing.go:23.75,35.3 8 0
backend_server/tests/phase7_integration_testing.go:37.2,37.74 1 0
backend_server/tests/phase7_integration_testing.go:37.74,55.3 13 0
backend_server/tests/phase7_integration_testing.go:57.2,57.50 1 0
backend_server/tests/phase7_integration_testing.go:57.50,65.3 5 0
backend_server/tests/phase7_integration_testing.go:67.2,67.53 1 0
backend_server/tests/phase7_integration_testing.go:67.53,80.3 7 0
backend_server/tests/phase7_integration_testing.go:83.42,84.66 1 0
backend_server/tests/phase7_integration_testing.go:84.66,99.3 12 0
backend_server/tests/phase7_integration_testing.go:101.2,101.73 1 0
backend_server/tests/phase7_integration_testing.go:101.73,115.3 11 0
backend_server/tests/phase7_integration_testing.go:117.2,117.78 1 0
backend_server/tests/phase7_integration_testing.go:117.78,131.3 11 0
backend_server/tests/phase7_integration_testing.go:134.41,135.68 1 0
backend_server/tests/phase7_integration_testing.go:135.68,148.3 6 0
backend_server/tests/phase7_integration_testing.go:150.2,150.78 1 0
backend_server/tests/phase7_integration_testing.go:150.78,162.3 9 0
backend_server/tests/phase7_integration_testing.go:164.2,164.65 1 0
backend_server/tests/phase7_integration_testing.go:164.65,174.32 7 0
backend_server/tests/phase7_integration_testing.go:174.32,176.4 1 0
backend_server/tests/phase7_integration_testing.go:178.3,180.52 3 0
backend_server/tests/phase7_integration_testing.go:183.2,183.70 1 0
backend_server/tests/phase7_integration_testing.go:183.70,195.3 7 0
backend_server/tests/phase7_integration_testing.go:200.49,201.53 1 0
backend_server/tests/phase7_integration_testing.go:201.53,297.3 37 0
backend_server/tests/phase7_integration_testing.go:300.47,301.58 1 0
backend_server/tests/phase7_integration_testing.go:301.58,344.3 16 0
backend_server/tests/phase7_integration_testing.go:349.41,350.50 1 0
backend_server/tests/phase7_integration_testing.go:350.50,466.3 54 0
