mode: atomic
nexus-backend/main.go:78.53,81.16 2 0
nexus-backend/main.go:81.16,83.3 1 0
nexus-backend/main.go:86.2,87.16 2 0
nexus-backend/main.go:87.16,89.3 1 0
nexus-backend/main.go:92.2,96.16 3 0
nexus-backend/main.go:96.16,98.3 1 0
nexus-backend/main.go:100.2,101.16 2 0
nexus-backend/main.go:101.16,103.3 1 0
nexus-backend/main.go:105.2,106.16 2 0
nexus-backend/main.go:106.16,108.3 1 0
nexus-backend/main.go:111.2,127.16 3 0
nexus-backend/main.go:127.16,129.3 1 0
nexus-backend/main.go:132.2,133.16 2 0
nexus-backend/main.go:133.16,135.3 1 0
nexus-backend/main.go:138.2,171.16 9 0
nexus-backend/main.go:171.16,173.3 1 0
nexus-backend/main.go:176.2,196.16 3 0
nexus-backend/main.go:196.16,200.3 2 0
nexus-backend/main.go:203.2,204.16 2 0
nexus-backend/main.go:204.16,206.3 1 0
nexus-backend/main.go:207.2,238.20 5 0
nexus-backend/main.go:242.32,252.16 5 0
nexus-backend/main.go:252.16,255.3 2 0
nexus-backend/main.go:258.2,258.27 1 0
nexus-backend/main.go:258.27,265.3 6 0
nexus-backend/main.go:268.2,268.25 1 0
nexus-backend/main.go:268.25,270.3 1 0
nexus-backend/main.go:273.2,273.25 1 0
nexus-backend/main.go:273.25,275.3 1 0
nexus-backend/main.go:278.2,278.29 1 0
nexus-backend/main.go:278.29,280.3 1 0
nexus-backend/main.go:283.2,283.26 1 0
nexus-backend/main.go:283.26,285.3 1 0
nexus-backend/main.go:288.2,288.25 1 0
nexus-backend/main.go:288.25,290.3 1 0
nexus-backend/main.go:293.2,293.25 1 0
nexus-backend/main.go:293.25,295.3 1 0
nexus-backend/main.go:298.2,298.31 1 0
nexus-backend/main.go:298.31,302.3 3 0
nexus-backend/main.go:305.2,305.31 1 0
nexus-backend/main.go:305.31,308.3 2 0
nexus-backend/main.go:311.2,311.25 1 0
nexus-backend/main.go:311.25,315.3 3 0
nexus-backend/main.go:318.2,318.29 1 0
nexus-backend/main.go:318.29,322.3 3 0
nexus-backend/main.go:325.2,325.33 1 0
nexus-backend/main.go:325.33,329.3 3 0
nexus-backend/main.go:332.2,332.34 1 0
nexus-backend/main.go:332.34,336.3 3 0
nexus-backend/main.go:339.2,339.37 1 0
nexus-backend/main.go:339.37,343.3 3 0
nexus-backend/main.go:346.2,346.43 1 0
nexus-backend/main.go:346.43,350.3 3 0
nexus-backend/main.go:353.2,353.31 1 0
nexus-backend/main.go:353.31,357.3 3 0
nexus-backend/main.go:359.2,359.51 1 0
nexus-backend/main.go:363.32,364.15 1 0
nexus-backend/main.go:364.15,366.3 1 0
nexus-backend/main.go:368.2,375.25 4 0
nexus-backend/main.go:375.25,376.51 1 0
nexus-backend/main.go:376.51,378.4 1 0
nexus-backend/main.go:379.3,379.37 1 0
nexus-backend/main.go:383.2,383.29 1 0
nexus-backend/main.go:383.29,384.55 1 0
nexus-backend/main.go:384.55,386.4 1 0
nexus-backend/main.go:387.3,387.41 1 0
nexus-backend/main.go:391.2,391.26 1 0
nexus-backend/main.go:391.26,392.47 1 0
nexus-backend/main.go:392.47,394.4 1 0
nexus-backend/main.go:395.3,395.38 1 0
nexus-backend/main.go:399.2,399.25 1 0
nexus-backend/main.go:399.25,400.46 1 0
nexus-backend/main.go:400.46,402.4 1 0
nexus-backend/main.go:403.3,403.37 1 0
nexus-backend/main.go:407.2,407.25 1 0
nexus-backend/main.go:407.26,409.3 0 0
nexus-backend/main.go:412.2,412.25 1 0
nexus-backend/main.go:412.25,413.46 1 0
nexus-backend/main.go:413.46,415.4 1 0
nexus-backend/main.go:416.3,416.37 1 0
nexus-backend/main.go:420.2,420.31 1 0
nexus-backend/main.go:420.31,421.52 1 0
nexus-backend/main.go:421.52,423.4 1 0
nexus-backend/main.go:424.3,424.43 1 0
nexus-backend/main.go:428.2,428.33 1 0
nexus-backend/main.go:428.33,429.54 1 0
nexus-backend/main.go:429.54,431.4 1 0
nexus-backend/main.go:432.3,432.46 1 0
nexus-backend/main.go:436.2,436.34 1 0
nexus-backend/main.go:436.34,437.55 1 0
nexus-backend/main.go:437.55,439.4 1 0
nexus-backend/main.go:440.3,440.47 1 0
nexus-backend/main.go:444.2,444.37 1 0
nexus-backend/main.go:444.37,445.58 1 0
nexus-backend/main.go:445.58,447.4 1 0
nexus-backend/main.go:448.3,448.50 1 0
nexus-backend/main.go:452.2,452.43 1 0
nexus-backend/main.go:452.43,453.64 1 0
nexus-backend/main.go:453.64,455.4 1 0
nexus-backend/main.go:456.3,456.56 1 0
nexus-backend/main.go:460.2,460.31 1 0
nexus-backend/main.go:460.31,461.52 1 0
nexus-backend/main.go:461.52,463.4 1 0
nexus-backend/main.go:464.3,464.44 1 0
nexus-backend/main.go:468.2,468.31 1 0
nexus-backend/main.go:468.31,469.52 1 0
nexus-backend/main.go:469.52,471.4 1 0
nexus-backend/main.go:472.3,472.43 1 0
nexus-backend/main.go:476.2,485.12 2 0
nexus-backend/main.go:485.12,487.86 2 0
nexus-backend/main.go:487.86,489.4 1 0
nexus-backend/main.go:492.2,494.12 3 0
nexus-backend/main.go:498.31,499.16 1 0
nexus-backend/main.go:499.16,501.3 1 0
nexus-backend/main.go:503.2,506.21 2 0
nexus-backend/main.go:506.21,508.3 1 0
nexus-backend/main.go:511.2,511.25 1 0
nexus-backend/main.go:511.25,514.52 3 0
nexus-backend/main.go:514.52,516.4 1 0
nexus-backend/main.go:520.2,520.31 1 0
nexus-backend/main.go:520.31,521.51 1 0
nexus-backend/main.go:521.51,523.4 1 0
nexus-backend/main.go:526.2,526.33 1 0
nexus-backend/main.go:526.33,527.53 1 0
nexus-backend/main.go:527.53,529.4 1 0
nexus-backend/main.go:532.2,532.34 1 0
nexus-backend/main.go:532.34,533.54 1 0
nexus-backend/main.go:533.54,535.4 1 0
nexus-backend/main.go:538.2,538.37 1 0
nexus-backend/main.go:538.37,539.57 1 0
nexus-backend/main.go:539.57,541.4 1 0
nexus-backend/main.go:544.2,544.43 1 0
nexus-backend/main.go:544.43,545.63 1 0
nexus-backend/main.go:545.63,547.4 1 0
nexus-backend/main.go:550.2,550.31 1 0
nexus-backend/main.go:550.31,551.51 1 0
nexus-backend/main.go:551.51,553.4 1 0
nexus-backend/main.go:556.2,556.25 1 0
nexus-backend/main.go:556.25,557.45 1 0
nexus-backend/main.go:557.45,559.4 1 0
nexus-backend/main.go:562.2,562.31 1 0
nexus-backend/main.go:562.31,563.51 1 0
nexus-backend/main.go:563.51,565.4 1 0
nexus-backend/main.go:568.2,568.25 1 0
nexus-backend/main.go:568.25,569.45 1 0
nexus-backend/main.go:569.45,571.4 1 0
nexus-backend/main.go:574.2,574.26 1 0
nexus-backend/main.go:574.26,575.46 1 0
nexus-backend/main.go:575.46,577.4 1 0
nexus-backend/main.go:581.2,584.29 3 0
nexus-backend/main.go:584.29,585.56 1 0
nexus-backend/main.go:585.56,587.4 1 0
nexus-backend/main.go:590.2,590.25 1 0
nexus-backend/main.go:590.25,591.52 1 0
nexus-backend/main.go:591.52,593.4 1 0
nexus-backend/main.go:596.2,596.25 1 0
nexus-backend/main.go:596.25,598.3 1 0
nexus-backend/main.go:601.2,601.17 1 0
nexus-backend/main.go:601.17,602.38 1 0
nexus-backend/main.go:602.38,604.4 1 0
nexus-backend/main.go:607.2,609.12 3 0
nexus-backend/main.go:613.71,636.2 4 0
nexus-backend/main.go:638.13,647.23 4 0
nexus-backend/main.go:647.23,649.3 1 0
nexus-backend/main.go:649.8,652.48 2 0
nexus-backend/main.go:652.48,654.4 1 0
nexus-backend/main.go:658.2,659.16 2 0
nexus-backend/main.go:659.16,661.3 1 0
nexus-backend/main.go:664.2,665.16 2 0
nexus-backend/main.go:665.16,667.3 1 0
nexus-backend/main.go:670.2,670.39 1 0
nexus-backend/main.go:670.39,672.3 1 0
nexus-backend/main.go:675.2,689.12 8 0
nexus-backend/main.go:689.12,691.3 1 0
nexus-backend/main.go:694.2,694.9 1 0
nexus-backend/main.go:695.33,696.17 1 0
nexus-backend/main.go:696.17,698.4 1 0
nexus-backend/main.go:698.9,700.4 1 0
nexus-backend/main.go:701.28,706.30 3 0
nexus-backend/internal/config/config.go:183.30,185.2 1 0
nexus-backend/internal/config/config.go:188.42,192.35 2 0
nexus-backend/internal/config/config.go:192.35,193.46 1 0
nexus-backend/internal/config/config.go:193.46,194.9 1 0
nexus-backend/internal/config/config.go:200.2,213.45 8 0
nexus-backend/internal/config/config.go:213.45,214.56 1 0
nexus-backend/internal/config/config.go:214.56,216.4 1 0
nexus-backend/internal/config/config.go:220.2,221.49 2 0
nexus-backend/internal/config/config.go:221.49,223.3 1 0
nexus-backend/internal/config/config.go:226.2,226.48 1 0
nexus-backend/internal/config/config.go:226.48,228.3 1 0
nexus-backend/internal/config/config.go:230.2,230.21 1 0
nexus-backend/internal/config/config.go:234.20,294.2 42 0
nexus-backend/internal/config/config.go:297.40,299.49 1 0
nexus-backend/internal/config/config.go:299.49,301.3 1 0
nexus-backend/internal/config/config.go:304.2,305.19 2 0
nexus-backend/internal/config/config.go:305.19,307.3 1 0
nexus-backend/internal/config/config.go:308.2,308.19 1 0
nexus-backend/internal/config/config.go:308.19,310.3 1 0
nexus-backend/internal/config/config.go:312.2,312.24 1 0
nexus-backend/internal/config/config.go:312.24,314.3 1 0
nexus-backend/internal/config/config.go:316.2,316.29 1 0
nexus-backend/internal/config/config.go:316.29,318.3 1 0
nexus-backend/internal/config/config.go:321.2,322.21 2 0
nexus-backend/internal/config/config.go:322.21,324.3 1 0
nexus-backend/internal/config/config.go:325.2,325.76 1 0
nexus-backend/internal/config/config.go:325.76,327.3 1 0
nexus-backend/internal/config/config.go:330.2,330.42 1 0
nexus-backend/internal/config/config.go:330.42,331.24 1 0
nexus-backend/internal/config/config.go:331.24,333.4 1 0
nexus-backend/internal/config/config.go:334.3,334.33 1 0
nexus-backend/internal/config/config.go:334.33,336.4 1 0
nexus-backend/internal/config/config.go:339.2,339.12 1 0
nexus-backend/internal/database/buntdb.go:39.53,41.51 1 0
nexus-backend/internal/database/buntdb.go:41.51,43.47 2 0
nexus-backend/internal/database/buntdb.go:43.47,45.4 1 0
nexus-backend/internal/database/buntdb.go:48.2,49.16 2 0
nexus-backend/internal/database/buntdb.go:49.16,51.3 1 0
nexus-backend/internal/database/buntdb.go:53.2,69.61 3 0
nexus-backend/internal/database/buntdb.go:69.61,72.3 2 0
nexus-backend/internal/database/buntdb.go:75.2,75.48 1 0
nexus-backend/internal/database/buntdb.go:75.48,79.3 3 0
nexus-backend/internal/database/buntdb.go:82.2,84.21 2 0
nexus-backend/internal/database/buntdb.go:88.48,89.48 1 0
nexus-backend/internal/database/buntdb.go:89.48,145.3 35 0
nexus-backend/internal/database/buntdb.go:149.45,151.2 1 0
nexus-backend/internal/database/buntdb.go:154.40,159.22 3 0
nexus-backend/internal/database/buntdb.go:159.22,161.3 1 0
nexus-backend/internal/database/buntdb.go:164.2,164.35 1 0
nexus-backend/internal/database/buntdb.go:164.35,165.50 1 0
nexus-backend/internal/database/buntdb.go:165.50,167.4 1 0
nexus-backend/internal/database/buntdb.go:171.2,171.18 1 0
nexus-backend/internal/database/buntdb.go:171.18,173.3 1 0
nexus-backend/internal/database/buntdb.go:175.2,175.12 1 0
nexus-backend/internal/database/buntdb.go:179.72,180.48 1 0
nexus-backend/internal/database/buntdb.go:180.48,182.17 2 0
nexus-backend/internal/database/buntdb.go:182.17,184.4 1 0
nexus-backend/internal/database/buntdb.go:185.3,186.13 2 0
nexus-backend/internal/database/buntdb.go:191.70,192.46 1 0
nexus-backend/internal/database/buntdb.go:192.46,194.17 2 0
nexus-backend/internal/database/buntdb.go:194.17,196.4 1 0
nexus-backend/internal/database/buntdb.go:197.3,197.45 1 0
nexus-backend/internal/database/buntdb.go:202.54,203.48 1 0
nexus-backend/internal/database/buntdb.go:203.48,206.3 2 0
nexus-backend/internal/database/buntdb.go:210.69,212.46 2 0
nexus-backend/internal/database/buntdb.go:212.46,213.58 1 0
nexus-backend/internal/database/buntdb.go:213.58,216.4 2 0
nexus-backend/internal/database/buntdb.go:218.2,218.18 1 0
nexus-backend/internal/database/buntdb.go:222.65,224.46 2 0
nexus-backend/internal/database/buntdb.go:224.46,225.58 1 0
nexus-backend/internal/database/buntdb.go:225.58,228.4 2 0
nexus-backend/internal/database/buntdb.go:230.2,230.19 1 0
nexus-backend/internal/database/buntdb.go:234.81,235.48 1 0
nexus-backend/internal/database/buntdb.go:235.48,239.3 3 0
nexus-backend/internal/database/buntdb.go:243.71,245.2 1 0
nexus-backend/internal/database/buntdb.go:248.75,250.2 1 0
nexus-backend/internal/database/buntdb.go:253.50,259.6 5 0
nexus-backend/internal/database/buntdb.go:259.6,260.10 1 0
nexus-backend/internal/database/buntdb.go:261.24,262.10 1 0
nexus-backend/internal/database/buntdb.go:263.25,264.27 1 0
nexus-backend/internal/database/buntdb.go:265.25,266.21 1 0
nexus-backend/internal/database/buntdb.go:266.21,267.51 1 0
nexus-backend/internal/database/buntdb.go:267.51,269.6 1 0
nexus-backend/internal/database/buntdb.go:276.47,281.46 3 0
nexus-backend/internal/database/buntdb.go:281.46,284.53 2 0
nexus-backend/internal/database/buntdb.go:284.53,287.4 2 0
nexus-backend/internal/database/buntdb.go:290.2,293.19 3 0
nexus-backend/internal/database/buntdb.go:293.19,295.3 1 0
nexus-backend/internal/database/buntdb.go:299.60,300.20 1 0
nexus-backend/internal/database/buntdb.go:300.20,302.3 1 0
nexus-backend/internal/database/buntdb.go:304.2,309.16 4 0
nexus-backend/internal/database/buntdb.go:309.16,311.3 1 0
nexus-backend/internal/database/buntdb.go:312.2,315.45 2 0
nexus-backend/internal/database/buntdb.go:315.45,318.17 2 0
nexus-backend/internal/database/buntdb.go:318.17,320.4 1 0
nexus-backend/internal/database/buntdb.go:321.3,324.53 2 0
nexus-backend/internal/database/buntdb.go:324.53,325.54 1 0
nexus-backend/internal/database/buntdb.go:325.54,328.5 2 0
nexus-backend/internal/database/buntdb.go:330.3,330.17 1 0
nexus-backend/internal/database/buntdb.go:330.17,332.4 1 0
nexus-backend/internal/database/buntdb.go:335.3,335.33 1 0
nexus-backend/internal/database/buntdb.go:338.2,338.16 1 0
nexus-backend/internal/database/buntdb.go:338.16,341.3 2 0
nexus-backend/internal/database/buntdb.go:343.2,348.12 3 0
nexus-backend/internal/database/buntdb.go:352.46,354.16 2 0
nexus-backend/internal/database/buntdb.go:354.16,357.3 2 0
nexus-backend/internal/database/buntdb.go:359.2,359.33 1 0
nexus-backend/internal/database/buntdb.go:359.33,361.3 1 0
nexus-backend/internal/database/buntdb.go:364.2,370.29 3 0
nexus-backend/internal/database/buntdb.go:370.29,371.45 1 0
nexus-backend/internal/database/buntdb.go:371.45,376.4 1 0
nexus-backend/internal/database/buntdb.go:380.2,380.40 1 0
nexus-backend/internal/database/buntdb.go:380.40,381.43 1 0
nexus-backend/internal/database/buntdb.go:381.43,382.56 1 0
nexus-backend/internal/database/buntdb.go:382.56,384.5 1 0
nexus-backend/internal/database/buntdb.go:389.2,390.32 2 0
nexus-backend/internal/database/buntdb.go:390.32,391.54 1 0
nexus-backend/internal/database/buntdb.go:391.54,393.4 1 0
nexus-backend/internal/database/buntdb.go:393.9,395.4 1 0
nexus-backend/internal/database/buntdb.go:400.46,402.49 1 0
nexus-backend/internal/database/buntdb.go:402.49,404.3 1 0
nexus-backend/internal/database/buntdb.go:407.2,408.16 2 0
nexus-backend/internal/database/buntdb.go:408.16,410.3 1 0
nexus-backend/internal/database/buntdb.go:411.2,415.16 3 0
nexus-backend/internal/database/buntdb.go:415.16,417.3 1 0
nexus-backend/internal/database/buntdb.go:419.2,419.42 1 0
nexus-backend/internal/database/buntdb.go:419.42,421.3 1 0
nexus-backend/internal/database/buntdb.go:424.2,425.16 2 0
nexus-backend/internal/database/buntdb.go:425.16,427.3 1 0
nexus-backend/internal/database/buntdb.go:428.2,430.12 2 0
nexus-backend/internal/database/buntdb.go:434.41,442.37 5 0
nexus-backend/internal/database/buntdb.go:442.37,445.64 2 0
nexus-backend/internal/database/buntdb.go:445.64,447.4 1 0
nexus-backend/internal/database/buntdb.go:448.3,448.13 1 0
nexus-backend/internal/database/buntdb.go:452.2,455.33 3 0
nexus-backend/internal/database/buntdb.go:455.33,456.47 1 0
nexus-backend/internal/database/buntdb.go:456.47,457.40 1 0
nexus-backend/internal/database/buntdb.go:457.40,460.5 2 0
nexus-backend/internal/database/buntdb.go:464.2,464.24 1 0
nexus-backend/internal/database/buntdb.go:464.24,466.3 1 0
nexus-backend/internal/database/buntdb.go:468.2,472.16 3 0
nexus-backend/internal/database/buntdb.go:472.16,474.3 1 0
nexus-backend/internal/database/buntdb.go:475.2,478.16 3 0
nexus-backend/internal/database/buntdb.go:478.16,480.3 1 0
nexus-backend/internal/database/buntdb.go:481.2,483.45 2 0
nexus-backend/internal/database/buntdb.go:483.45,485.3 1 0
nexus-backend/internal/database/buntdb.go:487.2,488.12 2 0
nexus-backend/cmd/nexus-server/main.go:59.53,62.16 2 0
nexus-backend/cmd/nexus-server/main.go:62.16,64.3 1 0
nexus-backend/cmd/nexus-server/main.go:67.2,68.16 2 0
nexus-backend/cmd/nexus-server/main.go:68.16,70.3 1 0
nexus-backend/cmd/nexus-server/main.go:73.2,77.16 3 0
nexus-backend/cmd/nexus-server/main.go:77.16,79.3 1 0
nexus-backend/cmd/nexus-server/main.go:81.2,82.16 2 0
nexus-backend/cmd/nexus-server/main.go:82.16,84.3 1 0
nexus-backend/cmd/nexus-server/main.go:88.2,89.16 2 0
nexus-backend/cmd/nexus-server/main.go:89.16,91.3 1 0
nexus-backend/cmd/nexus-server/main.go:94.2,108.16 3 0
nexus-backend/cmd/nexus-server/main.go:108.16,110.3 1 0
nexus-backend/cmd/nexus-server/main.go:112.2,129.20 3 0
nexus-backend/cmd/nexus-server/main.go:133.32,146.16 6 0
nexus-backend/cmd/nexus-server/main.go:146.16,149.3 1 0
nexus-backend/cmd/nexus-server/main.go:152.2,152.27 1 0
nexus-backend/cmd/nexus-server/main.go:152.27,159.3 6 0
nexus-backend/cmd/nexus-server/main.go:162.2,162.50 1 0
nexus-backend/cmd/nexus-server/main.go:162.50,164.3 1 0
nexus-backend/cmd/nexus-server/main.go:166.2,166.54 1 0
nexus-backend/cmd/nexus-server/main.go:166.54,168.3 1 0
nexus-backend/cmd/nexus-server/main.go:170.2,170.26 1 0
nexus-backend/cmd/nexus-server/main.go:170.26,172.3 1 0
nexus-backend/cmd/nexus-server/main.go:174.2,174.50 1 0
nexus-backend/cmd/nexus-server/main.go:174.50,176.3 1 0
nexus-backend/cmd/nexus-server/main.go:178.2,178.50 1 0
nexus-backend/cmd/nexus-server/main.go:178.50,180.3 1 0
nexus-backend/cmd/nexus-server/main.go:182.2,182.25 1 0
nexus-backend/cmd/nexus-server/main.go:182.25,184.3 1 0
nexus-backend/cmd/nexus-server/main.go:188.65,189.71 1 0
nexus-backend/cmd/nexus-server/main.go:189.71,194.28 4 0
nexus-backend/cmd/nexus-server/main.go:194.28,197.4 2 0
nexus-backend/cmd/nexus-server/main.go:199.3,199.23 1 0
nexus-backend/cmd/nexus-server/main.go:204.71,221.2 3 0
nexus-backend/cmd/nexus-server/main.go:224.72,232.2 3 0
nexus-backend/cmd/nexus-server/main.go:235.32,241.25 3 0
nexus-backend/cmd/nexus-server/main.go:241.25,242.49 1 0
nexus-backend/cmd/nexus-server/main.go:242.49,244.4 1 0
nexus-backend/cmd/nexus-server/main.go:245.3,245.37 1 0
nexus-backend/cmd/nexus-server/main.go:248.2,248.29 1 0
nexus-backend/cmd/nexus-server/main.go:248.29,249.53 1 0
nexus-backend/cmd/nexus-server/main.go:249.53,251.4 1 0
nexus-backend/cmd/nexus-server/main.go:252.3,252.41 1 0
nexus-backend/cmd/nexus-server/main.go:255.2,255.26 1 0
nexus-backend/cmd/nexus-server/main.go:255.26,256.47 1 0
nexus-backend/cmd/nexus-server/main.go:256.47,258.4 1 0
nexus-backend/cmd/nexus-server/main.go:259.3,259.38 1 0
nexus-backend/cmd/nexus-server/main.go:262.2,262.25 1 0
nexus-backend/cmd/nexus-server/main.go:262.26,264.3 0 0
nexus-backend/cmd/nexus-server/main.go:266.2,266.25 1 0
nexus-backend/cmd/nexus-server/main.go:266.26,268.3 0 0
nexus-backend/cmd/nexus-server/main.go:270.2,270.25 1 0
nexus-backend/cmd/nexus-server/main.go:270.25,271.46 1 0
nexus-backend/cmd/nexus-server/main.go:271.46,273.4 1 0
nexus-backend/cmd/nexus-server/main.go:274.3,274.37 1 0
nexus-backend/cmd/nexus-server/main.go:278.2,287.12 2 0
nexus-backend/cmd/nexus-server/main.go:287.12,289.86 2 0
nexus-backend/cmd/nexus-server/main.go:289.86,291.4 1 0
nexus-backend/cmd/nexus-server/main.go:294.2,296.12 3 0
nexus-backend/cmd/nexus-server/main.go:300.31,310.25 5 0
nexus-backend/cmd/nexus-server/main.go:310.25,311.52 1 0
nexus-backend/cmd/nexus-server/main.go:311.52,313.4 1 0
nexus-backend/cmd/nexus-server/main.go:317.2,317.26 1 0
nexus-backend/cmd/nexus-server/main.go:317.26,318.46 1 0
nexus-backend/cmd/nexus-server/main.go:318.46,320.4 1 0
nexus-backend/cmd/nexus-server/main.go:323.2,323.25 1 0
nexus-backend/cmd/nexus-server/main.go:323.26,325.3 0 0
nexus-backend/cmd/nexus-server/main.go:327.2,327.25 1 0
nexus-backend/cmd/nexus-server/main.go:327.26,329.3 0 0
nexus-backend/cmd/nexus-server/main.go:331.2,331.29 1 0
nexus-backend/cmd/nexus-server/main.go:331.29,332.52 1 0
nexus-backend/cmd/nexus-server/main.go:332.52,334.4 1 0
nexus-backend/cmd/nexus-server/main.go:337.2,337.25 1 0
nexus-backend/cmd/nexus-server/main.go:337.25,338.48 1 0
nexus-backend/cmd/nexus-server/main.go:338.48,340.4 1 0
nexus-backend/cmd/nexus-server/main.go:343.2,343.25 1 0
nexus-backend/cmd/nexus-server/main.go:343.25,344.45 1 0
nexus-backend/cmd/nexus-server/main.go:344.45,346.4 1 0
nexus-backend/cmd/nexus-server/main.go:350.2,350.17 1 0
nexus-backend/cmd/nexus-server/main.go:350.17,351.38 1 0
nexus-backend/cmd/nexus-server/main.go:351.38,353.4 1 0
nexus-backend/cmd/nexus-server/main.go:356.2,357.12 2 0
nexus-backend/cmd/nexus-server/main.go:360.13,369.23 4 0
nexus-backend/cmd/nexus-server/main.go:369.23,371.3 1 0
nexus-backend/cmd/nexus-server/main.go:374.2,375.16 2 0
nexus-backend/cmd/nexus-server/main.go:375.16,377.3 1 0
nexus-backend/cmd/nexus-server/main.go:380.2,381.16 2 0
nexus-backend/cmd/nexus-server/main.go:381.16,383.3 1 0
nexus-backend/cmd/nexus-server/main.go:386.2,386.39 1 0
nexus-backend/cmd/nexus-server/main.go:386.39,388.3 1 0
nexus-backend/cmd/nexus-server/main.go:391.2,396.38 5 0
nexus-backend/cmd/nexus-server/main.go:396.38,398.3 1 0
nexus-backend/cmd/nexus-server/main.go:399.2,399.31 1 0
nexus-backend/internal/inference/monitor-cerebras/main.go:26.48,53.2 14 0
nexus-backend/internal/inference/monitor-cerebras/main.go:56.42,66.16 5 0
nexus-backend/internal/inference/monitor-cerebras/main.go:66.16,68.3 1 0
nexus-backend/internal/inference/monitor-cerebras/main.go:70.2,75.16 5 0
nexus-backend/internal/inference/monitor-cerebras/main.go:75.16,78.3 2 0
nexus-backend/internal/inference/monitor-cerebras/main.go:79.2,81.28 2 0
nexus-backend/internal/inference/monitor-cerebras/main.go:81.28,83.3 1 0
nexus-backend/internal/inference/monitor-cerebras/main.go:83.8,83.35 1 0
nexus-backend/internal/inference/monitor-cerebras/main.go:83.35,85.3 1 0
nexus-backend/internal/inference/monitor-cerebras/main.go:85.8,85.35 1 0
nexus-backend/internal/inference/monitor-cerebras/main.go:85.35,87.3 1 0
nexus-backend/internal/inference/monitor-cerebras/main.go:87.8,90.3 2 0
nexus-backend/internal/inference/monitor-cerebras/main.go:92.2,92.12 1 0
nexus-backend/internal/inference/monitor-cerebras/main.go:96.32,112.38 3 0
nexus-backend/internal/inference/monitor-cerebras/main.go:112.38,114.3 1 0
nexus-backend/internal/inference/monitor-cerebras/main.go:117.13,120.18 2 0
nexus-backend/internal/inference/monitor-cerebras/main.go:120.18,122.3 1 0
nexus-backend/internal/inference/monitor-cerebras/main.go:124.2,124.48 1 0
nexus-backend/internal/inference/monitor-cerebras/main.go:124.48,135.3 10 0
nexus-backend/internal/inference/monitor-cerebras/main.go:138.2,138.53 1 0
nexus-backend/internal/inference/monitor-cerebras/main.go:138.53,141.3 2 0
nexus-backend/internal/inference/monitor-cerebras/main.go:144.2,144.56 1 0
nexus-backend/internal/inference/monitor-cerebras/main.go:144.56,145.48 1 0
nexus-backend/internal/inference/monitor-cerebras/main.go:145.48,147.4 1 0
nexus-backend/internal/inference/monitor-cerebras/main.go:151.2,157.80 6 0
nexus-backend/internal/services/agent-server/agent_service.go:66.94,74.55 5 0
nexus-backend/internal/services/agent-server/agent_service.go:74.55,76.3 1 0
nexus-backend/internal/services/agent-server/agent_service.go:78.2,98.21 3 0
nexus-backend/internal/services/agent-server/agent_service.go:102.38,106.22 2 0
nexus-backend/internal/services/agent-server/agent_service.go:106.22,110.17 4 0
nexus-backend/internal/services/agent-server/agent_service.go:110.17,112.4 1 0
nexus-backend/internal/services/agent-server/agent_service.go:114.3,114.51 1 0
nexus-backend/internal/services/agent-server/agent_service.go:114.51,116.4 1 0
nexus-backend/internal/services/agent-server/agent_service.go:118.3,118.73 1 0
nexus-backend/internal/services/agent-server/agent_service.go:121.2,123.12 3 0
nexus-backend/internal/services/agent-server/agent_service.go:127.37,133.30 3 0
nexus-backend/internal/services/agent-server/agent_service.go:133.30,134.50 1 0
nexus-backend/internal/services/agent-server/agent_service.go:134.50,136.4 1 0
nexus-backend/internal/services/agent-server/agent_service.go:139.2,140.12 2 0
nexus-backend/internal/services/agent-server/agent_service.go:144.41,146.2 1 0
nexus-backend/internal/services/agent-server/agent_service.go:149.52,151.2 1 0
nexus-backend/internal/services/agent-server/agent_service.go:154.60,156.2 1 0
nexus-backend/internal/services/agent-server/agent_service.go:159.50,161.2 1 0
nexus-backend/internal/services/agent-server/handlers.go:15.81,18.2 2 0
nexus-backend/internal/services/agent-server/handlers.go:21.81,24.16 2 0
nexus-backend/internal/services/agent-server/handlers.go:24.16,27.3 2 0
nexus-backend/internal/services/agent-server/handlers.go:30.2,31.29 2 0
nexus-backend/internal/services/agent-server/handlers.go:31.29,32.106 1 0
nexus-backend/internal/services/agent-server/handlers.go:32.106,34.18 2 0
nexus-backend/internal/services/agent-server/handlers.go:34.18,36.13 2 0
nexus-backend/internal/services/agent-server/handlers.go:39.4,43.6 1 0
nexus-backend/internal/services/agent-server/handlers.go:48.2,54.37 3 0
nexus-backend/internal/services/agent-server/handlers.go:58.84,61.21 2 0
nexus-backend/internal/services/agent-server/handlers.go:61.21,64.3 2 0
nexus-backend/internal/services/agent-server/handlers.go:67.2,74.24 4 0
nexus-backend/internal/services/agent-server/handlers.go:74.24,77.3 2 0
nexus-backend/internal/services/agent-server/handlers.go:78.2,78.16 1 0
nexus-backend/internal/services/agent-server/handlers.go:78.16,81.3 2 0
nexus-backend/internal/services/agent-server/handlers.go:84.2,84.34 1 0
nexus-backend/internal/services/agent-server/handlers.go:84.34,87.3 2 0
nexus-backend/internal/services/agent-server/handlers.go:90.2,91.16 2 0
nexus-backend/internal/services/agent-server/handlers.go:91.16,94.3 2 0
nexus-backend/internal/services/agent-server/handlers.go:95.2,103.44 5 0
nexus-backend/internal/services/agent-server/handlers.go:103.44,106.3 2 0
nexus-backend/internal/services/agent-server/handlers.go:109.2,109.90 1 0
nexus-backend/internal/services/agent-server/handlers.go:113.82,114.33 1 0
nexus-backend/internal/services/agent-server/handlers.go:114.33,117.3 2 0
nexus-backend/internal/services/agent-server/handlers.go:120.2,120.56 1 0
nexus-backend/internal/services/agent-server/handlers.go:120.56,123.3 2 0
nexus-backend/internal/services/agent-server/handlers.go:126.2,127.16 2 0
nexus-backend/internal/services/agent-server/handlers.go:127.16,130.3 2 0
nexus-backend/internal/services/agent-server/handlers.go:131.2,135.59 3 0
nexus-backend/internal/services/agent-server/handlers.go:135.59,138.3 2 0
nexus-backend/internal/services/agent-server/handlers.go:141.2,143.16 3 0
nexus-backend/internal/services/agent-server/handlers.go:143.16,146.3 2 0
nexus-backend/internal/services/agent-server/handlers.go:147.2,151.16 3 0
nexus-backend/internal/services/agent-server/handlers.go:151.16,154.3 2 0
nexus-backend/internal/services/agent-server/handlers.go:157.2,168.87 4 0
nexus-backend/internal/services/agent-server/handlers.go:172.82,173.35 1 0
nexus-backend/internal/services/agent-server/handlers.go:173.35,176.3 2 0
nexus-backend/internal/services/agent-server/handlers.go:179.2,180.21 2 0
nexus-backend/internal/services/agent-server/handlers.go:180.21,183.3 2 0
nexus-backend/internal/services/agent-server/handlers.go:186.2,192.54 3 0
nexus-backend/internal/services/agent-server/handlers.go:192.54,195.3 2 0
nexus-backend/internal/services/agent-server/handlers.go:198.2,198.45 1 0
nexus-backend/internal/services/agent-server/handlers.go:198.45,201.3 2 0
nexus-backend/internal/services/agent-server/handlers.go:204.2,208.65 3 0
nexus-backend/internal/services/agent-server/process_manager.go:9.63,16.16 3 0
nexus-backend/internal/services/agent-server/process_manager.go:16.16,20.3 2 0
nexus-backend/internal/services/agent-server/process_manager.go:21.2,23.17 2 0
nexus-backend/internal/services/agent-server/process_manager.go:27.48,32.31 3 0
nexus-backend/internal/services/agent-server/process_manager.go:32.31,33.56 1 0
nexus-backend/internal/services/agent-server/process_manager.go:33.56,36.4 2 0
nexus-backend/internal/services/agent-server/process_manager.go:39.2,39.12 1 0
nexus-backend/internal/services/agent-server/process_manager.go:43.47,48.46 3 0
nexus-backend/internal/services/agent-server/process_manager.go:48.46,52.64 2 0
nexus-backend/internal/services/agent-server/process_manager.go:52.64,54.4 1 0
nexus-backend/internal/services/agent-server/process_manager.go:58.2,60.12 2 0
nexus-backend/internal/services/agent-server/process_manager.go:64.82,71.31 4 0
nexus-backend/internal/services/agent-server/process_manager.go:71.31,73.68 2 0
nexus-backend/internal/services/agent-server/process_manager.go:73.68,75.4 1 0
nexus-backend/internal/services/agent-server/process_manager.go:75.9,79.92 2 0
nexus-backend/internal/services/agent-server/process_manager.go:79.92,81.5 1 0
nexus-backend/internal/services/agent-server/process_manager.go:85.2,85.12 1 0
nexus-backend/internal/services/agent-server/process_manager.go:89.67,94.13 4 0
nexus-backend/internal/services/agent-server/process_manager.go:94.13,96.3 1 0
nexus-backend/internal/services/agent-server/process_manager.go:99.2,99.63 1 0
nexus-backend/internal/services/agent-server/process_manager.go:99.63,100.80 1 0
nexus-backend/internal/services/agent-server/process_manager.go:100.80,102.4 1 0
nexus-backend/internal/services/agent-server/process_manager.go:105.2,106.12 2 0
nexus-backend/internal/services/agent-server/process_manager.go:110.80,115.13 4 0
nexus-backend/internal/services/agent-server/process_manager.go:115.13,117.3 1 0
nexus-backend/internal/services/agent-server/process_manager.go:120.2,121.19 2 0
nexus-backend/internal/services/agent-server/process_manager.go:125.67,130.44 4 0
nexus-backend/internal/services/agent-server/process_manager.go:130.44,134.3 2 0
nexus-backend/internal/services/agent-server/process_manager.go:136.2,136.18 1 0
nexus-backend/internal/services/agent-server/process_manager.go:140.85,145.44 4 0
nexus-backend/internal/services/agent-server/process_manager.go:145.44,146.37 1 0
nexus-backend/internal/services/agent-server/process_manager.go:146.37,150.4 2 0
nexus-backend/internal/services/agent-server/process_manager.go:153.2,153.18 1 0
nexus-backend/internal/services/agent-server/process_manager.go:157.95,162.13 4 0
nexus-backend/internal/services/agent-server/process_manager.go:162.13,164.3 1 0
nexus-backend/internal/services/agent-server/process_manager.go:166.2,166.32 1 0
nexus-backend/internal/services/agent-server/process_manager.go:166.32,168.3 1 0
nexus-backend/internal/services/agent-server/process_manager.go:170.2,170.34 1 0
nexus-backend/internal/services/agent-server/process_manager.go:170.34,172.3 1 0
nexus-backend/internal/services/agent-server/process_manager.go:175.2,175.25 1 0
nexus-backend/internal/services/agent-server/process_manager.go:175.25,176.96 1 0
nexus-backend/internal/services/agent-server/process_manager.go:176.96,178.4 1 0
nexus-backend/internal/services/agent-server/process_manager.go:182.2,182.28 1 0
nexus-backend/internal/services/agent-server/process_manager.go:182.28,183.102 1 0
nexus-backend/internal/services/agent-server/process_manager.go:183.102,185.4 1 0
nexus-backend/internal/services/agent-server/process_manager.go:188.2,188.12 1 0
nexus-backend/internal/services/agent-server/process_manager.go:192.91,197.13 4 0
nexus-backend/internal/services/agent-server/process_manager.go:197.13,199.3 1 0
nexus-backend/internal/services/agent-server/process_manager.go:201.2,210.63 2 0
nexus-backend/internal/services/agent-server/process_manager.go:210.63,212.17 2 0
nexus-backend/internal/services/agent-server/process_manager.go:212.17,214.4 1 0
nexus-backend/internal/services/agent-server/process_manager.go:217.2,217.19 1 0
nexus-backend/internal/services/agent-server/process_manager.go:221.49,228.59 2 0
nexus-backend/internal/services/agent-server/process_manager.go:228.59,230.3 1 0
nexus-backend/internal/services/agent-server/process_manager.go:233.2,233.72 1 0
nexus-backend/internal/services/agent-server/process_manager.go:233.72,235.3 1 0
nexus-backend/internal/services/agent-server/process_manager.go:235.8,237.3 1 0
nexus-backend/internal/services/agent-server/process_manager.go:239.2,240.17 2 0
nexus-backend/internal/services/agent-server/process_manager.go:244.46,245.18 1 0
nexus-backend/internal/services/agent-server/process_manager.go:245.18,247.3 1 0
nexus-backend/internal/services/agent-server/process_manager.go:250.2,251.51 2 0
nexus-backend/internal/services/agent-server/process_manager.go:251.51,253.3 1 0
nexus-backend/internal/services/agent-server/process_manager.go:255.2,255.12 1 0
nexus-backend/internal/services/agent-server/process_manager.go:259.59,260.18 1 0
nexus-backend/internal/services/agent-server/process_manager.go:260.18,262.3 1 0
nexus-backend/internal/services/agent-server/process_manager.go:264.2,265.52 2 0
nexus-backend/internal/services/agent-server/process_manager.go:265.52,267.3 1 0
nexus-backend/internal/services/agent-server/process_manager.go:269.2,269.12 1 0
nexus-backend/internal/services/agent-server/process_manager.go:273.59,274.18 1 0
nexus-backend/internal/services/agent-server/process_manager.go:274.18,276.3 1 0
nexus-backend/internal/services/agent-server/process_manager.go:278.2,279.47 2 0
nexus-backend/internal/services/agent-server/process_manager.go:279.47,281.3 1 0
nexus-backend/internal/services/agent-server/process_manager.go:283.2,283.12 1 0
nexus-backend/internal/services/agent-server/process_manager.go:287.74,288.18 1 0
nexus-backend/internal/services/agent-server/process_manager.go:288.18,290.3 1 0
nexus-backend/internal/services/agent-server/process_manager.go:292.2,293.28 2 0
nexus-backend/internal/services/agent-server/process_manager.go:293.28,295.3 1 0
nexus-backend/internal/services/agent-server/process_manager.go:295.8,297.3 1 0
nexus-backend/internal/services/agent-server/process_manager.go:299.2,300.16 2 0
nexus-backend/internal/services/agent-server/process_manager.go:300.16,302.3 1 0
nexus-backend/internal/services/agent-server/process_manager.go:303.2,305.56 2 0
nexus-backend/internal/services/agent-server/process_manager.go:305.56,307.3 1 0
nexus-backend/internal/services/agent-server/process_manager.go:309.2,309.12 1 0
nexus-backend/internal/services/agent-server/process_manager.go:313.73,314.18 1 0
nexus-backend/internal/services/agent-server/process_manager.go:314.18,316.3 1 0
nexus-backend/internal/services/agent-server/process_manager.go:320.2,320.12 1 0
nexus-backend/internal/services/agent-server/process_manager.go:324.75,325.18 1 0
nexus-backend/internal/services/agent-server/process_manager.go:325.18,327.3 1 0
nexus-backend/internal/services/agent-server/process_manager.go:331.2,331.12 1 0
nexus-backend/internal/services/agent-server/process_manager.go:335.87,336.18 1 0
nexus-backend/internal/services/agent-server/process_manager.go:336.18,338.3 1 0
nexus-backend/internal/services/agent-server/process_manager.go:342.2,345.8 1 0
nexus-backend/internal/services/agent-server/resource_pool.go:13.47,17.55 2 0
nexus-backend/internal/services/agent-server/resource_pool.go:17.55,19.3 1 0
nexus-backend/internal/services/agent-server/resource_pool.go:21.2,21.16 1 0
nexus-backend/internal/services/agent-server/resource_pool.go:25.59,32.16 4 0
nexus-backend/internal/services/agent-server/resource_pool.go:32.16,34.3 1 0
nexus-backend/internal/services/agent-server/resource_pool.go:35.2,40.16 4 0
nexus-backend/internal/services/agent-server/resource_pool.go:40.16,42.3 1 0
nexus-backend/internal/services/agent-server/resource_pool.go:43.2,46.12 3 0
nexus-backend/internal/services/agent-server/resource_pool.go:50.57,52.16 2 0
nexus-backend/internal/services/agent-server/resource_pool.go:52.16,54.3 1 0
nexus-backend/internal/services/agent-server/resource_pool.go:56.2,57.29 2 0
nexus-backend/internal/services/agent-server/resource_pool.go:57.29,58.43 1 0
nexus-backend/internal/services/agent-server/resource_pool.go:58.43,60.24 2 0
nexus-backend/internal/services/agent-server/resource_pool.go:60.24,62.19 2 0
nexus-backend/internal/services/agent-server/resource_pool.go:62.19,64.6 1 0
nexus-backend/internal/services/agent-server/resource_pool.go:65.5,65.29 1 0
nexus-backend/internal/services/agent-server/resource_pool.go:70.2,70.66 1 0
nexus-backend/internal/services/agent-server/resource_pool.go:74.66,76.52 2 0
nexus-backend/internal/services/agent-server/resource_pool.go:76.52,78.3 1 0
nexus-backend/internal/services/agent-server/resource_pool.go:81.2,82.24 2 0
nexus-backend/internal/services/agent-server/resource_pool.go:86.103,91.42 3 0
nexus-backend/internal/services/agent-server/resource_pool.go:91.42,94.3 1 0
nexus-backend/internal/services/agent-server/resource_pool.go:96.2,96.48 1 0
nexus-backend/internal/services/agent-server/resource_pool.go:96.48,99.3 1 0
nexus-backend/internal/services/agent-server/resource_pool.go:101.2,101.44 1 0
nexus-backend/internal/services/agent-server/resource_pool.go:101.44,104.3 1 0
nexus-backend/internal/services/agent-server/resource_pool.go:107.2,128.24 8 0
nexus-backend/internal/services/agent-server/resource_pool.go:132.74,147.25 9 0
nexus-backend/internal/services/agent-server/resource_pool.go:147.25,149.3 1 0
nexus-backend/internal/services/agent-server/resource_pool.go:152.2,152.35 1 0
nexus-backend/internal/services/agent-server/resource_pool.go:152.35,154.3 1 0
nexus-backend/internal/services/agent-server/resource_pool.go:155.2,155.41 1 0
nexus-backend/internal/services/agent-server/resource_pool.go:155.41,157.3 1 0
nexus-backend/internal/services/agent-server/resource_pool.go:158.2,158.37 1 0
nexus-backend/internal/services/agent-server/resource_pool.go:158.37,160.3 1 0
nexus-backend/internal/services/agent-server/resource_pool.go:164.52,170.16 4 0
nexus-backend/internal/services/agent-server/resource_pool.go:170.16,175.3 2 0
nexus-backend/internal/services/agent-server/resource_pool.go:182.65,184.16 2 0
nexus-backend/internal/services/agent-server/resource_pool.go:184.16,186.3 1 0
nexus-backend/internal/services/agent-server/resource_pool.go:188.2,191.29 3 0
nexus-backend/internal/services/agent-server/resource_pool.go:191.29,192.47 1 0
nexus-backend/internal/services/agent-server/resource_pool.go:192.47,194.24 2 0
nexus-backend/internal/services/agent-server/resource_pool.go:194.24,196.19 2 0
nexus-backend/internal/services/agent-server/resource_pool.go:196.19,198.6 1 0
nexus-backend/internal/services/agent-server/resource_pool.go:199.5,200.10 2 0
nexus-backend/internal/services/agent-server/resource_pool.go:205.2,205.26 1 0
nexus-backend/internal/services/agent-server/resource_pool.go:209.67,233.2 3 0
nexus-backend/internal/services/agent-server/resource_pool.go:236.73,243.2 3 0
nexus-backend/internal/services/agent-server/resource_pool.go:246.69,255.2 3 0
nexus-backend/internal/services/agent-server/resource_pool.go:258.65,267.2 3 0
nexus-backend/internal/services/agent-server/routes.go:10.54,15.19 2 0
nexus-backend/internal/services/agent-server/routes.go:15.19,17.3 1 0
nexus-backend/internal/services/agent-server/routes.go:20.2,29.50 6 0
nexus-backend/internal/services/agent-server/routes.go:29.50,37.3 6 0
nexus-backend/internal/services/agent-server/routes.go:40.2,40.19 1 0
nexus-backend/internal/services/agent-server/routes.go:40.19,41.91 1 0
nexus-backend/internal/services/agent-server/routes.go:41.91,43.4 1 0
nexus-backend/internal/services/agent-server/routes.go:48.71,49.71 1 0
nexus-backend/internal/services/agent-server/routes.go:49.71,50.20 1 0
nexus-backend/internal/services/agent-server/routes.go:50.20,54.4 3 0
nexus-backend/internal/services/agent-server/routes.go:56.3,56.28 1 0
nexus-backend/internal/services/agent-server/routes.go:56.28,59.4 2 0
nexus-backend/internal/services/agent-server/routes.go:61.3,61.23 1 0
nexus-backend/internal/services/agent-server/runtime_handlers.go:13.81,14.33 1 0
nexus-backend/internal/services/agent-server/runtime_handlers.go:14.33,17.3 2 0
nexus-backend/internal/services/agent-server/runtime_handlers.go:19.2,19.30 1 0
nexus-backend/internal/services/agent-server/runtime_handlers.go:19.30,22.3 2 0
nexus-backend/internal/services/agent-server/runtime_handlers.go:24.2,30.65 2 0
nexus-backend/internal/services/agent-server/runtime_handlers.go:30.65,33.3 2 0
nexus-backend/internal/services/agent-server/runtime_handlers.go:35.2,35.48 1 0
nexus-backend/internal/services/agent-server/runtime_handlers.go:35.48,38.3 2 0
nexus-backend/internal/services/agent-server/runtime_handlers.go:40.2,41.16 2 0
nexus-backend/internal/services/agent-server/runtime_handlers.go:41.16,44.3 2 0
nexus-backend/internal/services/agent-server/runtime_handlers.go:46.2,49.89 3 0
nexus-backend/internal/services/agent-server/runtime_handlers.go:53.80,54.33 1 0
nexus-backend/internal/services/agent-server/runtime_handlers.go:54.33,57.3 2 0
nexus-backend/internal/services/agent-server/runtime_handlers.go:59.2,59.30 1 0
nexus-backend/internal/services/agent-server/runtime_handlers.go:59.30,62.3 2 0
nexus-backend/internal/services/agent-server/runtime_handlers.go:64.2,65.19 2 0
nexus-backend/internal/services/agent-server/runtime_handlers.go:65.19,68.3 2 0
nexus-backend/internal/services/agent-server/runtime_handlers.go:70.2,70.61 1 0
nexus-backend/internal/services/agent-server/runtime_handlers.go:70.61,73.3 2 0
nexus-backend/internal/services/agent-server/runtime_handlers.go:75.2,78.63 3 0
nexus-backend/internal/services/agent-server/runtime_handlers.go:82.88,83.30 1 0
nexus-backend/internal/services/agent-server/runtime_handlers.go:83.30,86.3 2 0
nexus-backend/internal/services/agent-server/runtime_handlers.go:88.2,98.31 3 0
nexus-backend/internal/services/agent-server/runtime_handlers.go:98.31,100.3 1 0
nexus-backend/internal/services/agent-server/runtime_handlers.go:102.2,103.37 2 0
nexus-backend/internal/services/agent-server/runtime_handlers.go:107.79,108.30 1 0
nexus-backend/internal/services/agent-server/runtime_handlers.go:108.30,111.3 2 0
nexus-backend/internal/services/agent-server/runtime_handlers.go:113.2,114.19 2 0
nexus-backend/internal/services/agent-server/runtime_handlers.go:114.19,117.3 2 0
nexus-backend/internal/services/agent-server/runtime_handlers.go:119.2,120.16 2 0
nexus-backend/internal/services/agent-server/runtime_handlers.go:120.16,123.3 2 0
nexus-backend/internal/services/agent-server/runtime_handlers.go:125.2,126.34 2 0
nexus-backend/internal/services/agent-server/runtime_handlers.go:130.84,131.30 1 0
nexus-backend/internal/services/agent-server/runtime_handlers.go:131.30,134.3 2 0
nexus-backend/internal/services/agent-server/runtime_handlers.go:136.2,146.43 3 0
nexus-backend/internal/services/agent-server/runtime_handlers.go:146.43,148.3 1 0
nexus-backend/internal/services/agent-server/runtime_handlers.go:151.2,151.40 1 0
nexus-backend/internal/services/agent-server/runtime_handlers.go:151.40,153.3 1 0
nexus-backend/internal/services/agent-server/runtime_handlers.go:155.2,156.35 2 0
nexus-backend/internal/services/agent-server/runtime_manager.go:218.102,241.16 5 0
nexus-backend/internal/services/agent-server/runtime_manager.go:241.16,244.3 2 0
nexus-backend/internal/services/agent-server/runtime_manager.go:246.2,247.16 2 0
nexus-backend/internal/services/agent-server/runtime_manager.go:247.16,250.3 2 0
nexus-backend/internal/services/agent-server/runtime_manager.go:252.2,253.16 2 0
nexus-backend/internal/services/agent-server/runtime_manager.go:253.16,256.3 2 0
nexus-backend/internal/services/agent-server/runtime_manager.go:258.2,258.16 1 0
nexus-backend/internal/services/agent-server/runtime_manager.go:262.41,266.16 3 0
nexus-backend/internal/services/agent-server/runtime_manager.go:266.16,268.3 1 0
nexus-backend/internal/services/agent-server/runtime_manager.go:270.2,273.45 2 0
nexus-backend/internal/services/agent-server/runtime_manager.go:273.45,275.3 1 0
nexus-backend/internal/services/agent-server/runtime_manager.go:278.2,278.46 1 0
nexus-backend/internal/services/agent-server/runtime_manager.go:278.46,280.3 1 0
nexus-backend/internal/services/agent-server/runtime_manager.go:283.2,288.12 3 0
nexus-backend/internal/services/agent-server/runtime_manager.go:292.40,296.17 3 0
nexus-backend/internal/services/agent-server/runtime_manager.go:296.17,298.3 1 0
nexus-backend/internal/services/agent-server/runtime_manager.go:300.2,303.40 2 0
nexus-backend/internal/services/agent-server/runtime_manager.go:303.40,304.53 1 0
nexus-backend/internal/services/agent-server/runtime_manager.go:304.53,306.4 1 0
nexus-backend/internal/services/agent-server/runtime_manager.go:310.2,316.12 4 0
nexus-backend/internal/services/agent-server/runtime_manager.go:320.114,324.17 3 0
nexus-backend/internal/services/agent-server/runtime_manager.go:324.17,326.3 1 0
nexus-backend/internal/services/agent-server/runtime_manager.go:329.2,329.40 1 0
nexus-backend/internal/services/agent-server/runtime_manager.go:329.40,330.25 1 0
nexus-backend/internal/services/agent-server/runtime_manager.go:330.25,332.4 1 0
nexus-backend/internal/services/agent-server/runtime_manager.go:336.2,336.42 1 0
nexus-backend/internal/services/agent-server/runtime_manager.go:336.42,338.3 1 0
nexus-backend/internal/services/agent-server/runtime_manager.go:341.2,342.55 2 0
nexus-backend/internal/services/agent-server/runtime_manager.go:342.55,344.3 1 0
nexus-backend/internal/services/agent-server/runtime_manager.go:347.2,367.16 3 0
nexus-backend/internal/services/agent-server/runtime_manager.go:367.16,369.3 1 0
nexus-backend/internal/services/agent-server/runtime_manager.go:370.2,383.52 3 0
nexus-backend/internal/services/agent-server/runtime_manager.go:383.52,386.3 2 0
nexus-backend/internal/services/agent-server/runtime_manager.go:389.2,391.19 2 0
nexus-backend/internal/services/agent-server/runtime_manager.go:395.59,400.13 4 0
nexus-backend/internal/services/agent-server/runtime_manager.go:400.13,402.3 1 0
nexus-backend/internal/services/agent-server/runtime_manager.go:404.2,404.36 1 0
nexus-backend/internal/services/agent-server/runtime_manager.go:408.59,413.40 4 0
nexus-backend/internal/services/agent-server/runtime_manager.go:413.40,417.3 2 0
nexus-backend/internal/services/agent-server/runtime_manager.go:419.2,419.15 1 0
nexus-backend/internal/services/agent-server/runtime_manager.go:423.76,428.13 4 0
nexus-backend/internal/services/agent-server/runtime_manager.go:428.13,430.3 1 0
nexus-backend/internal/services/agent-server/runtime_manager.go:433.2,434.24 2 0
nexus-backend/internal/services/agent-server/runtime_manager.go:438.73,446.44 4 0
nexus-backend/internal/services/agent-server/runtime_manager.go:446.44,448.3 1 0
nexus-backend/internal/services/agent-server/runtime_manager.go:451.2,454.41 2 0
nexus-backend/internal/services/agent-server/runtime_manager.go:454.41,455.58 1 0
nexus-backend/internal/services/agent-server/runtime_manager.go:455.58,457.4 1 0
nexus-backend/internal/services/agent-server/runtime_manager.go:461.2,461.36 1 0
nexus-backend/internal/services/agent-server/runtime_manager.go:461.36,463.3 1 0
nexus-backend/internal/services/agent-server/runtime_manager.go:465.2,487.12 11 0
nexus-backend/internal/services/agent-server/runtime_manager.go:491.73,494.26 2 0
nexus-backend/internal/services/agent-server/runtime_manager.go:494.26,496.63 1 0
nexus-backend/internal/services/agent-server/runtime_manager.go:496.63,498.4 1 0
nexus-backend/internal/services/agent-server/runtime_manager.go:501.3,502.13 2 0
nexus-backend/internal/services/agent-server/runtime_manager.go:502.13,505.4 2 0
nexus-backend/internal/services/agent-server/runtime_manager.go:507.3,507.10 1 0
nexus-backend/internal/services/agent-server/runtime_manager.go:508.15,508.15 0 0
nexus-backend/internal/services/agent-server/runtime_manager.go:510.39,512.47 1 0
nexus-backend/internal/services/agent-server/runtime_manager.go:512.47,514.5 1 0
nexus-backend/internal/services/agent-server/runtime_manager.go:519.2,519.28 1 0
nexus-backend/internal/services/agent-server/runtime_manager.go:519.28,521.3 1 0
nexus-backend/internal/services/agent-server/runtime_manager.go:524.2,524.72 1 0
nexus-backend/internal/services/agent-server/runtime_manager.go:524.72,526.3 1 0
nexus-backend/internal/services/agent-server/runtime_manager.go:529.2,529.19 1 0
nexus-backend/internal/services/agent-server/runtime_manager.go:529.19,533.3 3 0
nexus-backend/internal/services/agent-server/runtime_manager.go:536.2,540.12 3 0
nexus-backend/internal/services/agent-server/runtime_manager.go:544.78,554.2 4 0
nexus-backend/internal/services/agent-server/runtime_manager.go:557.69,561.6 3 0
nexus-backend/internal/services/agent-server/runtime_manager.go:561.6,562.10 1 0
nexus-backend/internal/services/agent-server/runtime_manager.go:563.24,564.10 1 0
nexus-backend/internal/services/agent-server/runtime_manager.go:565.19,567.28 1 0
nexus-backend/internal/services/agent-server/runtime_manager.go:567.28,568.67 1 0
nexus-backend/internal/services/agent-server/runtime_manager.go:568.67,574.87 2 0
nexus-backend/internal/services/agent-server/runtime_manager.go:574.87,576.7 1 0
nexus-backend/internal/services/agent-server/runtime_manager.go:577.6,577.12 1 0
nexus-backend/internal/services/agent-server/runtime_manager.go:582.4,582.32 1 0
nexus-backend/internal/services/agent-server/runtime_manager.go:588.62,596.52 4 0
nexus-backend/internal/services/agent-server/runtime_manager.go:596.52,599.3 2 0
nexus-backend/internal/services/agent-server/runtime_manager.go:603.68,604.26 1 0
nexus-backend/internal/services/agent-server/runtime_manager.go:604.26,606.3 1 0
nexus-backend/internal/services/agent-server/runtime_manager.go:610.2,611.34 2 0
nexus-backend/internal/services/agent-server/runtime_manager.go:615.41,619.6 3 0
nexus-backend/internal/services/agent-server/runtime_manager.go:619.6,620.10 1 0
nexus-backend/internal/services/agent-server/runtime_manager.go:621.24,622.10 1 0
nexus-backend/internal/services/agent-server/runtime_manager.go:623.19,628.16 4 0
nexus-backend/internal/services/agent-server/runtime_manager.go:628.16,630.5 1 0
nexus-backend/internal/services/agent-server/runtime_manager.go:633.4,638.30 3 0
nexus-backend/internal/services/agent-server/runtime_manager.go:644.45,648.6 3 0
nexus-backend/internal/services/agent-server/runtime_manager.go:648.6,649.10 1 0
nexus-backend/internal/services/agent-server/runtime_manager.go:650.24,651.10 1 0
nexus-backend/internal/services/agent-server/runtime_manager.go:652.19,655.42 3 0
nexus-backend/internal/services/agent-server/runtime_manager.go:655.42,657.5 1 0
nexus-backend/internal/services/agent-server/runtime_manager.go:658.4,661.33 2 0
nexus-backend/internal/services/agent-server/runtime_manager.go:661.33,663.5 1 0
nexus-backend/internal/services/agent-server/runtime_manager.go:669.68,670.40 1 0
nexus-backend/internal/services/agent-server/runtime_manager.go:670.40,672.3 1 0
nexus-backend/internal/services/agent-server/runtime_manager.go:676.2,676.26 1 0
nexus-backend/internal/services/agent-server/runtime_manager.go:676.26,677.65 1 0
nexus-backend/internal/services/agent-server/runtime_manager.go:677.65,679.28 2 0
nexus-backend/internal/services/agent-server/runtime_manager.go:679.28,681.5 1 0
nexus-backend/internal/services/agent-server/runtime_manager.go:682.9,683.28 1 0
nexus-backend/internal/services/agent-server/runtime_manager.go:683.28,686.5 2 0
nexus-backend/internal/services/agent-server/scheduler.go:10.51,16.2 1 0
nexus-backend/internal/services/agent-server/scheduler.go:19.41,23.16 3 0
nexus-backend/internal/services/agent-server/scheduler.go:23.16,25.3 1 0
nexus-backend/internal/services/agent-server/scheduler.go:27.2,28.12 2 0
nexus-backend/internal/services/agent-server/scheduler.go:32.40,38.2 4 0
nexus-backend/internal/services/agent-server/scheduler.go:41.78,45.17 3 0
nexus-backend/internal/services/agent-server/scheduler.go:45.17,47.3 1 0
nexus-backend/internal/services/agent-server/scheduler.go:50.2,55.12 3 0
nexus-backend/internal/services/agent-server/scheduler.go:59.42,63.39 3 0
nexus-backend/internal/services/agent-server/scheduler.go:63.39,65.3 1 0
nexus-backend/internal/services/agent-server/scheduler.go:68.2,68.29 1 0
nexus-backend/internal/services/agent-server/scheduler.go:69.21,70.25 1 0
nexus-backend/internal/services/agent-server/scheduler.go:71.24,72.28 1 0
nexus-backend/internal/services/agent-server/scheduler.go:73.18,74.23 1 0
nexus-backend/internal/services/agent-server/scheduler.go:75.10,76.28 1 0
nexus-backend/internal/services/agent-server/scheduler.go:81.39,82.29 1 0
nexus-backend/internal/services/agent-server/scheduler.go:83.18,85.44 1 0
nexus-backend/internal/services/agent-server/scheduler.go:85.44,87.4 1 0
nexus-backend/internal/services/agent-server/scheduler.go:88.24,90.44 1 0
nexus-backend/internal/services/agent-server/scheduler.go:90.44,94.4 3 0
nexus-backend/internal/services/agent-server/scheduler.go:95.21,97.44 1 0
nexus-backend/internal/services/agent-server/scheduler.go:97.44,99.4 1 0
nexus-backend/internal/services/agent-server/scheduler.go:104.89,105.22 1 0
nexus-backend/internal/services/agent-server/scheduler.go:105.22,107.3 1 0
nexus-backend/internal/services/agent-server/scheduler.go:111.2,115.40 4 0
nexus-backend/internal/services/agent-server/scheduler.go:119.47,122.23 1 0
nexus-backend/internal/services/agent-server/scheduler.go:122.23,125.3 1 0
nexus-backend/internal/services/agent-server/scheduler.go:129.50,133.35 1 0
nexus-backend/internal/services/agent-server/scheduler.go:133.35,135.30 1 0
nexus-backend/internal/services/agent-server/scheduler.go:135.30,138.9 2 0
nexus-backend/internal/services/agent-server/scheduler.go:144.45,146.23 1 0
nexus-backend/internal/services/agent-server/scheduler.go:146.23,149.3 1 0
nexus-backend/internal/services/agent-server/scheduler.go:153.75,159.2 1 0
nexus-backend/internal/services/agent-server/scheduler.go:162.67,167.35 4 0
nexus-backend/internal/services/agent-server/scheduler.go:167.35,179.3 1 0
nexus-backend/internal/services/agent-server/scheduler.go:181.2,186.3 1 0
nexus-backend/internal/services/agent-server/scheduler.go:190.68,195.44 4 0
nexus-backend/internal/services/agent-server/scheduler.go:195.44,196.28 1 0
nexus-backend/internal/services/agent-server/scheduler.go:196.28,200.4 3 0
nexus-backend/internal/services/agent-server/scheduler.go:203.2,203.60 1 0
nexus-backend/internal/services/agent-server/scheduler.go:207.56,211.2 3 0
nexus-backend/internal/services/agent-server/scheduler.go:214.40,218.2 3 0
nexus-backend/internal/services/agent-server/scheduler.go:221.66,225.35 3 0
nexus-backend/internal/services/agent-server/scheduler.go:225.35,226.37 1 0
nexus-backend/internal/services/agent-server/scheduler.go:226.37,229.4 2 0
nexus-backend/internal/services/agent-server/scheduler.go:232.2,232.14 1 0
nexus-backend/internal/services/agent-server/scheduler.go:236.46,240.2 3 0
nexus-backend/internal/services/agent-server/scheduler.go:243.44,247.2 3 0
nexus-backend/internal/services/agent-server/scheduler.go:250.154,259.2 1 0
nexus-backend/internal/services/agent-server/scheduler.go:262.116,271.2 3 0
nexus-backend/internal/services/agent-server/scheduler.go:274.161,277.2 2 0
nexus-backend/internal/services/dvemanager/api_server.go:21.74,26.2 1 0
nexus-backend/internal/services/dvemanager/api_server.go:29.54,59.12 12 0
nexus-backend/internal/services/dvemanager/api_server.go:59.12,60.82 1 0
nexus-backend/internal/services/dvemanager/api_server.go:60.82,62.4 1 0
nexus-backend/internal/services/dvemanager/api_server.go:65.2,66.12 2 0
nexus-backend/internal/services/dvemanager/api_server.go:70.53,71.21 1 0
nexus-backend/internal/services/dvemanager/api_server.go:71.21,73.3 1 0
nexus-backend/internal/services/dvemanager/api_server.go:74.2,74.31 1 0
nexus-backend/internal/services/dvemanager/api_server.go:78.68,79.71 1 0
nexus-backend/internal/services/dvemanager/api_server.go:79.71,84.28 4 0
nexus-backend/internal/services/dvemanager/api_server.go:84.28,87.4 2 0
nexus-backend/internal/services/dvemanager/api_server.go:89.3,89.23 1 0
nexus-backend/internal/services/dvemanager/api_server.go:94.74,105.2 4 0
nexus-backend/internal/services/dvemanager/api_server.go:108.76,109.18 1 0
nexus-backend/internal/services/dvemanager/api_server.go:110.13,118.5 4 0
nexus-backend/internal/services/dvemanager/api_server.go:120.10,121.67 1 0
nexus-backend/internal/services/dvemanager/api_server.go:126.82,129.18 2 0
nexus-backend/internal/services/dvemanager/api_server.go:129.18,132.3 2 0
nexus-backend/internal/services/dvemanager/api_server.go:134.2,134.18 1 0
nexus-backend/internal/services/dvemanager/api_server.go:135.13,137.17 2 0
nexus-backend/internal/services/dvemanager/api_server.go:137.17,140.4 2 0
nexus-backend/internal/services/dvemanager/api_server.go:142.3,144.34 3 0
nexus-backend/internal/services/dvemanager/api_server.go:146.10,147.67 1 0
nexus-backend/internal/services/dvemanager/api_server.go:152.73,153.18 1 0
nexus-backend/internal/services/dvemanager/api_server.go:154.13,170.5 4 0
nexus-backend/internal/services/dvemanager/api_server.go:172.10,173.67 1 0
nexus-backend/internal/services/dvemanager/api_server.go:178.79,180.18 2 0
nexus-backend/internal/services/dvemanager/api_server.go:180.18,183.3 2 0
nexus-backend/internal/services/dvemanager/api_server.go:186.2,195.33 4 0
nexus-backend/internal/services/dvemanager/api_server.go:199.80,211.2 4 0
nexus-backend/internal/services/dvemanager/api_server.go:214.81,225.2 4 0
nexus-backend/internal/services/dvemanager/dve_manager.go:45.107,69.2 5 0
nexus-backend/internal/services/dvemanager/dve_manager.go:72.56,83.45 5 0
nexus-backend/internal/services/dvemanager/dve_manager.go:83.45,85.3 1 0
nexus-backend/internal/services/dvemanager/dve_manager.go:87.2,88.12 2 0
nexus-backend/internal/services/dvemanager/dve_manager.go:92.55,100.2 4 0
nexus-backend/internal/services/dvemanager/dve_manager.go:103.88,104.18 1 0
nexus-backend/internal/services/dvemanager/dve_manager.go:105.39,106.40 1 0
nexus-backend/internal/services/dvemanager/dve_manager.go:107.36,108.37 1 0
nexus-backend/internal/services/dvemanager/dve_manager.go:109.10,110.62 1 0
nexus-backend/internal/services/dvemanager/dve_manager.go:115.87,138.43 4 0
nexus-backend/internal/services/dvemanager/dve_manager.go:138.43,140.3 1 0
nexus-backend/internal/services/dvemanager/dve_manager.go:143.2,146.57 2 0
nexus-backend/internal/services/dvemanager/dve_manager.go:146.57,148.3 1 0
nexus-backend/internal/services/dvemanager/dve_manager.go:150.2,151.18 2 0
nexus-backend/internal/services/dvemanager/dve_manager.go:155.79,161.46 4 0
nexus-backend/internal/services/dvemanager/dve_manager.go:161.46,162.64 1 0
nexus-backend/internal/services/dvemanager/dve_manager.go:162.64,164.63 2 0
nexus-backend/internal/services/dvemanager/dve_manager.go:164.63,167.5 2 0
nexus-backend/internal/services/dvemanager/dve_manager.go:170.4,170.47 1 0
nexus-backend/internal/services/dvemanager/dve_manager.go:170.47,172.5 1 0
nexus-backend/internal/services/dvemanager/dve_manager.go:174.4,175.15 2 0
nexus-backend/internal/services/dvemanager/dve_manager.go:179.2,179.19 1 0
nexus-backend/internal/services/dvemanager/dve_manager.go:183.90,189.16 4 0
nexus-backend/internal/services/dvemanager/dve_manager.go:189.16,191.3 1 0
nexus-backend/internal/services/dvemanager/dve_manager.go:194.2,199.43 4 0
nexus-backend/internal/services/dvemanager/dve_manager.go:199.43,201.3 1 0
nexus-backend/internal/services/dvemanager/dve_manager.go:203.2,204.18 2 0
nexus-backend/internal/services/dvemanager/dve_manager.go:208.69,213.16 4 0
nexus-backend/internal/services/dvemanager/dve_manager.go:213.16,215.3 1 0
nexus-backend/internal/services/dvemanager/dve_manager.go:217.2,220.43 3 0
nexus-backend/internal/services/dvemanager/dve_manager.go:220.43,222.3 1 0
nexus-backend/internal/services/dvemanager/dve_manager.go:224.2,226.12 3 0
nexus-backend/internal/services/dvemanager/dve_manager.go:230.71,239.16 6 0
nexus-backend/internal/services/dvemanager/dve_manager.go:239.16,241.3 1 0
nexus-backend/internal/services/dvemanager/dve_manager.go:243.2,257.20 2 0
nexus-backend/internal/services/dvemanager/dve_manager.go:285.58,286.49 1 0
nexus-backend/internal/services/dvemanager/dve_manager.go:286.49,288.3 1 0
nexus-backend/internal/services/dvemanager/dve_manager.go:289.2,289.52 1 0
nexus-backend/internal/services/dvemanager/dve_manager.go:289.52,291.3 1 0
nexus-backend/internal/services/dvemanager/dve_manager.go:292.2,292.55 1 0
nexus-backend/internal/services/dvemanager/dve_manager.go:292.55,294.3 1 0
nexus-backend/internal/services/dvemanager/dve_manager.go:295.2,295.55 1 0
nexus-backend/internal/services/dvemanager/dve_manager.go:295.55,297.3 1 0
nexus-backend/internal/services/dvemanager/dve_manager.go:298.2,298.69 1 0
nexus-backend/internal/services/dvemanager/dve_manager.go:298.69,300.3 1 0
nexus-backend/internal/services/dvemanager/dve_manager.go:302.2,302.30 1 0
nexus-backend/internal/services/dvemanager/dve_manager.go:302.30,304.41 2 0
nexus-backend/internal/services/dvemanager/dve_manager.go:304.41,306.4 1 0
nexus-backend/internal/services/dvemanager/dve_manager.go:307.3,307.42 1 0
nexus-backend/internal/services/dvemanager/dve_manager.go:307.42,308.27 1 0
nexus-backend/internal/services/dvemanager/dve_manager.go:308.27,310.5 1 0
nexus-backend/internal/services/dvemanager/dve_manager.go:313.2,313.13 1 0
nexus-backend/internal/services/dvemanager/dve_manager.go:319.61,320.48 1 0
nexus-backend/internal/services/dvemanager/dve_manager.go:320.48,322.17 2 0
nexus-backend/internal/services/dvemanager/dve_manager.go:322.17,324.4 1 0
nexus-backend/internal/services/dvemanager/dve_manager.go:325.3,326.13 2 0
nexus-backend/internal/services/dvemanager/dve_manager.go:331.77,333.46 2 0
nexus-backend/internal/services/dvemanager/dve_manager.go:333.46,335.17 2 0
nexus-backend/internal/services/dvemanager/dve_manager.go:335.17,337.4 1 0
nexus-backend/internal/services/dvemanager/dve_manager.go:338.3,338.46 1 0
nexus-backend/internal/services/dvemanager/dve_manager.go:340.2,340.19 1 0
nexus-backend/internal/services/dvemanager/dve_manager.go:344.68,345.48 1 0
nexus-backend/internal/services/dvemanager/dve_manager.go:345.48,347.17 2 0
nexus-backend/internal/services/dvemanager/dve_manager.go:347.17,349.4 1 0
nexus-backend/internal/services/dvemanager/dve_manager.go:350.3,351.13 2 0
nexus-backend/internal/services/dvemanager/dve_manager.go:356.47,357.46 1 0
nexus-backend/internal/services/dvemanager/dve_manager.go:357.46,358.64 1 0
nexus-backend/internal/services/dvemanager/dve_manager.go:358.64,360.63 2 0
nexus-backend/internal/services/dvemanager/dve_manager.go:360.63,363.5 2 0
nexus-backend/internal/services/dvemanager/dve_manager.go:364.4,365.15 2 0
nexus-backend/internal/services/dvemanager/dve_manager.go:371.76,374.9 2 0
nexus-backend/internal/services/dvemanager/dve_manager.go:374.9,376.3 1 0
nexus-backend/internal/services/dvemanager/dve_manager.go:379.2,380.16 2 0
nexus-backend/internal/services/dvemanager/dve_manager.go:380.16,382.3 1 0
nexus-backend/internal/services/dvemanager/dve_manager.go:384.2,385.56 2 0
nexus-backend/internal/services/dvemanager/dve_manager.go:385.56,387.3 1 0
nexus-backend/internal/services/dvemanager/dve_manager.go:390.2,393.12 3 0
nexus-backend/internal/services/dvemanager/dve_manager.go:397.73,399.9 2 0
nexus-backend/internal/services/dvemanager/dve_manager.go:399.9,401.3 1 0
nexus-backend/internal/services/dvemanager/dve_manager.go:404.2,405.12 2 0
nexus-backend/internal/services/dvemanager/dve_manager.go:409.38,413.6 3 0
nexus-backend/internal/services/dvemanager/dve_manager.go:413.6,414.10 1 0
nexus-backend/internal/services/dvemanager/dve_manager.go:415.24,416.10 1 0
nexus-backend/internal/services/dvemanager/dve_manager.go:417.19,418.24 1 0
nexus-backend/internal/services/dvemanager/dve_manager.go:424.41,426.29 2 0
nexus-backend/internal/services/dvemanager/dve_manager.go:426.29,428.53 1 0
nexus-backend/internal/services/dvemanager/dve_manager.go:428.53,429.32 1 0
nexus-backend/internal/services/dvemanager/dve_manager.go:429.32,435.5 5 0
nexus-backend/internal/services/dvemanager/dve_manager.go:441.45,445.6 3 0
nexus-backend/internal/services/dvemanager/dve_manager.go:445.6,446.10 1 0
nexus-backend/internal/services/dvemanager/dve_manager.go:447.24,448.10 1 0
nexus-backend/internal/services/dvemanager/dve_manager.go:449.19,451.27 1 0
nexus-backend/internal/services/dvemanager/dve_manager.go:457.44,459.29 2 0
nexus-backend/internal/services/dvemanager/dve_manager.go:459.29,460.76 1 0
nexus-backend/internal/services/dvemanager/dve_manager.go:460.76,463.4 2 0
nexus-backend/internal/services/dvemanager/dve_manager.go:468.39,472.6 3 0
nexus-backend/internal/services/dvemanager/dve_manager.go:472.6,473.10 1 0
nexus-backend/internal/services/dvemanager/dve_manager.go:474.24,475.10 1 0
nexus-backend/internal/services/dvemanager/dve_manager.go:476.19,477.31 1 0
nexus-backend/internal/services/dvemanager/dve_manager.go:483.48,485.9 1 0
nexus-backend/internal/services/dvemanager/dve_manager.go:486.23,487.9 1 0
nexus-backend/internal/services/dvemanager/dve_manager.go:488.10,488.10 0 0
nexus-backend/internal/services/dvemanager/dve_manager.go:491.2,492.16 2 0
nexus-backend/internal/services/dvemanager/dve_manager.go:492.16,494.10 1 0
nexus-backend/internal/services/dvemanager/dve_manager.go:495.24,496.10 1 0
nexus-backend/internal/services/dvemanager/dve_manager.go:497.11,498.57 1 0
nexus-backend/internal/services/dvemanager/dve_manager.go:500.3,500.9 1 0
nexus-backend/internal/services/dvemanager/dve_manager.go:504.2,520.58 2 0
nexus-backend/internal/services/dvemanager/dve_manager.go:520.58,522.3 1 0
nexus-backend/internal/services/dvemanager/dve_manager.go:526.84,527.48 1 0
nexus-backend/internal/services/dvemanager/dve_manager.go:527.48,529.17 2 0
nexus-backend/internal/services/dvemanager/dve_manager.go:529.17,531.4 1 0
nexus-backend/internal/services/dvemanager/dve_manager.go:532.3,534.13 3 0
nexus-backend/internal/services/dvemanager/dve_manager.go:539.82,541.45 1 0
nexus-backend/internal/services/dvemanager/dve_manager.go:541.45,543.53 1 0
nexus-backend/internal/services/dvemanager/dve_manager.go:543.53,545.78 1 0
nexus-backend/internal/services/dvemanager/dve_manager.go:545.78,547.5 1 0
nexus-backend/internal/services/dvemanager/dve_manager.go:549.4,550.63 2 0
nexus-backend/internal/services/dvemanager/dve_manager.go:550.63,552.5 1 0
nexus-backend/internal/services/dvemanager/dve_manager.go:554.4,554.23 1 0
nexus-backend/internal/services/dvemanager/dve_manager.go:555.42,556.14 1 0
nexus-backend/internal/services/dvemanager/dve_manager.go:557.21,558.16 1 0
nexus-backend/internal/services/dvemanager/dve_manager.go:559.18,560.13 1 0
nexus-backend/internal/services/dvemanager/dve_manager.go:562.4,562.15 1 0
nexus-backend/internal/services/dvemanager/dve_manager.go:567.2,567.46 1 0
nexus-backend/internal/services/dvemanager/dve_manager.go:567.46,570.3 1 0
nexus-backend/internal/services/dvemanager/dve_manager.go:572.2,572.8 1 0
nexus-backend/internal/services/dvemanager/dve_manager.go:575.82,576.21 1 0
nexus-backend/internal/services/dvemanager/dve_manager.go:576.21,578.3 1 0
nexus-backend/internal/services/dvemanager/dve_manager.go:579.2,580.18 2 0
nexus-backend/internal/services/dvemanager/dve_manager.go:580.18,582.3 1 0
nexus-backend/internal/services/dvemanager/dve_manager.go:582.8,582.25 1 0
nexus-backend/internal/services/dvemanager/dve_manager.go:582.25,584.3 1 0
nexus-backend/internal/services/dvemanager/dve_manager.go:585.2,585.19 1 0
nexus-backend/internal/services/dvemanager/dve_manager.go:588.62,591.2 1 0
nexus-backend/internal/services/dvemanager/dve_manager.go:593.57,596.2 1 0
nexus-backend/internal/services/dvemanager/dve_manager.go:598.57,601.2 1 0
nexus-backend/internal/services/dvemanager/dve_manager.go:604.55,608.27 3 0
nexus-backend/internal/services/dvemanager/dve_manager.go:608.27,610.3 1 0
nexus-backend/internal/services/dvemanager/dve_manager.go:612.2,616.44 4 0
nexus-backend/internal/services/dvemanager/dve_manager.go:616.44,618.3 1 0
nexus-backend/internal/services/dvemanager/dve_manager.go:619.2,619.14 1 0
nexus-backend/internal/services/dvemanager/dve_manager.go:623.71,627.27 3 0
nexus-backend/internal/services/dvemanager/dve_manager.go:627.27,629.3 1 0
nexus-backend/internal/services/dvemanager/dve_manager.go:631.2,632.13 2 0
nexus-backend/internal/services/dvemanager/dve_manager.go:632.13,634.3 1 0
nexus-backend/internal/services/dvemanager/dve_manager.go:636.2,636.18 1 0
nexus-backend/internal/services/dvemanager/dve_manager.go:640.106,646.16 4 0
nexus-backend/internal/services/dvemanager/dve_manager.go:646.16,648.3 1 0
nexus-backend/internal/services/dvemanager/dve_manager.go:651.2,651.60 1 0
nexus-backend/internal/services/dvemanager/dve_manager.go:651.60,653.3 1 0
nexus-backend/internal/services/dvemanager/dve_manager.go:654.2,654.66 1 0
nexus-backend/internal/services/dvemanager/dve_manager.go:654.66,656.3 1 0
nexus-backend/internal/services/dvemanager/dve_manager.go:657.2,657.54 1 0
nexus-backend/internal/services/dvemanager/dve_manager.go:657.54,659.3 1 0
nexus-backend/internal/services/dvemanager/dve_manager.go:660.2,660.57 1 0
nexus-backend/internal/services/dvemanager/dve_manager.go:660.57,662.3 1 0
nexus-backend/internal/services/dvemanager/dve_manager.go:663.2,663.62 1 0
nexus-backend/internal/services/dvemanager/dve_manager.go:663.62,665.3 1 0
nexus-backend/internal/services/dvemanager/dve_manager.go:666.2,666.69 1 0
nexus-backend/internal/services/dvemanager/dve_manager.go:666.69,668.36 2 0
nexus-backend/internal/services/dvemanager/dve_manager.go:668.36,669.38 1 0
nexus-backend/internal/services/dvemanager/dve_manager.go:669.38,671.5 1 0
nexus-backend/internal/services/dvemanager/dve_manager.go:675.2,678.43 2 0
nexus-backend/internal/services/dvemanager/dve_manager.go:678.43,680.3 1 0
nexus-backend/internal/services/dvemanager/dve_manager.go:683.2,686.18 3 0
nexus-backend/internal/services/dvemanager/dve_manager.go:690.55,696.16 4 0
nexus-backend/internal/services/dvemanager/dve_manager.go:696.16,698.3 1 0
nexus-backend/internal/services/dvemanager/dve_manager.go:701.2,701.47 1 0
nexus-backend/internal/services/dvemanager/dve_manager.go:701.47,704.3 2 0
nexus-backend/internal/services/dvemanager/dve_manager.go:705.2,705.16 1 0
nexus-backend/internal/services/dvemanager/dve_manager.go:705.16,707.3 1 0
nexus-backend/internal/services/dvemanager/dve_manager.go:710.2,713.12 3 0
nexus-backend/internal/services/dvemanager/handlers.go:15.82,17.61 2 0
nexus-backend/internal/services/dvemanager/handlers.go:17.61,20.3 2 0
nexus-backend/internal/services/dvemanager/handlers.go:22.2,22.20 1 0
nexus-backend/internal/services/dvemanager/handlers.go:22.20,25.3 2 0
nexus-backend/internal/services/dvemanager/handlers.go:27.2,27.23 1 0
nexus-backend/internal/services/dvemanager/handlers.go:27.23,30.3 2 0
nexus-backend/internal/services/dvemanager/handlers.go:32.2,33.16 2 0
nexus-backend/internal/services/dvemanager/handlers.go:33.16,36.3 2 0
nexus-backend/internal/services/dvemanager/handlers.go:38.2,38.40 1 0
nexus-backend/internal/services/dvemanager/handlers.go:42.79,51.16 3 0
nexus-backend/internal/services/dvemanager/handlers.go:51.16,54.3 2 0
nexus-backend/internal/services/dvemanager/handlers.go:56.2,56.36 1 0
nexus-backend/internal/services/dvemanager/handlers.go:60.77,65.16 4 0
nexus-backend/internal/services/dvemanager/handlers.go:65.16,68.3 2 0
nexus-backend/internal/services/dvemanager/handlers.go:70.2,70.35 1 0
nexus-backend/internal/services/dvemanager/handlers.go:74.86,82.61 4 0
nexus-backend/internal/services/dvemanager/handlers.go:82.61,85.3 2 0
nexus-backend/internal/services/dvemanager/handlers.go:87.2,87.22 1 0
nexus-backend/internal/services/dvemanager/handlers.go:87.22,90.3 2 0
nexus-backend/internal/services/dvemanager/handlers.go:92.2,92.64 1 0
nexus-backend/internal/services/dvemanager/handlers.go:92.64,95.3 2 0
nexus-backend/internal/services/dvemanager/handlers.go:97.2,97.95 1 0
nexus-backend/internal/services/dvemanager/handlers.go:103.82,105.62 2 0
nexus-backend/internal/services/dvemanager/handlers.go:105.62,108.3 2 0
nexus-backend/internal/services/dvemanager/handlers.go:110.2,111.16 2 0
nexus-backend/internal/services/dvemanager/handlers.go:111.16,114.3 2 0
nexus-backend/internal/services/dvemanager/handlers.go:116.2,122.39 2 0
nexus-backend/internal/services/dvemanager/handlers.go:128.85,130.16 2 0
nexus-backend/internal/services/dvemanager/handlers.go:130.16,133.3 2 0
nexus-backend/internal/services/dvemanager/handlers.go:135.2,135.37 1 0
nexus-backend/internal/services/dvemanager/handlers.go:139.85,142.32 3 0
nexus-backend/internal/services/dvemanager/handlers.go:142.32,143.30 1 0
nexus-backend/internal/services/dvemanager/handlers.go:143.30,145.4 1 0
nexus-backend/internal/services/dvemanager/handlers.go:148.2,155.37 2 0
nexus-backend/internal/services/dvemanager/handlers.go:161.80,172.2 2 0
nexus-backend/internal/services/dvemanager/handlers.go:177.73,181.2 3 0
nexus-backend/internal/services/dvemanager/handlers.go:184.72,188.2 3 0
nexus-backend/internal/services/dvemanager/load_balancer.go:14.124,18.30 3 0
nexus-backend/internal/services/dvemanager/load_balancer.go:18.30,20.3 1 0
nexus-backend/internal/services/dvemanager/load_balancer.go:23.2,24.29 2 0
nexus-backend/internal/services/dvemanager/load_balancer.go:24.29,26.3 1 0
nexus-backend/internal/services/dvemanager/load_balancer.go:29.2,29.22 1 0
nexus-backend/internal/services/dvemanager/load_balancer.go:30.21,31.49 1 0
nexus-backend/internal/services/dvemanager/load_balancer.go:32.26,33.51 1 0
nexus-backend/internal/services/dvemanager/load_balancer.go:34.24,35.50 1 0
nexus-backend/internal/services/dvemanager/load_balancer.go:36.20,37.56 1 0
nexus-backend/internal/services/dvemanager/load_balancer.go:38.16,39.51 1 0
nexus-backend/internal/services/dvemanager/load_balancer.go:40.10,41.51 1 0
nexus-backend/internal/services/dvemanager/load_balancer.go:46.117,49.29 2 0
nexus-backend/internal/services/dvemanager/load_balancer.go:49.29,50.36 1 0
nexus-backend/internal/services/dvemanager/load_balancer.go:50.36,52.4 1 0
nexus-backend/internal/services/dvemanager/load_balancer.go:55.2,55.17 1 0
nexus-backend/internal/services/dvemanager/load_balancer.go:59.96,61.29 1 0
nexus-backend/internal/services/dvemanager/load_balancer.go:61.29,63.3 1 0
nexus-backend/internal/services/dvemanager/load_balancer.go:66.2,66.72 1 0
nexus-backend/internal/services/dvemanager/load_balancer.go:66.72,68.3 1 0
nexus-backend/internal/services/dvemanager/load_balancer.go:71.2,71.53 1 0
nexus-backend/internal/services/dvemanager/load_balancer.go:71.53,73.3 1 0
nexus-backend/internal/services/dvemanager/load_balancer.go:76.2,76.30 1 0
nexus-backend/internal/services/dvemanager/load_balancer.go:76.30,77.82 1 0
nexus-backend/internal/services/dvemanager/load_balancer.go:77.82,79.42 2 0
nexus-backend/internal/services/dvemanager/load_balancer.go:79.42,81.5 1 0
nexus-backend/internal/services/dvemanager/load_balancer.go:82.4,82.40 1 0
nexus-backend/internal/services/dvemanager/load_balancer.go:82.40,83.28 1 0
nexus-backend/internal/services/dvemanager/load_balancer.go:83.28,85.6 1 0
nexus-backend/internal/services/dvemanager/load_balancer.go:91.2,91.49 1 0
nexus-backend/internal/services/dvemanager/load_balancer.go:91.49,93.3 1 0
nexus-backend/internal/services/dvemanager/load_balancer.go:95.2,95.13 1 0
nexus-backend/internal/services/dvemanager/load_balancer.go:99.83,103.2 2 0
nexus-backend/internal/services/dvemanager/load_balancer.go:106.85,107.21 1 0
nexus-backend/internal/services/dvemanager/load_balancer.go:107.21,109.3 1 0
nexus-backend/internal/services/dvemanager/load_balancer.go:112.2,112.40 1 0
nexus-backend/internal/services/dvemanager/load_balancer.go:112.40,114.3 1 0
nexus-backend/internal/services/dvemanager/load_balancer.go:117.2,120.29 3 0
nexus-backend/internal/services/dvemanager/load_balancer.go:124.84,125.21 1 0
nexus-backend/internal/services/dvemanager/load_balancer.go:125.21,127.3 1 0
nexus-backend/internal/services/dvemanager/load_balancer.go:130.2,136.29 3 0
nexus-backend/internal/services/dvemanager/load_balancer.go:136.29,148.3 4 0
nexus-backend/internal/services/dvemanager/load_balancer.go:151.2,151.41 1 0
nexus-backend/internal/services/dvemanager/load_balancer.go:151.41,153.3 1 0
nexus-backend/internal/services/dvemanager/load_balancer.go:155.2,155.23 1 0
nexus-backend/internal/services/dvemanager/load_balancer.go:159.113,160.21 1 0
nexus-backend/internal/services/dvemanager/load_balancer.go:160.21,162.3 1 0
nexus-backend/internal/services/dvemanager/load_balancer.go:165.2,165.81 1 0
nexus-backend/internal/services/dvemanager/load_balancer.go:165.81,166.30 1 0
nexus-backend/internal/services/dvemanager/load_balancer.go:166.30,167.42 1 0
nexus-backend/internal/services/dvemanager/load_balancer.go:167.42,169.5 1 0
nexus-backend/internal/services/dvemanager/load_balancer.go:174.2,174.70 1 0
nexus-backend/internal/services/dvemanager/load_balancer.go:174.70,175.72 1 0
nexus-backend/internal/services/dvemanager/load_balancer.go:175.72,177.4 1 0
nexus-backend/internal/services/dvemanager/load_balancer.go:181.2,181.37 1 0
nexus-backend/internal/services/dvemanager/load_balancer.go:185.108,189.29 3 0
nexus-backend/internal/services/dvemanager/load_balancer.go:189.29,190.48 1 0
nexus-backend/internal/services/dvemanager/load_balancer.go:190.48,192.30 2 0
nexus-backend/internal/services/dvemanager/load_balancer.go:192.30,195.5 2 0
nexus-backend/internal/services/dvemanager/load_balancer.go:199.2,199.24 1 0
nexus-backend/internal/services/dvemanager/load_balancer.go:199.24,201.3 1 0
nexus-backend/internal/services/dvemanager/load_balancer.go:204.2,204.17 1 0
nexus-backend/internal/services/dvemanager/load_balancer.go:208.83,223.2 7 0
nexus-backend/internal/services/dvemanager/load_balancer.go:226.108,227.21 1 0
nexus-backend/internal/services/dvemanager/load_balancer.go:227.21,229.3 1 0
nexus-backend/internal/services/dvemanager/load_balancer.go:231.2,237.29 3 0
nexus-backend/internal/services/dvemanager/load_balancer.go:237.29,243.3 2 0
nexus-backend/internal/services/dvemanager/load_balancer.go:246.2,246.41 1 0
nexus-backend/internal/services/dvemanager/load_balancer.go:246.41,248.3 1 0
nexus-backend/internal/services/dvemanager/load_balancer.go:250.2,250.23 1 0
nexus-backend/internal/services/dvemanager/load_balancer.go:254.105,288.2 10 0
nexus-backend/internal/services/dvemanager/load_balancer.go:291.56,295.2 3 0
nexus-backend/internal/services/dvemanager/load_balancer.go:298.47,302.2 3 0
nexus-backend/internal/services/dvemanager/load_balancer.go:305.95,318.21 4 0
nexus-backend/internal/services/dvemanager/load_balancer.go:318.21,320.3 1 0
nexus-backend/internal/services/dvemanager/load_balancer.go:322.2,325.29 3 0
nexus-backend/internal/services/dvemanager/load_balancer.go:325.29,326.30 1 0
nexus-backend/internal/services/dvemanager/load_balancer.go:326.30,331.4 4 0
nexus-backend/internal/services/dvemanager/load_balancer.go:334.2,334.23 1 0
nexus-backend/internal/services/dvemanager/load_balancer.go:334.23,339.3 4 0
nexus-backend/internal/services/dvemanager/load_balancer.go:341.2,341.14 1 0
nexus-backend/internal/services/dvemanager/node_tracker.go:10.54,14.2 3 0
nexus-backend/internal/services/dvemanager/node_tracker.go:17.57,21.2 3 0
nexus-backend/internal/services/dvemanager/node_tracker.go:24.50,28.2 3 0
nexus-backend/internal/services/dvemanager/node_tracker.go:31.71,36.2 4 0
nexus-backend/internal/services/dvemanager/node_tracker.go:39.56,44.32 4 0
nexus-backend/internal/services/dvemanager/node_tracker.go:44.32,46.3 1 0
nexus-backend/internal/services/dvemanager/node_tracker.go:47.2,47.14 1 0
nexus-backend/internal/services/dvemanager/node_tracker.go:51.59,56.32 4 0
nexus-backend/internal/services/dvemanager/node_tracker.go:56.32,57.30 1 0
nexus-backend/internal/services/dvemanager/node_tracker.go:57.30,59.4 1 0
nexus-backend/internal/services/dvemanager/node_tracker.go:61.2,61.20 1 0
nexus-backend/internal/services/dvemanager/node_tracker.go:65.44,69.2 3 0
nexus-backend/internal/services/dvemanager/node_tracker.go:72.55,76.46 3 0
[...]
nexus-backend/pkg/host/security_manager.go:586.2,586.26 1 0
nexus-backend/pkg/host/security_manager.go:586.26,589.3 2 0
nexus-backend/pkg/host/security_manager.go:591.2,591.45 1 0
nexus-backend/pkg/host/security_manager.go:595.50,600.34 3 0
nexus-backend/pkg/host/security_manager.go:600.34,602.3 1 0
nexus-backend/pkg/host/security_manager.go:605.2,606.35 2 0
nexus-backend/pkg/host/security_manager.go:606.35,621.3 5 0
nexus-backend/pkg/host/security_manager.go:623.2,623.12 1 0
nexus-backend/pkg/host/security_manager.go:627.50,632.34 3 0
nexus-backend/pkg/host/security_manager.go:632.34,634.3 1 0
nexus-backend/pkg/host/security_manager.go:637.2,637.12 1 0
nexus-backend/pkg/host/security_manager.go:641.50,646.2 2 0
nexus-backend/pkg/host/security_manager.go:649.51,652.16 2 0
nexus-backend/pkg/host/security_manager.go:652.16,654.3 1 0
nexus-backend/pkg/host/security_manager.go:656.2,656.46 1 0
nexus-backend/pkg/host/system_info.go:105.104,112.54 2 0
nexus-backend/pkg/host/system_info.go:112.54,114.3 1 0
nexus-backend/pkg/host/system_info.go:116.2,116.23 1 0
nexus-backend/pkg/host/system_info.go:120.47,124.17 3 0
nexus-backend/pkg/host/system_info.go:124.17,126.3 1 0
nexus-backend/pkg/host/system_info.go:128.2,132.12 3 0
nexus-backend/pkg/host/system_info.go:136.46,142.2 4 0
nexus-backend/pkg/host/system_info.go:145.71,149.28 3 0
nexus-backend/pkg/host/system_info.go:149.28,151.3 1 0
nexus-backend/pkg/host/system_info.go:154.2,155.19 2 0
nexus-backend/pkg/host/system_info.go:159.53,163.18 3 0
nexus-backend/pkg/host/system_info.go:163.18,165.3 1 0
nexus-backend/pkg/host/system_info.go:167.2,167.28 1 0
nexus-backend/pkg/host/system_info.go:167.28,169.3 1 0
nexus-backend/pkg/host/system_info.go:172.2,172.49 1 0
nexus-backend/pkg/host/system_info.go:172.49,174.3 1 0
nexus-backend/pkg/host/system_info.go:176.2,176.12 1 0
nexus-backend/pkg/host/system_info.go:180.47,184.6 3 0
nexus-backend/pkg/host/system_info.go:184.6,185.10 1 0
nexus-backend/pkg/host/system_info.go:186.25,187.10 1 0
nexus-backend/pkg/host/system_info.go:188.19,193.16 4 0
nexus-backend/pkg/host/system_info.go:193.16,195.5 1 0
nexus-backend/pkg/host/system_info.go:197.4,197.50 1 0
nexus-backend/pkg/host/system_info.go:197.50,200.5 1 0
nexus-backend/pkg/host/system_info.go:206.59,212.48 2 0
nexus-backend/pkg/host/system_info.go:212.48,214.3 1 0
nexus-backend/pkg/host/system_info.go:216.2,220.62 3 0
nexus-backend/pkg/host/system_info.go:220.62,222.3 1 0
nexus-backend/pkg/host/system_info.go:225.2,225.48 1 0
nexus-backend/pkg/host/system_info.go:225.48,227.3 1 0
nexus-backend/pkg/host/system_info.go:230.2,230.54 1 0
nexus-backend/pkg/host/system_info.go:230.54,232.3 1 0
nexus-backend/pkg/host/system_info.go:235.2,235.65 1 0
nexus-backend/pkg/host/system_info.go:235.65,238.3 2 0
nexus-backend/pkg/host/system_info.go:241.2,244.50 2 0
nexus-backend/pkg/host/system_info.go:244.50,246.3 1 0
nexus-backend/pkg/host/system_info.go:249.2,249.53 1 0
nexus-backend/pkg/host/system_info.go:249.53,251.3 1 0
nexus-backend/pkg/host/system_info.go:254.2,254.52 1 0
nexus-backend/pkg/host/system_info.go:254.52,256.3 1 0
nexus-backend/pkg/host/system_info.go:259.2,269.12 7 0
nexus-backend/pkg/host/system_info.go:273.68,276.16 3 0
nexus-backend/pkg/host/system_info.go:276.16,278.3 1 0
nexus-backend/pkg/host/system_info.go:279.2,279.47 1 0
nexus-backend/pkg/host/system_info.go:283.61,286.16 3 0
nexus-backend/pkg/host/system_info.go:286.16,288.3 1 0
nexus-backend/pkg/host/system_info.go:289.2,289.47 1 0
nexus-backend/pkg/host/system_info.go:293.69,295.16 2 0
nexus-backend/pkg/host/system_info.go:295.16,297.3 1 0
nexus-backend/pkg/host/system_info.go:299.2,300.21 2 0
nexus-backend/pkg/host/system_info.go:300.21,302.3 1 0
nexus-backend/pkg/host/system_info.go:304.2,305.25 2 0
nexus-backend/pkg/host/system_info.go:305.25,307.17 2 0
nexus-backend/pkg/host/system_info.go:307.17,309.4 1 0
nexus-backend/pkg/host/system_info.go:310.3,310.33 1 0
nexus-backend/pkg/host/system_info.go:313.2,313.21 1 0
nexus-backend/pkg/host/system_info.go:317.71,319.16 2 0
nexus-backend/pkg/host/system_info.go:319.16,321.3 1 0
nexus-backend/pkg/host/system_info.go:323.2,325.21 3 0
nexus-backend/pkg/host/system_info.go:325.21,327.42 2 0
nexus-backend/pkg/host/system_info.go:327.42,329.4 1 0
nexus-backend/pkg/host/system_info.go:329.9,329.58 1 0
nexus-backend/pkg/host/system_info.go:329.58,331.4 1 0
nexus-backend/pkg/host/system_info.go:334.2,334.31 1 0
nexus-backend/pkg/host/system_info.go:338.61,346.29 3 0
nexus-backend/pkg/host/system_info.go:346.29,347.48 1 0
nexus-backend/pkg/host/system_info.go:347.48,349.4 1 0
nexus-backend/pkg/host/system_info.go:352.2,352.18 1 0
nexus-backend/pkg/host/system_info.go:356.81,361.59 3 0
nexus-backend/pkg/host/system_info.go:361.59,362.44 1 0
nexus-backend/pkg/host/system_info.go:362.44,365.4 2 0
nexus-backend/pkg/host/system_info.go:369.2,369.47 1 0
nexus-backend/pkg/host/system_info.go:369.47,372.3 2 0
nexus-backend/pkg/host/system_info.go:375.2,375.59 1 0
nexus-backend/pkg/host/system_info.go:375.59,376.44 1 0
nexus-backend/pkg/host/system_info.go:376.44,379.4 2 0
nexus-backend/pkg/host/system_info.go:382.2,382.34 1 0
nexus-backend/pkg/host/system_info.go:386.64,391.16 3 0
nexus-backend/pkg/host/system_info.go:391.16,393.3 1 0
nexus-backend/pkg/host/system_info.go:395.2,396.29 2 0
nexus-backend/pkg/host/system_info.go:396.29,397.44 1 0
nexus-backend/pkg/host/system_info.go:397.44,399.22 2 0
nexus-backend/pkg/host/system_info.go:399.22,401.10 2 0
nexus-backend/pkg/host/system_info.go:407.2,411.49 3 0
nexus-backend/pkg/host/system_info.go:411.49,413.3 1 0
nexus-backend/pkg/host/system_info.go:415.2,415.21 1 0
nexus-backend/pkg/host/system_info.go:419.64,422.16 2 0
nexus-backend/pkg/host/system_info.go:422.16,424.3 1 0
nexus-backend/pkg/host/system_info.go:426.2,427.21 2 0
nexus-backend/pkg/host/system_info.go:427.21,429.3 1 0
nexus-backend/pkg/host/system_info.go:432.2,433.43 2 0
nexus-backend/pkg/host/system_info.go:433.43,435.3 1 0
nexus-backend/pkg/host/system_info.go:438.2,439.44 2 0
nexus-backend/pkg/host/system_info.go:439.44,441.17 2 0
nexus-backend/pkg/host/system_info.go:441.17,442.12 1 0
nexus-backend/pkg/host/system_info.go:444.3,445.13 2 0
nexus-backend/pkg/host/system_info.go:445.13,447.4 1 0
nexus-backend/pkg/host/system_info.go:450.2,450.16 1 0
nexus-backend/pkg/host/system_info.go:450.16,452.3 1 0
nexus-backend/pkg/host/system_info.go:454.2,455.19 2 0
nexus-backend/pkg/host/system_info.go:459.70,461.16 2 0
nexus-backend/pkg/host/system_info.go:461.16,463.3 1 0
nexus-backend/pkg/host/system_info.go:465.2,468.29 3 0
nexus-backend/pkg/host/system_info.go:468.29,470.22 2 0
nexus-backend/pkg/host/system_info.go:470.22,471.12 1 0
nexus-backend/pkg/host/system_info.go:474.3,476.17 3 0
nexus-backend/pkg/host/system_info.go:476.17,477.12 1 0
nexus-backend/pkg/host/system_info.go:481.3,483.14 2 0
nexus-backend/pkg/host/system_info.go:484.19,485.25 1 0
nexus-backend/pkg/host/system_info.go:486.23,487.29 1 0
nexus-backend/pkg/host/system_info.go:488.18,489.24 1 0
nexus-backend/pkg/host/system_info.go:490.17,491.26 1 0
nexus-backend/pkg/host/system_info.go:492.18,493.27 1 0
nexus-backend/pkg/host/system_info.go:497.2,498.23 2 0
nexus-backend/pkg/host/system_info.go:498.23,500.3 1 0
nexus-backend/pkg/host/system_info.go:502.2,502.21 1 0
nexus-backend/pkg/host/system_info.go:506.68,509.16 3 0
nexus-backend/pkg/host/system_info.go:509.16,511.3 1 0
nexus-backend/pkg/host/system_info.go:513.2,516.29 3 0
nexus-backend/pkg/host/system_info.go:516.29,517.27 1 0
nexus-backend/pkg/host/system_info.go:517.27,518.12 1 0
nexus-backend/pkg/host/system_info.go:521.3,522.22 2 0
nexus-backend/pkg/host/system_info.go:522.22,523.12 1 0
nexus-backend/pkg/host/system_info.go:527.3,529.43 1 0
nexus-backend/pkg/host/system_info.go:529.43,530.12 1 0
nexus-backend/pkg/host/system_info.go:533.3,540.57 2 0
nexus-backend/pkg/host/system_info.go:540.57,542.4 1 0
nexus-backend/pkg/host/system_info.go:543.3,543.56 1 0
nexus-backend/pkg/host/system_info.go:543.56,545.4 1 0
nexus-backend/pkg/host/system_info.go:546.3,546.61 1 0
nexus-backend/pkg/host/system_info.go:546.61,548.4 1 0
nexus-backend/pkg/host/system_info.go:551.3,552.65 2 0
nexus-backend/pkg/host/system_info.go:552.65,554.4 1 0
nexus-backend/pkg/host/system_info.go:556.3,556.42 1 0
nexus-backend/pkg/host/system_info.go:559.2,559.23 1 0
nexus-backend/pkg/host/system_info.go:563.75,564.23 1 0
nexus-backend/pkg/host/system_info.go:564.23,566.3 1 0
nexus-backend/pkg/host/system_info.go:569.2,573.16 4 0
nexus-backend/pkg/host/system_info.go:573.16,575.3 1 0
nexus-backend/pkg/host/system_info.go:577.2,578.31 2 0
nexus-backend/pkg/host/system_info.go:579.11,580.20 1 0
nexus-backend/pkg/host/system_info.go:581.11,582.27 1 0
nexus-backend/pkg/host/system_info.go:583.11,584.34 1 0
nexus-backend/pkg/host/system_info.go:585.11,586.41 1 0
nexus-backend/pkg/host/system_info.go:587.10,589.65 1 0
nexus-backend/pkg/host/system_info.go:589.65,591.4 1 0
nexus-backend/pkg/host/system_info.go:592.3,592.49 1 0
nexus-backend/pkg/host/system_info.go:595.2,595.49 1 0
nexus-backend/pkg/p2p/dve_p2p_manager.go:149.88,158.16 3 0
nexus-backend/pkg/p2p/dve_p2p_manager.go:158.16,161.3 2 0
nexus-backend/pkg/p2p/dve_p2p_manager.go:164.2,165.16 2 0
nexus-backend/pkg/p2p/dve_p2p_manager.go:165.16,168.3 2 0
nexus-backend/pkg/p2p/dve_p2p_manager.go:171.2,172.16 2 0
nexus-backend/pkg/p2p/dve_p2p_manager.go:172.16,175.3 2 0
nexus-backend/pkg/p2p/dve_p2p_manager.go:177.2,194.46 3 0
nexus-backend/pkg/p2p/dve_p2p_manager.go:194.46,197.3 2 0
nexus-backend/pkg/p2p/dve_p2p_manager.go:199.2,199.21 1 0
nexus-backend/pkg/p2p/dve_p2p_manager.go:203.47,213.16 6 0
nexus-backend/pkg/p2p/dve_p2p_manager.go:213.16,215.3 1 0
nexus-backend/pkg/p2p/dve_p2p_manager.go:217.2,218.16 2 0
nexus-backend/pkg/p2p/dve_p2p_manager.go:218.16,220.3 1 0
nexus-backend/pkg/p2p/dve_p2p_manager.go:222.2,223.16 2 0
nexus-backend/pkg/p2p/dve_p2p_manager.go:223.16,225.3 1 0
nexus-backend/pkg/p2p/dve_p2p_manager.go:228.2,229.16 2 0
nexus-backend/pkg/p2p/dve_p2p_manager.go:229.16,231.3 1 0
nexus-backend/pkg/p2p/dve_p2p_manager.go:233.2,234.16 2 0
nexus-backend/pkg/p2p/dve_p2p_manager.go:234.16,236.3 1 0
nexus-backend/pkg/p2p/dve_p2p_manager.go:238.2,239.16 2 0
nexus-backend/pkg/p2p/dve_p2p_manager.go:239.16,241.3 1 0
nexus-backend/pkg/p2p/dve_p2p_manager.go:244.2,245.16 2 0
nexus-backend/pkg/p2p/dve_p2p_manager.go:245.16,247.3 1 0
nexus-backend/pkg/p2p/dve_p2p_manager.go:250.2,251.16 2 0
nexus-backend/pkg/p2p/dve_p2p_manager.go:251.16,253.3 1 0
nexus-backend/pkg/p2p/dve_p2p_manager.go:256.2,257.16 2 0
nexus-backend/pkg/p2p/dve_p2p_manager.go:257.16,259.3 1 0
nexus-backend/pkg/p2p/dve_p2p_manager.go:262.2,263.16 2 0
nexus-backend/pkg/p2p/dve_p2p_manager.go:263.16,265.3 1 0
nexus-backend/pkg/p2p/dve_p2p_manager.go:267.2,271.12 2 0
nexus-backend/pkg/p2p/dve_p2p_manager.go:275.35,298.2 11 0
nexus-backend/pkg/p2p/dve_p2p_manager.go:301.34,306.21 3 0
nexus-backend/pkg/p2p/dve_p2p_manager.go:306.21,308.3 1 0
nexus-backend/pkg/p2p/dve_p2p_manager.go:310.2,310.59 1 0
nexus-backend/pkg/p2p/dve_p2p_manager.go:314.94,318.2 3 0
nexus-backend/pkg/p2p/dve_p2p_manager.go:321.88,332.16 3 0
nexus-backend/pkg/p2p/dve_p2p_manager.go:332.16,334.3 1 0
nexus-backend/pkg/p2p/dve_p2p_manager.go:336.2,337.16 2 0
nexus-backend/pkg/p2p/dve_p2p_manager.go:337.16,339.3 1 0
nexus-backend/pkg/p2p/dve_p2p_manager.go:341.2,342.12 2 0
nexus-backend/pkg/p2p/dve_p2p_manager.go:346.92,357.16 3 0
nexus-backend/pkg/p2p/dve_p2p_manager.go:357.16,359.3 1 0
nexus-backend/pkg/p2p/dve_p2p_manager.go:361.2,362.16 2 0
nexus-backend/pkg/p2p/dve_p2p_manager.go:362.16,364.3 1 0
nexus-backend/pkg/p2p/dve_p2p_manager.go:366.2,367.12 2 0
nexus-backend/pkg/p2p/dve_p2p_manager.go:371.68,393.16 4 0
nexus-backend/pkg/p2p/dve_p2p_manager.go:393.16,395.3 1 0
nexus-backend/pkg/p2p/dve_p2p_manager.go:397.2,398.16 2 0
nexus-backend/pkg/p2p/dve_p2p_manager.go:398.16,400.3 1 0
nexus-backend/pkg/p2p/dve_p2p_manager.go:402.2,403.12 2 0
nexus-backend/pkg/p2p/dve_p2p_manager.go:407.54,408.6 1 0
nexus-backend/pkg/p2p/dve_p2p_manager.go:408.6,409.10 1 0
nexus-backend/pkg/p2p/dve_p2p_manager.go:410.25,411.10 1 0
nexus-backend/pkg/p2p/dve_p2p_manager.go:412.11,414.18 2 0
nexus-backend/pkg/p2p/dve_p2p_manager.go:414.18,415.29 1 0
nexus-backend/pkg/p2p/dve_p2p_manager.go:415.29,417.6 1 0
nexus-backend/pkg/p2p/dve_p2p_manager.go:418.5,419.13 2 0
nexus-backend/pkg/p2p/dve_p2p_manager.go:423.4,423.41 1 0
nexus-backend/pkg/p2p/dve_p2p_manager.go:423.41,424.13 1 0
nexus-backend/pkg/p2p/dve_p2p_manager.go:427.4,428.60 2 0
nexus-backend/pkg/p2p/dve_p2p_manager.go:428.60,430.13 2 0
nexus-backend/pkg/p2p/dve_p2p_manager.go:434.4,434.30 1 0
nexus-backend/pkg/p2p/dve_p2p_manager.go:440.53,441.6 1 0
nexus-backend/pkg/p2p/dve_p2p_manager.go:441.6,442.10 1 0
nexus-backend/pkg/p2p/dve_p2p_manager.go:443.25,444.10 1 0
nexus-backend/pkg/p2p/dve_p2p_manager.go:445.11,447.18 2 0
nexus-backend/pkg/p2p/dve_p2p_manager.go:447.18,448.29 1 0
nexus-backend/pkg/p2p/dve_p2p_manager.go:448.29,450.6 1 0
nexus-backend/pkg/p2p/dve_p2p_manager.go:451.5,452.13 2 0
nexus-backend/pkg/p2p/dve_p2p_manager.go:456.4,456.41 1 0
nexus-backend/pkg/p2p/dve_p2p_manager.go:456.41,457.13 1 0
nexus-backend/pkg/p2p/dve_p2p_manager.go:460.4,461.60 2 0
nexus-backend/pkg/p2p/dve_p2p_manager.go:461.60,463.13 2 0
nexus-backend/pkg/p2p/dve_p2p_manager.go:467.4,467.30 1 0
nexus-backend/pkg/p2p/dve_p2p_manager.go:473.53,474.6 1 0
nexus-backend/pkg/p2p/dve_p2p_manager.go:474.6,475.10 1 0
nexus-backend/pkg/p2p/dve_p2p_manager.go:476.25,477.10 1 0
nexus-backend/pkg/p2p/dve_p2p_manager.go:478.11,480.18 2 0
nexus-backend/pkg/p2p/dve_p2p_manager.go:480.18,481.29 1 0
nexus-backend/pkg/p2p/dve_p2p_manager.go:481.29,483.6 1 0
nexus-backend/pkg/p2p/dve_p2p_manager.go:484.5,485.13 2 0
nexus-backend/pkg/p2p/dve_p2p_manager.go:489.4,489.41 1 0
nexus-backend/pkg/p2p/dve_p2p_manager.go:489.41,490.13 1 0
nexus-backend/pkg/p2p/dve_p2p_manager.go:493.4,494.60 2 0
nexus-backend/pkg/p2p/dve_p2p_manager.go:494.60,496.13 2 0
nexus-backend/pkg/p2p/dve_p2p_manager.go:500.4,500.30 1 0
nexus-backend/pkg/p2p/dve_p2p_manager.go:506.65,511.12 4 0
nexus-backend/pkg/p2p/dve_p2p_manager.go:511.12,512.61 1 0
nexus-backend/pkg/p2p/dve_p2p_manager.go:512.61,514.4 1 0
nexus-backend/pkg/p2p/dve_p2p_manager.go:515.8,517.3 1 0
nexus-backend/pkg/p2p/dve_p2p_manager.go:521.43,525.6 3 0
nexus-backend/pkg/p2p/dve_p2p_manager.go:525.6,526.10 1 0
nexus-backend/pkg/p2p/dve_p2p_manager.go:527.25,528.10 1 0
nexus-backend/pkg/p2p/dve_p2p_manager.go:529.19,531.22 1 0
nexus-backend/pkg/p2p/dve_p2p_manager.go:537.42,542.16 3 0
nexus-backend/pkg/p2p/dve_p2p_manager.go:542.16,545.3 2 0
nexus-backend/pkg/p2p/dve_p2p_manager.go:548.2,554.37 5 0
nexus-backend/pkg/p2p/dve_p2p_manager.go:554.37,556.3 1 0
nexus-backend/pkg/p2p/dve_p2p_manager.go:558.2,561.43 2 0
nexus-backend/pkg/p2p/dve_p2p_manager.go:561.43,562.35 1 0
nexus-backend/pkg/p2p/dve_p2p_manager.go:562.35,563.12 1 0
nexus-backend/pkg/p2p/dve_p2p_manager.go:567.3,571.17 4 0
nexus-backend/pkg/p2p/dve_p2p_manager.go:571.17,573.4 1 0
nexus-backend/pkg/p2p/dve_p2p_manager.go:573.9,575.4 1 0
nexus-backend/pkg/p2p/dve_p2p_manager.go:580.85,583.16 2 0
nexus-backend/pkg/p2p/dve_p2p_manager.go:583.16,585.3 1 0
nexus-backend/pkg/p2p/dve_p2p_manager.go:588.2,588.41 1 0
nexus-backend/pkg/p2p/dve_p2p_manager.go:592.50,595.16 2 0
nexus-backend/pkg/p2p/dve_p2p_manager.go:595.16,598.3 2 0
nexus-backend/pkg/p2p/dve_p2p_manager.go:601.2,601.60 1 0
nexus-backend/pkg/p2p/dve_p2p_manager.go:601.60,604.3 2 0
nexus-backend/pkg/p2p/dve_p2p_manager.go:606.2,606.68 1 0
nexus-backend/pkg/p2p/dve_p2p_manager.go:610.42,614.6 3 0
nexus-backend/pkg/p2p/dve_p2p_manager.go:614.6,615.10 1 0
nexus-backend/pkg/p2p/dve_p2p_manager.go:616.25,617.10 1 0
nexus-backend/pkg/p2p/dve_p2p_manager.go:618.19,620.29 1 0
nexus-backend/pkg/p2p/dve_p2p_manager.go:626.49,629.2 1 0
nexus-backend/pkg/p2p/dve_p2p_manager.go:632.43,636.6 3 0
nexus-backend/pkg/p2p/dve_p2p_manager.go:636.6,637.10 1 0
nexus-backend/pkg/p2p/dve_p2p_manager.go:638.25,639.10 1 0
nexus-backend/pkg/p2p/dve_p2p_manager.go:640.19,641.28 1 0
nexus-backend/pkg/p2p/dve_p2p_manager.go:647.48,665.16 4 0
nexus-backend/pkg/p2p/dve_p2p_manager.go:665.16,668.3 2 0
nexus-backend/pkg/p2p/dve_p2p_manager.go:670.2,670.61 1 0
nexus-backend/pkg/p2p/dve_p2p_manager.go:670.61,672.3 1 0
nexus-backend/pkg/p2p/dve_p2p_manager.go:676.65,680.31 3 0
nexus-backend/pkg/p2p/dve_p2p_manager.go:680.31,682.21 2 0
nexus-backend/pkg/p2p/dve_p2p_manager.go:682.21,690.4 2 0
nexus-backend/pkg/p2p/dve_p2p_manager.go:693.2,693.18 1 0
nexus-backend/pkg/p2p/dve_p2p_manager.go:697.72,710.2 3 0
nexus-backend/pkg/p2p/dve_p2p_manager.go:713.50,714.6 1 0
nexus-backend/pkg/p2p/dve_p2p_manager.go:714.6,715.10 1 0
nexus-backend/pkg/p2p/dve_p2p_manager.go:716.25,717.10 1 0
nexus-backend/pkg/p2p/dve_p2p_manager.go:718.11,720.18 2 0
nexus-backend/pkg/p2p/dve_p2p_manager.go:720.18,721.29 1 0
nexus-backend/pkg/p2p/dve_p2p_manager.go:721.29,723.6 1 0
nexus-backend/pkg/p2p/dve_p2p_manager.go:724.5,724.13 1 0
nexus-backend/pkg/p2p/dve_p2p_manager.go:728.4,728.41 1 0
nexus-backend/pkg/p2p/dve_p2p_manager.go:728.41,729.13 1 0
nexus-backend/pkg/p2p/dve_p2p_manager.go:733.4,734.64 2 0
nexus-backend/pkg/p2p/dve_p2p_manager.go:734.64,736.13 2 0
nexus-backend/pkg/p2p/dve_p2p_manager.go:739.4,742.27 2 0
nexus-backend/pkg/p2p/dve_p2p_manager.go:743.24,744.74 1 0
nexus-backend/pkg/p2p/dve_p2p_manager.go:745.25,746.75 1 0
nexus-backend/pkg/p2p/dve_p2p_manager.go:747.12,748.100 1 0
nexus-backend/pkg/p2p/dve_p2p_manager.go:755.88,758.16 2 0
nexus-backend/pkg/p2p/dve_p2p_manager.go:758.16,761.3 2 0
nexus-backend/pkg/p2p/dve_p2p_manager.go:763.2,764.68 2 0
nexus-backend/pkg/p2p/dve_p2p_manager.go:764.68,767.3 2 0
nexus-backend/pkg/p2p/dve_p2p_manager.go:769.2,784.97 8 0
nexus-backend/pkg/p2p/dve_p2p_manager.go:788.89,794.2 4 0
nexus-backend/pkg/p2p/dve_p2p_manager.go:797.50,801.60 3 0
nexus-backend/pkg/p2p/dve_p2p_manager.go:801.60,809.3 6 0
nexus-backend/pkg/p2p/dve_p2p_manager.go:811.2,811.26 1 0
nexus-backend/pkg/p2p/dve_p2p_manager.go:815.52,816.6 1 0
nexus-backend/pkg/p2p/dve_p2p_manager.go:816.6,817.10 1 0
nexus-backend/pkg/p2p/dve_p2p_manager.go:818.25,819.10 1 0
nexus-backend/pkg/p2p/dve_p2p_manager.go:820.11,822.18 2 0
nexus-backend/pkg/p2p/dve_p2p_manager.go:822.18,823.29 1 0
nexus-backend/pkg/p2p/dve_p2p_manager.go:823.29,825.6 1 0
nexus-backend/pkg/p2p/dve_p2p_manager.go:826.5,826.13 1 0
nexus-backend/pkg/p2p/dve_p2p_manager.go:830.4,830.41 1 0
nexus-backend/pkg/p2p/dve_p2p_manager.go:830.41,831.13 1 0
nexus-backend/pkg/p2p/dve_p2p_manager.go:835.4,836.60 2 0
nexus-backend/pkg/p2p/dve_p2p_manager.go:836.60,838.13 2 0
nexus-backend/pkg/p2p/dve_p2p_manager.go:841.4,845.23 2 0
nexus-backend/pkg/p2p/dve_p2p_manager.go:846.30,847.53 1 0
nexus-backend/pkg/p2p/dve_p2p_manager.go:848.29,849.52 1 0
nexus-backend/pkg/p2p/dve_p2p_manager.go:850.23,851.46 1 0
nexus-backend/pkg/p2p/dve_p2p_manager.go:852.12,853.89 1 0
nexus-backend/pkg/p2p/dve_p2p_manager.go:860.92,863.2 1 0
nexus-backend/pkg/p2p/dve_p2p_manager.go:866.91,869.2 1 0
nexus-backend/pkg/p2p/dve_p2p_manager.go:872.85,875.2 1 0
nexus-backend/pkg/p2p/dve_p2p_manager.go:878.146,879.27 1 0
nexus-backend/pkg/p2p/dve_p2p_manager.go:879.27,881.3 1 0
nexus-backend/pkg/p2p/dve_p2p_manager.go:883.2,901.49 3 0
nexus-backend/pkg/p2p/dve_p2p_manager.go:905.137,906.27 1 0
nexus-backend/pkg/p2p/dve_p2p_manager.go:906.27,908.3 1 0
nexus-backend/pkg/p2p/dve_p2p_manager.go:910.2,928.49 3 0
nexus-backend/pkg/p2p/dve_p2p_manager.go:932.140,933.27 1 0
nexus-backend/pkg/p2p/dve_p2p_manager.go:933.27,935.3 1 0
nexus-backend/pkg/p2p/dve_p2p_manager.go:937.2,955.49 3 0
nexus-backend/pkg/p2p/dve_p2p_manager.go:959.93,961.16 2 0
nexus-backend/pkg/p2p/dve_p2p_manager.go:961.16,963.3 1 0
nexus-backend/pkg/p2p/dve_p2p_manager.go:965.2,965.76 1 0
nexus-backend/pkg/p2p/dve_p2p_manager.go:965.76,967.3 1 0
nexus-backend/pkg/p2p/dve_p2p_manager.go:969.2,971.12 2 0
