mode: atomic
backend_server/cmd/key_encryptor/main.go:26.59,31.55 3 0
backend_server/cmd/key_encryptor/main.go:31.55,34.3 2 0
backend_server/cmd/key_encryptor/main.go:37.2,38.16 2 0
backend_server/cmd/key_encryptor/main.go:38.16,41.3 2 0
backend_server/cmd/key_encryptor/main.go:42.2,45.21 3 0
backend_server/cmd/key_encryptor/main.go:45.21,50.49 3 0
backend_server/cmd/key_encryptor/main.go:50.49,51.12 1 0
backend_server/cmd/key_encryptor/main.go:55.3,56.22 2 0
backend_server/cmd/key_encryptor/main.go:56.22,60.4 3 0
backend_server/cmd/key_encryptor/main.go:63.2,63.38 1 0
backend_server/cmd/key_encryptor/main.go:63.38,65.3 1 0
backend_server/cmd/key_encryptor/main.go:67.2,67.15 1 0
backend_server/cmd/key_encryptor/main.go:70.13,135.16 44 0
backend_server/cmd/key_encryptor/main.go:135.16,137.3 1 0
backend_server/cmd/key_encryptor/main.go:137.8,140.3 2 0
backend_server/cmd/key_encryptor/main.go:143.2,143.63 1 0
backend_server/cmd/key_encryptor/main.go:143.63,148.25 4 0
backend_server/cmd/key_encryptor/main.go:148.25,151.4 2 0
backend_server/cmd/key_encryptor/main.go:152.3,152.50 1 0
backend_server/cmd/key_encryptor/main.go:152.50,155.4 2 0
backend_server/cmd/key_encryptor/main.go:156.3,156.23 1 0
backend_server/cmd/key_encryptor/main.go:156.23,159.4 2 0
backend_server/cmd/key_encryptor/main.go:162.3,173.17 3 0
backend_server/cmd/key_encryptor/main.go:173.17,176.4 2 0
backend_server/cmd/key_encryptor/main.go:179.3,180.17 2 0
backend_server/cmd/key_encryptor/main.go:180.17,183.4 2 0
backend_server/cmd/key_encryptor/main.go:185.3,186.17 2 0
backend_server/cmd/key_encryptor/main.go:186.17,189.4 2 0
backend_server/cmd/key_encryptor/main.go:192.3,193.17 2 0
backend_server/cmd/key_encryptor/main.go:193.17,196.4 2 0
backend_server/cmd/key_encryptor/main.go:199.3,206.17 3 0
backend_server/cmd/key_encryptor/main.go:206.17,209.4 2 0
backend_server/cmd/key_encryptor/main.go:212.3,213.48 2 0
backend_server/cmd/key_encryptor/main.go:213.48,216.4 2 0
backend_server/cmd/key_encryptor/main.go:217.3,217.67 1 0
backend_server/cmd/key_encryptor/main.go:217.67,220.4 2 0
backend_server/cmd/key_encryptor/main.go:222.3,222.178 1 0
backend_server/cmd/key_encryptor/main.go:226.2,263.16 3 0
backend_server/internal/config/bootnode_key_config.go:14.43,16.16 2 0
backend_server/internal/config/bootnode_key_config.go:16.16,18.3 1 0
backend_server/internal/config/bootnode_key_config.go:20.2,20.54 1 0
backend_server/internal/config/bootnode_key_config.go:24.86,26.49 1 0
backend_server/internal/config/bootnode_key_config.go:26.49,28.3 1 0
backend_server/internal/config/bootnode_key_config.go:31.2,32.16 2 0
backend_server/internal/config/bootnode_key_config.go:32.16,34.3 1 0
backend_server/internal/config/bootnode_key_config.go:37.2,38.56 2 0
backend_server/internal/config/bootnode_key_config.go:38.56,40.3 1 0
backend_server/internal/config/bootnode_key_config.go:42.2,42.22 1 0
backend_server/internal/config/config.go:275.30,277.2 1 0
backend_server/internal/config/config.go:280.42,284.35 2 1
backend_server/internal/config/config.go:284.35,285.46 1 2
backend_server/internal/config/config.go:285.46,286.9 1 0
backend_server/internal/config/config.go:292.2,305.45 8 1
backend_server/internal/config/config.go:305.45,306.56 1 1
backend_server/internal/config/config.go:306.56,308.4 1 0
backend_server/internal/config/config.go:312.2,313.49 2 1
backend_server/internal/config/config.go:313.49,315.3 1 0
backend_server/internal/config/config.go:318.2,318.45 1 1
backend_server/internal/config/config.go:318.45,320.3 1 0
backend_server/internal/config/config.go:323.2,323.48 1 1
backend_server/internal/config/config.go:323.48,325.3 1 0
backend_server/internal/config/config.go:327.2,327.21 1 1
backend_server/internal/config/config.go:332.38,334.16 2 1
backend_server/internal/config/config.go:334.16,336.3 1 0
backend_server/internal/config/config.go:338.2,339.54 2 1
backend_server/internal/config/config.go:339.54,341.3 1 0
backend_server/internal/config/config.go:343.2,343.24 1 1
backend_server/internal/config/config.go:347.46,348.34 1 15
backend_server/internal/config/config.go:348.34,350.17 2 0
backend_server/internal/config/config.go:350.17,352.4 1 0
backend_server/internal/config/config.go:353.3,354.23 2 0
backend_server/internal/config/config.go:356.2,356.18 1 15
backend_server/internal/config/config.go:360.38,364.27 2 2
backend_server/internal/config/config.go:364.27,366.17 2 2
backend_server/internal/config/config.go:366.17,368.4 1 0
backend_server/internal/config/config.go:370.3,371.50 2 2
backend_server/internal/config/config.go:371.50,373.4 1 0
backend_server/internal/config/config.go:377.2,377.31 1 2
backend_server/internal/config/config.go:377.31,379.17 2 2
backend_server/internal/config/config.go:379.17,381.4 1 0
backend_server/internal/config/config.go:382.3,382.64 1 2
backend_server/internal/config/config.go:382.64,384.4 1 0
backend_server/internal/config/config.go:387.2,387.31 1 2
backend_server/internal/config/config.go:387.31,389.17 2 2
backend_server/internal/config/config.go:389.17,391.4 1 0
backend_server/internal/config/config.go:392.3,392.64 1 2
backend_server/internal/config/config.go:392.64,394.4 1 0
backend_server/internal/config/config.go:397.2,397.36 1 2
backend_server/internal/config/config.go:397.36,399.17 2 2
backend_server/internal/config/config.go:399.17,401.4 1 0
backend_server/internal/config/config.go:402.3,402.69 1 2
backend_server/internal/config/config.go:402.69,404.4 1 0
backend_server/internal/config/config.go:408.2,408.33 1 2
backend_server/internal/config/config.go:408.33,410.17 2 2
backend_server/internal/config/config.go:410.17,412.4 1 0
backend_server/internal/config/config.go:413.3,413.66 1 2
backend_server/internal/config/config.go:413.66,415.4 1 0
backend_server/internal/config/config.go:419.2,419.24 1 2
backend_server/internal/config/config.go:419.24,421.17 2 2
backend_server/internal/config/config.go:421.17,423.4 1 0
backend_server/internal/config/config.go:424.3,425.51 2 2
backend_server/internal/config/config.go:425.51,427.4 1 0
backend_server/internal/config/config.go:431.2,431.37 1 2
backend_server/internal/config/config.go:431.37,433.17 2 2
backend_server/internal/config/config.go:433.17,435.4 1 0
backend_server/internal/config/config.go:436.3,436.70 1 2
backend_server/internal/config/config.go:436.70,438.4 1 0
backend_server/internal/config/config.go:441.2,441.12 1 2
backend_server/internal/config/config.go:456.31,458.2 1 1
backend_server/internal/config/config.go:462.72,463.12 1 6
backend_server/internal/config/config.go:463.12,465.3 1 2
backend_server/internal/config/config.go:466.2,466.16 1 4
backend_server/internal/config/config.go:466.16,468.3 1 1
backend_server/internal/config/config.go:469.2,469.12 1 3
backend_server/internal/config/config.go:469.12,471.3 1 1
backend_server/internal/config/config.go:472.2,472.18 1 2
backend_server/internal/config/config.go:472.18,474.3 1 1
backend_server/internal/config/config.go:475.2,475.19 1 1
backend_server/internal/config/config.go:479.48,485.2 1 1
backend_server/internal/config/config.go:489.20,491.16 2 1
backend_server/internal/config/config.go:491.16,494.3 1 0
backend_server/internal/config/config.go:497.2,587.41 67 1
backend_server/internal/config/config.go:591.37,593.16 2 3
backend_server/internal/config/config.go:593.16,595.3 1 0
backend_server/internal/config/config.go:596.2,597.56 2 3
backend_server/internal/config/config.go:597.56,599.3 1 0
backend_server/internal/config/config.go:600.2,600.26 1 3
backend_server/internal/config/config.go:604.47,606.19 2 2
backend_server/internal/config/config.go:606.19,608.3 1 1
backend_server/internal/config/config.go:610.2,611.16 2 2
backend_server/internal/config/config.go:611.16,613.3 1 0
backend_server/internal/config/config.go:616.2,617.21 2 2
backend_server/internal/config/config.go:618.12,619.28 1 1
backend_server/internal/config/config.go:620.20,621.32 1 0
backend_server/internal/config/config.go:622.16,623.28 1 0
backend_server/internal/config/config.go:624.18,625.30 1 1
backend_server/internal/config/config.go:626.10,627.23 1 0
backend_server/internal/config/config.go:630.2,631.55 2 2
backend_server/internal/config/config.go:631.55,633.3 1 0
backend_server/internal/config/config.go:635.2,635.25 1 2
backend_server/internal/config/config.go:639.40,641.49 1 8
backend_server/internal/config/config.go:641.49,643.3 1 1
backend_server/internal/config/config.go:646.2,647.19 2 7
backend_server/internal/config/config.go:647.19,649.3 1 1
backend_server/internal/config/config.go:650.2,650.19 1 7
backend_server/internal/config/config.go:650.19,652.3 1 1
backend_server/internal/config/config.go:654.2,654.24 1 6
backend_server/internal/config/config.go:654.24,656.3 1 1
backend_server/internal/config/config.go:658.2,658.29 1 5
backend_server/internal/config/config.go:658.29,660.3 1 1
backend_server/internal/config/config.go:663.2,664.21 2 4
backend_server/internal/config/config.go:664.21,666.3 1 4
backend_server/internal/config/config.go:667.2,667.76 1 4
backend_server/internal/config/config.go:667.76,669.3 1 0
backend_server/internal/config/config.go:672.2,672.42 1 4
backend_server/internal/config/config.go:672.42,673.24 1 2
backend_server/internal/config/config.go:673.24,675.4 1 1
backend_server/internal/config/config.go:676.3,676.33 1 1
backend_server/internal/config/config.go:676.33,678.4 1 1
backend_server/internal/config/config.go:681.2,681.12 1 2
backend_server/internal/config/root_key_config.go:15.39,17.16 2 0
backend_server/internal/config/root_key_config.go:17.16,19.3 1 0
backend_server/internal/config/root_key_config.go:21.2,21.50 1 0
backend_server/internal/config/root_key_config.go:25.78,27.49 1 0
backend_server/internal/config/root_key_config.go:27.49,29.3 1 0
backend_server/internal/config/root_key_config.go:32.2,33.16 2 0
backend_server/internal/config/root_key_config.go:33.16,35.3 1 0
backend_server/internal/config/root_key_config.go:38.2,39.56 2 0
backend_server/internal/config/root_key_config.go:39.56,41.3 1 0
backend_server/internal/config/root_key_config.go:43.2,43.22 1 0
backend_server/internal/config/settings_matrix.go:254.48,258.13 3 0
backend_server/internal/config/settings_matrix.go:258.13,261.3 2 0
backend_server/internal/config/settings_matrix.go:264.2,275.19 7 0
backend_server/internal/config/settings_matrix.go:275.19,278.3 2 0
backend_server/internal/config/settings_matrix.go:279.2,279.22 1 0
backend_server/internal/config/settings_matrix.go:279.22,282.3 2 0
backend_server/internal/config/settings_matrix.go:283.2,283.25 1 0
backend_server/internal/config/settings_matrix.go:283.25,286.3 2 0
backend_server/internal/config/settings_matrix.go:288.2,288.25 1 0
backend_server/internal/config/settings_matrix.go:288.25,290.3 1 0
backend_server/internal/config/settings_matrix.go:293.2,294.40 2 0
backend_server/internal/config/settings_matrix.go:294.40,296.3 1 0
backend_server/internal/config/settings_matrix.go:297.2,297.43 1 0
backend_server/internal/config/settings_matrix.go:297.43,299.3 1 0
backend_server/internal/config/settings_matrix.go:300.2,300.44 1 0
backend_server/internal/config/settings_matrix.go:300.44,302.3 1 0
backend_server/internal/config/settings_matrix.go:303.2,303.45 1 0
backend_server/internal/config/settings_matrix.go:303.45,305.3 1 0
backend_server/internal/config/settings_matrix.go:306.2,306.43 1 0
backend_server/internal/config/settings_matrix.go:306.43,308.3 1 0
backend_server/internal/config/settings_matrix.go:309.2,309.43 1 0
backend_server/internal/config/settings_matrix.go:309.43,311.3 1 0
backend_server/internal/config/settings_matrix.go:314.2,318.42 3 0
backend_server/internal/config/settings_matrix.go:318.42,320.3 1 0
backend_server/internal/config/settings_matrix.go:321.2,321.39 1 0
backend_server/internal/config/settings_matrix.go:321.39,323.3 1 0
backend_server/internal/config/settings_matrix.go:324.2,324.40 1 0
backend_server/internal/config/settings_matrix.go:324.40,326.3 1 0
backend_server/internal/config/settings_matrix.go:327.2,327.42 1 0
backend_server/internal/config/settings_matrix.go:327.42,329.3 1 0
backend_server/internal/config/settings_matrix.go:332.2,333.39 2 0
backend_server/internal/config/settings_matrix.go:333.39,335.3 1 0
backend_server/internal/config/settings_matrix.go:337.2,337.58 1 0
backend_server/internal/proto/bootnode_key.pb.go:31.47,36.2 4 0
backend_server/internal/proto/bootnode_key.pb.go:38.55,40.2 1 0
backend_server/internal/proto/bootnode_key.pb.go:42.53,42.54 0 0
backend_server/internal/proto/bootnode_key.pb.go:44.75,46.14 2 0
backend_server/internal/proto/bootnode_key.pb.go:46.14,48.34 2 0
backend_server/internal/proto/bootnode_key.pb.go:48.34,50.4 1 0
backend_server/internal/proto/bootnode_key.pb.go:51.3,51.12 1 0
backend_server/internal/proto/bootnode_key.pb.go:53.2,53.24 1 0
backend_server/internal/proto/bootnode_key.pb.go:57.66,59.2 1 0
backend_server/internal/proto/bootnode_key.pb.go:61.67,62.14 1 0
backend_server/internal/proto/bootnode_key.pb.go:62.14,64.3 1 0
backend_server/internal/proto/bootnode_key.pb.go:65.2,65.11 1 0
backend_server/internal/proto/bootnode_key.pb.go:77.44,82.2 4 0
backend_server/internal/proto/bootnode_key.pb.go:84.52,86.2 1 0
backend_server/internal/proto/bootnode_key.pb.go:88.50,88.51 0 0
backend_server/internal/proto/bootnode_key.pb.go:90.72,92.14 2 0
backend_server/internal/proto/bootnode_key.pb.go:92.14,94.34 2 0
backend_server/internal/proto/bootnode_key.pb.go:94.34,96.4 1 0
backend_server/internal/proto/bootnode_key.pb.go:97.3,97.12 1 0
backend_server/internal/proto/bootnode_key.pb.go:99.2,99.24 1 0
backend_server/internal/proto/bootnode_key.pb.go:103.63,105.2 1 0
backend_server/internal/proto/bootnode_key.pb.go:107.65,108.14 1 0
backend_server/internal/proto/bootnode_key.pb.go:108.14,110.3 1 0
backend_server/internal/proto/bootnode_key.pb.go:111.2,111.12 1 0
backend_server/internal/proto/bootnode_key.pb.go:114.53,115.14 1 0
backend_server/internal/proto/bootnode_key.pb.go:115.14,117.3 1 0
backend_server/internal/proto/bootnode_key.pb.go:118.2,118.12 1 0
backend_server/internal/proto/bootnode_key.pb.go:121.54,122.14 1 0
backend_server/internal/proto/bootnode_key.pb.go:122.14,124.3 1 0
backend_server/internal/proto/bootnode_key.pb.go:125.2,125.12 1 0
backend_server/internal/proto/bootnode_key.pb.go:147.51,148.48 1 0
backend_server/internal/proto/bootnode_key.pb.go:148.48,150.3 1 0
backend_server/internal/proto/bootnode_key.pb.go:151.2,151.44 1 0
backend_server/internal/proto/bootnode_key.pb.go:167.13,167.47 1 0
backend_server/internal/proto/bootnode_key.pb.go:168.37,169.36 1 0
backend_server/internal/proto/bootnode_key.pb.go:169.36,171.3 1 0
backend_server/internal/proto/bootnode_key.pb.go:172.2,188.39 5 0
backend_server/internal/proto/root_key.pb.go:35.43,40.2 4 0
backend_server/internal/proto/root_key.pb.go:42.51,44.2 1 0
backend_server/internal/proto/root_key.pb.go:46.49,46.50 0 0
backend_server/internal/proto/root_key.pb.go:48.71,50.14 2 0
backend_server/internal/proto/root_key.pb.go:50.14,52.34 2 0
backend_server/internal/proto/root_key.pb.go:52.34,54.4 1 0
backend_server/internal/proto/root_key.pb.go:55.3,55.12 1 0
backend_server/internal/proto/root_key.pb.go:57.2,57.24 1 0
backend_server/internal/proto/root_key.pb.go:61.62,63.2 1 0
backend_server/internal/proto/root_key.pb.go:65.63,66.14 1 0
backend_server/internal/proto/root_key.pb.go:66.14,68.3 1 0
backend_server/internal/proto/root_key.pb.go:69.2,69.11 1 0
backend_server/internal/proto/root_key.pb.go:72.67,73.14 1 0
backend_server/internal/proto/root_key.pb.go:73.14,75.3 1 0
backend_server/internal/proto/root_key.pb.go:76.2,76.11 1 0
backend_server/internal/proto/root_key.pb.go:79.62,80.14 1 0
backend_server/internal/proto/root_key.pb.go:80.14,82.3 1 0
backend_server/internal/proto/root_key.pb.go:83.2,83.11 1 0
backend_server/internal/proto/root_key.pb.go:86.69,87.14 1 0
backend_server/internal/proto/root_key.pb.go:87.14,89.3 1 0
backend_server/internal/proto/root_key.pb.go:90.2,90.11 1 0
backend_server/internal/proto/root_key.pb.go:93.65,94.14 1 0
backend_server/internal/proto/root_key.pb.go:94.14,96.3 1 0
backend_server/internal/proto/root_key.pb.go:97.2,97.11 1 0
backend_server/internal/proto/root_key.pb.go:109.40,114.2 4 0
backend_server/internal/proto/root_key.pb.go:116.48,118.2 1 0
backend_server/internal/proto/root_key.pb.go:120.46,120.47 0 0
backend_server/internal/proto/root_key.pb.go:122.68,124.14 2 0
backend_server/internal/proto/root_key.pb.go:124.14,126.34 2 0
backend_server/internal/proto/root_key.pb.go:126.34,128.4 1 0
backend_server/internal/proto/root_key.pb.go:129.3,129.12 1 0
backend_server/internal/proto/root_key.pb.go:131.2,131.24 1 0
backend_server/internal/proto/root_key.pb.go:135.59,137.2 1 0
backend_server/internal/proto/root_key.pb.go:139.61,140.14 1 0
backend_server/internal/proto/root_key.pb.go:140.14,142.3 1 0
backend_server/internal/proto/root_key.pb.go:143.2,143.12 1 0
backend_server/internal/proto/root_key.pb.go:146.49,147.14 1 0
backend_server/internal/proto/root_key.pb.go:147.14,149.3 1 0
backend_server/internal/proto/root_key.pb.go:150.2,150.12 1 0
backend_server/internal/proto/root_key.pb.go:153.50,154.14 1 0
backend_server/internal/proto/root_key.pb.go:154.14,156.3 1 0
backend_server/internal/proto/root_key.pb.go:157.2,157.12 1 0
backend_server/internal/proto/root_key.pb.go:183.47,184.44 1 0
backend_server/internal/proto/root_key.pb.go:184.44,186.3 1 0
backend_server/internal/proto/root_key.pb.go:187.2,187.40 1 0
backend_server/internal/proto/root_key.pb.go:203.13,203.43 1 0
backend_server/internal/proto/root_key.pb.go:204.33,205.32 1 0
backend_server/internal/proto/root_key.pb.go:205.32,207.3 1 0
backend_server/internal/proto/root_key.pb.go:208.2,224.35 5 0
backend_server/internal/inference_engine/deep_prompts/prompts.go:219.61,221.2 1 3
backend_server/internal/inference_engine/deep_prompts/prompts.go:225.70,227.2 1 3
backend_server/internal/inference_engine/deep_prompts/prompts.go:230.62,232.2 1 12
backend_server/internal/inference_engine/deep_prompts/prompts.go:235.57,237.27 2 18
backend_server/internal/inference_engine/deep_prompts/prompts.go:237.27,240.32 1 22
backend_server/internal/inference_engine/deep_prompts/prompts.go:240.32,242.4 1 21
backend_server/internal/inference_engine/deep_prompts/prompts.go:244.2,244.15 1 18
backend_server/internal/inference_engine/deep_prompts/prompts.go:248.46,250.11 2 29
backend_server/internal/inference_engine/deep_prompts/prompts.go:250.11,252.3 1 3
backend_server/internal/inference_engine/deep_prompts/prompts.go:253.2,253.37 1 26
backend_server/internal/inference_engine/deep_prompts/prompts.go:257.36,258.43 1 38
backend_server/internal/inference_engine/deep_prompts/prompts.go:258.43,259.35 1 13853
backend_server/internal/inference_engine/deep_prompts/prompts.go:259.35,261.4 1 32
backend_server/internal/inference_engine/deep_prompts/prompts.go:263.2,263.11 1 6
backend_server/internal/database/buntdb.go:19.38,21.16 2 15
backend_server/internal/database/buntdb.go:21.16,23.3 1 0
backend_server/internal/database/buntdb.go:24.2,25.54 2 15
backend_server/internal/database/buntdb.go:25.54,27.3 1 0
backend_server/internal/database/buntdb.go:28.2,28.24 1 15
backend_server/internal/database/buntdb.go:53.53,55.51 1 13
backend_server/internal/database/buntdb.go:55.51,57.47 2 0
backend_server/internal/database/buntdb.go:57.47,59.4 1 0
backend_server/internal/database/buntdb.go:63.2,64.16 2 13
backend_server/internal/database/buntdb.go:64.16,67.47 2 0
backend_server/internal/database/buntdb.go:67.47,69.4 1 0
backend_server/internal/database/buntdb.go:71.3,72.17 2 0
backend_server/internal/database/buntdb.go:72.17,74.4 1 0
backend_server/internal/database/buntdb.go:77.2,82.16 4 13
backend_server/internal/database/buntdb.go:82.16,85.3 2 0
backend_server/internal/database/buntdb.go:85.8,87.3 1 13
backend_server/internal/database/buntdb.go:89.2,105.61 3 13
backend_server/internal/database/buntdb.go:105.61,108.3 2 0
backend_server/internal/database/buntdb.go:111.2,111.48 1 13
backend_server/internal/database/buntdb.go:111.48,115.3 3 0
backend_server/internal/database/buntdb.go:118.2,120.21 2 13
backend_server/internal/database/buntdb.go:124.48,125.48 1 13
backend_server/internal/database/buntdb.go:125.48,181.3 35 13
backend_server/internal/database/buntdb.go:185.45,187.2 1 1
backend_server/internal/database/buntdb.go:190.40,195.22 3 13
backend_server/internal/database/buntdb.go:195.22,197.3 1 13
backend_server/internal/database/buntdb.go:200.2,200.35 1 13
backend_server/internal/database/buntdb.go:200.35,201.50 1 13
backend_server/internal/database/buntdb.go:201.50,203.4 1 0
backend_server/internal/database/buntdb.go:207.2,207.18 1 13
backend_server/internal/database/buntdb.go:207.18,209.3 1 13
backend_server/internal/database/buntdb.go:211.2,211.12 1 0
backend_server/internal/database/buntdb.go:215.72,216.48 1 2
backend_server/internal/database/buntdb.go:216.48,218.17 2 2
backend_server/internal/database/buntdb.go:218.17,220.4 1 0
backend_server/internal/database/buntdb.go:221.3,222.13 2 2
backend_server/internal/database/buntdb.go:227.70,228.46 1 3
backend_server/internal/database/buntdb.go:228.46,230.17 2 3
backend_server/internal/database/buntdb.go:230.17,232.4 1 1
backend_server/internal/database/buntdb.go:233.3,233.45 1 2
backend_server/internal/database/buntdb.go:238.54,239.48 1 1
backend_server/internal/database/buntdb.go:239.48,242.3 2 1
backend_server/internal/database/buntdb.go:246.69,250.19 2 1
backend_server/internal/database/buntdb.go:250.19,251.47 1 1
backend_server/internal/database/buntdb.go:251.47,252.54 1 1
backend_server/internal/database/buntdb.go:252.54,255.5 2 3
backend_server/internal/database/buntdb.go:257.3,257.19 1 1
backend_server/internal/database/buntdb.go:261.2,261.46 1 0
backend_server/internal/database/buntdb.go:261.46,262.62 1 0
backend_server/internal/database/buntdb.go:262.62,265.4 2 0
backend_server/internal/database/buntdb.go:267.2,267.18 1 0
backend_server/internal/database/buntdb.go:271.65,273.46 2 1
backend_server/internal/database/buntdb.go:273.46,274.58 1 1
backend_server/internal/database/buntdb.go:274.58,277.4 2 3
backend_server/internal/database/buntdb.go:279.2,279.19 1 1
backend_server/internal/database/buntdb.go:283.81,284.48 1 1
backend_server/internal/database/buntdb.go:284.48,288.3 3 1
backend_server/internal/database/buntdb.go:292.71,294.2 1 1
backend_server/internal/database/buntdb.go:297.75,299.2 1 1
backend_server/internal/database/buntdb.go:302.63,304.46 2 8
backend_server/internal/database/buntdb.go:304.46,306.17 2 8
backend_server/internal/database/buntdb.go:306.17,308.4 1 3
backend_server/internal/database/buntdb.go:309.3,310.13 2 5
backend_server/internal/database/buntdb.go:312.2,312.19 1 8
backend_server/internal/database/buntdb.go:316.60,317.48 1 14
backend_server/internal/database/buntdb.go:317.48,320.3 2 14
backend_server/internal/database/buntdb.go:324.50,330.6 5 13
backend_server/internal/database/buntdb.go:330.6,331.10 1 13
backend_server/internal/database/buntdb.go:332.24,333.10 1 13
backend_server/internal/database/buntdb.go:334.25,335.27 1 0
backend_server/internal/database/buntdb.go:336.25,337.21 1 0
backend_server/internal/database/buntdb.go:337.21,338.51 1 0
backend_server/internal/database/buntdb.go:338.51,340.6 1 0
backend_server/internal/database/buntdb.go:347.47,352.46 3 1
backend_server/internal/database/buntdb.go:352.46,355.53 2 1
backend_server/internal/database/buntdb.go:355.53,358.4 2 2
backend_server/internal/database/buntdb.go:361.2,364.19 3 1
backend_server/internal/database/buntdb.go:364.19,366.3 1 0
backend_server/internal/database/buntdb.go:370.60,371.20 1 14
backend_server/internal/database/buntdb.go:371.20,373.3 1 0
backend_server/internal/database/buntdb.go:375.2,380.16 4 14
backend_server/internal/database/buntdb.go:380.16,382.3 1 0
backend_server/internal/database/buntdb.go:383.2,386.45 2 14
backend_server/internal/database/buntdb.go:386.45,389.17 2 14
backend_server/internal/database/buntdb.go:389.17,391.4 1 0
backend_server/internal/database/buntdb.go:392.3,395.53 2 14
backend_server/internal/database/buntdb.go:395.53,396.54 1 14
backend_server/internal/database/buntdb.go:396.54,399.5 2 19
backend_server/internal/database/buntdb.go:401.3,401.17 1 14
backend_server/internal/database/buntdb.go:401.17,403.4 1 0
backend_server/internal/database/buntdb.go:406.3,406.33 1 14
backend_server/internal/database/buntdb.go:409.2,409.16 1 14
backend_server/internal/database/buntdb.go:409.16,412.3 2 0
backend_server/internal/database/buntdb.go:414.2,419.12 3 14
backend_server/internal/database/buntdb.go:423.46,425.16 2 15
backend_server/internal/database/buntdb.go:425.16,428.3 2 0
backend_server/internal/database/buntdb.go:430.2,430.33 1 15
backend_server/internal/database/buntdb.go:430.33,432.3 1 10
backend_server/internal/database/buntdb.go:435.2,441.29 3 5
backend_server/internal/database/buntdb.go:441.29,442.45 1 49
backend_server/internal/database/buntdb.go:442.45,447.4 1 49
backend_server/internal/database/buntdb.go:451.2,451.40 1 5
backend_server/internal/database/buntdb.go:451.40,452.43 1 44
backend_server/internal/database/buntdb.go:452.43,453.56 1 230
backend_server/internal/database/buntdb.go:453.56,455.5 1 11
backend_server/internal/database/buntdb.go:460.2,461.32 2 5
backend_server/internal/database/buntdb.go:461.32,462.54 1 7
backend_server/internal/database/buntdb.go:462.54,464.4 1 0
backend_server/internal/database/buntdb.go:464.9,466.4 1 7
backend_server/internal/database/buntdb.go:471.46,473.49 1 17
backend_server/internal/database/buntdb.go:473.49,475.3 1 14
backend_server/internal/database/buntdb.go:478.2,479.16 2 3
backend_server/internal/database/buntdb.go:479.16,481.3 1 0
backend_server/internal/database/buntdb.go:482.2,486.16 3 3
backend_server/internal/database/buntdb.go:486.16,488.3 1 0
backend_server/internal/database/buntdb.go:490.2,490.42 1 3
backend_server/internal/database/buntdb.go:490.42,492.3 1 1
backend_server/internal/database/buntdb.go:498.2,499.16 2 2
backend_server/internal/database/buntdb.go:499.16,501.3 1 0
backend_server/internal/database/buntdb.go:504.2,504.46 1 2
backend_server/internal/database/buntdb.go:504.46,507.53 2 2
backend_server/internal/database/buntdb.go:507.53,510.4 2 0
backend_server/internal/database/buntdb.go:513.2,515.45 2 2
backend_server/internal/database/buntdb.go:515.45,518.3 1 0
backend_server/internal/database/buntdb.go:520.2,520.12 1 2
backend_server/internal/database/buntdb.go:524.41,530.16 4 1
backend_server/internal/database/buntdb.go:530.16,533.3 2 0
backend_server/internal/database/buntdb.go:533.8,535.3 1 1
backend_server/internal/database/buntdb.go:537.2,540.37 3 1
backend_server/internal/database/buntdb.go:540.37,543.64 2 0
backend_server/internal/database/buntdb.go:543.64,545.4 1 0
backend_server/internal/database/buntdb.go:546.3,546.13 1 0
backend_server/internal/database/buntdb.go:550.2,553.33 3 1
backend_server/internal/database/buntdb.go:553.33,554.47 1 11
backend_server/internal/database/buntdb.go:554.47,555.40 1 11
backend_server/internal/database/buntdb.go:555.40,558.5 2 9
backend_server/internal/database/buntdb.go:562.2,562.24 1 1
backend_server/internal/database/buntdb.go:562.24,564.3 1 0
backend_server/internal/database/buntdb.go:567.2,567.59 1 1
backend_server/internal/database/buntdb.go:567.59,571.34 3 0
backend_server/internal/database/buntdb.go:571.34,572.30 1 0
backend_server/internal/database/buntdb.go:572.30,573.13 1 0
backend_server/internal/database/buntdb.go:575.4,575.55 1 0
backend_server/internal/database/buntdb.go:575.55,577.10 2 0
backend_server/internal/database/buntdb.go:581.3,581.24 1 0
backend_server/internal/database/buntdb.go:581.24,584.35 2 0
backend_server/internal/database/buntdb.go:584.35,585.45 1 0
backend_server/internal/database/buntdb.go:585.45,587.6 1 0
backend_server/internal/database/buntdb.go:590.4,590.65 1 0
backend_server/internal/database/buntdb.go:590.65,592.5 1 0
backend_server/internal/database/buntdb.go:593.4,593.14 1 0
backend_server/internal/database/buntdb.go:595.3,595.29 1 0
backend_server/internal/database/buntdb.go:598.2,602.16 3 1
backend_server/internal/database/buntdb.go:602.16,604.3 1 0
backend_server/internal/database/buntdb.go:605.2,608.16 3 1
backend_server/internal/database/buntdb.go:608.16,610.3 1 0
backend_server/internal/database/buntdb.go:611.2,613.45 2 1
backend_server/internal/database/buntdb.go:613.45,615.3 1 0
backend_server/internal/database/buntdb.go:617.2,618.12 2 1
backend_server/internal/objects/model.go:218.32,220.2 1 5
backend_server/internal/objects/model.go:223.34,225.2 1 3
backend_server/internal/objects/model.go:228.33,230.2 1 4
backend_server/internal/objects/model.go:233.32,235.2 1 3
backend_server/internal/objects/model.go:238.34,240.2 1 3
backend_server/internal/objects/tee_security.go:135.40,137.2 1 4
backend_server/internal/objects/tee_security.go:139.42,141.2 1 8
backend_server/internal/objects/tee_security.go:143.42,145.2 1 4
backend_server/internal/objects/tee_security.go:147.42,149.2 1 4
backend_server/internal/objects/tee_security.go:151.48,155.2 1 4
backend_server/internal/objects/tee_security.go:157.57,158.43 1 3
backend_server/internal/objects/tee_security.go:158.43,159.26 1 4
backend_server/internal/objects/tee_security.go:159.26,161.4 1 1
backend_server/internal/objects/tee_security.go:163.2,163.14 1 2
backend_server/internal/objects/tee_security.go:166.55,170.2 1 4
backend_server/internal/objects/tee_security.go:172.40,174.2 1 7
backend_server/internal/objects/tee_security.go:176.40,178.2 1 4
backend_server/internal/objects/user.go:161.59,162.14 1 0
backend_server/internal/objects/user.go:163.17,175.4 1 0
backend_server/internal/objects/user.go:176.18,188.4 1 0
backend_server/internal/objects/user.go:189.10,190.27 1 0
backend_server/internal/objects/user.go:203.60,206.43 2 2
backend_server/internal/objects/user.go:206.43,208.3 1 0
backend_server/internal/objects/user.go:211.2,213.64 2 2
backend_server/internal/objects/user.go:217.55,219.16 2 3
backend_server/internal/objects/user.go:219.16,221.3 1 0
backend_server/internal/objects/user.go:223.2,224.16 2 3
backend_server/internal/objects/user.go:224.16,226.3 1 0
backend_server/internal/objects/user.go:228.2,229.50 2 3
backend_server/internal/objects/user.go:233.54,235.44 2 2
backend_server/internal/objects/user.go:235.44,237.3 1 0
backend_server/internal/objects/user.go:238.2,238.39 1 2
backend_server/internal/objects/user.go:242.31,244.2 1 4
backend_server/internal/objects/user.go:247.39,249.2 1 7
backend_server/internal/objects/user.go:252.32,253.26 1 5
backend_server/internal/objects/user.go:253.26,255.3 1 2
backend_server/internal/objects/user.go:256.2,256.42 1 3
backend_server/internal/objects/user.go:260.32,262.2 1 3
backend_server/internal/objects/user.go:265.91,267.13 2 5
backend_server/internal/objects/user.go:267.13,269.3 1 1
backend_server/internal/objects/user.go:271.2,271.32 1 4
backend_server/internal/objects/user.go:271.32,272.22 1 7
backend_server/internal/objects/user.go:272.22,274.4 1 2
backend_server/internal/objects/user.go:276.2,276.14 1 2
backend_server/internal/objects/user.go:280.37,281.43 1 4
backend_server/internal/objects/user.go:281.43,283.3 1 1
backend_server/internal/objects/user.go:284.2,284.19 1 3
backend_server/internal/objects/user.go:288.40,290.2 1 4
backend_server/internal/objects/user.go:293.46,295.2 1 3
backend_server/internal/objects/user.go:298.40,300.2 1 1
backend_server/internal/objects/user.go:303.37,304.26 1 5
backend_server/internal/objects/user.go:304.26,306.3 1 2
backend_server/internal/objects/user.go:307.2,307.42 1 3
backend_server/internal/objects/user.go:311.39,313.2 1 2
backend_server/internal/objects/user.go:316.80,320.31 3 3
backend_server/internal/objects/user.go:320.31,323.3 2 1
backend_server/internal/objects/user.go:327.29,330.2 2 1
backend_server/internal/services/blockchain/nrn_client.go:21.46,28.2 1 5
backend_server/internal/services/blockchain/nrn_client.go:31.139,35.16 3 4
backend_server/internal/services/blockchain/nrn_client.go:35.16,37.3 1 0
backend_server/internal/services/blockchain/nrn_client.go:38.2,40.38 2 4
backend_server/internal/services/blockchain/nrn_client.go:40.38,42.3 1 0
backend_server/internal/services/blockchain/nrn_client.go:44.2,48.70 2 4
backend_server/internal/services/blockchain/nrn_client.go:48.70,50.3 1 0
backend_server/internal/services/blockchain/nrn_client.go:53.2,53.41 1 4
backend_server/internal/services/blockchain/nrn_client.go:53.41,54.41 1 4
backend_server/internal/services/blockchain/nrn_client.go:54.41,55.36 1 4
backend_server/internal/services/blockchain/nrn_client.go:55.36,57.35 1 3
backend_server/internal/services/blockchain/nrn_client.go:57.35,59.6 1 1
backend_server/internal/services/blockchain/nrn_client.go:60.5,60.35 1 2
backend_server/internal/services/blockchain/nrn_client.go:60.35,62.6 1 1
backend_server/internal/services/blockchain/nrn_client.go:65.5,79.24 4 1
backend_server/internal/services/blockchain/nrn_client.go:84.2,84.74 1 1
backend_server/internal/services/blockchain/nrn_client.go:88.67,91.16 3 1
backend_server/internal/services/blockchain/nrn_client.go:91.16,93.3 1 0
backend_server/internal/services/blockchain/nrn_client.go:94.2,96.38 2 1
backend_server/internal/services/blockchain/nrn_client.go:96.38,98.3 1 0
backend_server/internal/services/blockchain/nrn_client.go:100.2,101.65 2 1
backend_server/internal/services/blockchain/nrn_client.go:101.65,103.3 1 0
backend_server/internal/services/blockchain/nrn_client.go:105.2,105.18 1 1
backend_server/internal/services/blockchain/nrn_client.go:109.73,113.16 3 1
backend_server/internal/services/blockchain/nrn_client.go:113.16,115.3 1 0
backend_server/internal/services/blockchain/nrn_client.go:117.2,118.16 2 1
backend_server/internal/services/blockchain/nrn_client.go:118.16,120.3 1 0
backend_server/internal/services/blockchain/nrn_client.go:121.2,123.43 2 1
backend_server/internal/services/blockchain/nrn_client.go:123.43,126.3 2 0
backend_server/internal/services/blockchain/nrn_client.go:128.2,131.67 2 1
backend_server/internal/services/blockchain/nrn_client.go:131.67,133.3 1 0
backend_server/internal/services/blockchain/nrn_client.go:135.2,135.27 1 1
backend_server/internal/services/blockchain/nrn_client.go:139.71,142.19 1 2
backend_server/internal/services/blockchain/nrn_client.go:142.19,144.3 1 1
backend_server/internal/services/blockchain/nrn_client.go:146.2,146.21 1 1
backend_server/internal/inference_engine/anthropic_provider.go:57.13,61.2 3 1
backend_server/internal/inference_engine/anthropic_provider.go:63.100,73.26 3 2
backend_server/internal/inference_engine/anthropic_provider.go:73.26,75.3 1 0
backend_server/internal/inference_engine/anthropic_provider.go:76.2,76.33 1 2
backend_server/internal/inference_engine/anthropic_provider.go:76.33,78.3 1 0
backend_server/internal/inference_engine/anthropic_provider.go:79.2,80.17 2 2
backend_server/internal/inference_engine/anthropic_provider.go:83.43,85.2 1 1
backend_server/internal/inference_engine/anthropic_provider.go:87.47,89.2 1 0
backend_server/internal/inference_engine/anthropic_provider.go:91.57,100.35 4 0
backend_server/internal/inference_engine/anthropic_provider.go:100.35,102.3 1 0
backend_server/internal/inference_engine/anthropic_provider.go:103.2,103.16 1 0
backend_server/internal/inference_engine/anthropic_provider.go:106.107,108.2 1 0
backend_server/internal/inference_engine/anthropic_provider.go:110.142,116.31 5 0
backend_server/internal/inference_engine/anthropic_provider.go:116.31,118.84 2 0
backend_server/internal/inference_engine/anthropic_provider.go:118.84,120.4 1 0
backend_server/internal/inference_engine/anthropic_provider.go:120.9,120.51 1 0
backend_server/internal/inference_engine/anthropic_provider.go:120.51,122.12 2 0
backend_server/internal/inference_engine/anthropic_provider.go:124.3,124.88 1 0
backend_server/internal/inference_engine/anthropic_provider.go:127.2,134.55 2 0
backend_server/internal/inference_engine/anthropic_provider.go:134.55,136.3 1 0
backend_server/internal/inference_engine/anthropic_provider.go:137.2,137.57 1 0
backend_server/internal/inference_engine/anthropic_provider.go:137.57,139.3 1 0
backend_server/internal/inference_engine/anthropic_provider.go:140.2,140.48 1 0
backend_server/internal/inference_engine/anthropic_provider.go:140.48,142.3 1 0
backend_server/internal/inference_engine/anthropic_provider.go:144.2,144.26 1 0
backend_server/internal/inference_engine/anthropic_provider.go:147.72,149.56 2 0
backend_server/internal/inference_engine/anthropic_provider.go:149.56,151.3 1 0
backend_server/internal/inference_engine/anthropic_provider.go:153.2,153.69 1 0
backend_server/internal/inference_engine/anthropic_provider.go:153.69,155.3 1 0
backend_server/internal/inference_engine/anthropic_provider.go:157.2,157.70 1 0
backend_server/internal/inference_engine/anthropic_provider.go:160.67,163.16 3 0
backend_server/internal/inference_engine/anthropic_provider.go:163.16,165.3 1 0
backend_server/internal/inference_engine/anthropic_provider.go:166.2,166.63 1 0
backend_server/internal/inference_engine/anthropic_provider.go:166.63,168.3 1 0
backend_server/internal/inference_engine/anthropic_provider.go:169.2,169.81 1 0
backend_server/internal/inference_engine/anthropic_provider.go:169.81,171.3 1 0
backend_server/internal/inference_engine/anthropic_provider.go:172.2,172.46 1 0
backend_server/internal/inference_engine/anthropic_provider.go:172.46,174.3 1 0
backend_server/internal/inference_engine/anthropic_provider.go:177.70,180.13 3 0
backend_server/internal/inference_engine/anthropic_provider.go:181.15,182.34 1 0
backend_server/internal/inference_engine/anthropic_provider.go:182.34,184.4 1 0
backend_server/internal/inference_engine/anthropic_provider.go:185.20,186.31 1 0
backend_server/internal/inference_engine/anthropic_provider.go:186.31,188.4 1 0
backend_server/internal/inference_engine/anthropic_provider.go:194.137,196.2 1 0
backend_server/internal/inference_engine/anthropic_provider.go:197.78,197.94 1 0
backend_server/internal/inference_engine/anthropic_provider.go:198.78,198.98 1 0
backend_server/internal/inference_engine/anthropic_provider.go:199.79,199.80 0 0
backend_server/internal/inference_engine/anthropic_provider.go:200.78,200.99 1 0
backend_server/internal/inference_engine/anthropic_provider.go:201.78,201.94 1 0
backend_server/internal/inference_engine/anthropic_provider.go:202.113,204.2 1 0
backend_server/internal/inference_engine/anthropic_provider.go:205.79,207.2 1 0
backend_server/internal/inference_engine/cerebras_provider.go:181.13,186.2 3 1
backend_server/internal/inference_engine/cerebras_provider.go:192.99,204.26 3 0
backend_server/internal/inference_engine/cerebras_provider.go:204.26,206.3 1 0
backend_server/internal/inference_engine/cerebras_provider.go:208.2,208.33 1 0
backend_server/internal/inference_engine/cerebras_provider.go:208.33,210.3 1 0
backend_server/internal/inference_engine/cerebras_provider.go:211.2,212.17 2 0
backend_server/internal/inference_engine/cerebras_provider.go:216.42,218.2 1 0
backend_server/internal/inference_engine/cerebras_provider.go:221.46,225.2 2 0
backend_server/internal/inference_engine/cerebras_provider.go:228.56,237.20 4 0
backend_server/internal/inference_engine/cerebras_provider.go:237.20,239.3 1 0
backend_server/internal/inference_engine/cerebras_provider.go:239.8,242.3 1 0
backend_server/internal/inference_engine/cerebras_provider.go:243.2,243.35 1 0
backend_server/internal/inference_engine/cerebras_provider.go:243.35,245.3 1 0
backend_server/internal/inference_engine/cerebras_provider.go:246.2,246.16 1 0
backend_server/internal/inference_engine/cerebras_provider.go:251.88,253.31 2 0
backend_server/internal/inference_engine/cerebras_provider.go:253.31,255.36 2 0
backend_server/internal/inference_engine/cerebras_provider.go:256.38,257.36 1 0
backend_server/internal/inference_engine/cerebras_provider.go:258.13,259.22 1 0
backend_server/internal/inference_engine/cerebras_provider.go:264.3,269.44 2 0
backend_server/internal/inference_engine/cerebras_provider.go:271.2,271.20 1 0
backend_server/internal/inference_engine/cerebras_provider.go:275.78,276.26 1 0
backend_server/internal/inference_engine/cerebras_provider.go:276.26,278.3 1 0
backend_server/internal/inference_engine/cerebras_provider.go:279.2,280.34 2 0
backend_server/internal/inference_engine/cerebras_provider.go:280.34,281.30 1 0
backend_server/internal/inference_engine/cerebras_provider.go:281.30,283.12 2 0
backend_server/internal/inference_engine/cerebras_provider.go:287.3,293.38 2 0
backend_server/internal/inference_engine/cerebras_provider.go:293.38,295.76 2 0
backend_server/internal/inference_engine/cerebras_provider.go:295.76,297.5 1 0
backend_server/internal/inference_engine/cerebras_provider.go:297.10,299.5 1 0
backend_server/internal/inference_engine/cerebras_provider.go:302.3,314.39 2 0
backend_server/internal/inference_engine/cerebras_provider.go:316.2,316.22 1 0
backend_server/internal/inference_engine/cerebras_provider.go:321.65,322.24 1 0
backend_server/internal/inference_engine/cerebras_provider.go:322.24,324.3 1 0
backend_server/internal/inference_engine/cerebras_provider.go:325.2,325.47 1 0
backend_server/internal/inference_engine/cerebras_provider.go:325.47,327.82 2 0
backend_server/internal/inference_engine/cerebras_provider.go:327.82,329.4 1 0
backend_server/internal/inference_engine/cerebras_provider.go:331.3,337.4 2 0
backend_server/internal/inference_engine/cerebras_provider.go:340.2,340.63 1 0
backend_server/internal/inference_engine/cerebras_provider.go:340.63,341.77 1 0
backend_server/internal/inference_engine/cerebras_provider.go:341.77,342.73 1 0
backend_server/internal/inference_engine/cerebras_provider.go:342.73,343.46 1 0
backend_server/internal/inference_engine/cerebras_provider.go:343.46,345.6 1 0
backend_server/internal/inference_engine/cerebras_provider.go:349.2,350.15 2 0
backend_server/internal/inference_engine/cerebras_provider.go:354.106,376.55 10 0
backend_server/internal/inference_engine/cerebras_provider.go:376.55,378.3 1 0
backend_server/internal/inference_engine/cerebras_provider.go:379.2,379.44 1 0
backend_server/internal/inference_engine/cerebras_provider.go:379.44,380.29 1 0
backend_server/internal/inference_engine/cerebras_provider.go:381.12,382.14 1 0
backend_server/internal/inference_engine/cerebras_provider.go:382.14,384.5 1 0
backend_server/internal/inference_engine/cerebras_provider.go:385.16,386.14 1 0
backend_server/internal/inference_engine/cerebras_provider.go:386.14,388.5 1 0
backend_server/internal/inference_engine/cerebras_provider.go:391.2,391.54 1 0
backend_server/internal/inference_engine/cerebras_provider.go:391.54,393.3 1 0
backend_server/internal/inference_engine/cerebras_provider.go:394.2,394.48 1 0
backend_server/internal/inference_engine/cerebras_provider.go:394.48,396.3 1 0
backend_server/internal/inference_engine/cerebras_provider.go:397.2,397.37 1 0
backend_server/internal/inference_engine/cerebras_provider.go:397.37,398.27 1 0
backend_server/internal/inference_engine/cerebras_provider.go:399.12,401.22 2 0
backend_server/internal/inference_engine/cerebras_provider.go:402.14,403.17 1 0
backend_server/internal/inference_engine/cerebras_provider.go:404.16,406.22 2 0
backend_server/internal/inference_engine/cerebras_provider.go:409.2,409.51 1 0
backend_server/internal/inference_engine/cerebras_provider.go:409.51,411.3 1 0
backend_server/internal/inference_engine/cerebras_provider.go:414.2,414.57 1 0
backend_server/internal/inference_engine/cerebras_provider.go:414.57,416.17 2 0
backend_server/internal/inference_engine/cerebras_provider.go:416.17,418.4 1 0
backend_server/internal/inference_engine/cerebras_provider.go:419.3,419.23 1 0
backend_server/internal/inference_engine/cerebras_provider.go:421.2,421.53 1 0
backend_server/internal/inference_engine/cerebras_provider.go:421.53,425.43 2 0
backend_server/internal/inference_engine/cerebras_provider.go:425.43,427.4 1 0
backend_server/internal/inference_engine/cerebras_provider.go:427.9,427.58 1 0
backend_server/internal/inference_engine/cerebras_provider.go:427.58,435.4 2 0
backend_server/internal/inference_engine/cerebras_provider.go:435.9,438.4 1 0
backend_server/internal/inference_engine/cerebras_provider.go:442.2,442.58 1 0
backend_server/internal/inference_engine/cerebras_provider.go:442.58,444.3 1 0
backend_server/internal/inference_engine/cerebras_provider.go:447.2,447.54 1 0
backend_server/internal/inference_engine/cerebras_provider.go:447.54,448.58 1 0
backend_server/internal/inference_engine/cerebras_provider.go:448.58,467.4 1 0
backend_server/internal/inference_engine/cerebras_provider.go:467.9,469.4 1 0
backend_server/internal/inference_engine/cerebras_provider.go:472.2,473.18 2 0
backend_server/internal/inference_engine/cerebras_provider.go:473.18,475.3 1 0
backend_server/internal/inference_engine/cerebras_provider.go:477.2,477.26 1 0
backend_server/internal/inference_engine/cerebras_provider.go:481.136,482.29 1 0
backend_server/internal/inference_engine/cerebras_provider.go:482.29,484.3 1 0
backend_server/internal/inference_engine/cerebras_provider.go:486.2,487.46 2 0
backend_server/internal/inference_engine/cerebras_provider.go:487.46,489.3 1 0
backend_server/internal/inference_engine/cerebras_provider.go:489.8,492.23 3 0
backend_server/internal/inference_engine/cerebras_provider.go:492.23,494.4 1 0
backend_server/internal/inference_engine/cerebras_provider.go:497.2,497.20 1 0
backend_server/internal/inference_engine/cerebras_provider.go:497.20,499.3 1 0
backend_server/internal/inference_engine/cerebras_provider.go:500.2,502.42 2 0
backend_server/internal/inference_engine/cerebras_provider.go:507.141,527.55 10 0
backend_server/internal/inference_engine/cerebras_provider.go:527.55,529.3 1 0
backend_server/internal/inference_engine/cerebras_provider.go:530.2,530.44 1 0
backend_server/internal/inference_engine/cerebras_provider.go:530.44,531.29 1 0
backend_server/internal/inference_engine/cerebras_provider.go:532.12,533.14 1 0
backend_server/internal/inference_engine/cerebras_provider.go:533.14,535.5 1 0
backend_server/internal/inference_engine/cerebras_provider.go:536.16,537.14 1 0
backend_server/internal/inference_engine/cerebras_provider.go:537.14,539.5 1 0
backend_server/internal/inference_engine/cerebras_provider.go:542.2,542.54 1 0
backend_server/internal/inference_engine/cerebras_provider.go:542.54,544.3 1 0
backend_server/internal/inference_engine/cerebras_provider.go:545.2,545.48 1 0
backend_server/internal/inference_engine/cerebras_provider.go:545.48,547.3 1 0
backend_server/internal/inference_engine/cerebras_provider.go:548.2,548.37 1 0
backend_server/internal/inference_engine/cerebras_provider.go:548.37,549.27 1 0
backend_server/internal/inference_engine/cerebras_provider.go:550.12,552.22 2 0
backend_server/internal/inference_engine/cerebras_provider.go:553.14,554.17 1 0
backend_server/internal/inference_engine/cerebras_provider.go:555.16,557.22 2 0
backend_server/internal/inference_engine/cerebras_provider.go:560.2,560.51 1 0
backend_server/internal/inference_engine/cerebras_provider.go:560.51,562.3 1 0
backend_server/internal/inference_engine/cerebras_provider.go:565.2,565.57 1 0
backend_server/internal/inference_engine/cerebras_provider.go:565.57,567.17 2 0
backend_server/internal/inference_engine/cerebras_provider.go:567.17,569.4 1 0
backend_server/internal/inference_engine/cerebras_provider.go:570.3,570.23 1 0
backend_server/internal/inference_engine/cerebras_provider.go:572.2,572.53 1 0
backend_server/internal/inference_engine/cerebras_provider.go:572.53,574.43 2 0
backend_server/internal/inference_engine/cerebras_provider.go:574.43,576.4 1 0
backend_server/internal/inference_engine/cerebras_provider.go:576.9,580.4 2 0
backend_server/internal/inference_engine/cerebras_provider.go:584.2,584.58 1 0
backend_server/internal/inference_engine/cerebras_provider.go:584.58,586.3 1 0
backend_server/internal/inference_engine/cerebras_provider.go:589.2,589.54 1 0
backend_server/internal/inference_engine/cerebras_provider.go:589.54,590.58 1 0
backend_server/internal/inference_engine/cerebras_provider.go:590.58,609.4 1 0
backend_server/internal/inference_engine/cerebras_provider.go:609.9,611.4 1 0
backend_server/internal/inference_engine/cerebras_provider.go:614.2,615.18 2 0
backend_server/internal/inference_engine/cerebras_provider.go:615.18,617.3 1 0
backend_server/internal/inference_engine/cerebras_provider.go:619.2,619.26 1 0
backend_server/internal/inference_engine/cerebras_provider.go:623.71,625.56 2 0
backend_server/internal/inference_engine/cerebras_provider.go:625.56,628.3 2 0
backend_server/internal/inference_engine/cerebras_provider.go:630.2,630.32 1 0
backend_server/internal/inference_engine/cerebras_provider.go:630.32,633.56 3 0
backend_server/internal/inference_engine/cerebras_provider.go:633.56,634.42 1 0
backend_server/internal/inference_engine/cerebras_provider.go:634.42,636.5 1 0
backend_server/internal/inference_engine/cerebras_provider.go:638.3,638.70 1 0
backend_server/internal/inference_engine/cerebras_provider.go:641.2,643.41 2 0
backend_server/internal/inference_engine/cerebras_provider.go:643.41,646.3 2 0
backend_server/internal/inference_engine/cerebras_provider.go:648.2,648.36 1 0
backend_server/internal/inference_engine/cerebras_provider.go:652.76,655.27 3 0
backend_server/internal/inference_engine/cerebras_provider.go:655.27,657.3 1 0
backend_server/internal/inference_engine/cerebras_provider.go:658.2,658.33 1 0
backend_server/internal/inference_engine/cerebras_provider.go:658.33,660.3 1 0
backend_server/internal/inference_engine/cerebras_provider.go:661.2,661.64 1 0
backend_server/internal/inference_engine/cerebras_provider.go:665.77,667.56 2 0
backend_server/internal/inference_engine/cerebras_provider.go:667.56,669.3 1 0
backend_server/internal/inference_engine/cerebras_provider.go:671.2,671.83 1 0
backend_server/internal/inference_engine/cerebras_provider.go:671.83,673.25 2 0
backend_server/internal/inference_engine/cerebras_provider.go:673.25,678.33 3 0
backend_server/internal/inference_engine/cerebras_provider.go:678.33,687.5 1 0
backend_server/internal/inference_engine/cerebras_provider.go:689.4,690.18 2 0
backend_server/internal/inference_engine/cerebras_provider.go:690.18,693.5 2 0
backend_server/internal/inference_engine/cerebras_provider.go:695.4,695.29 1 0
backend_server/internal/inference_engine/cerebras_provider.go:699.2,699.18 1 0
backend_server/internal/inference_engine/cerebras_provider.go:703.54,705.2 1 0
backend_server/internal/inference_engine/cerebras_provider.go:708.66,719.16 9 0
backend_server/internal/inference_engine/cerebras_provider.go:719.16,721.3 1 0
backend_server/internal/inference_engine/cerebras_provider.go:723.2,723.24 1 0
backend_server/internal/inference_engine/cerebras_provider.go:723.24,724.46 1 0
backend_server/internal/inference_engine/cerebras_provider.go:724.46,726.4 1 0
backend_server/internal/inference_engine/cerebras_provider.go:730.2,730.91 1 0
backend_server/internal/inference_engine/cerebras_provider.go:730.91,732.3 1 0
backend_server/internal/inference_engine/cerebras_provider.go:733.2,733.44 1 0
backend_server/internal/inference_engine/cerebras_provider.go:733.44,735.3 1 0
backend_server/internal/inference_engine/cerebras_provider.go:736.2,736.72 1 0
backend_server/internal/inference_engine/cerebras_provider.go:736.72,738.3 1 0
backend_server/internal/inference_engine/cerebras_provider.go:739.2,739.26 1 0
backend_server/internal/inference_engine/cerebras_provider.go:739.26,741.3 1 0
backend_server/internal/inference_engine/cerebras_provider.go:742.2,742.19 1 0
backend_server/internal/inference_engine/cerebras_provider.go:742.19,744.3 1 0
backend_server/internal/inference_engine/cerebras_provider.go:745.2,745.19 1 0
backend_server/internal/inference_engine/cerebras_provider.go:745.19,747.3 1 0
backend_server/internal/inference_engine/cerebras_provider.go:750.2,750.87 1 0
backend_server/internal/inference_engine/cerebras_provider.go:750.87,752.3 1 0
backend_server/internal/inference_engine/cerebras_provider.go:753.2,753.68 1 0
backend_server/internal/inference_engine/cerebras_provider.go:753.68,755.3 1 0
backend_server/internal/inference_engine/cerebras_provider.go:758.2,758.49 1 0
backend_server/internal/inference_engine/cerebras_provider.go:758.49,760.3 1 0
backend_server/internal/inference_engine/cerebras_provider.go:761.2,761.38 1 0
backend_server/internal/inference_engine/cerebras_provider.go:761.38,763.3 1 0
backend_server/internal/inference_engine/cerebras_provider.go:765.2,765.86 1 0
backend_server/internal/inference_engine/cerebras_provider.go:769.77,770.13 1 0
backend_server/internal/inference_engine/cerebras_provider.go:771.17,772.34 1 0
backend_server/internal/inference_engine/cerebras_provider.go:772.34,774.4 1 0
backend_server/internal/inference_engine/cerebras_provider.go:775.15,776.34 1 0
backend_server/internal/inference_engine/cerebras_provider.go:776.34,778.4 1 0
backend_server/internal/inference_engine/cerebras_provider.go:779.20,780.28 1 0
backend_server/internal/inference_engine/cerebras_provider.go:781.12,782.13 1 0
backend_server/internal/inference_engine/cerebras_provider.go:782.13,784.5 1 0
backend_server/internal/inference_engine/cerebras_provider.go:785.16,786.13 1 0
backend_server/internal/inference_engine/cerebras_provider.go:786.13,788.5 1 0
backend_server/internal/inference_engine/cerebras_provider.go:790.21,791.35 1 0
backend_server/internal/inference_engine/cerebras_provider.go:791.35,793.4 1 0
backend_server/internal/inference_engine/cerebras_provider.go:794.15,795.35 1 0
backend_server/internal/inference_engine/cerebras_provider.go:795.35,797.4 1 0
backend_server/internal/inference_engine/cerebras_provider.go:798.14,799.28 1 0
backend_server/internal/inference_engine/cerebras_provider.go:800.12,802.21 2 0
backend_server/internal/inference_engine/cerebras_provider.go:803.14,804.15 1 0
backend_server/internal/inference_engine/cerebras_provider.go:805.16,807.21 2 0
backend_server/internal/inference_engine/cerebras_provider.go:809.10,810.84 1 0
backend_server/internal/inference_engine/cerebras_provider.go:815.69,820.2 4 0
backend_server/internal/inference_engine/cerebras_provider.go:823.59,826.19 3 0
backend_server/internal/inference_engine/cerebras_provider.go:826.19,829.3 2 0
backend_server/internal/inference_engine/cerebras_provider.go:833.53,835.2 1 0
backend_server/internal/inference_engine/cerebras_provider.go:838.112,839.20 1 0
backend_server/internal/inference_engine/cerebras_provider.go:839.20,841.3 1 0
backend_server/internal/inference_engine/cerebras_provider.go:842.2,845.42 2 0
backend_server/internal/inference_engine/cerebras_provider.go:849.78,851.30 2 0
backend_server/internal/inference_engine/cerebras_provider.go:851.30,853.3 1 0
backend_server/internal/inference_engine/cerebras_provider.go:854.2,854.24 1 0
backend_server/internal/inference_engine/cerebras_provider.go:854.24,856.3 1 0
backend_server/internal/inference_engine/cerebras_provider.go:858.2,859.73 2 0
backend_server/internal/inference_engine/cerebras_provider.go:859.73,862.81 2 0
backend_server/internal/inference_engine/cerebras_provider.go:862.81,863.43 1 0
backend_server/internal/inference_engine/cerebras_provider.go:863.43,865.58 2 0
backend_server/internal/inference_engine/cerebras_provider.go:865.58,866.51 1 0
backend_server/internal/inference_engine/cerebras_provider.go:866.51,868.7 1 0
backend_server/internal/inference_engine/cerebras_provider.go:870.5,870.86 1 0
backend_server/internal/inference_engine/cerebras_provider.go:873.3,874.69 2 0
backend_server/internal/inference_engine/cerebras_provider.go:877.2,877.33 1 0
backend_server/internal/inference_engine/cerebras_provider.go:877.33,879.3 1 0
backend_server/internal/inference_engine/cerebras_provider.go:881.2,884.37 2 0
backend_server/internal/inference_engine/cerebras_provider.go:884.37,892.3 2 0
backend_server/internal/inference_engine/cerebras_provider.go:894.2,894.32 1 0
backend_server/internal/inference_engine/cerebras_provider.go:894.32,897.3 2 0
backend_server/internal/inference_engine/cerebras_provider.go:899.2,899.34 1 0
backend_server/internal/inference_engine/cerebras_provider.go:923.42,928.2 1 0
backend_server/internal/inference_engine/cerebras_provider.go:931.70,933.31 2 0
backend_server/internal/inference_engine/cerebras_provider.go:933.31,938.3 1 0
backend_server/internal/inference_engine/cerebras_provider.go:939.2,939.25 1 0
backend_server/internal/inference_engine/cerebras_provider.go:944.146,945.18 1 0
backend_server/internal/inference_engine/cerebras_provider.go:945.18,947.3 1 0
backend_server/internal/inference_engine/cerebras_provider.go:948.2,948.17 1 0
backend_server/internal/inference_engine/cerebras_provider.go:948.17,950.3 1 0
backend_server/internal/inference_engine/cerebras_provider.go:951.2,951.24 1 0
backend_server/internal/inference_engine/cerebras_provider.go:951.24,953.3 1 0
backend_server/internal/inference_engine/cerebras_provider.go:956.2,968.16 4 0
backend_server/internal/inference_engine/cerebras_provider.go:968.16,970.3 1 0
backend_server/internal/inference_engine/cerebras_provider.go:973.2,974.16 2 0
backend_server/internal/inference_engine/cerebras_provider.go:974.16,976.3 1 0
backend_server/internal/inference_engine/cerebras_provider.go:979.2,985.16 5 0
backend_server/internal/inference_engine/cerebras_provider.go:985.16,987.39 1 0
backend_server/internal/inference_engine/cerebras_provider.go:987.39,990.4 2 0
backend_server/internal/inference_engine/cerebras_provider.go:991.3,991.47 1 0
backend_server/internal/inference_engine/cerebras_provider.go:991.47,994.4 2 0
backend_server/internal/inference_engine/cerebras_provider.go:995.3,995.75 1 0
backend_server/internal/inference_engine/cerebras_provider.go:997.2,1001.16 3 0
backend_server/internal/inference_engine/cerebras_provider.go:1001.16,1003.3 1 0
backend_server/internal/inference_engine/cerebras_provider.go:1006.2,1006.38 1 0
backend_server/internal/inference_engine/cerebras_provider.go:1006.38,1009.3 2 0
backend_server/internal/inference_engine/cerebras_provider.go:1012.2,1013.56 2 0
backend_server/internal/inference_engine/cerebras_provider.go:1013.56,1015.3 1 0
backend_server/internal/inference_engine/cerebras_provider.go:1018.2,1018.77 1 0
backend_server/internal/inference_engine/cerebras_provider.go:1018.77,1021.3 2 0
backend_server/internal/inference_engine/cerebras_provider.go:1024.2,1024.49 1 0
backend_server/internal/inference_engine/context_strategist.go:69.70,70.37 1 4
backend_server/internal/inference_engine/context_strategist.go:70.37,72.3 1 4
backend_server/internal/inference_engine/context_strategist.go:76.57,77.37 1 1
backend_server/internal/inference_engine/context_strategist.go:77.37,79.3 1 1
backend_server/internal/inference_engine/context_strategist.go:83.60,84.37 1 0
backend_server/internal/inference_engine/context_strategist.go:84.37,86.3 1 0
backend_server/internal/inference_engine/context_strategist.go:90.62,91.37 1 0
backend_server/internal/inference_engine/context_strategist.go:91.37,93.3 1 0
backend_server/internal/inference_engine/context_strategist.go:97.65,98.37 1 0
backend_server/internal/inference_engine/context_strategist.go:98.37,100.3 1 0
backend_server/internal/inference_engine/context_strategist.go:112.146,126.27 2 11
backend_server/internal/inference_engine/context_strategist.go:126.27,128.3 1 5
backend_server/internal/inference_engine/context_strategist.go:130.2,130.11 1 11
backend_server/internal/inference_engine/context_strategist.go:134.149,137.16 2 5
backend_server/internal/inference_engine/context_strategist.go:137.16,141.36 3 0
backend_server/internal/inference_engine/context_strategist.go:141.36,142.63 1 0
backend_server/internal/inference_engine/context_strategist.go:142.63,144.10 2 0
backend_server/internal/inference_engine/context_strategist.go:147.3,147.21 1 0
backend_server/internal/inference_engine/context_strategist.go:147.21,149.4 1 0
backend_server/internal/inference_engine/context_strategist.go:152.2,154.18 2 5
backend_server/internal/inference_engine/context_strategist.go:155.29,156.51 1 4
backend_server/internal/inference_engine/context_strategist.go:157.26,158.74 1 1
backend_server/internal/inference_engine/context_strategist.go:159.10,161.74 2 0
backend_server/internal/inference_engine/context_strategist.go:166.104,178.16 3 5
backend_server/internal/inference_engine/context_strategist.go:178.16,180.3 1 0
backend_server/internal/inference_engine/context_strategist.go:182.2,183.54 2 5
backend_server/internal/inference_engine/context_strategist.go:183.54,185.3 1 4
backend_server/internal/inference_engine/context_strategist.go:186.2,186.32 1 1
backend_server/internal/inference_engine/context_strategist.go:190.110,191.28 1 5
backend_server/internal/inference_engine/context_strategist.go:191.28,193.3 1 1
backend_server/internal/inference_engine/context_strategist.go:194.2,195.63 2 4
backend_server/internal/inference_engine/context_strategist.go:199.124,208.2 2 1
backend_server/internal/inference_engine/context_strategist.go:212.152,213.16 1 3
backend_server/internal/inference_engine/context_strategist.go:213.16,215.3 1 1
backend_server/internal/inference_engine/context_strategist.go:217.2,218.22 2 2
backend_server/internal/inference_engine/context_strategist.go:218.22,220.3 1 0
backend_server/internal/inference_engine/context_strategist.go:222.2,222.124 1 2
backend_server/internal/inference_engine/context_strategist.go:222.124,223.46 1 2
backend_server/internal/inference_engine/context_strategist.go:223.46,225.4 1 2
backend_server/internal/inference_engine/context_strategist.go:226.3,226.22 1 0
backend_server/internal/inference_engine/context_strategist.go:230.2,230.47 1 2
backend_server/internal/inference_engine/context_strategist.go:230.47,232.3 1 0
backend_server/internal/inference_engine/context_strategist.go:235.2,235.68 1 2
backend_server/internal/inference_engine/context_strategist.go:239.68,240.21 1 2
backend_server/internal/inference_engine/context_strategist.go:241.24,245.32 3 0
backend_server/internal/inference_engine/context_strategist.go:245.32,247.21 2 0
backend_server/internal/inference_engine/context_strategist.go:247.21,249.5 1 0
backend_server/internal/inference_engine/context_strategist.go:251.3,251.24 1 0
backend_server/internal/inference_engine/context_strategist.go:253.23,260.38 4 0
backend_server/internal/inference_engine/context_strategist.go:260.38,262.21 2 0
backend_server/internal/inference_engine/context_strategist.go:262.21,264.53 1 0
backend_server/internal/inference_engine/context_strategist.go:264.53,266.71 2 0
backend_server/internal/inference_engine/context_strategist.go:266.71,268.73 2 0
backend_server/internal/inference_engine/context_strategist.go:268.73,270.8 1 0
backend_server/internal/inference_engine/context_strategist.go:273.5,273.59 1 0
backend_server/internal/inference_engine/context_strategist.go:278.3,278.56 1 0
backend_server/internal/inference_engine/context_strategist.go:280.25,282.36 1 2
backend_server/internal/inference_engine/context_strategist.go:284.10,288.34 3 0
backend_server/internal/inference_engine/context_strategist.go:293.84,294.25 1 0
backend_server/internal/inference_engine/context_strategist.go:294.25,296.3 1 0
backend_server/internal/inference_engine/context_strategist.go:298.2,302.37 4 0
backend_server/internal/inference_engine/context_strategist.go:302.37,306.74 2 0
backend_server/internal/inference_engine/context_strategist.go:306.74,310.4 3 0
backend_server/internal/inference_engine/context_strategist.go:313.3,313.24 1 0
backend_server/internal/inference_engine/context_strategist.go:313.24,315.4 1 0
backend_server/internal/inference_engine/context_strategist.go:316.3,317.34 2 0
backend_server/internal/inference_engine/context_strategist.go:321.2,321.28 1 0
backend_server/internal/inference_engine/context_strategist.go:321.28,323.3 1 0
backend_server/internal/inference_engine/context_strategist.go:325.2,325.15 1 0
backend_server/internal/inference_engine/context_strategist.go:329.70,337.39 5 2
backend_server/internal/inference_engine/context_strategist.go:337.39,339.20 2 2
backend_server/internal/inference_engine/context_strategist.go:339.20,340.12 1 0
backend_server/internal/inference_engine/context_strategist.go:343.3,346.40 2 2
backend_server/internal/inference_engine/context_strategist.go:346.40,348.30 1 0
backend_server/internal/inference_engine/context_strategist.go:348.30,352.5 3 0
backend_server/internal/inference_engine/context_strategist.go:355.4,359.39 4 0
backend_server/internal/inference_engine/context_strategist.go:359.39,361.30 2 0
backend_server/internal/inference_engine/context_strategist.go:361.30,362.14 1 0
backend_server/internal/inference_engine/context_strategist.go:365.5,365.72 1 0
backend_server/internal/inference_engine/context_strategist.go:365.72,367.82 2 0
backend_server/internal/inference_engine/context_strategist.go:367.82,369.73 2 0
backend_server/internal/inference_engine/context_strategist.go:369.73,371.8 1 0
backend_server/internal/inference_engine/context_strategist.go:375.5,378.92 2 0
backend_server/internal/inference_engine/context_strategist.go:378.92,382.6 3 0
backend_server/internal/inference_engine/context_strategist.go:385.5,385.34 1 0
backend_server/internal/inference_engine/context_strategist.go:385.34,387.6 1 0
backend_server/internal/inference_engine/context_strategist.go:388.5,389.44 2 0
backend_server/internal/inference_engine/context_strategist.go:393.4,393.38 1 0
backend_server/internal/inference_engine/context_strategist.go:393.38,395.5 1 0
backend_server/internal/inference_engine/context_strategist.go:396.9,396.61 1 2
backend_server/internal/inference_engine/context_strategist.go:396.61,402.4 4 0
backend_server/internal/inference_engine/context_strategist.go:402.9,404.25 1 2
backend_server/internal/inference_engine/context_strategist.go:404.25,406.5 1 0
backend_server/internal/inference_engine/context_strategist.go:407.4,408.36 2 2
backend_server/internal/inference_engine/context_strategist.go:413.2,413.28 1 2
backend_server/internal/inference_engine/context_strategist.go:413.28,415.3 1 2
backend_server/internal/inference_engine/context_strategist.go:421.2,421.15 1 2
backend_server/internal/inference_engine/context_strategist.go:426.147,432.31 5 2
backend_server/internal/inference_engine/context_strategist.go:432.31,434.40 2 2
backend_server/internal/inference_engine/context_strategist.go:434.40,442.18 5 2
backend_server/internal/inference_engine/context_strategist.go:442.18,449.5 6 0
backend_server/internal/inference_engine/context_strategist.go:450.4,451.65 2 2
backend_server/internal/inference_engine/context_strategist.go:455.2,461.31 4 2
backend_server/internal/inference_engine/context_strategist.go:466.167,474.26 5 0
backend_server/internal/inference_engine/context_strategist.go:474.26,497.25 8 0
backend_server/internal/inference_engine/context_strategist.go:497.25,502.4 2 0
backend_server/internal/inference_engine/context_strategist.go:506.3,507.25 2 0
backend_server/internal/inference_engine/context_strategist.go:507.25,510.52 2 0
backend_server/internal/inference_engine/context_strategist.go:510.52,513.5 1 0
backend_server/internal/inference_engine/context_strategist.go:514.4,514.106 1 0
backend_server/internal/inference_engine/context_strategist.go:517.3,520.48 3 0
backend_server/internal/inference_engine/context_strategist.go:520.48,523.9 3 0
backend_server/internal/inference_engine/context_strategist.go:526.3,531.34 4 0
backend_server/internal/inference_engine/context_strategist.go:531.34,534.4 2 0
backend_server/internal/inference_engine/context_strategist.go:535.3,545.17 7 0
backend_server/internal/inference_engine/context_strategist.go:545.17,553.4 3 0
backend_server/internal/inference_engine/context_strategist.go:555.3,560.17 4 0
backend_server/internal/inference_engine/context_strategist.go:560.17,563.4 2 0
backend_server/internal/inference_engine/context_strategist.go:563.9,566.4 2 0
backend_server/internal/inference_engine/context_strategist.go:570.2,571.16 2 0
backend_server/internal/inference_engine/context_strategist.go:571.16,574.3 2 0
backend_server/internal/inference_engine/context_strategist.go:576.2,576.25 1 0
backend_server/internal/inference_engine/context_strategist.go:580.144,581.26 1 0
backend_server/internal/inference_engine/context_strategist.go:581.26,583.3 1 0
backend_server/internal/inference_engine/context_strategist.go:585.2,602.40 2 0
backend_server/internal/inference_engine/context_strategist.go:606.149,609.28 2 0
backend_server/internal/inference_engine/context_strategist.go:609.28,611.3 1 0
backend_server/internal/inference_engine/context_strategist.go:613.2,630.43 3 0
backend_server/internal/inference_engine/context_strategist.go:635.73,636.52 1 0
backend_server/internal/inference_engine/context_strategist.go:636.52,638.3 1 0
backend_server/internal/inference_engine/context_strategist.go:640.2,645.33 3 0
backend_server/internal/inference_engine/context_strategist.go:645.33,647.15 1 0
backend_server/internal/inference_engine/context_strategist.go:647.15,649.4 1 0
backend_server/internal/inference_engine/context_strategist.go:651.3,651.34 1 0
backend_server/internal/inference_engine/context_strategist.go:651.34,653.21 1 0
backend_server/internal/inference_engine/context_strategist.go:653.21,655.5 1 0
backend_server/internal/inference_engine/context_strategist.go:657.4,657.22 1 0
backend_server/internal/inference_engine/context_strategist.go:661.3,661.52 1 0
backend_server/internal/inference_engine/context_strategist.go:661.52,663.4 1 0
backend_server/internal/inference_engine/context_strategist.go:663.9,663.85 1 0
backend_server/internal/inference_engine/context_strategist.go:663.85,665.66 1 0
backend_server/internal/inference_engine/context_strategist.go:665.66,667.5 1 0
backend_server/internal/inference_engine/context_strategist.go:672.2,672.18 1 0
backend_server/internal/inference_engine/context_strategist.go:676.69,678.2 1 0
backend_server/internal/inference_engine/context_strategist.go:681.77,684.2 2 0
backend_server/internal/inference_engine/context_strategist.go:687.65,689.2 1 0
backend_server/internal/inference_engine/context_strategist.go:692.69,695.2 2 0
backend_server/internal/inference_engine/context_strategist.go:698.56,701.2 2 0
backend_server/internal/inference_engine/context_strategist.go:704.59,707.2 2 0
backend_server/internal/inference_engine/context_strategist.go:715.24,716.11 1 0
backend_server/internal/inference_engine/context_strategist.go:716.11,718.3 1 0
backend_server/internal/inference_engine/context_strategist.go:719.2,719.10 1 0
backend_server/internal/inference_engine/context_strategist.go:723.24,724.11 1 0
backend_server/internal/inference_engine/context_strategist.go:724.11,726.3 1 0
backend_server/internal/inference_engine/context_strategist.go:727.2,727.10 1 0
backend_server/internal/inference_engine/conversation_memory.go:32.73,37.2 1 0
backend_server/internal/inference_engine/conversation_memory.go:40.76,45.2 4 0
backend_server/internal/inference_engine/conversation_memory.go:49.113,57.21 6 0
backend_server/internal/inference_engine/conversation_memory.go:57.21,59.3 1 0
backend_server/internal/inference_engine/conversation_memory.go:61.2,61.44 1 0
backend_server/internal/inference_engine/conversation_memory.go:61.44,65.43 3 0
backend_server/internal/inference_engine/conversation_memory.go:65.43,69.4 2 0
backend_server/internal/inference_engine/conversation_memory.go:69.9,72.9 2 0
backend_server/internal/inference_engine/conversation_memory.go:75.2,75.24 1 0
backend_server/internal/inference_engine/conversation_memory.go:79.38,84.2 4 0
backend_server/internal/inference_engine/conversation_memory.go:87.71,94.2 5 0
backend_server/internal/inference_engine/deepseek_provider.go:70.13,74.2 3 1
backend_server/internal/inference_engine/deepseek_provider.go:77.99,88.26 3 0
backend_server/internal/inference_engine/deepseek_provider.go:88.26,91.3 2 0
backend_server/internal/inference_engine/deepseek_provider.go:93.2,93.33 1 0
backend_server/internal/inference_engine/deepseek_provider.go:93.33,95.3 1 0
backend_server/internal/inference_engine/deepseek_provider.go:96.2,97.17 2 0
backend_server/internal/inference_engine/deepseek_provider.go:101.42,103.2 1 0
backend_server/internal/inference_engine/deepseek_provider.go:106.46,109.2 1 0
backend_server/internal/inference_engine/deepseek_provider.go:112.56,121.20 4 0
backend_server/internal/inference_engine/deepseek_provider.go:121.20,123.3 1 0
backend_server/internal/inference_engine/deepseek_provider.go:123.8,125.3 1 0
backend_server/internal/inference_engine/deepseek_provider.go:126.2,126.35 1 0
backend_server/internal/inference_engine/deepseek_provider.go:126.35,128.3 1 0
backend_server/internal/inference_engine/deepseek_provider.go:129.2,129.16 1 0
backend_server/internal/inference_engine/deepseek_provider.go:133.88,136.2 1 0
backend_server/internal/inference_engine/deepseek_provider.go:139.78,142.2 1 0
backend_server/internal/inference_engine/deepseek_provider.go:145.65,148.2 1 0
backend_server/internal/inference_engine/deepseek_provider.go:151.106,173.55 10 0
backend_server/internal/inference_engine/deepseek_provider.go:173.55,175.3 1 0
backend_server/internal/inference_engine/deepseek_provider.go:176.2,176.44 1 0
backend_server/internal/inference_engine/deepseek_provider.go:176.44,177.29 1 0
backend_server/internal/inference_engine/deepseek_provider.go:178.12,179.14 1 0
backend_server/internal/inference_engine/deepseek_provider.go:179.14,181.5 1 0
backend_server/internal/inference_engine/deepseek_provider.go:182.16,183.14 1 0
backend_server/internal/inference_engine/deepseek_provider.go:183.14,185.5 1 0
backend_server/internal/inference_engine/deepseek_provider.go:188.2,188.54 1 0
backend_server/internal/inference_engine/deepseek_provider.go:188.54,190.3 1 0
backend_server/internal/inference_engine/deepseek_provider.go:191.2,191.48 1 0
backend_server/internal/inference_engine/deepseek_provider.go:191.48,193.3 1 0
backend_server/internal/inference_engine/deepseek_provider.go:194.2,194.37 1 0
backend_server/internal/inference_engine/deepseek_provider.go:194.37,195.27 1 0
backend_server/internal/inference_engine/deepseek_provider.go:196.12,198.22 2 0
backend_server/internal/inference_engine/deepseek_provider.go:199.14,200.17 1 0
backend_server/internal/inference_engine/deepseek_provider.go:201.16,203.22 2 0
backend_server/internal/inference_engine/deepseek_provider.go:206.2,206.51 1 0
backend_server/internal/inference_engine/deepseek_provider.go:206.51,208.3 1 0
backend_server/internal/inference_engine/deepseek_provider.go:211.2,211.57 1 0
backend_server/internal/inference_engine/deepseek_provider.go:211.57,213.17 2 0
backend_server/internal/inference_engine/deepseek_provider.go:213.17,215.4 1 0
backend_server/internal/inference_engine/deepseek_provider.go:216.3,216.23 1 0
backend_server/internal/inference_engine/deepseek_provider.go:218.2,218.53 1 0
backend_server/internal/inference_engine/deepseek_provider.go:218.53,220.43 2 0
backend_server/internal/inference_engine/deepseek_provider.go:220.43,222.4 1 0
backend_server/internal/inference_engine/deepseek_provider.go:222.9,225.4 2 0
backend_server/internal/inference_engine/deepseek_provider.go:229.2,229.58 1 0
backend_server/internal/inference_engine/deepseek_provider.go:229.58,231.3 1 0
backend_server/internal/inference_engine/deepseek_provider.go:234.2,234.75 1 0
backend_server/internal/inference_engine/deepseek_provider.go:234.75,255.3 1 0
backend_server/internal/inference_engine/deepseek_provider.go:255.8,255.53 1 0
backend_server/internal/inference_engine/deepseek_provider.go:255.53,257.3 1 0
backend_server/internal/inference_engine/deepseek_provider.go:259.2,260.18 2 0
backend_server/internal/inference_engine/deepseek_provider.go:260.18,262.3 1 0
backend_server/internal/inference_engine/deepseek_provider.go:264.2,264.26 1 0
backend_server/internal/inference_engine/deepseek_provider.go:268.136,269.29 1 0
backend_server/internal/inference_engine/deepseek_provider.go:269.29,271.3 1 0
backend_server/internal/inference_engine/deepseek_provider.go:273.2,274.46 2 0
backend_server/internal/inference_engine/deepseek_provider.go:274.46,276.3 1 0
backend_server/internal/inference_engine/deepseek_provider.go:276.8,279.23 3 0
backend_server/internal/inference_engine/deepseek_provider.go:279.23,281.4 1 0
backend_server/internal/inference_engine/deepseek_provider.go:284.2,284.20 1 0
backend_server/internal/inference_engine/deepseek_provider.go:284.20,286.3 1 0
backend_server/internal/inference_engine/deepseek_provider.go:287.2,289.42 2 0
backend_server/internal/inference_engine/deepseek_provider.go:293.141,314.55 10 0
backend_server/internal/inference_engine/deepseek_provider.go:314.55,316.3 1 0
backend_server/internal/inference_engine/deepseek_provider.go:317.2,317.44 1 0
backend_server/internal/inference_engine/deepseek_provider.go:317.44,318.29 1 0
backend_server/internal/inference_engine/deepseek_provider.go:319.12,320.14 1 0
backend_server/internal/inference_engine/deepseek_provider.go:320.14,322.5 1 0
backend_server/internal/inference_engine/deepseek_provider.go:323.16,324.14 1 0
backend_server/internal/inference_engine/deepseek_provider.go:324.14,326.5 1 0
backend_server/internal/inference_engine/deepseek_provider.go:329.2,329.54 1 0
backend_server/internal/inference_engine/deepseek_provider.go:329.54,331.3 1 0
backend_server/internal/inference_engine/deepseek_provider.go:332.2,332.48 1 0
backend_server/internal/inference_engine/deepseek_provider.go:332.48,334.3 1 0
backend_server/internal/inference_engine/deepseek_provider.go:335.2,335.37 1 0
backend_server/internal/inference_engine/deepseek_provider.go:335.37,336.27 1 0
backend_server/internal/inference_engine/deepseek_provider.go:337.12,339.22 2 0
backend_server/internal/inference_engine/deepseek_provider.go:340.14,341.17 1 0
backend_server/internal/inference_engine/deepseek_provider.go:342.16,344.22 2 0
backend_server/internal/inference_engine/deepseek_provider.go:347.2,347.51 1 0
backend_server/internal/inference_engine/deepseek_provider.go:347.51,349.3 1 0
backend_server/internal/inference_engine/deepseek_provider.go:350.2,350.57 1 0
backend_server/internal/inference_engine/deepseek_provider.go:350.57,352.17 2 0
backend_server/internal/inference_engine/deepseek_provider.go:352.17,354.4 1 0
backend_server/internal/inference_engine/deepseek_provider.go:356.2,356.53 1 0
backend_server/internal/inference_engine/deepseek_provider.go:356.53,358.43 2 0
backend_server/internal/inference_engine/deepseek_provider.go:358.43,360.4 1 0
backend_server/internal/inference_engine/deepseek_provider.go:360.9,362.4 1 0
backend_server/internal/inference_engine/deepseek_provider.go:364.2,364.58 1 0
backend_server/internal/inference_engine/deepseek_provider.go:364.58,366.3 1 0
backend_server/internal/inference_engine/deepseek_provider.go:367.2,367.75 1 0
backend_server/internal/inference_engine/deepseek_provider.go:367.75,386.3 1 0
backend_server/internal/inference_engine/deepseek_provider.go:386.8,386.53 1 0
backend_server/internal/inference_engine/deepseek_provider.go:386.53,388.3 1 0
backend_server/internal/inference_engine/deepseek_provider.go:390.2,391.18 2 0
backend_server/internal/inference_engine/deepseek_provider.go:391.18,393.3 1 0
backend_server/internal/inference_engine/deepseek_provider.go:395.2,395.26 1 0
backend_server/internal/inference_engine/deepseek_provider.go:399.71,402.2 1 0
backend_server/internal/inference_engine/deepseek_provider.go:405.76,408.27 3 0
backend_server/internal/inference_engine/deepseek_provider.go:408.27,410.3 1 0
backend_server/internal/inference_engine/deepseek_provider.go:411.2,411.33 1 0
backend_server/internal/inference_engine/deepseek_provider.go:411.33,413.3 1 0
backend_server/internal/inference_engine/deepseek_provider.go:414.2,414.73 1 0
[...]
backend_server/pkg/p2p/dve_p2p_manager.go:1296.20,1297.52 1 0
backend_server/pkg/p2p/dve_p2p_manager.go:1297.52,1299.4 1 0
backend_server/pkg/p2p/dve_p2p_manager.go:1300.3,1300.70 1 0
backend_server/pkg/p2p/dve_p2p_manager.go:1301.8,1303.3 1 1
backend_server/pkg/p2p/dve_p2p_manager.go:1304.2,1304.12 1 1
backend_server/pkg/p2p/dve_p2p_manager.go:1308.47,1324.2 4 1
backend_server/pkg/p2p/dve_p2p_manager.go:1327.50,1331.6 3 1
backend_server/pkg/p2p/dve_p2p_manager.go:1331.6,1332.10 1 1
backend_server/pkg/p2p/dve_p2p_manager.go:1333.25,1334.10 1 1
backend_server/pkg/p2p/dve_p2p_manager.go:1335.19,1337.36 2 0
backend_server/pkg/p2p/dve_p2p_manager.go:1343.51,1349.31 3 0
backend_server/pkg/p2p/dve_p2p_manager.go:1349.31,1356.38 3 0
backend_server/pkg/p2p/dve_p2p_manager.go:1356.38,1358.4 1 0
backend_server/pkg/p2p/dve_p2p_manager.go:1359.3,1359.38 1 0
backend_server/pkg/p2p/dve_p2p_manager.go:1359.38,1361.4 1 0
backend_server/pkg/p2p/dve_p2p_manager.go:1364.3,1364.53 1 0
backend_server/pkg/p2p/dve_p2p_manager.go:1367.2,1367.84 1 0
backend_server/pkg/p2p/dve_p2p_manager.go:1371.56,1377.31 4 0
backend_server/pkg/p2p/dve_p2p_manager.go:1377.31,1381.43 2 0
backend_server/pkg/p2p/dve_p2p_manager.go:1381.43,1385.63 2 0
backend_server/pkg/p2p/dve_p2p_manager.go:1385.63,1387.5 1 0
backend_server/pkg/p2p/dve_p2p_manager.go:1387.10,1389.5 1 0
backend_server/pkg/p2p/dve_p2p_manager.go:1393.2,1393.27 1 0
backend_server/pkg/p2p/dve_p2p_manager.go:1393.27,1395.3 1 0
backend_server/pkg/p2p/dve_p2p_manager.go:1399.68,1404.2 2 9
backend_server/pkg/p2p/dve_p2p_manager.go:1407.80,1410.2 1 7
backend_server/pkg/p2p/dve_p2p_manager.go:1413.95,1417.14 3 4
backend_server/pkg/p2p/dve_p2p_manager.go:1417.14,1419.3 1 2
backend_server/pkg/p2p/dve_p2p_manager.go:1419.8,1421.3 1 2
backend_server/pkg/p2p/dve_p2p_manager.go:1423.2,1426.33 2 4
backend_server/pkg/p2p/dve_p2p_manager.go:1426.33,1428.3 1 0
backend_server/pkg/p2p/dve_p2p_manager.go:1429.2,1429.33 1 4
backend_server/pkg/p2p/dve_p2p_manager.go:1429.33,1431.3 1 0
backend_server/pkg/p2p/dve_p2p_manager.go:1433.2,1436.54 2 4
backend_server/pkg/p2p/dve_p2p_manager.go:1440.98,1443.42 2 1
backend_server/pkg/p2p/dve_p2p_manager.go:1443.42,1445.3 1 0
backend_server/pkg/p2p/dve_p2p_manager.go:1453.2,1454.21 2 1
backend_server/pkg/p2p/dve_p2p_manager.go:1458.83,1467.2 2 1
backend_server/pkg/p2p/dve_p2p_manager.go:1470.53,1474.20 3 1
backend_server/pkg/p2p/dve_p2p_manager.go:1474.20,1477.3 2 1
backend_server/pkg/p2p/dve_p2p_manager.go:1480.2,1482.31 2 0
backend_server/pkg/p2p/dve_p2p_manager.go:1482.31,1485.3 2 0
backend_server/pkg/p2p/dve_p2p_manager.go:1491.2,1491.96 1 0
backend_server/pkg/p2p/dve_p2p_manager.go:1495.70,1502.20 4 2
backend_server/pkg/p2p/dve_p2p_manager.go:1502.20,1506.3 2 0
backend_server/pkg/p2p/dve_p2p_manager.go:1509.2,1511.19 2 2
backend_server/pkg/p2p/dve_p2p_manager.go:1515.65,1528.2 3 2
backend_server/pkg/auth/auth_service.go:76.94,78.35 1 18
backend_server/pkg/auth/auth_service.go:78.35,80.3 1 14
backend_server/pkg/auth/auth_service.go:82.2,90.33 2 18
backend_server/pkg/auth/auth_service.go:90.33,92.3 1 16
backend_server/pkg/auth/auth_service.go:93.2,93.40 1 18
backend_server/pkg/auth/auth_service.go:93.40,95.3 1 16
backend_server/pkg/auth/auth_service.go:96.2,96.34 1 18
backend_server/pkg/auth/auth_service.go:96.34,98.3 1 15
backend_server/pkg/auth/auth_service.go:99.2,99.33 1 18
backend_server/pkg/auth/auth_service.go:99.33,101.3 1 16
backend_server/pkg/auth/auth_service.go:102.2,102.32 1 18
backend_server/pkg/auth/auth_service.go:102.32,104.3 1 16
backend_server/pkg/auth/auth_service.go:106.2,108.16 2 18
backend_server/pkg/auth/auth_service.go:112.127,114.54 1 0
backend_server/pkg/auth/auth_service.go:114.54,116.3 1 0
backend_server/pkg/auth/auth_service.go:119.2,119.88 1 0
backend_server/pkg/auth/auth_service.go:119.88,121.3 1 0
backend_server/pkg/auth/auth_service.go:124.2,125.16 2 0
backend_server/pkg/auth/auth_service.go:125.16,127.3 1 0
backend_server/pkg/auth/auth_service.go:130.2,144.74 2 0
backend_server/pkg/auth/auth_service.go:144.74,146.3 1 0
backend_server/pkg/auth/auth_service.go:148.2,150.18 2 0
backend_server/pkg/auth/auth_service.go:154.110,156.45 1 0
backend_server/pkg/auth/auth_service.go:156.45,158.3 1 0
backend_server/pkg/auth/auth_service.go:161.2,162.16 2 0
backend_server/pkg/auth/auth_service.go:162.16,165.3 2 0
backend_server/pkg/auth/auth_service.go:168.2,168.29 1 0
backend_server/pkg/auth/auth_service.go:168.29,171.3 2 0
backend_server/pkg/auth/auth_service.go:174.2,174.99 1 0
backend_server/pkg/auth/auth_service.go:174.99,177.3 2 0
backend_server/pkg/auth/auth_service.go:180.2,189.18 6 0
backend_server/pkg/auth/auth_service.go:193.90,196.16 2 0
backend_server/pkg/auth/auth_service.go:196.16,198.3 1 0
backend_server/pkg/auth/auth_service.go:201.2,201.106 1 0
backend_server/pkg/auth/auth_service.go:201.106,203.3 1 0
backend_server/pkg/auth/auth_service.go:206.2,206.57 1 0
backend_server/pkg/auth/auth_service.go:206.57,208.3 1 0
backend_server/pkg/auth/auth_service.go:211.2,212.16 2 0
backend_server/pkg/auth/auth_service.go:212.16,214.3 1 0
backend_server/pkg/auth/auth_service.go:217.2,220.74 3 0
backend_server/pkg/auth/auth_service.go:220.74,222.3 1 0
backend_server/pkg/auth/auth_service.go:224.2,226.12 2 0
backend_server/pkg/auth/auth_service.go:230.92,233.16 2 0
backend_server/pkg/auth/auth_service.go:233.16,235.3 1 0
backend_server/pkg/auth/auth_service.go:237.2,238.26 2 0
backend_server/pkg/auth/auth_service.go:238.26,239.23 1 0
backend_server/pkg/auth/auth_service.go:239.23,241.9 2 0
backend_server/pkg/auth/auth_service.go:245.2,245.17 1 0
backend_server/pkg/auth/auth_service.go:245.17,247.3 1 0
backend_server/pkg/auth/auth_service.go:250.2,251.16 2 0
backend_server/pkg/auth/auth_service.go:251.16,253.3 1 0
backend_server/pkg/auth/auth_service.go:255.2,267.24 3 0
backend_server/pkg/auth/auth_service.go:271.71,273.57 1 2
backend_server/pkg/auth/auth_service.go:273.57,275.3 1 1
backend_server/pkg/auth/auth_service.go:279.2,281.12 2 1
backend_server/pkg/auth/auth_service.go:287.64,288.49 1 16
backend_server/pkg/auth/auth_service.go:288.49,290.3 1 4
backend_server/pkg/auth/auth_service.go:292.2,292.100 1 12
backend_server/pkg/auth/auth_service.go:292.100,294.3 1 1
backend_server/pkg/auth/auth_service.go:296.2,296.100 1 11
backend_server/pkg/auth/auth_service.go:296.100,298.3 1 1
backend_server/pkg/auth/auth_service.go:300.2,300.84 1 10
backend_server/pkg/auth/auth_service.go:300.84,302.3 1 1
backend_server/pkg/auth/auth_service.go:304.2,304.102 1 9
backend_server/pkg/auth/auth_service.go:304.102,306.3 1 1
backend_server/pkg/auth/auth_service.go:308.2,308.12 1 8
backend_server/pkg/auth/auth_service.go:312.73,317.58 3 6
backend_server/pkg/auth/auth_service.go:317.58,318.50 1 2
backend_server/pkg/auth/auth_service.go:318.50,321.4 1 1
backend_server/pkg/auth/auth_service.go:323.3,327.16 5 1
backend_server/pkg/auth/auth_service.go:331.2,331.57 1 5
backend_server/pkg/auth/auth_service.go:331.57,332.50 1 1
backend_server/pkg/auth/auth_service.go:332.50,335.4 1 1
backend_server/pkg/auth/auth_service.go:337.3,341.16 5 0
backend_server/pkg/auth/auth_service.go:344.2,344.14 1 4
backend_server/pkg/auth/auth_service.go:348.85,359.2 3 6
backend_server/pkg/auth/auth_service.go:362.57,364.2 1 3
backend_server/pkg/auth/auth_service.go:367.72,369.44 2 5
backend_server/pkg/auth/auth_service.go:369.44,371.3 1 0
backend_server/pkg/auth/auth_service.go:373.2,374.50 2 5
backend_server/internal/services/container/mocks.go:15.114,26.2 4 1
backend_server/internal/services/container/mocks.go:28.113,38.2 3 1
backend_server/internal/services/container/mocks.go:40.116,43.2 1 1
backend_server/internal/services/container/mocks.go:45.122,46.60 1 2
backend_server/internal/services/container/mocks.go:46.60,48.3 1 1
backend_server/internal/services/container/mocks.go:49.2,49.36 1 1
backend_server/internal/services/container/mocks.go:52.103,53.60 1 2
backend_server/internal/services/container/mocks.go:53.60,55.3 1 1
backend_server/internal/services/container/mocks.go:56.2,56.12 1 2
backend_server/internal/services/container/mocks.go:62.109,65.2 1 1
backend_server/internal/services/container/orchestrator.go:38.140,57.2 3 14
backend_server/internal/services/container/orchestrator.go:60.90,67.61 4 3
backend_server/internal/services/container/orchestrator.go:67.61,69.3 1 0
backend_server/internal/services/container/orchestrator.go:72.2,73.16 2 3
backend_server/internal/services/container/orchestrator.go:73.16,75.3 1 0
backend_server/internal/services/container/orchestrator.go:78.2,79.16 2 3
backend_server/internal/services/container/orchestrator.go:79.16,82.3 2 0
backend_server/internal/services/container/orchestrator.go:85.2,85.59 1 3
backend_server/internal/services/container/orchestrator.go:85.59,88.3 2 0
backend_server/internal/services/container/orchestrator.go:91.2,111.16 3 3
backend_server/internal/services/container/orchestrator.go:111.16,114.3 2 2
backend_server/internal/services/container/orchestrator.go:117.2,117.115 1 1
backend_server/internal/services/container/orchestrator.go:117.115,121.3 3 0
backend_server/internal/services/container/orchestrator.go:124.2,124.75 1 1
backend_server/internal/services/container/orchestrator.go:124.75,128.3 3 0
backend_server/internal/services/container/orchestrator.go:130.2,137.23 5 1
backend_server/internal/services/container/orchestrator.go:141.89,143.2 1 1
backend_server/internal/services/container/orchestrator.go:146.92,150.2 2 1
backend_server/internal/services/container/orchestrator.go:153.98,155.2 1 2
backend_server/internal/services/container/orchestrator.go:158.87,160.13 2 0
backend_server/internal/services/container/orchestrator.go:160.13,162.3 1 0
backend_server/internal/services/container/orchestrator.go:163.2,163.29 1 0
backend_server/internal/services/container/orchestrator.go:167.79,172.20 3 1
backend_server/internal/services/container/orchestrator.go:172.20,174.3 1 0
backend_server/internal/services/container/orchestrator.go:177.2,180.43 2 1
backend_server/internal/services/container/orchestrator.go:184.67,191.2 3 1
backend_server/internal/services/container/orchestrator.go:194.47,197.2 2 1
backend_server/internal/services/container/orchestrator.go:200.70,204.6 3 1
backend_server/internal/services/container/orchestrator.go:204.6,205.10 1 1
backend_server/internal/services/container/orchestrator.go:206.21,207.10 1 1
backend_server/internal/services/container/orchestrator.go:208.19,209.23 1 0
backend_server/internal/services/container/orchestrator.go:215.51,227.2 1 0
backend_server/internal/services/container/orchestrator.go:230.92,232.55 1 6
backend_server/internal/services/container/orchestrator.go:232.55,234.3 1 4
backend_server/internal/services/container/orchestrator.go:237.2,237.45 1 2
backend_server/internal/services/container/orchestrator.go:237.45,238.28 1 22
backend_server/internal/services/container/orchestrator.go:238.28,240.4 1 2
backend_server/internal/services/container/orchestrator.go:243.2,243.11 1 0
backend_server/internal/services/container/orchestrator.go:247.115,248.36 1 3
backend_server/internal/services/container/orchestrator.go:249.16,250.48 1 2
backend_server/internal/services/container/orchestrator.go:251.16,252.48 1 0
backend_server/internal/services/container/orchestrator.go:253.19,254.43 1 0
backend_server/internal/services/container/orchestrator.go:255.10,256.90 1 1
backend_server/internal/services/container/orchestrator.go:261.98,267.2 2 2
backend_server/internal/services/container/orchestrator.go:270.79,271.36 1 1
backend_server/internal/services/container/orchestrator.go:272.16,273.50 1 1
backend_server/internal/services/container/orchestrator.go:274.16,275.50 1 0
backend_server/internal/services/container/orchestrator.go:276.19,277.50 1 0
backend_server/internal/services/container/orchestrator.go:278.10,279.85 1 0
backend_server/internal/services/container/orchestrator.go:284.121,307.9 3 2
backend_server/internal/services/container/orchestrator.go:308.37,308.37 0 1
backend_server/internal/services/container/orchestrator.go:310.20,311.61 1 1
backend_server/internal/services/container/orchestrator.go:314.2,315.23 2 1
backend_server/internal/services/container/orchestrator.go:319.121,335.9 3 1
backend_server/internal/services/container/orchestrator.go:336.37,336.37 0 1
backend_server/internal/services/container/orchestrator.go:338.20,339.61 1 0
backend_server/internal/services/container/orchestrator.go:342.2,343.23 2 1
backend_server/internal/services/container/orchestrator.go:347.85,359.2 4 1
backend_server/internal/services/container/orchestrator.go:362.85,369.2 4 1
backend_server/internal/services/container/orchestrator.go:372.100,373.34 1 0
backend_server/internal/services/container/orchestrator.go:373.34,375.3 1 0
backend_server/internal/services/container/orchestrator.go:377.2,393.23 4 0
backend_server/internal/services/container/orchestrator.go:397.85,406.2 4 0
backend_server/internal/services/container/orchestrator.go:409.81,410.34 1 3
backend_server/internal/services/container/orchestrator.go:410.34,413.3 2 3
backend_server/internal/services/container/orchestrator.go:416.2,416.64 1 0
backend_server/internal/services/container/orchestrator.go:416.64,418.3 1 0
backend_server/internal/services/container/orchestrator.go:421.2,421.67 1 0
backend_server/internal/services/container/orchestrator.go:421.67,423.3 1 0
backend_server/internal/services/container/orchestrator.go:425.2,426.12 2 0
backend_server/internal/services/container/orchestrator.go:430.81,431.17 1 3
backend_server/internal/services/container/orchestrator.go:431.17,433.3 1 0
backend_server/internal/services/container/orchestrator.go:436.2,436.31 1 3
backend_server/internal/services/container/orchestrator.go:436.31,438.3 1 0
backend_server/internal/services/container/orchestrator.go:440.2,440.32 1 3
backend_server/internal/services/container/orchestrator.go:440.32,442.3 1 0
backend_server/internal/services/container/orchestrator.go:445.2,445.47 1 3
backend_server/internal/services/container/orchestrator.go:445.47,447.3 1 0
backend_server/internal/services/container/orchestrator.go:449.2,449.54 1 3
backend_server/internal/services/container/orchestrator.go:449.54,451.3 1 0
backend_server/internal/services/container/orchestrator.go:453.2,453.12 1 3
backend_server/internal/services/container/orchestrator.go:457.60,458.34 1 3
backend_server/internal/services/container/orchestrator.go:458.34,460.3 1 3
backend_server/internal/services/container/orchestrator.go:462.2,463.29 2 0
backend_server/internal/services/container/orchestrator.go:463.29,465.56 1 0
backend_server/internal/services/container/orchestrator.go:465.56,466.54 1 0
backend_server/internal/services/container/orchestrator.go:466.54,468.5 1 0
backend_server/internal/services/container/orchestrator.go:471.3,471.20 1 0
backend_server/internal/services/container/orchestrator.go:475.2,475.16 1 0
backend_server/internal/services/container/orchestrator.go:479.75,488.34 2 3
backend_server/internal/services/container/orchestrator.go:488.34,491.30 2 0
backend_server/internal/services/container/orchestrator.go:491.30,508.4 5 0
backend_server/internal/services/container/orchestrator.go:511.2,511.16 1 3
backend_server/internal/services/container/orchestrator.go:515.99,516.22 1 1
backend_server/internal/services/container/orchestrator.go:516.22,518.3 1 0
backend_server/internal/services/container/orchestrator.go:521.2,522.16 2 1
backend_server/internal/services/container/orchestrator.go:522.16,524.3 1 0
backend_server/internal/services/container/orchestrator.go:526.2,526.38 1 1
backend_server/internal/services/container/orchestrator.go:526.38,528.3 1 0
backend_server/internal/services/container/orchestrator.go:531.2,531.34 1 1
backend_server/internal/services/container/orchestrator.go:531.34,534.3 1 0
backend_server/internal/services/container/orchestrator.go:536.2,536.12 1 1
backend_server/internal/services/container/port_allocator.go:20.67,32.2 4 25
backend_server/internal/services/container/port_allocator.go:35.77,40.60 3 13
backend_server/internal/services/container/port_allocator.go:40.60,47.3 1 1
backend_server/internal/services/container/port_allocator.go:50.2,51.16 2 12
backend_server/internal/services/container/port_allocator.go:51.16,53.3 1 0
backend_server/internal/services/container/port_allocator.go:55.2,56.16 2 12
backend_server/internal/services/container/port_allocator.go:56.16,59.3 2 0
backend_server/internal/services/container/port_allocator.go:61.2,62.16 2 12
backend_server/internal/services/container/port_allocator.go:62.16,66.3 3 0
backend_server/internal/services/container/port_allocator.go:69.2,92.8 7 12
backend_server/internal/services/container/port_allocator.go:96.56,101.13 4 3
backend_server/internal/services/container/port_allocator.go:101.13,103.3 1 0
backend_server/internal/services/container/port_allocator.go:106.2,113.54 5 3
backend_server/internal/services/container/port_allocator.go:117.81,123.2 4 6
backend_server/internal/services/container/port_allocator.go:126.90,131.13 4 2
backend_server/internal/services/container/port_allocator.go:131.13,133.3 1 1
backend_server/internal/services/container/port_allocator.go:135.2,137.12 3 1
backend_server/internal/services/container/port_allocator.go:141.62,146.44 4 3
backend_server/internal/services/container/port_allocator.go:146.44,148.3 1 3
backend_server/internal/services/container/port_allocator.go:149.2,149.20 1 3
backend_server/internal/services/container/port_allocator.go:153.73,154.41 1 39
backend_server/internal/services/container/port_allocator.go:154.41,155.43 1 43
backend_server/internal/services/container/port_allocator.go:155.43,157.4 1 38
backend_server/internal/services/container/port_allocator.go:159.2,159.71 1 1
backend_server/internal/services/container/port_allocator.go:163.48,164.52 1 9
backend_server/internal/services/container/port_allocator.go:164.52,167.3 2 7
backend_server/internal/services/container/port_allocator.go:171.54,172.30 1 25
backend_server/internal/services/container/port_allocator.go:172.30,177.52 4 0
backend_server/internal/services/container/port_allocator.go:177.52,178.39 1 0
backend_server/internal/services/container/port_allocator.go:178.39,180.5 1 0
backend_server/internal/services/container/port_allocator.go:184.3,184.43 1 0
backend_server/internal/services/container/port_allocator.go:184.43,187.4 2 0
backend_server/internal/services/container/port_allocator.go:189.3,191.30 2 0
backend_server/internal/services/container/port_allocator.go:191.30,193.4 1 0
backend_server/internal/services/container/port_allocator.go:198.33,199.28 1 10
backend_server/internal/services/container/port_allocator.go:199.28,201.3 1 10
backend_server/internal/services/container/ssh_provisioner.go:19.42,21.2 1 26
backend_server/internal/services/container/ssh_provisioner.go:24.69,27.16 2 12
backend_server/internal/services/container/ssh_provisioner.go:27.16,29.3 1 0
backend_server/internal/services/container/ssh_provisioner.go:32.2,40.16 4 12
backend_server/internal/services/container/ssh_provisioner.go:40.16,42.3 1 0
backend_server/internal/services/container/ssh_provisioner.go:43.2,52.8 3 12
backend_server/internal/services/container/ssh_provisioner.go:56.87,73.2 4 3
backend_server/internal/services/container/ssh_provisioner.go:76.66,78.16 2 7
backend_server/internal/services/container/ssh_provisioner.go:78.16,80.3 1 5
backend_server/internal/services/container/ssh_provisioner.go:81.2,81.12 1 2
backend_server/internal/services/container/ssh_provisioner.go:85.112,88.16 2 3
backend_server/internal/services/container/ssh_provisioner.go:88.16,90.3 1 1
backend_server/internal/services/container/ssh_provisioner.go:93.2,101.20 2 2
backend_server/internal/services/container/ssh_provisioner.go:105.100,111.2 2 1
backend_server/internal/services/container/ssh_provisioner.go:114.89,124.2 2 1
backend_server/internal/services/container/ssh_provisioner.go:127.87,135.2 1 1
