mode: set
backend_server/internal/services/validation/api_server.go:21.82,26.2 1 0
backend_server/internal/services/validation/api_server.go:29.54,52.31 11 0
backend_server/internal/services/validation/api_server.go:52.31,54.3 1 0
backend_server/internal/services/validation/api_server.go:56.2,65.12 3 0
backend_server/internal/services/validation/api_server.go:65.12,66.82 1 0
backend_server/internal/services/validation/api_server.go:66.82,68.4 1 0
backend_server/internal/services/validation/api_server.go:71.2,72.12 2 0
backend_server/internal/services/validation/api_server.go:76.53,77.21 1 0
backend_server/internal/services/validation/api_server.go:77.21,79.3 1 0
backend_server/internal/services/validation/api_server.go:80.2,80.31 1 0
backend_server/internal/services/validation/api_server.go:84.68,85.71 1 0
backend_server/internal/services/validation/api_server.go:85.71,90.28 4 0
backend_server/internal/services/validation/api_server.go:90.28,93.4 2 0
backend_server/internal/services/validation/api_server.go:95.3,95.23 1 0
backend_server/internal/services/validation/api_server.go:100.74,111.2 4 0
backend_server/internal/services/validation/api_server.go:114.83,115.18 1 0
backend_server/internal/services/validation/api_server.go:116.13,140.5 4 0
backend_server/internal/services/validation/api_server.go:142.14,145.70 2 0
backend_server/internal/services/validation/api_server.go:145.70,148.4 2 0
backend_server/internal/services/validation/api_server.go:151.3,161.34 4 0
backend_server/internal/services/validation/api_server.go:163.10,164.67 1 0
backend_server/internal/services/validation/api_server.go:169.89,171.18 2 0
backend_server/internal/services/validation/api_server.go:171.18,174.3 2 0
backend_server/internal/services/validation/api_server.go:176.2,176.18 1 0
backend_server/internal/services/validation/api_server.go:177.13,194.34 4 0
backend_server/internal/services/validation/api_server.go:196.10,197.67 1 0
backend_server/internal/services/validation/api_server.go:202.85,203.18 1 0
backend_server/internal/services/validation/api_server.go:204.13,222.5 4 0
backend_server/internal/services/validation/api_server.go:224.10,225.67 1 0
backend_server/internal/services/validation/api_server.go:230.91,232.20 2 0
backend_server/internal/services/validation/api_server.go:232.20,235.3 2 0
backend_server/internal/services/validation/api_server.go:238.2,253.35 4 0
backend_server/internal/services/validation/api_server.go:257.80,269.2 4 0
backend_server/internal/services/validation/api_server.go:272.81,283.2 4 0
backend_server/internal/services/validation/base_llm_validator.go:24.21,30.2 1 0
backend_server/internal/services/validation/base_llm_validator.go:36.38,52.16 5 0
backend_server/internal/services/validation/base_llm_validator.go:52.16,55.3 2 0
backend_server/internal/services/validation/base_llm_validator.go:56.2,60.16 3 0
backend_server/internal/services/validation/base_llm_validator.go:60.16,63.3 2 0
backend_server/internal/services/validation/base_llm_validator.go:64.2,68.16 3 0
backend_server/internal/services/validation/base_llm_validator.go:68.16,71.3 2 0
backend_server/internal/services/validation/base_llm_validator.go:72.2,76.16 3 0
backend_server/internal/services/validation/base_llm_validator.go:76.16,79.3 2 0
backend_server/internal/services/validation/base_llm_validator.go:80.2,98.20 7 0
backend_server/internal/services/validation/base_llm_validator.go:102.118,104.9 1 0
backend_server/internal/services/validation/base_llm_validator.go:105.20,106.24 1 0
backend_server/internal/services/validation/base_llm_validator.go:107.10,107.10 0 0
backend_server/internal/services/validation/base_llm_validator.go:111.2,114.42 3 0
backend_server/internal/services/validation/base_llm_validator.go:114.42,116.10 1 0
backend_server/internal/services/validation/base_llm_validator.go:117.21,118.25 1 0
backend_server/internal/services/validation/base_llm_validator.go:119.11,119.11 0 0
backend_server/internal/services/validation/base_llm_validator.go:124.3,126.17 3 0
backend_server/internal/services/validation/base_llm_validator.go:126.17,128.12 2 0
backend_server/internal/services/validation/base_llm_validator.go:132.3,141.17 3 0
backend_server/internal/services/validation/base_llm_validator.go:141.17,142.12 1 0
backend_server/internal/services/validation/base_llm_validator.go:146.3,149.33 3 0
backend_server/internal/services/validation/base_llm_validator.go:149.33,152.4 2 0
backend_server/internal/services/validation/base_llm_validator.go:155.2,155.20 1 0
backend_server/internal/services/validation/base_llm_validator.go:155.20,157.3 1 0
backend_server/internal/services/validation/base_llm_validator.go:159.2,159.45 1 0
backend_server/internal/services/validation/base_llm_validator.go:163.113,167.42 3 0
backend_server/internal/services/validation/base_llm_validator.go:167.42,170.17 3 0
backend_server/internal/services/validation/base_llm_validator.go:170.17,171.12 1 0
backend_server/internal/services/validation/base_llm_validator.go:175.3,196.14 6 0
backend_server/internal/services/validation/base_llm_validator.go:199.2,199.20 1 0
backend_server/internal/services/validation/base_llm_validator.go:199.20,201.3 1 0
backend_server/internal/services/validation/base_llm_validator.go:203.2,203.45 1 0
backend_server/internal/services/validation/base_llm_validator.go:207.117,210.69 2 0
backend_server/internal/services/validation/base_llm_validator.go:210.69,211.30 1 0
backend_server/internal/services/validation/base_llm_validator.go:211.30,212.33 1 0
backend_server/internal/services/validation/base_llm_validator.go:212.33,214.5 1 0
backend_server/internal/services/validation/base_llm_validator.go:219.2,230.42 4 0
backend_server/internal/services/validation/base_llm_validator.go:230.42,235.17 3 0
backend_server/internal/services/validation/base_llm_validator.go:235.17,236.12 1 0
backend_server/internal/services/validation/base_llm_validator.go:240.3,249.14 4 0
backend_server/internal/services/validation/base_llm_validator.go:252.2,252.20 1 0
backend_server/internal/services/validation/base_llm_validator.go:252.20,254.3 1 0
backend_server/internal/services/validation/base_llm_validator.go:256.2,256.45 1 0
backend_server/internal/services/validation/base_llm_validator.go:260.116,264.42 3 0
backend_server/internal/services/validation/base_llm_validator.go:264.42,267.17 3 0
backend_server/internal/services/validation/base_llm_validator.go:267.17,268.12 1 0
backend_server/internal/services/validation/base_llm_validator.go:272.3,286.14 5 0
backend_server/internal/services/validation/base_llm_validator.go:289.2,289.20 1 0
backend_server/internal/services/validation/base_llm_validator.go:289.20,291.3 1 0
backend_server/internal/services/validation/base_llm_validator.go:293.2,293.45 1 0
backend_server/internal/services/validation/handlers.go:16.84,18.20 2 0
backend_server/internal/services/validation/handlers.go:18.20,21.3 2 0
backend_server/internal/services/validation/handlers.go:23.2,24.61 2 0
backend_server/internal/services/validation/handlers.go:24.61,27.3 2 0
backend_server/internal/services/validation/handlers.go:29.2,29.20 1 0
backend_server/internal/services/validation/handlers.go:29.20,32.3 2 0
backend_server/internal/services/validation/handlers.go:34.2,35.16 2 0
backend_server/internal/services/validation/handlers.go:35.16,38.3 2 0
backend_server/internal/services/validation/handlers.go:40.2,40.40 1 0
backend_server/internal/services/validation/handlers.go:44.83,46.20 2 0
backend_server/internal/services/validation/handlers.go:46.20,49.3 2 0
backend_server/internal/services/validation/handlers.go:52.2,58.69 2 0
backend_server/internal/services/validation/handlers.go:58.69,60.22 1 0
backend_server/internal/services/validation/handlers.go:61.15,62.23 1 0
backend_server/internal/services/validation/handlers.go:63.17,64.23 1 0
backend_server/internal/services/validation/handlers.go:65.14,66.23 1 0
backend_server/internal/services/validation/handlers.go:67.11,69.57 1 0
backend_server/internal/services/validation/handlers.go:73.2,74.16 2 0
backend_server/internal/services/validation/handlers.go:74.16,77.3 2 0
backend_server/internal/services/validation/handlers.go:79.2,79.36 1 0
backend_server/internal/services/validation/handlers.go:83.81,85.20 2 0
backend_server/internal/services/validation/handlers.go:85.20,88.3 2 0
backend_server/internal/services/validation/handlers.go:90.2,94.16 4 0
backend_server/internal/services/validation/handlers.go:94.16,97.3 2 0
backend_server/internal/services/validation/handlers.go:99.2,99.35 1 0
backend_server/internal/services/validation/handlers.go:103.85,105.20 2 0
backend_server/internal/services/validation/handlers.go:105.20,108.3 2 0
backend_server/internal/services/validation/handlers.go:110.2,115.16 4 0
backend_server/internal/services/validation/handlers.go:115.16,118.3 2 0
backend_server/internal/services/validation/handlers.go:121.2,122.16 2 0
backend_server/internal/services/validation/handlers.go:122.16,125.3 2 0
backend_server/internal/services/validation/handlers.go:128.2,135.45 2 0
backend_server/internal/services/validation/handlers.go:141.88,143.20 2 0
backend_server/internal/services/validation/handlers.go:143.20,146.3 2 0
backend_server/internal/services/validation/handlers.go:148.2,154.82 4 0
backend_server/internal/services/validation/handlers.go:160.93,172.2 2 0
backend_server/internal/services/validation/handlers.go:175.94,177.20 2 0
backend_server/internal/services/validation/handlers.go:177.20,180.3 2 0
backend_server/internal/services/validation/handlers.go:183.2,190.38 2 0
backend_server/internal/services/validation/handlers.go:196.86,198.20 2 0
backend_server/internal/services/validation/handlers.go:198.20,201.3 2 0
backend_server/internal/services/validation/handlers.go:204.2,211.42 2 0
backend_server/internal/services/validation/handlers.go:217.73,221.2 3 0
backend_server/internal/services/validation/handlers.go:224.72,228.2 3 0
backend_server/internal/services/validation/llm_validator.go:31.125,39.77 1 0
backend_server/internal/services/validation/llm_validator.go:39.77,41.3 1 0
backend_server/internal/services/validation/llm_validator.go:42.2,42.59 1 0
backend_server/internal/services/validation/llm_validator.go:45.103,53.65 1 0
backend_server/internal/services/validation/llm_validator.go:53.65,55.3 1 0
backend_server/internal/services/validation/llm_validator.go:56.2,56.56 1 0
backend_server/internal/services/validation/llm_validator.go:66.48,68.2 1 0
backend_server/internal/services/validation/llm_validator.go:70.49,72.2 1 0
backend_server/internal/services/validation/llm_validator.go:74.103,84.16 3 0
backend_server/internal/services/validation/llm_validator.go:84.16,92.3 1 0
backend_server/internal/services/validation/llm_validator.go:94.2,106.3 2 0
backend_server/internal/services/validation/llm_validator.go:114.51,116.2 1 0
backend_server/internal/services/validation/llm_validator.go:118.52,120.2 1 0
backend_server/internal/services/validation/llm_validator.go:122.106,129.31 4 0
backend_server/internal/services/validation/llm_validator.go:129.31,131.17 2 0
backend_server/internal/services/validation/llm_validator.go:131.17,139.4 1 0
backend_server/internal/services/validation/llm_validator.go:141.3,141.18 1 0
backend_server/internal/services/validation/llm_validator.go:141.18,143.4 1 0
backend_server/internal/services/validation/llm_validator.go:146.2,148.14 3 0
backend_server/internal/services/validation/llm_validator.go:148.14,150.3 1 0
backend_server/internal/services/validation/llm_validator.go:152.2,162.3 1 0
backend_server/internal/services/validation/llm_validator.go:166.44,169.30 3 0
backend_server/internal/services/validation/llm_validator.go:169.30,171.18 2 0
backend_server/internal/services/validation/llm_validator.go:171.18,173.4 1 0
backend_server/internal/services/validation/llm_validator.go:175.2,175.15 1 0
backend_server/internal/services/validation/llm_validator.go:182.22,251.2 18 0
backend_server/internal/services/validation/llm_validator.go:253.43,258.40 4 0
backend_server/internal/services/validation/llm_validator.go:258.40,260.22 2 0
backend_server/internal/services/validation/llm_validator.go:260.22,262.4 1 0
backend_server/internal/services/validation/llm_validator.go:263.3,266.30 3 0
backend_server/internal/services/validation/llm_validator.go:266.30,269.4 2 0
backend_server/internal/services/validation/llm_validator.go:270.3,270.16 1 0
backend_server/internal/services/validation/llm_validator.go:273.2,273.60 1 0
backend_server/internal/services/validation/llm_validator.go:273.60,275.48 2 0
backend_server/internal/services/validation/llm_validator.go:275.48,277.4 1 0
backend_server/internal/services/validation/llm_validator_implementation.go:20.97,24.2 1 0
backend_server/internal/services/validation/llm_validator_implementation.go:33.38,35.21 1 0
backend_server/internal/services/validation/llm_validator_implementation.go:35.21,37.3 1 0
backend_server/internal/services/validation/llm_validator_implementation.go:39.2,39.25 1 0
backend_server/internal/services/validation/llm_validator_implementation.go:39.25,41.3 1 0
backend_server/internal/services/validation/llm_validator_implementation.go:43.2,58.43 5 0
backend_server/internal/services/validation/llm_validator_implementation.go:58.43,60.3 1 0
backend_server/internal/services/validation/llm_validator_implementation.go:63.2,63.43 1 0
backend_server/internal/services/validation/llm_validator_implementation.go:63.43,65.3 1 0
backend_server/internal/services/validation/llm_validator_implementation.go:68.2,90.20 10 0
backend_server/internal/services/validation/llm_validator_implementation.go:107.50,119.2 1 0
backend_server/internal/services/validation/llm_validator_implementation.go:125.3,127.38 1 0
backend_server/internal/services/validation/llm_validator_implementation.go:127.38,132.3 1 0
backend_server/internal/services/validation/llm_validator_implementation.go:135.2,135.39 1 0
backend_server/internal/services/validation/llm_validator_implementation.go:135.39,140.3 1 0
backend_server/internal/services/validation/llm_validator_implementation.go:143.2,143.48 1 0
backend_server/internal/services/validation/llm_validator_implementation.go:143.48,150.3 1 0
backend_server/internal/services/validation/llm_validator_implementation.go:153.2,156.4 1 0
backend_server/internal/services/validation/llm_validator_implementation.go:166.3,175.36 3 0
backend_server/internal/services/validation/llm_validator_implementation.go:175.36,183.3 2 0
backend_server/internal/services/validation/llm_validator_implementation.go:192.50,199.37 5 0
backend_server/internal/services/validation/llm_validator_implementation.go:199.37,212.17 6 0
backend_server/internal/services/validation/llm_validator_implementation.go:212.17,217.4 4 0
backend_server/internal/services/validation/llm_validator_implementation.go:217.9,232.77 6 0
backend_server/internal/services/validation/llm_validator_implementation.go:232.77,234.5 1 0
backend_server/internal/services/validation/llm_validator_implementation.go:234.10,236.5 1 0
backend_server/internal/services/validation/llm_validator_implementation.go:238.4,240.103 2 0
backend_server/internal/services/validation/llm_validator_implementation.go:243.3,243.48 1 0
backend_server/internal/services/validation/llm_validator_implementation.go:247.2,259.29 5 0
backend_server/internal/services/validation/llm_validator_implementation.go:266.11,268.27 1 0
backend_server/internal/services/validation/llm_validator_implementation.go:268.27,270.3 1 0
backend_server/internal/services/validation/llm_validator_implementation.go:273.2,283.21 5 0
backend_server/internal/services/validation/llm_validator_implementation.go:290.10,292.37 1 0
backend_server/internal/services/validation/llm_validator_implementation.go:292.37,294.3 1 0
backend_server/internal/services/validation/llm_validator_implementation.go:294.8,294.25 1 0
backend_server/internal/services/validation/llm_validator_implementation.go:294.25,296.3 1 0
backend_server/internal/services/validation/llm_validator_implementation.go:296.8,298.3 1 0
backend_server/internal/services/validation/llm_validator_implementation.go:307.38,310.2 1 0
backend_server/internal/services/validation/llm_validator_implementation.go:317.38,319.29 1 0
backend_server/internal/services/validation/llm_validator_implementation.go:319.29,321.3 1 0
backend_server/internal/services/validation/llm_validator_implementation.go:324.2,325.39 2 0
backend_server/internal/services/validation/llm_validator_implementation.go:325.39,331.3 1 0
backend_server/internal/services/validation/llm_validator_implementation.go:334.2,338.64 4 0
backend_server/internal/services/validation/llm_validator_implementation.go:346.38,363.2 2 0
backend_server/internal/services/validation/llm_validator_implementation.go:371.38,386.2 2 0
backend_server/internal/services/validation/llm_validators.go:23.69,27.2 1 0
backend_server/internal/services/validation/llm_validators.go:35.53,37.2 1 0
backend_server/internal/services/validation/llm_validators.go:39.54,41.2 1 0
backend_server/internal/services/validation/llm_validators.go:43.108,61.16 4 0
backend_server/internal/services/validation/llm_validators.go:61.16,69.3 1 0
backend_server/internal/services/validation/llm_validators.go:72.2,77.68 2 0
backend_server/internal/services/validation/llm_validators.go:77.68,85.3 1 0
backend_server/internal/services/validation/llm_validators.go:87.2,98.3 2 0
backend_server/internal/services/validation/llm_validators.go:109.46,111.2 1 0
backend_server/internal/services/validation/llm_validators.go:113.47,115.2 1 0
backend_server/internal/services/validation/llm_validators.go:117.101,122.32 3 0
backend_server/internal/services/validation/llm_validators.go:122.32,124.3 1 0
backend_server/internal/services/validation/llm_validators.go:126.2,150.16 3 0
backend_server/internal/services/validation/llm_validators.go:150.16,158.3 1 0
backend_server/internal/services/validation/llm_validators.go:160.2,168.68 2 0
backend_server/internal/services/validation/llm_validators.go:168.68,176.3 1 0
backend_server/internal/services/validation/llm_validators.go:179.2,179.68 1 0
backend_server/internal/services/validation/llm_validators.go:179.68,192.3 1 0
backend_server/internal/services/validation/llm_validators.go:194.2,208.3 2 0
backend_server/internal/services/validation/model_tester.go:22.16,27.2 1 0
backend_server/internal/services/validation/model_tester.go:35.22,40.16 3 0
backend_server/internal/services/validation/model_tester.go:40.16,49.3 1 0
backend_server/internal/services/validation/model_tester.go:52.2,65.17 5 0
backend_server/internal/services/validation/model_tester.go:65.17,67.3 1 0
backend_server/internal/services/validation/model_tester.go:69.2,79.3 1 0
backend_server/internal/services/validation/model_tester.go:87.19,88.28 1 0
backend_server/internal/services/validation/model_tester.go:89.14,91.36 1 0
backend_server/internal/services/validation/model_tester.go:91.36,93.4 1 0
backend_server/internal/services/validation/model_tester.go:94.3,94.43 1 0
backend_server/internal/services/validation/model_tester.go:95.53,96.51 1 0
backend_server/internal/services/validation/model_tester.go:97.10,98.63 1 0
backend_server/internal/services/validation/model_tester.go:107.19,109.9 1 0
backend_server/internal/services/validation/model_tester.go:110.20,111.23 1 0
backend_server/internal/services/validation/model_tester.go:112.10,112.10 0 0
backend_server/internal/services/validation/model_tester.go:116.2,128.16 3 0
backend_server/internal/services/validation/model_tester.go:128.16,131.3 2 0
backend_server/internal/services/validation/model_tester.go:133.2,134.20 2 0
backend_server/internal/services/validation/model_tester.go:142.19,144.9 1 0
backend_server/internal/services/validation/model_tester.go:145.20,146.23 1 0
backend_server/internal/services/validation/model_tester.go:147.10,147.10 0 0
backend_server/internal/services/validation/model_tester.go:151.2,163.16 3 0
backend_server/internal/services/validation/model_tester.go:163.16,166.3 2 0
backend_server/internal/services/validation/model_tester.go:168.2,169.20 2 0
backend_server/internal/services/validation/model_tester.go:174.73,175.14 1 0
backend_server/internal/services/validation/model_tester.go:175.14,177.3 1 0
backend_server/internal/services/validation/model_tester.go:179.2,182.24 3 0
backend_server/internal/services/validation/model_tester.go:182.24,184.3 1 0
backend_server/internal/services/validation/model_tester.go:186.2,186.78 1 0
backend_server/internal/services/validation/model_tester.go:186.78,188.3 1 0
backend_server/internal/services/validation/model_tester.go:190.2,194.28 4 0
backend_server/internal/services/validation/model_tester.go:194.28,195.29 1 0
backend_server/internal/services/validation/model_tester.go:195.29,196.16 1 0
backend_server/internal/services/validation/model_tester.go:196.16,198.10 2 0
backend_server/internal/services/validation/model_tester.go:203.2,203.42 1 0
backend_server/internal/services/validation/model_tester.go:203.42,205.3 1 0
backend_server/internal/services/validation/model_tester.go:207.2,208.22 2 0
backend_server/internal/services/validation/model_tester.go:217.11,223.2 3 0
backend_server/internal/services/validation/model_tester.go:230.29,233.23 2 0
backend_server/internal/services/validation/model_tester.go:233.23,235.3 1 0
backend_server/internal/services/validation/model_tester.go:237.2,241.33 4 0
backend_server/internal/services/validation/model_tester.go:241.33,243.32 2 0
backend_server/internal/services/validation/model_tester.go:243.32,245.4 1 0
backend_server/internal/services/validation/model_tester.go:247.3,247.28 1 0
backend_server/internal/services/validation/model_tester.go:247.28,248.58 1 0
backend_server/internal/services/validation/model_tester.go:248.58,250.5 1 0
backend_server/internal/services/validation/model_tester.go:254.2,257.32 4 0
backend_server/internal/services/validation/model_tester.go:257.32,259.3 1 0
backend_server/internal/services/validation/model_tester.go:261.2,261.16 1 0
backend_server/internal/services/validation/model_tester.go:270.38,279.42 5 0
backend_server/internal/services/validation/model_tester.go:279.42,289.3 6 0
backend_server/internal/services/validation/model_tester.go:292.2,293.42 2 0
backend_server/internal/services/validation/model_tester.go:293.42,295.3 1 0
backend_server/internal/services/validation/model_tester.go:297.2,301.24 3 0
backend_server/internal/services/validation/model_tester.go:301.24,303.3 1 0
backend_server/internal/services/validation/model_tester.go:303.8,303.31 1 0
backend_server/internal/services/validation/model_tester.go:303.31,305.3 1 0
backend_server/internal/services/validation/model_tester.go:307.2,324.20 9 0
backend_server/internal/services/validation/model_tester.go:328.75,330.28 2 0
backend_server/internal/services/validation/model_tester.go:330.28,331.27 1 0
backend_server/internal/services/validation/model_tester.go:331.27,333.4 1 0
backend_server/internal/services/validation/model_tester.go:335.2,335.14 1 0
backend_server/internal/services/validation/model_tester.go:338.24,339.11 1 1
backend_server/internal/services/validation/model_tester.go:339.11,341.3 1 0
backend_server/internal/services/validation/model_tester.go:342.2,342.10 1 1
backend_server/internal/services/validation/model_validator.go:23.19,28.2 1 0
backend_server/internal/services/validation/model_validator.go:35.20,41.42 4 0
backend_server/internal/services/validation/model_validator.go:41.42,45.17 3 0
backend_server/internal/services/validation/model_validator.go:45.17,47.4 1 0
backend_server/internal/services/validation/model_validator.go:49.3,49.40 1 0
backend_server/internal/services/validation/model_validator.go:52.2,52.30 1 0
backend_server/internal/services/validation/model_validator.go:52.30,54.3 1 0
backend_server/internal/services/validation/model_validator.go:56.2,61.22 4 0
backend_server/internal/services/validation/model_validator.go:61.22,63.3 1 0
backend_server/internal/services/validation/model_validator.go:65.2,70.30 3 0
backend_server/internal/services/validation/model_validator.go:78.20,83.42 3 0
backend_server/internal/services/validation/model_validator.go:83.42,85.17 2 0
backend_server/internal/services/validation/model_validator.go:85.17,86.12 1 0
backend_server/internal/services/validation/model_validator.go:90.3,97.32 3 0
backend_server/internal/services/validation/model_validator.go:97.32,99.4 1 0
backend_server/internal/services/validation/model_validator.go:102.2,102.30 1 0
backend_server/internal/services/validation/model_validator.go:102.30,104.3 1 0
backend_server/internal/services/validation/model_validator.go:106.2,109.25 3 0
backend_server/internal/services/validation/model_validator.go:117.20,122.69 3 0
backend_server/internal/services/validation/model_validator.go:122.69,123.30 1 0
backend_server/internal/services/validation/model_validator.go:123.30,124.33 1 0
backend_server/internal/services/validation/model_validator.go:124.33,126.5 1 0
backend_server/internal/services/validation/model_validator.go:130.2,133.42 3 0
backend_server/internal/services/validation/model_validator.go:133.42,136.17 2 0
backend_server/internal/services/validation/model_validator.go:136.17,137.12 1 0
backend_server/internal/services/validation/model_validator.go:141.3,150.14 4 0
backend_server/internal/services/validation/model_validator.go:153.2,153.20 1 0
backend_server/internal/services/validation/model_validator.go:153.20,155.3 1 0
backend_server/internal/services/validation/model_validator.go:157.2,160.29 3 0
backend_server/internal/services/validation/model_validator.go:168.20,174.42 4 0
backend_server/internal/services/validation/model_validator.go:174.42,176.17 2 0
backend_server/internal/services/validation/model_validator.go:176.17,177.12 1 0
backend_server/internal/services/validation/model_validator.go:180.3,190.14 4 0
backend_server/internal/services/validation/model_validator.go:193.2,193.20 1 0
backend_server/internal/services/validation/model_validator.go:193.20,195.3 1 0
backend_server/internal/services/validation/model_validator.go:197.2,200.28 3 0
backend_server/internal/services/validation/model_validator.go:209.38,225.16 5 0
backend_server/internal/services/validation/model_validator.go:225.16,228.3 2 0
backend_server/internal/services/validation/model_validator.go:229.2,233.16 3 0
backend_server/internal/services/validation/model_validator.go:233.16,236.3 2 0
backend_server/internal/services/validation/model_validator.go:237.2,241.16 3 0
backend_server/internal/services/validation/model_validator.go:241.16,244.3 2 0
backend_server/internal/services/validation/model_validator.go:245.2,249.16 3 0
backend_server/internal/services/validation/model_validator.go:249.16,252.3 2 0
backend_server/internal/services/validation/model_validator.go:253.2,274.20 8 0
backend_server/internal/services/validation/proof_generator.go:20.55,22.2 1 0
backend_server/internal/services/validation/proof_generator.go:28.10,44.16 3 0
backend_server/internal/services/validation/proof_generator.go:44.16,46.3 1 0
backend_server/internal/services/validation/proof_generator.go:49.2,55.14 4 0
backend_server/internal/services/validation/proof_generator.go:60.122,62.63 1 0
backend_server/internal/services/validation/proof_generator.go:62.63,65.3 2 0
backend_server/internal/services/validation/proof_generator.go:68.2,69.21 2 0
backend_server/internal/services/validation/proof_generator.go:69.21,72.3 2 0
backend_server/internal/services/validation/proof_generator.go:74.2,78.30 3 0
backend_server/internal/services/validation/proof_generator.go:78.30,81.3 2 0
backend_server/internal/services/validation/proof_generator.go:84.2,97.16 3 0
backend_server/internal/services/validation/proof_generator.go:97.16,100.3 2 0
backend_server/internal/services/validation/proof_generator.go:103.2,107.12 4 0
backend_server/internal/services/validation/proof_generator.go:107.12,109.3 1 0
backend_server/internal/services/validation/proof_generator.go:109.8,111.3 1 0
backend_server/internal/services/validation/proof_generator.go:113.2,113.14 1 0
backend_server/internal/services/validation/routes.go:12.100,41.95 16 0
backend_server/internal/services/validation/routes.go:41.95,43.3 1 0
backend_server/internal/services/validation/task_queue.go:8.52,12.2 3 0
backend_server/internal/services/validation/task_queue.go:15.48,19.2 3 0
backend_server/internal/services/validation/task_queue.go:22.69,27.2 4 0
backend_server/internal/services/validation/task_queue.go:30.58,35.32 4 0
backend_server/internal/services/validation/task_queue.go:35.32,36.31 1 0
backend_server/internal/services/validation/task_queue.go:36.31,38.4 1 0
backend_server/internal/services/validation/task_queue.go:42.2,42.47 1 0
backend_server/internal/services/validation/task_queue.go:42.47,44.3 1 0
backend_server/internal/services/validation/task_queue.go:46.2,46.21 1 0
backend_server/internal/services/validation/task_queue.go:50.54,55.32 4 0
backend_server/internal/services/validation/task_queue.go:55.32,57.3 1 0
backend_server/internal/services/validation/task_queue.go:58.2,58.14 1 0
backend_server/internal/services/validation/task_queue.go:62.72,67.32 4 0
backend_server/internal/services/validation/task_queue.go:67.32,68.28 1 0
backend_server/internal/services/validation/task_queue.go:68.28,70.4 1 0
backend_server/internal/services/validation/task_queue.go:72.2,72.22 1 0
backend_server/internal/services/validation/task_queue.go:76.72,81.32 4 0
backend_server/internal/services/validation/task_queue.go:81.32,82.28 1 0
backend_server/internal/services/validation/task_queue.go:82.28,84.4 1 0
backend_server/internal/services/validation/task_queue.go:86.2,86.22 1 0
backend_server/internal/services/validation/task_queue.go:90.76,95.32 4 0
backend_server/internal/services/validation/task_queue.go:95.32,96.35 1 0
backend_server/internal/services/validation/task_queue.go:96.35,98.4 1 0
backend_server/internal/services/validation/task_queue.go:102.2,102.48 1 0
backend_server/internal/services/validation/task_queue.go:102.48,104.3 1 0
backend_server/internal/services/validation/task_queue.go:106.2,106.22 1 0
backend_server/internal/services/validation/task_queue.go:110.67,114.46 3 0
backend_server/internal/services/validation/task_queue.go:114.46,117.3 2 0
backend_server/internal/services/validation/task_queue.go:118.2,118.14 1 0
backend_server/internal/services/validation/task_queue.go:122.53,135.32 4 0
backend_server/internal/services/validation/task_queue.go:135.32,138.3 2 0
backend_server/internal/services/validation/task_queue.go:140.2,140.14 1 0
backend_server/internal/services/validation/task_queue.go:144.63,149.32 4 0
backend_server/internal/services/validation/task_queue.go:149.32,151.3 1 0
backend_server/internal/services/validation/task_queue.go:153.2,153.21 1 0
backend_server/internal/services/validation/task_queue.go:157.60,162.32 4 0
backend_server/internal/services/validation/task_queue.go:162.32,164.3 1 0
backend_server/internal/services/validation/task_queue.go:166.2,166.21 1 0
backend_server/internal/services/validation/task_queue.go:170.52,172.27 2 0
backend_server/internal/services/validation/task_queue.go:172.27,174.3 1 0
backend_server/internal/services/validation/task_queue.go:175.2,175.12 1 0
backend_server/internal/services/validation/task_queue.go:179.41,183.2 3 0
backend_server/internal/services/validation/task_queue.go:186.48,191.32 4 0
backend_server/internal/services/validation/task_queue.go:191.32,192.31 1 0
backend_server/internal/services/validation/task_queue.go:192.31,194.4 1 0
backend_server/internal/services/validation/task_queue.go:196.2,196.14 1 0
backend_server/internal/services/validation/task_queue.go:200.48,205.32 4 0
backend_server/internal/services/validation/task_queue.go:205.32,206.31 1 0
backend_server/internal/services/validation/task_queue.go:206.31,208.4 1 0
backend_server/internal/services/validation/task_queue.go:210.2,210.14 1 0
backend_server/internal/services/validation/task_queue.go:214.30,218.2 3 0
backend_server/internal/services/validation/task_queue.go:221.50,226.2 4 0
backend_server/internal/services/validation/task_queue.go:229.77,239.2 6 0
backend_server/internal/services/validation/task_queue.go:242.78,252.2 6 0
backend_server/internal/services/validation/test_executor.go:21.21,26.2 1 1
backend_server/internal/services/validation/test_executor.go:33.22,48.16 4 0
backend_server/internal/services/validation/test_executor.go:48.16,57.3 1 0
backend_server/internal/services/validation/test_executor.go:60.2,73.17 5 0
backend_server/internal/services/validation/test_executor.go:73.17,75.3 1 0
backend_server/internal/services/validation/test_executor.go:77.2,83.3 1 0
backend_server/internal/services/validation/test_executor.go:91.11,102.2 4 0
backend_server/internal/services/validation/test_executor.go:105.79,107.14 1 1
backend_server/internal/services/validation/test_executor.go:107.14,109.3 1 1
backend_server/internal/services/validation/test_executor.go:112.2,115.24 3 1
backend_server/internal/services/validation/test_executor.go:115.24,117.3 1 1
backend_server/internal/services/validation/test_executor.go:120.2,120.78 1 1
backend_server/internal/services/validation/test_executor.go:120.78,122.3 1 1
backend_server/internal/services/validation/test_executor.go:125.2,129.28 4 1
backend_server/internal/services/validation/test_executor.go:129.28,130.29 1 1
backend_server/internal/services/validation/test_executor.go:130.29,131.16 1 1
backend_server/internal/services/validation/test_executor.go:131.16,133.10 2 1
backend_server/internal/services/validation/test_executor.go:138.2,138.42 1 1
backend_server/internal/services/validation/test_executor.go:138.42,140.3 1 0
backend_server/internal/services/validation/test_executor.go:142.2,143.22 2 1
backend_server/internal/services/validation/validation_core.go:69.40,70.25 1 0
backend_server/internal/services/validation/validation_core.go:70.25,72.3 1 0
backend_server/internal/services/validation/validation_core.go:87.65,88.47 1 0
backend_server/internal/services/validation/validation_core.go:88.47,90.3 1 0
backend_server/internal/services/validation/validation_core.go:91.2,91.41 1 0
backend_server/internal/services/validation/validation_core.go:91.41,93.3 1 0
backend_server/internal/services/validation/validation_core.go:94.2,94.52 1 0
backend_server/internal/services/validation/validation_core.go:94.52,96.3 1 0
backend_server/internal/services/validation/validation_core.go:97.2,97.62 1 0
backend_server/internal/services/validation/validation_core.go:97.62,99.3 1 0
backend_server/internal/services/validation/validation_core.go:100.2,100.69 1 0
backend_server/internal/services/validation/validation_core.go:100.69,102.3 1 0
backend_server/internal/services/validation/validation_core.go:103.2,103.70 1 0
backend_server/internal/services/validation/validation_core.go:103.70,105.3 1 0
backend_server/internal/services/validation/validation_core.go:106.2,106.13 1 0
backend_server/internal/services/validation/validation_core.go:128.149,148.2 3 0
backend_server/internal/services/validation/validation_core.go:151.97,175.2 7 0
backend_server/internal/services/validation/validation_core.go:178.98,183.39 4 0
backend_server/internal/services/validation/validation_core.go:183.39,184.20 1 0
backend_server/internal/services/validation/validation_core.go:184.20,185.59 1 0
backend_server/internal/services/validation/validation_core.go:185.59,186.13 1 0
backend_server/internal/services/validation/validation_core.go:188.4,188.53 1 0
backend_server/internal/services/validation/validation_core.go:188.53,189.13 1 0
backend_server/internal/services/validation/validation_core.go:191.4,191.64 1 0
backend_server/internal/services/validation/validation_core.go:191.64,192.13 1 0
backend_server/internal/services/validation/validation_core.go:194.4,194.74 1 0
backend_server/internal/services/validation/validation_core.go:194.74,195.13 1 0
backend_server/internal/services/validation/validation_core.go:198.3,198.30 1 0
backend_server/internal/services/validation/validation_core.go:202.2,202.68 1 0
backend_server/internal/services/validation/validation_core.go:202.68,204.3 1 0
backend_server/internal/services/validation/validation_core.go:206.2,206.19 1 0
backend_server/internal/services/validation/validation_core.go:210.85,215.13 4 0
backend_server/internal/services/validation/validation_core.go:215.13,217.3 1 0
backend_server/internal/services/validation/validation_core.go:219.2,219.18 1 0
backend_server/internal/services/validation/validation_core.go:223.96,229.2 3 0
backend_server/internal/services/validation/validation_core.go:232.60,234.2 1 0
backend_server/internal/services/validation/validation_core.go:237.59,241.2 1 0
backend_server/internal/services/validation/validation_core.go:244.101,247.16 2 0
backend_server/internal/services/validation/validation_core.go:247.16,249.3 1 0
backend_server/internal/services/validation/validation_core.go:252.2,253.34 2 0
backend_server/internal/services/validation/validation_core.go:253.34,256.28 2 0
backend_server/internal/services/validation/validation_core.go:256.28,258.4 1 0
backend_server/internal/services/validation/validation_core.go:260.3,273.35 2 0
backend_server/internal/services/validation/validation_core.go:275.2,275.20 1 0
backend_server/internal/services/validation/validation_core.go:279.88,301.2 8 0
backend_server/internal/services/validation/validation_core.go:304.30,306.2 1 0
backend_server/internal/services/validation/validation_core.go:308.33,311.19 3 0
backend_server/internal/services/validation/validation_core.go:311.19,313.3 1 0
backend_server/internal/services/validation/validation_core.go:314.2,314.18 1 0
backend_server/internal/services/validation/validation_core.go:318.25,320.2 1 0
backend_server/internal/services/validation/validation_core.go:333.42,335.2 1 0
backend_server/internal/services/validation/validation_executor.go:6.91,10.2 3 0
backend_server/internal/services/validation/validation_executor.go:13.62,17.2 3 0
backend_server/internal/services/validation/validation_executor.go:20.88,25.2 4 0
backend_server/internal/services/validation/validation_executor.go:28.61,33.2 4 0
backend_server/internal/services/validation/validation_executor.go:36.53,40.2 3 0
backend_server/internal/services/validation/validation_executor.go:43.77,48.39 4 0
backend_server/internal/services/validation/validation_executor.go:48.39,50.3 1 0
backend_server/internal/services/validation/validation_executor.go:51.2,51.19 1 0
backend_server/internal/services/validation/validation_executor.go:55.60,60.33 4 0
backend_server/internal/services/validation/validation_executor.go:60.33,62.3 1 0
backend_server/internal/services/validation/validation_executor.go:63.2,63.16 1 0
backend_server/internal/services/validation/validation_executor.go:67.53,71.2 3 0
backend_server/internal/services/validation/validation_executor.go:74.55,78.19 4 0
backend_server/internal/services/validation/validation_executor.go:78.19,80.3 1 0
backend_server/internal/services/validation/validation_executor.go:81.2,81.18 1 0
backend_server/internal/services/validation/validation_executor.go:85.67,89.53 3 0
backend_server/internal/services/validation/validation_executor.go:89.53,93.3 3 0
backend_server/internal/services/validation/validation_executor.go:94.2,94.14 1 0
backend_server/internal/services/validation/validation_executor.go:98.43,102.44 3 0
backend_server/internal/services/validation/validation_executor.go:102.44,105.3 2 0
backend_server/internal/services/validation/validation_executor.go:109.57,113.2 3 0
backend_server/internal/services/validation/validation_executor.go:116.54,120.2 3 0
backend_server/internal/services/validation/validation_executor.go:123.73,133.2 3 0
backend_server/internal/services/validation/validation_executor.go:136.87,141.39 4 0
backend_server/internal/services/validation/validation_executor.go:141.39,144.3 2 0
backend_server/internal/services/validation/validation_executor.go:145.2,145.15 1 0
backend_server/internal/services/validation/validation_executor.go:149.88,154.39 4 0
backend_server/internal/services/validation/validation_executor.go:154.39,157.3 2 0
backend_server/internal/services/validation/validation_executor.go:158.2,158.19 1 0
backend_server/internal/services/validation/validation_executor.go:162.81,167.39 4 0
backend_server/internal/services/validation/validation_executor.go:167.39,168.70 1 0
backend_server/internal/services/validation/validation_executor.go:168.70,170.4 1 0
backend_server/internal/services/validation/validation_executor.go:172.2,172.16 1 0
backend_server/internal/services/validation/validation_executor.go:176.93,183.39 5 0
backend_server/internal/services/validation/validation_executor.go:183.39,184.42 1 0
backend_server/internal/services/validation/validation_executor.go:184.42,186.4 1 0
backend_server/internal/services/validation/validation_executor.go:188.2,188.22 1 0
backend_server/internal/services/validation/validation_executor.go:192.54,194.2 1 0
backend_server/internal/services/validation/validation_executor.go:197.73,202.40 3 0
backend_server/internal/services/validation/validation_executor.go:202.40,204.3 1 0
backend_server/internal/services/validation/validation_executor.go:207.2,207.39 1 0
backend_server/internal/services/validation/validation_executor.go:207.39,208.41 1 0
backend_server/internal/services/validation/validation_executor.go:208.41,210.4 1 0
backend_server/internal/services/validation/validation_executor.go:213.2,213.14 1 0
backend_server/internal/services/validation/validation_executor.go:217.94,224.44 5 0
backend_server/internal/services/validation/validation_executor.go:224.44,225.44 1 0
backend_server/internal/services/validation/validation_executor.go:225.44,226.105 1 0
backend_server/internal/services/validation/validation_executor.go:226.105,229.5 2 0
backend_server/internal/services/validation/validation_executor.go:233.2,233.36 1 0
backend_server/internal/services/validation/validation_executor.go:233.36,237.3 3 0
backend_server/internal/services/validation/validation_executor.go:239.2,239.12 1 0
backend_server/internal/services/validation/validation_executor.go:243.72,250.44 5 0
backend_server/internal/services/validation/validation_executor.go:250.44,253.3 2 0
backend_server/internal/services/validation/validation_executor.go:255.2,255.18 1 0
backend_server/internal/services/validation/validation_executor.go:259.51,263.2 3 0
backend_server/internal/services/validation/validators.go:61.94,67.2 1 1
backend_server/internal/services/validation/validators.go:69.61,71.2 1 0
backend_server/internal/services/validation/validators.go:73.109,86.42 5 0
backend_server/internal/services/validation/validators.go:86.42,87.10 1 0
backend_server/internal/services/validation/validators.go:88.21,91.17 3 0
backend_server/internal/services/validation/validators.go:92.11,99.23 5 0
backend_server/internal/services/validation/validators.go:99.23,104.25 3 0
backend_server/internal/services/validation/validators.go:104.25,105.11 1 0
backend_server/internal/services/validation/validators.go:111.2,111.24 1 0
backend_server/internal/services/validation/validators.go:111.24,113.3 1 0
backend_server/internal/services/validation/validators.go:115.2,116.15 2 0
backend_server/internal/services/validation/validators.go:129.51,131.2 1 0
backend_server/internal/services/validation/validators.go:133.52,135.2 1 0
backend_server/internal/services/validation/validators.go:137.106,142.23 4 0
backend_server/internal/services/validation/validators.go:142.23,144.3 1 0
backend_server/internal/services/validation/validators.go:146.2,146.46 1 0
backend_server/internal/services/validation/validators.go:146.46,148.24 2 0
backend_server/internal/services/validation/validators.go:148.24,150.4 1 0
backend_server/internal/services/validation/validators.go:152.3,152.44 1 0
backend_server/internal/services/validation/validators.go:152.44,154.4 1 0
backend_server/internal/services/validation/validators.go:157.2,159.14 3 0
backend_server/internal/services/validation/validators.go:159.14,161.3 1 0
backend_server/internal/services/validation/validators.go:163.2,173.3 1 0
backend_server/internal/services/validation/validators.go:182.52,184.2 1 0
backend_server/internal/services/validation/validators.go:186.53,188.2 1 0
backend_server/internal/services/validation/validators.go:190.107,195.47 4 0
backend_server/internal/services/validation/validators.go:195.47,196.18 1 0
backend_server/internal/services/validation/validators.go:196.18,198.18 2 0
backend_server/internal/services/validation/validators.go:198.18,206.5 1 0
backend_server/internal/services/validation/validators.go:207.4,207.15 1 0
backend_server/internal/services/validation/validators.go:207.15,209.5 1 0
backend_server/internal/services/validation/validators.go:210.9,211.58 1 0
backend_server/internal/services/validation/validators.go:211.58,213.5 1 0
backend_server/internal/services/validation/validators.go:217.2,219.14 3 0
backend_server/internal/services/validation/validators.go:219.14,221.3 1 0
backend_server/internal/services/validation/validators.go:223.2,232.3 1 0
backend_server/internal/services/validation/validators.go:243.49,245.2 1 0
backend_server/internal/services/validation/validators.go:247.50,249.2 1 0
backend_server/internal/services/validation/validators.go:251.104,259.50 6 0
backend_server/internal/services/validation/validators.go:259.50,261.3 1 0
backend_server/internal/services/validation/validators.go:262.2,262.50 1 0
backend_server/internal/services/validation/validators.go:262.50,264.3 1 0
backend_server/internal/services/validation/validators.go:265.2,265.50 1 0
backend_server/internal/services/validation/validators.go:265.50,267.3 1 0
backend_server/internal/services/validation/validators.go:268.2,268.50 1 0
backend_server/internal/services/validation/validators.go:268.50,270.3 1 0
backend_server/internal/services/validation/validators.go:272.2,274.14 3 0
backend_server/internal/services/validation/validators.go:274.14,276.3 1 0
backend_server/internal/services/validation/validators.go:278.2,288.3 1 0
backend_server/internal/services/validation/validators.go:297.54,299.2 1 0
backend_server/internal/services/validation/validators.go:301.55,303.2 1 0
backend_server/internal/services/validation/validators.go:305.109,310.47 4 0
backend_server/internal/services/validation/validators.go:310.47,313.3 2 0
backend_server/internal/services/validation/validators.go:315.2,316.44 2 0
backend_server/internal/services/validation/validators.go:316.44,317.33 1 0
backend_server/internal/services/validation/validators.go:317.33,320.4 1 0
backend_server/internal/services/validation/validators.go:323.2,325.14 3 0
backend_server/internal/services/validation/validators.go:325.14,327.3 1 0
backend_server/internal/services/validation/validators.go:329.2,339.3 1 0
backend_server/internal/services/validation/validators.go:347.48,349.2 1 0
backend_server/internal/services/validation/validators.go:351.49,353.2 1 0
backend_server/internal/services/validation/validators.go:355.103,360.45 4 0
backend_server/internal/services/validation/validators.go:360.45,361.21 1 0
backend_server/internal/services/validation/validators.go:361.21,362.12 1 0
backend_server/internal/services/validation/validators.go:365.3,366.73 2 0
backend_server/internal/services/validation/validators.go:366.73,368.4 1 0
backend_server/internal/services/validation/validators.go:371.2,373.14 3 0
backend_server/internal/services/validation/validators.go:373.14,375.3 1 0
backend_server/internal/services/validation/validators.go:377.2,386.3 1 0
backend_server/internal/services/validation/validators.go:395.46,397.2 1 0
backend_server/internal/services/validation/validators.go:399.47,401.2 1 0
backend_server/internal/services/validation/validators.go:403.101,409.16 4 0
backend_server/internal/services/validation/validators.go:409.16,417.3 1 0
backend_server/internal/services/validation/validators.go:419.2,420.38 2 0
backend_server/internal/services/validation/validators.go:420.38,421.38 1 0
backend_server/internal/services/validation/validators.go:421.38,423.4 1 0
backend_server/internal/services/validation/validators.go:426.2,428.14 3 0
backend_server/internal/services/validation/validators.go:428.14,430.3 1 0
backend_server/internal/services/validation/validators.go:432.2,442.3 1 0
backend_server/internal/services/validation/validators.go:445.49,447.19 2 0
backend_server/internal/services/validation/validators.go:447.19,449.3 1 0
backend_server/internal/services/validation/validators.go:450.2,450.13 1 0
