<?xml version="1.0" encoding="UTF-8"?>
<testsuites name="jest tests" tests="2" failures="0" errors="0" time="2.667">
  <testsuite name="selectCuratedChallenge" errors="0" failures="0" skipped="0" timestamp="2026-08-23T19:20:10" time="0.785" tests="2">
    <testcase classname="selectCuratedChallenge prefers the seeded backend challenge matched by legacy ID" name="selectCuratedChallenge prefers the seeded backend challenge matched by legacy ID" time="0.009">
    </testcase>
    <testcase classname="selectCuratedChallenge does not select unseeded postings" name="selectCuratedChallenge does not select unseeded postings" time="0.005">
    </testcase>
  </testsuite>
</testsuites>