<?xml version="1.0" encoding="UTF-8"?>
<testsuites name="jest tests" tests="17" failures="0" errors="0" time="3.692">
  <testsuite name="Phase 1: Component Integration Tests" errors="0" failures="0" skipped="0" timestamp="2026-01-27T22:41:17" time="2.767" tests="17">
    <testcase classname="Phase 1: Component Integration Tests 1.1 KNIRV-CONTROLLER Integration Component Initialization should initialize ProtobufHandler correctly" name="Phase 1: Component Integration Tests 1.1 KNIRV-CONTROLLER Integration Component Initialization should initialize ProtobufHandler correctly" time="0.053">
    </testcase>
    <testcase classname="Phase 1: Component Integration Tests 1.1 KNIRV-CONTROLLER Integration Component Initialization should initialize LoRAAdapterEngine correctly" name="Phase 1: Component Integration Tests 1.1 KNIRV-CONTROLLER Integration Component Initialization should initialize LoRAAdapterEngine correctly" time="0.018">
    </testcase>
    <testcase classname="Phase 1: Component Integration Tests 1.1 KNIRV-CONTROLLER Integration Component Initialization should initialize AgentCoreCompiler correctly" name="Phase 1: Component Integration Tests 1.1 KNIRV-CONTROLLER Integration Component Initialization should initialize AgentCoreCompiler correctly" time="0.123">
    </testcase>
    <testcase classname="Phase 1: Component Integration Tests 1.1 KNIRV-CONTROLLER Integration Component Initialization should initialize WASMOrchestrator correctly" name="Phase 1: Component Integration Tests 1.1 KNIRV-CONTROLLER Integration Component Initialization should initialize WASMOrchestrator correctly" time="0.011">
    </testcase>
    <testcase classname="Phase 1: Component Integration Tests 1.1 KNIRV-CONTROLLER Integration Component Initialization should initialize ModelManager correctly" name="Phase 1: Component Integration Tests 1.1 KNIRV-CONTROLLER Integration Component Initialization should initialize ModelManager correctly" time="0.012">
    </testcase>
    <testcase classname="Phase 1: Component Integration Tests 1.1 KNIRV-CONTROLLER Integration Unified Architecture Integration should integrate manager with receiver components" name="Phase 1: Component Integration Tests 1.1 KNIRV-CONTROLLER Integration Unified Architecture Integration should integrate manager with receiver components" time="0.066">
    </testcase>
    <testcase classname="Phase 1: Component Integration Tests 1.1 KNIRV-CONTROLLER Integration Unified Architecture Integration should establish unified directory structure communication" name="Phase 1: Component Integration Tests 1.1 KNIRV-CONTROLLER Integration Unified Architecture Integration should establish unified directory structure communication" time="0.062">
    </testcase>
    <testcase classname="Phase 1: Component Integration Tests 1.1 KNIRV-CONTROLLER Integration Unified Architecture Integration should support component orchestration system" name="Phase 1: Component Integration Tests 1.1 KNIRV-CONTROLLER Integration Unified Architecture Integration should support component orchestration system" time="0.095">
    </testcase>
    <testcase classname="Phase 1: Component Integration Tests 1.1 KNIRV-CONTROLLER Integration Unified Architecture Integration should support unified configuration management" name="Phase 1: Component Integration Tests 1.1 KNIRV-CONTROLLER Integration Unified Architecture Integration should support unified configuration management" time="0.065">
    </testcase>
    <testcase classname="Phase 1: Component Integration Tests 1.1 KNIRV-CONTROLLER Integration Build Scripts and Configuration Integration should support unified build configuration" name="Phase 1: Component Integration Tests 1.1 KNIRV-CONTROLLER Integration Build Scripts and Configuration Integration should support unified build configuration" time="0.016">
    </testcase>
    <testcase classname="Phase 1: Component Integration Tests 1.1 KNIRV-CONTROLLER Integration Build Scripts and Configuration Integration should handle integrated component dependencies" name="Phase 1: Component Integration Tests 1.1 KNIRV-CONTROLLER Integration Build Scripts and Configuration Integration should handle integrated component dependencies" time="0.043">
    </testcase>
    <testcase classname="Phase 1: Component Integration Tests Performance Tests for Component Communication should handle high-frequency protobuf serialization/deserialization" name="Phase 1: Component Integration Tests Performance Tests for Component Communication should handle high-frequency protobuf serialization/deserialization" time="0.17">
    </testcase>
    <testcase classname="Phase 1: Component Integration Tests Performance Tests for Component Communication should handle concurrent component operations" name="Phase 1: Component Integration Tests Performance Tests for Component Communication should handle concurrent component operations" time="0.046">
    </testcase>
    <testcase classname="Phase 1: Component Integration Tests Performance Tests for Component Communication should maintain performance under load" name="Phase 1: Component Integration Tests Performance Tests for Component Communication should maintain performance under load" time="0.055">
    </testcase>
    <testcase classname="Phase 1: Component Integration Tests Regression Tests for Existing Functionality should maintain backward compatibility with existing protobuf schemas" name="Phase 1: Component Integration Tests Regression Tests for Existing Functionality should maintain backward compatibility with existing protobuf schemas" time="0.059">
    </testcase>
    <testcase classname="Phase 1: Component Integration Tests Regression Tests for Existing Functionality should preserve existing LoRA adapter functionality" name="Phase 1: Component Integration Tests Regression Tests for Existing Functionality should preserve existing LoRA adapter functionality" time="0.051">
    </testcase>
    <testcase classname="Phase 1: Component Integration Tests Regression Tests for Existing Functionality should maintain existing agent compilation capabilities" name="Phase 1: Component Integration Tests Regression Tests for Existing Functionality should maintain existing agent compilation capabilities" time="0.058">
    </testcase>
  </testsuite>
</testsuites>